Copyright 1986-2022 Xilinx, Inc. All Rights Reserved. Copyright 2022-2023 Advanced Micro Devices, Inc. All Rights Reserved.
---------------------------------------------------------------------------------------------------------------------------------------------
| Tool Version : Vivado v.2023.1 (win64) Build 3865809 Sun May  7 15:05:29 MDT 2023
| Date         : Mon Nov  6 18:45:43 2023
| Host         : 400p1l1760g0508 running 64-bit major release  (build 9200)
| Command      : report_utilization -file design_1_wrapper_utilization_placed.rpt -pb design_1_wrapper_utilization_placed.pb
| Design       : design_1_wrapper
| Device       : xck26-sfvc784-2LV-c
| Speed File   : -2LV
| Design State : Fully Placed
---------------------------------------------------------------------------------------------------------------------------------------------

Utilization Design Information

Table of Contents
-----------------
1. CLB Logic
1.1 Summary of Registers by Type
2. CLB Logic Distribution
3. BLOCKRAM
4. ARITHMETIC
5. I/O
6. CLOCK
7. ADVANCED
8. CONFIGURATION
9. Primitives
10. Black Boxes
11. Instantiated Netlists

1. CLB Logic
------------

+----------------------------+-------+-------+------------+-----------+-------+
|          Site Type         |  Used | Fixed | Prohibited | Available | Util% |
+----------------------------+-------+-------+------------+-----------+-------+
| CLB LUTs                   | 25565 |     0 |          0 |    117120 | 21.83 |
|   LUT as Logic             | 23014 |     0 |          0 |    117120 | 19.65 |
|   LUT as Memory            |  2551 |     0 |          0 |     57600 |  4.43 |
|     LUT as Distributed RAM |  1336 |     0 |            |           |       |
|     LUT as Shift Register  |  1215 |     0 |            |           |       |
| CLB Registers              | 22688 |     0 |          0 |    234240 |  9.69 |
|   Register as Flip Flop    | 22688 |     0 |          0 |    234240 |  9.69 |
|   Register as Latch        |     0 |     0 |          0 |    234240 |  0.00 |
| CARRY8                     |   746 |     0 |          0 |     14640 |  5.10 |
| F7 Muxes                   |   509 |     0 |          0 |     58560 |  0.87 |
| F8 Muxes                   |   214 |     0 |          0 |     29280 |  0.73 |
| F9 Muxes                   |     0 |     0 |          0 |     14640 |  0.00 |
+----------------------------+-------+-------+------------+-----------+-------+
* Warning! LUT value is adjusted to account for LUT combining.


1.1 Summary of Registers by Type
--------------------------------

+-------+--------------+-------------+--------------+
| Total | Clock Enable | Synchronous | Asynchronous |
+-------+--------------+-------------+--------------+
| 0     |            _ |           - |            - |
| 0     |            _ |           - |          Set |
| 0     |            _ |           - |        Reset |
| 0     |            _ |         Set |            - |
| 0     |            _ |       Reset |            - |
| 0     |          Yes |           - |            - |
| 33    |          Yes |           - |          Set |
| 159   |          Yes |           - |        Reset |
| 213   |          Yes |         Set |            - |
| 22283 |          Yes |       Reset |            - |
+-------+--------------+-------------+--------------+


2. CLB Logic Distribution
-------------------------

+--------------------------------------------+-------+-------+------------+-----------+-------+
|                  Site Type                 |  Used | Fixed | Prohibited | Available | Util% |
+--------------------------------------------+-------+-------+------------+-----------+-------+
| CLB                                        |  5349 |     0 |          0 |     14640 | 36.54 |
|   CLBL                                     |  2587 |     0 |            |           |       |
|   CLBM                                     |  2762 |     0 |            |           |       |
| LUT as Logic                               | 23014 |     0 |          0 |    117120 | 19.65 |
|   using O5 output only                     |   280 |       |            |           |       |
|   using O6 output only                     | 18110 |       |            |           |       |
|   using O5 and O6                          |  4624 |       |            |           |       |
| LUT as Memory                              |  2551 |     0 |          0 |     57600 |  4.43 |
|   LUT as Distributed RAM                   |  1336 |     0 |            |           |       |
|     using O5 output only                   |     0 |       |            |           |       |
|     using O6 output only                   |   324 |       |            |           |       |
|     using O5 and O6                        |  1012 |       |            |           |       |
|   LUT as Shift Register                    |  1215 |     0 |            |           |       |
|     using O5 output only                   |     0 |       |            |           |       |
|     using O6 output only                   |   932 |       |            |           |       |
|     using O5 and O6                        |   283 |       |            |           |       |
| CLB Registers                              | 22688 |     0 |          0 |    234240 |  9.69 |
|   Register driven from within the CLB      | 12763 |       |            |           |       |
|   Register driven from outside the CLB     |  9925 |       |            |           |       |
|     LUT in front of the register is unused |  4880 |       |            |           |       |
|     LUT in front of the register is used   |  5045 |       |            |           |       |
| Unique Control Sets                        |  1033 |       |          0 |     29280 |  3.53 |
+--------------------------------------------+-------+-------+------------+-----------+-------+
* * Note: Available Control Sets calculated as Slices * 2, Review the Control Sets Report for more information regarding control sets.


3. BLOCKRAM
-----------

+-------------------+------+-------+------------+-----------+-------+
|     Site Type     | Used | Fixed | Prohibited | Available | Util% |
+-------------------+------+-------+------------+-----------+-------+
| Block RAM Tile    |  116 |     0 |          0 |       144 | 80.56 |
|   RAMB36/FIFO*    |  109 |     0 |          0 |       144 | 75.69 |
|     RAMB36E2 only |  109 |       |            |           |       |
|   RAMB18          |   14 |     0 |          0 |       288 |  4.86 |
|     RAMB18E2 only |   14 |       |            |           |       |
| URAM              |    0 |     0 |          0 |        64 |  0.00 |
+-------------------+------+-------+------------+-----------+-------+
* Note: Each Block RAM Tile only has one FIFO logic available and therefore can accommodate only one FIFO36E2 or one FIFO18E2. However, if a FIFO18E2 occupies a Block RAM Tile, that tile can still accommodate a RAMB18E2


4. ARITHMETIC
-------------

+----------------+------+-------+------------+-----------+-------+
|    Site Type   | Used | Fixed | Prohibited | Available | Util% |
+----------------+------+-------+------------+-----------+-------+
| DSPs           |  420 |     0 |          0 |      1248 | 33.65 |
|   DSP48E2 only |  420 |       |            |           |       |
+----------------+------+-------+------------+-----------+-------+


5. I/O
------

+------------------+------+-------+------------+-----------+-------+
|     Site Type    | Used | Fixed | Prohibited | Available | Util% |
+------------------+------+-------+------------+-----------+-------+
| Bonded IOB       |    0 |     0 |          0 |       189 |  0.00 |
| HPIOB_M          |    0 |     0 |          0 |        58 |  0.00 |
| HPIOB_S          |    0 |     0 |          0 |        58 |  0.00 |
| HDIOB_M          |    0 |     0 |          0 |        35 |  0.00 |
| HDIOB_S          |    0 |     0 |          0 |        35 |  0.00 |
| HPIOB_SNGL       |    0 |     0 |          0 |         3 |  0.00 |
| HPIOBDIFFINBUF   |    0 |     0 |          0 |        82 |  0.00 |
| HPIOBDIFFOUTBUF  |    0 |     0 |          0 |        82 |  0.00 |
| HDIOBDIFFINBUF   |    0 |     0 |          0 |        35 |  0.00 |
| BITSLICE_CONTROL |    0 |     0 |          0 |        32 |  0.00 |
| BITSLICE_RX_TX   |    0 |     0 |          0 |      1248 |  0.00 |
| BITSLICE_TX      |    0 |     0 |          0 |        32 |  0.00 |
| RIU_OR           |    0 |     0 |          0 |        16 |  0.00 |
+------------------+------+-------+------------+-----------+-------+


6. CLOCK
--------

+----------------------+------+-------+------------+-----------+-------+
|       Site Type      | Used | Fixed | Prohibited | Available | Util% |
+----------------------+------+-------+------------+-----------+-------+
| GLOBAL CLOCK BUFFERs |    2 |     0 |          0 |       352 |  0.57 |
|   BUFGCE             |    1 |     0 |          0 |       112 |  0.89 |
|   BUFGCE_DIV         |    0 |     0 |          0 |        16 |  0.00 |
|   BUFG_GT            |    0 |     0 |          0 |        96 |  0.00 |
|   BUFG_PS            |    1 |     0 |          0 |        96 |  1.04 |
|   BUFGCTRL*          |    0 |     0 |          0 |        32 |  0.00 |
| PLL                  |    0 |     0 |          0 |         8 |  0.00 |
| MMCM                 |    0 |     0 |          0 |         4 |  0.00 |
+----------------------+------+-------+------------+-----------+-------+
* Note: Each used BUFGCTRL counts as two GLOBAL CLOCK BUFFERs. This table does not include global clocking resources, only buffer cell usage. See the Clock Utilization Report (report_clock_utilization) for detailed accounting of global clocking resource availability.


7. ADVANCED
-----------

+-----------------+------+-------+------------+-----------+--------+
|    Site Type    | Used | Fixed | Prohibited | Available |  Util% |
+-----------------+------+-------+------------+-----------+--------+
| GTHE4_CHANNEL   |    0 |     0 |          0 |         4 |   0.00 |
| GTHE4_COMMON    |    0 |     0 |          0 |         1 |   0.00 |
| OBUFDS_GTE4     |    0 |     0 |          0 |         2 |   0.00 |
| OBUFDS_GTE4_ADV |    0 |     0 |          0 |         2 |   0.00 |
| PCIE40E4        |    0 |     0 |          0 |         2 |   0.00 |
| PS8             |    1 |     0 |          0 |         1 | 100.00 |
| SYSMONE4        |    0 |     0 |          0 |         1 |   0.00 |
| VCU             |    0 |     0 |          0 |         1 |   0.00 |
+-----------------+------+-------+------------+-----------+--------+


8. CONFIGURATION
----------------

+-------------+------+-------+------------+-----------+-------+
|  Site Type  | Used | Fixed | Prohibited | Available | Util% |
+-------------+------+-------+------------+-----------+-------+
| BSCANE2     |    0 |     0 |          0 |         4 |  0.00 |
| DNA_PORTE2  |    0 |     0 |          0 |         1 |  0.00 |
| EFUSE_USR   |    0 |     0 |          0 |         1 |  0.00 |
| FRAME_ECCE4 |    0 |     0 |          0 |         1 |  0.00 |
| ICAPE3      |    0 |     0 |          0 |         2 |  0.00 |
| MASTER_JTAG |    0 |     0 |          0 |         1 |  0.00 |
| STARTUPE3   |    0 |     0 |          0 |         1 |  0.00 |
+-------------+------+-------+------------+-----------+-------+


9. Primitives
-------------

+----------+-------+---------------------+
| Ref Name |  Used | Functional Category |
+----------+-------+---------------------+
| FDRE     | 22283 |            Register |
| LUT6     | 10817 |                 CLB |
| LUT3     |  5000 |                 CLB |
| LUT5     |  3987 |                 CLB |
| LUT4     |  3791 |                 CLB |
| LUT2     |  3364 |                 CLB |
| RAMD32   |  1782 |                 CLB |
| SRL16E   |   873 |                 CLB |
| CARRY8   |   746 |                 CLB |
| LUT1     |   679 |                 CLB |
| SRLC32E  |   625 |                 CLB |
| MUXF7    |   509 |                 CLB |
| DSP48E2  |   420 |          Arithmetic |
| RAMD64E  |   320 |                 CLB |
| RAMS32   |   246 |                 CLB |
| MUXF8    |   214 |                 CLB |
| FDSE     |   213 |            Register |
| FDCE     |   159 |            Register |
| RAMB36E2 |   109 |            BLOCKRAM |
| FDPE     |    33 |            Register |
| RAMB18E2 |    14 |            BLOCKRAM |
| PS8      |     1 |            Advanced |
| BUFG_PS  |     1 |               Clock |
| BUFGCE   |     1 |               Clock |
+----------+-------+---------------------+


10. Black Boxes
---------------

+----------+------+
| Ref Name | Used |
+----------+------+


11. Instantiated Netlists
-------------------------

+------------------------------+------+
|           Ref Name           | Used |
+------------------------------+------+
| design_1_zynq_ultra_ps_e_0_0 |    1 |
| design_1_srcnn_0_0           |    1 |
| design_1_rst_ps8_0_99M_0     |    1 |
| design_1_axi_smc_3_0         |    1 |
| design_1_axi_smc_2_0         |    1 |
| design_1_axi_smc_1_0         |    1 |
| design_1_axi_smc_0           |    1 |
| design_1_auto_pc_0           |    1 |
| design_1_auto_ds_0           |    1 |
+------------------------------+------+


