INFO-FLOW: Workspace C:/SPB_Data/ELEN90096-Group-2/SRCNN/srcnn_hls/solution1 opened at Wed Nov 01 17:04:12 +1100 2023
Execute     ap_set_clock -name default -period 10 -default=false 
INFO: [SYN 201-201] Setting up clock 'default' with a period of 10ns.
Execute     set_part xck24-ubva530-2LV-c 
Execute       create_platform xck24-ubva530-2LV-c -board  
DBG:HLSDevice: Trying to load device library: C:/Xilinx/Vitis_HLS/2023.1\lib\win64.o\xv_hlsvwrap.dll
DBG:HLSDevice: first parts/arch.xml in RDI_DATADIR: C:/Xilinx/Vivado/2023.1/data/parts/arch.xml
DBG:HLSDevice: init success
INFO: [HLS 200-1611] Setting target device to 'xck24-ubva530-2LV-c'
Command       create_platform done; 0.658 sec.
Execute       source C:/Xilinx/Vitis_HLS/2023.1/common/technology/xilinx/common/xilinx.gen 
Execute         source C:/Xilinx/Vitis_HLS/2023.1/common/technology/xilinx/interface/plb46.gen 
Execute         source C:/Xilinx/Vitis_HLS/2023.1/common/technology/xilinx/interface/axi4.gen 
Execute         source C:/Xilinx/Vitis_HLS/2023.1/common/technology/xilinx/interface/nativeAXI4.gen 
Execute           source C:/Xilinx/Vitis_HLS/2023.1/common/technology/xilinx/interface/saxilite.gen 
Execute         source C:/Xilinx/Vitis_HLS/2023.1/common/technology/xilinx/scripts/xilinxcoregen.gen 
Execute         source C:/Xilinx/Vitis_HLS/2023.1/common/technology/xilinx/interface/XilEDKCoreGen.gen 
Execute         source C:/Xilinx/Vitis_HLS/2023.1/common/technology/xilinx/ip/dds_compiler.gen 
Execute         source C:/Xilinx/Vitis_HLS/2023.1/common/technology/xilinx/ip/util.gen 
Execute         source C:/Xilinx/Vitis_HLS/2023.1/common/technology/xilinx/ip/xfft.gen 
Execute         source C:/Xilinx/Vitis_HLS/2023.1/common/technology/xilinx/ip/xfir.gen 
Execute         source C:/Xilinx/Vitis_HLS/2023.1/common/technology/xilinx/DSP48/dsp48.gen 
Command       ap_source done; 0.106 sec.
Execute       ap_part_info -name xck24-ubva530-2LV-c -data info 
Execute       config_compile -quiet -complex-mul-dsp=0 
Command     set_part done; 0.776 sec.
Execute     send_msg_by_id INFO @200-1505@%s%s  vivado 
INFO: [HLS 200-1505] Using flow_target 'vivado'
Command   open_solution done; 0.904 sec.
Execute   set_part xck24-ubva530-2LV-c 
INFO: [HLS 200-1510] Running: set_part xck24-ubva530-2LV-c 
Execute     create_platform xck24-ubva530-2LV-c -board  
Execute     source C:/Xilinx/Vitis_HLS/2023.1/common/technology/xilinx/common/xilinx.gen 
Execute       source C:/Xilinx/Vitis_HLS/2023.1/common/technology/xilinx/interface/plb46.gen 
Execute       source C:/Xilinx/Vitis_HLS/2023.1/common/technology/xilinx/interface/axi4.gen 
Execute       source C:/Xilinx/Vitis_HLS/2023.1/common/technology/xilinx/interface/nativeAXI4.gen 
Execute         source C:/Xilinx/Vitis_HLS/2023.1/common/technology/xilinx/interface/saxilite.gen 
Execute       source C:/Xilinx/Vitis_HLS/2023.1/common/technology/xilinx/scripts/xilinxcoregen.gen 
Execute       source C:/Xilinx/Vitis_HLS/2023.1/common/technology/xilinx/interface/XilEDKCoreGen.gen 
Execute       source C:/Xilinx/Vitis_HLS/2023.1/common/technology/xilinx/ip/dds_compiler.gen 
Execute       source C:/Xilinx/Vitis_HLS/2023.1/common/technology/xilinx/ip/util.gen 
Execute       source C:/Xilinx/Vitis_HLS/2023.1/common/technology/xilinx/ip/xfft.gen 
Execute       source C:/Xilinx/Vitis_HLS/2023.1/common/technology/xilinx/ip/xfir.gen 
Execute       source C:/Xilinx/Vitis_HLS/2023.1/common/technology/xilinx/DSP48/dsp48.gen 
Command     ap_source done; 0.108 sec.
Execute     ap_part_info -name xck24-ubva530-2LV-c -data info 
Execute     config_compile -quiet -complex-mul-dsp=0 
Command   set_part done; 0.127 sec.
Execute   create_clock -period 10 -name default 
INFO: [HLS 200-1510] Running: create_clock -period 10 -name default 
Execute   source ./srcnn_hls/solution1/directives.tcl 
INFO: [HLS 200-1510] Running: source ./srcnn_hls/solution1/directives.tcl
Execute     set_directive_top -name srcnn srcnn 
INFO: [HLS 200-1510] Running: set_directive_top -name srcnn srcnn 
Execute   csynth_design 
INFO: [HLS 200-1510] Running: csynth_design 
INFO-FLOW: Running SLX 'csynth' proc: ::SLX::run_csynth
Execute     elaborate -effort=medium -skip_syncheck=0 -keep_printf=0 -skip_cdt=0 -skip_transform=0 -ng=0 -g=0 -opt_fp=0 -from_csynth_design=1 
INFO: [HLS 200-111] Finished File checks and directory preparation: CPU user time: 0 seconds. CPU system time: 0 seconds. Elapsed time: 0.27 seconds; current allocated memory: 91.922 MB.
Execute       set_directive_top srcnn -name=srcnn 
Execute       source C:/Xilinx/Vitis_HLS/2023.1/tps/tcl/tcllib1.11.1/yaml/huddle.tcl 
Execute       source C:/Xilinx/Vitis_HLS/2023.1/tps/tcl/tcllib1.11.1/yaml/json2huddle.tcl 
Execute         source C:/Xilinx/Vitis_HLS/2023.1/tps/tcl/tcllib1.11.1/try/try.tcl 
INFO: [HLS 200-10] Analyzing design file 'src/conv1.cpp' ... 
INFO-FLOW: Compiling one TU...
INFO-FLOW: Handling src/conv1.cpp as C++
Execute       ap_part_info -name xck24-ubva530-2LV-c -data info 
INFO-FLOW: Running: GCC PP 39
INFO-FLOW: Source preprocessing
INFO-FLOW: run_clang exec: C:/Xilinx/Vitis_HLS/2023.1/win64/tools/clang-3.9-csynth/bin/clang src/conv1.cpp -foptimization-record-file=C:/SPB_Data/ELEN90096-Group-2/SRCNN/srcnn_hls/solution1/.autopilot/db/conv1.cpp.clang.diag.yml -mllvm -pass-remarks-missed=reflow|pasta|unroll -mllvm -pass-remarks=reflow|pasta|unroll|inline -fno-limit-debug-info --sysroot C:/Xilinx/Vitis_HLS/2023.1/tps/mingw/8.3.0/win64.o/nt -fhls -fno-exceptions -insert-hls-directive=C:/SPB_Data/ELEN90096-Group-2/SRCNN/srcnn_hls/solution1/.autopilot/db/all.directive.json -E -fno-math-errno -c -emit-llvm -mllvm -disable-llvm-optzns -Werror=implicit-function-declaration -Werror=implicit-hls-streams -Werror=return-type -Wpragmas -Wunused-parameter -Wdump-hls-pragmas -Wno-error=dump-hls-pragmas -fno-threadsafe-statics -fno-use-cxa-atexit -std=gnu++14 -target fpga64-xilinx-mingw32 -fno-threadsafe-statics -fno-use-cxa-atexit -D__VITIS_HLS__ -DAESL_SYN -D__SYNTHESIS__ -D__HLS_SYN__ -I C:/Xilinx/Vitis_HLS/2023.1/common/technology/autopilot -I C:/Xilinx/Vitis_HLS/2023.1/common/technology/autopilot/ap_sysc -include etc/autopilot_ssdm_op.h -D__DSP48E2__ -I /usr/include/x86_64-linux-gnu -o C:/SPB_Data/ELEN90096-Group-2/SRCNN/srcnn_hls/solution1/.autopilot/db/conv1.pp.0.cpp {-hls-platform-db-name=C:/Xilinx/Vitis_HLS/2023.1/common/technology\xilinx/common/platform.db} -hls-platform-name=zynquplus_medium -device-resource-info=BRAM_432.000000_DSP_360.000000_FF_141120.000000_LUT_70560.000000_SLICE_8820.000000_URAM_0.000000 -device-name-info=xck24-ubva530-2LV-c > C:/SPB_Data/ELEN90096-Group-2/SRCNN/srcnn_hls/solution1/.autopilot/db/conv1.cpp.clang.out.log 2> C:/SPB_Data/ELEN90096-Group-2/SRCNN/srcnn_hls/solution1/.autopilot/db/conv1.cpp.clang.err.log
INFO-FLOW: Done: GCC PP 39 time: 0.6 seconds per iteration
INFO-FLOW: Source syntax check for synthesis
INFO-FLOW: run_clang exec: C:/Xilinx/Vitis_HLS/2023.1/win64/tools/clang-3.9-csynth/bin/clang -foptimization-record-file=C:/SPB_Data/ELEN90096-Group-2/SRCNN/srcnn_hls/solution1/.autopilot/db/clang.diag.yml -mllvm -pass-remarks-missed=reflow|pasta|unroll -mllvm -pass-remarks=reflow|pasta|unroll|inline -fsyntax-only -fhls -target fpga64-xilinx-linux-gnu C:/SPB_Data/ELEN90096-Group-2/SRCNN/srcnn_hls/solution1/.autopilot/db/conv1.pp.0.cpp {-hls-platform-db-name=C:/Xilinx/Vitis_HLS/2023.1/common/technology\xilinx/common/platform.db} -hls-platform-name=zynquplus_medium -device-resource-info=BRAM_432.000000_DSP_360.000000_FF_141120.000000_LUT_70560.000000_SLICE_8820.000000_URAM_0.000000 -device-name-info=xck24-ubva530-2LV-c > C:/SPB_Data/ELEN90096-Group-2/SRCNN/srcnn_hls/solution1/.autopilot/db/clang.out.log 2> C:/SPB_Data/ELEN90096-Group-2/SRCNN/srcnn_hls/solution1/.autopilot/db/clang.err.log
Execute       clang_tidy xilinx-systemc-detector -desc systemc-detector C:/SPB_Data/ELEN90096-Group-2/SRCNN/srcnn_hls/solution1/.autopilot/db/conv1.pp.0.cpp std=gnu++14 -target fpga  -directive=C:/SPB_Data/ELEN90096-Group-2/SRCNN/srcnn_hls/solution1/.autopilot/db/.systemc_flag 
INFO-FLOW: exec C:/Xilinx/Vitis_HLS/2023.1/win64/tools/clang-3.9-csynth/bin/clang-tidy -header-filter=.* --checks=-*,xilinx-systemc-detector -import-directive=C:/SPB_Data/ELEN90096-Group-2/SRCNN/srcnn_hls/solution1/.autopilot/db/.systemc_flag -fix-errors C:/SPB_Data/ELEN90096-Group-2/SRCNN/srcnn_hls/solution1/.autopilot/db/conv1.pp.0.cpp -- -std=gnu++14 -target fpga -fhls -ferror-limit=0
Command       clang_tidy done; 0.769 sec.
INFO-FLOW: Running: clang-tidy CDT preprocess 39
Execute       clang_tidy xilinx-directive2pragma -desc directive2pragma C:/SPB_Data/ELEN90096-Group-2/SRCNN/srcnn_hls/solution1/.autopilot/db/conv1.pp.0.cpp std=gnu++14 -target fpga  -directive=C:/SPB_Data/ELEN90096-Group-2/SRCNN/srcnn_hls/solution1/.autopilot/db/all.directive.json 
INFO-FLOW: exec C:/Xilinx/Vitis_HLS/2023.1/win64/tools/clang-3.9-csynth/bin/clang-tidy -header-filter=.* --checks=-*,xilinx-directive2pragma -import-directive=C:/SPB_Data/ELEN90096-Group-2/SRCNN/srcnn_hls/solution1/.autopilot/db/all.directive.json -fix-errors C:/SPB_Data/ELEN90096-Group-2/SRCNN/srcnn_hls/solution1/.autopilot/db/conv1.pp.0.cpp -- -std=gnu++14 -target fpga -fhls -ferror-limit=0
Command       clang_tidy done; 0.78 sec.
INFO-FLOW: Done: clang-tidy CDT preprocess 39 time: 0.8 seconds per iteration
INFO-FLOW: Calling xilinx-label-all-loops ... 
INFO-FLOW: Calling xilinx-aggregate-on-hls-vector ... 
Execute       clang_tidy -errorcheck -desc loop-label xilinx-label-all-loops,xilinx-aggregate-on-hls-vector,,xilinx-warn-mayneed-no-ctor-attribute C:/SPB_Data/ELEN90096-Group-2/SRCNN/srcnn_hls/solution1/.autopilot/db/conv1.pp.0.cpp std=gnu++14 -target fpga  
INFO-FLOW: run_clang exec: C:/Xilinx/Vitis_HLS/2023.1/win64/tools/clang-3.9-csynth/bin/clang-tidy -export-fixes=C:/SPB_Data/ELEN90096-Group-2/SRCNN/srcnn_hls/solution1/.autopilot/db/conv1.pp.0.cpp.clang-tidy.loop-label.diag.yml -header-filter=.* --checks=-*,xilinx-label-all-loops,xilinx-aggregate-on-hls-vector,,xilinx-warn-mayneed-no-ctor-attribute -fix-errors C:/SPB_Data/ELEN90096-Group-2/SRCNN/srcnn_hls/solution1/.autopilot/db/conv1.pp.0.cpp -- -std=gnu++14 -target fpga -fhls -ferror-limit=0 > C:/SPB_Data/ELEN90096-Group-2/SRCNN/srcnn_hls/solution1/.autopilot/db/conv1.pp.0.cpp.clang-tidy.loop-label.out.log 2> C:/SPB_Data/ELEN90096-Group-2/SRCNN/srcnn_hls/solution1/.autopilot/db/conv1.pp.0.cpp.clang-tidy.loop-label.err.log
Execute         source C:/Xilinx/Vitis_HLS/2023.1/tps/tcl/tcllib1.11.1/yaml/yaml.tcl 
Command       clang_tidy done; 1.382 sec.
INFO-FLOW: run_clang exec: C:/Xilinx/Vitis_HLS/2023.1/win64/tools/clang-3.9-csynth/bin/xilinx-dataflow-lawyer -export-fixes=C:/SPB_Data/ELEN90096-Group-2/SRCNN/srcnn_hls/solution1/.autopilot/db/conv1.pp.0.cpp.xilinx-dataflow-lawyer.diag.yml C:/SPB_Data/ELEN90096-Group-2/SRCNN/srcnn_hls/solution1/.autopilot/db/conv1.pp.0.cpp -- -std=gnu++14 -target fpga -fhls -ferror-limit=0 -fstrict-dataflow > C:/SPB_Data/ELEN90096-Group-2/SRCNN/srcnn_hls/solution1/.autopilot/db/conv1.pp.0.cpp.xilinx-dataflow-lawyer.out.log 2> C:/SPB_Data/ELEN90096-Group-2/SRCNN/srcnn_hls/solution1/.autopilot/db/conv1.pp.0.cpp.xilinx-dataflow-lawyer.err.log
Execute       ap_part_info -name xck24-ubva530-2LV-c -data info 
INFO-FLOW: compiling source code to llvm bc
INFO-FLOW: run_clang exec: C:/Xilinx/Vitis_HLS/2023.1/win64/tools/clang-3.9-csynth/bin/clang -foptimization-record-file=C:/SPB_Data/ELEN90096-Group-2/SRCNN/srcnn_hls/solution1/.autopilot/db/conv1.pp.0.cpp.clang.diag.yml -mllvm -pass-remarks-missed=reflow|pasta|unroll -mllvm -pass-remarks=reflow|pasta|unroll|inline -fno-limit-debug-info -fhls -flto -fno-exceptions -Wno-error=c++11-narrowing C:/SPB_Data/ELEN90096-Group-2/SRCNN/srcnn_hls/solution1/.autopilot/db/conv1.pp.0.cpp -fno-math-errno -c -emit-llvm -mllvm -disable-llvm-optzns -Werror=implicit-function-declaration -Werror=implicit-hls-streams -Werror=return-type -Wpragmas -Wunused-parameter -Wdump-hls-pragmas -Wno-error=dump-hls-pragmas -fno-threadsafe-statics -fno-use-cxa-atexit -std=gnu++14 -target fpga64-xilinx-linux-gnu -D__VITIS_HLS__ -DAESL_SYN -D__SYNTHESIS__ -D__HLS_SYN__ -I C:/Xilinx/Vitis_HLS/2023.1/common/technology/autopilot -I C:/Xilinx/Vitis_HLS/2023.1/common/technology/autopilot/ap_sysc -include etc/autopilot_ssdm_op.h -D__DSP48E2__ -g -o C:/SPB_Data/ELEN90096-Group-2/SRCNN/srcnn_hls/solution1/.autopilot/db/conv1.bc {-hls-platform-db-name=C:/Xilinx/Vitis_HLS/2023.1/common/technology\xilinx/common/platform.db} -hls-platform-name=zynquplus_medium -device-resource-info=BRAM_432.000000_DSP_360.000000_FF_141120.000000_LUT_70560.000000_SLICE_8820.000000_URAM_0.000000 -device-name-info=xck24-ubva530-2LV-c > C:/SPB_Data/ELEN90096-Group-2/SRCNN/srcnn_hls/solution1/.autopilot/db/conv1.pp.0.cpp.clang.out.log 2> C:/SPB_Data/ELEN90096-Group-2/SRCNN/srcnn_hls/solution1/.autopilot/db/conv1.pp.0.cpp.clang.err.log
INFO: [HLS 200-10] Analyzing design file 'src/conv2.cpp' ... 
INFO-FLOW: Compiling one TU...
INFO-FLOW: Handling src/conv2.cpp as C++
Execute       ap_part_info -name xck24-ubva530-2LV-c -data info 
INFO-FLOW: Running: GCC PP 39
INFO-FLOW: Source preprocessing
INFO-FLOW: run_clang exec: C:/Xilinx/Vitis_HLS/2023.1/win64/tools/clang-3.9-csynth/bin/clang src/conv2.cpp -foptimization-record-file=C:/SPB_Data/ELEN90096-Group-2/SRCNN/srcnn_hls/solution1/.autopilot/db/conv2.cpp.clang.diag.yml -mllvm -pass-remarks-missed=reflow|pasta|unroll -mllvm -pass-remarks=reflow|pasta|unroll|inline -fno-limit-debug-info --sysroot C:/Xilinx/Vitis_HLS/2023.1/tps/mingw/8.3.0/win64.o/nt -fhls -fno-exceptions -insert-hls-directive=C:/SPB_Data/ELEN90096-Group-2/SRCNN/srcnn_hls/solution1/.autopilot/db/all.directive.json -E -fno-math-errno -c -emit-llvm -mllvm -disable-llvm-optzns -Werror=implicit-function-declaration -Werror=implicit-hls-streams -Werror=return-type -Wpragmas -Wunused-parameter -Wdump-hls-pragmas -Wno-error=dump-hls-pragmas -fno-threadsafe-statics -fno-use-cxa-atexit -std=gnu++14 -target fpga64-xilinx-mingw32 -fno-threadsafe-statics -fno-use-cxa-atexit -D__VITIS_HLS__ -DAESL_SYN -D__SYNTHESIS__ -D__HLS_SYN__ -I C:/Xilinx/Vitis_HLS/2023.1/common/technology/autopilot -I C:/Xilinx/Vitis_HLS/2023.1/common/technology/autopilot/ap_sysc -include etc/autopilot_ssdm_op.h -D__DSP48E2__ -I /usr/include/x86_64-linux-gnu -o C:/SPB_Data/ELEN90096-Group-2/SRCNN/srcnn_hls/solution1/.autopilot/db/conv2.pp.0.cpp {-hls-platform-db-name=C:/Xilinx/Vitis_HLS/2023.1/common/technology\xilinx/common/platform.db} -hls-platform-name=zynquplus_medium -device-resource-info=BRAM_432.000000_DSP_360.000000_FF_141120.000000_LUT_70560.000000_SLICE_8820.000000_URAM_0.000000 -device-name-info=xck24-ubva530-2LV-c > C:/SPB_Data/ELEN90096-Group-2/SRCNN/srcnn_hls/solution1/.autopilot/db/conv2.cpp.clang.out.log 2> C:/SPB_Data/ELEN90096-Group-2/SRCNN/srcnn_hls/solution1/.autopilot/db/conv2.cpp.clang.err.log
INFO-FLOW: Done: GCC PP 39 time: 0.6 seconds per iteration
INFO-FLOW: Source syntax check for synthesis
INFO-FLOW: run_clang exec: C:/Xilinx/Vitis_HLS/2023.1/win64/tools/clang-3.9-csynth/bin/clang -foptimization-record-file=C:/SPB_Data/ELEN90096-Group-2/SRCNN/srcnn_hls/solution1/.autopilot/db/clang.diag.yml -mllvm -pass-remarks-missed=reflow|pasta|unroll -mllvm -pass-remarks=reflow|pasta|unroll|inline -fsyntax-only -fhls -target fpga64-xilinx-linux-gnu C:/SPB_Data/ELEN90096-Group-2/SRCNN/srcnn_hls/solution1/.autopilot/db/conv2.pp.0.cpp {-hls-platform-db-name=C:/Xilinx/Vitis_HLS/2023.1/common/technology\xilinx/common/platform.db} -hls-platform-name=zynquplus_medium -device-resource-info=BRAM_432.000000_DSP_360.000000_FF_141120.000000_LUT_70560.000000_SLICE_8820.000000_URAM_0.000000 -device-name-info=xck24-ubva530-2LV-c > C:/SPB_Data/ELEN90096-Group-2/SRCNN/srcnn_hls/solution1/.autopilot/db/clang.out.log 2> C:/SPB_Data/ELEN90096-Group-2/SRCNN/srcnn_hls/solution1/.autopilot/db/clang.err.log
Execute       clang_tidy xilinx-systemc-detector -desc systemc-detector C:/SPB_Data/ELEN90096-Group-2/SRCNN/srcnn_hls/solution1/.autopilot/db/conv2.pp.0.cpp std=gnu++14 -target fpga  -directive=C:/SPB_Data/ELEN90096-Group-2/SRCNN/srcnn_hls/solution1/.autopilot/db/.systemc_flag 
INFO-FLOW: exec C:/Xilinx/Vitis_HLS/2023.1/win64/tools/clang-3.9-csynth/bin/clang-tidy -header-filter=.* --checks=-*,xilinx-systemc-detector -import-directive=C:/SPB_Data/ELEN90096-Group-2/SRCNN/srcnn_hls/solution1/.autopilot/db/.systemc_flag -fix-errors C:/SPB_Data/ELEN90096-Group-2/SRCNN/srcnn_hls/solution1/.autopilot/db/conv2.pp.0.cpp -- -std=gnu++14 -target fpga -fhls -ferror-limit=0
Command       clang_tidy done; 0.754 sec.
INFO-FLOW: Running: clang-tidy CDT preprocess 39
Execute       clang_tidy xilinx-directive2pragma -desc directive2pragma C:/SPB_Data/ELEN90096-Group-2/SRCNN/srcnn_hls/solution1/.autopilot/db/conv2.pp.0.cpp std=gnu++14 -target fpga  -directive=C:/SPB_Data/ELEN90096-Group-2/SRCNN/srcnn_hls/solution1/.autopilot/db/all.directive.json 
INFO-FLOW: exec C:/Xilinx/Vitis_HLS/2023.1/win64/tools/clang-3.9-csynth/bin/clang-tidy -header-filter=.* --checks=-*,xilinx-directive2pragma -import-directive=C:/SPB_Data/ELEN90096-Group-2/SRCNN/srcnn_hls/solution1/.autopilot/db/all.directive.json -fix-errors C:/SPB_Data/ELEN90096-Group-2/SRCNN/srcnn_hls/solution1/.autopilot/db/conv2.pp.0.cpp -- -std=gnu++14 -target fpga -fhls -ferror-limit=0
Command       clang_tidy done; 0.735 sec.
INFO-FLOW: Done: clang-tidy CDT preprocess 39 time: 0.7 seconds per iteration
INFO-FLOW: Calling xilinx-label-all-loops ... 
INFO-FLOW: Calling xilinx-aggregate-on-hls-vector ... 
Execute       clang_tidy -errorcheck -desc loop-label xilinx-label-all-loops,xilinx-aggregate-on-hls-vector,,xilinx-warn-mayneed-no-ctor-attribute C:/SPB_Data/ELEN90096-Group-2/SRCNN/srcnn_hls/solution1/.autopilot/db/conv2.pp.0.cpp std=gnu++14 -target fpga  
INFO-FLOW: run_clang exec: C:/Xilinx/Vitis_HLS/2023.1/win64/tools/clang-3.9-csynth/bin/clang-tidy -export-fixes=C:/SPB_Data/ELEN90096-Group-2/SRCNN/srcnn_hls/solution1/.autopilot/db/conv2.pp.0.cpp.clang-tidy.loop-label.diag.yml -header-filter=.* --checks=-*,xilinx-label-all-loops,xilinx-aggregate-on-hls-vector,,xilinx-warn-mayneed-no-ctor-attribute -fix-errors C:/SPB_Data/ELEN90096-Group-2/SRCNN/srcnn_hls/solution1/.autopilot/db/conv2.pp.0.cpp -- -std=gnu++14 -target fpga -fhls -ferror-limit=0 > C:/SPB_Data/ELEN90096-Group-2/SRCNN/srcnn_hls/solution1/.autopilot/db/conv2.pp.0.cpp.clang-tidy.loop-label.out.log 2> C:/SPB_Data/ELEN90096-Group-2/SRCNN/srcnn_hls/solution1/.autopilot/db/conv2.pp.0.cpp.clang-tidy.loop-label.err.log
Command       clang_tidy done; 1.476 sec.
INFO-FLOW: run_clang exec: C:/Xilinx/Vitis_HLS/2023.1/win64/tools/clang-3.9-csynth/bin/xilinx-dataflow-lawyer -export-fixes=C:/SPB_Data/ELEN90096-Group-2/SRCNN/srcnn_hls/solution1/.autopilot/db/conv2.pp.0.cpp.xilinx-dataflow-lawyer.diag.yml C:/SPB_Data/ELEN90096-Group-2/SRCNN/srcnn_hls/solution1/.autopilot/db/conv2.pp.0.cpp -- -std=gnu++14 -target fpga -fhls -ferror-limit=0 -fstrict-dataflow > C:/SPB_Data/ELEN90096-Group-2/SRCNN/srcnn_hls/solution1/.autopilot/db/conv2.pp.0.cpp.xilinx-dataflow-lawyer.out.log 2> C:/SPB_Data/ELEN90096-Group-2/SRCNN/srcnn_hls/solution1/.autopilot/db/conv2.pp.0.cpp.xilinx-dataflow-lawyer.err.log
Execute       ap_part_info -name xck24-ubva530-2LV-c -data info 
INFO-FLOW: compiling source code to llvm bc
INFO-FLOW: run_clang exec: C:/Xilinx/Vitis_HLS/2023.1/win64/tools/clang-3.9-csynth/bin/clang -foptimization-record-file=C:/SPB_Data/ELEN90096-Group-2/SRCNN/srcnn_hls/solution1/.autopilot/db/conv2.pp.0.cpp.clang.diag.yml -mllvm -pass-remarks-missed=reflow|pasta|unroll -mllvm -pass-remarks=reflow|pasta|unroll|inline -fno-limit-debug-info -fhls -flto -fno-exceptions -Wno-error=c++11-narrowing C:/SPB_Data/ELEN90096-Group-2/SRCNN/srcnn_hls/solution1/.autopilot/db/conv2.pp.0.cpp -fno-math-errno -c -emit-llvm -mllvm -disable-llvm-optzns -Werror=implicit-function-declaration -Werror=implicit-hls-streams -Werror=return-type -Wpragmas -Wunused-parameter -Wdump-hls-pragmas -Wno-error=dump-hls-pragmas -fno-threadsafe-statics -fno-use-cxa-atexit -std=gnu++14 -target fpga64-xilinx-linux-gnu -D__VITIS_HLS__ -DAESL_SYN -D__SYNTHESIS__ -D__HLS_SYN__ -I C:/Xilinx/Vitis_HLS/2023.1/common/technology/autopilot -I C:/Xilinx/Vitis_HLS/2023.1/common/technology/autopilot/ap_sysc -include etc/autopilot_ssdm_op.h -D__DSP48E2__ -g -o C:/SPB_Data/ELEN90096-Group-2/SRCNN/srcnn_hls/solution1/.autopilot/db/conv2.bc {-hls-platform-db-name=C:/Xilinx/Vitis_HLS/2023.1/common/technology\xilinx/common/platform.db} -hls-platform-name=zynquplus_medium -device-resource-info=BRAM_432.000000_DSP_360.000000_FF_141120.000000_LUT_70560.000000_SLICE_8820.000000_URAM_0.000000 -device-name-info=xck24-ubva530-2LV-c > C:/SPB_Data/ELEN90096-Group-2/SRCNN/srcnn_hls/solution1/.autopilot/db/conv2.pp.0.cpp.clang.out.log 2> C:/SPB_Data/ELEN90096-Group-2/SRCNN/srcnn_hls/solution1/.autopilot/db/conv2.pp.0.cpp.clang.err.log
INFO: [HLS 200-10] Analyzing design file 'src/conv3.cpp' ... 
INFO-FLOW: Compiling one TU...
INFO-FLOW: Handling src/conv3.cpp as C++
Execute       ap_part_info -name xck24-ubva530-2LV-c -data info 
INFO-FLOW: Running: GCC PP 39
INFO-FLOW: Source preprocessing
INFO-FLOW: run_clang exec: C:/Xilinx/Vitis_HLS/2023.1/win64/tools/clang-3.9-csynth/bin/clang src/conv3.cpp -foptimization-record-file=C:/SPB_Data/ELEN90096-Group-2/SRCNN/srcnn_hls/solution1/.autopilot/db/conv3.cpp.clang.diag.yml -mllvm -pass-remarks-missed=reflow|pasta|unroll -mllvm -pass-remarks=reflow|pasta|unroll|inline -fno-limit-debug-info --sysroot C:/Xilinx/Vitis_HLS/2023.1/tps/mingw/8.3.0/win64.o/nt -fhls -fno-exceptions -insert-hls-directive=C:/SPB_Data/ELEN90096-Group-2/SRCNN/srcnn_hls/solution1/.autopilot/db/all.directive.json -E -fno-math-errno -c -emit-llvm -mllvm -disable-llvm-optzns -Werror=implicit-function-declaration -Werror=implicit-hls-streams -Werror=return-type -Wpragmas -Wunused-parameter -Wdump-hls-pragmas -Wno-error=dump-hls-pragmas -fno-threadsafe-statics -fno-use-cxa-atexit -std=gnu++14 -target fpga64-xilinx-mingw32 -fno-threadsafe-statics -fno-use-cxa-atexit -D__VITIS_HLS__ -DAESL_SYN -D__SYNTHESIS__ -D__HLS_SYN__ -I C:/Xilinx/Vitis_HLS/2023.1/common/technology/autopilot -I C:/Xilinx/Vitis_HLS/2023.1/common/technology/autopilot/ap_sysc -include etc/autopilot_ssdm_op.h -D__DSP48E2__ -I /usr/include/x86_64-linux-gnu -o C:/SPB_Data/ELEN90096-Group-2/SRCNN/srcnn_hls/solution1/.autopilot/db/conv3.pp.0.cpp {-hls-platform-db-name=C:/Xilinx/Vitis_HLS/2023.1/common/technology\xilinx/common/platform.db} -hls-platform-name=zynquplus_medium -device-resource-info=BRAM_432.000000_DSP_360.000000_FF_141120.000000_LUT_70560.000000_SLICE_8820.000000_URAM_0.000000 -device-name-info=xck24-ubva530-2LV-c > C:/SPB_Data/ELEN90096-Group-2/SRCNN/srcnn_hls/solution1/.autopilot/db/conv3.cpp.clang.out.log 2> C:/SPB_Data/ELEN90096-Group-2/SRCNN/srcnn_hls/solution1/.autopilot/db/conv3.cpp.clang.err.log
INFO-FLOW: Done: GCC PP 39 time: 0.6 seconds per iteration
INFO-FLOW: Source syntax check for synthesis
INFO-FLOW: run_clang exec: C:/Xilinx/Vitis_HLS/2023.1/win64/tools/clang-3.9-csynth/bin/clang -foptimization-record-file=C:/SPB_Data/ELEN90096-Group-2/SRCNN/srcnn_hls/solution1/.autopilot/db/clang.diag.yml -mllvm -pass-remarks-missed=reflow|pasta|unroll -mllvm -pass-remarks=reflow|pasta|unroll|inline -fsyntax-only -fhls -target fpga64-xilinx-linux-gnu C:/SPB_Data/ELEN90096-Group-2/SRCNN/srcnn_hls/solution1/.autopilot/db/conv3.pp.0.cpp {-hls-platform-db-name=C:/Xilinx/Vitis_HLS/2023.1/common/technology\xilinx/common/platform.db} -hls-platform-name=zynquplus_medium -device-resource-info=BRAM_432.000000_DSP_360.000000_FF_141120.000000_LUT_70560.000000_SLICE_8820.000000_URAM_0.000000 -device-name-info=xck24-ubva530-2LV-c > C:/SPB_Data/ELEN90096-Group-2/SRCNN/srcnn_hls/solution1/.autopilot/db/clang.out.log 2> C:/SPB_Data/ELEN90096-Group-2/SRCNN/srcnn_hls/solution1/.autopilot/db/clang.err.log
Execute       clang_tidy xilinx-systemc-detector -desc systemc-detector C:/SPB_Data/ELEN90096-Group-2/SRCNN/srcnn_hls/solution1/.autopilot/db/conv3.pp.0.cpp std=gnu++14 -target fpga  -directive=C:/SPB_Data/ELEN90096-Group-2/SRCNN/srcnn_hls/solution1/.autopilot/db/.systemc_flag 
INFO-FLOW: exec C:/Xilinx/Vitis_HLS/2023.1/win64/tools/clang-3.9-csynth/bin/clang-tidy -header-filter=.* --checks=-*,xilinx-systemc-detector -import-directive=C:/SPB_Data/ELEN90096-Group-2/SRCNN/srcnn_hls/solution1/.autopilot/db/.systemc_flag -fix-errors C:/SPB_Data/ELEN90096-Group-2/SRCNN/srcnn_hls/solution1/.autopilot/db/conv3.pp.0.cpp -- -std=gnu++14 -target fpga -fhls -ferror-limit=0
Command       clang_tidy done; 0.769 sec.
INFO-FLOW: Running: clang-tidy CDT preprocess 39
Execute       clang_tidy xilinx-directive2pragma -desc directive2pragma C:/SPB_Data/ELEN90096-Group-2/SRCNN/srcnn_hls/solution1/.autopilot/db/conv3.pp.0.cpp std=gnu++14 -target fpga  -directive=C:/SPB_Data/ELEN90096-Group-2/SRCNN/srcnn_hls/solution1/.autopilot/db/all.directive.json 
INFO-FLOW: exec C:/Xilinx/Vitis_HLS/2023.1/win64/tools/clang-3.9-csynth/bin/clang-tidy -header-filter=.* --checks=-*,xilinx-directive2pragma -import-directive=C:/SPB_Data/ELEN90096-Group-2/SRCNN/srcnn_hls/solution1/.autopilot/db/all.directive.json -fix-errors C:/SPB_Data/ELEN90096-Group-2/SRCNN/srcnn_hls/solution1/.autopilot/db/conv3.pp.0.cpp -- -std=gnu++14 -target fpga -fhls -ferror-limit=0
Command       clang_tidy done; 0.832 sec.
INFO-FLOW: Done: clang-tidy CDT preprocess 39 time: 0.8 seconds per iteration
INFO-FLOW: Calling xilinx-label-all-loops ... 
INFO-FLOW: Calling xilinx-aggregate-on-hls-vector ... 
Execute       clang_tidy -errorcheck -desc loop-label xilinx-label-all-loops,xilinx-aggregate-on-hls-vector,,xilinx-warn-mayneed-no-ctor-attribute C:/SPB_Data/ELEN90096-Group-2/SRCNN/srcnn_hls/solution1/.autopilot/db/conv3.pp.0.cpp std=gnu++14 -target fpga  
INFO-FLOW: run_clang exec: C:/Xilinx/Vitis_HLS/2023.1/win64/tools/clang-3.9-csynth/bin/clang-tidy -export-fixes=C:/SPB_Data/ELEN90096-Group-2/SRCNN/srcnn_hls/solution1/.autopilot/db/conv3.pp.0.cpp.clang-tidy.loop-label.diag.yml -header-filter=.* --checks=-*,xilinx-label-all-loops,xilinx-aggregate-on-hls-vector,,xilinx-warn-mayneed-no-ctor-attribute -fix-errors C:/SPB_Data/ELEN90096-Group-2/SRCNN/srcnn_hls/solution1/.autopilot/db/conv3.pp.0.cpp -- -std=gnu++14 -target fpga -fhls -ferror-limit=0 > C:/SPB_Data/ELEN90096-Group-2/SRCNN/srcnn_hls/solution1/.autopilot/db/conv3.pp.0.cpp.clang-tidy.loop-label.out.log 2> C:/SPB_Data/ELEN90096-Group-2/SRCNN/srcnn_hls/solution1/.autopilot/db/conv3.pp.0.cpp.clang-tidy.loop-label.err.log
Command       clang_tidy done; 1.535 sec.
INFO-FLOW: run_clang exec: C:/Xilinx/Vitis_HLS/2023.1/win64/tools/clang-3.9-csynth/bin/xilinx-dataflow-lawyer -export-fixes=C:/SPB_Data/ELEN90096-Group-2/SRCNN/srcnn_hls/solution1/.autopilot/db/conv3.pp.0.cpp.xilinx-dataflow-lawyer.diag.yml C:/SPB_Data/ELEN90096-Group-2/SRCNN/srcnn_hls/solution1/.autopilot/db/conv3.pp.0.cpp -- -std=gnu++14 -target fpga -fhls -ferror-limit=0 -fstrict-dataflow > C:/SPB_Data/ELEN90096-Group-2/SRCNN/srcnn_hls/solution1/.autopilot/db/conv3.pp.0.cpp.xilinx-dataflow-lawyer.out.log 2> C:/SPB_Data/ELEN90096-Group-2/SRCNN/srcnn_hls/solution1/.autopilot/db/conv3.pp.0.cpp.xilinx-dataflow-lawyer.err.log
Execute       ap_part_info -name xck24-ubva530-2LV-c -data info 
INFO-FLOW: compiling source code to llvm bc
INFO-FLOW: run_clang exec: C:/Xilinx/Vitis_HLS/2023.1/win64/tools/clang-3.9-csynth/bin/clang -foptimization-record-file=C:/SPB_Data/ELEN90096-Group-2/SRCNN/srcnn_hls/solution1/.autopilot/db/conv3.pp.0.cpp.clang.diag.yml -mllvm -pass-remarks-missed=reflow|pasta|unroll -mllvm -pass-remarks=reflow|pasta|unroll|inline -fno-limit-debug-info -fhls -flto -fno-exceptions -Wno-error=c++11-narrowing C:/SPB_Data/ELEN90096-Group-2/SRCNN/srcnn_hls/solution1/.autopilot/db/conv3.pp.0.cpp -fno-math-errno -c -emit-llvm -mllvm -disable-llvm-optzns -Werror=implicit-function-declaration -Werror=implicit-hls-streams -Werror=return-type -Wpragmas -Wunused-parameter -Wdump-hls-pragmas -Wno-error=dump-hls-pragmas -fno-threadsafe-statics -fno-use-cxa-atexit -std=gnu++14 -target fpga64-xilinx-linux-gnu -D__VITIS_HLS__ -DAESL_SYN -D__SYNTHESIS__ -D__HLS_SYN__ -I C:/Xilinx/Vitis_HLS/2023.1/common/technology/autopilot -I C:/Xilinx/Vitis_HLS/2023.1/common/technology/autopilot/ap_sysc -include etc/autopilot_ssdm_op.h -D__DSP48E2__ -g -o C:/SPB_Data/ELEN90096-Group-2/SRCNN/srcnn_hls/solution1/.autopilot/db/conv3.bc {-hls-platform-db-name=C:/Xilinx/Vitis_HLS/2023.1/common/technology\xilinx/common/platform.db} -hls-platform-name=zynquplus_medium -device-resource-info=BRAM_432.000000_DSP_360.000000_FF_141120.000000_LUT_70560.000000_SLICE_8820.000000_URAM_0.000000 -device-name-info=xck24-ubva530-2LV-c > C:/SPB_Data/ELEN90096-Group-2/SRCNN/srcnn_hls/solution1/.autopilot/db/conv3.pp.0.cpp.clang.out.log 2> C:/SPB_Data/ELEN90096-Group-2/SRCNN/srcnn_hls/solution1/.autopilot/db/conv3.pp.0.cpp.clang.err.log
INFO: [HLS 200-10] Analyzing design file 'src/srcnn.cpp' ... 
INFO-FLOW: Compiling one TU...
INFO-FLOW: Handling src/srcnn.cpp as C++
Execute       ap_part_info -name xck24-ubva530-2LV-c -data info 
INFO-FLOW: Running: GCC PP 39
INFO-FLOW: Source preprocessing
INFO-FLOW: run_clang exec: C:/Xilinx/Vitis_HLS/2023.1/win64/tools/clang-3.9-csynth/bin/clang src/srcnn.cpp -foptimization-record-file=C:/SPB_Data/ELEN90096-Group-2/SRCNN/srcnn_hls/solution1/.autopilot/db/srcnn.cpp.clang.diag.yml -mllvm -pass-remarks-missed=reflow|pasta|unroll -mllvm -pass-remarks=reflow|pasta|unroll|inline -fno-limit-debug-info --sysroot C:/Xilinx/Vitis_HLS/2023.1/tps/mingw/8.3.0/win64.o/nt -fhls -fno-exceptions -insert-hls-directive=C:/SPB_Data/ELEN90096-Group-2/SRCNN/srcnn_hls/solution1/.autopilot/db/all.directive.json -E -fno-math-errno -c -emit-llvm -mllvm -disable-llvm-optzns -Werror=implicit-function-declaration -Werror=implicit-hls-streams -Werror=return-type -Wpragmas -Wunused-parameter -Wdump-hls-pragmas -Wno-error=dump-hls-pragmas -fno-threadsafe-statics -fno-use-cxa-atexit -std=gnu++14 -target fpga64-xilinx-mingw32 -fno-threadsafe-statics -fno-use-cxa-atexit -D__VITIS_HLS__ -DAESL_SYN -D__SYNTHESIS__ -D__HLS_SYN__ -I C:/Xilinx/Vitis_HLS/2023.1/common/technology/autopilot -I C:/Xilinx/Vitis_HLS/2023.1/common/technology/autopilot/ap_sysc -include etc/autopilot_ssdm_op.h -D__DSP48E2__ -I /usr/include/x86_64-linux-gnu -o C:/SPB_Data/ELEN90096-Group-2/SRCNN/srcnn_hls/solution1/.autopilot/db/srcnn.pp.0.cpp {-hls-platform-db-name=C:/Xilinx/Vitis_HLS/2023.1/common/technology\xilinx/common/platform.db} -hls-platform-name=zynquplus_medium -device-resource-info=BRAM_432.000000_DSP_360.000000_FF_141120.000000_LUT_70560.000000_SLICE_8820.000000_URAM_0.000000 -device-name-info=xck24-ubva530-2LV-c > C:/SPB_Data/ELEN90096-Group-2/SRCNN/srcnn_hls/solution1/.autopilot/db/srcnn.cpp.clang.out.log 2> C:/SPB_Data/ELEN90096-Group-2/SRCNN/srcnn_hls/solution1/.autopilot/db/srcnn.cpp.clang.err.log
INFO-FLOW: Done: GCC PP 39 time: 0.6 seconds per iteration
INFO-FLOW: Source syntax check for synthesis
INFO-FLOW: run_clang exec: C:/Xilinx/Vitis_HLS/2023.1/win64/tools/clang-3.9-csynth/bin/clang -foptimization-record-file=C:/SPB_Data/ELEN90096-Group-2/SRCNN/srcnn_hls/solution1/.autopilot/db/clang.diag.yml -mllvm -pass-remarks-missed=reflow|pasta|unroll -mllvm -pass-remarks=reflow|pasta|unroll|inline -fsyntax-only -fhls -target fpga64-xilinx-linux-gnu C:/SPB_Data/ELEN90096-Group-2/SRCNN/srcnn_hls/solution1/.autopilot/db/srcnn.pp.0.cpp {-hls-platform-db-name=C:/Xilinx/Vitis_HLS/2023.1/common/technology\xilinx/common/platform.db} -hls-platform-name=zynquplus_medium -device-resource-info=BRAM_432.000000_DSP_360.000000_FF_141120.000000_LUT_70560.000000_SLICE_8820.000000_URAM_0.000000 -device-name-info=xck24-ubva530-2LV-c > C:/SPB_Data/ELEN90096-Group-2/SRCNN/srcnn_hls/solution1/.autopilot/db/clang.out.log 2> C:/SPB_Data/ELEN90096-Group-2/SRCNN/srcnn_hls/solution1/.autopilot/db/clang.err.log
Execute       clang_tidy xilinx-systemc-detector -desc systemc-detector C:/SPB_Data/ELEN90096-Group-2/SRCNN/srcnn_hls/solution1/.autopilot/db/srcnn.pp.0.cpp std=gnu++14 -target fpga  -directive=C:/SPB_Data/ELEN90096-Group-2/SRCNN/srcnn_hls/solution1/.autopilot/db/.systemc_flag 
INFO-FLOW: exec C:/Xilinx/Vitis_HLS/2023.1/win64/tools/clang-3.9-csynth/bin/clang-tidy -header-filter=.* --checks=-*,xilinx-systemc-detector -import-directive=C:/SPB_Data/ELEN90096-Group-2/SRCNN/srcnn_hls/solution1/.autopilot/db/.systemc_flag -fix-errors C:/SPB_Data/ELEN90096-Group-2/SRCNN/srcnn_hls/solution1/.autopilot/db/srcnn.pp.0.cpp -- -std=gnu++14 -target fpga -fhls -ferror-limit=0
Command       clang_tidy done; 0.761 sec.
INFO-FLOW: Running: clang-tidy CDT preprocess 39
Execute       clang_tidy xilinx-directive2pragma -desc directive2pragma C:/SPB_Data/ELEN90096-Group-2/SRCNN/srcnn_hls/solution1/.autopilot/db/srcnn.pp.0.cpp std=gnu++14 -target fpga  -directive=C:/SPB_Data/ELEN90096-Group-2/SRCNN/srcnn_hls/solution1/.autopilot/db/all.directive.json 
INFO-FLOW: exec C:/Xilinx/Vitis_HLS/2023.1/win64/tools/clang-3.9-csynth/bin/clang-tidy -header-filter=.* --checks=-*,xilinx-directive2pragma -import-directive=C:/SPB_Data/ELEN90096-Group-2/SRCNN/srcnn_hls/solution1/.autopilot/db/all.directive.json -fix-errors C:/SPB_Data/ELEN90096-Group-2/SRCNN/srcnn_hls/solution1/.autopilot/db/srcnn.pp.0.cpp -- -std=gnu++14 -target fpga -fhls -ferror-limit=0
Command       clang_tidy done; 1.161 sec.
INFO-FLOW: Done: clang-tidy CDT preprocess 39 time: 1.2 seconds per iteration
INFO-FLOW: Calling xilinx-label-all-loops ... 
INFO-FLOW: Calling xilinx-aggregate-on-hls-vector ... 
Execute       clang_tidy -errorcheck -desc loop-label xilinx-label-all-loops,xilinx-aggregate-on-hls-vector,,xilinx-warn-mayneed-no-ctor-attribute C:/SPB_Data/ELEN90096-Group-2/SRCNN/srcnn_hls/solution1/.autopilot/db/srcnn.pp.0.cpp std=gnu++14 -target fpga  
INFO-FLOW: run_clang exec: C:/Xilinx/Vitis_HLS/2023.1/win64/tools/clang-3.9-csynth/bin/clang-tidy -export-fixes=C:/SPB_Data/ELEN90096-Group-2/SRCNN/srcnn_hls/solution1/.autopilot/db/srcnn.pp.0.cpp.clang-tidy.loop-label.diag.yml -header-filter=.* --checks=-*,xilinx-label-all-loops,xilinx-aggregate-on-hls-vector,,xilinx-warn-mayneed-no-ctor-attribute -fix-errors C:/SPB_Data/ELEN90096-Group-2/SRCNN/srcnn_hls/solution1/.autopilot/db/srcnn.pp.0.cpp -- -std=gnu++14 -target fpga -fhls -ferror-limit=0 > C:/SPB_Data/ELEN90096-Group-2/SRCNN/srcnn_hls/solution1/.autopilot/db/srcnn.pp.0.cpp.clang-tidy.loop-label.out.log 2> C:/SPB_Data/ELEN90096-Group-2/SRCNN/srcnn_hls/solution1/.autopilot/db/srcnn.pp.0.cpp.clang-tidy.loop-label.err.log
Command       clang_tidy done; 1.339 sec.
INFO-FLOW: run_clang exec: C:/Xilinx/Vitis_HLS/2023.1/win64/tools/clang-3.9-csynth/bin/xilinx-dataflow-lawyer -export-fixes=C:/SPB_Data/ELEN90096-Group-2/SRCNN/srcnn_hls/solution1/.autopilot/db/srcnn.pp.0.cpp.xilinx-dataflow-lawyer.diag.yml C:/SPB_Data/ELEN90096-Group-2/SRCNN/srcnn_hls/solution1/.autopilot/db/srcnn.pp.0.cpp -- -std=gnu++14 -target fpga -fhls -ferror-limit=0 -fstrict-dataflow > C:/SPB_Data/ELEN90096-Group-2/SRCNN/srcnn_hls/solution1/.autopilot/db/srcnn.pp.0.cpp.xilinx-dataflow-lawyer.out.log 2> C:/SPB_Data/ELEN90096-Group-2/SRCNN/srcnn_hls/solution1/.autopilot/db/srcnn.pp.0.cpp.xilinx-dataflow-lawyer.err.log
Execute       ap_part_info -name xck24-ubva530-2LV-c -data info 
INFO-FLOW: compiling source code to llvm bc
INFO-FLOW: run_clang exec: C:/Xilinx/Vitis_HLS/2023.1/win64/tools/clang-3.9-csynth/bin/clang -foptimization-record-file=C:/SPB_Data/ELEN90096-Group-2/SRCNN/srcnn_hls/solution1/.autopilot/db/srcnn.pp.0.cpp.clang.diag.yml -mllvm -pass-remarks-missed=reflow|pasta|unroll -mllvm -pass-remarks=reflow|pasta|unroll|inline -fno-limit-debug-info -fhls -flto -fno-exceptions -Wno-error=c++11-narrowing C:/SPB_Data/ELEN90096-Group-2/SRCNN/srcnn_hls/solution1/.autopilot/db/srcnn.pp.0.cpp -fno-math-errno -c -emit-llvm -mllvm -disable-llvm-optzns -Werror=implicit-function-declaration -Werror=implicit-hls-streams -Werror=return-type -Wpragmas -Wunused-parameter -Wdump-hls-pragmas -Wno-error=dump-hls-pragmas -fno-threadsafe-statics -fno-use-cxa-atexit -std=gnu++14 -target fpga64-xilinx-linux-gnu -D__VITIS_HLS__ -DAESL_SYN -D__SYNTHESIS__ -D__HLS_SYN__ -I C:/Xilinx/Vitis_HLS/2023.1/common/technology/autopilot -I C:/Xilinx/Vitis_HLS/2023.1/common/technology/autopilot/ap_sysc -include etc/autopilot_ssdm_op.h -D__DSP48E2__ -g -o C:/SPB_Data/ELEN90096-Group-2/SRCNN/srcnn_hls/solution1/.autopilot/db/srcnn.bc {-hls-platform-db-name=C:/Xilinx/Vitis_HLS/2023.1/common/technology\xilinx/common/platform.db} -hls-platform-name=zynquplus_medium -device-resource-info=BRAM_432.000000_DSP_360.000000_FF_141120.000000_LUT_70560.000000_SLICE_8820.000000_URAM_0.000000 -device-name-info=xck24-ubva530-2LV-c > C:/SPB_Data/ELEN90096-Group-2/SRCNN/srcnn_hls/solution1/.autopilot/db/srcnn.pp.0.cpp.clang.out.log 2> C:/SPB_Data/ELEN90096-Group-2/SRCNN/srcnn_hls/solution1/.autopilot/db/srcnn.pp.0.cpp.clang.err.log
INFO: [HLS 200-111] Finished Source Code Analysis and Preprocessing: CPU user time: 0 seconds. CPU system time: 1 seconds. Elapsed time: 25.822 seconds; current allocated memory: 92.602 MB.
INFO-FLOW: Linking Debug ...
INFO-FLOW: Linking dut bc code.
Execute       run_link_or_opt -out C:/SPB_Data/ELEN90096-Group-2/SRCNN/srcnn_hls/solution1/.autopilot/db/a.g.ld.0.bc -args  "C:/SPB_Data/ELEN90096-Group-2/SRCNN/srcnn_hls/solution1/.autopilot/db/conv1.g.bc" "C:/SPB_Data/ELEN90096-Group-2/SRCNN/srcnn_hls/solution1/.autopilot/db/conv2.g.bc" "C:/SPB_Data/ELEN90096-Group-2/SRCNN/srcnn_hls/solution1/.autopilot/db/conv3.g.bc" "C:/SPB_Data/ELEN90096-Group-2/SRCNN/srcnn_hls/solution1/.autopilot/db/srcnn.g.bc"  
INFO-FLOW: run_clang exec: C:/Xilinx/Vitis_HLS/2023.1/win64/tools/clang-3.9-csynth/bin/llvm-link C:/SPB_Data/ELEN90096-Group-2/SRCNN/srcnn_hls/solution1/.autopilot/db/conv1.g.bc C:/SPB_Data/ELEN90096-Group-2/SRCNN/srcnn_hls/solution1/.autopilot/db/conv2.g.bc C:/SPB_Data/ELEN90096-Group-2/SRCNN/srcnn_hls/solution1/.autopilot/db/conv3.g.bc C:/SPB_Data/ELEN90096-Group-2/SRCNN/srcnn_hls/solution1/.autopilot/db/srcnn.g.bc -o C:/SPB_Data/ELEN90096-Group-2/SRCNN/srcnn_hls/solution1/.autopilot/db/a.g.ld.0.bc > C:/SPB_Data/ELEN90096-Group-2/SRCNN/srcnn_hls/solution1/.autopilot/db/a.g.ld.0.bc.llvm-link.out.log 2> C:/SPB_Data/ELEN90096-Group-2/SRCNN/srcnn_hls/solution1/.autopilot/db/a.g.ld.0.bc.llvm-link.err.log
INFO-FLOW: 
Command       run_link_or_opt done; 0.155 sec.
Execute       run_link_or_opt -opt -out C:/SPB_Data/ELEN90096-Group-2/SRCNN/srcnn_hls/solution1/.autopilot/db/a.g.ld.1.lower.bc -args C:/SPB_Data/ELEN90096-Group-2/SRCNN/srcnn_hls/solution1/.autopilot/db/a.g.ld.0.bc -reflow-lower-math-intrinsics 
INFO-FLOW: run_clang exec: C:/Xilinx/Vitis_HLS/2023.1/win64/tools/clang-3.9-csynth/bin/opt -pass-remarks-missed=reflow|pasta|unroll -pass-remarks=reflow|pasta|unroll|inline -pass-remarks-output=C:/SPB_Data/ELEN90096-Group-2/SRCNN/srcnn_hls/solution1/.autopilot/db/a.g.ld.1.lower.bc.opt.diag.yml C:/SPB_Data/ELEN90096-Group-2/SRCNN/srcnn_hls/solution1/.autopilot/db/a.g.ld.0.bc -reflow-lower-math-intrinsics -o C:/SPB_Data/ELEN90096-Group-2/SRCNN/srcnn_hls/solution1/.autopilot/db/a.g.ld.1.lower.bc > C:/SPB_Data/ELEN90096-Group-2/SRCNN/srcnn_hls/solution1/.autopilot/db/a.g.ld.1.lower.bc.opt.out.log 2> C:/SPB_Data/ELEN90096-Group-2/SRCNN/srcnn_hls/solution1/.autopilot/db/a.g.ld.1.lower.bc.opt.err.log
INFO-FLOW: 
INFO-FLOW: Running: gen_design_size_report post-opt
INFO-FLOW: Done: gen_design_size_report post-opt time: 0 seconds per iteration
Command       run_link_or_opt done; 0.164 sec.
INFO-FLOW: Linking math bc lib
Execute       run_link_or_opt -out C:/SPB_Data/ELEN90096-Group-2/SRCNN/srcnn_hls/solution1/.autopilot/db/a.g.ld.2.m1.bc -args C:/SPB_Data/ELEN90096-Group-2/SRCNN/srcnn_hls/solution1/.autopilot/db/a.g.ld.1.lower.bc -only-needed C:/Xilinx/Vitis_HLS/2023.1/win64/lib/libhlsm_39.bc C:/Xilinx/Vitis_HLS/2023.1/win64/lib/libhlsmc++_39.bc 
INFO-FLOW: run_clang exec: C:/Xilinx/Vitis_HLS/2023.1/win64/tools/clang-3.9-csynth/bin/llvm-link C:/SPB_Data/ELEN90096-Group-2/SRCNN/srcnn_hls/solution1/.autopilot/db/a.g.ld.1.lower.bc -only-needed C:/Xilinx/Vitis_HLS/2023.1/win64/lib/libhlsm_39.bc C:/Xilinx/Vitis_HLS/2023.1/win64/lib/libhlsmc++_39.bc -o C:/SPB_Data/ELEN90096-Group-2/SRCNN/srcnn_hls/solution1/.autopilot/db/a.g.ld.2.m1.bc > C:/SPB_Data/ELEN90096-Group-2/SRCNN/srcnn_hls/solution1/.autopilot/db/a.g.ld.2.m1.bc.llvm-link.out.log 2> C:/SPB_Data/ELEN90096-Group-2/SRCNN/srcnn_hls/solution1/.autopilot/db/a.g.ld.2.m1.bc.llvm-link.err.log
INFO-FLOW: 
Command       run_link_or_opt done; 1.721 sec.
Execute       run_link_or_opt -opt -out C:/SPB_Data/ELEN90096-Group-2/SRCNN/srcnn_hls/solution1/.autopilot/db/a.g.ld.3.fpc.bc -args C:/SPB_Data/ELEN90096-Group-2/SRCNN/srcnn_hls/solution1/.autopilot/db/a.g.ld.2.m1.bc -reflow-globaldce -hls-top-function-name=srcnn -reflow-float-conversion 
INFO-FLOW: run_clang exec: C:/Xilinx/Vitis_HLS/2023.1/win64/tools/clang-3.9-csynth/bin/opt -pass-remarks-missed=reflow|pasta|unroll -pass-remarks=reflow|pasta|unroll|inline -pass-remarks-output=C:/SPB_Data/ELEN90096-Group-2/SRCNN/srcnn_hls/solution1/.autopilot/db/a.g.ld.3.fpc.bc.opt.diag.yml C:/SPB_Data/ELEN90096-Group-2/SRCNN/srcnn_hls/solution1/.autopilot/db/a.g.ld.2.m1.bc -reflow-globaldce -hls-top-function-name=srcnn -reflow-float-conversion -o C:/SPB_Data/ELEN90096-Group-2/SRCNN/srcnn_hls/solution1/.autopilot/db/a.g.ld.3.fpc.bc > C:/SPB_Data/ELEN90096-Group-2/SRCNN/srcnn_hls/solution1/.autopilot/db/a.g.ld.3.fpc.bc.opt.out.log 2> C:/SPB_Data/ELEN90096-Group-2/SRCNN/srcnn_hls/solution1/.autopilot/db/a.g.ld.3.fpc.bc.opt.err.log
INFO-FLOW: 
INFO-FLOW: Running: gen_design_size_report post-opt
INFO-FLOW: Done: gen_design_size_report post-opt time: 0 seconds per iteration
Command       run_link_or_opt done; 0.819 sec.
Execute       run_link_or_opt -out C:/SPB_Data/ELEN90096-Group-2/SRCNN/srcnn_hls/solution1/.autopilot/db/a.g.ld.4.m2.bc -args C:/SPB_Data/ELEN90096-Group-2/SRCNN/srcnn_hls/solution1/.autopilot/db/a.g.ld.3.fpc.bc -only-needed C:/Xilinx/Vitis_HLS/2023.1/win64/lib/libfloatconversion_39.bc 
INFO-FLOW: run_clang exec: C:/Xilinx/Vitis_HLS/2023.1/win64/tools/clang-3.9-csynth/bin/llvm-link C:/SPB_Data/ELEN90096-Group-2/SRCNN/srcnn_hls/solution1/.autopilot/db/a.g.ld.3.fpc.bc -only-needed C:/Xilinx/Vitis_HLS/2023.1/win64/lib/libfloatconversion_39.bc -o C:/SPB_Data/ELEN90096-Group-2/SRCNN/srcnn_hls/solution1/.autopilot/db/a.g.ld.4.m2.bc > C:/SPB_Data/ELEN90096-Group-2/SRCNN/srcnn_hls/solution1/.autopilot/db/a.g.ld.4.m2.bc.llvm-link.out.log 2> C:/SPB_Data/ELEN90096-Group-2/SRCNN/srcnn_hls/solution1/.autopilot/db/a.g.ld.4.m2.bc.llvm-link.err.log
INFO-FLOW: 
Command       run_link_or_opt done; 0.158 sec.
Execute       run_link_or_opt -opt -out C:/SPB_Data/ELEN90096-Group-2/SRCNN/srcnn_hls/solution1/.autopilot/db/a.g.ld.5.gdce.bc -args C:/SPB_Data/ELEN90096-Group-2/SRCNN/srcnn_hls/solution1/.autopilot/db/a.g.ld.4.m2.bc -reflow-globaldce -hls-top-function-name=srcnn 
INFO-FLOW: run_clang exec: C:/Xilinx/Vitis_HLS/2023.1/win64/tools/clang-3.9-csynth/bin/opt -pass-remarks-missed=reflow|pasta|unroll -pass-remarks=reflow|pasta|unroll|inline -pass-remarks-output=C:/SPB_Data/ELEN90096-Group-2/SRCNN/srcnn_hls/solution1/.autopilot/db/a.g.ld.5.gdce.bc.opt.diag.yml C:/SPB_Data/ELEN90096-Group-2/SRCNN/srcnn_hls/solution1/.autopilot/db/a.g.ld.4.m2.bc -reflow-globaldce -hls-top-function-name=srcnn -o C:/SPB_Data/ELEN90096-Group-2/SRCNN/srcnn_hls/solution1/.autopilot/db/a.g.ld.5.gdce.bc > C:/SPB_Data/ELEN90096-Group-2/SRCNN/srcnn_hls/solution1/.autopilot/db/a.g.ld.5.gdce.bc.opt.out.log 2> C:/SPB_Data/ELEN90096-Group-2/SRCNN/srcnn_hls/solution1/.autopilot/db/a.g.ld.5.gdce.bc.opt.err.log
INFO-FLOW: 
INFO-FLOW: Running: gen_design_size_report post-opt
INFO-FLOW: Done: gen_design_size_report post-opt time: 0 seconds per iteration
Command       run_link_or_opt done; 0.166 sec.
Execute       send_msg_by_id INFO @200-777@%s Vivado 
INFO: [HLS 200-777] Using interface defaults for 'Vivado' flow target.
Execute       is_m_axi_addr64 
INFO-FLOW: Doing LTO.
INFO-FLOW: run_clang exec: C:/Xilinx/Vitis_HLS/2023.1/win64/tools/clang-3.9-csynth/bin/clang -foptimization-record-file=C:/SPB_Data/ELEN90096-Group-2/SRCNN/srcnn_hls/solution1/.autopilot/db/a.g.ld.0.bc.clang.reflow.diag.yml -mllvm -pass-remarks-missed=reflow|pasta|unroll -mllvm -pass-remarks=reflow|pasta|unroll|inline -fhls -mllvm -hls-top-function-name=srcnn -mllvm -hls-db-dir -mllvm C:/SPB_Data/ELEN90096-Group-2/SRCNN/srcnn_hls/solution1/.autopilot/db -emit-llvm -c -target fpga64-xilinx-none -mllvm -xcl-xmlinfo=C:/SPB_Data/ELEN90096-Group-2/SRCNN/srcnn_hls/solution1/.autopilot/db/kernel.internal.xml -mllvm -top-io-mapping-info=C:/SPB_Data/ELEN90096-Group-2/SRCNN/srcnn_hls/solution1/.autopilot/db/top-io-fe.xml -mllvm -hls-bitcode-version=3.1 -mllvm -reflow-enable-slave-interface-default-setting=true -mllvm -gen-kernel-xml=false -mllvm -default-maxi-offset=slave -mllvm -maxi-latency=0 -mllvm -hls-maxi-data-size-in-bits=8 -mllvm -hls-maxi-max-data-size-in-bits=1024 -mllvm -hls-max-widen-size-in-bits=0 -mllvm -xcl-kernel-max-mem-ports=0 -mllvm -maxi-read-trans=16 -mllvm -maxi-write-trans=16 -mllvm -maxi-read-burst-len=16 -mllvm -maxi-write-burst-len=16 -mllvm -reflow-enable-saxi-64bits=0 -mllvm -reflow-basic-block-instr-threshold=200000 -mllvm -reflow-auto-pipeline-threshold=64 -mllvm -reflow-enable-maxi-auto-id-channel=0 -mllvm -enable-fp-thr=0 -mllvm -reflow-bdd-simplify-threshold=1024 -mllvm -reflow-fanout-threshold=16 -mllvm -assume-maxi-align=1 -mllvm -reflow-pipeline-style-llvm-setting=2 -mllvm -reflow-enable-dataflow-strict-mode-checking=1 -ftime-report -mllvm -time-passes -mllvm -reflow-auto-array-partition-mode=default -mllvm -reflow-enable-auto-array-partition=true -mllvm -reflow-enable-auto-parallel-performance-driven=true -mllvm -reflow-enable-partition-for-automation=true -mllvm -reflow-aggregate-bitwidth-threshold=4096 -mllvm -reflow-reserved-saxilite-registers=1024 -mllvm -reflow-assume-no-address-wrap=true -mllvm -reflow-enable-occurrence-inference=true -mllvm -hls -mllvm -disable-inlined-alloca-merging=true -mllvm -default-clock-period=10 -x ir C:/SPB_Data/ELEN90096-Group-2/SRCNN/srcnn_hls/solution1/.autopilot/db/a.g.ld.5.gdce.bc -o C:/SPB_Data/ELEN90096-Group-2/SRCNN/srcnn_hls/solution1/.autopilot/db/a.g.lto.bc {-hls-platform-db-name=C:/Xilinx/Vitis_HLS/2023.1/common/technology\xilinx/common/platform.db} -hls-platform-name=zynquplus_medium -device-resource-info=BRAM_432.000000_DSP_360.000000_FF_141120.000000_LUT_70560.000000_SLICE_8820.000000_URAM_0.000000 -device-name-info=xck24-ubva530-2LV-c > C:/SPB_Data/ELEN90096-Group-2/SRCNN/srcnn_hls/solution1/.autopilot/db/a.g.ld.0.bc.clang.reflow.out.log 2> C:/SPB_Data/ELEN90096-Group-2/SRCNN/srcnn_hls/solution1/.autopilot/db/a.g.ld.0.bc.clang.reflow.err.log
INFO: [HLS 214-291] Loop 'VITIS_LOOP_123_5' is marked as complete unroll implied by the pipeline pragma (src/conv2.cpp:123:20)
INFO: [HLS 214-291] Loop 'VITIS_LOOP_124_6' is marked as complete unroll implied by the pipeline pragma (src/conv2.cpp:124:22)
INFO: [HLS 214-291] Loop 'VITIS_LOOP_126_7' is marked as complete unroll implied by the pipeline pragma (src/conv2.cpp:126:23)
INFO: [HLS 214-291] Loop 'VITIS_LOOP_108_2' is marked as complete unroll implied by the pipeline pragma (src/conv2.cpp:108:20)
INFO: [HLS 214-291] Loop 'VITIS_LOOP_109_3' is marked as complete unroll implied by the pipeline pragma (src/conv2.cpp:109:22)
INFO: [HLS 214-359] Unrolling loop 'NIN' (src/conv3.cpp:71:12) in function 'conv3': changing partial unrolling into complete unrolling since the unrolling factor (=8) is no less than the loop trip count (=8). (src/conv3.cpp:14:0)
INFO: [HLS 214-186] Unrolling loop 'NIN' (src/conv3.cpp:71:12) in function 'conv3' completely with a factor of 8 (src/conv3.cpp:14:0)
INFO: [HLS 214-359] Unrolling loop 'NIN' (src/conv2.cpp:70:12) in function 'conv2': changing partial unrolling into complete unrolling since the unrolling factor (=8) is no less than the loop trip count (=8). (src/conv2.cpp:13:0)
INFO: [HLS 214-186] Unrolling loop 'NIN' (src/conv2.cpp:70:12) in function 'conv2' completely with a factor of 8 (src/conv2.cpp:13:0)
INFO: [HLS 214-186] Unrolling loop 'VITIS_LOOP_123_5' (src/conv2.cpp:123:20) in function 'load_buffer_tile_c2' completely with a factor of 8 (src/conv2.cpp:100:0)
INFO: [HLS 214-186] Unrolling loop 'VITIS_LOOP_124_6' (src/conv2.cpp:124:22) in function 'load_buffer_tile_c2' completely with a factor of 1 (src/conv2.cpp:100:0)
INFO: [HLS 214-186] Unrolling loop 'VITIS_LOOP_126_7' (src/conv2.cpp:126:23) in function 'load_buffer_tile_c2' completely with a factor of 1 (src/conv2.cpp:100:0)
INFO: [HLS 214-186] Unrolling loop 'VITIS_LOOP_108_2' (src/conv2.cpp:108:20) in function 'load_buffer_tile_c2' completely with a factor of 17 (src/conv2.cpp:100:0)
INFO: [HLS 214-186] Unrolling loop 'VITIS_LOOP_109_3' (src/conv2.cpp:109:22) in function 'load_buffer_tile_c2' completely with a factor of 17 (src/conv2.cpp:100:0)
INFO: [HLS 214-188] Unrolling loop 'ROW' (src/conv1.cpp:50:10) in function 'conv1' partially with a factor of 2 (src/conv1.cpp:13:0)
INFO: [HLS 214-186] Unrolling loop 'KR' (src/conv1.cpp:54:10) in function 'conv1' completely with a factor of 9 (src/conv1.cpp:13:0)
INFO: [HLS 214-188] Unrolling loop 'KC' (src/conv1.cpp:56:6) in function 'conv1' partially with a factor of 2 (src/conv1.cpp:13:0)
INFO: [HLS 214-188] Unrolling loop 'BH' (src/conv1.cpp:79:6) in function 'clear_buffer' partially with a factor of 3 (src/conv1.cpp:77:0)
INFO: [HLS 214-188] Unrolling loop 'BH' (src/conv1.cpp:146:6) in function 'export_output_buffer_c1' partially with a factor of 3 (src/conv1.cpp:143:0)
INFO: [HLS 214-186] Unrolling loop 'PAD_LEFT' (src/conv1.cpp:104:13) in function 'load_input_buffer_c1' completely with a factor of 4 (src/conv1.cpp:93:0)
INFO: [HLS 214-186] Unrolling loop 'PAD_RIGHT' (src/conv1.cpp:113:14) in function 'load_input_buffer_c1' completely with a factor of 4 (src/conv1.cpp:93:0)
INFO: [HLS 214-178] Inlining function 'fp_struct<float>::fp_struct(float)' into 'int generic_cast_IEEE754<int, (ap_q_mode)6, float>(float, bool, hls::enable_if<std::numeric_limits<int>::is_signed, bool>::type)' (C:\scratch\2023.1\hls_product\1026\2023.1\src\shared\hls\clib/hlsmath/include/FloatingPoint\hls_case_IEEE754.h:12:0)
INFO: [HLS 214-178] Inlining function 'fp_struct<float>::mantissa() const' into 'int generic_cast_IEEE754<int, (ap_q_mode)6, float>(float, bool, hls::enable_if<std::numeric_limits<int>::is_signed, bool>::type)' (C:\scratch\2023.1\hls_product\1026\2023.1\src\shared\hls\clib/hlsmath/include/FloatingPoint\hls_case_IEEE754.h:12:0)
INFO: [HLS 214-178] Inlining function 'fp_struct<float>::expv() const' into 'int generic_cast_IEEE754<int, (ap_q_mode)6, float>(float, bool, hls::enable_if<std::numeric_limits<int>::is_signed, bool>::type)' (C:\scratch\2023.1\hls_product\1026\2023.1\src\shared\hls\clib/hlsmath/include/FloatingPoint\hls_case_IEEE754.h:12:0)
INFO: [HLS 214-178] Inlining function 'fp_struct<float>::__signbit() const' into 'int generic_cast_IEEE754<int, (ap_q_mode)6, float>(float, bool, hls::enable_if<std::numeric_limits<int>::is_signed, bool>::type)' (C:\scratch\2023.1\hls_product\1026\2023.1\src\shared\hls\clib/hlsmath/include/FloatingPoint\hls_case_IEEE754.h:12:0)
INFO: [HLS 214-178] Inlining function 'int generic_cast_IEEE754<int, (ap_q_mode)6, float>(float, bool, hls::enable_if<std::numeric_limits<int>::is_signed, bool>::type)' into 'int generic_cast_IEEE754<int, float>(float, bool)' (C:\scratch\2023.1\hls_product\1026\2023.1\src\shared\hls\clib/hlsmath/include/FloatingPoint\hls_case_IEEE754.h:116:0)
INFO: [HLS 214-178] Inlining function 'int generic_cast_IEEE754<int, float>(float, bool)' into '__hls_fptosi_float_i32' (C:\scratch\2023.1\hls_product\1026\2023.1\src\shared\hls\clib\hlsmath\src\lib_floatconversion.cpp:51:0)
INFO: [HLS 214-178] Inlining function 'clamp(int, int, int)' into 'load_input_buffer_c1(float (*) [23][263], float (*) [255][255], int, int)' (src/conv1.cpp:93:0)
INFO: [HLS 214-178] Inlining function '__hls_fptosi_float_i32' into 'load_input_buffer_c1(float (*) [23][263], float (*) [255][255], int, int)' (src/conv1.cpp:93:0)
INFO: [HLS 214-178] Inlining function 'load_weight_buffer_c1(float (*) [1][9][9], float (*) [1][9][9], int, int)' into 'conv1(float (*) [255][255], float (*) [1][9][9], float*, float (*) [255][255])' (src/conv1.cpp:13:0)
INFO: [HLS 214-178] Inlining function 'export_output_buffer_c1(float (*) [15][255], float (*) [255][255], float*, int, int)' into 'conv1(float (*) [255][255], float (*) [1][9][9], float*, float (*) [255][255])' (src/conv1.cpp:13:0)
INFO: [HLS 214-178] Inlining function 'clear_buffer(float (*) [15][255])' into 'conv1(float (*) [255][255], float (*) [1][9][9], float*, float (*) [255][255])' (src/conv1.cpp:13:0)
INFO: [HLS 214-178] Inlining function 'export_buffer_tile_c2(float (*) [17][17], float (*) [255][255], int, int, float*)' into 'conv2(float (*) [255][255], float (*) [64][1][1], float*, float (*) [255][255])' (src/conv2.cpp:13:0)
INFO: [HLS 214-178] Inlining function 'clamp(int, int, int)' into 'load_buffer_tile_c3(float (*) [21][21], float (*) [255][255], float (*) [8][5][5], float (*) [32][5][5], int, int, int)' (src/conv3.cpp:102:0)
INFO: [HLS 214-178] Inlining function 'load_buffer_tile_c3(float (*) [21][21], float (*) [255][255], float (*) [8][5][5], float (*) [32][5][5], int, int, int)' into 'conv3(float (*) [255][255], float (*) [32][5][5], float*, float (*) [255][255])' (src/conv3.cpp:14:0)
INFO: [HLS 214-178] Inlining function 'export_buffer_tile_c3(float (*) [17][17], float (*) [255][255], int, int, float*)' into 'conv3(float (*) [255][255], float (*) [32][5][5], float*, float (*) [255][255])' (src/conv3.cpp:14:0)
INFO: [HLS 214-248] Applying array_partition to '_ZZ5conv1PA255_A255_fPA1_A9_A9_fPfS1_E13weight_buffer': Cyclic partitioning with factor 2 on dimension 1. Cyclic partitioning with factor 2 on dimension 2. (src/conv1.cpp:23:0)
INFO: [HLS 214-248] Applying array_partition to '_ZZ5conv1PA255_A255_fPA1_A9_A9_fPfS1_E15input_fm_buffer': Cyclic partitioning with factor 4 on dimension 2. (src/conv1.cpp:20:0)
INFO: [HLS 214-248] Applying array_partition to '_ZZ5conv1PA255_A255_fPA1_A9_A9_fPfS1_E16output_fm_buffer': Cyclic partitioning with factor 8 on dimension 2. (src/conv1.cpp:17:0)
INFO: [HLS 214-115] Multiple burst reads of length 255 and bit width 32 in loop 'anonymous'(src/conv1.cpp:110:3) has been inferred on bundle 'i1'. These burst requests might be further partitioned into multiple requests during RTL generation, based on max_read_burst_length or max_write_burst_length settings. (src/conv1.cpp:110:3)
INFO: [HLS 214-115] Multiple burst reads of length 648 and bit width 32 in loop 'LOAD_WEIGHTS'(src/conv1.cpp:128:16) has been inferred on bundle 'w1'. These burst requests might be further partitioned into multiple requests during RTL generation, based on max_read_burst_length or max_write_burst_length settings. (src/conv1.cpp:128:16)
INFO: [HLS 214-115] Multiple burst writes of length 3825 and bit width 32 in loop 'ROW'(src/conv1.cpp:159:7) has been inferred on bundle 'i2'. These burst requests might be further partitioned into multiple requests during RTL generation, based on max_read_burst_length or max_write_burst_length settings. (src/conv1.cpp:159:7)
INFO: [HLS 214-115] Multiple burst reads of length 8 and bit width 32 has been inferred on bundle 'w2'. These burst requests might be further partitioned into multiple requests during RTL generation, based on max_read_burst_length or max_write_burst_length settings. (src/conv2.cpp:127:42)
INFO: [HLS 214-115] Multiple burst writes of length 2080800 and bit width 32 in loop 'anonymous'(src/srcnn.cpp:38:2) has been inferred on bundle 'i3'. These burst requests might be further partitioned into multiple requests during RTL generation, based on max_read_burst_length or max_write_burst_length settings. (src/srcnn.cpp:38:2)
INFO: [HLS 214-115] Multiple burst writes of length 65025 and bit width 32 in loop 'anonymous'(src/srcnn.cpp:39:2) has been inferred on bundle 'o'. These burst requests might be further partitioned into multiple requests during RTL generation, based on max_read_burst_length or max_write_burst_length settings. (src/srcnn.cpp:39:2)
INFO-FLOW: DBG:PUTS: copy_raw_kernel_xml ap_link_39: kernel.xml not generated: C:/SPB_Data/ELEN90096-Group-2/SRCNN/srcnn_hls/solution1/.autopilot/db/kernel.internal.xml
INFO: [HLS 200-111] Finished Compiling Optimization and Transform: CPU user time: 4 seconds. CPU system time: 0 seconds. Elapsed time: 16.39 seconds; current allocated memory: 92.602 MB.
INFO: [HLS 200-111] Finished Checking Pragmas: CPU user time: 0 seconds. CPU system time: 0 seconds. Elapsed time: 0.013 seconds; current allocated memory: 92.602 MB.
Execute       opt_and_import_c a -opt_level=2 -skip_syncheck=0 -ng=0 -keep_printf=0 
Execute         cleanup_all_models 
INFO: [HLS 200-10] Starting code transformations ...
INFO-FLOW: Running Standard Transforms...
Execute         transform -hls -share-std-xform -demangle-name -inline-byval-memcpy -always-inline -promote-dbg-pointer -interface-preproc -mem2reg -scalarrepl -mem2reg -keep-read-access -instcombine -dce -promote-dbg-pointer -bitop-raise -loop-simplify -indvarspre -indvars -loop-simplify -xunroll -constprop -instcombine -simplifycfg -indvars -simplifycfg -dce -globaldce -basicaa -simplifycfg -mem2reg -globalopt -global-constprop -deadargelim -instcombine -simplifycfg -scalarrepl -instcombine -reassociate -licm -simplifycfg -loop-simplify -indvars -instcombine -simplifycfg -mem2reg -loop-simplify -indvars -instcombine -gvn -gvn -instcombine -adce -break-crit-edges -simplifycfg -loop-delete -global-array-opt -dce -dse -adce -find-syn-modules -top srcnn -deadargelim -mem2reg -instcombine -dce -presyn-prepare -auto-rom-infer -interface-preproc -syn-check -check-rec-only -find-region -simplifycfg -func-extr -function-inline -globaldce -mem2reg -instcombine -dce -gvn -globaldce -adce -adse -constprop -instcombine -bit-constprop -instcombine -dce -simplifycfg -bitop-raise -simplifycfg -dce -loop-delete -reassociate -globalopt -global-privatize -mem2reg -dce -global-constprop -pointer-simplify -constprop -dce -auto-shift-reg-idiom -promote-dbg-pointer -norm-name C:/SPB_Data/ELEN90096-Group-2/SRCNN/srcnn_hls/solution1/.autopilot/db/a.g.0.bc -o C:/SPB_Data/ELEN90096-Group-2/SRCNN/srcnn_hls/solution1/.autopilot/db/a.g.1.bc -f -phase std-opt 
Command         transform done; 182.596 sec.
INFO: [HLS 200-111] Finished Standard Transforms: CPU user time: 182 seconds. CPU system time: 0 seconds. Elapsed time: 182.613 seconds; current allocated memory: 92.602 MB.
INFO: [HLS 200-10] Checking synthesizability ...
INFO-FLOW: Checking Synthesizability 1/2..
Execute         transform -hls -syn-check -check-rec-only -scalarrepl -norm-name -dce -mem2reg -instcombine -directive-preproc -mem2reg -dse -dce -auto-rom-infer -dce -pag -array-normalize -instcombine -dce -array-seg-normalize -instcombine -dce -data-pack -instcombine -dce -inst-simplify -array-flatten -instcombine -dce -array-burst -dce -deadargelim -promote-global-argument -simplifycfg -mem2reg -globaldce -dce -deadargelim -dce -instcombine -function-inline -globaldce -dce -doublePtrSimplify -doublePtrElim -dce -doublePtrSimplify -promote-dbg-pointer -dce -scalarrepl -dse -adse -instcombine -ptrLegalization -simplifycfg -dce -instcombine -pointer-simplify -ptrArgReplace -dce -instcombine -resolve-double-ptr -scalarrepl -norm-name -dce -mem2reg -instcombine -ptrLegalization -simplifycfg -deadargelim -instcombine -dce -inst-simplify -directive-preproc -mem2reg -dse -dce -globaldce C:/SPB_Data/ELEN90096-Group-2/SRCNN/srcnn_hls/solution1/.autopilot/db/a.g.1.bc -o C:/SPB_Data/ELEN90096-Group-2/SRCNN/srcnn_hls/solution1/.autopilot/db/a.g.2.prechk.bc -f 
INFO-FLOW: Workspace C:/SPB_Data/ELEN90096-Group-2/SRCNN/srcnn_hls/solution1 opened at Wed Nov 01 17:10:56 +1100 2023
Execute     ap_set_clock -name default -period 10 -default=false 
INFO: [SYN 201-201] Setting up clock 'default' with a period of 10ns.
Execute     set_part xck24-ubva530-2LV-c 
Execute       create_platform xck24-ubva530-2LV-c -board  
DBG:HLSDevice: Trying to load device library: C:/Xilinx/Vitis_HLS/2023.1\lib\win64.o\xv_hlsvwrap.dll
DBG:HLSDevice: first parts/arch.xml in RDI_DATADIR: C:/Xilinx/Vivado/2023.1/data/parts/arch.xml
DBG:HLSDevice: init success
INFO: [HLS 200-1611] Setting target device to 'xck24-ubva530-2LV-c'
Command       create_platform done; 0.659 sec.
Execute       source C:/Xilinx/Vitis_HLS/2023.1/common/technology/xilinx/common/xilinx.gen 
Execute         source C:/Xilinx/Vitis_HLS/2023.1/common/technology/xilinx/interface/plb46.gen 
Execute         source C:/Xilinx/Vitis_HLS/2023.1/common/technology/xilinx/interface/axi4.gen 
Execute         source C:/Xilinx/Vitis_HLS/2023.1/common/technology/xilinx/interface/nativeAXI4.gen 
Execute           source C:/Xilinx/Vitis_HLS/2023.1/common/technology/xilinx/interface/saxilite.gen 
Execute         source C:/Xilinx/Vitis_HLS/2023.1/common/technology/xilinx/scripts/xilinxcoregen.gen 
Execute         source C:/Xilinx/Vitis_HLS/2023.1/common/technology/xilinx/interface/XilEDKCoreGen.gen 
Execute         source C:/Xilinx/Vitis_HLS/2023.1/common/technology/xilinx/ip/dds_compiler.gen 
Execute         source C:/Xilinx/Vitis_HLS/2023.1/common/technology/xilinx/ip/util.gen 
Execute         source C:/Xilinx/Vitis_HLS/2023.1/common/technology/xilinx/ip/xfft.gen 
Execute         source C:/Xilinx/Vitis_HLS/2023.1/common/technology/xilinx/ip/xfir.gen 
Execute         source C:/Xilinx/Vitis_HLS/2023.1/common/technology/xilinx/DSP48/dsp48.gen 
Command       ap_source done; 0.113 sec.
Execute       ap_part_info -name xck24-ubva530-2LV-c -data info 
Execute       config_compile -quiet -complex-mul-dsp=0 
Command     set_part done; 0.784 sec.
Execute     send_msg_by_id INFO @200-1505@%s%s  vivado 
INFO: [HLS 200-1505] Using flow_target 'vivado'
Command   open_solution done; 0.924 sec.
Execute   set_part xck24-ubva530-2LV-c 
INFO: [HLS 200-1510] Running: set_part xck24-ubva530-2LV-c 
Execute     create_platform xck24-ubva530-2LV-c -board  
Execute     source C:/Xilinx/Vitis_HLS/2023.1/common/technology/xilinx/common/xilinx.gen 
Execute       source C:/Xilinx/Vitis_HLS/2023.1/common/technology/xilinx/interface/plb46.gen 
Execute       source C:/Xilinx/Vitis_HLS/2023.1/common/technology/xilinx/interface/axi4.gen 
Execute       source C:/Xilinx/Vitis_HLS/2023.1/common/technology/xilinx/interface/nativeAXI4.gen 
Execute         source C:/Xilinx/Vitis_HLS/2023.1/common/technology/xilinx/interface/saxilite.gen 
Execute       source C:/Xilinx/Vitis_HLS/2023.1/common/technology/xilinx/scripts/xilinxcoregen.gen 
Execute       source C:/Xilinx/Vitis_HLS/2023.1/common/technology/xilinx/interface/XilEDKCoreGen.gen 
Execute       source C:/Xilinx/Vitis_HLS/2023.1/common/technology/xilinx/ip/dds_compiler.gen 
Execute       source C:/Xilinx/Vitis_HLS/2023.1/common/technology/xilinx/ip/util.gen 
Execute       source C:/Xilinx/Vitis_HLS/2023.1/common/technology/xilinx/ip/xfft.gen 
Execute       source C:/Xilinx/Vitis_HLS/2023.1/common/technology/xilinx/ip/xfir.gen 
Execute       source C:/Xilinx/Vitis_HLS/2023.1/common/technology/xilinx/DSP48/dsp48.gen 
Execute     ap_part_info -name xck24-ubva530-2LV-c -data info 
Execute     config_compile -quiet -complex-mul-dsp=0 
Command   set_part done; 0.114 sec.
Execute   create_clock -period 10 -name default 
INFO: [HLS 200-1510] Running: create_clock -period 10 -name default 
Execute   source ./srcnn_hls/solution1/directives.tcl 
INFO: [HLS 200-1510] Running: source ./srcnn_hls/solution1/directives.tcl
Execute     set_directive_top -name srcnn srcnn 
INFO: [HLS 200-1510] Running: set_directive_top -name srcnn srcnn 
Execute   csim_design -ldflags -I/C:/SPB_Data/ELEN90096-Group-2/SRCNN/src/include -clean -quiet 
INFO: [HLS 200-1510] Running: csim_design -ldflags -I/C:/SPB_Data/ELEN90096-Group-2/SRCNN/src/include -clean -quiet 
INFO-FLOW: Running SLX 'csim' proc: ::SLX::run_csim
INFO: [SIM 211-2] *************** CSIM start ***************
INFO: [SIM 211-4] CSIM will launch GCC as the compiler.
Execute     source csim/.lst_opt.tcl 
Execute     send_msg_by_id INFO @200-2036@%s debug 
INFO: [HLS 200-2036] Building debug C Simulation binaries
Execute     ap_part_info -name xck24-ubva530-2LV-c -data info 
Execute     source run_sim.tcl 
Command     ap_source done; 51.14 sec.
INFO: [SIM 211-1] CSim done with 0 errors.
INFO: [SIM 211-3] *************** CSIM finish ***************
Command   csim_design done; 74.576 sec.
INFO: [HLS 200-111] Finished Command csim_design CPU user time: 0 seconds. CPU system time: 1 seconds. Elapsed time: 74.576 seconds; current allocated memory: 0.918 MB.
Command ap_source done; 75.814 sec.
Execute cleanup_all 
INFO-FLOW: Workspace C:/SPB_Data/ELEN90096-Group-2/SRCNN/srcnn_hls/solution1 opened at Wed Nov 01 17:15:51 +1100 2023
Execute     ap_set_clock -name default -period 10 -default=false 
INFO: [SYN 201-201] Setting up clock 'default' with a period of 10ns.
Execute     set_part xck24-ubva530-2LV-c 
Execute       create_platform xck24-ubva530-2LV-c -board  
DBG:HLSDevice: Trying to load device library: C:/Xilinx/Vitis_HLS/2023.1\lib\win64.o\xv_hlsvwrap.dll
DBG:HLSDevice: first parts/arch.xml in RDI_DATADIR: C:/Xilinx/Vivado/2023.1/data/parts/arch.xml
DBG:HLSDevice: init success
INFO: [HLS 200-1611] Setting target device to 'xck24-ubva530-2LV-c'
Command       create_platform done; 0.63 sec.
Execute       source C:/Xilinx/Vitis_HLS/2023.1/common/technology/xilinx/common/xilinx.gen 
Execute         source C:/Xilinx/Vitis_HLS/2023.1/common/technology/xilinx/interface/plb46.gen 
Execute         source C:/Xilinx/Vitis_HLS/2023.1/common/technology/xilinx/interface/axi4.gen 
Execute         source C:/Xilinx/Vitis_HLS/2023.1/common/technology/xilinx/interface/nativeAXI4.gen 
Execute           source C:/Xilinx/Vitis_HLS/2023.1/common/technology/xilinx/interface/saxilite.gen 
Execute         source C:/Xilinx/Vitis_HLS/2023.1/common/technology/xilinx/scripts/xilinxcoregen.gen 
Execute         source C:/Xilinx/Vitis_HLS/2023.1/common/technology/xilinx/interface/XilEDKCoreGen.gen 
Execute         source C:/Xilinx/Vitis_HLS/2023.1/common/technology/xilinx/ip/dds_compiler.gen 
Execute         source C:/Xilinx/Vitis_HLS/2023.1/common/technology/xilinx/ip/util.gen 
Execute         source C:/Xilinx/Vitis_HLS/2023.1/common/technology/xilinx/ip/xfft.gen 
Execute         source C:/Xilinx/Vitis_HLS/2023.1/common/technology/xilinx/ip/xfir.gen 
Execute         source C:/Xilinx/Vitis_HLS/2023.1/common/technology/xilinx/DSP48/dsp48.gen 
Command       ap_source done; 0.109 sec.
Execute       ap_part_info -name xck24-ubva530-2LV-c -data info 
Execute       config_compile -quiet -complex-mul-dsp=0 
Command     set_part done; 0.755 sec.
Execute     send_msg_by_id INFO @200-1505@%s%s  vivado 
INFO: [HLS 200-1505] Using flow_target 'vivado'
Command   open_solution done; 0.877 sec.
Execute   set_part xck24-ubva530-2LV-c 
INFO: [HLS 200-1510] Running: set_part xck24-ubva530-2LV-c 
Execute     create_platform xck24-ubva530-2LV-c -board  
Execute     source C:/Xilinx/Vitis_HLS/2023.1/common/technology/xilinx/common/xilinx.gen 
Execute       source C:/Xilinx/Vitis_HLS/2023.1/common/technology/xilinx/interface/plb46.gen 
Execute       source C:/Xilinx/Vitis_HLS/2023.1/common/technology/xilinx/interface/axi4.gen 
Execute       source C:/Xilinx/Vitis_HLS/2023.1/common/technology/xilinx/interface/nativeAXI4.gen 
Execute         source C:/Xilinx/Vitis_HLS/2023.1/common/technology/xilinx/interface/saxilite.gen 
Execute       source C:/Xilinx/Vitis_HLS/2023.1/common/technology/xilinx/scripts/xilinxcoregen.gen 
Execute       source C:/Xilinx/Vitis_HLS/2023.1/common/technology/xilinx/interface/XilEDKCoreGen.gen 
Execute       source C:/Xilinx/Vitis_HLS/2023.1/common/technology/xilinx/ip/dds_compiler.gen 
Execute       source C:/Xilinx/Vitis_HLS/2023.1/common/technology/xilinx/ip/util.gen 
Execute       source C:/Xilinx/Vitis_HLS/2023.1/common/technology/xilinx/ip/xfft.gen 
Execute       source C:/Xilinx/Vitis_HLS/2023.1/common/technology/xilinx/ip/xfir.gen 
Execute       source C:/Xilinx/Vitis_HLS/2023.1/common/technology/xilinx/DSP48/dsp48.gen 
Command     ap_source done; 0.109 sec.
Execute     ap_part_info -name xck24-ubva530-2LV-c -data info 
Execute     config_compile -quiet -complex-mul-dsp=0 
Command   set_part done; 0.128 sec.
Execute   create_clock -period 10 -name default 
INFO: [HLS 200-1510] Running: create_clock -period 10 -name default 
Execute   source ./srcnn_hls/solution1/directives.tcl 
INFO: [HLS 200-1510] Running: source ./srcnn_hls/solution1/directives.tcl
Execute     set_directive_top -name srcnn srcnn 
INFO: [HLS 200-1510] Running: set_directive_top -name srcnn srcnn 
Execute   csim_design -ldflags -I/C:/SPB_Data/ELEN90096-Group-2/SRCNN/src/include -clean -quiet 
INFO: [HLS 200-1510] Running: csim_design -ldflags -I/C:/SPB_Data/ELEN90096-Group-2/SRCNN/src/include -clean -quiet 
INFO-FLOW: Running SLX 'csim' proc: ::SLX::run_csim
INFO: [SIM 211-2] *************** CSIM start ***************
INFO: [SIM 211-4] CSIM will launch GCC as the compiler.
Execute     source csim/.lst_opt.tcl 
Execute     send_msg_by_id INFO @200-2036@%s debug 
INFO: [HLS 200-2036] Building debug C Simulation binaries
Execute     ap_part_info -name xck24-ubva530-2LV-c -data info 
ERROR: [SIM 211-100] 'csim_design' failed: compilation error(s).
INFO: [SIM 211-3] *************** CSIM finish ***************
INFO-FLOW: AESL_CSIM::csim_cmd_wrap errorInfo:
4
    while executing
"::AESL_CSIM::csim_cmd_wrap $args"
INFO-FLOW: Caught error in csim_design: 4
    while executing
"ap_internal_csim_design "
Command   csim_design done; error code: 2; 13.186 sec.
INFO: [HLS 200-111] Finished Command csim_design CPU user time: 0 seconds. CPU system time: 1 seconds. Elapsed time: 13.186 seconds; current allocated memory: 0.648 MB.
Command ap_source done; error code: 1; 14.381 sec.
Execute cleanup_all 
INFO-FLOW: Workspace C:/SPB_Data/ELEN90096-Group-2/SRCNN/srcnn_hls/solution1 opened at Wed Nov 01 17:16:33 +1100 2023
Execute     ap_set_clock -name default -period 10 -default=false 
INFO: [SYN 201-201] Setting up clock 'default' with a period of 10ns.
Execute     set_part xck24-ubva530-2LV-c 
Execute       create_platform xck24-ubva530-2LV-c -board  
DBG:HLSDevice: Trying to load device library: C:/Xilinx/Vitis_HLS/2023.1\lib\win64.o\xv_hlsvwrap.dll
DBG:HLSDevice: first parts/arch.xml in RDI_DATADIR: C:/Xilinx/Vivado/2023.1/data/parts/arch.xml
DBG:HLSDevice: init success
INFO: [HLS 200-1611] Setting target device to 'xck24-ubva530-2LV-c'
Command       create_platform done; 0.721 sec.
Execute       source C:/Xilinx/Vitis_HLS/2023.1/common/technology/xilinx/common/xilinx.gen 
Execute         source C:/Xilinx/Vitis_HLS/2023.1/common/technology/xilinx/interface/plb46.gen 
Execute         source C:/Xilinx/Vitis_HLS/2023.1/common/technology/xilinx/interface/axi4.gen 
Execute         source C:/Xilinx/Vitis_HLS/2023.1/common/technology/xilinx/interface/nativeAXI4.gen 
Execute           source C:/Xilinx/Vitis_HLS/2023.1/common/technology/xilinx/interface/saxilite.gen 
Execute         source C:/Xilinx/Vitis_HLS/2023.1/common/technology/xilinx/scripts/xilinxcoregen.gen 
Execute         source C:/Xilinx/Vitis_HLS/2023.1/common/technology/xilinx/interface/XilEDKCoreGen.gen 
Execute         source C:/Xilinx/Vitis_HLS/2023.1/common/technology/xilinx/ip/dds_compiler.gen 
Execute         source C:/Xilinx/Vitis_HLS/2023.1/common/technology/xilinx/ip/util.gen 
Execute         source C:/Xilinx/Vitis_HLS/2023.1/common/technology/xilinx/ip/xfft.gen 
Execute         source C:/Xilinx/Vitis_HLS/2023.1/common/technology/xilinx/ip/xfir.gen 
Execute         source C:/Xilinx/Vitis_HLS/2023.1/common/technology/xilinx/DSP48/dsp48.gen 
Command       ap_source done; 0.111 sec.
Execute       ap_part_info -name xck24-ubva530-2LV-c -data info 
Execute       config_compile -quiet -complex-mul-dsp=0 
Command     set_part done; 0.847 sec.
Execute     send_msg_by_id INFO @200-1505@%s%s  vivado 
INFO: [HLS 200-1505] Using flow_target 'vivado'
Command   open_solution done; 0.966 sec.
Execute   set_part xck24-ubva530-2LV-c 
INFO: [HLS 200-1510] Running: set_part xck24-ubva530-2LV-c 
Execute     create_platform xck24-ubva530-2LV-c -board  
Execute     source C:/Xilinx/Vitis_HLS/2023.1/common/technology/xilinx/common/xilinx.gen 
Execute       source C:/Xilinx/Vitis_HLS/2023.1/common/technology/xilinx/interface/plb46.gen 
Execute       source C:/Xilinx/Vitis_HLS/2023.1/common/technology/xilinx/interface/axi4.gen 
Execute       source C:/Xilinx/Vitis_HLS/2023.1/common/technology/xilinx/interface/nativeAXI4.gen 
Execute         source C:/Xilinx/Vitis_HLS/2023.1/common/technology/xilinx/interface/saxilite.gen 
Execute       source C:/Xilinx/Vitis_HLS/2023.1/common/technology/xilinx/scripts/xilinxcoregen.gen 
Execute       source C:/Xilinx/Vitis_HLS/2023.1/common/technology/xilinx/interface/XilEDKCoreGen.gen 
Execute       source C:/Xilinx/Vitis_HLS/2023.1/common/technology/xilinx/ip/dds_compiler.gen 
Execute       source C:/Xilinx/Vitis_HLS/2023.1/common/technology/xilinx/ip/util.gen 
Execute       source C:/Xilinx/Vitis_HLS/2023.1/common/technology/xilinx/ip/xfft.gen 
Execute       source C:/Xilinx/Vitis_HLS/2023.1/common/technology/xilinx/ip/xfir.gen 
Execute       source C:/Xilinx/Vitis_HLS/2023.1/common/technology/xilinx/DSP48/dsp48.gen 
Command     ap_source done; 0.114 sec.
Execute     ap_part_info -name xck24-ubva530-2LV-c -data info 
Execute     config_compile -quiet -complex-mul-dsp=0 
Command   set_part done; 0.15 sec.
Execute   create_clock -period 10 -name default 
INFO: [HLS 200-1510] Running: create_clock -period 10 -name default 
Execute   source ./srcnn_hls/solution1/directives.tcl 
INFO: [HLS 200-1510] Running: source ./srcnn_hls/solution1/directives.tcl
Execute     set_directive_top -name srcnn srcnn 
INFO: [HLS 200-1510] Running: set_directive_top -name srcnn srcnn 
Execute   csim_design -ldflags -I/C:/SPB_Data/ELEN90096-Group-2/SRCNN/src/include -clean -quiet 
INFO: [HLS 200-1510] Running: csim_design -ldflags -I/C:/SPB_Data/ELEN90096-Group-2/SRCNN/src/include -clean -quiet 
INFO-FLOW: Running SLX 'csim' proc: ::SLX::run_csim
INFO: [SIM 211-2] *************** CSIM start ***************
INFO: [SIM 211-4] CSIM will launch GCC as the compiler.
Execute     source csim/.lst_opt.tcl 
Execute     send_msg_by_id INFO @200-2036@%s debug 
INFO: [HLS 200-2036] Building debug C Simulation binaries
Execute     ap_part_info -name xck24-ubva530-2LV-c -data info 
Execute     source run_sim.tcl 
Command     ap_source done; 51.689 sec.
INFO: [SIM 211-1] CSim done with 0 errors.
INFO: [SIM 211-3] *************** CSIM finish ***************
Command   csim_design done; 76.004 sec.
INFO: [HLS 200-111] Finished Command csim_design CPU user time: 0 seconds. CPU system time: 1 seconds. Elapsed time: 76.004 seconds; current allocated memory: 0.695 MB.
Command ap_source done; 77.317 sec.
Execute cleanup_all 
INFO-FLOW: Workspace C:/SPB_Data/ELEN90096-Group-2/SRCNN/srcnn_hls/solution1 opened at Wed Nov 01 17:20:32 +1100 2023
Execute     ap_set_clock -name default -period 10 -default=false 
INFO: [SYN 201-201] Setting up clock 'default' with a period of 10ns.
Execute     set_part xck24-ubva530-2LV-c 
Execute       create_platform xck24-ubva530-2LV-c -board  
DBG:HLSDevice: Trying to load device library: C:/Xilinx/Vitis_HLS/2023.1\lib\win64.o\xv_hlsvwrap.dll
DBG:HLSDevice: first parts/arch.xml in RDI_DATADIR: C:/Xilinx/Vivado/2023.1/data/parts/arch.xml
DBG:HLSDevice: init success
INFO: [HLS 200-1611] Setting target device to 'xck24-ubva530-2LV-c'
Command       create_platform done; 0.675 sec.
Execute       source C:/Xilinx/Vitis_HLS/2023.1/common/technology/xilinx/common/xilinx.gen 
Execute         source C:/Xilinx/Vitis_HLS/2023.1/common/technology/xilinx/interface/plb46.gen 
Execute         source C:/Xilinx/Vitis_HLS/2023.1/common/technology/xilinx/interface/axi4.gen 
Execute         source C:/Xilinx/Vitis_HLS/2023.1/common/technology/xilinx/interface/nativeAXI4.gen 
Execute           source C:/Xilinx/Vitis_HLS/2023.1/common/technology/xilinx/interface/saxilite.gen 
Execute         source C:/Xilinx/Vitis_HLS/2023.1/common/technology/xilinx/scripts/xilinxcoregen.gen 
Execute         source C:/Xilinx/Vitis_HLS/2023.1/common/technology/xilinx/interface/XilEDKCoreGen.gen 
Execute         source C:/Xilinx/Vitis_HLS/2023.1/common/technology/xilinx/ip/dds_compiler.gen 
Execute         source C:/Xilinx/Vitis_HLS/2023.1/common/technology/xilinx/ip/util.gen 
Execute         source C:/Xilinx/Vitis_HLS/2023.1/common/technology/xilinx/ip/xfft.gen 
Execute         source C:/Xilinx/Vitis_HLS/2023.1/common/technology/xilinx/ip/xfir.gen 
Execute         source C:/Xilinx/Vitis_HLS/2023.1/common/technology/xilinx/DSP48/dsp48.gen 
Command       ap_source done; 0.103 sec.
Execute       ap_part_info -name xck24-ubva530-2LV-c -data info 
Execute       config_compile -quiet -complex-mul-dsp=0 
Command     set_part done; 0.789 sec.
Execute     send_msg_by_id INFO @200-1505@%s%s  vivado 
INFO: [HLS 200-1505] Using flow_target 'vivado'
Command   open_solution done; 0.911 sec.
Execute   set_part xck24-ubva530-2LV-c 
INFO: [HLS 200-1510] Running: set_part xck24-ubva530-2LV-c 
Execute     create_platform xck24-ubva530-2LV-c -board  
Execute     source C:/Xilinx/Vitis_HLS/2023.1/common/technology/xilinx/common/xilinx.gen 
Execute       source C:/Xilinx/Vitis_HLS/2023.1/common/technology/xilinx/interface/plb46.gen 
Execute       source C:/Xilinx/Vitis_HLS/2023.1/common/technology/xilinx/interface/axi4.gen 
Execute       source C:/Xilinx/Vitis_HLS/2023.1/common/technology/xilinx/interface/nativeAXI4.gen 
Execute         source C:/Xilinx/Vitis_HLS/2023.1/common/technology/xilinx/interface/saxilite.gen 
Execute       source C:/Xilinx/Vitis_HLS/2023.1/common/technology/xilinx/scripts/xilinxcoregen.gen 
Execute       source C:/Xilinx/Vitis_HLS/2023.1/common/technology/xilinx/interface/XilEDKCoreGen.gen 
Execute       source C:/Xilinx/Vitis_HLS/2023.1/common/technology/xilinx/ip/dds_compiler.gen 
Execute       source C:/Xilinx/Vitis_HLS/2023.1/common/technology/xilinx/ip/util.gen 
Execute       source C:/Xilinx/Vitis_HLS/2023.1/common/technology/xilinx/ip/xfft.gen 
Execute       source C:/Xilinx/Vitis_HLS/2023.1/common/technology/xilinx/ip/xfir.gen 
Execute       source C:/Xilinx/Vitis_HLS/2023.1/common/technology/xilinx/DSP48/dsp48.gen 
Execute     ap_part_info -name xck24-ubva530-2LV-c -data info 
Execute     config_compile -quiet -complex-mul-dsp=0 
Command   set_part done; 0.116 sec.
Execute   create_clock -period 10 -name default 
INFO: [HLS 200-1510] Running: create_clock -period 10 -name default 
Execute   source ./srcnn_hls/solution1/directives.tcl 
INFO: [HLS 200-1510] Running: source ./srcnn_hls/solution1/directives.tcl
Execute     set_directive_top -name srcnn srcnn 
INFO: [HLS 200-1510] Running: set_directive_top -name srcnn srcnn 
Execute   csim_design -ldflags -I/C:/SPB_Data/ELEN90096-Group-2/SRCNN/src/include -clean -quiet 
INFO: [HLS 200-1510] Running: csim_design -ldflags -I/C:/SPB_Data/ELEN90096-Group-2/SRCNN/src/include -clean -quiet 
INFO-FLOW: Running SLX 'csim' proc: ::SLX::run_csim
INFO: [SIM 211-2] *************** CSIM start ***************
INFO: [SIM 211-4] CSIM will launch GCC as the compiler.
Execute     source csim/.lst_opt.tcl 
Execute     send_msg_by_id INFO @200-2036@%s debug 
INFO: [HLS 200-2036] Building debug C Simulation binaries
Execute     ap_part_info -name xck24-ubva530-2LV-c -data info 
ERROR: [SIM 211-100] 'csim_design' failed: compilation error(s).
INFO: [SIM 211-3] *************** CSIM finish ***************
INFO-FLOW: AESL_CSIM::csim_cmd_wrap errorInfo:
4
    while executing
"::AESL_CSIM::csim_cmd_wrap $args"
INFO-FLOW: Caught error in csim_design: 4
    while executing
"ap_internal_csim_design "
Command   csim_design done; error code: 2; 12.68 sec.
INFO: [HLS 200-111] Finished Command csim_design CPU user time: 0 seconds. CPU system time: 1 seconds. Elapsed time: 12.68 seconds; current allocated memory: 0.648 MB.
Command ap_source done; error code: 1; 13.888 sec.
Execute cleanup_all 
INFO-FLOW: Workspace C:/SPB_Data/ELEN90096-Group-2/SRCNN/srcnn_hls/solution1 opened at Wed Nov 01 17:21:29 +1100 2023
Execute     ap_set_clock -name default -period 10 -default=false 
INFO: [SYN 201-201] Setting up clock 'default' with a period of 10ns.
Execute     set_part xck24-ubva530-2LV-c 
Execute       create_platform xck24-ubva530-2LV-c -board  
DBG:HLSDevice: Trying to load device library: C:/Xilinx/Vitis_HLS/2023.1\lib\win64.o\xv_hlsvwrap.dll
DBG:HLSDevice: first parts/arch.xml in RDI_DATADIR: C:/Xilinx/Vivado/2023.1/data/parts/arch.xml
DBG:HLSDevice: init success
INFO: [HLS 200-1611] Setting target device to 'xck24-ubva530-2LV-c'
Command       create_platform done; 0.627 sec.
Execute       source C:/Xilinx/Vitis_HLS/2023.1/common/technology/xilinx/common/xilinx.gen 
Execute         source C:/Xilinx/Vitis_HLS/2023.1/common/technology/xilinx/interface/plb46.gen 
Execute         source C:/Xilinx/Vitis_HLS/2023.1/common/technology/xilinx/interface/axi4.gen 
Execute         source C:/Xilinx/Vitis_HLS/2023.1/common/technology/xilinx/interface/nativeAXI4.gen 
Execute           source C:/Xilinx/Vitis_HLS/2023.1/common/technology/xilinx/interface/saxilite.gen 
Execute         source C:/Xilinx/Vitis_HLS/2023.1/common/technology/xilinx/scripts/xilinxcoregen.gen 
Execute         source C:/Xilinx/Vitis_HLS/2023.1/common/technology/xilinx/interface/XilEDKCoreGen.gen 
Execute         source C:/Xilinx/Vitis_HLS/2023.1/common/technology/xilinx/ip/dds_compiler.gen 
Execute         source C:/Xilinx/Vitis_HLS/2023.1/common/technology/xilinx/ip/util.gen 
Execute         source C:/Xilinx/Vitis_HLS/2023.1/common/technology/xilinx/ip/xfft.gen 
Execute         source C:/Xilinx/Vitis_HLS/2023.1/common/technology/xilinx/ip/xfir.gen 
Execute         source C:/Xilinx/Vitis_HLS/2023.1/common/technology/xilinx/DSP48/dsp48.gen 
Command       ap_source done; 0.117 sec.
Execute       ap_part_info -name xck24-ubva530-2LV-c -data info 
Execute       config_compile -quiet -complex-mul-dsp=0 
Command     set_part done; 0.757 sec.
Execute     send_msg_by_id INFO @200-1505@%s%s  vivado 
INFO: [HLS 200-1505] Using flow_target 'vivado'
Command   open_solution done; 0.877 sec.
Execute   set_part xck24-ubva530-2LV-c 
INFO: [HLS 200-1510] Running: set_part xck24-ubva530-2LV-c 
Execute     create_platform xck24-ubva530-2LV-c -board  
Execute     source C:/Xilinx/Vitis_HLS/2023.1/common/technology/xilinx/common/xilinx.gen 
Execute       source C:/Xilinx/Vitis_HLS/2023.1/common/technology/xilinx/interface/plb46.gen 
Execute       source C:/Xilinx/Vitis_HLS/2023.1/common/technology/xilinx/interface/axi4.gen 
Execute       source C:/Xilinx/Vitis_HLS/2023.1/common/technology/xilinx/interface/nativeAXI4.gen 
Execute         source C:/Xilinx/Vitis_HLS/2023.1/common/technology/xilinx/interface/saxilite.gen 
Execute       source C:/Xilinx/Vitis_HLS/2023.1/common/technology/xilinx/scripts/xilinxcoregen.gen 
Execute       source C:/Xilinx/Vitis_HLS/2023.1/common/technology/xilinx/interface/XilEDKCoreGen.gen 
Execute       source C:/Xilinx/Vitis_HLS/2023.1/common/technology/xilinx/ip/dds_compiler.gen 
Execute       source C:/Xilinx/Vitis_HLS/2023.1/common/technology/xilinx/ip/util.gen 
Execute       source C:/Xilinx/Vitis_HLS/2023.1/common/technology/xilinx/ip/xfft.gen 
Command       ap_source done; 0.109 sec.
Execute       source C:/Xilinx/Vitis_HLS/2023.1/common/technology/xilinx/ip/xfir.gen 
Execute       source C:/Xilinx/Vitis_HLS/2023.1/common/technology/xilinx/DSP48/dsp48.gen 
Command     ap_source done; 0.14 sec.
Execute     ap_part_info -name xck24-ubva530-2LV-c -data info 
Execute     config_compile -quiet -complex-mul-dsp=0 
Command   set_part done; 0.16 sec.
Execute   create_clock -period 10 -name default 
INFO: [HLS 200-1510] Running: create_clock -period 10 -name default 
Execute   source ./srcnn_hls/solution1/directives.tcl 
INFO: [HLS 200-1510] Running: source ./srcnn_hls/solution1/directives.tcl
Execute     set_directive_top -name srcnn srcnn 
INFO: [HLS 200-1510] Running: set_directive_top -name srcnn srcnn 
Execute   csim_design -ldflags -I/C:/SPB_Data/ELEN90096-Group-2/SRCNN/src/include -clean -quiet 
INFO: [HLS 200-1510] Running: csim_design -ldflags -I/C:/SPB_Data/ELEN90096-Group-2/SRCNN/src/include -clean -quiet 
INFO-FLOW: Running SLX 'csim' proc: ::SLX::run_csim
INFO: [SIM 211-2] *************** CSIM start ***************
INFO: [SIM 211-4] CSIM will launch GCC as the compiler.
Execute     source csim/.lst_opt.tcl 
Execute     send_msg_by_id INFO @200-2036@%s debug 
INFO: [HLS 200-2036] Building debug C Simulation binaries
Execute     ap_part_info -name xck24-ubva530-2LV-c -data info 
Execute     source run_sim.tcl 
Command     ap_source done; error code: 1; 32.039 sec.
INFO-FLOW: Workspace C:/SPB_Data/ELEN90096-Group-2/SRCNN/srcnn_hls/solution1 opened at Wed Nov 01 17:22:41 +1100 2023
Execute     ap_set_clock -name default -period 10 -default=false 
INFO: [SYN 201-201] Setting up clock 'default' with a period of 10ns.
Execute     set_part xck24-ubva530-2LV-c 
Execute       create_platform xck24-ubva530-2LV-c -board  
DBG:HLSDevice: Trying to load device library: C:/Xilinx/Vitis_HLS/2023.1\lib\win64.o\xv_hlsvwrap.dll
DBG:HLSDevice: first parts/arch.xml in RDI_DATADIR: C:/Xilinx/Vivado/2023.1/data/parts/arch.xml
DBG:HLSDevice: init success
INFO: [HLS 200-1611] Setting target device to 'xck24-ubva530-2LV-c'
Command       create_platform done; 0.626 sec.
Execute       source C:/Xilinx/Vitis_HLS/2023.1/common/technology/xilinx/common/xilinx.gen 
Execute         source C:/Xilinx/Vitis_HLS/2023.1/common/technology/xilinx/interface/plb46.gen 
Execute         source C:/Xilinx/Vitis_HLS/2023.1/common/technology/xilinx/interface/axi4.gen 
Execute         source C:/Xilinx/Vitis_HLS/2023.1/common/technology/xilinx/interface/nativeAXI4.gen 
Execute           source C:/Xilinx/Vitis_HLS/2023.1/common/technology/xilinx/interface/saxilite.gen 
Execute         source C:/Xilinx/Vitis_HLS/2023.1/common/technology/xilinx/scripts/xilinxcoregen.gen 
Execute         source C:/Xilinx/Vitis_HLS/2023.1/common/technology/xilinx/interface/XilEDKCoreGen.gen 
Execute         source C:/Xilinx/Vitis_HLS/2023.1/common/technology/xilinx/ip/dds_compiler.gen 
Execute         source C:/Xilinx/Vitis_HLS/2023.1/common/technology/xilinx/ip/util.gen 
Execute         source C:/Xilinx/Vitis_HLS/2023.1/common/technology/xilinx/ip/xfft.gen 
Execute         source C:/Xilinx/Vitis_HLS/2023.1/common/technology/xilinx/ip/xfir.gen 
Execute         source C:/Xilinx/Vitis_HLS/2023.1/common/technology/xilinx/DSP48/dsp48.gen 
Command       ap_source done; 0.109 sec.
Execute       ap_part_info -name xck24-ubva530-2LV-c -data info 
Execute       config_compile -quiet -complex-mul-dsp=0 
Command     set_part done; 0.747 sec.
Execute     send_msg_by_id INFO @200-1505@%s%s  vivado 
INFO: [HLS 200-1505] Using flow_target 'vivado'
Command   open_solution done; 0.878 sec.
Execute   set_part xck24-ubva530-2LV-c 
INFO: [HLS 200-1510] Running: set_part xck24-ubva530-2LV-c 
Execute     create_platform xck24-ubva530-2LV-c -board  
Execute     source C:/Xilinx/Vitis_HLS/2023.1/common/technology/xilinx/common/xilinx.gen 
Execute       source C:/Xilinx/Vitis_HLS/2023.1/common/technology/xilinx/interface/plb46.gen 
Execute       source C:/Xilinx/Vitis_HLS/2023.1/common/technology/xilinx/interface/axi4.gen 
Execute       source C:/Xilinx/Vitis_HLS/2023.1/common/technology/xilinx/interface/nativeAXI4.gen 
Execute         source C:/Xilinx/Vitis_HLS/2023.1/common/technology/xilinx/interface/saxilite.gen 
Execute       source C:/Xilinx/Vitis_HLS/2023.1/common/technology/xilinx/scripts/xilinxcoregen.gen 
Execute       source C:/Xilinx/Vitis_HLS/2023.1/common/technology/xilinx/interface/XilEDKCoreGen.gen 
Execute       source C:/Xilinx/Vitis_HLS/2023.1/common/technology/xilinx/ip/dds_compiler.gen 
Execute       source C:/Xilinx/Vitis_HLS/2023.1/common/technology/xilinx/ip/util.gen 
Execute       source C:/Xilinx/Vitis_HLS/2023.1/common/technology/xilinx/ip/xfft.gen 
Execute       source C:/Xilinx/Vitis_HLS/2023.1/common/technology/xilinx/ip/xfir.gen 
Execute       source C:/Xilinx/Vitis_HLS/2023.1/common/technology/xilinx/DSP48/dsp48.gen 
Command     ap_source done; 0.107 sec.
Execute     ap_part_info -name xck24-ubva530-2LV-c -data info 
Execute     config_compile -quiet -complex-mul-dsp=0 
Command   set_part done; 0.126 sec.
Execute   create_clock -period 10 -name default 
INFO: [HLS 200-1510] Running: create_clock -period 10 -name default 
Execute   source ./srcnn_hls/solution1/directives.tcl 
INFO: [HLS 200-1510] Running: source ./srcnn_hls/solution1/directives.tcl
Execute     set_directive_top -name srcnn srcnn 
INFO: [HLS 200-1510] Running: set_directive_top -name srcnn srcnn 
Execute   csim_design -ldflags -I/C:/SPB_Data/ELEN90096-Group-2/SRCNN/src/include -clean -quiet 
INFO: [HLS 200-1510] Running: csim_design -ldflags -I/C:/SPB_Data/ELEN90096-Group-2/SRCNN/src/include -clean -quiet 
INFO-FLOW: Running SLX 'csim' proc: ::SLX::run_csim
INFO: [SIM 211-2] *************** CSIM start ***************
INFO: [SIM 211-4] CSIM will launch GCC as the compiler.
Execute     source csim/.lst_opt.tcl 
Execute     send_msg_by_id INFO @200-2036@%s debug 
INFO: [HLS 200-2036] Building debug C Simulation binaries
Execute     ap_part_info -name xck24-ubva530-2LV-c -data info 
Execute     source run_sim.tcl 
Command     ap_source done; 50.696 sec.
INFO: [SIM 211-1] CSim done with 0 errors.
INFO: [SIM 211-3] *************** CSIM finish ***************
Command   csim_design done; 70.464 sec.
INFO: [HLS 200-111] Finished Command csim_design CPU user time: 0 seconds. CPU system time: 1 seconds. Elapsed time: 70.464 seconds; current allocated memory: 0.852 MB.
Command ap_source done; 71.652 sec.
Execute cleanup_all 
