

================================================================
== Vitis HLS Report for 'conv1_Pipeline_1'
================================================================
* Date:           Mon Oct 30 17:11:32 2023

* Version:        2023.1 (Build 3854077 on May  4 2023)
* Project:        srcnn_hls
* Solution:       solution1 (Vivado IP Flow Target)
* Product family: zynquplus
* Target device:  xck26-sfvc784-2LV-c


================================================================
== Performance Estimates
================================================================
+ Timing: 
    * Summary: 
    +--------+----------+----------+------------+
    |  Clock |  Target  | Estimated| Uncertainty|
    +--------+----------+----------+------------+
    |ap_clk  |  10.00 ns|  2.024 ns|     2.70 ns|
    +--------+----------+----------+------------+

+ Latency: 
    * Summary: 
    +---------+---------+----------+----------+-----+-----+---------+
    |  Latency (cycles) |  Latency (absolute) |  Interval | Pipeline|
    |   min   |   max   |    min   |    max   | min | max |   Type  |
    +---------+---------+----------+----------+-----+-----+---------+
    |      627|      627|  6.270 us|  6.270 us|  627|  627|       no|
    +---------+---------+----------+----------+-----+-----+---------+

    + Detail: 
        * Instance: 
        N/A

        * Loop: 
        +----------+---------+---------+----------+-----------+-----------+------+----------+
        |          |  Latency (cycles) | Iteration|  Initiation Interval  | Trip |          |
        | Loop Name|   min   |   max   |  Latency |  achieved |   target  | Count| Pipelined|
        +----------+---------+---------+----------+-----------+-----------+------+----------+
        |- Loop 1  |      625|      625|         1|          1|          1|   625|       yes|
        +----------+---------+---------+----------+-----------+-----------+------+----------+

============================================================
+ Verbose Summary: Synthesis Manager
============================================================
InlineROM: 1
ExposeGlobal: 0
============================================================
+ Verbose Summary: CDFG Model
============================================================
IsTopModel: 0
ResetActiveHigh: 1
IsCombinational: 0
IsDatapathOnly: 0
HasWiredReturn: 1
HasMFsm: 2
HasVarLatency: 1
IsPipeline: 0
IsRtlPipelined: 0
IsInstanceOverlapped: 0
IsDontTouch: 0
HasImplIP: 0
IsGatedGlobalClock: 0

+ Individual pipeline summary: 
  * Pipeline-0: initiation interval (II) = 1, depth = 1


============================================================
+ Verbose Summary: Schedule
============================================================
* Number of FSM states : 1
* Pipeline : 1
  Pipeline-0 : II = 1, D = 1, States = { 1 }
* Dataflow Pipeline: 0

* FSM state transitions: 
1 --> 

* FSM state operations: 

State 1 <SV = 0> <Delay = 2.02>
ST_1 : Operation 4 [1/1] (0.00ns)   --->   "%empty = alloca i32 1"   --->   Operation 4 'alloca' 'empty' <Predicate = true> <Delay = 0.00>
ST_1 : Operation 5 [1/1] (0.42ns)   --->   "%store_ln0 = store i10 0, i10 %empty"   --->   Operation 5 'store' 'store_ln0' <Predicate = true> <Delay = 0.42>
ST_1 : Operation 6 [1/1] (0.00ns)   --->   "%br_ln0 = br void %memset.loop.i"   --->   Operation 6 'br' 'br_ln0' <Predicate = true> <Delay = 0.00>
ST_1 : Operation 7 [1/1] (0.00ns)   --->   "%p_load = load i10 %empty"   --->   Operation 7 'load' 'p_load' <Predicate = true> <Delay = 0.00>
ST_1 : Operation 8 [1/1] (0.00ns)   --->   "%specpipeline_ln0 = specpipeline void @_ssdm_op_SpecPipeline, i32 4294967295, i32 0, i32 1, i32 0, void @p_str"   --->   Operation 8 'specpipeline' 'specpipeline_ln0' <Predicate = true> <Delay = 0.00>
ST_1 : Operation 9 [1/1] (0.78ns)   --->   "%exitcond4 = icmp_eq  i10 %p_load, i10 625"   --->   Operation 9 'icmp' 'exitcond4' <Predicate = true> <Delay = 0.78> <CoreInst = "Cmp">   --->   Core 9 'Cmp' <Latency = 0> <II = 1> <Delay = 0.78> <FuncUnit> <Opcode : 'icmp'> <InPorts = 2> <OutPorts = 1>
ST_1 : Operation 10 [1/1] (0.78ns)   --->   "%empty_108 = add i10 %p_load, i10 1"   --->   Operation 10 'add' 'empty_108' <Predicate = true> <Delay = 0.78> <CoreInst = "Adder">   --->   Core 1 'Adder' <Latency = 0> <II = 1> <Delay = 0.78> <FuncUnit> <Opcode : 'add' 'sub'> <InPorts = 2> <OutPorts = 1>
ST_1 : Operation 11 [1/1] (0.00ns)   --->   "%br_ln0 = br i1 %exitcond4, void %memset.loop.i.split, void %IN_BUFFER_NIN.i.exitStub"   --->   Operation 11 'br' 'br_ln0' <Predicate = true> <Delay = 0.00>
ST_1 : Operation 12 [1/1] (0.00ns)   --->   "%speclooptripcount_ln0 = speclooptripcount void @_ssdm_op_SpecLoopTripCount, i64 625, i64 625, i64 625"   --->   Operation 12 'speclooptripcount' 'speclooptripcount_ln0' <Predicate = (!exitcond4)> <Delay = 0.00>
ST_1 : Operation 13 [1/1] (0.00ns)   --->   "%p_cast = zext i10 %p_load"   --->   Operation 13 'zext' 'p_cast' <Predicate = (!exitcond4)> <Delay = 0.00>
ST_1 : Operation 14 [1/1] (0.00ns)   --->   "%input_fm_buffer_2_0_addr = getelementptr i32 %input_fm_buffer_2_0, i64 0, i64 %p_cast"   --->   Operation 14 'getelementptr' 'input_fm_buffer_2_0_addr' <Predicate = (!exitcond4)> <Delay = 0.00>
ST_1 : Operation 15 [1/1] (1.23ns)   --->   "%store_ln0 = store i32 0, i10 %input_fm_buffer_2_0_addr"   --->   Operation 15 'store' 'store_ln0' <Predicate = (!exitcond4)> <Delay = 1.23> <CoreInst = "RAM">   --->   Core 83 'RAM' <Latency = 1> <II = 1> <Delay = 1.23> <Storage> <Opcode : 'load' 'store'> <Ports = 2> <Width = 32> <Depth = 625> <RAM>
ST_1 : Operation 16 [1/1] (0.42ns)   --->   "%store_ln0 = store i10 %empty_108, i10 %empty"   --->   Operation 16 'store' 'store_ln0' <Predicate = (!exitcond4)> <Delay = 0.42>
ST_1 : Operation 17 [1/1] (0.00ns)   --->   "%br_ln0 = br void %memset.loop.i"   --->   Operation 17 'br' 'br_ln0' <Predicate = (!exitcond4)> <Delay = 0.00>
ST_1 : Operation 18 [1/1] (0.00ns)   --->   "%ret_ln0 = ret"   --->   Operation 18 'ret' 'ret_ln0' <Predicate = (exitcond4)> <Delay = 0.00>


============================================================
+ Verbose Summary: Timing violations
============================================================
Target clock period: 10.000ns, clock uncertainty: 2.700ns.

 <State 1>: 2.024ns
The critical path consists of the following:
	'alloca' operation ('empty') [2]  (0.000 ns)
	'load' operation ('p_load') on local variable 'empty' [6]  (0.000 ns)
	'getelementptr' operation ('input_fm_buffer_2_0_addr') [14]  (0.000 ns)
	'store' operation ('store_ln0') of constant 0 on array 'input_fm_buffer_2_0' [15]  (1.237 ns)
	blocking operation 0.787 ns on control path)


============================================================
+ Verbose Summary: Binding
============================================================
N/A
* FSMD analyzer results:
  - Output states:
 - Input state : 
  - Chain level:
	State 1


============================================================
+ Verbose Summary: Datapath Resource usage 
============================================================
N/A
