C:\SPB_Data\ELEN90096-Group-2\SRCNN\srcnn_hls\solution1\.autopilot\db\conv3.pp.0.cpp:27985:2: warning: Added loop label VITIS_LOOP_31_1:   [xilinx-label-all-loops]
 for (int tj = 0; tj < 3; tj++) {
 ^~~
 VITIS_LOOP_31_1: 
C:\SPB_Data\ELEN90096-Group-2\SRCNN\srcnn_hls\solution1\.autopilot\db\conv3.pp.0.cpp:27985:2: note: FIX-IT applied suggested code changes
C:\SPB_Data\ELEN90096-Group-2\SRCNN\srcnn_hls\solution1\.autopilot\db\conv3.pp.0.cpp:27986:2: warning: Added loop label VITIS_LOOP_32_2:   [xilinx-label-all-loops]
 for (int ti = 0; ti < 3; ti++) {
 ^~~
 VITIS_LOOP_32_2: 
C:\SPB_Data\ELEN90096-Group-2\SRCNN\srcnn_hls\solution1\.autopilot\db\conv3.pp.0.cpp:27986:2: note: FIX-IT applied suggested code changes
C:\SPB_Data\ELEN90096-Group-2\SRCNN\srcnn_hls\solution1\.autopilot\db\conv3.pp.0.cpp:27999:3: warning: Added loop label VITIS_LOOP_45_3:   [xilinx-label-all-loops]
  for (int nout = 0; nout < 1; nout++) {
  ^~~
  VITIS_LOOP_45_3: 
C:\SPB_Data\ELEN90096-Group-2\SRCNN\srcnn_hls\solution1\.autopilot\db\conv3.pp.0.cpp:27999:3: note: FIX-IT applied suggested code changes
C:\SPB_Data\ELEN90096-Group-2\SRCNN\srcnn_hls\solution1\.autopilot\db\conv3.pp.0.cpp:28002:4: warning: Added loop label VITIS_LOOP_48_4:   [xilinx-label-all-loops]
   for (int ty = 0; ty < 255 / 3; ty++) {
   ^~~
   VITIS_LOOP_48_4: 
C:\SPB_Data\ELEN90096-Group-2\SRCNN\srcnn_hls\solution1\.autopilot\db\conv3.pp.0.cpp:28002:4: note: FIX-IT applied suggested code changes
C:\SPB_Data\ELEN90096-Group-2\SRCNN\srcnn_hls\solution1\.autopilot\db\conv3.pp.0.cpp:28003:4: warning: Added loop label VITIS_LOOP_49_5:   [xilinx-label-all-loops]
   for (int tx = 0; tx < 255 / 3; tx++) {
   ^~~
   VITIS_LOOP_49_5: 
C:\SPB_Data\ELEN90096-Group-2\SRCNN\srcnn_hls\solution1\.autopilot\db\conv3.pp.0.cpp:28003:4: note: FIX-IT applied suggested code changes
C:\SPB_Data\ELEN90096-Group-2\SRCNN\srcnn_hls\solution1\.autopilot\db\conv3.pp.0.cpp:28006:5: warning: Added loop label VITIS_LOOP_52_6:   [xilinx-label-all-loops]
    for (int ky = 0; ky < 5; ky++) {
    ^~~
    VITIS_LOOP_52_6: 
C:\SPB_Data\ELEN90096-Group-2\SRCNN\srcnn_hls\solution1\.autopilot\db\conv3.pp.0.cpp:28006:5: note: FIX-IT applied suggested code changes
C:\SPB_Data\ELEN90096-Group-2\SRCNN\srcnn_hls\solution1\.autopilot\db\conv3.pp.0.cpp:28007:5: warning: Added loop label VITIS_LOOP_53_7:   [xilinx-label-all-loops]
    for (int kx = 0; kx < 5; kx++) {
    ^~~
    VITIS_LOOP_53_7: 
C:\SPB_Data\ELEN90096-Group-2\SRCNN\srcnn_hls\solution1\.autopilot\db\conv3.pp.0.cpp:28007:5: note: FIX-IT applied suggested code changes
C:\SPB_Data\ELEN90096-Group-2\SRCNN\srcnn_hls\solution1\.autopilot\db\conv3.pp.0.cpp:28015:6: warning: Added loop label VITIS_LOOP_61_8:   [xilinx-label-all-loops]
     for (int nin = 0; nin < 32; nin++) {
     ^~~
     VITIS_LOOP_61_8: 
C:\SPB_Data\ELEN90096-Group-2\SRCNN\srcnn_hls\solution1\.autopilot\db\conv3.pp.0.cpp:28015:6: note: FIX-IT applied suggested code changes
C:\SPB_Data\ELEN90096-Group-2\SRCNN\srcnn_hls\solution1\.autopilot\db\conv3.pp.0.cpp:28033:2: warning: Added loop label VITIS_LOOP_79_9:   [xilinx-label-all-loops]
 for (int nr = 0; nr < 1; nr++) {
 ^~~
 VITIS_LOOP_79_9: 
C:\SPB_Data\ELEN90096-Group-2\SRCNN\srcnn_hls\solution1\.autopilot\db\conv3.pp.0.cpp:28033:2: note: FIX-IT applied suggested code changes
C:\SPB_Data\ELEN90096-Group-2\SRCNN\srcnn_hls\solution1\.autopilot\db\conv3.pp.0.cpp:28034:2: warning: Added loop label VITIS_LOOP_80_10:   [xilinx-label-all-loops]
 for (int yr = 0; yr < 255; yr++) {
 ^~~
 VITIS_LOOP_80_10: 
C:\SPB_Data\ELEN90096-Group-2\SRCNN\srcnn_hls\solution1\.autopilot\db\conv3.pp.0.cpp:28034:2: note: FIX-IT applied suggested code changes
C:\SPB_Data\ELEN90096-Group-2\SRCNN\srcnn_hls\solution1\.autopilot\db\conv3.pp.0.cpp:28035:2: warning: Added loop label VITIS_LOOP_81_11:   [xilinx-label-all-loops]
 for (int xr = 0; xr < 255; xr++) {
 ^~~
 VITIS_LOOP_81_11: 
C:\SPB_Data\ELEN90096-Group-2\SRCNN\srcnn_hls\solution1\.autopilot\db\conv3.pp.0.cpp:28035:2: note: FIX-IT applied suggested code changes
C:\SPB_Data\ELEN90096-Group-2\SRCNN\srcnn_hls\solution1\.autopilot\db\conv3.pp.0.cpp:28054:2: warning: Added loop label VITIS_LOOP_107_1:   [xilinx-label-all-loops]
 for (int nin = 0; nin < 32; nin++) {
 ^~~
 VITIS_LOOP_107_1: 
C:\SPB_Data\ELEN90096-Group-2\SRCNN\srcnn_hls\solution1\.autopilot\db\conv3.pp.0.cpp:28054:2: note: FIX-IT applied suggested code changes
C:\SPB_Data\ELEN90096-Group-2\SRCNN\srcnn_hls\solution1\.autopilot\db\conv3.pp.0.cpp:28055:3: warning: Added loop label VITIS_LOOP_108_2:   [xilinx-label-all-loops]
  for (int by = 0; by < 255 / 3 + (2 * (5 - 1) / 2); by++) {
  ^~~
  VITIS_LOOP_108_2: 
C:\SPB_Data\ELEN90096-Group-2\SRCNN\srcnn_hls\solution1\.autopilot\db\conv3.pp.0.cpp:28055:3: note: FIX-IT applied suggested code changes
C:\SPB_Data\ELEN90096-Group-2\SRCNN\srcnn_hls\solution1\.autopilot\db\conv3.pp.0.cpp:28056:4: warning: Added loop label VITIS_LOOP_109_3:   [xilinx-label-all-loops]
   for (int bx = 0; bx < 255 / 3 + (2 * (5 - 1) / 2); bx++) {
   ^~~
   VITIS_LOOP_109_3: 
C:\SPB_Data\ELEN90096-Group-2\SRCNN\srcnn_hls\solution1\.autopilot\db\conv3.pp.0.cpp:28056:4: note: FIX-IT applied suggested code changes
C:\SPB_Data\ELEN90096-Group-2\SRCNN\srcnn_hls\solution1\.autopilot\db\conv3.pp.0.cpp:28075:2: warning: Added loop label VITIS_LOOP_128_1:   [xilinx-label-all-loops]
 for (int nout = 0; nout < 1; nout++) {
 ^~~
 VITIS_LOOP_128_1: 
C:\SPB_Data\ELEN90096-Group-2\SRCNN\srcnn_hls\solution1\.autopilot\db\conv3.pp.0.cpp:28075:2: note: FIX-IT applied suggested code changes
C:\SPB_Data\ELEN90096-Group-2\SRCNN\srcnn_hls\solution1\.autopilot\db\conv3.pp.0.cpp:28076:3: warning: Added loop label VITIS_LOOP_129_2:   [xilinx-label-all-loops]
  for (int ty = 0; ty < 255 / 3; ty++) {
  ^~~
  VITIS_LOOP_129_2: 
C:\SPB_Data\ELEN90096-Group-2\SRCNN\srcnn_hls\solution1\.autopilot\db\conv3.pp.0.cpp:28076:3: note: FIX-IT applied suggested code changes
C:\SPB_Data\ELEN90096-Group-2\SRCNN\srcnn_hls\solution1\.autopilot\db\conv3.pp.0.cpp:28077:4: warning: Added loop label VITIS_LOOP_130_3:   [xilinx-label-all-loops]
   for (int tx = 0; tx < 255 / 3; tx++) {
   ^~~
   VITIS_LOOP_130_3: 
C:\SPB_Data\ELEN90096-Group-2\SRCNN\srcnn_hls\solution1\.autopilot\db\conv3.pp.0.cpp:28077:4: note: FIX-IT applied suggested code changes
