

================================================================
== Vitis HLS Report for 'conv3_Pipeline_CLEARW4'
================================================================
* Date:           Sun Nov  5 11:02:22 2023

* Version:        2023.1 (Build 3854077 on May  4 2023)
* Project:        srcnn_hls
* Solution:       solution1 (Vivado IP Flow Target)
* Product family: zynquplus
* Target device:  xck24-ubva530-2LV-c


================================================================
== Performance Estimates
================================================================
+ Timing: 
    * Summary: 
    +--------+----------+----------+------------+
    |  Clock |  Target  | Estimated| Uncertainty|
    +--------+----------+----------+------------+
    |ap_clk  |  10.00 ns|  2.013 ns|     2.70 ns|
    +--------+----------+----------+------------+

+ Latency: 
    * Summary: 
    +---------+---------+----------+----------+-----+-----+---------+
    |  Latency (cycles) |  Latency (absolute) |  Interval | Pipeline|
    |   min   |   max   |    min   |    max   | min | max |   Type  |
    +---------+---------+----------+----------+-----+-----+---------+
    |      257|      257|  2.570 us|  2.570 us|  257|  257|       no|
    +---------+---------+----------+----------+-----+-----+---------+

    + Detail: 
        * Instance: 
        N/A

        * Loop: 
        +----------+---------+---------+----------+-----------+-----------+------+----------+
        |          |  Latency (cycles) | Iteration|  Initiation Interval  | Trip |          |
        | Loop Name|   min   |   max   |  Latency |  achieved |   target  | Count| Pipelined|
        +----------+---------+---------+----------+-----------+-----------+------+----------+
        |- CLEARW  |      255|      255|         1|          1|          1|   255|       yes|
        +----------+---------+---------+----------+-----------+-----------+------+----------+

============================================================
+ Verbose Summary: Synthesis Manager
============================================================
InlineROM: 1
ExposeGlobal: 0
============================================================
+ Verbose Summary: CDFG Model
============================================================
IsTopModel: 0
ResetActiveHigh: 1
IsCombinational: 0
IsDatapathOnly: 0
HasWiredReturn: 1
HasMFsm: 2
HasVarLatency: 1
IsPipeline: 0
IsRtlPipelined: 0
IsInstanceOverlapped: 0
IsDontTouch: 0
HasImplIP: 0
IsGatedGlobalClock: 0

+ Individual pipeline summary: 
  * Pipeline-0: initiation interval (II) = 1, depth = 1


============================================================
+ Verbose Summary: Schedule
============================================================
* Number of FSM states : 1
* Pipeline : 1
  Pipeline-0 : II = 1, D = 1, States = { 1 }
* Dataflow Pipeline: 0

* FSM state transitions: 
1 --> 

* FSM state operations: 

State 1 <SV = 0> <Delay = 2.01>
ST_1 : Operation 4 [1/1] (0.00ns)   --->   "%w_2 = alloca i32 1"   --->   Operation 4 'alloca' 'w_2' <Predicate = true> <Delay = 0.00>
ST_1 : Operation 5 [1/1] (0.42ns)   --->   "%store_ln0 = store i8 0, i8 %w_2"   --->   Operation 5 'store' 'store_ln0' <Predicate = true> <Delay = 0.42>
ST_1 : Operation 6 [1/1] (0.00ns)   --->   "%br_ln0 = br void %for.inc.1.i.i"   --->   Operation 6 'br' 'br_ln0' <Predicate = true> <Delay = 0.00>
ST_1 : Operation 7 [1/1] (0.00ns)   --->   "%w = load i8 %w_2" [src/conv3.cpp:72->src/conv3.cpp:150->src/conv3.cpp:63]   --->   Operation 7 'load' 'w' <Predicate = true> <Delay = 0.00>
ST_1 : Operation 8 [1/1] (0.00ns)   --->   "%specpipeline_ln0 = specpipeline void @_ssdm_op_SpecPipeline, i32 4294967295, i32 0, i32 1, i32 0, void @p_str"   --->   Operation 8 'specpipeline' 'specpipeline_ln0' <Predicate = true> <Delay = 0.00>
ST_1 : Operation 9 [1/1] (0.76ns)   --->   "%icmp_ln72 = icmp_eq  i8 %w, i8 255" [src/conv3.cpp:72->src/conv3.cpp:150->src/conv3.cpp:63]   --->   Operation 9 'icmp' 'icmp_ln72' <Predicate = true> <Delay = 0.76> <CoreInst = "Cmp">   --->   Core 9 'Cmp' <Latency = 0> <II = 1> <Delay = 0.76> <FuncUnit> <Opcode : 'icmp'> <InPorts = 2> <OutPorts = 1>
ST_1 : Operation 10 [1/1] (0.76ns)   --->   "%add_ln72 = add i8 %w, i8 1" [src/conv3.cpp:72->src/conv3.cpp:150->src/conv3.cpp:63]   --->   Operation 10 'add' 'add_ln72' <Predicate = true> <Delay = 0.76> <CoreInst = "Adder">   --->   Core 1 'Adder' <Latency = 0> <II = 1> <Delay = 0.76> <FuncUnit> <Opcode : 'add' 'sub'> <InPorts = 2> <OutPorts = 1>
ST_1 : Operation 11 [1/1] (0.00ns)   --->   "%br_ln72 = br i1 %icmp_ln72, void %for.inc.1.i.i.split, void %for.inc.2.i.i.preheader.exitStub" [src/conv3.cpp:72->src/conv3.cpp:150->src/conv3.cpp:63]   --->   Operation 11 'br' 'br_ln72' <Predicate = true> <Delay = 0.00>
ST_1 : Operation 12 [1/1] (0.00ns)   --->   "%zext_ln74 = zext i8 %w" [src/conv3.cpp:74->src/conv3.cpp:150->src/conv3.cpp:63]   --->   Operation 12 'zext' 'zext_ln74' <Predicate = (!icmp_ln72)> <Delay = 0.00>
ST_1 : Operation 13 [1/1] (0.77ns)   --->   "%add_ln74 = add i9 %zext_ln74, i9 255" [src/conv3.cpp:74->src/conv3.cpp:150->src/conv3.cpp:63]   --->   Operation 13 'add' 'add_ln74' <Predicate = (!icmp_ln72)> <Delay = 0.77> <CoreInst = "Adder">   --->   Core 1 'Adder' <Latency = 0> <II = 1> <Delay = 0.77> <FuncUnit> <Opcode : 'add' 'sub'> <InPorts = 2> <OutPorts = 1>
ST_1 : Operation 14 [1/1] (0.00ns)   --->   "%zext_ln74_2 = zext i9 %add_ln74" [src/conv3.cpp:74->src/conv3.cpp:150->src/conv3.cpp:63]   --->   Operation 14 'zext' 'zext_ln74_2' <Predicate = (!icmp_ln72)> <Delay = 0.00>
ST_1 : Operation 15 [1/1] (0.00ns)   --->   "%output_fm_buffer_0_addr = getelementptr i32 %output_fm_buffer_0, i64 0, i64 %zext_ln74_2" [src/conv3.cpp:74->src/conv3.cpp:150->src/conv3.cpp:63]   --->   Operation 15 'getelementptr' 'output_fm_buffer_0_addr' <Predicate = (!icmp_ln72)> <Delay = 0.00>
ST_1 : Operation 16 [1/1] (0.00ns)   --->   "%speclooptripcount_ln72 = speclooptripcount void @_ssdm_op_SpecLoopTripCount, i64 255, i64 255, i64 255" [src/conv3.cpp:72->src/conv3.cpp:150->src/conv3.cpp:63]   --->   Operation 16 'speclooptripcount' 'speclooptripcount_ln72' <Predicate = (!icmp_ln72)> <Delay = 0.00>
ST_1 : Operation 17 [1/1] (0.00ns)   --->   "%specloopname_ln72 = specloopname void @_ssdm_op_SpecLoopName, void @empty_32" [src/conv3.cpp:72->src/conv3.cpp:150->src/conv3.cpp:63]   --->   Operation 17 'specloopname' 'specloopname_ln72' <Predicate = (!icmp_ln72)> <Delay = 0.00>
ST_1 : Operation 18 [1/1] (1.23ns)   --->   "%store_ln74 = store i32 0, i10 %output_fm_buffer_0_addr" [src/conv3.cpp:74->src/conv3.cpp:150->src/conv3.cpp:63]   --->   Operation 18 'store' 'store_ln74' <Predicate = (!icmp_ln72)> <Delay = 1.23> <CoreInst = "RAM">   --->   Core 83 'RAM' <Latency = 1> <II = 1> <Delay = 1.23> <Storage> <Opcode : 'load' 'store'> <Ports = 2> <Width = 32> <Depth = 765> <RAM>
ST_1 : Operation 19 [1/1] (0.42ns)   --->   "%store_ln72 = store i8 %add_ln72, i8 %w_2" [src/conv3.cpp:72->src/conv3.cpp:150->src/conv3.cpp:63]   --->   Operation 19 'store' 'store_ln72' <Predicate = (!icmp_ln72)> <Delay = 0.42>
ST_1 : Operation 20 [1/1] (0.00ns)   --->   "%br_ln72 = br void %for.inc.1.i.i" [src/conv3.cpp:72->src/conv3.cpp:150->src/conv3.cpp:63]   --->   Operation 20 'br' 'br_ln72' <Predicate = (!icmp_ln72)> <Delay = 0.00>
ST_1 : Operation 21 [1/1] (0.00ns)   --->   "%ret_ln0 = ret"   --->   Operation 21 'ret' 'ret_ln0' <Predicate = (icmp_ln72)> <Delay = 0.00>


============================================================
+ Verbose Summary: Binding
============================================================
STG Binding: 
---------------- STG Properties BEGIN ----------------
- Is combinational: 0
- Is one-state seq: 0
- Is datapath-only: 0
- Is pipelined: 0
- Is top level: 0
Port [ Return ] is wired: 1; IO mode=ap_ctrl_hs:ce=0
Port [ output_fm_buffer_0]:  wired=1; compound=1; hidden=0; nouse=0; global=1; static=1; extern=0; dir=1; type=1; pingpong=0; private_global=0; MemPort=[03]; IO mode=ap_memory:ce=0
---------------- STG Properties END ------------------

---------------- Datapath Model BEGIN ----------------

<LifeTime>
<method=bitvector/>
w_2                     (alloca           ) [ 01]
store_ln0               (store            ) [ 00]
br_ln0                  (br               ) [ 00]
w                       (load             ) [ 00]
specpipeline_ln0        (specpipeline     ) [ 00]
icmp_ln72               (icmp             ) [ 01]
add_ln72                (add              ) [ 00]
br_ln72                 (br               ) [ 00]
zext_ln74               (zext             ) [ 00]
add_ln74                (add              ) [ 00]
zext_ln74_2             (zext             ) [ 00]
output_fm_buffer_0_addr (getelementptr    ) [ 00]
speclooptripcount_ln72  (speclooptripcount) [ 00]
specloopname_ln72       (specloopname     ) [ 00]
store_ln74              (store            ) [ 00]
store_ln72              (store            ) [ 00]
br_ln72                 (br               ) [ 00]
ret_ln0                 (ret              ) [ 00]
</LifeTime>

<model>

<comp_list>
<comp id="0" class="1000" name="output_fm_buffer_0">
<pin_list>
<pin id="1" dir="1" index="0" bw="1" slack="0"/>
</pin_list>
<bind>
<StgValue><ssdm name="output_fm_buffer_0"/><MemPortTyVec>0 3 </MemPortTyVec>
</StgValue>
</bind>
</comp>

<comp id="2" class="1001" name="const_2">
<pin_list>
<pin id="3" dir="1" index="0" bw="1" slack="0"/>
</pin_list>
<bind>
<StgValue><ssdm name=""/></StgValue>
</bind>
</comp>

<comp id="4" class="1001" name="const_4">
<pin_list>
<pin id="5" dir="1" index="0" bw="1" slack="0"/>
</pin_list>
<bind>
<StgValue><ssdm name=""/></StgValue>
</bind>
</comp>

<comp id="6" class="1001" name="const_6">
<pin_list>
<pin id="7" dir="1" index="0" bw="1" slack="2147483647"/>
</pin_list>
<bind>
<StgValue><ssdm name="_ssdm_op_SpecPipeline"/></StgValue>
</bind>
</comp>

<comp id="8" class="1001" name="const_8">
<pin_list>
<pin id="9" dir="1" index="0" bw="1" slack="2147483647"/>
</pin_list>
<bind>
<StgValue><ssdm name=""/></StgValue>
</bind>
</comp>

<comp id="10" class="1001" name="const_10">
<pin_list>
<pin id="11" dir="1" index="0" bw="1" slack="2147483647"/>
</pin_list>
<bind>
<StgValue><ssdm name=""/></StgValue>
</bind>
</comp>

<comp id="12" class="1001" name="const_12">
<pin_list>
<pin id="13" dir="1" index="0" bw="1" slack="2147483647"/>
</pin_list>
<bind>
<StgValue><ssdm name="p_str"/></StgValue>
</bind>
</comp>

<comp id="14" class="1001" name="const_14">
<pin_list>
<pin id="15" dir="1" index="0" bw="1" slack="0"/>
</pin_list>
<bind>
<StgValue><ssdm name=""/></StgValue>
</bind>
</comp>

<comp id="16" class="1001" name="const_16">
<pin_list>
<pin id="17" dir="1" index="0" bw="1" slack="0"/>
</pin_list>
<bind>
<StgValue><ssdm name=""/></StgValue>
</bind>
</comp>

<comp id="18" class="1001" name="const_18">
<pin_list>
<pin id="19" dir="1" index="0" bw="1" slack="0"/>
</pin_list>
<bind>
<StgValue><ssdm name=""/></StgValue>
</bind>
</comp>

<comp id="20" class="1001" name="const_20">
<pin_list>
<pin id="21" dir="1" index="0" bw="1" slack="0"/>
</pin_list>
<bind>
<StgValue><ssdm name=""/></StgValue>
</bind>
</comp>

<comp id="22" class="1001" name="const_22">
<pin_list>
<pin id="23" dir="1" index="0" bw="1" slack="2147483647"/>
</pin_list>
<bind>
<StgValue><ssdm name="_ssdm_op_SpecLoopTripCount"/></StgValue>
</bind>
</comp>

<comp id="24" class="1001" name="const_24">
<pin_list>
<pin id="25" dir="1" index="0" bw="1" slack="2147483647"/>
</pin_list>
<bind>
<StgValue><ssdm name=""/></StgValue>
</bind>
</comp>

<comp id="26" class="1001" name="const_26">
<pin_list>
<pin id="27" dir="1" index="0" bw="1" slack="2147483647"/>
</pin_list>
<bind>
<StgValue><ssdm name="_ssdm_op_SpecLoopName"/></StgValue>
</bind>
</comp>

<comp id="28" class="1001" name="const_28">
<pin_list>
<pin id="29" dir="1" index="0" bw="1" slack="2147483647"/>
</pin_list>
<bind>
<StgValue><ssdm name="empty_32"/></StgValue>
</bind>
</comp>

<comp id="30" class="1001" name="const_30">
<pin_list>
<pin id="31" dir="1" index="0" bw="1" slack="0"/>
</pin_list>
<bind>
<StgValue><ssdm name=""/></StgValue>
</bind>
</comp>

<comp id="32" class="1004" name="w_2_fu_32">
<pin_list>
<pin id="33" dir="0" index="0" bw="1" slack="0"/>
<pin id="34" dir="1" index="1" bw="8" slack="0"/>
</pin_list>
<bind>
<opcode="alloca(26) " fcode="alloca"/>
<opset="w_2/1 "/>
</bind>
</comp>

<comp id="36" class="1004" name="output_fm_buffer_0_addr_gep_fu_36">
<pin_list>
<pin id="37" dir="0" index="0" bw="32" slack="0"/>
<pin id="38" dir="0" index="1" bw="1" slack="0"/>
<pin id="39" dir="0" index="2" bw="9" slack="0"/>
<pin id="40" dir="1" index="3" bw="10" slack="0"/>
</pin_list>
<bind>
<opcode="getelementptr(29) " fcode="getelementptr"/>
<opset="output_fm_buffer_0_addr/1 "/>
</bind>
</comp>

<comp id="43" class="1004" name="store_ln74_access_fu_43">
<pin_list>
<pin id="44" dir="0" index="0" bw="10" slack="0"/>
<pin id="45" dir="0" index="1" bw="32" slack="0"/>
<pin id="46" dir="0" index="2" bw="0" slack="2147483647"/>
<pin id="47" dir="1" index="3" bw="32" slack="2147483647"/>
</pin_list>
<bind>
<opcode="store(28) " fcode="store"/>
<opset="store_ln74/1 "/>
</bind>
</comp>

<comp id="50" class="1004" name="store_ln0_store_fu_50">
<pin_list>
<pin id="51" dir="0" index="0" bw="1" slack="0"/>
<pin id="52" dir="0" index="1" bw="8" slack="0"/>
<pin id="53" dir="1" index="2" bw="0" slack="2147483647"/>
</pin_list>
<bind>
<opcode="store(28) " fcode="store"/>
<opset="store_ln0/1 "/>
</bind>
</comp>

<comp id="55" class="1004" name="w_load_fu_55">
<pin_list>
<pin id="56" dir="0" index="0" bw="8" slack="0"/>
<pin id="57" dir="1" index="1" bw="8" slack="0"/>
</pin_list>
<bind>
<opcode="load(27) " fcode="load"/>
<opset="w/1 "/>
</bind>
</comp>

<comp id="58" class="1004" name="icmp_ln72_fu_58">
<pin_list>
<pin id="59" dir="0" index="0" bw="8" slack="0"/>
<pin id="60" dir="0" index="1" bw="1" slack="0"/>
<pin id="61" dir="1" index="2" bw="1" slack="2147483647"/>
</pin_list>
<bind>
<opcode="icmp(45) " fcode="icmp"/>
<opset="icmp_ln72/1 "/>
</bind>
</comp>

<comp id="64" class="1004" name="add_ln72_fu_64">
<pin_list>
<pin id="65" dir="0" index="0" bw="8" slack="0"/>
<pin id="66" dir="0" index="1" bw="1" slack="0"/>
<pin id="67" dir="1" index="2" bw="8" slack="0"/>
</pin_list>
<bind>
<opcode="add(8) " fcode="add"/>
<opset="add_ln72/1 "/>
</bind>
</comp>

<comp id="70" class="1004" name="zext_ln74_fu_70">
<pin_list>
<pin id="71" dir="0" index="0" bw="8" slack="0"/>
<pin id="72" dir="1" index="1" bw="9" slack="0"/>
</pin_list>
<bind>
<opcode="zext(34) " fcode="zext"/>
<opset="zext_ln74/1 "/>
</bind>
</comp>

<comp id="74" class="1004" name="add_ln74_fu_74">
<pin_list>
<pin id="75" dir="0" index="0" bw="8" slack="0"/>
<pin id="76" dir="0" index="1" bw="9" slack="0"/>
<pin id="77" dir="1" index="2" bw="9" slack="0"/>
</pin_list>
<bind>
<opcode="add(8) " fcode="add"/>
<opset="add_ln74/1 "/>
</bind>
</comp>

<comp id="80" class="1004" name="zext_ln74_2_fu_80">
<pin_list>
<pin id="81" dir="0" index="0" bw="9" slack="0"/>
<pin id="82" dir="1" index="1" bw="64" slack="0"/>
</pin_list>
<bind>
<opcode="zext(34) " fcode="zext"/>
<opset="zext_ln74_2/1 "/>
</bind>
</comp>

<comp id="85" class="1004" name="store_ln72_store_fu_85">
<pin_list>
<pin id="86" dir="0" index="0" bw="8" slack="0"/>
<pin id="87" dir="0" index="1" bw="8" slack="0"/>
<pin id="88" dir="1" index="2" bw="0" slack="2147483647"/>
</pin_list>
<bind>
<opcode="store(28) " fcode="store"/>
<opset="store_ln72/1 "/>
</bind>
</comp>

<comp id="90" class="1005" name="w_2_reg_90">
<pin_list>
<pin id="91" dir="0" index="0" bw="8" slack="0"/>
<pin id="92" dir="1" index="1" bw="8" slack="0"/>
</pin_list>
<bind>
<opset="w_2 "/>
</bind>
</comp>

</comp_list>

<net_list>
<net id="35"><net_src comp="2" pin="0"/><net_sink comp="32" pin=0"/></net>

<net id="41"><net_src comp="0" pin="0"/><net_sink comp="36" pin=0"/></net>

<net id="42"><net_src comp="20" pin="0"/><net_sink comp="36" pin=1"/></net>

<net id="48"><net_src comp="30" pin="0"/><net_sink comp="43" pin=1"/></net>

<net id="49"><net_src comp="36" pin="3"/><net_sink comp="43" pin=0"/></net>

<net id="54"><net_src comp="4" pin="0"/><net_sink comp="50" pin=0"/></net>

<net id="62"><net_src comp="55" pin="1"/><net_sink comp="58" pin=0"/></net>

<net id="63"><net_src comp="14" pin="0"/><net_sink comp="58" pin=1"/></net>

<net id="68"><net_src comp="55" pin="1"/><net_sink comp="64" pin=0"/></net>

<net id="69"><net_src comp="16" pin="0"/><net_sink comp="64" pin=1"/></net>

<net id="73"><net_src comp="55" pin="1"/><net_sink comp="70" pin=0"/></net>

<net id="78"><net_src comp="70" pin="1"/><net_sink comp="74" pin=0"/></net>

<net id="79"><net_src comp="18" pin="0"/><net_sink comp="74" pin=1"/></net>

<net id="83"><net_src comp="74" pin="2"/><net_sink comp="80" pin=0"/></net>

<net id="84"><net_src comp="80" pin="1"/><net_sink comp="36" pin=2"/></net>

<net id="89"><net_src comp="64" pin="2"/><net_sink comp="85" pin=0"/></net>

<net id="93"><net_src comp="32" pin="1"/><net_sink comp="90" pin=0"/></net>

<net id="94"><net_src comp="90" pin="1"/><net_sink comp="50" pin=1"/></net>

<net id="95"><net_src comp="90" pin="1"/><net_sink comp="55" pin=0"/></net>

<net id="96"><net_src comp="90" pin="1"/><net_sink comp="85" pin=1"/></net>

</net_list>

</model> 
---------------- Datapath Model END ------------------

* FSMD analyzer results:
  - Output states:
	Port: output_fm_buffer_0 | {1 }
 - Input state : 
  - Chain level:
	State 1
		store_ln0 : 1
		w : 1
		icmp_ln72 : 2
		add_ln72 : 2
		br_ln72 : 3
		zext_ln74 : 2
		add_ln74 : 3
		zext_ln74_2 : 4
		output_fm_buffer_0_addr : 5
		store_ln74 : 6
		store_ln72 : 3


============================================================
+ Verbose Summary: Datapath Resource usage 
============================================================

* Functional unit list:
|----------|-------------------|---------|---------|
| Operation|  Functional Unit  |    FF   |   LUT   |
|----------|-------------------|---------|---------|
|    add   |   add_ln72_fu_64  |    0    |    15   |
|          |   add_ln74_fu_74  |    0    |    16   |
|----------|-------------------|---------|---------|
|   icmp   |  icmp_ln72_fu_58  |    0    |    15   |
|----------|-------------------|---------|---------|
|   zext   |  zext_ln74_fu_70  |    0    |    0    |
|          | zext_ln74_2_fu_80 |    0    |    0    |
|----------|-------------------|---------|---------|
|   Total  |                   |    0    |    46   |
|----------|-------------------|---------|---------|

Memories:
N/A

* Register list:
+----------+--------+
|          |   FF   |
+----------+--------+
|w_2_reg_90|    8   |
+----------+--------+
|   Total  |    8   |
+----------+--------+

* Multiplexer (MUX) list: 
|--------|------|------|------|--------|
|  Comp  |  Pin | Size |  BW  | S x BW |
|--------|------|------|------|--------|
|  Total |      |      |      |    0   |
|--------|------|------|------|--------|



* Summary:
+-----------+--------+--------+
|           |   FF   |   LUT  |
+-----------+--------+--------+
|  Function |    0   |   46   |
|   Memory  |    -   |    -   |
|Multiplexer|    -   |    -   |
|  Register |    8   |    -   |
+-----------+--------+--------+
|   Total   |    8   |   46   |
+-----------+--------+--------+
