

================================================================
== Vitis HLS Report for 'conv2_Pipeline_BW5'
================================================================
* Date:           Sat Nov  4 18:42:39 2023

* Version:        2023.1 (Build 3854077 on May  4 2023)
* Project:        srcnn_hls
* Solution:       solution1 (Vivado IP Flow Target)
* Product family: zynquplus
* Target device:  xck24-ubva530-2LV-c


================================================================
== Performance Estimates
================================================================
+ Timing: 
    * Summary: 
    +--------+----------+----------+------------+
    |  Clock |  Target  | Estimated| Uncertainty|
    +--------+----------+----------+------------+
    |ap_clk  |  10.00 ns|  2.350 ns|     2.70 ns|
    +--------+----------+----------+------------+

+ Latency: 
    * Summary: 
    +---------+---------+----------+----------+-----+-----+---------+
    |  Latency (cycles) |  Latency (absolute) |  Interval | Pipeline|
    |   min   |   max   |    min   |    max   | min | max |   Type  |
    +---------+---------+----------+----------+-----+-----+---------+
    |      257|      257|  2.570 us|  2.570 us|  257|  257|       no|
    +---------+---------+----------+----------+-----+-----+---------+

    + Detail: 
        * Instance: 
        N/A

        * Loop: 
        +----------+---------+---------+----------+-----------+-----------+------+----------+
        |          |  Latency (cycles) | Iteration|  Initiation Interval  | Trip |          |
        | Loop Name|   min   |   max   |  Latency |  achieved |   target  | Count| Pipelined|
        +----------+---------+---------+----------+-----------+-----------+------+----------+
        |- BW      |      255|      255|         1|          1|          1|   255|       yes|
        +----------+---------+---------+----------+-----------+-----------+------+----------+

============================================================
+ Verbose Summary: Synthesis Manager
============================================================
InlineROM: 1
ExposeGlobal: 0
============================================================
+ Verbose Summary: CDFG Model
============================================================
IsTopModel: 0
ResetActiveHigh: 1
IsCombinational: 0
IsDatapathOnly: 0
HasWiredReturn: 1
HasMFsm: 2
HasVarLatency: 1
IsPipeline: 0
IsRtlPipelined: 0
IsInstanceOverlapped: 0
IsDontTouch: 0
HasImplIP: 0
IsGatedGlobalClock: 0

+ Individual pipeline summary: 
  * Pipeline-0: initiation interval (II) = 1, depth = 2


============================================================
+ Verbose Summary: Schedule
============================================================
* Number of FSM states : 2
* Pipeline : 1
  Pipeline-0 : II = 1, D = 2, States = { 1 2 }
* Dataflow Pipeline: 0

* FSM state transitions: 
1 --> 2 
2 --> 

* FSM state operations: 

State 1 <SV = 0> <Delay = 0.42>
ST_1 : Operation 4 [1/1] (0.00ns)   --->   "%phi_urem829 = alloca i32 1"   --->   Operation 4 'alloca' 'phi_urem829' <Predicate = true> <Delay = 0.00>
ST_1 : Operation 5 [1/1] (0.00ns)   --->   "%phi_mul827 = alloca i32 1"   --->   Operation 5 'alloca' 'phi_mul827' <Predicate = true> <Delay = 0.00>
ST_1 : Operation 6 [1/1] (0.00ns)   --->   "%w_3 = alloca i32 1"   --->   Operation 6 'alloca' 'w_3' <Predicate = true> <Delay = 0.00>
ST_1 : Operation 7 [1/1] (0.00ns)   --->   "%add_ln65_read = read i9 @_ssdm_op_Read.ap_auto.i9, i9 %add_ln65"   --->   Operation 7 'read' 'add_ln65_read' <Predicate = true> <Delay = 0.00>
ST_1 : Operation 8 [1/1] (0.00ns)   --->   "%add_ln65_cast = zext i9 %add_ln65_read"   --->   Operation 8 'zext' 'add_ln65_cast' <Predicate = true> <Delay = 0.00>
ST_1 : Operation 9 [1/1] (0.00ns)   --->   "%specmemcore_ln0 = specmemcore void @_ssdm_op_SpecMemCore, i32 %conv2_ap_fixed_255_255_ap_fixed_64_1_1_ap_fixed_ap_fixed_255_4, i64 666, i64 30, i64 18446744073709551615"   --->   Operation 9 'specmemcore' 'specmemcore_ln0' <Predicate = true> <Delay = 0.00>
ST_1 : Operation 10 [1/1] (0.00ns)   --->   "%specmemcore_ln0 = specmemcore void @_ssdm_op_SpecMemCore, i32 %conv2_ap_fixed_255_255_ap_fixed_64_1_1_ap_fixed_ap_fixed_255_3, i64 666, i64 30, i64 18446744073709551615"   --->   Operation 10 'specmemcore' 'specmemcore_ln0' <Predicate = true> <Delay = 0.00>
ST_1 : Operation 11 [1/1] (0.00ns)   --->   "%specmemcore_ln0 = specmemcore void @_ssdm_op_SpecMemCore, i32 %conv2_ap_fixed_255_255_ap_fixed_64_1_1_ap_fixed_ap_fixed_255_2, i64 666, i64 30, i64 18446744073709551615"   --->   Operation 11 'specmemcore' 'specmemcore_ln0' <Predicate = true> <Delay = 0.00>
ST_1 : Operation 12 [1/1] (0.00ns)   --->   "%specmemcore_ln0 = specmemcore void @_ssdm_op_SpecMemCore, i32 %conv2_ap_fixed_255_255_ap_fixed_64_1_1_ap_fixed_ap_fixed_255_1, i64 666, i64 30, i64 18446744073709551615"   --->   Operation 12 'specmemcore' 'specmemcore_ln0' <Predicate = true> <Delay = 0.00>
ST_1 : Operation 13 [1/1] (0.00ns)   --->   "%specmemcore_ln0 = specmemcore void @_ssdm_op_SpecMemCore, i32 %conv2_mulmulmulmulap_fixed_255_255_ap_fixed_64_1_1_ap_fixed_ap_fixed_255, i64 666, i64 30, i64 18446744073709551615"   --->   Operation 13 'specmemcore' 'specmemcore_ln0' <Predicate = true> <Delay = 0.00>
ST_1 : Operation 14 [1/1] (0.42ns)   --->   "%store_ln0 = store i8 0, i8 %w_3"   --->   Operation 14 'store' 'store_ln0' <Predicate = true> <Delay = 0.42>
ST_1 : Operation 15 [1/1] (0.42ns)   --->   "%store_ln0 = store i17 0, i17 %phi_mul827"   --->   Operation 15 'store' 'store_ln0' <Predicate = true> <Delay = 0.42>
ST_1 : Operation 16 [1/1] (0.42ns)   --->   "%store_ln0 = store i8 0, i8 %phi_urem829"   --->   Operation 16 'store' 'store_ln0' <Predicate = true> <Delay = 0.42>
ST_1 : Operation 17 [1/1] (0.00ns)   --->   "%br_ln0 = br void %for.body8.1.i.i"   --->   Operation 17 'br' 'br_ln0' <Predicate = true> <Delay = 0.00>

State 2 <SV = 1> <Delay = 2.35>
ST_2 : Operation 18 [1/1] (0.00ns)   --->   "%w = load i8 %w_3" [src/conv2.cpp:63->src/conv2.cpp:123->src/conv2.cpp:53]   --->   Operation 18 'load' 'w' <Predicate = true> <Delay = 0.00>
ST_2 : Operation 19 [1/1] (0.00ns)   --->   "%specpipeline_ln0 = specpipeline void @_ssdm_op_SpecPipeline, i32 4294967295, i32 0, i32 1, i32 0, void @p_str"   --->   Operation 19 'specpipeline' 'specpipeline_ln0' <Predicate = true> <Delay = 0.00>
ST_2 : Operation 20 [1/1] (0.76ns)   --->   "%icmp_ln63_1 = icmp_eq  i8 %w, i8 255" [src/conv2.cpp:63->src/conv2.cpp:123->src/conv2.cpp:53]   --->   Operation 20 'icmp' 'icmp_ln63_1' <Predicate = true> <Delay = 0.76> <CoreInst = "Cmp">   --->   Core 9 'Cmp' <Latency = 0> <II = 1> <Delay = 0.76> <FuncUnit> <Opcode : 'icmp'> <InPorts = 2> <OutPorts = 1>
ST_2 : Operation 21 [1/1] (0.76ns)   --->   "%add_ln63_1 = add i8 %w, i8 1" [src/conv2.cpp:63->src/conv2.cpp:123->src/conv2.cpp:53]   --->   Operation 21 'add' 'add_ln63_1' <Predicate = true> <Delay = 0.76> <CoreInst = "Adder">   --->   Core 1 'Adder' <Latency = 0> <II = 1> <Delay = 0.76> <FuncUnit> <Opcode : 'add' 'sub'> <InPorts = 2> <OutPorts = 1>
ST_2 : Operation 22 [1/1] (0.00ns)   --->   "%br_ln63 = br i1 %icmp_ln63_1, void %for.body8.1.i.i.split, void %for.body8.2.i.i.preheader.exitStub" [src/conv2.cpp:63->src/conv2.cpp:123->src/conv2.cpp:53]   --->   Operation 22 'br' 'br_ln63' <Predicate = true> <Delay = 0.00>
ST_2 : Operation 23 [1/1] (0.00ns)   --->   "%phi_urem829_load_1 = load i8 %phi_urem829" [src/conv2.cpp:65->src/conv2.cpp:123->src/conv2.cpp:53]   --->   Operation 23 'load' 'phi_urem829_load_1' <Predicate = (!icmp_ln63_1)> <Delay = 0.00>
ST_2 : Operation 24 [1/1] (0.00ns)   --->   "%phi_mul827_load = load i17 %phi_mul827" [src/conv2.cpp:63->src/conv2.cpp:123->src/conv2.cpp:53]   --->   Operation 24 'load' 'phi_mul827_load' <Predicate = (!icmp_ln63_1)> <Delay = 0.00>
ST_2 : Operation 25 [1/1] (0.00ns)   --->   "%speclooptripcount_ln63 = speclooptripcount void @_ssdm_op_SpecLoopTripCount, i64 255, i64 255, i64 255" [src/conv2.cpp:63->src/conv2.cpp:123->src/conv2.cpp:53]   --->   Operation 25 'speclooptripcount' 'speclooptripcount_ln63' <Predicate = (!icmp_ln63_1)> <Delay = 0.00>
ST_2 : Operation 26 [1/1] (0.00ns)   --->   "%specloopname_ln63 = specloopname void @_ssdm_op_SpecLoopName, void @empty_35" [src/conv2.cpp:63->src/conv2.cpp:123->src/conv2.cpp:53]   --->   Operation 26 'specloopname' 'specloopname_ln63' <Predicate = (!icmp_ln63_1)> <Delay = 0.00>
ST_2 : Operation 27 [1/1] (0.00ns)   --->   "%zext_ln65 = zext i8 %phi_urem829_load_1" [src/conv2.cpp:65->src/conv2.cpp:123->src/conv2.cpp:53]   --->   Operation 27 'zext' 'zext_ln65' <Predicate = (!icmp_ln63_1)> <Delay = 0.00>
ST_2 : Operation 28 [1/1] (0.77ns)   --->   "%add_ln65_1 = add i10 %add_ln65_cast, i10 %zext_ln65" [src/conv2.cpp:65->src/conv2.cpp:123->src/conv2.cpp:53]   --->   Operation 28 'add' 'add_ln65_1' <Predicate = (!icmp_ln63_1)> <Delay = 0.77> <CoreInst = "Adder">   --->   Core 1 'Adder' <Latency = 0> <II = 1> <Delay = 0.77> <FuncUnit> <Opcode : 'add' 'sub'> <InPorts = 2> <OutPorts = 1>
ST_2 : Operation 29 [1/1] (0.00ns)   --->   "%zext_ln65_2 = zext i10 %add_ln65_1" [src/conv2.cpp:65->src/conv2.cpp:123->src/conv2.cpp:53]   --->   Operation 29 'zext' 'zext_ln65_2' <Predicate = (!icmp_ln63_1)> <Delay = 0.00>
ST_2 : Operation 30 [1/1] (0.00ns)   --->   "%conv2_ap_fixed_255_255_ap_fixed_64_1_1_ap_fixed_ap_fixed_255_80 = getelementptr i32 %conv2_ap_fixed_255_255_ap_fixed_64_1_1_ap_fixed_ap_fixed_255_4, i64 0, i64 %zext_ln65_2" [src/conv2.cpp:65->src/conv2.cpp:123->src/conv2.cpp:53]   --->   Operation 30 'getelementptr' 'conv2_ap_fixed_255_255_ap_fixed_64_1_1_ap_fixed_ap_fixed_255_80' <Predicate = (!icmp_ln63_1)> <Delay = 0.00>
ST_2 : Operation 31 [1/1] (0.00ns)   --->   "%conv2_ap_fixed_255_255_ap_fixed_64_1_1_ap_fixed_ap_fixed_255_81 = getelementptr i32 %conv2_ap_fixed_255_255_ap_fixed_64_1_1_ap_fixed_ap_fixed_255_3, i64 0, i64 %zext_ln65_2" [src/conv2.cpp:65->src/conv2.cpp:123->src/conv2.cpp:53]   --->   Operation 31 'getelementptr' 'conv2_ap_fixed_255_255_ap_fixed_64_1_1_ap_fixed_ap_fixed_255_81' <Predicate = (!icmp_ln63_1)> <Delay = 0.00>
ST_2 : Operation 32 [1/1] (0.00ns)   --->   "%conv2_ap_fixed_255_255_ap_fixed_64_1_1_ap_fixed_ap_fixed_255_82 = getelementptr i32 %conv2_ap_fixed_255_255_ap_fixed_64_1_1_ap_fixed_ap_fixed_255_2, i64 0, i64 %zext_ln65_2" [src/conv2.cpp:65->src/conv2.cpp:123->src/conv2.cpp:53]   --->   Operation 32 'getelementptr' 'conv2_ap_fixed_255_255_ap_fixed_64_1_1_ap_fixed_ap_fixed_255_82' <Predicate = (!icmp_ln63_1)> <Delay = 0.00>
ST_2 : Operation 33 [1/1] (0.00ns)   --->   "%conv2_ap_fixed_255_255_ap_fixed_64_1_1_ap_fixed_ap_fixed_255_83 = getelementptr i32 %conv2_ap_fixed_255_255_ap_fixed_64_1_1_ap_fixed_ap_fixed_255_1, i64 0, i64 %zext_ln65_2" [src/conv2.cpp:65->src/conv2.cpp:123->src/conv2.cpp:53]   --->   Operation 33 'getelementptr' 'conv2_ap_fixed_255_255_ap_fixed_64_1_1_ap_fixed_ap_fixed_255_83' <Predicate = (!icmp_ln63_1)> <Delay = 0.00>
ST_2 : Operation 34 [1/1] (0.00ns)   --->   "%conv2_ap_fixed_255_255_ap_fixed_64_1_1_ap_fixed_ap_fixed_255_84 = getelementptr i32 %conv2_mulmulmulmulap_fixed_255_255_ap_fixed_64_1_1_ap_fixed_ap_fixed_255, i64 0, i64 %zext_ln65_2" [src/conv2.cpp:65->src/conv2.cpp:123->src/conv2.cpp:53]   --->   Operation 34 'getelementptr' 'conv2_ap_fixed_255_255_ap_fixed_64_1_1_ap_fixed_ap_fixed_255_84' <Predicate = (!icmp_ln63_1)> <Delay = 0.00>
ST_2 : Operation 35 [1/1] (0.86ns)   --->   "%add_ln63 = add i17 %phi_mul827_load, i17 322" [src/conv2.cpp:63->src/conv2.cpp:123->src/conv2.cpp:53]   --->   Operation 35 'add' 'add_ln63' <Predicate = (!icmp_ln63_1)> <Delay = 0.86> <CoreInst = "Adder">   --->   Core 1 'Adder' <Latency = 0> <II = 1> <Delay = 0.86> <FuncUnit> <Opcode : 'add' 'sub'> <InPorts = 2> <OutPorts = 1>
ST_2 : Operation 36 [1/1] (0.00ns)   --->   "%trunc_ln63_1 = partselect i3 @_ssdm_op_PartSelect.i3.i17.i32.i32, i17 %phi_mul827_load, i32 14, i32 16" [src/conv2.cpp:63->src/conv2.cpp:123->src/conv2.cpp:53]   --->   Operation 36 'partselect' 'trunc_ln63_1' <Predicate = (!icmp_ln63_1)> <Delay = 0.00>
ST_2 : Operation 37 [1/1] (0.73ns)   --->   "%switch_ln65 = switch i3 %trunc_ln63_1, void %arrayidx1225.1.i.i.case.4, i3 0, void %arrayidx1225.1.i.i.case.0, i3 1, void %arrayidx1225.1.i.i.case.1, i3 2, void %arrayidx1225.1.i.i.case.2, i3 3, void %arrayidx1225.1.i.i.case.3" [src/conv2.cpp:65->src/conv2.cpp:123->src/conv2.cpp:53]   --->   Operation 37 'switch' 'switch_ln65' <Predicate = (!icmp_ln63_1)> <Delay = 0.73>
ST_2 : Operation 38 [1/1] (1.23ns)   --->   "%store_ln65 = store i32 0, i10 %conv2_ap_fixed_255_255_ap_fixed_64_1_1_ap_fixed_ap_fixed_255_83" [src/conv2.cpp:65->src/conv2.cpp:123->src/conv2.cpp:53]   --->   Operation 38 'store' 'store_ln65' <Predicate = (!icmp_ln63_1 & trunc_ln63_1 == 3)> <Delay = 1.23> <CoreInst = "RAM_T2P_BRAM">   --->   Core 99 'RAM_T2P_BRAM' <Latency = 1> <II = 1> <Delay = 1.23> <Storage> <Opcode : 'load' 'store'> <Ports = 2> <Width = 32> <Depth = 612> <RAM>
ST_2 : Operation 39 [1/1] (0.00ns)   --->   "%br_ln65 = br void %arrayidx1225.1.i.i.exit" [src/conv2.cpp:65->src/conv2.cpp:123->src/conv2.cpp:53]   --->   Operation 39 'br' 'br_ln65' <Predicate = (!icmp_ln63_1 & trunc_ln63_1 == 3)> <Delay = 0.00>
ST_2 : Operation 40 [1/1] (1.23ns)   --->   "%store_ln65 = store i32 0, i10 %conv2_ap_fixed_255_255_ap_fixed_64_1_1_ap_fixed_ap_fixed_255_82" [src/conv2.cpp:65->src/conv2.cpp:123->src/conv2.cpp:53]   --->   Operation 40 'store' 'store_ln65' <Predicate = (!icmp_ln63_1 & trunc_ln63_1 == 2)> <Delay = 1.23> <CoreInst = "RAM_T2P_BRAM">   --->   Core 99 'RAM_T2P_BRAM' <Latency = 1> <II = 1> <Delay = 1.23> <Storage> <Opcode : 'load' 'store'> <Ports = 2> <Width = 32> <Depth = 612> <RAM>
ST_2 : Operation 41 [1/1] (0.00ns)   --->   "%br_ln65 = br void %arrayidx1225.1.i.i.exit" [src/conv2.cpp:65->src/conv2.cpp:123->src/conv2.cpp:53]   --->   Operation 41 'br' 'br_ln65' <Predicate = (!icmp_ln63_1 & trunc_ln63_1 == 2)> <Delay = 0.00>
ST_2 : Operation 42 [1/1] (1.23ns)   --->   "%store_ln65 = store i32 0, i10 %conv2_ap_fixed_255_255_ap_fixed_64_1_1_ap_fixed_ap_fixed_255_81" [src/conv2.cpp:65->src/conv2.cpp:123->src/conv2.cpp:53]   --->   Operation 42 'store' 'store_ln65' <Predicate = (!icmp_ln63_1 & trunc_ln63_1 == 1)> <Delay = 1.23> <CoreInst = "RAM_T2P_BRAM">   --->   Core 99 'RAM_T2P_BRAM' <Latency = 1> <II = 1> <Delay = 1.23> <Storage> <Opcode : 'load' 'store'> <Ports = 2> <Width = 32> <Depth = 612> <RAM>
ST_2 : Operation 43 [1/1] (0.00ns)   --->   "%br_ln65 = br void %arrayidx1225.1.i.i.exit" [src/conv2.cpp:65->src/conv2.cpp:123->src/conv2.cpp:53]   --->   Operation 43 'br' 'br_ln65' <Predicate = (!icmp_ln63_1 & trunc_ln63_1 == 1)> <Delay = 0.00>
ST_2 : Operation 44 [1/1] (1.23ns)   --->   "%store_ln65 = store i32 0, i10 %conv2_ap_fixed_255_255_ap_fixed_64_1_1_ap_fixed_ap_fixed_255_80" [src/conv2.cpp:65->src/conv2.cpp:123->src/conv2.cpp:53]   --->   Operation 44 'store' 'store_ln65' <Predicate = (!icmp_ln63_1 & trunc_ln63_1 == 0)> <Delay = 1.23> <CoreInst = "RAM_T2P_BRAM">   --->   Core 99 'RAM_T2P_BRAM' <Latency = 1> <II = 1> <Delay = 1.23> <Storage> <Opcode : 'load' 'store'> <Ports = 2> <Width = 32> <Depth = 612> <RAM>
ST_2 : Operation 45 [1/1] (0.00ns)   --->   "%br_ln65 = br void %arrayidx1225.1.i.i.exit" [src/conv2.cpp:65->src/conv2.cpp:123->src/conv2.cpp:53]   --->   Operation 45 'br' 'br_ln65' <Predicate = (!icmp_ln63_1 & trunc_ln63_1 == 0)> <Delay = 0.00>
ST_2 : Operation 46 [1/1] (1.23ns)   --->   "%store_ln65 = store i32 0, i10 %conv2_ap_fixed_255_255_ap_fixed_64_1_1_ap_fixed_ap_fixed_255_84" [src/conv2.cpp:65->src/conv2.cpp:123->src/conv2.cpp:53]   --->   Operation 46 'store' 'store_ln65' <Predicate = (!icmp_ln63_1 & trunc_ln63_1 != 0 & trunc_ln63_1 != 1 & trunc_ln63_1 != 2 & trunc_ln63_1 != 3)> <Delay = 1.23> <CoreInst = "RAM_T2P_BRAM">   --->   Core 99 'RAM_T2P_BRAM' <Latency = 1> <II = 1> <Delay = 1.23> <Storage> <Opcode : 'load' 'store'> <Ports = 2> <Width = 32> <Depth = 612> <RAM>
ST_2 : Operation 47 [1/1] (0.00ns)   --->   "%br_ln65 = br void %arrayidx1225.1.i.i.exit" [src/conv2.cpp:65->src/conv2.cpp:123->src/conv2.cpp:53]   --->   Operation 47 'br' 'br_ln65' <Predicate = (!icmp_ln63_1 & trunc_ln63_1 != 0 & trunc_ln63_1 != 1 & trunc_ln63_1 != 2 & trunc_ln63_1 != 3)> <Delay = 0.00>
ST_2 : Operation 48 [1/1] (0.00ns)   --->   "%phi_urem829_load = load i8 %phi_urem829" [src/conv2.cpp:63->src/conv2.cpp:123->src/conv2.cpp:53]   --->   Operation 48 'load' 'phi_urem829_load' <Predicate = (!icmp_ln63_1)> <Delay = 0.00>
ST_2 : Operation 49 [1/1] (0.76ns)   --->   "%add_ln63_3 = add i8 %phi_urem829_load, i8 1" [src/conv2.cpp:63->src/conv2.cpp:123->src/conv2.cpp:53]   --->   Operation 49 'add' 'add_ln63_3' <Predicate = (!icmp_ln63_1)> <Delay = 0.76> <CoreInst = "Adder">   --->   Core 1 'Adder' <Latency = 0> <II = 1> <Delay = 0.76> <FuncUnit> <Opcode : 'add' 'sub'> <InPorts = 2> <OutPorts = 1>
ST_2 : Operation 50 [1/1] (0.76ns)   --->   "%icmp_ln63 = icmp_ult  i8 %add_ln63_3, i8 51" [src/conv2.cpp:63->src/conv2.cpp:123->src/conv2.cpp:53]   --->   Operation 50 'icmp' 'icmp_ln63' <Predicate = (!icmp_ln63_1)> <Delay = 0.76> <CoreInst = "Cmp">   --->   Core 9 'Cmp' <Latency = 0> <II = 1> <Delay = 0.76> <FuncUnit> <Opcode : 'icmp'> <InPorts = 2> <OutPorts = 1>
ST_2 : Operation 51 [1/1] (0.39ns)   --->   "%select_ln63 = select i1 %icmp_ln63, i8 %add_ln63_3, i8 0" [src/conv2.cpp:63->src/conv2.cpp:123->src/conv2.cpp:53]   --->   Operation 51 'select' 'select_ln63' <Predicate = (!icmp_ln63_1)> <Delay = 0.39> <CoreInst = "Sel">   --->   Core 73 'Sel' <Latency = 0> <II = 1> <Delay = 0.39> <FuncUnit> <Opcode : 'select'> <InPorts = 3> <OutPorts = 1>
ST_2 : Operation 52 [1/1] (0.42ns)   --->   "%store_ln63 = store i8 %add_ln63_1, i8 %w_3" [src/conv2.cpp:63->src/conv2.cpp:123->src/conv2.cpp:53]   --->   Operation 52 'store' 'store_ln63' <Predicate = (!icmp_ln63_1)> <Delay = 0.42>
ST_2 : Operation 53 [1/1] (0.42ns)   --->   "%store_ln63 = store i17 %add_ln63, i17 %phi_mul827" [src/conv2.cpp:63->src/conv2.cpp:123->src/conv2.cpp:53]   --->   Operation 53 'store' 'store_ln63' <Predicate = (!icmp_ln63_1)> <Delay = 0.42>
ST_2 : Operation 54 [1/1] (0.42ns)   --->   "%store_ln63 = store i8 %select_ln63, i8 %phi_urem829" [src/conv2.cpp:63->src/conv2.cpp:123->src/conv2.cpp:53]   --->   Operation 54 'store' 'store_ln63' <Predicate = (!icmp_ln63_1)> <Delay = 0.42>
ST_2 : Operation 55 [1/1] (0.00ns)   --->   "%br_ln63 = br void %for.body8.1.i.i" [src/conv2.cpp:63->src/conv2.cpp:123->src/conv2.cpp:53]   --->   Operation 55 'br' 'br_ln63' <Predicate = (!icmp_ln63_1)> <Delay = 0.00>
ST_2 : Operation 56 [1/1] (0.00ns)   --->   "%ret_ln0 = ret"   --->   Operation 56 'ret' 'ret_ln0' <Predicate = (icmp_ln63_1)> <Delay = 0.00>


============================================================
+ Verbose Summary: Binding
============================================================
STG Binding: 
---------------- STG Properties BEGIN ----------------
- Is combinational: 0
- Is one-state seq: 0
- Is datapath-only: 0
- Is pipelined: 0
- Is top level: 0
Port [ Return ] is wired: 1; IO mode=ap_ctrl_hs:ce=0
Port [ add_ln65]:  wired=1; compound=0; hidden=0; nouse=0; global=0; static=0; extern=0; dir=0; type=0; pingpong=0; private_global=0; IO mode=ap_none:ce=0
Port [ conv2_ap_fixed_255_255_ap_fixed_64_1_1_ap_fixed_ap_fixed_255_4]:  wired=1; compound=1; hidden=0; nouse=0; global=1; static=1; extern=0; dir=1; type=1; pingpong=0; private_global=0; MemPort=[03]; IO mode=ap_memory:ce=0
Port [ conv2_ap_fixed_255_255_ap_fixed_64_1_1_ap_fixed_ap_fixed_255_3]:  wired=1; compound=1; hidden=0; nouse=0; global=1; static=1; extern=0; dir=1; type=1; pingpong=0; private_global=0; MemPort=[03]; IO mode=ap_memory:ce=0
Port [ conv2_ap_fixed_255_255_ap_fixed_64_1_1_ap_fixed_ap_fixed_255_2]:  wired=1; compound=1; hidden=0; nouse=0; global=1; static=1; extern=0; dir=1; type=1; pingpong=0; private_global=0; MemPort=[03]; IO mode=ap_memory:ce=0
Port [ conv2_ap_fixed_255_255_ap_fixed_64_1_1_ap_fixed_ap_fixed_255_1]:  wired=1; compound=1; hidden=0; nouse=0; global=1; static=1; extern=0; dir=1; type=1; pingpong=0; private_global=0; MemPort=[03]; IO mode=ap_memory:ce=0
Port [ conv2_mulmulmulmulap_fixed_255_255_ap_fixed_64_1_1_ap_fixed_ap_fixed_255]:  wired=1; compound=1; hidden=0; nouse=0; global=1; static=1; extern=0; dir=1; type=1; pingpong=0; private_global=0; MemPort=[03]; IO mode=ap_memory:ce=0
---------------- STG Properties END ------------------

---------------- Datapath Model BEGIN ----------------

<LifeTime>
<method=bitvector/>
phi_urem829                                                     (alloca           ) [ 011]
phi_mul827                                                      (alloca           ) [ 011]
w_3                                                             (alloca           ) [ 011]
add_ln65_read                                                   (read             ) [ 000]
add_ln65_cast                                                   (zext             ) [ 011]
specmemcore_ln0                                                 (specmemcore      ) [ 000]
specmemcore_ln0                                                 (specmemcore      ) [ 000]
specmemcore_ln0                                                 (specmemcore      ) [ 000]
specmemcore_ln0                                                 (specmemcore      ) [ 000]
specmemcore_ln0                                                 (specmemcore      ) [ 000]
store_ln0                                                       (store            ) [ 000]
store_ln0                                                       (store            ) [ 000]
store_ln0                                                       (store            ) [ 000]
br_ln0                                                          (br               ) [ 000]
w                                                               (load             ) [ 000]
specpipeline_ln0                                                (specpipeline     ) [ 000]
icmp_ln63_1                                                     (icmp             ) [ 011]
add_ln63_1                                                      (add              ) [ 000]
br_ln63                                                         (br               ) [ 000]
phi_urem829_load_1                                              (load             ) [ 000]
phi_mul827_load                                                 (load             ) [ 000]
speclooptripcount_ln63                                          (speclooptripcount) [ 000]
specloopname_ln63                                               (specloopname     ) [ 000]
zext_ln65                                                       (zext             ) [ 000]
add_ln65_1                                                      (add              ) [ 000]
zext_ln65_2                                                     (zext             ) [ 000]
conv2_ap_fixed_255_255_ap_fixed_64_1_1_ap_fixed_ap_fixed_255_80 (getelementptr    ) [ 000]
conv2_ap_fixed_255_255_ap_fixed_64_1_1_ap_fixed_ap_fixed_255_81 (getelementptr    ) [ 000]
conv2_ap_fixed_255_255_ap_fixed_64_1_1_ap_fixed_ap_fixed_255_82 (getelementptr    ) [ 000]
conv2_ap_fixed_255_255_ap_fixed_64_1_1_ap_fixed_ap_fixed_255_83 (getelementptr    ) [ 000]
conv2_ap_fixed_255_255_ap_fixed_64_1_1_ap_fixed_ap_fixed_255_84 (getelementptr    ) [ 000]
add_ln63                                                        (add              ) [ 000]
trunc_ln63_1                                                    (partselect       ) [ 011]
switch_ln65                                                     (switch           ) [ 000]
store_ln65                                                      (store            ) [ 000]
br_ln65                                                         (br               ) [ 000]
store_ln65                                                      (store            ) [ 000]
br_ln65                                                         (br               ) [ 000]
store_ln65                                                      (store            ) [ 000]
br_ln65                                                         (br               ) [ 000]
store_ln65                                                      (store            ) [ 000]
br_ln65                                                         (br               ) [ 000]
store_ln65                                                      (store            ) [ 000]
br_ln65                                                         (br               ) [ 000]
phi_urem829_load                                                (load             ) [ 000]
add_ln63_3                                                      (add              ) [ 000]
icmp_ln63                                                       (icmp             ) [ 000]
select_ln63                                                     (select           ) [ 000]
store_ln63                                                      (store            ) [ 000]
store_ln63                                                      (store            ) [ 000]
store_ln63                                                      (store            ) [ 000]
br_ln63                                                         (br               ) [ 000]
ret_ln0                                                         (ret              ) [ 000]
</LifeTime>

<model>

<comp_list>
<comp id="0" class="1000" name="add_ln65">
<pin_list>
<pin id="1" dir="1" index="0" bw="1" slack="0"/>
</pin_list>
<bind>
<StgValue><ssdm name="add_ln65"/></StgValue>
</bind>
</comp>

<comp id="2" class="1000" name="conv2_ap_fixed_255_255_ap_fixed_64_1_1_ap_fixed_ap_fixed_255_4">
<pin_list>
<pin id="3" dir="1" index="0" bw="1" slack="0"/>
</pin_list>
<bind>
<StgValue><ssdm name="conv2_ap_fixed_255_255_ap_fixed_64_1_1_ap_fixed_ap_fixed_255_4"/><MemPortTyVec>0 3 </MemPortTyVec>
</StgValue>
</bind>
</comp>

<comp id="4" class="1000" name="conv2_ap_fixed_255_255_ap_fixed_64_1_1_ap_fixed_ap_fixed_255_3">
<pin_list>
<pin id="5" dir="1" index="0" bw="1" slack="0"/>
</pin_list>
<bind>
<StgValue><ssdm name="conv2_ap_fixed_255_255_ap_fixed_64_1_1_ap_fixed_ap_fixed_255_3"/><MemPortTyVec>0 3 </MemPortTyVec>
</StgValue>
</bind>
</comp>

<comp id="6" class="1000" name="conv2_ap_fixed_255_255_ap_fixed_64_1_1_ap_fixed_ap_fixed_255_2">
<pin_list>
<pin id="7" dir="1" index="0" bw="1" slack="0"/>
</pin_list>
<bind>
<StgValue><ssdm name="conv2_ap_fixed_255_255_ap_fixed_64_1_1_ap_fixed_ap_fixed_255_2"/><MemPortTyVec>0 3 </MemPortTyVec>
</StgValue>
</bind>
</comp>

<comp id="8" class="1000" name="conv2_ap_fixed_255_255_ap_fixed_64_1_1_ap_fixed_ap_fixed_255_1">
<pin_list>
<pin id="9" dir="1" index="0" bw="1" slack="0"/>
</pin_list>
<bind>
<StgValue><ssdm name="conv2_ap_fixed_255_255_ap_fixed_64_1_1_ap_fixed_ap_fixed_255_1"/><MemPortTyVec>0 3 </MemPortTyVec>
</StgValue>
</bind>
</comp>

<comp id="10" class="1000" name="conv2_mulmulmulmulap_fixed_255_255_ap_fixed_64_1_1_ap_fixed_ap_fixed_255">
<pin_list>
<pin id="11" dir="1" index="0" bw="1" slack="0"/>
</pin_list>
<bind>
<StgValue><ssdm name="conv2_mulmulmulmulap_fixed_255_255_ap_fixed_64_1_1_ap_fixed_ap_fixed_255"/><MemPortTyVec>0 3 </MemPortTyVec>
</StgValue>
</bind>
</comp>

<comp id="12" class="1001" name="const_12">
<pin_list>
<pin id="13" dir="1" index="0" bw="1" slack="0"/>
</pin_list>
<bind>
<StgValue><ssdm name=""/></StgValue>
</bind>
</comp>

<comp id="14" class="1001" name="const_14">
<pin_list>
<pin id="15" dir="1" index="0" bw="1" slack="0"/>
</pin_list>
<bind>
<StgValue><ssdm name="_ssdm_op_Read.ap_auto.i9"/></StgValue>
</bind>
</comp>

<comp id="16" class="1001" name="const_16">
<pin_list>
<pin id="17" dir="1" index="0" bw="1" slack="2147483647"/>
</pin_list>
<bind>
<StgValue><ssdm name="_ssdm_op_SpecMemCore"/></StgValue>
</bind>
</comp>

<comp id="18" class="1001" name="const_18">
<pin_list>
<pin id="19" dir="1" index="0" bw="1" slack="2147483647"/>
</pin_list>
<bind>
<StgValue><ssdm name=""/></StgValue>
</bind>
</comp>

<comp id="20" class="1001" name="const_20">
<pin_list>
<pin id="21" dir="1" index="0" bw="1" slack="2147483647"/>
</pin_list>
<bind>
<StgValue><ssdm name=""/></StgValue>
</bind>
</comp>

<comp id="22" class="1001" name="const_22">
<pin_list>
<pin id="23" dir="1" index="0" bw="1" slack="2147483647"/>
</pin_list>
<bind>
<StgValue><ssdm name=""/></StgValue>
</bind>
</comp>

<comp id="24" class="1001" name="const_24">
<pin_list>
<pin id="25" dir="1" index="0" bw="1" slack="0"/>
</pin_list>
<bind>
<StgValue><ssdm name=""/></StgValue>
</bind>
</comp>

<comp id="26" class="1001" name="const_26">
<pin_list>
<pin id="27" dir="1" index="0" bw="1" slack="0"/>
</pin_list>
<bind>
<StgValue><ssdm name=""/></StgValue>
</bind>
</comp>

<comp id="28" class="1001" name="const_28">
<pin_list>
<pin id="29" dir="1" index="0" bw="1" slack="2147483647"/>
</pin_list>
<bind>
<StgValue><ssdm name="_ssdm_op_SpecPipeline"/></StgValue>
</bind>
</comp>

<comp id="30" class="1001" name="const_30">
<pin_list>
<pin id="31" dir="1" index="0" bw="1" slack="2147483647"/>
</pin_list>
<bind>
<StgValue><ssdm name=""/></StgValue>
</bind>
</comp>

<comp id="32" class="1001" name="const_32">
<pin_list>
<pin id="33" dir="1" index="0" bw="1" slack="0"/>
</pin_list>
<bind>
<StgValue><ssdm name=""/></StgValue>
</bind>
</comp>

<comp id="34" class="1001" name="const_34">
<pin_list>
<pin id="35" dir="1" index="0" bw="1" slack="2147483647"/>
</pin_list>
<bind>
<StgValue><ssdm name="p_str"/></StgValue>
</bind>
</comp>

<comp id="36" class="1001" name="const_36">
<pin_list>
<pin id="37" dir="1" index="0" bw="1" slack="0"/>
</pin_list>
<bind>
<StgValue><ssdm name=""/></StgValue>
</bind>
</comp>

<comp id="38" class="1001" name="const_38">
<pin_list>
<pin id="39" dir="1" index="0" bw="1" slack="0"/>
</pin_list>
<bind>
<StgValue><ssdm name=""/></StgValue>
</bind>
</comp>

<comp id="40" class="1001" name="const_40">
<pin_list>
<pin id="41" dir="1" index="0" bw="1" slack="2147483647"/>
</pin_list>
<bind>
<StgValue><ssdm name="_ssdm_op_SpecLoopTripCount"/></StgValue>
</bind>
</comp>

<comp id="42" class="1001" name="const_42">
<pin_list>
<pin id="43" dir="1" index="0" bw="1" slack="2147483647"/>
</pin_list>
<bind>
<StgValue><ssdm name=""/></StgValue>
</bind>
</comp>

<comp id="44" class="1001" name="const_44">
<pin_list>
<pin id="45" dir="1" index="0" bw="1" slack="2147483647"/>
</pin_list>
<bind>
<StgValue><ssdm name="_ssdm_op_SpecLoopName"/></StgValue>
</bind>
</comp>

<comp id="46" class="1001" name="const_46">
<pin_list>
<pin id="47" dir="1" index="0" bw="1" slack="2147483647"/>
</pin_list>
<bind>
<StgValue><ssdm name="empty_35"/></StgValue>
</bind>
</comp>

<comp id="48" class="1001" name="const_48">
<pin_list>
<pin id="49" dir="1" index="0" bw="1" slack="0"/>
</pin_list>
<bind>
<StgValue><ssdm name=""/></StgValue>
</bind>
</comp>

<comp id="50" class="1001" name="const_50">
<pin_list>
<pin id="51" dir="1" index="0" bw="1" slack="0"/>
</pin_list>
<bind>
<StgValue><ssdm name=""/></StgValue>
</bind>
</comp>

<comp id="52" class="1001" name="const_52">
<pin_list>
<pin id="53" dir="1" index="0" bw="1" slack="0"/>
</pin_list>
<bind>
<StgValue><ssdm name="_ssdm_op_PartSelect.i3.i17.i32.i32"/></StgValue>
</bind>
</comp>

<comp id="54" class="1001" name="const_54">
<pin_list>
<pin id="55" dir="1" index="0" bw="1" slack="0"/>
</pin_list>
<bind>
<StgValue><ssdm name=""/></StgValue>
</bind>
</comp>

<comp id="56" class="1001" name="const_56">
<pin_list>
<pin id="57" dir="1" index="0" bw="1" slack="0"/>
</pin_list>
<bind>
<StgValue><ssdm name=""/></StgValue>
</bind>
</comp>

<comp id="58" class="1001" name="const_58">
<pin_list>
<pin id="59" dir="1" index="0" bw="1" slack="2147483647"/>
</pin_list>
<bind>
<StgValue><ssdm name=""/></StgValue>
</bind>
</comp>

<comp id="60" class="1001" name="const_60">
<pin_list>
<pin id="61" dir="1" index="0" bw="1" slack="2147483647"/>
</pin_list>
<bind>
<StgValue><ssdm name=""/></StgValue>
</bind>
</comp>

<comp id="62" class="1001" name="const_62">
<pin_list>
<pin id="63" dir="1" index="0" bw="1" slack="2147483647"/>
</pin_list>
<bind>
<StgValue><ssdm name=""/></StgValue>
</bind>
</comp>

<comp id="64" class="1001" name="const_64">
<pin_list>
<pin id="65" dir="1" index="0" bw="1" slack="2147483647"/>
</pin_list>
<bind>
<StgValue><ssdm name=""/></StgValue>
</bind>
</comp>

<comp id="66" class="1001" name="const_66">
<pin_list>
<pin id="67" dir="1" index="0" bw="1" slack="0"/>
</pin_list>
<bind>
<StgValue><ssdm name=""/></StgValue>
</bind>
</comp>

<comp id="68" class="1004" name="phi_urem829_fu_68">
<pin_list>
<pin id="69" dir="0" index="0" bw="1" slack="0"/>
<pin id="70" dir="1" index="1" bw="8" slack="0"/>
</pin_list>
<bind>
<opcode="alloca(26) " fcode="alloca"/>
<opset="phi_urem829/1 "/>
</bind>
</comp>

<comp id="72" class="1004" name="phi_mul827_fu_72">
<pin_list>
<pin id="73" dir="0" index="0" bw="1" slack="0"/>
<pin id="74" dir="1" index="1" bw="17" slack="0"/>
</pin_list>
<bind>
<opcode="alloca(26) " fcode="alloca"/>
<opset="phi_mul827/1 "/>
</bind>
</comp>

<comp id="76" class="1004" name="w_3_fu_76">
<pin_list>
<pin id="77" dir="0" index="0" bw="1" slack="0"/>
<pin id="78" dir="1" index="1" bw="8" slack="0"/>
</pin_list>
<bind>
<opcode="alloca(26) " fcode="alloca"/>
<opset="w_3/1 "/>
</bind>
</comp>

<comp id="80" class="1004" name="add_ln65_read_read_fu_80">
<pin_list>
<pin id="81" dir="0" index="0" bw="9" slack="0"/>
<pin id="82" dir="0" index="1" bw="9" slack="0"/>
<pin id="83" dir="1" index="2" bw="9" slack="0"/>
</pin_list>
<bind>
<opcode="read(1150) " fcode="read"/>
<opset="add_ln65_read/1 "/>
</bind>
</comp>

<comp id="86" class="1004" name="conv2_ap_fixed_255_255_ap_fixed_64_1_1_ap_fixed_ap_fixed_255_80_gep_fu_86">
<pin_list>
<pin id="87" dir="0" index="0" bw="32" slack="0"/>
<pin id="88" dir="0" index="1" bw="1" slack="0"/>
<pin id="89" dir="0" index="2" bw="10" slack="0"/>
<pin id="90" dir="1" index="3" bw="10" slack="0"/>
</pin_list>
<bind>
<opcode="getelementptr(29) " fcode="getelementptr"/>
<opset="conv2_ap_fixed_255_255_ap_fixed_64_1_1_ap_fixed_ap_fixed_255_80/2 "/>
</bind>
</comp>

<comp id="93" class="1004" name="conv2_ap_fixed_255_255_ap_fixed_64_1_1_ap_fixed_ap_fixed_255_81_gep_fu_93">
<pin_list>
<pin id="94" dir="0" index="0" bw="32" slack="0"/>
<pin id="95" dir="0" index="1" bw="1" slack="0"/>
<pin id="96" dir="0" index="2" bw="10" slack="0"/>
<pin id="97" dir="1" index="3" bw="10" slack="0"/>
</pin_list>
<bind>
<opcode="getelementptr(29) " fcode="getelementptr"/>
<opset="conv2_ap_fixed_255_255_ap_fixed_64_1_1_ap_fixed_ap_fixed_255_81/2 "/>
</bind>
</comp>

<comp id="100" class="1004" name="conv2_ap_fixed_255_255_ap_fixed_64_1_1_ap_fixed_ap_fixed_255_82_gep_fu_100">
<pin_list>
<pin id="101" dir="0" index="0" bw="32" slack="0"/>
<pin id="102" dir="0" index="1" bw="1" slack="0"/>
<pin id="103" dir="0" index="2" bw="10" slack="0"/>
<pin id="104" dir="1" index="3" bw="10" slack="0"/>
</pin_list>
<bind>
<opcode="getelementptr(29) " fcode="getelementptr"/>
<opset="conv2_ap_fixed_255_255_ap_fixed_64_1_1_ap_fixed_ap_fixed_255_82/2 "/>
</bind>
</comp>

<comp id="107" class="1004" name="conv2_ap_fixed_255_255_ap_fixed_64_1_1_ap_fixed_ap_fixed_255_83_gep_fu_107">
<pin_list>
<pin id="108" dir="0" index="0" bw="32" slack="0"/>
<pin id="109" dir="0" index="1" bw="1" slack="0"/>
<pin id="110" dir="0" index="2" bw="10" slack="0"/>
<pin id="111" dir="1" index="3" bw="10" slack="0"/>
</pin_list>
<bind>
<opcode="getelementptr(29) " fcode="getelementptr"/>
<opset="conv2_ap_fixed_255_255_ap_fixed_64_1_1_ap_fixed_ap_fixed_255_83/2 "/>
</bind>
</comp>

<comp id="114" class="1004" name="conv2_ap_fixed_255_255_ap_fixed_64_1_1_ap_fixed_ap_fixed_255_84_gep_fu_114">
<pin_list>
<pin id="115" dir="0" index="0" bw="32" slack="0"/>
<pin id="116" dir="0" index="1" bw="1" slack="0"/>
<pin id="117" dir="0" index="2" bw="10" slack="0"/>
<pin id="118" dir="1" index="3" bw="10" slack="0"/>
</pin_list>
<bind>
<opcode="getelementptr(29) " fcode="getelementptr"/>
<opset="conv2_ap_fixed_255_255_ap_fixed_64_1_1_ap_fixed_ap_fixed_255_84/2 "/>
</bind>
</comp>

<comp id="121" class="1004" name="store_ln65_access_fu_121">
<pin_list>
<pin id="122" dir="0" index="0" bw="10" slack="0"/>
<pin id="123" dir="0" index="1" bw="32" slack="0"/>
<pin id="124" dir="0" index="2" bw="0" slack="2147483647"/>
<pin id="125" dir="1" index="3" bw="32" slack="2147483647"/>
</pin_list>
<bind>
<opcode="store(28) " fcode="store"/>
<opset="store_ln65/2 "/>
</bind>
</comp>

<comp id="128" class="1004" name="store_ln65_access_fu_128">
<pin_list>
<pin id="129" dir="0" index="0" bw="10" slack="0"/>
<pin id="130" dir="0" index="1" bw="32" slack="0"/>
<pin id="131" dir="0" index="2" bw="0" slack="2147483647"/>
<pin id="132" dir="1" index="3" bw="32" slack="2147483647"/>
</pin_list>
<bind>
<opcode="store(28) " fcode="store"/>
<opset="store_ln65/2 "/>
</bind>
</comp>

<comp id="135" class="1004" name="store_ln65_access_fu_135">
<pin_list>
<pin id="136" dir="0" index="0" bw="10" slack="0"/>
<pin id="137" dir="0" index="1" bw="32" slack="0"/>
<pin id="138" dir="0" index="2" bw="0" slack="2147483647"/>
<pin id="139" dir="1" index="3" bw="32" slack="2147483647"/>
</pin_list>
<bind>
<opcode="store(28) " fcode="store"/>
<opset="store_ln65/2 "/>
</bind>
</comp>

<comp id="142" class="1004" name="store_ln65_access_fu_142">
<pin_list>
<pin id="143" dir="0" index="0" bw="10" slack="0"/>
<pin id="144" dir="0" index="1" bw="32" slack="0"/>
<pin id="145" dir="0" index="2" bw="0" slack="2147483647"/>
<pin id="146" dir="1" index="3" bw="32" slack="2147483647"/>
</pin_list>
<bind>
<opcode="store(28) " fcode="store"/>
<opset="store_ln65/2 "/>
</bind>
</comp>

<comp id="149" class="1004" name="store_ln65_access_fu_149">
<pin_list>
<pin id="150" dir="0" index="0" bw="10" slack="0"/>
<pin id="151" dir="0" index="1" bw="32" slack="0"/>
<pin id="152" dir="0" index="2" bw="0" slack="2147483647"/>
<pin id="153" dir="1" index="3" bw="32" slack="2147483647"/>
</pin_list>
<bind>
<opcode="store(28) " fcode="store"/>
<opset="store_ln65/2 "/>
</bind>
</comp>

<comp id="156" class="1004" name="add_ln65_cast_fu_156">
<pin_list>
<pin id="157" dir="0" index="0" bw="9" slack="0"/>
<pin id="158" dir="1" index="1" bw="10" slack="1"/>
</pin_list>
<bind>
<opcode="zext(34) " fcode="zext"/>
<opset="add_ln65_cast/1 "/>
</bind>
</comp>

<comp id="160" class="1004" name="store_ln0_store_fu_160">
<pin_list>
<pin id="161" dir="0" index="0" bw="1" slack="0"/>
<pin id="162" dir="0" index="1" bw="8" slack="0"/>
<pin id="163" dir="1" index="2" bw="0" slack="2147483647"/>
</pin_list>
<bind>
<opcode="store(28) " fcode="store"/>
<opset="store_ln0/1 "/>
</bind>
</comp>

<comp id="165" class="1004" name="store_ln0_store_fu_165">
<pin_list>
<pin id="166" dir="0" index="0" bw="1" slack="0"/>
<pin id="167" dir="0" index="1" bw="17" slack="0"/>
<pin id="168" dir="1" index="2" bw="0" slack="2147483647"/>
</pin_list>
<bind>
<opcode="store(28) " fcode="store"/>
<opset="store_ln0/1 "/>
</bind>
</comp>

<comp id="170" class="1004" name="store_ln0_store_fu_170">
<pin_list>
<pin id="171" dir="0" index="0" bw="1" slack="0"/>
<pin id="172" dir="0" index="1" bw="8" slack="0"/>
<pin id="173" dir="1" index="2" bw="0" slack="2147483647"/>
</pin_list>
<bind>
<opcode="store(28) " fcode="store"/>
<opset="store_ln0/1 "/>
</bind>
</comp>

<comp id="175" class="1004" name="w_load_fu_175">
<pin_list>
<pin id="176" dir="0" index="0" bw="8" slack="1"/>
<pin id="177" dir="1" index="1" bw="8" slack="0"/>
</pin_list>
<bind>
<opcode="load(27) " fcode="load"/>
<opset="w/2 "/>
</bind>
</comp>

<comp id="178" class="1004" name="icmp_ln63_1_fu_178">
<pin_list>
<pin id="179" dir="0" index="0" bw="8" slack="0"/>
<pin id="180" dir="0" index="1" bw="1" slack="0"/>
<pin id="181" dir="1" index="2" bw="1" slack="2147483647"/>
</pin_list>
<bind>
<opcode="icmp(45) " fcode="icmp"/>
<opset="icmp_ln63_1/2 "/>
</bind>
</comp>

<comp id="184" class="1004" name="add_ln63_1_fu_184">
<pin_list>
<pin id="185" dir="0" index="0" bw="8" slack="0"/>
<pin id="186" dir="0" index="1" bw="1" slack="0"/>
<pin id="187" dir="1" index="2" bw="8" slack="0"/>
</pin_list>
<bind>
<opcode="add(8) " fcode="add"/>
<opset="add_ln63_1/2 "/>
</bind>
</comp>

<comp id="190" class="1004" name="phi_urem829_load_1_load_fu_190">
<pin_list>
<pin id="191" dir="0" index="0" bw="8" slack="1"/>
<pin id="192" dir="1" index="1" bw="8" slack="0"/>
</pin_list>
<bind>
<opcode="load(27) " fcode="load"/>
<opset="phi_urem829_load_1/2 "/>
</bind>
</comp>

<comp id="193" class="1004" name="phi_mul827_load_load_fu_193">
<pin_list>
<pin id="194" dir="0" index="0" bw="17" slack="1"/>
<pin id="195" dir="1" index="1" bw="17" slack="0"/>
</pin_list>
<bind>
<opcode="load(27) " fcode="load"/>
<opset="phi_mul827_load/2 "/>
</bind>
</comp>

<comp id="196" class="1004" name="zext_ln65_fu_196">
<pin_list>
<pin id="197" dir="0" index="0" bw="8" slack="0"/>
<pin id="198" dir="1" index="1" bw="10" slack="0"/>
</pin_list>
<bind>
<opcode="zext(34) " fcode="zext"/>
<opset="zext_ln65/2 "/>
</bind>
</comp>

<comp id="200" class="1004" name="add_ln65_1_fu_200">
<pin_list>
<pin id="201" dir="0" index="0" bw="9" slack="1"/>
<pin id="202" dir="0" index="1" bw="8" slack="0"/>
<pin id="203" dir="1" index="2" bw="10" slack="0"/>
</pin_list>
<bind>
<opcode="add(8) " fcode="add"/>
<opset="add_ln65_1/2 "/>
</bind>
</comp>

<comp id="205" class="1004" name="zext_ln65_2_fu_205">
<pin_list>
<pin id="206" dir="0" index="0" bw="10" slack="0"/>
<pin id="207" dir="1" index="1" bw="64" slack="0"/>
</pin_list>
<bind>
<opcode="zext(34) " fcode="zext"/>
<opset="zext_ln65_2/2 "/>
</bind>
</comp>

<comp id="214" class="1004" name="add_ln63_fu_214">
<pin_list>
<pin id="215" dir="0" index="0" bw="17" slack="0"/>
<pin id="216" dir="0" index="1" bw="10" slack="0"/>
<pin id="217" dir="1" index="2" bw="17" slack="0"/>
</pin_list>
<bind>
<opcode="add(8) " fcode="add"/>
<opset="add_ln63/2 "/>
</bind>
</comp>

<comp id="220" class="1004" name="trunc_ln63_1_fu_220">
<pin_list>
<pin id="221" dir="0" index="0" bw="3" slack="0"/>
<pin id="222" dir="0" index="1" bw="17" slack="0"/>
<pin id="223" dir="0" index="2" bw="5" slack="0"/>
<pin id="224" dir="0" index="3" bw="6" slack="0"/>
<pin id="225" dir="1" index="4" bw="3" slack="2147483647"/>
</pin_list>
<bind>
<opcode="partselect(1002) " fcode="partselect"/>
<opset="trunc_ln63_1/2 "/>
</bind>
</comp>

<comp id="230" class="1004" name="phi_urem829_load_load_fu_230">
<pin_list>
<pin id="231" dir="0" index="0" bw="8" slack="1"/>
<pin id="232" dir="1" index="1" bw="8" slack="0"/>
</pin_list>
<bind>
<opcode="load(27) " fcode="load"/>
<opset="phi_urem829_load/2 "/>
</bind>
</comp>

<comp id="233" class="1004" name="add_ln63_3_fu_233">
<pin_list>
<pin id="234" dir="0" index="0" bw="8" slack="0"/>
<pin id="235" dir="0" index="1" bw="1" slack="0"/>
<pin id="236" dir="1" index="2" bw="8" slack="0"/>
</pin_list>
<bind>
<opcode="add(8) " fcode="add"/>
<opset="add_ln63_3/2 "/>
</bind>
</comp>

<comp id="239" class="1004" name="icmp_ln63_fu_239">
<pin_list>
<pin id="240" dir="0" index="0" bw="8" slack="0"/>
<pin id="241" dir="0" index="1" bw="7" slack="0"/>
<pin id="242" dir="1" index="2" bw="1" slack="0"/>
</pin_list>
<bind>
<opcode="icmp(45) " fcode="icmp"/>
<opset="icmp_ln63/2 "/>
</bind>
</comp>

<comp id="245" class="1004" name="select_ln63_fu_245">
<pin_list>
<pin id="246" dir="0" index="0" bw="1" slack="0"/>
<pin id="247" dir="0" index="1" bw="8" slack="0"/>
<pin id="248" dir="0" index="2" bw="1" slack="0"/>
<pin id="249" dir="1" index="3" bw="8" slack="0"/>
</pin_list>
<bind>
<opcode="select(49) " fcode="select"/>
<opset="select_ln63/2 "/>
</bind>
</comp>

<comp id="253" class="1004" name="store_ln63_store_fu_253">
<pin_list>
<pin id="254" dir="0" index="0" bw="8" slack="0"/>
<pin id="255" dir="0" index="1" bw="8" slack="1"/>
<pin id="256" dir="1" index="2" bw="0" slack="2147483647"/>
</pin_list>
<bind>
<opcode="store(28) " fcode="store"/>
<opset="store_ln63/2 "/>
</bind>
</comp>

<comp id="258" class="1004" name="store_ln63_store_fu_258">
<pin_list>
<pin id="259" dir="0" index="0" bw="17" slack="0"/>
<pin id="260" dir="0" index="1" bw="17" slack="1"/>
<pin id="261" dir="1" index="2" bw="0" slack="2147483647"/>
</pin_list>
<bind>
<opcode="store(28) " fcode="store"/>
<opset="store_ln63/2 "/>
</bind>
</comp>

<comp id="263" class="1004" name="store_ln63_store_fu_263">
<pin_list>
<pin id="264" dir="0" index="0" bw="8" slack="0"/>
<pin id="265" dir="0" index="1" bw="8" slack="1"/>
<pin id="266" dir="1" index="2" bw="0" slack="2147483647"/>
</pin_list>
<bind>
<opcode="store(28) " fcode="store"/>
<opset="store_ln63/2 "/>
</bind>
</comp>

<comp id="268" class="1005" name="phi_urem829_reg_268">
<pin_list>
<pin id="269" dir="0" index="0" bw="8" slack="0"/>
<pin id="270" dir="1" index="1" bw="8" slack="0"/>
</pin_list>
<bind>
<opset="phi_urem829 "/>
</bind>
</comp>

<comp id="276" class="1005" name="phi_mul827_reg_276">
<pin_list>
<pin id="277" dir="0" index="0" bw="17" slack="0"/>
<pin id="278" dir="1" index="1" bw="17" slack="0"/>
</pin_list>
<bind>
<opset="phi_mul827 "/>
</bind>
</comp>

<comp id="283" class="1005" name="w_3_reg_283">
<pin_list>
<pin id="284" dir="0" index="0" bw="8" slack="0"/>
<pin id="285" dir="1" index="1" bw="8" slack="0"/>
</pin_list>
<bind>
<opset="w_3 "/>
</bind>
</comp>

<comp id="290" class="1005" name="add_ln65_cast_reg_290">
<pin_list>
<pin id="291" dir="0" index="0" bw="10" slack="1"/>
<pin id="292" dir="1" index="1" bw="10" slack="1"/>
</pin_list>
<bind>
<opset="add_ln65_cast "/>
</bind>
</comp>

</comp_list>

<net_list>
<net id="71"><net_src comp="12" pin="0"/><net_sink comp="68" pin=0"/></net>

<net id="75"><net_src comp="12" pin="0"/><net_sink comp="72" pin=0"/></net>

<net id="79"><net_src comp="12" pin="0"/><net_sink comp="76" pin=0"/></net>

<net id="84"><net_src comp="14" pin="0"/><net_sink comp="80" pin=0"/></net>

<net id="85"><net_src comp="0" pin="0"/><net_sink comp="80" pin=1"/></net>

<net id="91"><net_src comp="2" pin="0"/><net_sink comp="86" pin=0"/></net>

<net id="92"><net_src comp="48" pin="0"/><net_sink comp="86" pin=1"/></net>

<net id="98"><net_src comp="4" pin="0"/><net_sink comp="93" pin=0"/></net>

<net id="99"><net_src comp="48" pin="0"/><net_sink comp="93" pin=1"/></net>

<net id="105"><net_src comp="6" pin="0"/><net_sink comp="100" pin=0"/></net>

<net id="106"><net_src comp="48" pin="0"/><net_sink comp="100" pin=1"/></net>

<net id="112"><net_src comp="8" pin="0"/><net_sink comp="107" pin=0"/></net>

<net id="113"><net_src comp="48" pin="0"/><net_sink comp="107" pin=1"/></net>

<net id="119"><net_src comp="10" pin="0"/><net_sink comp="114" pin=0"/></net>

<net id="120"><net_src comp="48" pin="0"/><net_sink comp="114" pin=1"/></net>

<net id="126"><net_src comp="32" pin="0"/><net_sink comp="121" pin=1"/></net>

<net id="127"><net_src comp="107" pin="3"/><net_sink comp="121" pin=0"/></net>

<net id="133"><net_src comp="32" pin="0"/><net_sink comp="128" pin=1"/></net>

<net id="134"><net_src comp="100" pin="3"/><net_sink comp="128" pin=0"/></net>

<net id="140"><net_src comp="32" pin="0"/><net_sink comp="135" pin=1"/></net>

<net id="141"><net_src comp="93" pin="3"/><net_sink comp="135" pin=0"/></net>

<net id="147"><net_src comp="32" pin="0"/><net_sink comp="142" pin=1"/></net>

<net id="148"><net_src comp="86" pin="3"/><net_sink comp="142" pin=0"/></net>

<net id="154"><net_src comp="32" pin="0"/><net_sink comp="149" pin=1"/></net>

<net id="155"><net_src comp="114" pin="3"/><net_sink comp="149" pin=0"/></net>

<net id="159"><net_src comp="80" pin="2"/><net_sink comp="156" pin=0"/></net>

<net id="164"><net_src comp="24" pin="0"/><net_sink comp="160" pin=0"/></net>

<net id="169"><net_src comp="26" pin="0"/><net_sink comp="165" pin=0"/></net>

<net id="174"><net_src comp="24" pin="0"/><net_sink comp="170" pin=0"/></net>

<net id="182"><net_src comp="175" pin="1"/><net_sink comp="178" pin=0"/></net>

<net id="183"><net_src comp="36" pin="0"/><net_sink comp="178" pin=1"/></net>

<net id="188"><net_src comp="175" pin="1"/><net_sink comp="184" pin=0"/></net>

<net id="189"><net_src comp="38" pin="0"/><net_sink comp="184" pin=1"/></net>

<net id="199"><net_src comp="190" pin="1"/><net_sink comp="196" pin=0"/></net>

<net id="204"><net_src comp="196" pin="1"/><net_sink comp="200" pin=1"/></net>

<net id="208"><net_src comp="200" pin="2"/><net_sink comp="205" pin=0"/></net>

<net id="209"><net_src comp="205" pin="1"/><net_sink comp="86" pin=2"/></net>

<net id="210"><net_src comp="205" pin="1"/><net_sink comp="93" pin=2"/></net>

<net id="211"><net_src comp="205" pin="1"/><net_sink comp="100" pin=2"/></net>

<net id="212"><net_src comp="205" pin="1"/><net_sink comp="107" pin=2"/></net>

<net id="213"><net_src comp="205" pin="1"/><net_sink comp="114" pin=2"/></net>

<net id="218"><net_src comp="193" pin="1"/><net_sink comp="214" pin=0"/></net>

<net id="219"><net_src comp="50" pin="0"/><net_sink comp="214" pin=1"/></net>

<net id="226"><net_src comp="52" pin="0"/><net_sink comp="220" pin=0"/></net>

<net id="227"><net_src comp="193" pin="1"/><net_sink comp="220" pin=1"/></net>

<net id="228"><net_src comp="54" pin="0"/><net_sink comp="220" pin=2"/></net>

<net id="229"><net_src comp="56" pin="0"/><net_sink comp="220" pin=3"/></net>

<net id="237"><net_src comp="230" pin="1"/><net_sink comp="233" pin=0"/></net>

<net id="238"><net_src comp="38" pin="0"/><net_sink comp="233" pin=1"/></net>

<net id="243"><net_src comp="233" pin="2"/><net_sink comp="239" pin=0"/></net>

<net id="244"><net_src comp="66" pin="0"/><net_sink comp="239" pin=1"/></net>

<net id="250"><net_src comp="239" pin="2"/><net_sink comp="245" pin=0"/></net>

<net id="251"><net_src comp="233" pin="2"/><net_sink comp="245" pin=1"/></net>

<net id="252"><net_src comp="24" pin="0"/><net_sink comp="245" pin=2"/></net>

<net id="257"><net_src comp="184" pin="2"/><net_sink comp="253" pin=0"/></net>

<net id="262"><net_src comp="214" pin="2"/><net_sink comp="258" pin=0"/></net>

<net id="267"><net_src comp="245" pin="3"/><net_sink comp="263" pin=0"/></net>

<net id="271"><net_src comp="68" pin="1"/><net_sink comp="268" pin=0"/></net>

<net id="272"><net_src comp="268" pin="1"/><net_sink comp="170" pin=1"/></net>

<net id="273"><net_src comp="268" pin="1"/><net_sink comp="190" pin=0"/></net>

<net id="274"><net_src comp="268" pin="1"/><net_sink comp="230" pin=0"/></net>

<net id="275"><net_src comp="268" pin="1"/><net_sink comp="263" pin=1"/></net>

<net id="279"><net_src comp="72" pin="1"/><net_sink comp="276" pin=0"/></net>

<net id="280"><net_src comp="276" pin="1"/><net_sink comp="165" pin=1"/></net>

<net id="281"><net_src comp="276" pin="1"/><net_sink comp="193" pin=0"/></net>

<net id="282"><net_src comp="276" pin="1"/><net_sink comp="258" pin=1"/></net>

<net id="286"><net_src comp="76" pin="1"/><net_sink comp="283" pin=0"/></net>

<net id="287"><net_src comp="283" pin="1"/><net_sink comp="160" pin=1"/></net>

<net id="288"><net_src comp="283" pin="1"/><net_sink comp="175" pin=0"/></net>

<net id="289"><net_src comp="283" pin="1"/><net_sink comp="253" pin=1"/></net>

<net id="293"><net_src comp="156" pin="1"/><net_sink comp="290" pin=0"/></net>

<net id="294"><net_src comp="290" pin="1"/><net_sink comp="200" pin=0"/></net>

</net_list>

</model> 
---------------- Datapath Model END ------------------

* FSMD analyzer results:
  - Output states:
	Port: conv2_ap_fixed_255_255_ap_fixed_64_1_1_ap_fixed_ap_fixed_255_4 | {2 }
	Port: conv2_ap_fixed_255_255_ap_fixed_64_1_1_ap_fixed_ap_fixed_255_3 | {2 }
	Port: conv2_ap_fixed_255_255_ap_fixed_64_1_1_ap_fixed_ap_fixed_255_2 | {2 }
	Port: conv2_ap_fixed_255_255_ap_fixed_64_1_1_ap_fixed_ap_fixed_255_1 | {2 }
	Port: conv2_mulmulmulmulap_fixed_255_255_ap_fixed_64_1_1_ap_fixed_ap_fixed_255 | {2 }
 - Input state : 
	Port: conv2_Pipeline_BW5 : add_ln65 | {1 }
  - Chain level:
	State 1
		store_ln0 : 1
		store_ln0 : 1
		store_ln0 : 1
	State 2
		icmp_ln63_1 : 1
		add_ln63_1 : 1
		br_ln63 : 2
		zext_ln65 : 1
		add_ln65_1 : 2
		zext_ln65_2 : 3
		conv2_ap_fixed_255_255_ap_fixed_64_1_1_ap_fixed_ap_fixed_255_80 : 4
		conv2_ap_fixed_255_255_ap_fixed_64_1_1_ap_fixed_ap_fixed_255_81 : 4
		conv2_ap_fixed_255_255_ap_fixed_64_1_1_ap_fixed_ap_fixed_255_82 : 4
		conv2_ap_fixed_255_255_ap_fixed_64_1_1_ap_fixed_ap_fixed_255_83 : 4
		conv2_ap_fixed_255_255_ap_fixed_64_1_1_ap_fixed_ap_fixed_255_84 : 4
		add_ln63 : 1
		trunc_ln63_1 : 1
		switch_ln65 : 2
		store_ln65 : 5
		store_ln65 : 5
		store_ln65 : 5
		store_ln65 : 5
		store_ln65 : 5
		add_ln63_3 : 1
		icmp_ln63 : 2
		select_ln63 : 3
		store_ln63 : 2
		store_ln63 : 2
		store_ln63 : 4


============================================================
+ Verbose Summary: Datapath Resource usage 
============================================================

* Functional unit list:
|----------|--------------------------|---------|---------|
| Operation|      Functional Unit     |    FF   |   LUT   |
|----------|--------------------------|---------|---------|
|          |     add_ln63_1_fu_184    |    0    |    15   |
|    add   |     add_ln65_1_fu_200    |    0    |    16   |
|          |      add_ln63_fu_214     |    0    |    24   |
|          |     add_ln63_3_fu_233    |    0    |    15   |
|----------|--------------------------|---------|---------|
|   icmp   |    icmp_ln63_1_fu_178    |    0    |    15   |
|          |     icmp_ln63_fu_239     |    0    |    15   |
|----------|--------------------------|---------|---------|
|  select  |    select_ln63_fu_245    |    0    |    8    |
|----------|--------------------------|---------|---------|
|   read   | add_ln65_read_read_fu_80 |    0    |    0    |
|----------|--------------------------|---------|---------|
|          |   add_ln65_cast_fu_156   |    0    |    0    |
|   zext   |     zext_ln65_fu_196     |    0    |    0    |
|          |    zext_ln65_2_fu_205    |    0    |    0    |
|----------|--------------------------|---------|---------|
|partselect|    trunc_ln63_1_fu_220   |    0    |    0    |
|----------|--------------------------|---------|---------|
|   Total  |                          |    0    |   108   |
|----------|--------------------------|---------|---------|

Memories:
N/A

* Register list:
+---------------------+--------+
|                     |   FF   |
+---------------------+--------+
|add_ln65_cast_reg_290|   10   |
|  phi_mul827_reg_276 |   17   |
| phi_urem829_reg_268 |    8   |
|     w_3_reg_283     |    8   |
+---------------------+--------+
|        Total        |   43   |
+---------------------+--------+

* Multiplexer (MUX) list: 
|--------|------|------|------|--------|
|  Comp  |  Pin | Size |  BW  | S x BW |
|--------|------|------|------|--------|
|  Total |      |      |      |    0   |
|--------|------|------|------|--------|



* Summary:
+-----------+--------+--------+
|           |   FF   |   LUT  |
+-----------+--------+--------+
|  Function |    0   |   108  |
|   Memory  |    -   |    -   |
|Multiplexer|    -   |    -   |
|  Register |   43   |    -   |
+-----------+--------+--------+
|   Total   |   43   |   108  |
+-----------+--------+--------+
