

================================================================
== Vitis HLS Report for 'conv3_Pipeline_WEIGHTI_WEIGHTK_L'
================================================================
* Date:           Thu Nov  2 23:32:40 2023

* Version:        2023.1 (Build 3854077 on May  4 2023)
* Project:        srcnn_hls
* Solution:       solution1 (Vivado IP Flow Target)
* Product family: zynquplus
* Target device:  xck24-ubva530-2LV-c


================================================================
== Performance Estimates
================================================================
+ Timing: 
    * Summary: 
    +--------+----------+----------+------------+
    |  Clock |  Target  | Estimated| Uncertainty|
    +--------+----------+----------+------------+
    |ap_clk  |  10.00 ns|  7.300 ns|     2.70 ns|
    +--------+----------+----------+------------+

+ Latency: 
    * Summary: 
    +---------+---------+----------+----------+-----+-----+---------+
    |  Latency (cycles) |  Latency (absolute) |  Interval | Pipeline|
    |   min   |   max   |    min   |    max   | min | max |   Type  |
    +---------+---------+----------+----------+-----+-----+---------+
    |      803|      803|  8.030 us|  8.030 us|  803|  803|       no|
    +---------+---------+----------+----------+-----+-----+---------+

    + Detail: 
        * Instance: 
        N/A

        * Loop: 
        +---------------------+---------+---------+----------+-----------+-----------+------+----------+
        |                     |  Latency (cycles) | Iteration|  Initiation Interval  | Trip |          |
        |      Loop Name      |   min   |   max   |  Latency |  achieved |   target  | Count| Pipelined|
        +---------------------+---------+---------+----------+-----------+-----------+------+----------+
        |- WEIGHTI_WEIGHTK_L  |      801|      801|         3|          1|          1|   800|       yes|
        +---------------------+---------+---------+----------+-----------+-----------+------+----------+

============================================================
+ Verbose Summary: Synthesis Manager
============================================================
InlineROM: 1
ExposeGlobal: 0
============================================================
+ Verbose Summary: CDFG Model
============================================================
IsTopModel: 0
ResetActiveHigh: 1
IsCombinational: 0
IsDatapathOnly: 0
HasWiredReturn: 1
HasMFsm: 2
HasVarLatency: 1
IsPipeline: 0
IsRtlPipelined: 0
IsInstanceOverlapped: 0
IsDontTouch: 0
HasImplIP: 0
IsGatedGlobalClock: 0

+ Individual pipeline summary: 
  * Pipeline-0: initiation interval (II) = 1, depth = 3


============================================================
+ Verbose Summary: Schedule
============================================================
* Number of FSM states : 3
* Pipeline : 1
  Pipeline-0 : II = 1, D = 3, States = { 1 2 3 }
* Dataflow Pipeline: 0

* FSM state transitions: 
1 --> 2 
2 --> 3 
3 --> 

* FSM state operations: 

State 1 <SV = 0> <Delay = 1.21>
ST_1 : Operation 6 [1/1] (0.00ns)   --->   "%loop_index_i = alloca i32 1"   --->   Operation 6 'alloca' 'loop_index_i' <Predicate = true> <Delay = 0.00>
ST_1 : Operation 7 [1/1] (0.00ns)   --->   "%k = alloca i32 1"   --->   Operation 7 'alloca' 'k' <Predicate = true> <Delay = 0.00>
ST_1 : Operation 8 [1/1] (0.00ns)   --->   "%indvar_flatten = alloca i32 1"   --->   Operation 8 'alloca' 'indvar_flatten' <Predicate = true> <Delay = 0.00>
ST_1 : Operation 9 [1/1] (0.00ns)   --->   "%bin = alloca i32 1"   --->   Operation 9 'alloca' 'bin' <Predicate = true> <Delay = 0.00>
ST_1 : Operation 10 [1/1] (0.00ns)   --->   "%indvar_flatten12 = alloca i32 1"   --->   Operation 10 'alloca' 'indvar_flatten12' <Predicate = true> <Delay = 0.00>
ST_1 : Operation 11 [1/1] (0.00ns)   --->   "%sext_ln118_read = read i62 @_ssdm_op_Read.ap_auto.i62, i62 %sext_ln118"   --->   Operation 11 'read' 'sext_ln118_read' <Predicate = true> <Delay = 0.00>
ST_1 : Operation 12 [1/1] (0.00ns)   --->   "%sext_ln118_cast = sext i62 %sext_ln118_read"   --->   Operation 12 'sext' 'sext_ln118_cast' <Predicate = true> <Delay = 0.00>
ST_1 : Operation 13 [1/1] (0.00ns)   --->   "%specinterface_ln0 = specinterface void @_ssdm_op_SpecInterface, i32 %w3, void @empty_8, i32 0, i32 0, void @empty_10, i32 0, i32 512, void @empty_17, void @empty_3, void @empty_10, i32 16, i32 16, i32 256, i32 256, void @empty_10, void @empty_10, i32 4294967295, i32 0"   --->   Operation 13 'specinterface' 'specinterface_ln0' <Predicate = true> <Delay = 0.00>
ST_1 : Operation 14 [1/1] (0.42ns)   --->   "%store_ln0 = store i10 0, i10 %indvar_flatten12"   --->   Operation 14 'store' 'store_ln0' <Predicate = true> <Delay = 0.42>
ST_1 : Operation 15 [1/1] (0.42ns)   --->   "%store_ln0 = store i6 0, i6 %bin"   --->   Operation 15 'store' 'store_ln0' <Predicate = true> <Delay = 0.42>
ST_1 : Operation 16 [1/1] (0.42ns)   --->   "%store_ln0 = store i6 0, i6 %indvar_flatten"   --->   Operation 16 'store' 'store_ln0' <Predicate = true> <Delay = 0.42>
ST_1 : Operation 17 [1/1] (0.42ns)   --->   "%store_ln0 = store i3 0, i3 %k"   --->   Operation 17 'store' 'store_ln0' <Predicate = true> <Delay = 0.42>
ST_1 : Operation 18 [1/1] (0.42ns)   --->   "%store_ln0 = store i3 0, i3 %loop_index_i"   --->   Operation 18 'store' 'store_ln0' <Predicate = true> <Delay = 0.42>
ST_1 : Operation 19 [1/1] (0.00ns)   --->   "%br_ln0 = br void %load-store-loop.i"   --->   Operation 19 'br' 'br_ln0' <Predicate = true> <Delay = 0.00>
ST_1 : Operation 20 [1/1] (0.00ns)   --->   "%indvar_flatten12_load = load i10 %indvar_flatten12" [src/conv3.cpp:118->src/conv3.cpp:35]   --->   Operation 20 'load' 'indvar_flatten12_load' <Predicate = true> <Delay = 0.00>
ST_1 : Operation 21 [1/1] (0.78ns)   --->   "%icmp_ln118 = icmp_eq  i10 %indvar_flatten12_load, i10 800" [src/conv3.cpp:118->src/conv3.cpp:35]   --->   Operation 21 'icmp' 'icmp_ln118' <Predicate = true> <Delay = 0.78> <CoreInst = "Cmp">   --->   Core 9 'Cmp' <Latency = 0> <II = 1> <Delay = 0.78> <FuncUnit> <Opcode : 'icmp'> <InPorts = 2> <OutPorts = 1>
ST_1 : Operation 22 [1/1] (0.78ns)   --->   "%add_ln118_1 = add i10 %indvar_flatten12_load, i10 1" [src/conv3.cpp:118->src/conv3.cpp:35]   --->   Operation 22 'add' 'add_ln118_1' <Predicate = true> <Delay = 0.78> <CoreInst = "Adder">   --->   Core 1 'Adder' <Latency = 0> <II = 1> <Delay = 0.78> <FuncUnit> <Opcode : 'add' 'sub'> <InPorts = 2> <OutPorts = 1>
ST_1 : Operation 23 [1/1] (0.00ns)   --->   "%br_ln118 = br i1 %icmp_ln118, void %for.inc20.i, void %for.body84.preheader.exitStub" [src/conv3.cpp:118->src/conv3.cpp:35]   --->   Operation 23 'br' 'br_ln118' <Predicate = true> <Delay = 0.00>
ST_1 : Operation 24 [1/1] (0.42ns)   --->   "%store_ln118 = store i10 %add_ln118_1, i10 %indvar_flatten12" [src/conv3.cpp:118->src/conv3.cpp:35]   --->   Operation 24 'store' 'store_ln118' <Predicate = (!icmp_ln118)> <Delay = 0.42>

State 2 <SV = 1> <Delay = 7.30>
ST_2 : Operation 25 [1/1] (0.00ns)   --->   "%w3_addr = getelementptr i32 %w3, i64 %sext_ln118_cast" [src/conv3.cpp:118->src/conv3.cpp:35]   --->   Operation 25 'getelementptr' 'w3_addr' <Predicate = true> <Delay = 0.00>
ST_2 : Operation 26 [1/1] (0.00ns)   --->   "%specpipeline_ln0 = specpipeline void @_ssdm_op_SpecPipeline, i32 4294967295, i32 0, i32 1, i32 0, void @p_str"   --->   Operation 26 'specpipeline' 'specpipeline_ln0' <Predicate = true> <Delay = 0.00>
ST_2 : Operation 27 [1/1] (7.30ns)   --->   "%w3_addr_read = read i32 @_ssdm_op_Read.m_axi.p1i32, i32 %w3_addr" [src/conv3.cpp:118->src/conv3.cpp:35]   --->   Operation 27 'read' 'w3_addr_read' <Predicate = (!icmp_ln118)> <Delay = 7.30> <CoreInst = "m_axi">   --->   Core 121 'm_axi' <Latency = 0> <II = 1> <Delay = 1.00> <Adapter> <Opcode : 'read' 'write' 'readreq' 'writereq' 'writeresp'>
ST_2 : Operation 28 [1/1] (0.00ns)   --->   "%empty_193 = trunc i32 %w3_addr_read" [src/conv3.cpp:118->src/conv3.cpp:35]   --->   Operation 28 'trunc' 'empty_193' <Predicate = (!icmp_ln118)> <Delay = 0.00>
ST_2 : Operation 72 [1/1] (0.00ns)   --->   "%ret_ln0 = ret"   --->   Operation 72 'ret' 'ret_ln0' <Predicate = (icmp_ln118)> <Delay = 0.00>

State 3 <SV = 2> <Delay = 5.07>
ST_3 : Operation 29 [1/1] (0.00ns)   --->   "%loop_index_i_load = load i3 %loop_index_i"   --->   Operation 29 'load' 'loop_index_i_load' <Predicate = true> <Delay = 0.00>
ST_3 : Operation 30 [1/1] (0.00ns)   --->   "%k_load = load i3 %k" [src/conv3.cpp:118->src/conv3.cpp:35]   --->   Operation 30 'load' 'k_load' <Predicate = true> <Delay = 0.00>
ST_3 : Operation 31 [1/1] (0.00ns)   --->   "%indvar_flatten_load = load i6 %indvar_flatten" [src/conv3.cpp:119->src/conv3.cpp:35]   --->   Operation 31 'load' 'indvar_flatten_load' <Predicate = true> <Delay = 0.00>
ST_3 : Operation 32 [1/1] (0.00ns)   --->   "%bin_load = load i6 %bin" [src/conv3.cpp:118->src/conv3.cpp:35]   --->   Operation 32 'load' 'bin_load' <Predicate = true> <Delay = 0.00>
ST_3 : Operation 33 [1/1] (0.78ns)   --->   "%add_ln118 = add i6 %bin_load, i6 1" [src/conv3.cpp:118->src/conv3.cpp:35]   --->   Operation 33 'add' 'add_ln118' <Predicate = true> <Delay = 0.78> <CoreInst = "Adder">   --->   Core 1 'Adder' <Latency = 0> <II = 1> <Delay = 0.78> <FuncUnit> <Opcode : 'add' 'sub'> <InPorts = 2> <OutPorts = 1>
ST_3 : Operation 34 [1/1] (0.00ns)   --->   "%specloopname_ln0 = specloopname void @_ssdm_op_SpecLoopName, void @WEIGHTI_WEIGHTK_L_str"   --->   Operation 34 'specloopname' 'specloopname_ln0' <Predicate = true> <Delay = 0.00>
ST_3 : Operation 35 [1/1] (0.00ns)   --->   "%speclooptripcount_ln0 = speclooptripcount void @_ssdm_op_SpecLoopTripCount, i64 800, i64 800, i64 800"   --->   Operation 35 'speclooptripcount' 'speclooptripcount_ln0' <Predicate = true> <Delay = 0.00>
ST_3 : Operation 36 [1/1] (0.78ns)   --->   "%icmp_ln119 = icmp_eq  i6 %indvar_flatten_load, i6 25" [src/conv3.cpp:119->src/conv3.cpp:35]   --->   Operation 36 'icmp' 'icmp_ln119' <Predicate = true> <Delay = 0.78> <CoreInst = "Cmp">   --->   Core 9 'Cmp' <Latency = 0> <II = 1> <Delay = 0.78> <FuncUnit> <Opcode : 'icmp'> <InPorts = 2> <OutPorts = 1>
ST_3 : Operation 37 [1/1] (0.20ns)   --->   "%select_ln118 = select i1 %icmp_ln119, i3 0, i3 %k_load" [src/conv3.cpp:118->src/conv3.cpp:35]   --->   Operation 37 'select' 'select_ln118' <Predicate = true> <Delay = 0.20> <CoreInst = "Sel">   --->   Core 73 'Sel' <Latency = 0> <II = 1> <Delay = 0.20> <FuncUnit> <Opcode : 'select'> <InPorts = 3> <OutPorts = 1>
ST_3 : Operation 38 [1/1] (0.38ns)   --->   "%select_ln118_1 = select i1 %icmp_ln119, i6 %add_ln118, i6 %bin_load" [src/conv3.cpp:118->src/conv3.cpp:35]   --->   Operation 38 'select' 'select_ln118_1' <Predicate = true> <Delay = 0.38> <CoreInst = "Sel">   --->   Core 73 'Sel' <Latency = 0> <II = 1> <Delay = 0.38> <FuncUnit> <Opcode : 'select'> <InPorts = 3> <OutPorts = 1>
ST_3 : Operation 39 [1/1] (0.00ns)   --->   "%select_ln118_1_cast = zext i6 %select_ln118_1" [src/conv3.cpp:118->src/conv3.cpp:35]   --->   Operation 39 'zext' 'select_ln118_1_cast' <Predicate = true> <Delay = 0.00>
ST_3 : Operation 40 [1/1] (0.00ns)   --->   "%tmp_4 = bitconcatenate i8 @_ssdm_op_BitConcatenate.i8.i6.i2, i6 %select_ln118_1, i2 0" [src/conv3.cpp:118->src/conv3.cpp:35]   --->   Operation 40 'bitconcatenate' 'tmp_4' <Predicate = true> <Delay = 0.00>
ST_3 : Operation 41 [1/1] (0.00ns)   --->   "%tmp_4_cast = zext i8 %tmp_4" [src/conv3.cpp:118->src/conv3.cpp:35]   --->   Operation 41 'zext' 'tmp_4_cast' <Predicate = true> <Delay = 0.00>
ST_3 : Operation 42 [1/1] (0.00ns) (grouped into TernaryAdder)   --->   "%empty = add i9 %tmp_4_cast, i9 %select_ln118_1_cast" [src/conv3.cpp:118->src/conv3.cpp:35]   --->   Operation 42 'add' 'empty' <Predicate = true> <Delay = 0.00> <CoreInst = "TAddSub">   --->   Core 10 'TAddSub' <Latency = 0> <II = 1> <Delay = 0.48> <IPBlock> <Opcode : '<invalid operator> ' 'add' 'sub'> <InPorts = 3> <OutPorts = 1> <Sync> <CReg>
ST_3 : Operation 43 [1/1] (0.00ns)   --->   "%specpipeline_ln0 = specpipeline void @_ssdm_op_SpecPipeline, i32 4294967295, i32 0, i32 1, i32 0, void @p_str"   --->   Operation 43 'specpipeline' 'specpipeline_ln0' <Predicate = true> <Delay = 0.00>
ST_3 : Operation 44 [1/1] (0.00ns) (grouped into LUT with out node and_ln118)   --->   "%xor_ln118 = xor i1 %icmp_ln119, i1 1" [src/conv3.cpp:118->src/conv3.cpp:35]   --->   Operation 44 'xor' 'xor_ln118' <Predicate = true> <Delay = 0.00> <CoreInst = "LogicGate">   --->   Core 74 'LogicGate' <Latency = 0> <II = 1> <Delay = 0.28> <FuncUnit> <Opcode : 'and' 'or' 'xor'> <InPorts = 2> <OutPorts = 1>
ST_3 : Operation 45 [1/1] (0.67ns)   --->   "%exitcond4838 = icmp_eq  i3 %loop_index_i_load, i3 5"   --->   Operation 45 'icmp' 'exitcond4838' <Predicate = true> <Delay = 0.67> <CoreInst = "Cmp">   --->   Core 9 'Cmp' <Latency = 0> <II = 1> <Delay = 0.67> <FuncUnit> <Opcode : 'icmp'> <InPorts = 2> <OutPorts = 1>
ST_3 : Operation 46 [1/1] (0.28ns) (out node of the LUT)   --->   "%and_ln118 = and i1 %exitcond4838, i1 %xor_ln118" [src/conv3.cpp:118->src/conv3.cpp:35]   --->   Operation 46 'and' 'and_ln118' <Predicate = true> <Delay = 0.28> <CoreInst = "LogicGate">   --->   Core 74 'LogicGate' <Latency = 0> <II = 1> <Delay = 0.28> <FuncUnit> <Opcode : 'and' 'or' 'xor'> <InPorts = 2> <OutPorts = 1>
ST_3 : Operation 47 [1/1] (0.67ns)   --->   "%add_ln119 = add i3 %select_ln118, i3 1" [src/conv3.cpp:119->src/conv3.cpp:35]   --->   Operation 47 'add' 'add_ln119' <Predicate = true> <Delay = 0.67> <CoreInst = "Adder">   --->   Core 1 'Adder' <Latency = 0> <II = 1> <Delay = 0.67> <FuncUnit> <Opcode : 'add' 'sub'> <InPorts = 2> <OutPorts = 1>
ST_3 : Operation 48 [1/1] (0.00ns)   --->   "%specloopname_ln0 = specloopname void @_ssdm_op_SpecLoopName, void @WEIGHTK_L_str"   --->   Operation 48 'specloopname' 'specloopname_ln0' <Predicate = true> <Delay = 0.00>
ST_3 : Operation 49 [1/1] (0.00ns) (grouped into LUT with out node select_ln119)   --->   "%or_ln119 = or i1 %and_ln118, i1 %icmp_ln119" [src/conv3.cpp:119->src/conv3.cpp:35]   --->   Operation 49 'or' 'or_ln119' <Predicate = true> <Delay = 0.00> <CoreInst = "LogicGate">   --->   Core 74 'LogicGate' <Latency = 0> <II = 1> <Delay = 0.28> <FuncUnit> <Opcode : 'and' 'or' 'xor'> <InPorts = 2> <OutPorts = 1>
ST_3 : Operation 50 [1/1] (0.28ns) (out node of the LUT)   --->   "%select_ln119 = select i1 %or_ln119, i3 0, i3 %loop_index_i_load" [src/conv3.cpp:119->src/conv3.cpp:35]   --->   Operation 50 'select' 'select_ln119' <Predicate = true> <Delay = 0.28> <CoreInst = "Sel">   --->   Core 73 'Sel' <Latency = 0> <II = 1> <Delay = 0.20> <FuncUnit> <Opcode : 'select'> <InPorts = 3> <OutPorts = 1>
ST_3 : Operation 51 [1/1] (0.20ns)   --->   "%select_ln119_1 = select i1 %and_ln118, i3 %add_ln119, i3 %select_ln118" [src/conv3.cpp:119->src/conv3.cpp:35]   --->   Operation 51 'select' 'select_ln119_1' <Predicate = true> <Delay = 0.20> <CoreInst = "Sel">   --->   Core 73 'Sel' <Latency = 0> <II = 1> <Delay = 0.20> <FuncUnit> <Opcode : 'select'> <InPorts = 3> <OutPorts = 1>
ST_3 : Operation 52 [1/1] (0.00ns)   --->   "%select_ln119_1_cast = zext i3 %select_ln119_1" [src/conv3.cpp:119->src/conv3.cpp:35]   --->   Operation 52 'zext' 'select_ln119_1_cast' <Predicate = true> <Delay = 0.00>
ST_3 : Operation 53 [1/1] (1.00ns) (root node of TernaryAdder)   --->   "%empty_189 = add i9 %empty, i9 %select_ln119_1_cast" [src/conv3.cpp:118->src/conv3.cpp:35]   --->   Operation 53 'add' 'empty_189' <Predicate = true> <Delay = 1.00> <CoreInst = "TAddSub">   --->   Core 10 'TAddSub' <Latency = 0> <II = 1> <Delay = 0.48> <IPBlock> <Opcode : '<invalid operator> ' 'add' 'sub'> <InPorts = 3> <OutPorts = 1> <Sync> <CReg>
ST_3 : Operation 54 [1/1] (0.00ns)   --->   "%p_cast = zext i9 %empty_189" [src/conv3.cpp:118->src/conv3.cpp:35]   --->   Operation 54 'zext' 'p_cast' <Predicate = true> <Delay = 0.00>
ST_3 : Operation 55 [1/1] (0.00ns)   --->   "%empty_190 = trunc i9 %empty_189" [src/conv3.cpp:118->src/conv3.cpp:35]   --->   Operation 55 'trunc' 'empty_190' <Predicate = true> <Delay = 0.00>
ST_3 : Operation 56 [1/1] (0.00ns)   --->   "%p_shl = bitconcatenate i10 @_ssdm_op_BitConcatenate.i10.i8.i2, i8 %empty_190, i2 0" [src/conv3.cpp:118->src/conv3.cpp:35]   --->   Operation 56 'bitconcatenate' 'p_shl' <Predicate = true> <Delay = 0.00>
ST_3 : Operation 57 [1/1] (0.00ns) (grouped into TernaryAdder)   --->   "%empty_191 = add i10 %p_shl, i10 %p_cast" [src/conv3.cpp:118->src/conv3.cpp:35]   --->   Operation 57 'add' 'empty_191' <Predicate = true> <Delay = 0.00> <CoreInst = "TAddSub">   --->   Core 10 'TAddSub' <Latency = 0> <II = 1> <Delay = 0.48> <IPBlock> <Opcode : '<invalid operator> ' 'add' 'sub'> <InPorts = 3> <OutPorts = 1> <Sync> <CReg>
ST_3 : Operation 58 [1/1] (0.00ns)   --->   "%specpipeline_ln0 = specpipeline void @_ssdm_op_SpecPipeline, i32 4294967295, i32 0, i32 1, i32 0, void @p_str"   --->   Operation 58 'specpipeline' 'specpipeline_ln0' <Predicate = true> <Delay = 0.00>
ST_3 : Operation 59 [1/1] (0.00ns)   --->   "%select_ln119_cast = zext i3 %select_ln119" [src/conv3.cpp:119->src/conv3.cpp:35]   --->   Operation 59 'zext' 'select_ln119_cast' <Predicate = true> <Delay = 0.00>
ST_3 : Operation 60 [1/1] (0.96ns) (root node of TernaryAdder)   --->   "%empty_192 = add i10 %empty_191, i10 %select_ln119_cast" [src/conv3.cpp:118->src/conv3.cpp:35]   --->   Operation 60 'add' 'empty_192' <Predicate = true> <Delay = 0.96> <CoreInst = "TAddSub">   --->   Core 10 'TAddSub' <Latency = 0> <II = 1> <Delay = 0.48> <IPBlock> <Opcode : '<invalid operator> ' 'add' 'sub'> <InPorts = 3> <OutPorts = 1> <Sync> <CReg>
ST_3 : Operation 61 [1/1] (0.00ns)   --->   "%p_cast2 = zext i10 %empty_192" [src/conv3.cpp:118->src/conv3.cpp:35]   --->   Operation 61 'zext' 'p_cast2' <Predicate = true> <Delay = 0.00>
ST_3 : Operation 62 [1/1] (0.00ns)   --->   "%weight_buffer_0_addr = getelementptr i18 %weight_buffer_0, i64 0, i64 %p_cast2" [src/conv3.cpp:118->src/conv3.cpp:35]   --->   Operation 62 'getelementptr' 'weight_buffer_0_addr' <Predicate = true> <Delay = 0.00>
ST_3 : Operation 63 [1/1] (1.23ns)   --->   "%store_ln118 = store i18 %empty_193, i10 %weight_buffer_0_addr" [src/conv3.cpp:118->src/conv3.cpp:35]   --->   Operation 63 'store' 'store_ln118' <Predicate = true> <Delay = 1.23> <CoreInst = "RAM">   --->   Core 83 'RAM' <Latency = 1> <II = 1> <Delay = 1.23> <Storage> <Opcode : 'load' 'store'> <Ports = 2> <Width = 18> <Depth = 800> <RAM>
ST_3 : Operation 64 [1/1] (0.67ns)   --->   "%empty_194 = add i3 %select_ln119, i3 1" [src/conv3.cpp:119->src/conv3.cpp:35]   --->   Operation 64 'add' 'empty_194' <Predicate = true> <Delay = 0.67> <CoreInst = "Adder">   --->   Core 1 'Adder' <Latency = 0> <II = 1> <Delay = 0.67> <FuncUnit> <Opcode : 'add' 'sub'> <InPorts = 2> <OutPorts = 1>
ST_3 : Operation 65 [1/1] (0.78ns)   --->   "%add_ln119_1 = add i6 %indvar_flatten_load, i6 1" [src/conv3.cpp:119->src/conv3.cpp:35]   --->   Operation 65 'add' 'add_ln119_1' <Predicate = true> <Delay = 0.78> <CoreInst = "Adder">   --->   Core 1 'Adder' <Latency = 0> <II = 1> <Delay = 0.78> <FuncUnit> <Opcode : 'add' 'sub'> <InPorts = 2> <OutPorts = 1>
ST_3 : Operation 66 [1/1] (0.38ns)   --->   "%select_ln119_2 = select i1 %icmp_ln119, i6 1, i6 %add_ln119_1" [src/conv3.cpp:119->src/conv3.cpp:35]   --->   Operation 66 'select' 'select_ln119_2' <Predicate = true> <Delay = 0.38> <CoreInst = "Sel">   --->   Core 73 'Sel' <Latency = 0> <II = 1> <Delay = 0.38> <FuncUnit> <Opcode : 'select'> <InPorts = 3> <OutPorts = 1>
ST_3 : Operation 67 [1/1] (0.42ns)   --->   "%store_ln118 = store i6 %select_ln118_1, i6 %bin" [src/conv3.cpp:118->src/conv3.cpp:35]   --->   Operation 67 'store' 'store_ln118' <Predicate = true> <Delay = 0.42>
ST_3 : Operation 68 [1/1] (0.42ns)   --->   "%store_ln119 = store i6 %select_ln119_2, i6 %indvar_flatten" [src/conv3.cpp:119->src/conv3.cpp:35]   --->   Operation 68 'store' 'store_ln119' <Predicate = true> <Delay = 0.42>
ST_3 : Operation 69 [1/1] (0.42ns)   --->   "%store_ln119 = store i3 %select_ln119_1, i3 %k" [src/conv3.cpp:119->src/conv3.cpp:35]   --->   Operation 69 'store' 'store_ln119' <Predicate = true> <Delay = 0.42>
ST_3 : Operation 70 [1/1] (0.42ns)   --->   "%store_ln119 = store i3 %empty_194, i3 %loop_index_i" [src/conv3.cpp:119->src/conv3.cpp:35]   --->   Operation 70 'store' 'store_ln119' <Predicate = true> <Delay = 0.42>
ST_3 : Operation 71 [1/1] (0.00ns)   --->   "%br_ln0 = br void %load-store-loop.i"   --->   Operation 71 'br' 'br_ln0' <Predicate = true> <Delay = 0.00>


============================================================
+ Verbose Summary: Binding
============================================================
STG Binding: 
---------------- STG Properties BEGIN ----------------
- Is combinational: 0
- Is one-state seq: 0
- Is datapath-only: 0
- Is pipelined: 0
- Is top level: 0
Port [ Return ] is wired: 1; IO mode=ap_ctrl_hs:ce=0
Port [ w3]:  wired=1; compound=1; hidden=0; nouse=0; global=0; static=0; extern=0; dir=0; type=4; pingpong=0; private_global=0; IO mode=m_axi:ce=0
Port [ sext_ln118]:  wired=1; compound=0; hidden=0; nouse=0; global=0; static=0; extern=0; dir=0; type=0; pingpong=0; private_global=0; IO mode=ap_none:ce=0
Port [ weight_buffer_0]:  wired=1; compound=1; hidden=0; nouse=0; global=1; static=1; extern=0; dir=1; type=1; pingpong=0; private_global=0; MemPort=[03]; IO mode=ap_memory:ce=0
---------------- STG Properties END ------------------

---------------- Datapath Model BEGIN ----------------

<LifeTime>
<method=bitvector/>
loop_index_i          (alloca           ) [ 0111]
k                     (alloca           ) [ 0111]
indvar_flatten        (alloca           ) [ 0111]
bin                   (alloca           ) [ 0111]
indvar_flatten12      (alloca           ) [ 0100]
sext_ln118_read       (read             ) [ 0000]
sext_ln118_cast       (sext             ) [ 0110]
specinterface_ln0     (specinterface    ) [ 0000]
store_ln0             (store            ) [ 0000]
store_ln0             (store            ) [ 0000]
store_ln0             (store            ) [ 0000]
store_ln0             (store            ) [ 0000]
store_ln0             (store            ) [ 0000]
br_ln0                (br               ) [ 0000]
indvar_flatten12_load (load             ) [ 0000]
icmp_ln118            (icmp             ) [ 0110]
add_ln118_1           (add              ) [ 0000]
br_ln118              (br               ) [ 0000]
store_ln118           (store            ) [ 0000]
w3_addr               (getelementptr    ) [ 0000]
specpipeline_ln0      (specpipeline     ) [ 0000]
w3_addr_read          (read             ) [ 0000]
empty_193             (trunc            ) [ 0101]
loop_index_i_load     (load             ) [ 0000]
k_load                (load             ) [ 0000]
indvar_flatten_load   (load             ) [ 0000]
bin_load              (load             ) [ 0000]
add_ln118             (add              ) [ 0000]
specloopname_ln0      (specloopname     ) [ 0000]
speclooptripcount_ln0 (speclooptripcount) [ 0000]
icmp_ln119            (icmp             ) [ 0000]
select_ln118          (select           ) [ 0000]
select_ln118_1        (select           ) [ 0000]
select_ln118_1_cast   (zext             ) [ 0000]
tmp_4                 (bitconcatenate   ) [ 0000]
tmp_4_cast            (zext             ) [ 0000]
empty                 (add              ) [ 0000]
specpipeline_ln0      (specpipeline     ) [ 0000]
xor_ln118             (xor              ) [ 0000]
exitcond4838          (icmp             ) [ 0000]
and_ln118             (and              ) [ 0000]
add_ln119             (add              ) [ 0000]
specloopname_ln0      (specloopname     ) [ 0000]
or_ln119              (or               ) [ 0000]
select_ln119          (select           ) [ 0000]
select_ln119_1        (select           ) [ 0000]
select_ln119_1_cast   (zext             ) [ 0000]
empty_189             (add              ) [ 0000]
p_cast                (zext             ) [ 0000]
empty_190             (trunc            ) [ 0000]
p_shl                 (bitconcatenate   ) [ 0000]
empty_191             (add              ) [ 0000]
specpipeline_ln0      (specpipeline     ) [ 0000]
select_ln119_cast     (zext             ) [ 0000]
empty_192             (add              ) [ 0000]
p_cast2               (zext             ) [ 0000]
weight_buffer_0_addr  (getelementptr    ) [ 0000]
store_ln118           (store            ) [ 0000]
empty_194             (add              ) [ 0000]
add_ln119_1           (add              ) [ 0000]
select_ln119_2        (select           ) [ 0000]
store_ln118           (store            ) [ 0000]
store_ln119           (store            ) [ 0000]
store_ln119           (store            ) [ 0000]
store_ln119           (store            ) [ 0000]
br_ln0                (br               ) [ 0000]
ret_ln0               (ret              ) [ 0000]
</LifeTime>

<model>

<comp_list>
<comp id="0" class="1000" name="w3">
<pin_list>
<pin id="1" dir="1" index="0" bw="1" slack="0"/>
</pin_list>
<bind>
<StgValue><ssdm name="w3"/></StgValue>
</bind>
</comp>

<comp id="2" class="1000" name="sext_ln118">
<pin_list>
<pin id="3" dir="1" index="0" bw="1" slack="0"/>
</pin_list>
<bind>
<StgValue><ssdm name="sext_ln118"/></StgValue>
</bind>
</comp>

<comp id="4" class="1000" name="weight_buffer_0">
<pin_list>
<pin id="5" dir="1" index="0" bw="1" slack="0"/>
</pin_list>
<bind>
<StgValue><ssdm name="weight_buffer_0"/><MemPortTyVec>0 3 </MemPortTyVec>
</StgValue>
</bind>
</comp>

<comp id="6" class="1001" name="const_6">
<pin_list>
<pin id="7" dir="1" index="0" bw="1" slack="0"/>
</pin_list>
<bind>
<StgValue><ssdm name=""/></StgValue>
</bind>
</comp>

<comp id="8" class="1001" name="const_8">
<pin_list>
<pin id="9" dir="1" index="0" bw="1" slack="0"/>
</pin_list>
<bind>
<StgValue><ssdm name="_ssdm_op_Read.ap_auto.i62"/></StgValue>
</bind>
</comp>

<comp id="10" class="1001" name="const_10">
<pin_list>
<pin id="11" dir="1" index="0" bw="1" slack="2147483647"/>
</pin_list>
<bind>
<StgValue><ssdm name="_ssdm_op_SpecInterface"/></StgValue>
</bind>
</comp>

<comp id="12" class="1001" name="const_12">
<pin_list>
<pin id="13" dir="1" index="0" bw="1" slack="2147483647"/>
</pin_list>
<bind>
<StgValue><ssdm name="empty_8"/></StgValue>
</bind>
</comp>

<comp id="14" class="1001" name="const_14">
<pin_list>
<pin id="15" dir="1" index="0" bw="1" slack="2147483647"/>
</pin_list>
<bind>
<StgValue><ssdm name=""/></StgValue>
</bind>
</comp>

<comp id="16" class="1001" name="const_16">
<pin_list>
<pin id="17" dir="1" index="0" bw="1" slack="2147483647"/>
</pin_list>
<bind>
<StgValue><ssdm name="empty_10"/></StgValue>
</bind>
</comp>

<comp id="18" class="1001" name="const_18">
<pin_list>
<pin id="19" dir="1" index="0" bw="1" slack="2147483647"/>
</pin_list>
<bind>
<StgValue><ssdm name=""/></StgValue>
</bind>
</comp>

<comp id="20" class="1001" name="const_20">
<pin_list>
<pin id="21" dir="1" index="0" bw="1" slack="2147483647"/>
</pin_list>
<bind>
<StgValue><ssdm name="empty_17"/></StgValue>
</bind>
</comp>

<comp id="22" class="1001" name="const_22">
<pin_list>
<pin id="23" dir="1" index="0" bw="1" slack="2147483647"/>
</pin_list>
<bind>
<StgValue><ssdm name="empty_3"/></StgValue>
</bind>
</comp>

<comp id="24" class="1001" name="const_24">
<pin_list>
<pin id="25" dir="1" index="0" bw="1" slack="2147483647"/>
</pin_list>
<bind>
<StgValue><ssdm name=""/></StgValue>
</bind>
</comp>

<comp id="26" class="1001" name="const_26">
<pin_list>
<pin id="27" dir="1" index="0" bw="1" slack="2147483647"/>
</pin_list>
<bind>
<StgValue><ssdm name=""/></StgValue>
</bind>
</comp>

<comp id="28" class="1001" name="const_28">
<pin_list>
<pin id="29" dir="1" index="0" bw="1" slack="2147483647"/>
</pin_list>
<bind>
<StgValue><ssdm name=""/></StgValue>
</bind>
</comp>

<comp id="30" class="1001" name="const_30">
<pin_list>
<pin id="31" dir="1" index="0" bw="1" slack="0"/>
</pin_list>
<bind>
<StgValue><ssdm name=""/></StgValue>
</bind>
</comp>

<comp id="32" class="1001" name="const_32">
<pin_list>
<pin id="33" dir="1" index="0" bw="1" slack="0"/>
</pin_list>
<bind>
<StgValue><ssdm name=""/></StgValue>
</bind>
</comp>

<comp id="34" class="1001" name="const_34">
<pin_list>
<pin id="35" dir="1" index="0" bw="1" slack="0"/>
</pin_list>
<bind>
<StgValue><ssdm name=""/></StgValue>
</bind>
</comp>

<comp id="36" class="1001" name="const_36">
<pin_list>
<pin id="37" dir="1" index="0" bw="1" slack="0"/>
</pin_list>
<bind>
<StgValue><ssdm name=""/></StgValue>
</bind>
</comp>

<comp id="38" class="1001" name="const_38">
<pin_list>
<pin id="39" dir="1" index="0" bw="1" slack="0"/>
</pin_list>
<bind>
<StgValue><ssdm name=""/></StgValue>
</bind>
</comp>

<comp id="40" class="1001" name="const_40">
<pin_list>
<pin id="41" dir="1" index="0" bw="1" slack="2147483647"/>
</pin_list>
<bind>
<StgValue><ssdm name="_ssdm_op_SpecPipeline"/></StgValue>
</bind>
</comp>

<comp id="42" class="1001" name="const_42">
<pin_list>
<pin id="43" dir="1" index="0" bw="1" slack="2147483647"/>
</pin_list>
<bind>
<StgValue><ssdm name="p_str"/></StgValue>
</bind>
</comp>

<comp id="44" class="1001" name="const_44">
<pin_list>
<pin id="45" dir="1" index="0" bw="1" slack="0"/>
</pin_list>
<bind>
<StgValue><ssdm name="_ssdm_op_Read.m_axi.p1i32"/></StgValue>
</bind>
</comp>

<comp id="46" class="1001" name="const_46">
<pin_list>
<pin id="47" dir="1" index="0" bw="1" slack="0"/>
</pin_list>
<bind>
<StgValue><ssdm name=""/></StgValue>
</bind>
</comp>

<comp id="48" class="1001" name="const_48">
<pin_list>
<pin id="49" dir="1" index="0" bw="1" slack="2147483647"/>
</pin_list>
<bind>
<StgValue><ssdm name="_ssdm_op_SpecLoopName"/></StgValue>
</bind>
</comp>

<comp id="50" class="1001" name="const_50">
<pin_list>
<pin id="51" dir="1" index="0" bw="1" slack="2147483647"/>
</pin_list>
<bind>
<StgValue><ssdm name="WEIGHTI_WEIGHTK_L_str"/></StgValue>
</bind>
</comp>

<comp id="52" class="1001" name="const_52">
<pin_list>
<pin id="53" dir="1" index="0" bw="1" slack="2147483647"/>
</pin_list>
<bind>
<StgValue><ssdm name="_ssdm_op_SpecLoopTripCount"/></StgValue>
</bind>
</comp>

<comp id="54" class="1001" name="const_54">
<pin_list>
<pin id="55" dir="1" index="0" bw="1" slack="2147483647"/>
</pin_list>
<bind>
<StgValue><ssdm name=""/></StgValue>
</bind>
</comp>

<comp id="56" class="1001" name="const_56">
<pin_list>
<pin id="57" dir="1" index="0" bw="1" slack="0"/>
</pin_list>
<bind>
<StgValue><ssdm name=""/></StgValue>
</bind>
</comp>

<comp id="58" class="1001" name="const_58">
<pin_list>
<pin id="59" dir="1" index="0" bw="1" slack="0"/>
</pin_list>
<bind>
<StgValue><ssdm name="_ssdm_op_BitConcatenate.i8.i6.i2"/></StgValue>
</bind>
</comp>

<comp id="60" class="1001" name="const_60">
<pin_list>
<pin id="61" dir="1" index="0" bw="1" slack="0"/>
</pin_list>
<bind>
<StgValue><ssdm name=""/></StgValue>
</bind>
</comp>

<comp id="62" class="1001" name="const_62">
<pin_list>
<pin id="63" dir="1" index="0" bw="1" slack="0"/>
</pin_list>
<bind>
<StgValue><ssdm name=""/></StgValue>
</bind>
</comp>

<comp id="64" class="1001" name="const_64">
<pin_list>
<pin id="65" dir="1" index="0" bw="1" slack="0"/>
</pin_list>
<bind>
<StgValue><ssdm name=""/></StgValue>
</bind>
</comp>

<comp id="66" class="1001" name="const_66">
<pin_list>
<pin id="67" dir="1" index="0" bw="1" slack="0"/>
</pin_list>
<bind>
<StgValue><ssdm name=""/></StgValue>
</bind>
</comp>

<comp id="68" class="1001" name="const_68">
<pin_list>
<pin id="69" dir="1" index="0" bw="1" slack="2147483647"/>
</pin_list>
<bind>
<StgValue><ssdm name="WEIGHTK_L_str"/></StgValue>
</bind>
</comp>

<comp id="70" class="1001" name="const_70">
<pin_list>
<pin id="71" dir="1" index="0" bw="1" slack="0"/>
</pin_list>
<bind>
<StgValue><ssdm name="_ssdm_op_BitConcatenate.i10.i8.i2"/></StgValue>
</bind>
</comp>

<comp id="72" class="1001" name="const_72">
<pin_list>
<pin id="73" dir="1" index="0" bw="1" slack="0"/>
</pin_list>
<bind>
<StgValue><ssdm name=""/></StgValue>
</bind>
</comp>

<comp id="74" class="1004" name="loop_index_i_fu_74">
<pin_list>
<pin id="75" dir="0" index="0" bw="1" slack="0"/>
<pin id="76" dir="1" index="1" bw="3" slack="0"/>
</pin_list>
<bind>
<opcode="alloca(26) " fcode="alloca"/>
<opset="loop_index_i/1 "/>
</bind>
</comp>

<comp id="78" class="1004" name="k_fu_78">
<pin_list>
<pin id="79" dir="0" index="0" bw="1" slack="0"/>
<pin id="80" dir="1" index="1" bw="3" slack="0"/>
</pin_list>
<bind>
<opcode="alloca(26) " fcode="alloca"/>
<opset="k/1 "/>
</bind>
</comp>

<comp id="82" class="1004" name="indvar_flatten_fu_82">
<pin_list>
<pin id="83" dir="0" index="0" bw="1" slack="0"/>
<pin id="84" dir="1" index="1" bw="6" slack="0"/>
</pin_list>
<bind>
<opcode="alloca(26) " fcode="alloca"/>
<opset="indvar_flatten/1 "/>
</bind>
</comp>

<comp id="86" class="1004" name="bin_fu_86">
<pin_list>
<pin id="87" dir="0" index="0" bw="1" slack="0"/>
<pin id="88" dir="1" index="1" bw="6" slack="0"/>
</pin_list>
<bind>
<opcode="alloca(26) " fcode="alloca"/>
<opset="bin/1 "/>
</bind>
</comp>

<comp id="90" class="1004" name="indvar_flatten12_fu_90">
<pin_list>
<pin id="91" dir="0" index="0" bw="1" slack="0"/>
<pin id="92" dir="1" index="1" bw="10" slack="0"/>
</pin_list>
<bind>
<opcode="alloca(26) " fcode="alloca"/>
<opset="indvar_flatten12/1 "/>
</bind>
</comp>

<comp id="94" class="1004" name="sext_ln118_read_read_fu_94">
<pin_list>
<pin id="95" dir="0" index="0" bw="62" slack="0"/>
<pin id="96" dir="0" index="1" bw="62" slack="0"/>
<pin id="97" dir="1" index="2" bw="62" slack="0"/>
</pin_list>
<bind>
<opcode="read(1150) " fcode="read"/>
<opset="sext_ln118_read/1 "/>
</bind>
</comp>

<comp id="100" class="1004" name="w3_addr_read_read_fu_100">
<pin_list>
<pin id="101" dir="0" index="0" bw="32" slack="0"/>
<pin id="102" dir="0" index="1" bw="32" slack="0"/>
<pin id="103" dir="1" index="2" bw="32" slack="0"/>
</pin_list>
<bind>
<opcode="read(1150) " fcode="read"/>
<opset="w3_addr_read/2 "/>
</bind>
</comp>

<comp id="105" class="1004" name="weight_buffer_0_addr_gep_fu_105">
<pin_list>
<pin id="106" dir="0" index="0" bw="18" slack="0"/>
<pin id="107" dir="0" index="1" bw="1" slack="0"/>
<pin id="108" dir="0" index="2" bw="10" slack="0"/>
<pin id="109" dir="1" index="3" bw="10" slack="0"/>
</pin_list>
<bind>
<opcode="getelementptr(29) " fcode="getelementptr"/>
<opset="weight_buffer_0_addr/3 "/>
</bind>
</comp>

<comp id="112" class="1004" name="store_ln118_access_fu_112">
<pin_list>
<pin id="113" dir="0" index="0" bw="10" slack="0"/>
<pin id="114" dir="0" index="1" bw="18" slack="1"/>
<pin id="115" dir="0" index="2" bw="0" slack="2147483647"/>
<pin id="116" dir="1" index="3" bw="18" slack="2147483647"/>
</pin_list>
<bind>
<opcode="store(28) " fcode="store"/>
<opset="store_ln118/3 "/>
</bind>
</comp>

<comp id="118" class="1004" name="sext_ln118_cast_fu_118">
<pin_list>
<pin id="119" dir="0" index="0" bw="62" slack="0"/>
<pin id="120" dir="1" index="1" bw="64" slack="1"/>
</pin_list>
<bind>
<opcode="sext(35) " fcode="sext"/>
<opset="sext_ln118_cast/1 "/>
</bind>
</comp>

<comp id="122" class="1004" name="store_ln0_store_fu_122">
<pin_list>
<pin id="123" dir="0" index="0" bw="1" slack="0"/>
<pin id="124" dir="0" index="1" bw="10" slack="0"/>
<pin id="125" dir="1" index="2" bw="0" slack="2147483647"/>
</pin_list>
<bind>
<opcode="store(28) " fcode="store"/>
<opset="store_ln0/1 "/>
</bind>
</comp>

<comp id="127" class="1004" name="store_ln0_store_fu_127">
<pin_list>
<pin id="128" dir="0" index="0" bw="1" slack="0"/>
<pin id="129" dir="0" index="1" bw="6" slack="0"/>
<pin id="130" dir="1" index="2" bw="0" slack="2147483647"/>
</pin_list>
<bind>
<opcode="store(28) " fcode="store"/>
<opset="store_ln0/1 "/>
</bind>
</comp>

<comp id="132" class="1004" name="store_ln0_store_fu_132">
<pin_list>
<pin id="133" dir="0" index="0" bw="1" slack="0"/>
<pin id="134" dir="0" index="1" bw="6" slack="0"/>
<pin id="135" dir="1" index="2" bw="0" slack="2147483647"/>
</pin_list>
<bind>
<opcode="store(28) " fcode="store"/>
<opset="store_ln0/1 "/>
</bind>
</comp>

<comp id="137" class="1004" name="store_ln0_store_fu_137">
<pin_list>
<pin id="138" dir="0" index="0" bw="1" slack="0"/>
<pin id="139" dir="0" index="1" bw="3" slack="0"/>
<pin id="140" dir="1" index="2" bw="0" slack="2147483647"/>
</pin_list>
<bind>
<opcode="store(28) " fcode="store"/>
<opset="store_ln0/1 "/>
</bind>
</comp>

<comp id="142" class="1004" name="store_ln0_store_fu_142">
<pin_list>
<pin id="143" dir="0" index="0" bw="1" slack="0"/>
<pin id="144" dir="0" index="1" bw="3" slack="0"/>
<pin id="145" dir="1" index="2" bw="0" slack="2147483647"/>
</pin_list>
<bind>
<opcode="store(28) " fcode="store"/>
<opset="store_ln0/1 "/>
</bind>
</comp>

<comp id="147" class="1004" name="indvar_flatten12_load_load_fu_147">
<pin_list>
<pin id="148" dir="0" index="0" bw="10" slack="0"/>
<pin id="149" dir="1" index="1" bw="10" slack="0"/>
</pin_list>
<bind>
<opcode="load(27) " fcode="load"/>
<opset="indvar_flatten12_load/1 "/>
</bind>
</comp>

<comp id="150" class="1004" name="icmp_ln118_fu_150">
<pin_list>
<pin id="151" dir="0" index="0" bw="10" slack="0"/>
<pin id="152" dir="0" index="1" bw="9" slack="0"/>
<pin id="153" dir="1" index="2" bw="1" slack="1"/>
</pin_list>
<bind>
<opcode="icmp(45) " fcode="icmp"/>
<opset="icmp_ln118/1 "/>
</bind>
</comp>

<comp id="156" class="1004" name="add_ln118_1_fu_156">
<pin_list>
<pin id="157" dir="0" index="0" bw="10" slack="0"/>
<pin id="158" dir="0" index="1" bw="1" slack="0"/>
<pin id="159" dir="1" index="2" bw="10" slack="0"/>
</pin_list>
<bind>
<opcode="add(8) " fcode="add"/>
<opset="add_ln118_1/1 "/>
</bind>
</comp>

<comp id="162" class="1004" name="store_ln118_store_fu_162">
<pin_list>
<pin id="163" dir="0" index="0" bw="10" slack="0"/>
<pin id="164" dir="0" index="1" bw="10" slack="0"/>
<pin id="165" dir="1" index="2" bw="0" slack="2147483647"/>
</pin_list>
<bind>
<opcode="store(28) " fcode="store"/>
<opset="store_ln118/1 "/>
</bind>
</comp>

<comp id="167" class="1004" name="w3_addr_fu_167">
<pin_list>
<pin id="168" dir="0" index="0" bw="32" slack="0"/>
<pin id="169" dir="0" index="1" bw="62" slack="1"/>
<pin id="170" dir="1" index="2" bw="32" slack="0"/>
</pin_list>
<bind>
<opcode="getelementptr(29) " fcode="getelementptr"/>
<opset="w3_addr/2 "/>
</bind>
</comp>

<comp id="173" class="1004" name="empty_193_fu_173">
<pin_list>
<pin id="174" dir="0" index="0" bw="32" slack="0"/>
<pin id="175" dir="1" index="1" bw="18" slack="1"/>
</pin_list>
<bind>
<opcode="trunc(33) " fcode="trunc"/>
<opset="empty_193/2 "/>
</bind>
</comp>

<comp id="177" class="1004" name="loop_index_i_load_load_fu_177">
<pin_list>
<pin id="178" dir="0" index="0" bw="3" slack="2"/>
<pin id="179" dir="1" index="1" bw="3" slack="0"/>
</pin_list>
<bind>
<opcode="load(27) " fcode="load"/>
<opset="loop_index_i_load/3 "/>
</bind>
</comp>

<comp id="180" class="1004" name="k_load_load_fu_180">
<pin_list>
<pin id="181" dir="0" index="0" bw="3" slack="2"/>
<pin id="182" dir="1" index="1" bw="3" slack="0"/>
</pin_list>
<bind>
<opcode="load(27) " fcode="load"/>
<opset="k_load/3 "/>
</bind>
</comp>

<comp id="183" class="1004" name="indvar_flatten_load_load_fu_183">
<pin_list>
<pin id="184" dir="0" index="0" bw="6" slack="2"/>
<pin id="185" dir="1" index="1" bw="6" slack="0"/>
</pin_list>
<bind>
<opcode="load(27) " fcode="load"/>
<opset="indvar_flatten_load/3 "/>
</bind>
</comp>

<comp id="186" class="1004" name="bin_load_load_fu_186">
<pin_list>
<pin id="187" dir="0" index="0" bw="6" slack="2"/>
<pin id="188" dir="1" index="1" bw="6" slack="0"/>
</pin_list>
<bind>
<opcode="load(27) " fcode="load"/>
<opset="bin_load/3 "/>
</bind>
</comp>

<comp id="189" class="1004" name="add_ln118_fu_189">
<pin_list>
<pin id="190" dir="0" index="0" bw="6" slack="0"/>
<pin id="191" dir="0" index="1" bw="1" slack="0"/>
<pin id="192" dir="1" index="2" bw="6" slack="0"/>
</pin_list>
<bind>
<opcode="add(8) " fcode="add"/>
<opset="add_ln118/3 "/>
</bind>
</comp>

<comp id="195" class="1004" name="icmp_ln119_fu_195">
<pin_list>
<pin id="196" dir="0" index="0" bw="6" slack="0"/>
<pin id="197" dir="0" index="1" bw="6" slack="0"/>
<pin id="198" dir="1" index="2" bw="1" slack="0"/>
</pin_list>
<bind>
<opcode="icmp(45) " fcode="icmp"/>
<opset="icmp_ln119/3 "/>
</bind>
</comp>

<comp id="201" class="1004" name="select_ln118_fu_201">
<pin_list>
<pin id="202" dir="0" index="0" bw="1" slack="0"/>
<pin id="203" dir="0" index="1" bw="1" slack="0"/>
<pin id="204" dir="0" index="2" bw="3" slack="0"/>
<pin id="205" dir="1" index="3" bw="3" slack="0"/>
</pin_list>
<bind>
<opcode="select(49) " fcode="select"/>
<opset="select_ln118/3 "/>
</bind>
</comp>

<comp id="209" class="1004" name="select_ln118_1_fu_209">
<pin_list>
<pin id="210" dir="0" index="0" bw="1" slack="0"/>
<pin id="211" dir="0" index="1" bw="6" slack="0"/>
<pin id="212" dir="0" index="2" bw="6" slack="0"/>
<pin id="213" dir="1" index="3" bw="6" slack="0"/>
</pin_list>
<bind>
<opcode="select(49) " fcode="select"/>
<opset="select_ln118_1/3 "/>
</bind>
</comp>

<comp id="217" class="1004" name="select_ln118_1_cast_fu_217">
<pin_list>
<pin id="218" dir="0" index="0" bw="6" slack="0"/>
<pin id="219" dir="1" index="1" bw="9" slack="0"/>
</pin_list>
<bind>
<opcode="zext(34) " fcode="zext"/>
<opset="select_ln118_1_cast/3 "/>
</bind>
</comp>

<comp id="221" class="1004" name="tmp_4_fu_221">
<pin_list>
<pin id="222" dir="0" index="0" bw="8" slack="0"/>
<pin id="223" dir="0" index="1" bw="6" slack="0"/>
<pin id="224" dir="0" index="2" bw="1" slack="0"/>
<pin id="225" dir="1" index="3" bw="8" slack="0"/>
</pin_list>
<bind>
<opcode="bitconcatenate(1004) " fcode="bitconcatenate"/>
<opset="tmp_4/3 "/>
</bind>
</comp>

<comp id="229" class="1004" name="tmp_4_cast_fu_229">
<pin_list>
<pin id="230" dir="0" index="0" bw="8" slack="0"/>
<pin id="231" dir="1" index="1" bw="9" slack="0"/>
</pin_list>
<bind>
<opcode="zext(34) " fcode="zext"/>
<opset="tmp_4_cast/3 "/>
</bind>
</comp>

<comp id="233" class="1004" name="empty_fu_233">
<pin_list>
<pin id="234" dir="0" index="0" bw="8" slack="0"/>
<pin id="235" dir="0" index="1" bw="6" slack="0"/>
<pin id="236" dir="1" index="2" bw="9" slack="0"/>
</pin_list>
<bind>
<opcode="add(8) " fcode="add"/>
<opset="empty/3 "/>
</bind>
</comp>

<comp id="239" class="1004" name="xor_ln118_fu_239">
<pin_list>
<pin id="240" dir="0" index="0" bw="1" slack="0"/>
<pin id="241" dir="0" index="1" bw="1" slack="0"/>
<pin id="242" dir="1" index="2" bw="1" slack="0"/>
</pin_list>
<bind>
<opcode="xor(25) " fcode="xor"/>
<opset="xor_ln118/3 "/>
</bind>
</comp>

<comp id="245" class="1004" name="exitcond4838_fu_245">
<pin_list>
<pin id="246" dir="0" index="0" bw="3" slack="0"/>
<pin id="247" dir="0" index="1" bw="3" slack="0"/>
<pin id="248" dir="1" index="2" bw="1" slack="0"/>
</pin_list>
<bind>
<opcode="icmp(45) " fcode="icmp"/>
<opset="exitcond4838/3 "/>
</bind>
</comp>

<comp id="251" class="1004" name="and_ln118_fu_251">
<pin_list>
<pin id="252" dir="0" index="0" bw="1" slack="0"/>
<pin id="253" dir="0" index="1" bw="1" slack="0"/>
<pin id="254" dir="1" index="2" bw="1" slack="0"/>
</pin_list>
<bind>
<opcode="and(23) " fcode="and"/>
<opset="and_ln118/3 "/>
</bind>
</comp>

<comp id="257" class="1004" name="add_ln119_fu_257">
<pin_list>
<pin id="258" dir="0" index="0" bw="3" slack="0"/>
<pin id="259" dir="0" index="1" bw="1" slack="0"/>
<pin id="260" dir="1" index="2" bw="3" slack="0"/>
</pin_list>
<bind>
<opcode="add(8) " fcode="add"/>
<opset="add_ln119/3 "/>
</bind>
</comp>

<comp id="263" class="1004" name="or_ln119_fu_263">
<pin_list>
<pin id="264" dir="0" index="0" bw="1" slack="0"/>
<pin id="265" dir="0" index="1" bw="1" slack="0"/>
<pin id="266" dir="1" index="2" bw="1" slack="0"/>
</pin_list>
<bind>
<opcode="or(24) " fcode="or"/>
<opset="or_ln119/3 "/>
</bind>
</comp>

<comp id="269" class="1004" name="select_ln119_fu_269">
<pin_list>
<pin id="270" dir="0" index="0" bw="1" slack="0"/>
<pin id="271" dir="0" index="1" bw="1" slack="0"/>
<pin id="272" dir="0" index="2" bw="3" slack="0"/>
<pin id="273" dir="1" index="3" bw="3" slack="0"/>
</pin_list>
<bind>
<opcode="select(49) " fcode="select"/>
<opset="select_ln119/3 "/>
</bind>
</comp>

<comp id="277" class="1004" name="select_ln119_1_fu_277">
<pin_list>
<pin id="278" dir="0" index="0" bw="1" slack="0"/>
<pin id="279" dir="0" index="1" bw="3" slack="0"/>
<pin id="280" dir="0" index="2" bw="3" slack="0"/>
<pin id="281" dir="1" index="3" bw="3" slack="0"/>
</pin_list>
<bind>
<opcode="select(49) " fcode="select"/>
<opset="select_ln119_1/3 "/>
</bind>
</comp>

<comp id="285" class="1004" name="select_ln119_1_cast_fu_285">
<pin_list>
<pin id="286" dir="0" index="0" bw="3" slack="0"/>
<pin id="287" dir="1" index="1" bw="9" slack="0"/>
</pin_list>
<bind>
<opcode="zext(34) " fcode="zext"/>
<opset="select_ln119_1_cast/3 "/>
</bind>
</comp>

<comp id="289" class="1004" name="empty_189_fu_289">
<pin_list>
<pin id="290" dir="0" index="0" bw="9" slack="0"/>
<pin id="291" dir="0" index="1" bw="3" slack="0"/>
<pin id="292" dir="1" index="2" bw="9" slack="0"/>
</pin_list>
<bind>
<opcode="add(8) " fcode="add"/>
<opset="empty_189/3 "/>
</bind>
</comp>

<comp id="295" class="1004" name="p_cast_fu_295">
<pin_list>
<pin id="296" dir="0" index="0" bw="9" slack="0"/>
<pin id="297" dir="1" index="1" bw="10" slack="0"/>
</pin_list>
<bind>
<opcode="zext(34) " fcode="zext"/>
<opset="p_cast/3 "/>
</bind>
</comp>

<comp id="299" class="1004" name="empty_190_fu_299">
<pin_list>
<pin id="300" dir="0" index="0" bw="9" slack="0"/>
<pin id="301" dir="1" index="1" bw="8" slack="0"/>
</pin_list>
<bind>
<opcode="trunc(33) " fcode="trunc"/>
<opset="empty_190/3 "/>
</bind>
</comp>

<comp id="303" class="1004" name="p_shl_fu_303">
<pin_list>
<pin id="304" dir="0" index="0" bw="10" slack="0"/>
<pin id="305" dir="0" index="1" bw="8" slack="0"/>
<pin id="306" dir="0" index="2" bw="1" slack="0"/>
<pin id="307" dir="1" index="3" bw="10" slack="0"/>
</pin_list>
<bind>
<opcode="bitconcatenate(1004) " fcode="bitconcatenate"/>
<opset="p_shl/3 "/>
</bind>
</comp>

<comp id="311" class="1004" name="empty_191_fu_311">
<pin_list>
<pin id="312" dir="0" index="0" bw="10" slack="0"/>
<pin id="313" dir="0" index="1" bw="9" slack="0"/>
<pin id="314" dir="1" index="2" bw="10" slack="0"/>
</pin_list>
<bind>
<opcode="add(8) " fcode="add"/>
<opset="empty_191/3 "/>
</bind>
</comp>

<comp id="317" class="1004" name="select_ln119_cast_fu_317">
<pin_list>
<pin id="318" dir="0" index="0" bw="3" slack="0"/>
<pin id="319" dir="1" index="1" bw="10" slack="0"/>
</pin_list>
<bind>
<opcode="zext(34) " fcode="zext"/>
<opset="select_ln119_cast/3 "/>
</bind>
</comp>

<comp id="321" class="1004" name="empty_192_fu_321">
<pin_list>
<pin id="322" dir="0" index="0" bw="10" slack="0"/>
<pin id="323" dir="0" index="1" bw="3" slack="0"/>
<pin id="324" dir="1" index="2" bw="10" slack="0"/>
</pin_list>
<bind>
<opcode="add(8) " fcode="add"/>
<opset="empty_192/3 "/>
</bind>
</comp>

<comp id="327" class="1004" name="p_cast2_fu_327">
<pin_list>
<pin id="328" dir="0" index="0" bw="10" slack="0"/>
<pin id="329" dir="1" index="1" bw="64" slack="0"/>
</pin_list>
<bind>
<opcode="zext(34) " fcode="zext"/>
<opset="p_cast2/3 "/>
</bind>
</comp>

<comp id="332" class="1004" name="empty_194_fu_332">
<pin_list>
<pin id="333" dir="0" index="0" bw="3" slack="0"/>
<pin id="334" dir="0" index="1" bw="1" slack="0"/>
<pin id="335" dir="1" index="2" bw="3" slack="0"/>
</pin_list>
<bind>
<opcode="add(8) " fcode="add"/>
<opset="empty_194/3 "/>
</bind>
</comp>

<comp id="338" class="1004" name="add_ln119_1_fu_338">
<pin_list>
<pin id="339" dir="0" index="0" bw="6" slack="0"/>
<pin id="340" dir="0" index="1" bw="1" slack="0"/>
<pin id="341" dir="1" index="2" bw="6" slack="0"/>
</pin_list>
<bind>
<opcode="add(8) " fcode="add"/>
<opset="add_ln119_1/3 "/>
</bind>
</comp>

<comp id="344" class="1004" name="select_ln119_2_fu_344">
<pin_list>
<pin id="345" dir="0" index="0" bw="1" slack="0"/>
<pin id="346" dir="0" index="1" bw="1" slack="0"/>
<pin id="347" dir="0" index="2" bw="6" slack="0"/>
<pin id="348" dir="1" index="3" bw="6" slack="0"/>
</pin_list>
<bind>
<opcode="select(49) " fcode="select"/>
<opset="select_ln119_2/3 "/>
</bind>
</comp>

<comp id="352" class="1004" name="store_ln118_store_fu_352">
<pin_list>
<pin id="353" dir="0" index="0" bw="6" slack="0"/>
<pin id="354" dir="0" index="1" bw="6" slack="2"/>
<pin id="355" dir="1" index="2" bw="0" slack="2147483647"/>
</pin_list>
<bind>
<opcode="store(28) " fcode="store"/>
<opset="store_ln118/3 "/>
</bind>
</comp>

<comp id="357" class="1004" name="store_ln119_store_fu_357">
<pin_list>
<pin id="358" dir="0" index="0" bw="6" slack="0"/>
<pin id="359" dir="0" index="1" bw="6" slack="2"/>
<pin id="360" dir="1" index="2" bw="0" slack="2147483647"/>
</pin_list>
<bind>
<opcode="store(28) " fcode="store"/>
<opset="store_ln119/3 "/>
</bind>
</comp>

<comp id="362" class="1004" name="store_ln119_store_fu_362">
<pin_list>
<pin id="363" dir="0" index="0" bw="3" slack="0"/>
<pin id="364" dir="0" index="1" bw="3" slack="2"/>
<pin id="365" dir="1" index="2" bw="0" slack="2147483647"/>
</pin_list>
<bind>
<opcode="store(28) " fcode="store"/>
<opset="store_ln119/3 "/>
</bind>
</comp>

<comp id="367" class="1004" name="store_ln119_store_fu_367">
<pin_list>
<pin id="368" dir="0" index="0" bw="3" slack="0"/>
<pin id="369" dir="0" index="1" bw="3" slack="2"/>
<pin id="370" dir="1" index="2" bw="0" slack="2147483647"/>
</pin_list>
<bind>
<opcode="store(28) " fcode="store"/>
<opset="store_ln119/3 "/>
</bind>
</comp>

<comp id="372" class="1005" name="loop_index_i_reg_372">
<pin_list>
<pin id="373" dir="0" index="0" bw="3" slack="0"/>
<pin id="374" dir="1" index="1" bw="3" slack="0"/>
</pin_list>
<bind>
<opset="loop_index_i "/>
</bind>
</comp>

<comp id="379" class="1005" name="k_reg_379">
<pin_list>
<pin id="380" dir="0" index="0" bw="3" slack="0"/>
<pin id="381" dir="1" index="1" bw="3" slack="0"/>
</pin_list>
<bind>
<opset="k "/>
</bind>
</comp>

<comp id="386" class="1005" name="indvar_flatten_reg_386">
<pin_list>
<pin id="387" dir="0" index="0" bw="6" slack="0"/>
<pin id="388" dir="1" index="1" bw="6" slack="0"/>
</pin_list>
<bind>
<opset="indvar_flatten "/>
</bind>
</comp>

<comp id="393" class="1005" name="bin_reg_393">
<pin_list>
<pin id="394" dir="0" index="0" bw="6" slack="0"/>
<pin id="395" dir="1" index="1" bw="6" slack="0"/>
</pin_list>
<bind>
<opset="bin "/>
</bind>
</comp>

<comp id="400" class="1005" name="indvar_flatten12_reg_400">
<pin_list>
<pin id="401" dir="0" index="0" bw="10" slack="0"/>
<pin id="402" dir="1" index="1" bw="10" slack="0"/>
</pin_list>
<bind>
<opset="indvar_flatten12 "/>
</bind>
</comp>

<comp id="407" class="1005" name="sext_ln118_cast_reg_407">
<pin_list>
<pin id="408" dir="0" index="0" bw="64" slack="1"/>
<pin id="409" dir="1" index="1" bw="64" slack="1"/>
</pin_list>
<bind>
<opset="sext_ln118_cast "/>
</bind>
</comp>

<comp id="412" class="1005" name="icmp_ln118_reg_412">
<pin_list>
<pin id="413" dir="0" index="0" bw="1" slack="1"/>
<pin id="414" dir="1" index="1" bw="1" slack="2147483647"/>
</pin_list>
<bind>
<opset="icmp_ln118 "/>
</bind>
</comp>

<comp id="416" class="1005" name="empty_193_reg_416">
<pin_list>
<pin id="417" dir="0" index="0" bw="18" slack="1"/>
<pin id="418" dir="1" index="1" bw="18" slack="1"/>
</pin_list>
<bind>
<opset="empty_193 "/>
</bind>
</comp>

</comp_list>

<net_list>
<net id="77"><net_src comp="6" pin="0"/><net_sink comp="74" pin=0"/></net>

<net id="81"><net_src comp="6" pin="0"/><net_sink comp="78" pin=0"/></net>

<net id="85"><net_src comp="6" pin="0"/><net_sink comp="82" pin=0"/></net>

<net id="89"><net_src comp="6" pin="0"/><net_sink comp="86" pin=0"/></net>

<net id="93"><net_src comp="6" pin="0"/><net_sink comp="90" pin=0"/></net>

<net id="98"><net_src comp="8" pin="0"/><net_sink comp="94" pin=0"/></net>

<net id="99"><net_src comp="2" pin="0"/><net_sink comp="94" pin=1"/></net>

<net id="104"><net_src comp="44" pin="0"/><net_sink comp="100" pin=0"/></net>

<net id="110"><net_src comp="4" pin="0"/><net_sink comp="105" pin=0"/></net>

<net id="111"><net_src comp="72" pin="0"/><net_sink comp="105" pin=1"/></net>

<net id="117"><net_src comp="105" pin="3"/><net_sink comp="112" pin=0"/></net>

<net id="121"><net_src comp="94" pin="2"/><net_sink comp="118" pin=0"/></net>

<net id="126"><net_src comp="30" pin="0"/><net_sink comp="122" pin=0"/></net>

<net id="131"><net_src comp="32" pin="0"/><net_sink comp="127" pin=0"/></net>

<net id="136"><net_src comp="32" pin="0"/><net_sink comp="132" pin=0"/></net>

<net id="141"><net_src comp="34" pin="0"/><net_sink comp="137" pin=0"/></net>

<net id="146"><net_src comp="34" pin="0"/><net_sink comp="142" pin=0"/></net>

<net id="154"><net_src comp="147" pin="1"/><net_sink comp="150" pin=0"/></net>

<net id="155"><net_src comp="36" pin="0"/><net_sink comp="150" pin=1"/></net>

<net id="160"><net_src comp="147" pin="1"/><net_sink comp="156" pin=0"/></net>

<net id="161"><net_src comp="38" pin="0"/><net_sink comp="156" pin=1"/></net>

<net id="166"><net_src comp="156" pin="2"/><net_sink comp="162" pin=0"/></net>

<net id="171"><net_src comp="0" pin="0"/><net_sink comp="167" pin=0"/></net>

<net id="172"><net_src comp="167" pin="2"/><net_sink comp="100" pin=1"/></net>

<net id="176"><net_src comp="100" pin="2"/><net_sink comp="173" pin=0"/></net>

<net id="193"><net_src comp="186" pin="1"/><net_sink comp="189" pin=0"/></net>

<net id="194"><net_src comp="46" pin="0"/><net_sink comp="189" pin=1"/></net>

<net id="199"><net_src comp="183" pin="1"/><net_sink comp="195" pin=0"/></net>

<net id="200"><net_src comp="56" pin="0"/><net_sink comp="195" pin=1"/></net>

<net id="206"><net_src comp="195" pin="2"/><net_sink comp="201" pin=0"/></net>

<net id="207"><net_src comp="34" pin="0"/><net_sink comp="201" pin=1"/></net>

<net id="208"><net_src comp="180" pin="1"/><net_sink comp="201" pin=2"/></net>

<net id="214"><net_src comp="195" pin="2"/><net_sink comp="209" pin=0"/></net>

<net id="215"><net_src comp="189" pin="2"/><net_sink comp="209" pin=1"/></net>

<net id="216"><net_src comp="186" pin="1"/><net_sink comp="209" pin=2"/></net>

<net id="220"><net_src comp="209" pin="3"/><net_sink comp="217" pin=0"/></net>

<net id="226"><net_src comp="58" pin="0"/><net_sink comp="221" pin=0"/></net>

<net id="227"><net_src comp="209" pin="3"/><net_sink comp="221" pin=1"/></net>

<net id="228"><net_src comp="60" pin="0"/><net_sink comp="221" pin=2"/></net>

<net id="232"><net_src comp="221" pin="3"/><net_sink comp="229" pin=0"/></net>

<net id="237"><net_src comp="229" pin="1"/><net_sink comp="233" pin=0"/></net>

<net id="238"><net_src comp="217" pin="1"/><net_sink comp="233" pin=1"/></net>

<net id="243"><net_src comp="195" pin="2"/><net_sink comp="239" pin=0"/></net>

<net id="244"><net_src comp="62" pin="0"/><net_sink comp="239" pin=1"/></net>

<net id="249"><net_src comp="177" pin="1"/><net_sink comp="245" pin=0"/></net>

<net id="250"><net_src comp="64" pin="0"/><net_sink comp="245" pin=1"/></net>

<net id="255"><net_src comp="245" pin="2"/><net_sink comp="251" pin=0"/></net>

<net id="256"><net_src comp="239" pin="2"/><net_sink comp="251" pin=1"/></net>

<net id="261"><net_src comp="201" pin="3"/><net_sink comp="257" pin=0"/></net>

<net id="262"><net_src comp="66" pin="0"/><net_sink comp="257" pin=1"/></net>

<net id="267"><net_src comp="251" pin="2"/><net_sink comp="263" pin=0"/></net>

<net id="268"><net_src comp="195" pin="2"/><net_sink comp="263" pin=1"/></net>

<net id="274"><net_src comp="263" pin="2"/><net_sink comp="269" pin=0"/></net>

<net id="275"><net_src comp="34" pin="0"/><net_sink comp="269" pin=1"/></net>

<net id="276"><net_src comp="177" pin="1"/><net_sink comp="269" pin=2"/></net>

<net id="282"><net_src comp="251" pin="2"/><net_sink comp="277" pin=0"/></net>

<net id="283"><net_src comp="257" pin="2"/><net_sink comp="277" pin=1"/></net>

<net id="284"><net_src comp="201" pin="3"/><net_sink comp="277" pin=2"/></net>

<net id="288"><net_src comp="277" pin="3"/><net_sink comp="285" pin=0"/></net>

<net id="293"><net_src comp="233" pin="2"/><net_sink comp="289" pin=0"/></net>

<net id="294"><net_src comp="285" pin="1"/><net_sink comp="289" pin=1"/></net>

<net id="298"><net_src comp="289" pin="2"/><net_sink comp="295" pin=0"/></net>

<net id="302"><net_src comp="289" pin="2"/><net_sink comp="299" pin=0"/></net>

<net id="308"><net_src comp="70" pin="0"/><net_sink comp="303" pin=0"/></net>

<net id="309"><net_src comp="299" pin="1"/><net_sink comp="303" pin=1"/></net>

<net id="310"><net_src comp="60" pin="0"/><net_sink comp="303" pin=2"/></net>

<net id="315"><net_src comp="303" pin="3"/><net_sink comp="311" pin=0"/></net>

<net id="316"><net_src comp="295" pin="1"/><net_sink comp="311" pin=1"/></net>

<net id="320"><net_src comp="269" pin="3"/><net_sink comp="317" pin=0"/></net>

<net id="325"><net_src comp="311" pin="2"/><net_sink comp="321" pin=0"/></net>

<net id="326"><net_src comp="317" pin="1"/><net_sink comp="321" pin=1"/></net>

<net id="330"><net_src comp="321" pin="2"/><net_sink comp="327" pin=0"/></net>

<net id="331"><net_src comp="327" pin="1"/><net_sink comp="105" pin=2"/></net>

<net id="336"><net_src comp="269" pin="3"/><net_sink comp="332" pin=0"/></net>

<net id="337"><net_src comp="66" pin="0"/><net_sink comp="332" pin=1"/></net>

<net id="342"><net_src comp="183" pin="1"/><net_sink comp="338" pin=0"/></net>

<net id="343"><net_src comp="46" pin="0"/><net_sink comp="338" pin=1"/></net>

<net id="349"><net_src comp="195" pin="2"/><net_sink comp="344" pin=0"/></net>

<net id="350"><net_src comp="46" pin="0"/><net_sink comp="344" pin=1"/></net>

<net id="351"><net_src comp="338" pin="2"/><net_sink comp="344" pin=2"/></net>

<net id="356"><net_src comp="209" pin="3"/><net_sink comp="352" pin=0"/></net>

<net id="361"><net_src comp="344" pin="3"/><net_sink comp="357" pin=0"/></net>

<net id="366"><net_src comp="277" pin="3"/><net_sink comp="362" pin=0"/></net>

<net id="371"><net_src comp="332" pin="2"/><net_sink comp="367" pin=0"/></net>

<net id="375"><net_src comp="74" pin="1"/><net_sink comp="372" pin=0"/></net>

<net id="376"><net_src comp="372" pin="1"/><net_sink comp="142" pin=1"/></net>

<net id="377"><net_src comp="372" pin="1"/><net_sink comp="177" pin=0"/></net>

<net id="378"><net_src comp="372" pin="1"/><net_sink comp="367" pin=1"/></net>

<net id="382"><net_src comp="78" pin="1"/><net_sink comp="379" pin=0"/></net>

<net id="383"><net_src comp="379" pin="1"/><net_sink comp="137" pin=1"/></net>

<net id="384"><net_src comp="379" pin="1"/><net_sink comp="180" pin=0"/></net>

<net id="385"><net_src comp="379" pin="1"/><net_sink comp="362" pin=1"/></net>

<net id="389"><net_src comp="82" pin="1"/><net_sink comp="386" pin=0"/></net>

<net id="390"><net_src comp="386" pin="1"/><net_sink comp="132" pin=1"/></net>

<net id="391"><net_src comp="386" pin="1"/><net_sink comp="183" pin=0"/></net>

<net id="392"><net_src comp="386" pin="1"/><net_sink comp="357" pin=1"/></net>

<net id="396"><net_src comp="86" pin="1"/><net_sink comp="393" pin=0"/></net>

<net id="397"><net_src comp="393" pin="1"/><net_sink comp="127" pin=1"/></net>

<net id="398"><net_src comp="393" pin="1"/><net_sink comp="186" pin=0"/></net>

<net id="399"><net_src comp="393" pin="1"/><net_sink comp="352" pin=1"/></net>

<net id="403"><net_src comp="90" pin="1"/><net_sink comp="400" pin=0"/></net>

<net id="404"><net_src comp="400" pin="1"/><net_sink comp="122" pin=1"/></net>

<net id="405"><net_src comp="400" pin="1"/><net_sink comp="147" pin=0"/></net>

<net id="406"><net_src comp="400" pin="1"/><net_sink comp="162" pin=1"/></net>

<net id="410"><net_src comp="118" pin="1"/><net_sink comp="407" pin=0"/></net>

<net id="411"><net_src comp="407" pin="1"/><net_sink comp="167" pin=1"/></net>

<net id="415"><net_src comp="150" pin="2"/><net_sink comp="412" pin=0"/></net>

<net id="419"><net_src comp="173" pin="1"/><net_sink comp="416" pin=0"/></net>

<net id="420"><net_src comp="416" pin="1"/><net_sink comp="112" pin=1"/></net>

</net_list>

</model> 
---------------- Datapath Model END ------------------

* FSMD analyzer results:
  - Output states:
	Port: weight_buffer_0 | {3 }
 - Input state : 
	Port: conv3_Pipeline_WEIGHTI_WEIGHTK_L : w3 | {2 }
	Port: conv3_Pipeline_WEIGHTI_WEIGHTK_L : sext_ln118 | {1 }
  - Chain level:
	State 1
		store_ln0 : 1
		store_ln0 : 1
		store_ln0 : 1
		store_ln0 : 1
		store_ln0 : 1
		indvar_flatten12_load : 1
		icmp_ln118 : 2
		add_ln118_1 : 2
		br_ln118 : 3
		store_ln118 : 3
	State 2
		w3_addr_read : 1
		empty_193 : 1
	State 3
		add_ln118 : 1
		icmp_ln119 : 1
		select_ln118 : 2
		select_ln118_1 : 2
		select_ln118_1_cast : 3
		tmp_4 : 3
		tmp_4_cast : 4
		empty : 5
		xor_ln118 : 2
		exitcond4838 : 1
		and_ln118 : 2
		add_ln119 : 3
		or_ln119 : 2
		select_ln119 : 2
		select_ln119_1 : 2
		select_ln119_1_cast : 3
		empty_189 : 6
		p_cast : 7
		empty_190 : 7
		p_shl : 8
		empty_191 : 9
		select_ln119_cast : 3
		empty_192 : 10
		p_cast2 : 11
		weight_buffer_0_addr : 12
		store_ln118 : 13
		empty_194 : 3
		add_ln119_1 : 1
		select_ln119_2 : 2
		store_ln118 : 3
		store_ln119 : 3
		store_ln119 : 3
		store_ln119 : 4


============================================================
+ Verbose Summary: Datapath Resource usage 
============================================================

* Functional unit list:
|----------|----------------------------|---------|---------|
| Operation|       Functional Unit      |    FF   |   LUT   |
|----------|----------------------------|---------|---------|
|          |     add_ln118_1_fu_156     |    0    |    17   |
|          |      add_ln118_fu_189      |    0    |    13   |
|          |        empty_fu_233        |    0    |    19   |
|          |      add_ln119_fu_257      |    0    |    10   |
|    add   |      empty_189_fu_289      |    0    |    18   |
|          |      empty_191_fu_311      |    0    |    18   |
|          |      empty_192_fu_321      |    0    |    18   |
|          |      empty_194_fu_332      |    0    |    10   |
|          |     add_ln119_1_fu_338     |    0    |    13   |
|----------|----------------------------|---------|---------|
|          |      icmp_ln118_fu_150     |    0    |    17   |
|   icmp   |      icmp_ln119_fu_195     |    0    |    13   |
|          |     exitcond4838_fu_245    |    0    |    10   |
|----------|----------------------------|---------|---------|
|          |     select_ln118_fu_201    |    0    |    3    |
|          |    select_ln118_1_fu_209   |    0    |    6    |
|  select  |     select_ln119_fu_269    |    0    |    3    |
|          |    select_ln119_1_fu_277   |    0    |    3    |
|          |    select_ln119_2_fu_344   |    0    |    6    |
|----------|----------------------------|---------|---------|
|    xor   |      xor_ln118_fu_239      |    0    |    2    |
|----------|----------------------------|---------|---------|
|    and   |      and_ln118_fu_251      |    0    |    2    |
|----------|----------------------------|---------|---------|
|    or    |       or_ln119_fu_263      |    0    |    2    |
|----------|----------------------------|---------|---------|
|   read   | sext_ln118_read_read_fu_94 |    0    |    0    |
|          |  w3_addr_read_read_fu_100  |    0    |    0    |
|----------|----------------------------|---------|---------|
|   sext   |   sext_ln118_cast_fu_118   |    0    |    0    |
|----------|----------------------------|---------|---------|
|   trunc  |      empty_193_fu_173      |    0    |    0    |
|          |      empty_190_fu_299      |    0    |    0    |
|----------|----------------------------|---------|---------|
|          | select_ln118_1_cast_fu_217 |    0    |    0    |
|          |      tmp_4_cast_fu_229     |    0    |    0    |
|   zext   | select_ln119_1_cast_fu_285 |    0    |    0    |
|          |        p_cast_fu_295       |    0    |    0    |
|          |  select_ln119_cast_fu_317  |    0    |    0    |
|          |       p_cast2_fu_327       |    0    |    0    |
|----------|----------------------------|---------|---------|
|bitconcatenate|        tmp_4_fu_221        |    0    |    0    |
|          |        p_shl_fu_303        |    0    |    0    |
|----------|----------------------------|---------|---------|
|   Total  |                            |    0    |   203   |
|----------|----------------------------|---------|---------|

Memories:
N/A

* Register list:
+------------------------+--------+
|                        |   FF   |
+------------------------+--------+
|       bin_reg_393      |    6   |
|    empty_193_reg_416   |   18   |
|   icmp_ln118_reg_412   |    1   |
|indvar_flatten12_reg_400|   10   |
| indvar_flatten_reg_386 |    6   |
|        k_reg_379       |    3   |
|  loop_index_i_reg_372  |    3   |
| sext_ln118_cast_reg_407|   64   |
+------------------------+--------+
|          Total         |   111  |
+------------------------+--------+

* Multiplexer (MUX) list: 
|--------|------|------|------|--------|
|  Comp  |  Pin | Size |  BW  | S x BW |
|--------|------|------|------|--------|
|  Total |      |      |      |    0   |
|--------|------|------|------|--------|



* Summary:
+-----------+--------+--------+
|           |   FF   |   LUT  |
+-----------+--------+--------+
|  Function |    0   |   203  |
|   Memory  |    -   |    -   |
|Multiplexer|    -   |    -   |
|  Register |   111  |    -   |
+-----------+--------+--------+
|   Total   |   111  |   203  |
+-----------+--------+--------+
