C:\SPB_Data\ELEN90096-Group-2\SRCNN\srcnn_hls\solution1\.autopilot\db\conv2.pp.0.cpp:1336:7: warning: Added loop label VITIS_LOOP_1213_1:   [xilinx-label-all-loops]
      for (i = 0; i < __N - 1; ++i) {
      ^~~
      VITIS_LOOP_1213_1: 
C:\SPB_Data\ELEN90096-Group-2\SRCNN\srcnn_hls\solution1\.autopilot\db\conv2.pp.0.cpp:1336:7: note: FIX-IT applied suggested code changes
C:\SPB_Data\ELEN90096-Group-2\SRCNN\srcnn_hls\solution1\.autopilot\db\conv2.pp.0.cpp:2310:5: warning: Added loop label VITIS_LOOP_676_1:   [xilinx-label-all-loops]
    for (unsigned i = low; i != high; ++i) {
    ^~~
    VITIS_LOOP_676_1: 
C:\SPB_Data\ELEN90096-Group-2\SRCNN\srcnn_hls\solution1\.autopilot\db\conv2.pp.0.cpp:2310:5: note: FIX-IT applied suggested code changes
C:\SPB_Data\ELEN90096-Group-2\SRCNN\srcnn_hls\solution1\.autopilot\db\conv2.pp.0.cpp:2324:5: warning: Added loop label VITIS_LOOP_690_1:   [xilinx-label-all-loops]
    for (unsigned i = low; i != high; ++i) {
    ^~~
    VITIS_LOOP_690_1: 
C:\SPB_Data\ELEN90096-Group-2\SRCNN\srcnn_hls\solution1\.autopilot\db\conv2.pp.0.cpp:2324:5: note: FIX-IT applied suggested code changes
C:\SPB_Data\ELEN90096-Group-2\SRCNN\srcnn_hls\solution1\.autopilot\db\conv2.pp.0.cpp:2338:5: warning: Added loop label VITIS_LOOP_704_1:   [xilinx-label-all-loops]
    for (unsigned i = low; i != high; ++i) {
    ^~~
    VITIS_LOOP_704_1: 
C:\SPB_Data\ELEN90096-Group-2\SRCNN\srcnn_hls\solution1\.autopilot\db\conv2.pp.0.cpp:2338:5: note: FIX-IT applied suggested code changes
C:\SPB_Data\ELEN90096-Group-2\SRCNN\srcnn_hls\solution1\.autopilot\db\conv2.pp.0.cpp:3937:7: warning: Added loop label VITIS_LOOP_1247_1:   [xilinx-label-all-loops]
      for (i = 0; i < __N - 1; ++i) {
      ^~~
      VITIS_LOOP_1247_1: 
C:\SPB_Data\ELEN90096-Group-2\SRCNN\srcnn_hls\solution1\.autopilot\db\conv2.pp.0.cpp:3937:7: note: FIX-IT applied suggested code changes
C:\SPB_Data\ELEN90096-Group-2\SRCNN\srcnn_hls\solution1\.autopilot\db\conv2.pp.0.cpp:33596:2: warning: Added loop label VITIS_LOOP_109_1:   [xilinx-label-all-loops]
 for (int nin = 0; nin < 64; nin++) {
 ^~~
 VITIS_LOOP_109_1: 
C:\SPB_Data\ELEN90096-Group-2\SRCNN\srcnn_hls\solution1\.autopilot\db\conv2.pp.0.cpp:33596:2: note: FIX-IT applied suggested code changes
C:\SPB_Data\ELEN90096-Group-2\SRCNN\srcnn_hls\solution1\.autopilot\db\conv2.pp.0.cpp:33597:3: warning: Added loop label VITIS_LOOP_110_2:   [xilinx-label-all-loops]
  for (int by = 0; by < 255 / 15 + (2 * (1 - 1) / 2); by++) {
  ^~~
  VITIS_LOOP_110_2: 
C:\SPB_Data\ELEN90096-Group-2\SRCNN\srcnn_hls\solution1\.autopilot\db\conv2.pp.0.cpp:33597:3: note: FIX-IT applied suggested code changes
C:\SPB_Data\ELEN90096-Group-2\SRCNN\srcnn_hls\solution1\.autopilot\db\conv2.pp.0.cpp:33598:4: warning: Added loop label VITIS_LOOP_111_3:   [xilinx-label-all-loops]
   for (int bx = 0; bx < 255 / 15 + (2 * (1 - 1) / 2); bx++) {
   ^~~
   VITIS_LOOP_111_3: 
C:\SPB_Data\ELEN90096-Group-2\SRCNN\srcnn_hls\solution1\.autopilot\db\conv2.pp.0.cpp:33598:4: note: FIX-IT applied suggested code changes
C:\SPB_Data\ELEN90096-Group-2\SRCNN\srcnn_hls\solution1\.autopilot\db\conv2.pp.0.cpp:33618:2: warning: Added loop label VITIS_LOOP_131_1:   [xilinx-label-all-loops]
 for (int nout = 0; nout < 32; nout++) {
 ^~~
 VITIS_LOOP_131_1: 
C:\SPB_Data\ELEN90096-Group-2\SRCNN\srcnn_hls\solution1\.autopilot\db\conv2.pp.0.cpp:33618:2: note: FIX-IT applied suggested code changes
C:\SPB_Data\ELEN90096-Group-2\SRCNN\srcnn_hls\solution1\.autopilot\db\conv2.pp.0.cpp:33619:3: warning: Added loop label VITIS_LOOP_132_2:   [xilinx-label-all-loops]
  for (int ty = 0; ty < 255 / 15; ty++) {
  ^~~
  VITIS_LOOP_132_2: 
C:\SPB_Data\ELEN90096-Group-2\SRCNN\srcnn_hls\solution1\.autopilot\db\conv2.pp.0.cpp:33619:3: note: FIX-IT applied suggested code changes
C:\SPB_Data\ELEN90096-Group-2\SRCNN\srcnn_hls\solution1\.autopilot\db\conv2.pp.0.cpp:33620:4: warning: Added loop label VITIS_LOOP_133_3:   [xilinx-label-all-loops]
   for (int tx = 0; tx < 255 / 15; tx++) {
   ^~~
   VITIS_LOOP_133_3: 
C:\SPB_Data\ELEN90096-Group-2\SRCNN\srcnn_hls\solution1\.autopilot\db\conv2.pp.0.cpp:33620:4: note: FIX-IT applied suggested code changes
