

================================================================
== Vitis HLS Report for 'conv1_Pipeline_LOAD_WEIGHTS_K_L'
================================================================
* Date:           Wed Nov  1 16:44:24 2023

* Version:        2023.1 (Build 3854077 on May  4 2023)
* Project:        srcnn_hls
* Solution:       solution1 (Vivado IP Flow Target)
* Product family: zynquplus
* Target device:  xck24-ubva530-2LV-c


================================================================
== Performance Estimates
================================================================
+ Timing: 
    * Summary: 
    +--------+----------+----------+------------+
    |  Clock |  Target  | Estimated| Uncertainty|
    +--------+----------+----------+------------+
    |ap_clk  |  10.00 ns|  7.300 ns|     2.70 ns|
    +--------+----------+----------+------------+

+ Latency: 
    * Summary: 
    +---------+---------+----------+----------+-----+-----+---------+
    |  Latency (cycles) |  Latency (absolute) |  Interval | Pipeline|
    |   min   |   max   |    min   |    max   | min | max |   Type  |
    +---------+---------+----------+----------+-----+-----+---------+
    |      651|      651|  6.510 us|  6.510 us|  651|  651|       no|
    +---------+---------+----------+----------+-----+-----+---------+

    + Detail: 
        * Instance: 
        N/A

        * Loop: 
        +--------------------+---------+---------+----------+-----------+-----------+------+----------+
        |                    |  Latency (cycles) | Iteration|  Initiation Interval  | Trip |          |
        |      Loop Name     |   min   |   max   |  Latency |  achieved |   target  | Count| Pipelined|
        +--------------------+---------+---------+----------+-----------+-----------+------+----------+
        |- LOAD_WEIGHTS_K_L  |      649|      649|         3|          1|          1|   648|       yes|
        +--------------------+---------+---------+----------+-----------+-----------+------+----------+

============================================================
+ Verbose Summary: Synthesis Manager
============================================================
InlineROM: 1
ExposeGlobal: 0
============================================================
+ Verbose Summary: CDFG Model
============================================================
IsTopModel: 0
ResetActiveHigh: 1
IsCombinational: 0
IsDatapathOnly: 0
HasWiredReturn: 1
HasMFsm: 2
HasVarLatency: 1
IsPipeline: 0
IsRtlPipelined: 0
IsInstanceOverlapped: 0
IsDontTouch: 0
HasImplIP: 0
IsGatedGlobalClock: 0

+ Individual pipeline summary: 
  * Pipeline-0: initiation interval (II) = 1, depth = 3


============================================================
+ Verbose Summary: Schedule
============================================================
* Number of FSM states : 3
* Pipeline : 1
  Pipeline-0 : II = 1, D = 3, States = { 1 2 3 }
* Dataflow Pipeline: 0

* FSM state transitions: 
1 --> 2 
2 --> 3 
3 --> 

* FSM state operations: 

State 1 <SV = 0> <Delay = 1.21>
ST_1 : Operation 6 [1/1] (0.00ns)   --->   "%loop_index_i = alloca i32 1"   --->   Operation 6 'alloca' 'loop_index_i' <Predicate = true> <Delay = 0.00>
ST_1 : Operation 7 [1/1] (0.00ns)   --->   "%k = alloca i32 1"   --->   Operation 7 'alloca' 'k' <Predicate = true> <Delay = 0.00>
ST_1 : Operation 8 [1/1] (0.00ns)   --->   "%indvar_flatten = alloca i32 1"   --->   Operation 8 'alloca' 'indvar_flatten' <Predicate = true> <Delay = 0.00>
ST_1 : Operation 9 [1/1] (0.00ns)   --->   "%bout = alloca i32 1"   --->   Operation 9 'alloca' 'bout' <Predicate = true> <Delay = 0.00>
ST_1 : Operation 10 [1/1] (0.00ns)   --->   "%indvar_flatten13 = alloca i32 1"   --->   Operation 10 'alloca' 'indvar_flatten13' <Predicate = true> <Delay = 0.00>
ST_1 : Operation 11 [1/1] (0.00ns)   --->   "%sext_ln141_read = read i62 @_ssdm_op_Read.ap_auto.i62, i62 %sext_ln141"   --->   Operation 11 'read' 'sext_ln141_read' <Predicate = true> <Delay = 0.00>
ST_1 : Operation 12 [1/1] (0.00ns)   --->   "%sext_ln141_cast = sext i62 %sext_ln141_read"   --->   Operation 12 'sext' 'sext_ln141_cast' <Predicate = true> <Delay = 0.00>
ST_1 : Operation 13 [1/1] (0.00ns)   --->   "%specinterface_ln0 = specinterface void @_ssdm_op_SpecInterface, i32 %w1, void @empty_13, i32 0, i32 0, void @empty_14, i32 0, i32 512, void @empty_5, void @empty_15, void @empty_14, i32 16, i32 16, i32 256, i32 256, void @empty_14, void @empty_14, i32 4294967295, i32 0"   --->   Operation 13 'specinterface' 'specinterface_ln0' <Predicate = true> <Delay = 0.00>
ST_1 : Operation 14 [1/1] (0.42ns)   --->   "%store_ln0 = store i10 0, i10 %indvar_flatten13"   --->   Operation 14 'store' 'store_ln0' <Predicate = true> <Delay = 0.42>
ST_1 : Operation 15 [1/1] (0.42ns)   --->   "%store_ln0 = store i4 0, i4 %bout"   --->   Operation 15 'store' 'store_ln0' <Predicate = true> <Delay = 0.42>
ST_1 : Operation 16 [1/1] (0.42ns)   --->   "%store_ln0 = store i8 0, i8 %indvar_flatten"   --->   Operation 16 'store' 'store_ln0' <Predicate = true> <Delay = 0.42>
ST_1 : Operation 17 [1/1] (0.42ns)   --->   "%store_ln0 = store i4 0, i4 %k"   --->   Operation 17 'store' 'store_ln0' <Predicate = true> <Delay = 0.42>
ST_1 : Operation 18 [1/1] (0.42ns)   --->   "%store_ln0 = store i4 0, i4 %loop_index_i"   --->   Operation 18 'store' 'store_ln0' <Predicate = true> <Delay = 0.42>
ST_1 : Operation 19 [1/1] (0.00ns)   --->   "%br_ln0 = br void %load-store-loop.i"   --->   Operation 19 'br' 'br_ln0' <Predicate = true> <Delay = 0.00>
ST_1 : Operation 20 [1/1] (0.00ns)   --->   "%indvar_flatten13_load = load i10 %indvar_flatten13" [src/conv1.cpp:128->src/conv1.cpp:37]   --->   Operation 20 'load' 'indvar_flatten13_load' <Predicate = true> <Delay = 0.00>
ST_1 : Operation 21 [1/1] (0.78ns)   --->   "%icmp_ln128 = icmp_eq  i10 %indvar_flatten13_load, i10 648" [src/conv1.cpp:128->src/conv1.cpp:37]   --->   Operation 21 'icmp' 'icmp_ln128' <Predicate = true> <Delay = 0.78> <CoreInst = "Cmp">   --->   Core 9 'Cmp' <Latency = 0> <II = 1> <Delay = 0.78> <FuncUnit> <Opcode : 'icmp'> <InPorts = 2> <OutPorts = 1>
ST_1 : Operation 22 [1/1] (0.78ns)   --->   "%add_ln128_1 = add i10 %indvar_flatten13_load, i10 1" [src/conv1.cpp:128->src/conv1.cpp:37]   --->   Operation 22 'add' 'add_ln128_1' <Predicate = true> <Delay = 0.78> <CoreInst = "Adder">   --->   Core 1 'Adder' <Latency = 0> <II = 1> <Delay = 0.78> <FuncUnit> <Opcode : 'add' 'sub'> <InPorts = 2> <OutPorts = 1>
ST_1 : Operation 23 [1/1] (0.00ns)   --->   "%br_ln128 = br i1 %icmp_ln128, void %for.inc23.i, void %IN.preheader.exitStub" [src/conv1.cpp:128->src/conv1.cpp:37]   --->   Operation 23 'br' 'br_ln128' <Predicate = true> <Delay = 0.00>
ST_1 : Operation 24 [1/1] (0.42ns)   --->   "%store_ln128 = store i10 %add_ln128_1, i10 %indvar_flatten13" [src/conv1.cpp:128->src/conv1.cpp:37]   --->   Operation 24 'store' 'store_ln128' <Predicate = (!icmp_ln128)> <Delay = 0.42>

State 2 <SV = 1> <Delay = 7.30>
ST_2 : Operation 25 [1/1] (0.00ns)   --->   "%indvar_flatten_load = load i8 %indvar_flatten" [src/conv1.cpp:130->src/conv1.cpp:37]   --->   Operation 25 'load' 'indvar_flatten_load' <Predicate = true> <Delay = 0.00>
ST_2 : Operation 26 [1/1] (0.00ns)   --->   "%w1_addr = getelementptr i32 %w1, i64 %sext_ln141_cast" [src/conv1.cpp:128->src/conv1.cpp:37]   --->   Operation 26 'getelementptr' 'w1_addr' <Predicate = true> <Delay = 0.00>
ST_2 : Operation 27 [1/1] (0.00ns)   --->   "%specpipeline_ln0 = specpipeline void @_ssdm_op_SpecPipeline, i32 4294967295, i32 0, i32 1, i32 0, void @p_str"   --->   Operation 27 'specpipeline' 'specpipeline_ln0' <Predicate = true> <Delay = 0.00>
ST_2 : Operation 28 [1/1] (0.76ns)   --->   "%icmp_ln130 = icmp_eq  i8 %indvar_flatten_load, i8 81" [src/conv1.cpp:130->src/conv1.cpp:37]   --->   Operation 28 'icmp' 'icmp_ln130' <Predicate = (!icmp_ln128)> <Delay = 0.76> <CoreInst = "Cmp">   --->   Core 9 'Cmp' <Latency = 0> <II = 1> <Delay = 0.76> <FuncUnit> <Opcode : 'icmp'> <InPorts = 2> <OutPorts = 1>
ST_2 : Operation 29 [1/1] (7.30ns)   --->   "%w1_addr_read = read i32 @_ssdm_op_Read.m_axi.p1i32, i32 %w1_addr" [src/conv1.cpp:128->src/conv1.cpp:37]   --->   Operation 29 'read' 'w1_addr_read' <Predicate = (!icmp_ln128)> <Delay = 7.30> <CoreInst = "m_axi">   --->   Core 121 'm_axi' <Latency = 0> <II = 1> <Delay = 1.00> <Adapter> <Opcode : 'read' 'write' 'readreq' 'writereq' 'writeresp'>
ST_2 : Operation 30 [1/1] (0.76ns)   --->   "%add_ln130_1 = add i8 %indvar_flatten_load, i8 1" [src/conv1.cpp:130->src/conv1.cpp:37]   --->   Operation 30 'add' 'add_ln130_1' <Predicate = (!icmp_ln128)> <Delay = 0.76> <CoreInst = "Adder">   --->   Core 1 'Adder' <Latency = 0> <II = 1> <Delay = 0.76> <FuncUnit> <Opcode : 'add' 'sub'> <InPorts = 2> <OutPorts = 1>
ST_2 : Operation 31 [1/1] (0.39ns)   --->   "%select_ln130_2 = select i1 %icmp_ln130, i8 1, i8 %add_ln130_1" [src/conv1.cpp:130->src/conv1.cpp:37]   --->   Operation 31 'select' 'select_ln130_2' <Predicate = (!icmp_ln128)> <Delay = 0.39> <CoreInst = "Sel">   --->   Core 73 'Sel' <Latency = 0> <II = 1> <Delay = 0.39> <FuncUnit> <Opcode : 'select'> <InPorts = 3> <OutPorts = 1>
ST_2 : Operation 32 [1/1] (0.42ns)   --->   "%store_ln130 = store i8 %select_ln130_2, i8 %indvar_flatten" [src/conv1.cpp:130->src/conv1.cpp:37]   --->   Operation 32 'store' 'store_ln130' <Predicate = (!icmp_ln128)> <Delay = 0.42>
ST_2 : Operation 76 [1/1] (0.00ns)   --->   "%ret_ln0 = ret"   --->   Operation 76 'ret' 'ret_ln0' <Predicate = (icmp_ln128)> <Delay = 0.00>

State 3 <SV = 2> <Delay = 4.61>
ST_3 : Operation 33 [1/1] (0.00ns)   --->   "%loop_index_i_load = load i4 %loop_index_i"   --->   Operation 33 'load' 'loop_index_i_load' <Predicate = true> <Delay = 0.00>
ST_3 : Operation 34 [1/1] (0.00ns)   --->   "%k_load = load i4 %k" [src/conv1.cpp:128->src/conv1.cpp:37]   --->   Operation 34 'load' 'k_load' <Predicate = (!icmp_ln130)> <Delay = 0.00>
ST_3 : Operation 35 [1/1] (0.00ns)   --->   "%bout_load = load i4 %bout" [src/conv1.cpp:128->src/conv1.cpp:37]   --->   Operation 35 'load' 'bout_load' <Predicate = true> <Delay = 0.00>
ST_3 : Operation 36 [1/1] (0.79ns)   --->   "%add_ln128 = add i4 %bout_load, i4 1" [src/conv1.cpp:128->src/conv1.cpp:37]   --->   Operation 36 'add' 'add_ln128' <Predicate = (icmp_ln130)> <Delay = 0.79> <CoreInst = "Adder">   --->   Core 1 'Adder' <Latency = 0> <II = 1> <Delay = 0.79> <FuncUnit> <Opcode : 'add' 'sub'> <InPorts = 2> <OutPorts = 1>
ST_3 : Operation 37 [1/1] (0.00ns)   --->   "%specloopname_ln0 = specloopname void @_ssdm_op_SpecLoopName, void @LOAD_WEIGHTS_K_L_str"   --->   Operation 37 'specloopname' 'specloopname_ln0' <Predicate = true> <Delay = 0.00>
ST_3 : Operation 38 [1/1] (0.00ns)   --->   "%speclooptripcount_ln0 = speclooptripcount void @_ssdm_op_SpecLoopTripCount, i64 648, i64 648, i64 648"   --->   Operation 38 'speclooptripcount' 'speclooptripcount_ln0' <Predicate = true> <Delay = 0.00>
ST_3 : Operation 39 [1/1] (0.39ns)   --->   "%select_ln128 = select i1 %icmp_ln130, i4 0, i4 %k_load" [src/conv1.cpp:128->src/conv1.cpp:37]   --->   Operation 39 'select' 'select_ln128' <Predicate = true> <Delay = 0.39> <CoreInst = "Sel">   --->   Core 73 'Sel' <Latency = 0> <II = 1> <Delay = 0.39> <FuncUnit> <Opcode : 'select'> <InPorts = 3> <OutPorts = 1>
ST_3 : Operation 40 [1/1] (0.39ns)   --->   "%select_ln128_1 = select i1 %icmp_ln130, i4 %add_ln128, i4 %bout_load" [src/conv1.cpp:128->src/conv1.cpp:37]   --->   Operation 40 'select' 'select_ln128_1' <Predicate = true> <Delay = 0.39> <CoreInst = "Sel">   --->   Core 73 'Sel' <Latency = 0> <II = 1> <Delay = 0.39> <FuncUnit> <Opcode : 'select'> <InPorts = 3> <OutPorts = 1>
ST_3 : Operation 41 [1/1] (0.00ns)   --->   "%trunc_ln128 = trunc i4 %select_ln128_1" [src/conv1.cpp:128->src/conv1.cpp:37]   --->   Operation 41 'trunc' 'trunc_ln128' <Predicate = true> <Delay = 0.00>
ST_3 : Operation 42 [1/1] (0.00ns)   --->   "%zext_ln128_mid2_v = partselect i2 @_ssdm_op_PartSelect.i2.i4.i32.i32, i4 %select_ln128_1, i32 1, i32 2" [src/conv1.cpp:128->src/conv1.cpp:37]   --->   Operation 42 'partselect' 'zext_ln128_mid2_v' <Predicate = true> <Delay = 0.00>
ST_3 : Operation 43 [1/1] (0.00ns)   --->   "%tmp = bitconcatenate i5 @_ssdm_op_BitConcatenate.i5.i2.i1.i2, i2 %zext_ln128_mid2_v, i1 0, i2 %zext_ln128_mid2_v" [src/conv1.cpp:128->src/conv1.cpp:37]   --->   Operation 43 'bitconcatenate' 'tmp' <Predicate = true> <Delay = 0.00>
ST_3 : Operation 44 [1/1] (0.00ns)   --->   "%zext_ln130 = zext i5 %tmp" [src/conv1.cpp:130->src/conv1.cpp:37]   --->   Operation 44 'zext' 'zext_ln130' <Predicate = true> <Delay = 0.00>
ST_3 : Operation 45 [1/1] (0.00ns)   --->   "%specpipeline_ln0 = specpipeline void @_ssdm_op_SpecPipeline, i32 4294967295, i32 0, i32 1, i32 0, void @p_str"   --->   Operation 45 'specpipeline' 'specpipeline_ln0' <Predicate = true> <Delay = 0.00>
ST_3 : Operation 46 [1/1] (0.00ns) (grouped into LUT with out node and_ln128)   --->   "%xor_ln128 = xor i1 %icmp_ln130, i1 1" [src/conv1.cpp:128->src/conv1.cpp:37]   --->   Operation 46 'xor' 'xor_ln128' <Predicate = true> <Delay = 0.00> <CoreInst = "LogicGate">   --->   Core 74 'LogicGate' <Latency = 0> <II = 1> <Delay = 0.28> <FuncUnit> <Opcode : 'and' 'or' 'xor'> <InPorts = 2> <OutPorts = 1>
ST_3 : Operation 47 [1/1] (0.79ns)   --->   "%exitcond3991 = icmp_eq  i4 %loop_index_i_load, i4 9"   --->   Operation 47 'icmp' 'exitcond3991' <Predicate = true> <Delay = 0.79> <CoreInst = "Cmp">   --->   Core 9 'Cmp' <Latency = 0> <II = 1> <Delay = 0.79> <FuncUnit> <Opcode : 'icmp'> <InPorts = 2> <OutPorts = 1>
ST_3 : Operation 48 [1/1] (0.28ns) (out node of the LUT)   --->   "%and_ln128 = and i1 %exitcond3991, i1 %xor_ln128" [src/conv1.cpp:128->src/conv1.cpp:37]   --->   Operation 48 'and' 'and_ln128' <Predicate = true> <Delay = 0.28> <CoreInst = "LogicGate">   --->   Core 74 'LogicGate' <Latency = 0> <II = 1> <Delay = 0.28> <FuncUnit> <Opcode : 'and' 'or' 'xor'> <InPorts = 2> <OutPorts = 1>
ST_3 : Operation 49 [1/1] (0.79ns)   --->   "%add_ln130 = add i4 %select_ln128, i4 1" [src/conv1.cpp:130->src/conv1.cpp:37]   --->   Operation 49 'add' 'add_ln130' <Predicate = true> <Delay = 0.79> <CoreInst = "Adder">   --->   Core 1 'Adder' <Latency = 0> <II = 1> <Delay = 0.79> <FuncUnit> <Opcode : 'add' 'sub'> <InPorts = 2> <OutPorts = 1>
ST_3 : Operation 50 [1/1] (0.00ns)   --->   "%specloopname_ln0 = specloopname void @_ssdm_op_SpecLoopName, void @K_L_str"   --->   Operation 50 'specloopname' 'specloopname_ln0' <Predicate = true> <Delay = 0.00>
ST_3 : Operation 51 [1/1] (0.00ns) (grouped into LUT with out node select_ln130)   --->   "%or_ln130 = or i1 %and_ln128, i1 %icmp_ln130" [src/conv1.cpp:130->src/conv1.cpp:37]   --->   Operation 51 'or' 'or_ln130' <Predicate = true> <Delay = 0.00> <CoreInst = "LogicGate">   --->   Core 74 'LogicGate' <Latency = 0> <II = 1> <Delay = 0.28> <FuncUnit> <Opcode : 'and' 'or' 'xor'> <InPorts = 2> <OutPorts = 1>
ST_3 : Operation 52 [1/1] (0.39ns) (out node of the LUT)   --->   "%select_ln130 = select i1 %or_ln130, i4 0, i4 %loop_index_i_load" [src/conv1.cpp:130->src/conv1.cpp:37]   --->   Operation 52 'select' 'select_ln130' <Predicate = true> <Delay = 0.39> <CoreInst = "Sel">   --->   Core 73 'Sel' <Latency = 0> <II = 1> <Delay = 0.39> <FuncUnit> <Opcode : 'select'> <InPorts = 3> <OutPorts = 1>
ST_3 : Operation 53 [1/1] (0.39ns)   --->   "%select_ln130_1 = select i1 %and_ln128, i4 %add_ln130, i4 %select_ln128" [src/conv1.cpp:130->src/conv1.cpp:37]   --->   Operation 53 'select' 'select_ln130_1' <Predicate = true> <Delay = 0.39> <CoreInst = "Sel">   --->   Core 73 'Sel' <Latency = 0> <II = 1> <Delay = 0.39> <FuncUnit> <Opcode : 'select'> <InPorts = 3> <OutPorts = 1>
ST_3 : Operation 54 [1/1] (0.00ns)   --->   "%select_ln130_1_cast = zext i4 %select_ln130_1" [src/conv1.cpp:130->src/conv1.cpp:37]   --->   Operation 54 'zext' 'select_ln130_1_cast' <Predicate = true> <Delay = 0.00>
ST_3 : Operation 55 [1/1] (0.78ns)   --->   "%empty_93 = add i6 %zext_ln130, i6 %select_ln130_1_cast" [src/conv1.cpp:130->src/conv1.cpp:37]   --->   Operation 55 'add' 'empty_93' <Predicate = true> <Delay = 0.78> <CoreInst = "Adder">   --->   Core 1 'Adder' <Latency = 0> <II = 1> <Delay = 0.78> <FuncUnit> <Opcode : 'add' 'sub'> <InPorts = 2> <OutPorts = 1>
ST_3 : Operation 56 [1/1] (0.00ns)   --->   "%p_cast1 = zext i6 %empty_93" [src/conv1.cpp:130->src/conv1.cpp:37]   --->   Operation 56 'zext' 'p_cast1' <Predicate = true> <Delay = 0.00>
ST_3 : Operation 57 [1/1] (0.00ns)   --->   "%p_shl2 = bitconcatenate i9 @_ssdm_op_BitConcatenate.i9.i6.i3, i6 %empty_93, i3 0" [src/conv1.cpp:130->src/conv1.cpp:37]   --->   Operation 57 'bitconcatenate' 'p_shl2' <Predicate = true> <Delay = 0.00>
ST_3 : Operation 58 [1/1] (0.00ns) (grouped into TernaryAdder)   --->   "%empty_94 = add i9 %p_shl2, i9 %p_cast1" [src/conv1.cpp:130->src/conv1.cpp:37]   --->   Operation 58 'add' 'empty_94' <Predicate = true> <Delay = 0.00> <CoreInst = "TAddSub">   --->   Core 10 'TAddSub' <Latency = 0> <II = 1> <Delay = 0.50> <IPBlock> <Opcode : '<invalid operator> ' 'add' 'sub'> <InPorts = 3> <OutPorts = 1> <Sync> <CReg>
ST_3 : Operation 59 [1/1] (0.00ns)   --->   "%specpipeline_ln0 = specpipeline void @_ssdm_op_SpecPipeline, i32 4294967295, i32 0, i32 1, i32 0, void @p_str"   --->   Operation 59 'specpipeline' 'specpipeline_ln0' <Predicate = true> <Delay = 0.00>
ST_3 : Operation 60 [1/1] (0.00ns)   --->   "%select_ln130_cast = zext i4 %select_ln130" [src/conv1.cpp:130->src/conv1.cpp:37]   --->   Operation 60 'zext' 'select_ln130_cast' <Predicate = true> <Delay = 0.00>
ST_3 : Operation 61 [1/1] (1.00ns) (root node of TernaryAdder)   --->   "%empty_95 = add i9 %empty_94, i9 %select_ln130_cast" [src/conv1.cpp:130->src/conv1.cpp:37]   --->   Operation 61 'add' 'empty_95' <Predicate = true> <Delay = 1.00> <CoreInst = "TAddSub">   --->   Core 10 'TAddSub' <Latency = 0> <II = 1> <Delay = 0.50> <IPBlock> <Opcode : '<invalid operator> ' 'add' 'sub'> <InPorts = 3> <OutPorts = 1> <Sync> <CReg>
ST_3 : Operation 62 [1/1] (0.00ns)   --->   "%p_cast3 = zext i9 %empty_95" [src/conv1.cpp:130->src/conv1.cpp:37]   --->   Operation 62 'zext' 'p_cast3' <Predicate = true> <Delay = 0.00>
ST_3 : Operation 63 [1/1] (0.00ns)   --->   "%p_ZZ5conv1PA255_A255_fPA1_A9_A9_fPfS1_E13weight_buffer_0_0_addr = getelementptr i32 %p_ZZ5conv1PA255_A255_fPA1_A9_A9_fPfS1_E13weight_buffer_0_0, i64 0, i64 %p_cast3" [src/conv1.cpp:130->src/conv1.cpp:37]   --->   Operation 63 'getelementptr' 'p_ZZ5conv1PA255_A255_fPA1_A9_A9_fPfS1_E13weight_buffer_0_0_addr' <Predicate = true> <Delay = 0.00>
ST_3 : Operation 64 [1/1] (0.00ns)   --->   "%p_ZZ5conv1PA255_A255_fPA1_A9_A9_fPfS1_E13weight_buffer_1_0_addr = getelementptr i32 %p_ZZ5conv1PA255_A255_fPA1_A9_A9_fPfS1_E13weight_buffer_1_0, i64 0, i64 %p_cast3" [src/conv1.cpp:130->src/conv1.cpp:37]   --->   Operation 64 'getelementptr' 'p_ZZ5conv1PA255_A255_fPA1_A9_A9_fPfS1_E13weight_buffer_1_0_addr' <Predicate = true> <Delay = 0.00>
ST_3 : Operation 65 [1/1] (0.00ns)   --->   "%empty_96 = bitcast i32 %w1_addr_read" [src/conv1.cpp:128->src/conv1.cpp:37]   --->   Operation 65 'bitcast' 'empty_96' <Predicate = true> <Delay = 0.00>
ST_3 : Operation 66 [1/1] (0.00ns)   --->   "%br_ln128 = br i1 %trunc_ln128, void %.case.0, void %.case.1" [src/conv1.cpp:128->src/conv1.cpp:37]   --->   Operation 66 'br' 'br_ln128' <Predicate = true> <Delay = 0.00>
ST_3 : Operation 67 [1/1] (1.23ns)   --->   "%store_ln128 = store i32 %empty_96, i9 %p_ZZ5conv1PA255_A255_fPA1_A9_A9_fPfS1_E13weight_buffer_0_0_addr" [src/conv1.cpp:128->src/conv1.cpp:37]   --->   Operation 67 'store' 'store_ln128' <Predicate = (!trunc_ln128)> <Delay = 1.23> <CoreInst = "RAM">   --->   Core 83 'RAM' <Latency = 1> <II = 1> <Delay = 1.23> <Storage> <Opcode : 'load' 'store'> <Ports = 2> <Width = 32> <Depth = 324> <RAM>
ST_3 : Operation 68 [1/1] (0.00ns)   --->   "%br_ln0 = br void %.exit"   --->   Operation 68 'br' 'br_ln0' <Predicate = (!trunc_ln128)> <Delay = 0.00>
ST_3 : Operation 69 [1/1] (1.23ns)   --->   "%store_ln128 = store i32 %empty_96, i9 %p_ZZ5conv1PA255_A255_fPA1_A9_A9_fPfS1_E13weight_buffer_1_0_addr" [src/conv1.cpp:128->src/conv1.cpp:37]   --->   Operation 69 'store' 'store_ln128' <Predicate = (trunc_ln128)> <Delay = 1.23> <CoreInst = "RAM">   --->   Core 83 'RAM' <Latency = 1> <II = 1> <Delay = 1.23> <Storage> <Opcode : 'load' 'store'> <Ports = 2> <Width = 32> <Depth = 324> <RAM>
ST_3 : Operation 70 [1/1] (0.00ns)   --->   "%br_ln0 = br void %.exit"   --->   Operation 70 'br' 'br_ln0' <Predicate = (trunc_ln128)> <Delay = 0.00>
ST_3 : Operation 71 [1/1] (0.79ns)   --->   "%empty = add i4 %select_ln130, i4 1" [src/conv1.cpp:130->src/conv1.cpp:37]   --->   Operation 71 'add' 'empty' <Predicate = true> <Delay = 0.79> <CoreInst = "Adder">   --->   Core 1 'Adder' <Latency = 0> <II = 1> <Delay = 0.79> <FuncUnit> <Opcode : 'add' 'sub'> <InPorts = 2> <OutPorts = 1>
ST_3 : Operation 72 [1/1] (0.42ns)   --->   "%store_ln128 = store i4 %select_ln128_1, i4 %bout" [src/conv1.cpp:128->src/conv1.cpp:37]   --->   Operation 72 'store' 'store_ln128' <Predicate = true> <Delay = 0.42>
ST_3 : Operation 73 [1/1] (0.42ns)   --->   "%store_ln130 = store i4 %select_ln130_1, i4 %k" [src/conv1.cpp:130->src/conv1.cpp:37]   --->   Operation 73 'store' 'store_ln130' <Predicate = true> <Delay = 0.42>
ST_3 : Operation 74 [1/1] (0.42ns)   --->   "%store_ln130 = store i4 %empty, i4 %loop_index_i" [src/conv1.cpp:130->src/conv1.cpp:37]   --->   Operation 74 'store' 'store_ln130' <Predicate = true> <Delay = 0.42>
ST_3 : Operation 75 [1/1] (0.00ns)   --->   "%br_ln0 = br void %load-store-loop.i"   --->   Operation 75 'br' 'br_ln0' <Predicate = true> <Delay = 0.00>


============================================================
+ Verbose Summary: Timing violations
============================================================
Target clock period: 10.000ns, clock uncertainty: 2.700ns.

 <State 1>: 1.214ns
The critical path consists of the following:
	'alloca' operation ('indvar_flatten13') [9]  (0.000 ns)
	'load' operation ('indvar_flatten13_load', src/conv1.cpp:128->src/conv1.cpp:37) on local variable 'indvar_flatten13' [21]  (0.000 ns)
	'add' operation ('add_ln128_1', src/conv1.cpp:128->src/conv1.cpp:37) [25]  (0.787 ns)
	'store' operation ('store_ln128', src/conv1.cpp:128->src/conv1.cpp:37) of variable 'add_ln128_1', src/conv1.cpp:128->src/conv1.cpp:37 on local variable 'indvar_flatten13' [74]  (0.427 ns)

 <State 2>: 7.300ns
The critical path consists of the following:
	'getelementptr' operation ('w1_addr', src/conv1.cpp:128->src/conv1.cpp:37) [22]  (0.000 ns)
	bus read operation ('w1_addr_read', src/conv1.cpp:128->src/conv1.cpp:37) on port 'w1' (src/conv1.cpp:128->src/conv1.cpp:37) [61]  (7.300 ns)

 <State 3>: 4.611ns
The critical path consists of the following:
	'load' operation ('k_load', src/conv1.cpp:128->src/conv1.cpp:37) on local variable 'k' [29]  (0.000 ns)
	'select' operation ('select_ln128', src/conv1.cpp:128->src/conv1.cpp:37) [35]  (0.391 ns)
	'add' operation ('add_ln130', src/conv1.cpp:130->src/conv1.cpp:37) [45]  (0.797 ns)
	'select' operation ('select_ln130_1', src/conv1.cpp:130->src/conv1.cpp:37) [49]  (0.391 ns)
	'add' operation ('empty_93', src/conv1.cpp:130->src/conv1.cpp:37) [51]  (0.789 ns)
	'add' operation ('empty_94', src/conv1.cpp:130->src/conv1.cpp:37) [54]  (0.000 ns)
	'add' operation ('empty_95', src/conv1.cpp:130->src/conv1.cpp:37) [57]  (1.006 ns)
	'getelementptr' operation ('p_ZZ5conv1PA255_A255_fPA1_A9_A9_fPfS1_E13weight_buffer_1_0_addr', src/conv1.cpp:130->src/conv1.cpp:37) [60]  (0.000 ns)
	'store' operation ('store_ln128', src/conv1.cpp:128->src/conv1.cpp:37) of variable 'empty_96', src/conv1.cpp:128->src/conv1.cpp:37 on array 'p_ZZ5conv1PA255_A255_fPA1_A9_A9_fPfS1_E13weight_buffer_1_0' [68]  (1.237 ns)


============================================================
+ Verbose Summary: Binding
============================================================
N/A
* FSMD analyzer results:
  - Output states:
 - Input state : 
  - Chain level:
	State 1
	State 2
	State 3


============================================================
+ Verbose Summary: Datapath Resource usage 
============================================================
N/A
