

================================================================
== Vitis HLS Report for 'conv1_Pipeline_LOAD_WEIGHTS_K_L'
================================================================
* Date:           Thu Nov  2 03:19:55 2023

* Version:        2023.1 (Build 3854077 on May  4 2023)
* Project:        srcnn_hls
* Solution:       solution1 (Vivado IP Flow Target)
* Product family: zynquplus
* Target device:  xck24-ubva530-2LV-c


================================================================
== Performance Estimates
================================================================
+ Timing: 
    * Summary: 
    +--------+----------+----------+------------+
    |  Clock |  Target  | Estimated| Uncertainty|
    +--------+----------+----------+------------+
    |ap_clk  |  10.00 ns|  7.300 ns|     2.70 ns|
    +--------+----------+----------+------------+

+ Latency: 
    * Summary: 
    +---------+---------+----------+----------+-----+-----+---------+
    |  Latency (cycles) |  Latency (absolute) |  Interval | Pipeline|
    |   min   |   max   |    min   |    max   | min | max |   Type  |
    +---------+---------+----------+----------+-----+-----+---------+
    |      651|      651|  6.510 us|  6.510 us|  651|  651|       no|
    +---------+---------+----------+----------+-----+-----+---------+

    + Detail: 
        * Instance: 
        N/A

        * Loop: 
        +--------------------+---------+---------+----------+-----------+-----------+------+----------+
        |                    |  Latency (cycles) | Iteration|  Initiation Interval  | Trip |          |
        |      Loop Name     |   min   |   max   |  Latency |  achieved |   target  | Count| Pipelined|
        +--------------------+---------+---------+----------+-----------+-----------+------+----------+
        |- LOAD_WEIGHTS_K_L  |      649|      649|         3|          1|          1|   648|       yes|
        +--------------------+---------+---------+----------+-----------+-----------+------+----------+

============================================================
+ Verbose Summary: Synthesis Manager
============================================================
InlineROM: 1
ExposeGlobal: 0
============================================================
+ Verbose Summary: CDFG Model
============================================================
IsTopModel: 0
ResetActiveHigh: 1
IsCombinational: 0
IsDatapathOnly: 0
HasWiredReturn: 1
HasMFsm: 2
HasVarLatency: 1
IsPipeline: 0
IsRtlPipelined: 0
IsInstanceOverlapped: 0
IsDontTouch: 0
HasImplIP: 0
IsGatedGlobalClock: 0

+ Individual pipeline summary: 
  * Pipeline-0: initiation interval (II) = 1, depth = 3


============================================================
+ Verbose Summary: Schedule
============================================================
* Number of FSM states : 3
* Pipeline : 1
  Pipeline-0 : II = 1, D = 3, States = { 1 2 3 }
* Dataflow Pipeline: 0

* FSM state transitions: 
1 --> 2 
2 --> 3 
3 --> 

* FSM state operations: 

State 1 <SV = 0> <Delay = 1.21>
ST_1 : Operation 6 [1/1] (0.00ns)   --->   "%loop_index_i20 = alloca i32 1"   --->   Operation 6 'alloca' 'loop_index_i20' <Predicate = true> <Delay = 0.00>
ST_1 : Operation 7 [1/1] (0.00ns)   --->   "%k = alloca i32 1"   --->   Operation 7 'alloca' 'k' <Predicate = true> <Delay = 0.00>
ST_1 : Operation 8 [1/1] (0.00ns)   --->   "%indvar_flatten = alloca i32 1"   --->   Operation 8 'alloca' 'indvar_flatten' <Predicate = true> <Delay = 0.00>
ST_1 : Operation 9 [1/1] (0.00ns)   --->   "%bout = alloca i32 1"   --->   Operation 9 'alloca' 'bout' <Predicate = true> <Delay = 0.00>
ST_1 : Operation 10 [1/1] (0.00ns)   --->   "%indvar_flatten12 = alloca i32 1"   --->   Operation 10 'alloca' 'indvar_flatten12' <Predicate = true> <Delay = 0.00>
ST_1 : Operation 11 [1/1] (0.00ns)   --->   "%sext_ln114_read = read i62 @_ssdm_op_Read.ap_auto.i62, i62 %sext_ln114"   --->   Operation 11 'read' 'sext_ln114_read' <Predicate = true> <Delay = 0.00>
ST_1 : Operation 12 [1/1] (0.00ns)   --->   "%sext_ln114_cast = sext i62 %sext_ln114_read"   --->   Operation 12 'sext' 'sext_ln114_cast' <Predicate = true> <Delay = 0.00>
ST_1 : Operation 13 [1/1] (0.00ns)   --->   "%specinterface_ln0 = specinterface void @_ssdm_op_SpecInterface, i32 %w1, void @empty_10, i32 0, i32 0, void @empty_11, i32 0, i32 512, void @empty_14, void @empty_23, void @empty_11, i32 16, i32 16, i32 256, i32 256, void @empty_11, void @empty_11, i32 4294967295, i32 0"   --->   Operation 13 'specinterface' 'specinterface_ln0' <Predicate = true> <Delay = 0.00>
ST_1 : Operation 14 [1/1] (0.42ns)   --->   "%store_ln0 = store i10 0, i10 %indvar_flatten12"   --->   Operation 14 'store' 'store_ln0' <Predicate = true> <Delay = 0.42>
ST_1 : Operation 15 [1/1] (0.42ns)   --->   "%store_ln0 = store i4 0, i4 %bout"   --->   Operation 15 'store' 'store_ln0' <Predicate = true> <Delay = 0.42>
ST_1 : Operation 16 [1/1] (0.42ns)   --->   "%store_ln0 = store i8 0, i8 %indvar_flatten"   --->   Operation 16 'store' 'store_ln0' <Predicate = true> <Delay = 0.42>
ST_1 : Operation 17 [1/1] (0.42ns)   --->   "%store_ln0 = store i4 0, i4 %k"   --->   Operation 17 'store' 'store_ln0' <Predicate = true> <Delay = 0.42>
ST_1 : Operation 18 [1/1] (0.42ns)   --->   "%store_ln0 = store i4 0, i4 %loop_index_i20"   --->   Operation 18 'store' 'store_ln0' <Predicate = true> <Delay = 0.42>
ST_1 : Operation 19 [1/1] (0.00ns)   --->   "%br_ln0 = br void %load-store-loop.i21"   --->   Operation 19 'br' 'br_ln0' <Predicate = true> <Delay = 0.00>
ST_1 : Operation 20 [1/1] (0.00ns)   --->   "%indvar_flatten12_load = load i10 %indvar_flatten12" [src/conv1.cpp:114->src/conv1.cpp:37]   --->   Operation 20 'load' 'indvar_flatten12_load' <Predicate = true> <Delay = 0.00>
ST_1 : Operation 21 [1/1] (0.78ns)   --->   "%icmp_ln114 = icmp_eq  i10 %indvar_flatten12_load, i10 648" [src/conv1.cpp:114->src/conv1.cpp:37]   --->   Operation 21 'icmp' 'icmp_ln114' <Predicate = true> <Delay = 0.78> <CoreInst = "Cmp">   --->   Core 9 'Cmp' <Latency = 0> <II = 1> <Delay = 0.78> <FuncUnit> <Opcode : 'icmp'> <InPorts = 2> <OutPorts = 1>
ST_1 : Operation 22 [1/1] (0.78ns)   --->   "%add_ln114 = add i10 %indvar_flatten12_load, i10 1" [src/conv1.cpp:114->src/conv1.cpp:37]   --->   Operation 22 'add' 'add_ln114' <Predicate = true> <Delay = 0.78> <CoreInst = "Adder">   --->   Core 1 'Adder' <Latency = 0> <II = 1> <Delay = 0.78> <FuncUnit> <Opcode : 'add' 'sub'> <InPorts = 2> <OutPorts = 1>
ST_1 : Operation 23 [1/1] (0.00ns)   --->   "%br_ln114 = br i1 %icmp_ln114, void %for.inc23.i, void %KR.preheader.exitStub" [src/conv1.cpp:114->src/conv1.cpp:37]   --->   Operation 23 'br' 'br_ln114' <Predicate = true> <Delay = 0.00>
ST_1 : Operation 24 [1/1] (0.42ns)   --->   "%store_ln114 = store i10 %add_ln114, i10 %indvar_flatten12" [src/conv1.cpp:114->src/conv1.cpp:37]   --->   Operation 24 'store' 'store_ln114' <Predicate = (!icmp_ln114)> <Delay = 0.42>

State 2 <SV = 1> <Delay = 7.30>
ST_2 : Operation 25 [1/1] (0.00ns)   --->   "%w1_addr = getelementptr i32 %w1, i64 %sext_ln114_cast" [src/conv1.cpp:114->src/conv1.cpp:37]   --->   Operation 25 'getelementptr' 'w1_addr' <Predicate = true> <Delay = 0.00>
ST_2 : Operation 26 [1/1] (0.00ns)   --->   "%specpipeline_ln0 = specpipeline void @_ssdm_op_SpecPipeline, i32 4294967295, i32 0, i32 1, i32 0, void @p_str"   --->   Operation 26 'specpipeline' 'specpipeline_ln0' <Predicate = true> <Delay = 0.00>
ST_2 : Operation 27 [1/1] (7.30ns)   --->   "%w1_addr_read = read i32 @_ssdm_op_Read.m_axi.p1i32, i32 %w1_addr" [src/conv1.cpp:114->src/conv1.cpp:37]   --->   Operation 27 'read' 'w1_addr_read' <Predicate = (!icmp_ln114)> <Delay = 7.30> <CoreInst = "m_axi">   --->   Core 121 'm_axi' <Latency = 0> <II = 1> <Delay = 1.00> <Adapter> <Opcode : 'read' 'write' 'readreq' 'writereq' 'writeresp'>
ST_2 : Operation 72 [1/1] (0.00ns)   --->   "%ret_ln0 = ret"   --->   Operation 72 'ret' 'ret_ln0' <Predicate = (icmp_ln114)> <Delay = 0.00>

State 3 <SV = 2> <Delay = 5.59>
ST_3 : Operation 28 [1/1] (0.00ns)   --->   "%loop_index_i20_load = load i4 %loop_index_i20"   --->   Operation 28 'load' 'loop_index_i20_load' <Predicate = true> <Delay = 0.00>
ST_3 : Operation 29 [1/1] (0.00ns)   --->   "%k_load = load i4 %k" [src/conv1.cpp:114->src/conv1.cpp:37]   --->   Operation 29 'load' 'k_load' <Predicate = true> <Delay = 0.00>
ST_3 : Operation 30 [1/1] (0.00ns)   --->   "%indvar_flatten_load = load i8 %indvar_flatten" [src/conv1.cpp:116->src/conv1.cpp:37]   --->   Operation 30 'load' 'indvar_flatten_load' <Predicate = true> <Delay = 0.00>
ST_3 : Operation 31 [1/1] (0.00ns)   --->   "%bout_load = load i4 %bout" [src/conv1.cpp:114->src/conv1.cpp:37]   --->   Operation 31 'load' 'bout_load' <Predicate = true> <Delay = 0.00>
ST_3 : Operation 32 [1/1] (0.79ns)   --->   "%add_ln114_1 = add i4 %bout_load, i4 1" [src/conv1.cpp:114->src/conv1.cpp:37]   --->   Operation 32 'add' 'add_ln114_1' <Predicate = true> <Delay = 0.79> <CoreInst = "Adder">   --->   Core 1 'Adder' <Latency = 0> <II = 1> <Delay = 0.79> <FuncUnit> <Opcode : 'add' 'sub'> <InPorts = 2> <OutPorts = 1>
ST_3 : Operation 33 [1/1] (0.00ns)   --->   "%specloopname_ln0 = specloopname void @_ssdm_op_SpecLoopName, void @LOAD_WEIGHTS_K_L_str"   --->   Operation 33 'specloopname' 'specloopname_ln0' <Predicate = true> <Delay = 0.00>
ST_3 : Operation 34 [1/1] (0.00ns)   --->   "%speclooptripcount_ln0 = speclooptripcount void @_ssdm_op_SpecLoopTripCount, i64 648, i64 648, i64 648"   --->   Operation 34 'speclooptripcount' 'speclooptripcount_ln0' <Predicate = true> <Delay = 0.00>
ST_3 : Operation 35 [1/1] (0.76ns)   --->   "%icmp_ln116 = icmp_eq  i8 %indvar_flatten_load, i8 81" [src/conv1.cpp:116->src/conv1.cpp:37]   --->   Operation 35 'icmp' 'icmp_ln116' <Predicate = true> <Delay = 0.76> <CoreInst = "Cmp">   --->   Core 9 'Cmp' <Latency = 0> <II = 1> <Delay = 0.76> <FuncUnit> <Opcode : 'icmp'> <InPorts = 2> <OutPorts = 1>
ST_3 : Operation 36 [1/1] (0.39ns)   --->   "%select_ln114 = select i1 %icmp_ln116, i4 0, i4 %k_load" [src/conv1.cpp:114->src/conv1.cpp:37]   --->   Operation 36 'select' 'select_ln114' <Predicate = true> <Delay = 0.39> <CoreInst = "Sel">   --->   Core 73 'Sel' <Latency = 0> <II = 1> <Delay = 0.39> <FuncUnit> <Opcode : 'select'> <InPorts = 3> <OutPorts = 1>
ST_3 : Operation 37 [1/1] (0.39ns)   --->   "%select_ln114_1 = select i1 %icmp_ln116, i4 %add_ln114_1, i4 %bout_load" [src/conv1.cpp:114->src/conv1.cpp:37]   --->   Operation 37 'select' 'select_ln114_1' <Predicate = true> <Delay = 0.39> <CoreInst = "Sel">   --->   Core 73 'Sel' <Latency = 0> <II = 1> <Delay = 0.39> <FuncUnit> <Opcode : 'select'> <InPorts = 3> <OutPorts = 1>
ST_3 : Operation 38 [1/1] (0.00ns)   --->   "%select_ln114_1_cast = zext i4 %select_ln114_1" [src/conv1.cpp:114->src/conv1.cpp:37]   --->   Operation 38 'zext' 'select_ln114_1_cast' <Predicate = true> <Delay = 0.00>
ST_3 : Operation 39 [1/1] (0.00ns)   --->   "%tmp = bitconcatenate i7 @_ssdm_op_BitConcatenate.i7.i4.i3, i4 %select_ln114_1, i3 0" [src/conv1.cpp:114->src/conv1.cpp:37]   --->   Operation 39 'bitconcatenate' 'tmp' <Predicate = true> <Delay = 0.00>
ST_3 : Operation 40 [1/1] (0.00ns)   --->   "%tmp_cast = zext i7 %tmp" [src/conv1.cpp:114->src/conv1.cpp:37]   --->   Operation 40 'zext' 'tmp_cast' <Predicate = true> <Delay = 0.00>
ST_3 : Operation 41 [1/1] (0.00ns) (grouped into TernaryAdder)   --->   "%empty = add i8 %tmp_cast, i8 %select_ln114_1_cast" [src/conv1.cpp:114->src/conv1.cpp:37]   --->   Operation 41 'add' 'empty' <Predicate = true> <Delay = 0.00> <CoreInst = "TAddSub">   --->   Core 10 'TAddSub' <Latency = 0> <II = 1> <Delay = 0.48> <IPBlock> <Opcode : '<invalid operator> ' 'add' 'sub'> <InPorts = 3> <OutPorts = 1> <Sync> <CReg>
ST_3 : Operation 42 [1/1] (0.00ns)   --->   "%specpipeline_ln0 = specpipeline void @_ssdm_op_SpecPipeline, i32 4294967295, i32 0, i32 1, i32 0, void @p_str"   --->   Operation 42 'specpipeline' 'specpipeline_ln0' <Predicate = true> <Delay = 0.00>
ST_3 : Operation 43 [1/1] (0.00ns) (grouped into LUT with out node and_ln114)   --->   "%xor_ln114 = xor i1 %icmp_ln116, i1 1" [src/conv1.cpp:114->src/conv1.cpp:37]   --->   Operation 43 'xor' 'xor_ln114' <Predicate = true> <Delay = 0.00> <CoreInst = "LogicGate">   --->   Core 74 'LogicGate' <Latency = 0> <II = 1> <Delay = 0.28> <FuncUnit> <Opcode : 'and' 'or' 'xor'> <InPorts = 2> <OutPorts = 1>
ST_3 : Operation 44 [1/1] (0.79ns)   --->   "%exitcond317104 = icmp_eq  i4 %loop_index_i20_load, i4 9"   --->   Operation 44 'icmp' 'exitcond317104' <Predicate = true> <Delay = 0.79> <CoreInst = "Cmp">   --->   Core 9 'Cmp' <Latency = 0> <II = 1> <Delay = 0.79> <FuncUnit> <Opcode : 'icmp'> <InPorts = 2> <OutPorts = 1>
ST_3 : Operation 45 [1/1] (0.28ns) (out node of the LUT)   --->   "%and_ln114 = and i1 %exitcond317104, i1 %xor_ln114" [src/conv1.cpp:114->src/conv1.cpp:37]   --->   Operation 45 'and' 'and_ln114' <Predicate = true> <Delay = 0.28> <CoreInst = "LogicGate">   --->   Core 74 'LogicGate' <Latency = 0> <II = 1> <Delay = 0.28> <FuncUnit> <Opcode : 'and' 'or' 'xor'> <InPorts = 2> <OutPorts = 1>
ST_3 : Operation 46 [1/1] (0.79ns)   --->   "%add_ln116 = add i4 %select_ln114, i4 1" [src/conv1.cpp:116->src/conv1.cpp:37]   --->   Operation 46 'add' 'add_ln116' <Predicate = true> <Delay = 0.79> <CoreInst = "Adder">   --->   Core 1 'Adder' <Latency = 0> <II = 1> <Delay = 0.79> <FuncUnit> <Opcode : 'add' 'sub'> <InPorts = 2> <OutPorts = 1>
ST_3 : Operation 47 [1/1] (0.00ns)   --->   "%specloopname_ln0 = specloopname void @_ssdm_op_SpecLoopName, void @K_L_str"   --->   Operation 47 'specloopname' 'specloopname_ln0' <Predicate = true> <Delay = 0.00>
ST_3 : Operation 48 [1/1] (0.00ns) (grouped into LUT with out node select_ln116)   --->   "%or_ln116 = or i1 %and_ln114, i1 %icmp_ln116" [src/conv1.cpp:116->src/conv1.cpp:37]   --->   Operation 48 'or' 'or_ln116' <Predicate = true> <Delay = 0.00> <CoreInst = "LogicGate">   --->   Core 74 'LogicGate' <Latency = 0> <II = 1> <Delay = 0.28> <FuncUnit> <Opcode : 'and' 'or' 'xor'> <InPorts = 2> <OutPorts = 1>
ST_3 : Operation 49 [1/1] (0.39ns) (out node of the LUT)   --->   "%select_ln116 = select i1 %or_ln116, i4 0, i4 %loop_index_i20_load" [src/conv1.cpp:116->src/conv1.cpp:37]   --->   Operation 49 'select' 'select_ln116' <Predicate = true> <Delay = 0.39> <CoreInst = "Sel">   --->   Core 73 'Sel' <Latency = 0> <II = 1> <Delay = 0.39> <FuncUnit> <Opcode : 'select'> <InPorts = 3> <OutPorts = 1>
ST_3 : Operation 50 [1/1] (0.39ns)   --->   "%select_ln116_1 = select i1 %and_ln114, i4 %add_ln116, i4 %select_ln114" [src/conv1.cpp:116->src/conv1.cpp:37]   --->   Operation 50 'select' 'select_ln116_1' <Predicate = true> <Delay = 0.39> <CoreInst = "Sel">   --->   Core 73 'Sel' <Latency = 0> <II = 1> <Delay = 0.39> <FuncUnit> <Opcode : 'select'> <InPorts = 3> <OutPorts = 1>
ST_3 : Operation 51 [1/1] (0.00ns)   --->   "%select_ln116_1_cast = zext i4 %select_ln116_1" [src/conv1.cpp:116->src/conv1.cpp:37]   --->   Operation 51 'zext' 'select_ln116_1_cast' <Predicate = true> <Delay = 0.00>
ST_3 : Operation 52 [1/1] (1.05ns) (root node of TernaryAdder)   --->   "%empty_94 = add i8 %empty, i8 %select_ln116_1_cast" [src/conv1.cpp:114->src/conv1.cpp:37]   --->   Operation 52 'add' 'empty_94' <Predicate = true> <Delay = 1.05> <CoreInst = "TAddSub">   --->   Core 10 'TAddSub' <Latency = 0> <II = 1> <Delay = 0.48> <IPBlock> <Opcode : '<invalid operator> ' 'add' 'sub'> <InPorts = 3> <OutPorts = 1> <Sync> <CReg>
ST_3 : Operation 53 [1/1] (0.00ns)   --->   "%p_cast = zext i8 %empty_94" [src/conv1.cpp:114->src/conv1.cpp:37]   --->   Operation 53 'zext' 'p_cast' <Predicate = true> <Delay = 0.00>
ST_3 : Operation 54 [1/1] (0.00ns)   --->   "%empty_95 = trunc i8 %empty_94" [src/conv1.cpp:114->src/conv1.cpp:37]   --->   Operation 54 'trunc' 'empty_95' <Predicate = true> <Delay = 0.00>
ST_3 : Operation 55 [1/1] (0.00ns)   --->   "%p_shl = bitconcatenate i10 @_ssdm_op_BitConcatenate.i10.i7.i3, i7 %empty_95, i3 0" [src/conv1.cpp:114->src/conv1.cpp:37]   --->   Operation 55 'bitconcatenate' 'p_shl' <Predicate = true> <Delay = 0.00>
ST_3 : Operation 56 [1/1] (0.00ns) (grouped into TernaryAdder)   --->   "%empty_96 = add i10 %p_shl, i10 %p_cast" [src/conv1.cpp:114->src/conv1.cpp:37]   --->   Operation 56 'add' 'empty_96' <Predicate = true> <Delay = 0.00> <CoreInst = "TAddSub">   --->   Core 10 'TAddSub' <Latency = 0> <II = 1> <Delay = 0.48> <IPBlock> <Opcode : '<invalid operator> ' 'add' 'sub'> <InPorts = 3> <OutPorts = 1> <Sync> <CReg>
ST_3 : Operation 57 [1/1] (0.00ns)   --->   "%specpipeline_ln0 = specpipeline void @_ssdm_op_SpecPipeline, i32 4294967295, i32 0, i32 1, i32 0, void @p_str"   --->   Operation 57 'specpipeline' 'specpipeline_ln0' <Predicate = true> <Delay = 0.00>
ST_3 : Operation 58 [1/1] (0.00ns)   --->   "%select_ln116_cast = zext i4 %select_ln116" [src/conv1.cpp:116->src/conv1.cpp:37]   --->   Operation 58 'zext' 'select_ln116_cast' <Predicate = true> <Delay = 0.00>
ST_3 : Operation 59 [1/1] (0.96ns) (root node of TernaryAdder)   --->   "%empty_97 = add i10 %empty_96, i10 %select_ln116_cast" [src/conv1.cpp:114->src/conv1.cpp:37]   --->   Operation 59 'add' 'empty_97' <Predicate = true> <Delay = 0.96> <CoreInst = "TAddSub">   --->   Core 10 'TAddSub' <Latency = 0> <II = 1> <Delay = 0.48> <IPBlock> <Opcode : '<invalid operator> ' 'add' 'sub'> <InPorts = 3> <OutPorts = 1> <Sync> <CReg>
ST_3 : Operation 60 [1/1] (0.00ns)   --->   "%p_cast2 = zext i10 %empty_97" [src/conv1.cpp:114->src/conv1.cpp:37]   --->   Operation 60 'zext' 'p_cast2' <Predicate = true> <Delay = 0.00>
ST_3 : Operation 61 [1/1] (0.00ns)   --->   "%weight_buffer_2_0_addr = getelementptr i32 %weight_buffer_2_0, i64 0, i64 %p_cast2" [src/conv1.cpp:114->src/conv1.cpp:37]   --->   Operation 61 'getelementptr' 'weight_buffer_2_0_addr' <Predicate = true> <Delay = 0.00>
ST_3 : Operation 62 [1/1] (0.00ns)   --->   "%empty_98 = bitcast i32 %w1_addr_read" [src/conv1.cpp:114->src/conv1.cpp:37]   --->   Operation 62 'bitcast' 'empty_98' <Predicate = true> <Delay = 0.00>
ST_3 : Operation 63 [1/1] (1.23ns)   --->   "%store_ln114 = store i32 %empty_98, i10 %weight_buffer_2_0_addr" [src/conv1.cpp:114->src/conv1.cpp:37]   --->   Operation 63 'store' 'store_ln114' <Predicate = true> <Delay = 1.23> <CoreInst = "RAM">   --->   Core 83 'RAM' <Latency = 1> <II = 1> <Delay = 1.23> <Storage> <Opcode : 'load' 'store'> <Ports = 2> <Width = 32> <Depth = 648> <RAM>
ST_3 : Operation 64 [1/1] (0.79ns)   --->   "%empty_99 = add i4 %select_ln116, i4 1" [src/conv1.cpp:116->src/conv1.cpp:37]   --->   Operation 64 'add' 'empty_99' <Predicate = true> <Delay = 0.79> <CoreInst = "Adder">   --->   Core 1 'Adder' <Latency = 0> <II = 1> <Delay = 0.79> <FuncUnit> <Opcode : 'add' 'sub'> <InPorts = 2> <OutPorts = 1>
ST_3 : Operation 65 [1/1] (0.76ns)   --->   "%add_ln116_1 = add i8 %indvar_flatten_load, i8 1" [src/conv1.cpp:116->src/conv1.cpp:37]   --->   Operation 65 'add' 'add_ln116_1' <Predicate = true> <Delay = 0.76> <CoreInst = "Adder">   --->   Core 1 'Adder' <Latency = 0> <II = 1> <Delay = 0.76> <FuncUnit> <Opcode : 'add' 'sub'> <InPorts = 2> <OutPorts = 1>
ST_3 : Operation 66 [1/1] (0.39ns)   --->   "%select_ln116_2 = select i1 %icmp_ln116, i8 1, i8 %add_ln116_1" [src/conv1.cpp:116->src/conv1.cpp:37]   --->   Operation 66 'select' 'select_ln116_2' <Predicate = true> <Delay = 0.39> <CoreInst = "Sel">   --->   Core 73 'Sel' <Latency = 0> <II = 1> <Delay = 0.39> <FuncUnit> <Opcode : 'select'> <InPorts = 3> <OutPorts = 1>
ST_3 : Operation 67 [1/1] (0.42ns)   --->   "%store_ln114 = store i4 %select_ln114_1, i4 %bout" [src/conv1.cpp:114->src/conv1.cpp:37]   --->   Operation 67 'store' 'store_ln114' <Predicate = true> <Delay = 0.42>
ST_3 : Operation 68 [1/1] (0.42ns)   --->   "%store_ln116 = store i8 %select_ln116_2, i8 %indvar_flatten" [src/conv1.cpp:116->src/conv1.cpp:37]   --->   Operation 68 'store' 'store_ln116' <Predicate = true> <Delay = 0.42>
ST_3 : Operation 69 [1/1] (0.42ns)   --->   "%store_ln116 = store i4 %select_ln116_1, i4 %k" [src/conv1.cpp:116->src/conv1.cpp:37]   --->   Operation 69 'store' 'store_ln116' <Predicate = true> <Delay = 0.42>
ST_3 : Operation 70 [1/1] (0.42ns)   --->   "%store_ln116 = store i4 %empty_99, i4 %loop_index_i20" [src/conv1.cpp:116->src/conv1.cpp:37]   --->   Operation 70 'store' 'store_ln116' <Predicate = true> <Delay = 0.42>
ST_3 : Operation 71 [1/1] (0.00ns)   --->   "%br_ln0 = br void %load-store-loop.i21"   --->   Operation 71 'br' 'br_ln0' <Predicate = true> <Delay = 0.00>


============================================================
+ Verbose Summary: Binding
============================================================
STG Binding: 
---------------- STG Properties BEGIN ----------------
- Is combinational: 0
- Is one-state seq: 0
- Is datapath-only: 0
- Is pipelined: 0
- Is top level: 0
Port [ Return ] is wired: 1; IO mode=ap_ctrl_hs:ce=0
Port [ w1]:  wired=1; compound=1; hidden=0; nouse=0; global=0; static=0; extern=0; dir=0; type=4; pingpong=0; private_global=0; IO mode=m_axi:ce=0
Port [ sext_ln114]:  wired=1; compound=0; hidden=0; nouse=0; global=0; static=0; extern=0; dir=0; type=0; pingpong=0; private_global=0; IO mode=ap_none:ce=0
Port [ weight_buffer_2_0]:  wired=1; compound=1; hidden=0; nouse=0; global=1; static=1; extern=0; dir=1; type=1; pingpong=0; private_global=0; MemPort=[03]; IO mode=ap_memory:ce=0
---------------- STG Properties END ------------------

---------------- Datapath Model BEGIN ----------------

<LifeTime>
<method=bitvector/>
loop_index_i20         (alloca           ) [ 0111]
k                      (alloca           ) [ 0111]
indvar_flatten         (alloca           ) [ 0111]
bout                   (alloca           ) [ 0111]
indvar_flatten12       (alloca           ) [ 0100]
sext_ln114_read        (read             ) [ 0000]
sext_ln114_cast        (sext             ) [ 0110]
specinterface_ln0      (specinterface    ) [ 0000]
store_ln0              (store            ) [ 0000]
store_ln0              (store            ) [ 0000]
store_ln0              (store            ) [ 0000]
store_ln0              (store            ) [ 0000]
store_ln0              (store            ) [ 0000]
br_ln0                 (br               ) [ 0000]
indvar_flatten12_load  (load             ) [ 0000]
icmp_ln114             (icmp             ) [ 0110]
add_ln114              (add              ) [ 0000]
br_ln114               (br               ) [ 0000]
store_ln114            (store            ) [ 0000]
w1_addr                (getelementptr    ) [ 0000]
specpipeline_ln0       (specpipeline     ) [ 0000]
w1_addr_read           (read             ) [ 0101]
loop_index_i20_load    (load             ) [ 0000]
k_load                 (load             ) [ 0000]
indvar_flatten_load    (load             ) [ 0000]
bout_load              (load             ) [ 0000]
add_ln114_1            (add              ) [ 0000]
specloopname_ln0       (specloopname     ) [ 0000]
speclooptripcount_ln0  (speclooptripcount) [ 0000]
icmp_ln116             (icmp             ) [ 0000]
select_ln114           (select           ) [ 0000]
select_ln114_1         (select           ) [ 0000]
select_ln114_1_cast    (zext             ) [ 0000]
tmp                    (bitconcatenate   ) [ 0000]
tmp_cast               (zext             ) [ 0000]
empty                  (add              ) [ 0000]
specpipeline_ln0       (specpipeline     ) [ 0000]
xor_ln114              (xor              ) [ 0000]
exitcond317104         (icmp             ) [ 0000]
and_ln114              (and              ) [ 0000]
add_ln116              (add              ) [ 0000]
specloopname_ln0       (specloopname     ) [ 0000]
or_ln116               (or               ) [ 0000]
select_ln116           (select           ) [ 0000]
select_ln116_1         (select           ) [ 0000]
select_ln116_1_cast    (zext             ) [ 0000]
empty_94               (add              ) [ 0000]
p_cast                 (zext             ) [ 0000]
empty_95               (trunc            ) [ 0000]
p_shl                  (bitconcatenate   ) [ 0000]
empty_96               (add              ) [ 0000]
specpipeline_ln0       (specpipeline     ) [ 0000]
select_ln116_cast      (zext             ) [ 0000]
empty_97               (add              ) [ 0000]
p_cast2                (zext             ) [ 0000]
weight_buffer_2_0_addr (getelementptr    ) [ 0000]
empty_98               (bitcast          ) [ 0000]
store_ln114            (store            ) [ 0000]
empty_99               (add              ) [ 0000]
add_ln116_1            (add              ) [ 0000]
select_ln116_2         (select           ) [ 0000]
store_ln114            (store            ) [ 0000]
store_ln116            (store            ) [ 0000]
store_ln116            (store            ) [ 0000]
store_ln116            (store            ) [ 0000]
br_ln0                 (br               ) [ 0000]
ret_ln0                (ret              ) [ 0000]
</LifeTime>

<model>

<comp_list>
<comp id="0" class="1000" name="w1">
<pin_list>
<pin id="1" dir="1" index="0" bw="1" slack="0"/>
</pin_list>
<bind>
<StgValue><ssdm name="w1"/></StgValue>
</bind>
</comp>

<comp id="2" class="1000" name="sext_ln114">
<pin_list>
<pin id="3" dir="1" index="0" bw="1" slack="0"/>
</pin_list>
<bind>
<StgValue><ssdm name="sext_ln114"/></StgValue>
</bind>
</comp>

<comp id="4" class="1000" name="weight_buffer_2_0">
<pin_list>
<pin id="5" dir="1" index="0" bw="1" slack="0"/>
</pin_list>
<bind>
<StgValue><ssdm name="weight_buffer_2_0"/><MemPortTyVec>0 3 </MemPortTyVec>
</StgValue>
</bind>
</comp>

<comp id="6" class="1001" name="const_6">
<pin_list>
<pin id="7" dir="1" index="0" bw="1" slack="0"/>
</pin_list>
<bind>
<StgValue><ssdm name=""/></StgValue>
</bind>
</comp>

<comp id="8" class="1001" name="const_8">
<pin_list>
<pin id="9" dir="1" index="0" bw="1" slack="0"/>
</pin_list>
<bind>
<StgValue><ssdm name="_ssdm_op_Read.ap_auto.i62"/></StgValue>
</bind>
</comp>

<comp id="10" class="1001" name="const_10">
<pin_list>
<pin id="11" dir="1" index="0" bw="1" slack="2147483647"/>
</pin_list>
<bind>
<StgValue><ssdm name="_ssdm_op_SpecInterface"/></StgValue>
</bind>
</comp>

<comp id="12" class="1001" name="const_12">
<pin_list>
<pin id="13" dir="1" index="0" bw="1" slack="2147483647"/>
</pin_list>
<bind>
<StgValue><ssdm name="empty_10"/></StgValue>
</bind>
</comp>

<comp id="14" class="1001" name="const_14">
<pin_list>
<pin id="15" dir="1" index="0" bw="1" slack="2147483647"/>
</pin_list>
<bind>
<StgValue><ssdm name=""/></StgValue>
</bind>
</comp>

<comp id="16" class="1001" name="const_16">
<pin_list>
<pin id="17" dir="1" index="0" bw="1" slack="2147483647"/>
</pin_list>
<bind>
<StgValue><ssdm name="empty_11"/></StgValue>
</bind>
</comp>

<comp id="18" class="1001" name="const_18">
<pin_list>
<pin id="19" dir="1" index="0" bw="1" slack="2147483647"/>
</pin_list>
<bind>
<StgValue><ssdm name=""/></StgValue>
</bind>
</comp>

<comp id="20" class="1001" name="const_20">
<pin_list>
<pin id="21" dir="1" index="0" bw="1" slack="2147483647"/>
</pin_list>
<bind>
<StgValue><ssdm name="empty_14"/></StgValue>
</bind>
</comp>

<comp id="22" class="1001" name="const_22">
<pin_list>
<pin id="23" dir="1" index="0" bw="1" slack="2147483647"/>
</pin_list>
<bind>
<StgValue><ssdm name="empty_23"/></StgValue>
</bind>
</comp>

<comp id="24" class="1001" name="const_24">
<pin_list>
<pin id="25" dir="1" index="0" bw="1" slack="2147483647"/>
</pin_list>
<bind>
<StgValue><ssdm name=""/></StgValue>
</bind>
</comp>

<comp id="26" class="1001" name="const_26">
<pin_list>
<pin id="27" dir="1" index="0" bw="1" slack="2147483647"/>
</pin_list>
<bind>
<StgValue><ssdm name=""/></StgValue>
</bind>
</comp>

<comp id="28" class="1001" name="const_28">
<pin_list>
<pin id="29" dir="1" index="0" bw="1" slack="2147483647"/>
</pin_list>
<bind>
<StgValue><ssdm name=""/></StgValue>
</bind>
</comp>

<comp id="30" class="1001" name="const_30">
<pin_list>
<pin id="31" dir="1" index="0" bw="1" slack="0"/>
</pin_list>
<bind>
<StgValue><ssdm name=""/></StgValue>
</bind>
</comp>

<comp id="32" class="1001" name="const_32">
<pin_list>
<pin id="33" dir="1" index="0" bw="1" slack="0"/>
</pin_list>
<bind>
<StgValue><ssdm name=""/></StgValue>
</bind>
</comp>

<comp id="34" class="1001" name="const_34">
<pin_list>
<pin id="35" dir="1" index="0" bw="1" slack="0"/>
</pin_list>
<bind>
<StgValue><ssdm name=""/></StgValue>
</bind>
</comp>

<comp id="36" class="1001" name="const_36">
<pin_list>
<pin id="37" dir="1" index="0" bw="1" slack="0"/>
</pin_list>
<bind>
<StgValue><ssdm name=""/></StgValue>
</bind>
</comp>

<comp id="38" class="1001" name="const_38">
<pin_list>
<pin id="39" dir="1" index="0" bw="1" slack="0"/>
</pin_list>
<bind>
<StgValue><ssdm name=""/></StgValue>
</bind>
</comp>

<comp id="40" class="1001" name="const_40">
<pin_list>
<pin id="41" dir="1" index="0" bw="1" slack="2147483647"/>
</pin_list>
<bind>
<StgValue><ssdm name="_ssdm_op_SpecPipeline"/></StgValue>
</bind>
</comp>

<comp id="42" class="1001" name="const_42">
<pin_list>
<pin id="43" dir="1" index="0" bw="1" slack="2147483647"/>
</pin_list>
<bind>
<StgValue><ssdm name="p_str"/></StgValue>
</bind>
</comp>

<comp id="44" class="1001" name="const_44">
<pin_list>
<pin id="45" dir="1" index="0" bw="1" slack="0"/>
</pin_list>
<bind>
<StgValue><ssdm name="_ssdm_op_Read.m_axi.p1i32"/></StgValue>
</bind>
</comp>

<comp id="46" class="1001" name="const_46">
<pin_list>
<pin id="47" dir="1" index="0" bw="1" slack="0"/>
</pin_list>
<bind>
<StgValue><ssdm name=""/></StgValue>
</bind>
</comp>

<comp id="48" class="1001" name="const_48">
<pin_list>
<pin id="49" dir="1" index="0" bw="1" slack="2147483647"/>
</pin_list>
<bind>
<StgValue><ssdm name="_ssdm_op_SpecLoopName"/></StgValue>
</bind>
</comp>

<comp id="50" class="1001" name="const_50">
<pin_list>
<pin id="51" dir="1" index="0" bw="1" slack="2147483647"/>
</pin_list>
<bind>
<StgValue><ssdm name="LOAD_WEIGHTS_K_L_str"/></StgValue>
</bind>
</comp>

<comp id="52" class="1001" name="const_52">
<pin_list>
<pin id="53" dir="1" index="0" bw="1" slack="2147483647"/>
</pin_list>
<bind>
<StgValue><ssdm name="_ssdm_op_SpecLoopTripCount"/></StgValue>
</bind>
</comp>

<comp id="54" class="1001" name="const_54">
<pin_list>
<pin id="55" dir="1" index="0" bw="1" slack="2147483647"/>
</pin_list>
<bind>
<StgValue><ssdm name=""/></StgValue>
</bind>
</comp>

<comp id="56" class="1001" name="const_56">
<pin_list>
<pin id="57" dir="1" index="0" bw="1" slack="0"/>
</pin_list>
<bind>
<StgValue><ssdm name=""/></StgValue>
</bind>
</comp>

<comp id="58" class="1001" name="const_58">
<pin_list>
<pin id="59" dir="1" index="0" bw="1" slack="0"/>
</pin_list>
<bind>
<StgValue><ssdm name="_ssdm_op_BitConcatenate.i7.i4.i3"/></StgValue>
</bind>
</comp>

<comp id="60" class="1001" name="const_60">
<pin_list>
<pin id="61" dir="1" index="0" bw="1" slack="0"/>
</pin_list>
<bind>
<StgValue><ssdm name=""/></StgValue>
</bind>
</comp>

<comp id="62" class="1001" name="const_62">
<pin_list>
<pin id="63" dir="1" index="0" bw="1" slack="0"/>
</pin_list>
<bind>
<StgValue><ssdm name=""/></StgValue>
</bind>
</comp>

<comp id="64" class="1001" name="const_64">
<pin_list>
<pin id="65" dir="1" index="0" bw="1" slack="0"/>
</pin_list>
<bind>
<StgValue><ssdm name=""/></StgValue>
</bind>
</comp>

<comp id="66" class="1001" name="const_66">
<pin_list>
<pin id="67" dir="1" index="0" bw="1" slack="2147483647"/>
</pin_list>
<bind>
<StgValue><ssdm name="K_L_str"/></StgValue>
</bind>
</comp>

<comp id="68" class="1001" name="const_68">
<pin_list>
<pin id="69" dir="1" index="0" bw="1" slack="0"/>
</pin_list>
<bind>
<StgValue><ssdm name="_ssdm_op_BitConcatenate.i10.i7.i3"/></StgValue>
</bind>
</comp>

<comp id="70" class="1001" name="const_70">
<pin_list>
<pin id="71" dir="1" index="0" bw="1" slack="0"/>
</pin_list>
<bind>
<StgValue><ssdm name=""/></StgValue>
</bind>
</comp>

<comp id="72" class="1001" name="const_72">
<pin_list>
<pin id="73" dir="1" index="0" bw="1" slack="0"/>
</pin_list>
<bind>
<StgValue><ssdm name=""/></StgValue>
</bind>
</comp>

<comp id="74" class="1004" name="loop_index_i20_fu_74">
<pin_list>
<pin id="75" dir="0" index="0" bw="1" slack="0"/>
<pin id="76" dir="1" index="1" bw="4" slack="0"/>
</pin_list>
<bind>
<opcode="alloca(26) " fcode="alloca"/>
<opset="loop_index_i20/1 "/>
</bind>
</comp>

<comp id="78" class="1004" name="k_fu_78">
<pin_list>
<pin id="79" dir="0" index="0" bw="1" slack="0"/>
<pin id="80" dir="1" index="1" bw="4" slack="0"/>
</pin_list>
<bind>
<opcode="alloca(26) " fcode="alloca"/>
<opset="k/1 "/>
</bind>
</comp>

<comp id="82" class="1004" name="indvar_flatten_fu_82">
<pin_list>
<pin id="83" dir="0" index="0" bw="1" slack="0"/>
<pin id="84" dir="1" index="1" bw="8" slack="0"/>
</pin_list>
<bind>
<opcode="alloca(26) " fcode="alloca"/>
<opset="indvar_flatten/1 "/>
</bind>
</comp>

<comp id="86" class="1004" name="bout_fu_86">
<pin_list>
<pin id="87" dir="0" index="0" bw="1" slack="0"/>
<pin id="88" dir="1" index="1" bw="4" slack="0"/>
</pin_list>
<bind>
<opcode="alloca(26) " fcode="alloca"/>
<opset="bout/1 "/>
</bind>
</comp>

<comp id="90" class="1004" name="indvar_flatten12_fu_90">
<pin_list>
<pin id="91" dir="0" index="0" bw="1" slack="0"/>
<pin id="92" dir="1" index="1" bw="10" slack="0"/>
</pin_list>
<bind>
<opcode="alloca(26) " fcode="alloca"/>
<opset="indvar_flatten12/1 "/>
</bind>
</comp>

<comp id="94" class="1004" name="sext_ln114_read_read_fu_94">
<pin_list>
<pin id="95" dir="0" index="0" bw="62" slack="0"/>
<pin id="96" dir="0" index="1" bw="62" slack="0"/>
<pin id="97" dir="1" index="2" bw="62" slack="0"/>
</pin_list>
<bind>
<opcode="read(1150) " fcode="read"/>
<opset="sext_ln114_read/1 "/>
</bind>
</comp>

<comp id="100" class="1004" name="w1_addr_read_read_fu_100">
<pin_list>
<pin id="101" dir="0" index="0" bw="32" slack="0"/>
<pin id="102" dir="0" index="1" bw="32" slack="0"/>
<pin id="103" dir="1" index="2" bw="32" slack="1"/>
</pin_list>
<bind>
<opcode="read(1150) " fcode="read"/>
<opset="w1_addr_read/2 "/>
</bind>
</comp>

<comp id="105" class="1004" name="weight_buffer_2_0_addr_gep_fu_105">
<pin_list>
<pin id="106" dir="0" index="0" bw="32" slack="0"/>
<pin id="107" dir="0" index="1" bw="1" slack="0"/>
<pin id="108" dir="0" index="2" bw="10" slack="0"/>
<pin id="109" dir="1" index="3" bw="10" slack="0"/>
</pin_list>
<bind>
<opcode="getelementptr(29) " fcode="getelementptr"/>
<opset="weight_buffer_2_0_addr/3 "/>
</bind>
</comp>

<comp id="112" class="1004" name="store_ln114_access_fu_112">
<pin_list>
<pin id="113" dir="0" index="0" bw="10" slack="0"/>
<pin id="114" dir="0" index="1" bw="32" slack="0"/>
<pin id="115" dir="0" index="2" bw="0" slack="2147483647"/>
<pin id="116" dir="1" index="3" bw="32" slack="2147483647"/>
</pin_list>
<bind>
<opcode="store(28) " fcode="store"/>
<opset="store_ln114/3 "/>
</bind>
</comp>

<comp id="118" class="1004" name="sext_ln114_cast_fu_118">
<pin_list>
<pin id="119" dir="0" index="0" bw="62" slack="0"/>
<pin id="120" dir="1" index="1" bw="64" slack="1"/>
</pin_list>
<bind>
<opcode="sext(35) " fcode="sext"/>
<opset="sext_ln114_cast/1 "/>
</bind>
</comp>

<comp id="122" class="1004" name="store_ln0_store_fu_122">
<pin_list>
<pin id="123" dir="0" index="0" bw="1" slack="0"/>
<pin id="124" dir="0" index="1" bw="10" slack="0"/>
<pin id="125" dir="1" index="2" bw="0" slack="2147483647"/>
</pin_list>
<bind>
<opcode="store(28) " fcode="store"/>
<opset="store_ln0/1 "/>
</bind>
</comp>

<comp id="127" class="1004" name="store_ln0_store_fu_127">
<pin_list>
<pin id="128" dir="0" index="0" bw="1" slack="0"/>
<pin id="129" dir="0" index="1" bw="4" slack="0"/>
<pin id="130" dir="1" index="2" bw="0" slack="2147483647"/>
</pin_list>
<bind>
<opcode="store(28) " fcode="store"/>
<opset="store_ln0/1 "/>
</bind>
</comp>

<comp id="132" class="1004" name="store_ln0_store_fu_132">
<pin_list>
<pin id="133" dir="0" index="0" bw="1" slack="0"/>
<pin id="134" dir="0" index="1" bw="8" slack="0"/>
<pin id="135" dir="1" index="2" bw="0" slack="2147483647"/>
</pin_list>
<bind>
<opcode="store(28) " fcode="store"/>
<opset="store_ln0/1 "/>
</bind>
</comp>

<comp id="137" class="1004" name="store_ln0_store_fu_137">
<pin_list>
<pin id="138" dir="0" index="0" bw="1" slack="0"/>
<pin id="139" dir="0" index="1" bw="4" slack="0"/>
<pin id="140" dir="1" index="2" bw="0" slack="2147483647"/>
</pin_list>
<bind>
<opcode="store(28) " fcode="store"/>
<opset="store_ln0/1 "/>
</bind>
</comp>

<comp id="142" class="1004" name="store_ln0_store_fu_142">
<pin_list>
<pin id="143" dir="0" index="0" bw="1" slack="0"/>
<pin id="144" dir="0" index="1" bw="4" slack="0"/>
<pin id="145" dir="1" index="2" bw="0" slack="2147483647"/>
</pin_list>
<bind>
<opcode="store(28) " fcode="store"/>
<opset="store_ln0/1 "/>
</bind>
</comp>

<comp id="147" class="1004" name="indvar_flatten12_load_load_fu_147">
<pin_list>
<pin id="148" dir="0" index="0" bw="10" slack="0"/>
<pin id="149" dir="1" index="1" bw="10" slack="0"/>
</pin_list>
<bind>
<opcode="load(27) " fcode="load"/>
<opset="indvar_flatten12_load/1 "/>
</bind>
</comp>

<comp id="150" class="1004" name="icmp_ln114_fu_150">
<pin_list>
<pin id="151" dir="0" index="0" bw="10" slack="0"/>
<pin id="152" dir="0" index="1" bw="10" slack="0"/>
<pin id="153" dir="1" index="2" bw="1" slack="1"/>
</pin_list>
<bind>
<opcode="icmp(45) " fcode="icmp"/>
<opset="icmp_ln114/1 "/>
</bind>
</comp>

<comp id="156" class="1004" name="add_ln114_fu_156">
<pin_list>
<pin id="157" dir="0" index="0" bw="10" slack="0"/>
<pin id="158" dir="0" index="1" bw="1" slack="0"/>
<pin id="159" dir="1" index="2" bw="10" slack="0"/>
</pin_list>
<bind>
<opcode="add(8) " fcode="add"/>
<opset="add_ln114/1 "/>
</bind>
</comp>

<comp id="162" class="1004" name="store_ln114_store_fu_162">
<pin_list>
<pin id="163" dir="0" index="0" bw="10" slack="0"/>
<pin id="164" dir="0" index="1" bw="10" slack="0"/>
<pin id="165" dir="1" index="2" bw="0" slack="2147483647"/>
</pin_list>
<bind>
<opcode="store(28) " fcode="store"/>
<opset="store_ln114/1 "/>
</bind>
</comp>

<comp id="167" class="1004" name="w1_addr_fu_167">
<pin_list>
<pin id="168" dir="0" index="0" bw="32" slack="0"/>
<pin id="169" dir="0" index="1" bw="62" slack="1"/>
<pin id="170" dir="1" index="2" bw="32" slack="0"/>
</pin_list>
<bind>
<opcode="getelementptr(29) " fcode="getelementptr"/>
<opset="w1_addr/2 "/>
</bind>
</comp>

<comp id="173" class="1004" name="loop_index_i20_load_load_fu_173">
<pin_list>
<pin id="174" dir="0" index="0" bw="4" slack="2"/>
<pin id="175" dir="1" index="1" bw="4" slack="0"/>
</pin_list>
<bind>
<opcode="load(27) " fcode="load"/>
<opset="loop_index_i20_load/3 "/>
</bind>
</comp>

<comp id="176" class="1004" name="k_load_load_fu_176">
<pin_list>
<pin id="177" dir="0" index="0" bw="4" slack="2"/>
<pin id="178" dir="1" index="1" bw="4" slack="0"/>
</pin_list>
<bind>
<opcode="load(27) " fcode="load"/>
<opset="k_load/3 "/>
</bind>
</comp>

<comp id="179" class="1004" name="indvar_flatten_load_load_fu_179">
<pin_list>
<pin id="180" dir="0" index="0" bw="8" slack="2"/>
<pin id="181" dir="1" index="1" bw="8" slack="0"/>
</pin_list>
<bind>
<opcode="load(27) " fcode="load"/>
<opset="indvar_flatten_load/3 "/>
</bind>
</comp>

<comp id="182" class="1004" name="bout_load_load_fu_182">
<pin_list>
<pin id="183" dir="0" index="0" bw="4" slack="2"/>
<pin id="184" dir="1" index="1" bw="4" slack="0"/>
</pin_list>
<bind>
<opcode="load(27) " fcode="load"/>
<opset="bout_load/3 "/>
</bind>
</comp>

<comp id="185" class="1004" name="add_ln114_1_fu_185">
<pin_list>
<pin id="186" dir="0" index="0" bw="4" slack="0"/>
<pin id="187" dir="0" index="1" bw="1" slack="0"/>
<pin id="188" dir="1" index="2" bw="4" slack="0"/>
</pin_list>
<bind>
<opcode="add(8) " fcode="add"/>
<opset="add_ln114_1/3 "/>
</bind>
</comp>

<comp id="191" class="1004" name="icmp_ln116_fu_191">
<pin_list>
<pin id="192" dir="0" index="0" bw="8" slack="0"/>
<pin id="193" dir="0" index="1" bw="8" slack="0"/>
<pin id="194" dir="1" index="2" bw="1" slack="0"/>
</pin_list>
<bind>
<opcode="icmp(45) " fcode="icmp"/>
<opset="icmp_ln116/3 "/>
</bind>
</comp>

<comp id="197" class="1004" name="select_ln114_fu_197">
<pin_list>
<pin id="198" dir="0" index="0" bw="1" slack="0"/>
<pin id="199" dir="0" index="1" bw="1" slack="0"/>
<pin id="200" dir="0" index="2" bw="4" slack="0"/>
<pin id="201" dir="1" index="3" bw="4" slack="0"/>
</pin_list>
<bind>
<opcode="select(49) " fcode="select"/>
<opset="select_ln114/3 "/>
</bind>
</comp>

<comp id="205" class="1004" name="select_ln114_1_fu_205">
<pin_list>
<pin id="206" dir="0" index="0" bw="1" slack="0"/>
<pin id="207" dir="0" index="1" bw="4" slack="0"/>
<pin id="208" dir="0" index="2" bw="4" slack="0"/>
<pin id="209" dir="1" index="3" bw="4" slack="0"/>
</pin_list>
<bind>
<opcode="select(49) " fcode="select"/>
<opset="select_ln114_1/3 "/>
</bind>
</comp>

<comp id="213" class="1004" name="select_ln114_1_cast_fu_213">
<pin_list>
<pin id="214" dir="0" index="0" bw="4" slack="0"/>
<pin id="215" dir="1" index="1" bw="8" slack="0"/>
</pin_list>
<bind>
<opcode="zext(34) " fcode="zext"/>
<opset="select_ln114_1_cast/3 "/>
</bind>
</comp>

<comp id="217" class="1004" name="tmp_fu_217">
<pin_list>
<pin id="218" dir="0" index="0" bw="7" slack="0"/>
<pin id="219" dir="0" index="1" bw="4" slack="0"/>
<pin id="220" dir="0" index="2" bw="1" slack="0"/>
<pin id="221" dir="1" index="3" bw="7" slack="0"/>
</pin_list>
<bind>
<opcode="bitconcatenate(1004) " fcode="bitconcatenate"/>
<opset="tmp/3 "/>
</bind>
</comp>

<comp id="225" class="1004" name="tmp_cast_fu_225">
<pin_list>
<pin id="226" dir="0" index="0" bw="7" slack="0"/>
<pin id="227" dir="1" index="1" bw="8" slack="0"/>
</pin_list>
<bind>
<opcode="zext(34) " fcode="zext"/>
<opset="tmp_cast/3 "/>
</bind>
</comp>

<comp id="229" class="1004" name="empty_fu_229">
<pin_list>
<pin id="230" dir="0" index="0" bw="7" slack="0"/>
<pin id="231" dir="0" index="1" bw="4" slack="0"/>
<pin id="232" dir="1" index="2" bw="8" slack="0"/>
</pin_list>
<bind>
<opcode="add(8) " fcode="add"/>
<opset="empty/3 "/>
</bind>
</comp>

<comp id="235" class="1004" name="xor_ln114_fu_235">
<pin_list>
<pin id="236" dir="0" index="0" bw="1" slack="0"/>
<pin id="237" dir="0" index="1" bw="1" slack="0"/>
<pin id="238" dir="1" index="2" bw="1" slack="0"/>
</pin_list>
<bind>
<opcode="xor(25) " fcode="xor"/>
<opset="xor_ln114/3 "/>
</bind>
</comp>

<comp id="241" class="1004" name="exitcond317104_fu_241">
<pin_list>
<pin id="242" dir="0" index="0" bw="4" slack="0"/>
<pin id="243" dir="0" index="1" bw="4" slack="0"/>
<pin id="244" dir="1" index="2" bw="1" slack="0"/>
</pin_list>
<bind>
<opcode="icmp(45) " fcode="icmp"/>
<opset="exitcond317104/3 "/>
</bind>
</comp>

<comp id="247" class="1004" name="and_ln114_fu_247">
<pin_list>
<pin id="248" dir="0" index="0" bw="1" slack="0"/>
<pin id="249" dir="0" index="1" bw="1" slack="0"/>
<pin id="250" dir="1" index="2" bw="1" slack="0"/>
</pin_list>
<bind>
<opcode="and(23) " fcode="and"/>
<opset="and_ln114/3 "/>
</bind>
</comp>

<comp id="253" class="1004" name="add_ln116_fu_253">
<pin_list>
<pin id="254" dir="0" index="0" bw="4" slack="0"/>
<pin id="255" dir="0" index="1" bw="1" slack="0"/>
<pin id="256" dir="1" index="2" bw="4" slack="0"/>
</pin_list>
<bind>
<opcode="add(8) " fcode="add"/>
<opset="add_ln116/3 "/>
</bind>
</comp>

<comp id="259" class="1004" name="or_ln116_fu_259">
<pin_list>
<pin id="260" dir="0" index="0" bw="1" slack="0"/>
<pin id="261" dir="0" index="1" bw="1" slack="0"/>
<pin id="262" dir="1" index="2" bw="1" slack="0"/>
</pin_list>
<bind>
<opcode="or(24) " fcode="or"/>
<opset="or_ln116/3 "/>
</bind>
</comp>

<comp id="265" class="1004" name="select_ln116_fu_265">
<pin_list>
<pin id="266" dir="0" index="0" bw="1" slack="0"/>
<pin id="267" dir="0" index="1" bw="1" slack="0"/>
<pin id="268" dir="0" index="2" bw="4" slack="0"/>
<pin id="269" dir="1" index="3" bw="4" slack="0"/>
</pin_list>
<bind>
<opcode="select(49) " fcode="select"/>
<opset="select_ln116/3 "/>
</bind>
</comp>

<comp id="273" class="1004" name="select_ln116_1_fu_273">
<pin_list>
<pin id="274" dir="0" index="0" bw="1" slack="0"/>
<pin id="275" dir="0" index="1" bw="4" slack="0"/>
<pin id="276" dir="0" index="2" bw="4" slack="0"/>
<pin id="277" dir="1" index="3" bw="4" slack="0"/>
</pin_list>
<bind>
<opcode="select(49) " fcode="select"/>
<opset="select_ln116_1/3 "/>
</bind>
</comp>

<comp id="281" class="1004" name="select_ln116_1_cast_fu_281">
<pin_list>
<pin id="282" dir="0" index="0" bw="4" slack="0"/>
<pin id="283" dir="1" index="1" bw="8" slack="0"/>
</pin_list>
<bind>
<opcode="zext(34) " fcode="zext"/>
<opset="select_ln116_1_cast/3 "/>
</bind>
</comp>

<comp id="285" class="1004" name="empty_94_fu_285">
<pin_list>
<pin id="286" dir="0" index="0" bw="8" slack="0"/>
<pin id="287" dir="0" index="1" bw="4" slack="0"/>
<pin id="288" dir="1" index="2" bw="8" slack="0"/>
</pin_list>
<bind>
<opcode="add(8) " fcode="add"/>
<opset="empty_94/3 "/>
</bind>
</comp>

<comp id="291" class="1004" name="p_cast_fu_291">
<pin_list>
<pin id="292" dir="0" index="0" bw="8" slack="0"/>
<pin id="293" dir="1" index="1" bw="10" slack="0"/>
</pin_list>
<bind>
<opcode="zext(34) " fcode="zext"/>
<opset="p_cast/3 "/>
</bind>
</comp>

<comp id="295" class="1004" name="empty_95_fu_295">
<pin_list>
<pin id="296" dir="0" index="0" bw="8" slack="0"/>
<pin id="297" dir="1" index="1" bw="7" slack="0"/>
</pin_list>
<bind>
<opcode="trunc(33) " fcode="trunc"/>
<opset="empty_95/3 "/>
</bind>
</comp>

<comp id="299" class="1004" name="p_shl_fu_299">
<pin_list>
<pin id="300" dir="0" index="0" bw="10" slack="0"/>
<pin id="301" dir="0" index="1" bw="7" slack="0"/>
<pin id="302" dir="0" index="2" bw="1" slack="0"/>
<pin id="303" dir="1" index="3" bw="10" slack="0"/>
</pin_list>
<bind>
<opcode="bitconcatenate(1004) " fcode="bitconcatenate"/>
<opset="p_shl/3 "/>
</bind>
</comp>

<comp id="307" class="1004" name="empty_96_fu_307">
<pin_list>
<pin id="308" dir="0" index="0" bw="10" slack="0"/>
<pin id="309" dir="0" index="1" bw="8" slack="0"/>
<pin id="310" dir="1" index="2" bw="10" slack="0"/>
</pin_list>
<bind>
<opcode="add(8) " fcode="add"/>
<opset="empty_96/3 "/>
</bind>
</comp>

<comp id="313" class="1004" name="select_ln116_cast_fu_313">
<pin_list>
<pin id="314" dir="0" index="0" bw="4" slack="0"/>
<pin id="315" dir="1" index="1" bw="10" slack="0"/>
</pin_list>
<bind>
<opcode="zext(34) " fcode="zext"/>
<opset="select_ln116_cast/3 "/>
</bind>
</comp>

<comp id="317" class="1004" name="empty_97_fu_317">
<pin_list>
<pin id="318" dir="0" index="0" bw="10" slack="0"/>
<pin id="319" dir="0" index="1" bw="4" slack="0"/>
<pin id="320" dir="1" index="2" bw="10" slack="0"/>
</pin_list>
<bind>
<opcode="add(8) " fcode="add"/>
<opset="empty_97/3 "/>
</bind>
</comp>

<comp id="323" class="1004" name="p_cast2_fu_323">
<pin_list>
<pin id="324" dir="0" index="0" bw="10" slack="0"/>
<pin id="325" dir="1" index="1" bw="64" slack="0"/>
</pin_list>
<bind>
<opcode="zext(34) " fcode="zext"/>
<opset="p_cast2/3 "/>
</bind>
</comp>

<comp id="328" class="1004" name="empty_98_fu_328">
<pin_list>
<pin id="329" dir="0" index="0" bw="32" slack="1"/>
<pin id="330" dir="1" index="1" bw="32" slack="0"/>
</pin_list>
<bind>
<opcode="bitcast(44) " fcode="bitcast"/>
<opset="empty_98/3 "/>
</bind>
</comp>

<comp id="332" class="1004" name="empty_99_fu_332">
<pin_list>
<pin id="333" dir="0" index="0" bw="4" slack="0"/>
<pin id="334" dir="0" index="1" bw="1" slack="0"/>
<pin id="335" dir="1" index="2" bw="4" slack="0"/>
</pin_list>
<bind>
<opcode="add(8) " fcode="add"/>
<opset="empty_99/3 "/>
</bind>
</comp>

<comp id="338" class="1004" name="add_ln116_1_fu_338">
<pin_list>
<pin id="339" dir="0" index="0" bw="8" slack="0"/>
<pin id="340" dir="0" index="1" bw="1" slack="0"/>
<pin id="341" dir="1" index="2" bw="8" slack="0"/>
</pin_list>
<bind>
<opcode="add(8) " fcode="add"/>
<opset="add_ln116_1/3 "/>
</bind>
</comp>

<comp id="344" class="1004" name="select_ln116_2_fu_344">
<pin_list>
<pin id="345" dir="0" index="0" bw="1" slack="0"/>
<pin id="346" dir="0" index="1" bw="1" slack="0"/>
<pin id="347" dir="0" index="2" bw="8" slack="0"/>
<pin id="348" dir="1" index="3" bw="8" slack="0"/>
</pin_list>
<bind>
<opcode="select(49) " fcode="select"/>
<opset="select_ln116_2/3 "/>
</bind>
</comp>

<comp id="352" class="1004" name="store_ln114_store_fu_352">
<pin_list>
<pin id="353" dir="0" index="0" bw="4" slack="0"/>
<pin id="354" dir="0" index="1" bw="4" slack="2"/>
<pin id="355" dir="1" index="2" bw="0" slack="2147483647"/>
</pin_list>
<bind>
<opcode="store(28) " fcode="store"/>
<opset="store_ln114/3 "/>
</bind>
</comp>

<comp id="357" class="1004" name="store_ln116_store_fu_357">
<pin_list>
<pin id="358" dir="0" index="0" bw="8" slack="0"/>
<pin id="359" dir="0" index="1" bw="8" slack="2"/>
<pin id="360" dir="1" index="2" bw="0" slack="2147483647"/>
</pin_list>
<bind>
<opcode="store(28) " fcode="store"/>
<opset="store_ln116/3 "/>
</bind>
</comp>

<comp id="362" class="1004" name="store_ln116_store_fu_362">
<pin_list>
<pin id="363" dir="0" index="0" bw="4" slack="0"/>
<pin id="364" dir="0" index="1" bw="4" slack="2"/>
<pin id="365" dir="1" index="2" bw="0" slack="2147483647"/>
</pin_list>
<bind>
<opcode="store(28) " fcode="store"/>
<opset="store_ln116/3 "/>
</bind>
</comp>

<comp id="367" class="1004" name="store_ln116_store_fu_367">
<pin_list>
<pin id="368" dir="0" index="0" bw="4" slack="0"/>
<pin id="369" dir="0" index="1" bw="4" slack="2"/>
<pin id="370" dir="1" index="2" bw="0" slack="2147483647"/>
</pin_list>
<bind>
<opcode="store(28) " fcode="store"/>
<opset="store_ln116/3 "/>
</bind>
</comp>

<comp id="372" class="1005" name="loop_index_i20_reg_372">
<pin_list>
<pin id="373" dir="0" index="0" bw="4" slack="0"/>
<pin id="374" dir="1" index="1" bw="4" slack="0"/>
</pin_list>
<bind>
<opset="loop_index_i20 "/>
</bind>
</comp>

<comp id="379" class="1005" name="k_reg_379">
<pin_list>
<pin id="380" dir="0" index="0" bw="4" slack="0"/>
<pin id="381" dir="1" index="1" bw="4" slack="0"/>
</pin_list>
<bind>
<opset="k "/>
</bind>
</comp>

<comp id="386" class="1005" name="indvar_flatten_reg_386">
<pin_list>
<pin id="387" dir="0" index="0" bw="8" slack="0"/>
<pin id="388" dir="1" index="1" bw="8" slack="0"/>
</pin_list>
<bind>
<opset="indvar_flatten "/>
</bind>
</comp>

<comp id="393" class="1005" name="bout_reg_393">
<pin_list>
<pin id="394" dir="0" index="0" bw="4" slack="0"/>
<pin id="395" dir="1" index="1" bw="4" slack="0"/>
</pin_list>
<bind>
<opset="bout "/>
</bind>
</comp>

<comp id="400" class="1005" name="indvar_flatten12_reg_400">
<pin_list>
<pin id="401" dir="0" index="0" bw="10" slack="0"/>
<pin id="402" dir="1" index="1" bw="10" slack="0"/>
</pin_list>
<bind>
<opset="indvar_flatten12 "/>
</bind>
</comp>

<comp id="407" class="1005" name="sext_ln114_cast_reg_407">
<pin_list>
<pin id="408" dir="0" index="0" bw="64" slack="1"/>
<pin id="409" dir="1" index="1" bw="64" slack="1"/>
</pin_list>
<bind>
<opset="sext_ln114_cast "/>
</bind>
</comp>

<comp id="412" class="1005" name="icmp_ln114_reg_412">
<pin_list>
<pin id="413" dir="0" index="0" bw="1" slack="1"/>
<pin id="414" dir="1" index="1" bw="1" slack="2147483647"/>
</pin_list>
<bind>
<opset="icmp_ln114 "/>
</bind>
</comp>

<comp id="416" class="1005" name="w1_addr_read_reg_416">
<pin_list>
<pin id="417" dir="0" index="0" bw="32" slack="1"/>
<pin id="418" dir="1" index="1" bw="32" slack="1"/>
</pin_list>
<bind>
<opset="w1_addr_read "/>
</bind>
</comp>

</comp_list>

<net_list>
<net id="77"><net_src comp="6" pin="0"/><net_sink comp="74" pin=0"/></net>

<net id="81"><net_src comp="6" pin="0"/><net_sink comp="78" pin=0"/></net>

<net id="85"><net_src comp="6" pin="0"/><net_sink comp="82" pin=0"/></net>

<net id="89"><net_src comp="6" pin="0"/><net_sink comp="86" pin=0"/></net>

<net id="93"><net_src comp="6" pin="0"/><net_sink comp="90" pin=0"/></net>

<net id="98"><net_src comp="8" pin="0"/><net_sink comp="94" pin=0"/></net>

<net id="99"><net_src comp="2" pin="0"/><net_sink comp="94" pin=1"/></net>

<net id="104"><net_src comp="44" pin="0"/><net_sink comp="100" pin=0"/></net>

<net id="110"><net_src comp="4" pin="0"/><net_sink comp="105" pin=0"/></net>

<net id="111"><net_src comp="70" pin="0"/><net_sink comp="105" pin=1"/></net>

<net id="117"><net_src comp="105" pin="3"/><net_sink comp="112" pin=0"/></net>

<net id="121"><net_src comp="94" pin="2"/><net_sink comp="118" pin=0"/></net>

<net id="126"><net_src comp="30" pin="0"/><net_sink comp="122" pin=0"/></net>

<net id="131"><net_src comp="32" pin="0"/><net_sink comp="127" pin=0"/></net>

<net id="136"><net_src comp="34" pin="0"/><net_sink comp="132" pin=0"/></net>

<net id="141"><net_src comp="32" pin="0"/><net_sink comp="137" pin=0"/></net>

<net id="146"><net_src comp="32" pin="0"/><net_sink comp="142" pin=0"/></net>

<net id="154"><net_src comp="147" pin="1"/><net_sink comp="150" pin=0"/></net>

<net id="155"><net_src comp="36" pin="0"/><net_sink comp="150" pin=1"/></net>

<net id="160"><net_src comp="147" pin="1"/><net_sink comp="156" pin=0"/></net>

<net id="161"><net_src comp="38" pin="0"/><net_sink comp="156" pin=1"/></net>

<net id="166"><net_src comp="156" pin="2"/><net_sink comp="162" pin=0"/></net>

<net id="171"><net_src comp="0" pin="0"/><net_sink comp="167" pin=0"/></net>

<net id="172"><net_src comp="167" pin="2"/><net_sink comp="100" pin=1"/></net>

<net id="189"><net_src comp="182" pin="1"/><net_sink comp="185" pin=0"/></net>

<net id="190"><net_src comp="46" pin="0"/><net_sink comp="185" pin=1"/></net>

<net id="195"><net_src comp="179" pin="1"/><net_sink comp="191" pin=0"/></net>

<net id="196"><net_src comp="56" pin="0"/><net_sink comp="191" pin=1"/></net>

<net id="202"><net_src comp="191" pin="2"/><net_sink comp="197" pin=0"/></net>

<net id="203"><net_src comp="32" pin="0"/><net_sink comp="197" pin=1"/></net>

<net id="204"><net_src comp="176" pin="1"/><net_sink comp="197" pin=2"/></net>

<net id="210"><net_src comp="191" pin="2"/><net_sink comp="205" pin=0"/></net>

<net id="211"><net_src comp="185" pin="2"/><net_sink comp="205" pin=1"/></net>

<net id="212"><net_src comp="182" pin="1"/><net_sink comp="205" pin=2"/></net>

<net id="216"><net_src comp="205" pin="3"/><net_sink comp="213" pin=0"/></net>

<net id="222"><net_src comp="58" pin="0"/><net_sink comp="217" pin=0"/></net>

<net id="223"><net_src comp="205" pin="3"/><net_sink comp="217" pin=1"/></net>

<net id="224"><net_src comp="60" pin="0"/><net_sink comp="217" pin=2"/></net>

<net id="228"><net_src comp="217" pin="3"/><net_sink comp="225" pin=0"/></net>

<net id="233"><net_src comp="225" pin="1"/><net_sink comp="229" pin=0"/></net>

<net id="234"><net_src comp="213" pin="1"/><net_sink comp="229" pin=1"/></net>

<net id="239"><net_src comp="191" pin="2"/><net_sink comp="235" pin=0"/></net>

<net id="240"><net_src comp="62" pin="0"/><net_sink comp="235" pin=1"/></net>

<net id="245"><net_src comp="173" pin="1"/><net_sink comp="241" pin=0"/></net>

<net id="246"><net_src comp="64" pin="0"/><net_sink comp="241" pin=1"/></net>

<net id="251"><net_src comp="241" pin="2"/><net_sink comp="247" pin=0"/></net>

<net id="252"><net_src comp="235" pin="2"/><net_sink comp="247" pin=1"/></net>

<net id="257"><net_src comp="197" pin="3"/><net_sink comp="253" pin=0"/></net>

<net id="258"><net_src comp="46" pin="0"/><net_sink comp="253" pin=1"/></net>

<net id="263"><net_src comp="247" pin="2"/><net_sink comp="259" pin=0"/></net>

<net id="264"><net_src comp="191" pin="2"/><net_sink comp="259" pin=1"/></net>

<net id="270"><net_src comp="259" pin="2"/><net_sink comp="265" pin=0"/></net>

<net id="271"><net_src comp="32" pin="0"/><net_sink comp="265" pin=1"/></net>

<net id="272"><net_src comp="173" pin="1"/><net_sink comp="265" pin=2"/></net>

<net id="278"><net_src comp="247" pin="2"/><net_sink comp="273" pin=0"/></net>

<net id="279"><net_src comp="253" pin="2"/><net_sink comp="273" pin=1"/></net>

<net id="280"><net_src comp="197" pin="3"/><net_sink comp="273" pin=2"/></net>

<net id="284"><net_src comp="273" pin="3"/><net_sink comp="281" pin=0"/></net>

<net id="289"><net_src comp="229" pin="2"/><net_sink comp="285" pin=0"/></net>

<net id="290"><net_src comp="281" pin="1"/><net_sink comp="285" pin=1"/></net>

<net id="294"><net_src comp="285" pin="2"/><net_sink comp="291" pin=0"/></net>

<net id="298"><net_src comp="285" pin="2"/><net_sink comp="295" pin=0"/></net>

<net id="304"><net_src comp="68" pin="0"/><net_sink comp="299" pin=0"/></net>

<net id="305"><net_src comp="295" pin="1"/><net_sink comp="299" pin=1"/></net>

<net id="306"><net_src comp="60" pin="0"/><net_sink comp="299" pin=2"/></net>

<net id="311"><net_src comp="299" pin="3"/><net_sink comp="307" pin=0"/></net>

<net id="312"><net_src comp="291" pin="1"/><net_sink comp="307" pin=1"/></net>

<net id="316"><net_src comp="265" pin="3"/><net_sink comp="313" pin=0"/></net>

<net id="321"><net_src comp="307" pin="2"/><net_sink comp="317" pin=0"/></net>

<net id="322"><net_src comp="313" pin="1"/><net_sink comp="317" pin=1"/></net>

<net id="326"><net_src comp="317" pin="2"/><net_sink comp="323" pin=0"/></net>

<net id="327"><net_src comp="323" pin="1"/><net_sink comp="105" pin=2"/></net>

<net id="331"><net_src comp="328" pin="1"/><net_sink comp="112" pin=1"/></net>

<net id="336"><net_src comp="265" pin="3"/><net_sink comp="332" pin=0"/></net>

<net id="337"><net_src comp="46" pin="0"/><net_sink comp="332" pin=1"/></net>

<net id="342"><net_src comp="179" pin="1"/><net_sink comp="338" pin=0"/></net>

<net id="343"><net_src comp="72" pin="0"/><net_sink comp="338" pin=1"/></net>

<net id="349"><net_src comp="191" pin="2"/><net_sink comp="344" pin=0"/></net>

<net id="350"><net_src comp="72" pin="0"/><net_sink comp="344" pin=1"/></net>

<net id="351"><net_src comp="338" pin="2"/><net_sink comp="344" pin=2"/></net>

<net id="356"><net_src comp="205" pin="3"/><net_sink comp="352" pin=0"/></net>

<net id="361"><net_src comp="344" pin="3"/><net_sink comp="357" pin=0"/></net>

<net id="366"><net_src comp="273" pin="3"/><net_sink comp="362" pin=0"/></net>

<net id="371"><net_src comp="332" pin="2"/><net_sink comp="367" pin=0"/></net>

<net id="375"><net_src comp="74" pin="1"/><net_sink comp="372" pin=0"/></net>

<net id="376"><net_src comp="372" pin="1"/><net_sink comp="142" pin=1"/></net>

<net id="377"><net_src comp="372" pin="1"/><net_sink comp="173" pin=0"/></net>

<net id="378"><net_src comp="372" pin="1"/><net_sink comp="367" pin=1"/></net>

<net id="382"><net_src comp="78" pin="1"/><net_sink comp="379" pin=0"/></net>

<net id="383"><net_src comp="379" pin="1"/><net_sink comp="137" pin=1"/></net>

<net id="384"><net_src comp="379" pin="1"/><net_sink comp="176" pin=0"/></net>

<net id="385"><net_src comp="379" pin="1"/><net_sink comp="362" pin=1"/></net>

<net id="389"><net_src comp="82" pin="1"/><net_sink comp="386" pin=0"/></net>

<net id="390"><net_src comp="386" pin="1"/><net_sink comp="132" pin=1"/></net>

<net id="391"><net_src comp="386" pin="1"/><net_sink comp="179" pin=0"/></net>

<net id="392"><net_src comp="386" pin="1"/><net_sink comp="357" pin=1"/></net>

<net id="396"><net_src comp="86" pin="1"/><net_sink comp="393" pin=0"/></net>

<net id="397"><net_src comp="393" pin="1"/><net_sink comp="127" pin=1"/></net>

<net id="398"><net_src comp="393" pin="1"/><net_sink comp="182" pin=0"/></net>

<net id="399"><net_src comp="393" pin="1"/><net_sink comp="352" pin=1"/></net>

<net id="403"><net_src comp="90" pin="1"/><net_sink comp="400" pin=0"/></net>

<net id="404"><net_src comp="400" pin="1"/><net_sink comp="122" pin=1"/></net>

<net id="405"><net_src comp="400" pin="1"/><net_sink comp="147" pin=0"/></net>

<net id="406"><net_src comp="400" pin="1"/><net_sink comp="162" pin=1"/></net>

<net id="410"><net_src comp="118" pin="1"/><net_sink comp="407" pin=0"/></net>

<net id="411"><net_src comp="407" pin="1"/><net_sink comp="167" pin=1"/></net>

<net id="415"><net_src comp="150" pin="2"/><net_sink comp="412" pin=0"/></net>

<net id="419"><net_src comp="100" pin="2"/><net_sink comp="416" pin=0"/></net>

<net id="420"><net_src comp="416" pin="1"/><net_sink comp="328" pin=0"/></net>

</net_list>

</model> 
---------------- Datapath Model END ------------------

* FSMD analyzer results:
  - Output states:
	Port: weight_buffer_2_0 | {3 }
 - Input state : 
	Port: conv1_Pipeline_LOAD_WEIGHTS_K_L : w1 | {2 }
	Port: conv1_Pipeline_LOAD_WEIGHTS_K_L : sext_ln114 | {1 }
  - Chain level:
	State 1
		store_ln0 : 1
		store_ln0 : 1
		store_ln0 : 1
		store_ln0 : 1
		store_ln0 : 1
		indvar_flatten12_load : 1
		icmp_ln114 : 2
		add_ln114 : 2
		br_ln114 : 3
		store_ln114 : 3
	State 2
		w1_addr_read : 1
	State 3
		add_ln114_1 : 1
		icmp_ln116 : 1
		select_ln114 : 2
		select_ln114_1 : 2
		select_ln114_1_cast : 3
		tmp : 3
		tmp_cast : 4
		empty : 5
		xor_ln114 : 2
		exitcond317104 : 1
		and_ln114 : 2
		add_ln116 : 3
		or_ln116 : 2
		select_ln116 : 2
		select_ln116_1 : 2
		select_ln116_1_cast : 3
		empty_94 : 6
		p_cast : 7
		empty_95 : 7
		p_shl : 8
		empty_96 : 9
		select_ln116_cast : 3
		empty_97 : 10
		p_cast2 : 11
		weight_buffer_2_0_addr : 12
		store_ln114 : 13
		empty_99 : 3
		add_ln116_1 : 1
		select_ln116_2 : 2
		store_ln114 : 3
		store_ln116 : 3
		store_ln116 : 3
		store_ln116 : 4


============================================================
+ Verbose Summary: Datapath Resource usage 
============================================================

* Functional unit list:
|----------|----------------------------|---------|---------|
| Operation|       Functional Unit      |    FF   |   LUT   |
|----------|----------------------------|---------|---------|
|          |      add_ln114_fu_156      |    0    |    17   |
|          |     add_ln114_1_fu_185     |    0    |    12   |
|          |        empty_fu_229        |    0    |    16   |
|          |      add_ln116_fu_253      |    0    |    12   |
|    add   |       empty_94_fu_285      |    0    |    19   |
|          |       empty_96_fu_307      |    0    |    18   |
|          |       empty_97_fu_317      |    0    |    18   |
|          |       empty_99_fu_332      |    0    |    12   |
|          |     add_ln116_1_fu_338     |    0    |    15   |
|----------|----------------------------|---------|---------|
|          |      icmp_ln114_fu_150     |    0    |    17   |
|   icmp   |      icmp_ln116_fu_191     |    0    |    15   |
|          |    exitcond317104_fu_241   |    0    |    12   |
|----------|----------------------------|---------|---------|
|          |     select_ln114_fu_197    |    0    |    4    |
|          |    select_ln114_1_fu_205   |    0    |    4    |
|  select  |     select_ln116_fu_265    |    0    |    4    |
|          |    select_ln116_1_fu_273   |    0    |    4    |
|          |    select_ln116_2_fu_344   |    0    |    8    |
|----------|----------------------------|---------|---------|
|    xor   |      xor_ln114_fu_235      |    0    |    2    |
|----------|----------------------------|---------|---------|
|    and   |      and_ln114_fu_247      |    0    |    2    |
|----------|----------------------------|---------|---------|
|    or    |       or_ln116_fu_259      |    0    |    2    |
|----------|----------------------------|---------|---------|
|   read   | sext_ln114_read_read_fu_94 |    0    |    0    |
|          |  w1_addr_read_read_fu_100  |    0    |    0    |
|----------|----------------------------|---------|---------|
|   sext   |   sext_ln114_cast_fu_118   |    0    |    0    |
|----------|----------------------------|---------|---------|
|          | select_ln114_1_cast_fu_213 |    0    |    0    |
|          |       tmp_cast_fu_225      |    0    |    0    |
|   zext   | select_ln116_1_cast_fu_281 |    0    |    0    |
|          |        p_cast_fu_291       |    0    |    0    |
|          |  select_ln116_cast_fu_313  |    0    |    0    |
|          |       p_cast2_fu_323       |    0    |    0    |
|----------|----------------------------|---------|---------|
|bitconcatenate|         tmp_fu_217         |    0    |    0    |
|          |        p_shl_fu_299        |    0    |    0    |
|----------|----------------------------|---------|---------|
|   trunc  |       empty_95_fu_295      |    0    |    0    |
|----------|----------------------------|---------|---------|
|   Total  |                            |    0    |   213   |
|----------|----------------------------|---------|---------|

Memories:
N/A

* Register list:
+------------------------+--------+
|                        |   FF   |
+------------------------+--------+
|      bout_reg_393      |    4   |
|   icmp_ln114_reg_412   |    1   |
|indvar_flatten12_reg_400|   10   |
| indvar_flatten_reg_386 |    8   |
|        k_reg_379       |    4   |
| loop_index_i20_reg_372 |    4   |
| sext_ln114_cast_reg_407|   64   |
|  w1_addr_read_reg_416  |   32   |
+------------------------+--------+
|          Total         |   127  |
+------------------------+--------+

* Multiplexer (MUX) list: 
|--------|------|------|------|--------|
|  Comp  |  Pin | Size |  BW  | S x BW |
|--------|------|------|------|--------|
|  Total |      |      |      |    0   |
|--------|------|------|------|--------|



* Summary:
+-----------+--------+--------+
|           |   FF   |   LUT  |
+-----------+--------+--------+
|  Function |    0   |   213  |
|   Memory  |    -   |    -   |
|Multiplexer|    -   |    -   |
|  Register |   127  |    -   |
+-----------+--------+--------+
|   Total   |   127  |   213  |
+-----------+--------+--------+
