

================================================================
== Vitis HLS Report for 'conv1_Pipeline_BW5'
================================================================
* Date:           Wed Nov  1 16:44:33 2023

* Version:        2023.1 (Build 3854077 on May  4 2023)
* Project:        srcnn_hls
* Solution:       solution1 (Vivado IP Flow Target)
* Product family: zynquplus
* Target device:  xck24-ubva530-2LV-c


================================================================
== Performance Estimates
================================================================
+ Timing: 
    * Summary: 
    +--------+----------+----------+------------+
    |  Clock |  Target  | Estimated| Uncertainty|
    +--------+----------+----------+------------+
    |ap_clk  |  10.00 ns|  6.437 ns|     2.70 ns|
    +--------+----------+----------+------------+

+ Latency: 
    * Summary: 
    +---------+---------+----------+----------+-----+-----+---------+
    |  Latency (cycles) |  Latency (absolute) |  Interval | Pipeline|
    |   min   |   max   |    min   |    max   | min | max |   Type  |
    +---------+---------+----------+----------+-----+-----+---------+
    |      517|      517|  5.170 us|  5.170 us|  517|  517|       no|
    +---------+---------+----------+----------+-----+-----+---------+

    + Detail: 
        * Instance: 
        N/A

        * Loop: 
        +----------+---------+---------+----------+-----------+-----------+------+----------+
        |          |  Latency (cycles) | Iteration|  Initiation Interval  | Trip |          |
        | Loop Name|   min   |   max   |  Latency |  achieved |   target  | Count| Pipelined|
        +----------+---------+---------+----------+-----------+-----------+------+----------+
        |- BW      |      515|      515|         8|          2|          2|   255|       yes|
        +----------+---------+---------+----------+-----------+-----------+------+----------+

============================================================
+ Verbose Summary: Synthesis Manager
============================================================
InlineROM: 1
ExposeGlobal: 0
============================================================
+ Verbose Summary: CDFG Model
============================================================
IsTopModel: 0
ResetActiveHigh: 1
IsCombinational: 0
IsDatapathOnly: 0
HasWiredReturn: 1
HasMFsm: 2
HasVarLatency: 1
IsPipeline: 0
IsRtlPipelined: 0
IsInstanceOverlapped: 0
IsDontTouch: 0
HasImplIP: 0
IsGatedGlobalClock: 0

+ Individual pipeline summary: 
  * Pipeline-0: initiation interval (II) = 2, depth = 8


============================================================
+ Verbose Summary: Schedule
============================================================
* Number of FSM states : 8
* Pipeline : 1
  Pipeline-0 : II = 2, D = 8, States = { 1 2 3 4 5 6 7 8 }
* Dataflow Pipeline: 0

* FSM state transitions: 
1 --> 2 
2 --> 3 
3 --> 4 
4 --> 5 
5 --> 6 
6 --> 7 
7 --> 8 
8 --> 

* FSM state operations: 

State 1 <SV = 0> <Delay = 2.04>
ST_1 : Operation 11 [1/1] (0.00ns)   --->   "%bw = alloca i32 1"   --->   Operation 11 'alloca' 'bw' <Predicate = true> <Delay = 0.00>
ST_1 : Operation 12 [1/1] (0.00ns)   --->   "%bitcast_ln145_read = read i32 @_ssdm_op_Read.ap_auto.float, i32 %bitcast_ln145"   --->   Operation 12 'read' 'bitcast_ln145_read' <Predicate = true> <Delay = 0.00>
ST_1 : Operation 13 [1/1] (0.00ns)   --->   "%trunc_ln10_read = read i3 @_ssdm_op_Read.ap_auto.i3, i3 %trunc_ln10"   --->   Operation 13 'read' 'trunc_ln10_read' <Predicate = true> <Delay = 0.00>
ST_1 : Operation 14 [1/1] (0.00ns)   --->   "%sub_ln151_2_read = read i12 @_ssdm_op_Read.ap_auto.i12, i12 %sub_ln151_2"   --->   Operation 14 'read' 'sub_ln151_2_read' <Predicate = true> <Delay = 0.00>
ST_1 : Operation 15 [1/1] (0.42ns)   --->   "%store_ln0 = store i8 0, i8 %bw"   --->   Operation 15 'store' 'store_ln0' <Predicate = true> <Delay = 0.42>
ST_1 : Operation 16 [1/1] (0.00ns)   --->   "%br_ln0 = br void %for.body8.2.i"   --->   Operation 16 'br' 'br_ln0' <Predicate = true> <Delay = 0.00>
ST_1 : Operation 17 [1/1] (0.00ns)   --->   "%bw_1 = load i8 %bw" [src/conv1.cpp:148->src/conv1.cpp:70]   --->   Operation 17 'load' 'bw_1' <Predicate = true> <Delay = 0.00>
ST_1 : Operation 18 [1/1] (0.76ns)   --->   "%icmp_ln148 = icmp_eq  i8 %bw_1, i8 255" [src/conv1.cpp:148->src/conv1.cpp:70]   --->   Operation 18 'icmp' 'icmp_ln148' <Predicate = true> <Delay = 0.76> <CoreInst = "Cmp">   --->   Core 9 'Cmp' <Latency = 0> <II = 1> <Delay = 0.76> <FuncUnit> <Opcode : 'icmp'> <InPorts = 2> <OutPorts = 1>
ST_1 : Operation 19 [1/1] (0.76ns)   --->   "%add_ln148 = add i8 %bw_1, i8 1" [src/conv1.cpp:148->src/conv1.cpp:70]   --->   Operation 19 'add' 'add_ln148' <Predicate = true> <Delay = 0.76> <CoreInst = "Adder">   --->   Core 1 'Adder' <Latency = 0> <II = 1> <Delay = 0.76> <FuncUnit> <Opcode : 'add' 'sub'> <InPorts = 2> <OutPorts = 1>
ST_1 : Operation 20 [1/1] (0.00ns)   --->   "%br_ln148 = br i1 %icmp_ln148, void %for.body8.2.i.split, void %for.inc35.2.i.exitStub" [src/conv1.cpp:148->src/conv1.cpp:70]   --->   Operation 20 'br' 'br_ln148' <Predicate = true> <Delay = 0.00>
ST_1 : Operation 21 [1/1] (0.00ns)   --->   "%zext_ln151 = zext i8 %bw_1" [src/conv1.cpp:151->src/conv1.cpp:70]   --->   Operation 21 'zext' 'zext_ln151' <Predicate = (!icmp_ln148)> <Delay = 0.00>
ST_1 : Operation 22 [1/1] (0.80ns)   --->   "%add_ln151 = add i12 %sub_ln151_2_read, i12 %zext_ln151" [src/conv1.cpp:151->src/conv1.cpp:70]   --->   Operation 22 'add' 'add_ln151' <Predicate = (!icmp_ln148)> <Delay = 0.80> <CoreInst = "Adder">   --->   Core 1 'Adder' <Latency = 0> <II = 1> <Delay = 0.80> <FuncUnit> <Opcode : 'add' 'sub'> <InPorts = 2> <OutPorts = 1>
ST_1 : Operation 23 [1/1] (0.00ns)   --->   "%zext_ln151_1 = zext i12 %add_ln151" [src/conv1.cpp:151->src/conv1.cpp:70]   --->   Operation 23 'zext' 'zext_ln151_1' <Predicate = (!icmp_ln148)> <Delay = 0.00>
ST_1 : Operation 24 [1/1] (0.00ns)   --->   "%conv1_float_255_255_float_1_9_9_float_float_255_255_ou_45 = getelementptr i32 %conv1_float_255_255_float_1_9_9_float_float_255_255_ou_7, i64 0, i64 %zext_ln151_1" [src/conv1.cpp:151->src/conv1.cpp:70]   --->   Operation 24 'getelementptr' 'conv1_float_255_255_float_1_9_9_float_float_255_255_ou_45' <Predicate = (!icmp_ln148)> <Delay = 0.00>
ST_1 : Operation 25 [1/1] (0.00ns)   --->   "%conv1_float_255_255_float_1_9_9_float_float_255_255_ou_46 = getelementptr i32 %conv1_float_255_255_float_1_9_9_float_float_255_255_ou_6, i64 0, i64 %zext_ln151_1" [src/conv1.cpp:151->src/conv1.cpp:70]   --->   Operation 25 'getelementptr' 'conv1_float_255_255_float_1_9_9_float_float_255_255_ou_46' <Predicate = (!icmp_ln148)> <Delay = 0.00>
ST_1 : Operation 26 [1/1] (0.00ns)   --->   "%conv1_float_255_255_float_1_9_9_float_float_255_255_ou_47 = getelementptr i32 %conv1_float_255_255_float_1_9_9_float_float_255_255_ou_5, i64 0, i64 %zext_ln151_1" [src/conv1.cpp:151->src/conv1.cpp:70]   --->   Operation 26 'getelementptr' 'conv1_float_255_255_float_1_9_9_float_float_255_255_ou_47' <Predicate = (!icmp_ln148)> <Delay = 0.00>
ST_1 : Operation 27 [1/1] (0.00ns)   --->   "%conv1_float_255_255_float_1_9_9_float_float_255_255_ou_48 = getelementptr i32 %conv1_float_255_255_float_1_9_9_float_float_255_255_ou_4, i64 0, i64 %zext_ln151_1" [src/conv1.cpp:151->src/conv1.cpp:70]   --->   Operation 27 'getelementptr' 'conv1_float_255_255_float_1_9_9_float_float_255_255_ou_48' <Predicate = (!icmp_ln148)> <Delay = 0.00>
ST_1 : Operation 28 [1/1] (0.00ns)   --->   "%conv1_float_255_255_float_1_9_9_float_float_255_255_ou_49 = getelementptr i32 %conv1_float_255_255_float_1_9_9_float_float_255_255_ou_3, i64 0, i64 %zext_ln151_1" [src/conv1.cpp:151->src/conv1.cpp:70]   --->   Operation 28 'getelementptr' 'conv1_float_255_255_float_1_9_9_float_float_255_255_ou_49' <Predicate = (!icmp_ln148)> <Delay = 0.00>
ST_1 : Operation 29 [1/1] (0.00ns)   --->   "%conv1_float_255_255_float_1_9_9_float_float_255_255_ou_50 = getelementptr i32 %conv1_float_255_255_float_1_9_9_float_float_255_255_ou_2, i64 0, i64 %zext_ln151_1" [src/conv1.cpp:151->src/conv1.cpp:70]   --->   Operation 29 'getelementptr' 'conv1_float_255_255_float_1_9_9_float_float_255_255_ou_50' <Predicate = (!icmp_ln148)> <Delay = 0.00>
ST_1 : Operation 30 [1/1] (0.00ns)   --->   "%conv1_float_255_255_float_1_9_9_float_float_255_255_ou_51 = getelementptr i32 %conv1_float_255_255_float_1_9_9_float_float_255_255_ou_1, i64 0, i64 %zext_ln151_1" [src/conv1.cpp:151->src/conv1.cpp:70]   --->   Operation 30 'getelementptr' 'conv1_float_255_255_float_1_9_9_float_float_255_255_ou_51' <Predicate = (!icmp_ln148)> <Delay = 0.00>
ST_1 : Operation 31 [1/1] (0.00ns)   --->   "%conv1_float_255_255_float_1_9_9_float_float_255_255_ou_52 = getelementptr i32 %conv1_float_255_255_float_1_9_9_float_float_255_255_ou, i64 0, i64 %zext_ln151_1" [src/conv1.cpp:151->src/conv1.cpp:70]   --->   Operation 31 'getelementptr' 'conv1_float_255_255_float_1_9_9_float_float_255_255_ou_52' <Predicate = (!icmp_ln148)> <Delay = 0.00>
ST_1 : Operation 32 [2/2] (1.23ns)   --->   "%conv1_float_255_255_float_1_9_9_float_float_255_255_ou_53 = load i12 %conv1_float_255_255_float_1_9_9_float_float_255_255_ou_45" [src/conv1.cpp:151->src/conv1.cpp:70]   --->   Operation 32 'load' 'conv1_float_255_255_float_1_9_9_float_float_255_255_ou_53' <Predicate = (!icmp_ln148)> <Delay = 1.23> <CoreInst = "RAM">   --->   Core 83 'RAM' <Latency = 1> <II = 1> <Delay = 1.23> <Storage> <Opcode : 'load' 'store'> <Ports = 2> <Width = 32> <Depth = 4080> <RAM>
ST_1 : Operation 33 [2/2] (1.23ns)   --->   "%conv1_float_255_255_float_1_9_9_float_float_255_255_ou_54 = load i12 %conv1_float_255_255_float_1_9_9_float_float_255_255_ou_46" [src/conv1.cpp:151->src/conv1.cpp:70]   --->   Operation 33 'load' 'conv1_float_255_255_float_1_9_9_float_float_255_255_ou_54' <Predicate = (!icmp_ln148)> <Delay = 1.23> <CoreInst = "RAM">   --->   Core 83 'RAM' <Latency = 1> <II = 1> <Delay = 1.23> <Storage> <Opcode : 'load' 'store'> <Ports = 2> <Width = 32> <Depth = 4080> <RAM>
ST_1 : Operation 34 [2/2] (1.23ns)   --->   "%conv1_float_255_255_float_1_9_9_float_float_255_255_ou_55 = load i12 %conv1_float_255_255_float_1_9_9_float_float_255_255_ou_47" [src/conv1.cpp:151->src/conv1.cpp:70]   --->   Operation 34 'load' 'conv1_float_255_255_float_1_9_9_float_float_255_255_ou_55' <Predicate = (!icmp_ln148)> <Delay = 1.23> <CoreInst = "RAM">   --->   Core 83 'RAM' <Latency = 1> <II = 1> <Delay = 1.23> <Storage> <Opcode : 'load' 'store'> <Ports = 2> <Width = 32> <Depth = 4080> <RAM>
ST_1 : Operation 35 [2/2] (1.23ns)   --->   "%conv1_float_255_255_float_1_9_9_float_float_255_255_ou_56 = load i12 %conv1_float_255_255_float_1_9_9_float_float_255_255_ou_48" [src/conv1.cpp:151->src/conv1.cpp:70]   --->   Operation 35 'load' 'conv1_float_255_255_float_1_9_9_float_float_255_255_ou_56' <Predicate = (!icmp_ln148)> <Delay = 1.23> <CoreInst = "RAM">   --->   Core 83 'RAM' <Latency = 1> <II = 1> <Delay = 1.23> <Storage> <Opcode : 'load' 'store'> <Ports = 2> <Width = 32> <Depth = 4080> <RAM>
ST_1 : Operation 36 [2/2] (1.23ns)   --->   "%conv1_float_255_255_float_1_9_9_float_float_255_255_ou_57 = load i12 %conv1_float_255_255_float_1_9_9_float_float_255_255_ou_49" [src/conv1.cpp:151->src/conv1.cpp:70]   --->   Operation 36 'load' 'conv1_float_255_255_float_1_9_9_float_float_255_255_ou_57' <Predicate = (!icmp_ln148)> <Delay = 1.23> <CoreInst = "RAM">   --->   Core 83 'RAM' <Latency = 1> <II = 1> <Delay = 1.23> <Storage> <Opcode : 'load' 'store'> <Ports = 2> <Width = 32> <Depth = 4080> <RAM>
ST_1 : Operation 37 [2/2] (1.23ns)   --->   "%conv1_float_255_255_float_1_9_9_float_float_255_255_ou_58 = load i12 %conv1_float_255_255_float_1_9_9_float_float_255_255_ou_50" [src/conv1.cpp:151->src/conv1.cpp:70]   --->   Operation 37 'load' 'conv1_float_255_255_float_1_9_9_float_float_255_255_ou_58' <Predicate = (!icmp_ln148)> <Delay = 1.23> <CoreInst = "RAM">   --->   Core 83 'RAM' <Latency = 1> <II = 1> <Delay = 1.23> <Storage> <Opcode : 'load' 'store'> <Ports = 2> <Width = 32> <Depth = 4080> <RAM>
ST_1 : Operation 38 [2/2] (1.23ns)   --->   "%conv1_float_255_255_float_1_9_9_float_float_255_255_ou_59 = load i12 %conv1_float_255_255_float_1_9_9_float_float_255_255_ou_51" [src/conv1.cpp:151->src/conv1.cpp:70]   --->   Operation 38 'load' 'conv1_float_255_255_float_1_9_9_float_float_255_255_ou_59' <Predicate = (!icmp_ln148)> <Delay = 1.23> <CoreInst = "RAM">   --->   Core 83 'RAM' <Latency = 1> <II = 1> <Delay = 1.23> <Storage> <Opcode : 'load' 'store'> <Ports = 2> <Width = 32> <Depth = 4080> <RAM>
ST_1 : Operation 39 [2/2] (1.23ns)   --->   "%conv1_float_255_255_float_1_9_9_float_float_255_255_ou_60 = load i12 %conv1_float_255_255_float_1_9_9_float_float_255_255_ou_52" [src/conv1.cpp:151->src/conv1.cpp:70]   --->   Operation 39 'load' 'conv1_float_255_255_float_1_9_9_float_float_255_255_ou_60' <Predicate = (!icmp_ln148)> <Delay = 1.23> <CoreInst = "RAM">   --->   Core 83 'RAM' <Latency = 1> <II = 1> <Delay = 1.23> <Storage> <Opcode : 'load' 'store'> <Ports = 2> <Width = 32> <Depth = 4080> <RAM>
ST_1 : Operation 40 [1/1] (0.73ns)   --->   "%switch_ln151 = switch i3 %trunc_ln10_read, void %arrayidx12412.2.i.case.0, i3 4, void %arrayidx12412.2.i.case.6, i3 5, void %arrayidx12412.2.i.case.7, i3 0, void %arrayidx12412.2.i.case.2, i3 1, void %arrayidx12412.2.i.case.3, i3 2, void %arrayidx12412.2.i.case.4, i3 3, void %arrayidx12412.2.i.case.5" [src/conv1.cpp:151->src/conv1.cpp:70]   --->   Operation 40 'switch' 'switch_ln151' <Predicate = (!icmp_ln148)> <Delay = 0.73>
ST_1 : Operation 41 [1/1] (0.42ns)   --->   "%store_ln148 = store i8 %add_ln148, i8 %bw" [src/conv1.cpp:148->src/conv1.cpp:70]   --->   Operation 41 'store' 'store_ln148' <Predicate = (!icmp_ln148)> <Delay = 0.42>
ST_1 : Operation 42 [1/1] (0.00ns)   --->   "%br_ln148 = br void %for.body8.2.i" [src/conv1.cpp:148->src/conv1.cpp:70]   --->   Operation 42 'br' 'br_ln148' <Predicate = (!icmp_ln148)> <Delay = 0.00>

State 2 <SV = 1> <Delay = 1.95>
ST_2 : Operation 43 [1/2] (1.23ns)   --->   "%conv1_float_255_255_float_1_9_9_float_float_255_255_ou_53 = load i12 %conv1_float_255_255_float_1_9_9_float_float_255_255_ou_45" [src/conv1.cpp:151->src/conv1.cpp:70]   --->   Operation 43 'load' 'conv1_float_255_255_float_1_9_9_float_float_255_255_ou_53' <Predicate = (!icmp_ln148)> <Delay = 1.23> <CoreInst = "RAM">   --->   Core 83 'RAM' <Latency = 1> <II = 1> <Delay = 1.23> <Storage> <Opcode : 'load' 'store'> <Ports = 2> <Width = 32> <Depth = 4080> <RAM>
ST_2 : Operation 44 [1/2] (1.23ns)   --->   "%conv1_float_255_255_float_1_9_9_float_float_255_255_ou_54 = load i12 %conv1_float_255_255_float_1_9_9_float_float_255_255_ou_46" [src/conv1.cpp:151->src/conv1.cpp:70]   --->   Operation 44 'load' 'conv1_float_255_255_float_1_9_9_float_float_255_255_ou_54' <Predicate = (!icmp_ln148)> <Delay = 1.23> <CoreInst = "RAM">   --->   Core 83 'RAM' <Latency = 1> <II = 1> <Delay = 1.23> <Storage> <Opcode : 'load' 'store'> <Ports = 2> <Width = 32> <Depth = 4080> <RAM>
ST_2 : Operation 45 [1/2] (1.23ns)   --->   "%conv1_float_255_255_float_1_9_9_float_float_255_255_ou_55 = load i12 %conv1_float_255_255_float_1_9_9_float_float_255_255_ou_47" [src/conv1.cpp:151->src/conv1.cpp:70]   --->   Operation 45 'load' 'conv1_float_255_255_float_1_9_9_float_float_255_255_ou_55' <Predicate = (!icmp_ln148)> <Delay = 1.23> <CoreInst = "RAM">   --->   Core 83 'RAM' <Latency = 1> <II = 1> <Delay = 1.23> <Storage> <Opcode : 'load' 'store'> <Ports = 2> <Width = 32> <Depth = 4080> <RAM>
ST_2 : Operation 46 [1/2] (1.23ns)   --->   "%conv1_float_255_255_float_1_9_9_float_float_255_255_ou_56 = load i12 %conv1_float_255_255_float_1_9_9_float_float_255_255_ou_48" [src/conv1.cpp:151->src/conv1.cpp:70]   --->   Operation 46 'load' 'conv1_float_255_255_float_1_9_9_float_float_255_255_ou_56' <Predicate = (!icmp_ln148)> <Delay = 1.23> <CoreInst = "RAM">   --->   Core 83 'RAM' <Latency = 1> <II = 1> <Delay = 1.23> <Storage> <Opcode : 'load' 'store'> <Ports = 2> <Width = 32> <Depth = 4080> <RAM>
ST_2 : Operation 47 [1/2] (1.23ns)   --->   "%conv1_float_255_255_float_1_9_9_float_float_255_255_ou_57 = load i12 %conv1_float_255_255_float_1_9_9_float_float_255_255_ou_49" [src/conv1.cpp:151->src/conv1.cpp:70]   --->   Operation 47 'load' 'conv1_float_255_255_float_1_9_9_float_float_255_255_ou_57' <Predicate = (!icmp_ln148)> <Delay = 1.23> <CoreInst = "RAM">   --->   Core 83 'RAM' <Latency = 1> <II = 1> <Delay = 1.23> <Storage> <Opcode : 'load' 'store'> <Ports = 2> <Width = 32> <Depth = 4080> <RAM>
ST_2 : Operation 48 [1/2] (1.23ns)   --->   "%conv1_float_255_255_float_1_9_9_float_float_255_255_ou_58 = load i12 %conv1_float_255_255_float_1_9_9_float_float_255_255_ou_50" [src/conv1.cpp:151->src/conv1.cpp:70]   --->   Operation 48 'load' 'conv1_float_255_255_float_1_9_9_float_float_255_255_ou_58' <Predicate = (!icmp_ln148)> <Delay = 1.23> <CoreInst = "RAM">   --->   Core 83 'RAM' <Latency = 1> <II = 1> <Delay = 1.23> <Storage> <Opcode : 'load' 'store'> <Ports = 2> <Width = 32> <Depth = 4080> <RAM>
ST_2 : Operation 49 [1/2] (1.23ns)   --->   "%conv1_float_255_255_float_1_9_9_float_float_255_255_ou_59 = load i12 %conv1_float_255_255_float_1_9_9_float_float_255_255_ou_51" [src/conv1.cpp:151->src/conv1.cpp:70]   --->   Operation 49 'load' 'conv1_float_255_255_float_1_9_9_float_float_255_255_ou_59' <Predicate = (!icmp_ln148)> <Delay = 1.23> <CoreInst = "RAM">   --->   Core 83 'RAM' <Latency = 1> <II = 1> <Delay = 1.23> <Storage> <Opcode : 'load' 'store'> <Ports = 2> <Width = 32> <Depth = 4080> <RAM>
ST_2 : Operation 50 [1/2] (1.23ns)   --->   "%conv1_float_255_255_float_1_9_9_float_float_255_255_ou_60 = load i12 %conv1_float_255_255_float_1_9_9_float_float_255_255_ou_52" [src/conv1.cpp:151->src/conv1.cpp:70]   --->   Operation 50 'load' 'conv1_float_255_255_float_1_9_9_float_float_255_255_ou_60' <Predicate = (!icmp_ln148)> <Delay = 1.23> <CoreInst = "RAM">   --->   Core 83 'RAM' <Latency = 1> <II = 1> <Delay = 1.23> <Storage> <Opcode : 'load' 'store'> <Ports = 2> <Width = 32> <Depth = 4080> <RAM>
ST_2 : Operation 51 [1/1] (0.72ns)   --->   "%tmp_1 = mux i32 @_ssdm_op_Mux.ap_auto.8float.i3, i32 %conv1_float_255_255_float_1_9_9_float_float_255_255_ou_55, i32 %conv1_float_255_255_float_1_9_9_float_float_255_255_ou_56, i32 %conv1_float_255_255_float_1_9_9_float_float_255_255_ou_57, i32 %conv1_float_255_255_float_1_9_9_float_float_255_255_ou_58, i32 %conv1_float_255_255_float_1_9_9_float_float_255_255_ou_59, i32 %conv1_float_255_255_float_1_9_9_float_float_255_255_ou_60, i32 %conv1_float_255_255_float_1_9_9_float_float_255_255_ou_53, i32 %conv1_float_255_255_float_1_9_9_float_float_255_255_ou_54, i3 %trunc_ln10_read" [src/conv1.cpp:151->src/conv1.cpp:70]   --->   Operation 51 'mux' 'tmp_1' <Predicate = (!icmp_ln148)> <Delay = 0.72> <CoreInst = "Multiplexer">   --->   Core 76 'Multiplexer' <Latency = 0> <II = 1> <Delay = 0.72> <FuncUnit> <Opcode : 'mux'> <InPorts = 2> <OutPorts = 1>

State 3 <SV = 2> <Delay = 6.43>
ST_3 : [1/1] (0.80ns)   --->   Input mux for Operation 52 '%add15_2_i = fadd i32 %tmp_1, i32 %bitcast_ln145_read'
ST_3 : Operation 52 [4/4] (5.62ns)   --->   "%add15_2_i = fadd i32 %tmp_1, i32 %bitcast_ln145_read" [src/conv1.cpp:151->src/conv1.cpp:70]   --->   Operation 52 'fadd' 'add15_2_i' <Predicate = true> <Delay = 5.62> <CoreInst = "FAddSub_fulldsp">   --->   Core 18 'FAddSub_fulldsp' <Latency = 3> <II = 1> <Delay = 6.43> <FuncUnit> <Opcode : 'fadd' 'fsub'> <InPorts = 2> <OutPorts = 1>

State 4 <SV = 3> <Delay = 6.43>
ST_4 : Operation 53 [3/4] (6.43ns)   --->   "%add15_2_i = fadd i32 %tmp_1, i32 %bitcast_ln145_read" [src/conv1.cpp:151->src/conv1.cpp:70]   --->   Operation 53 'fadd' 'add15_2_i' <Predicate = true> <Delay = 6.43> <CoreInst = "FAddSub_fulldsp">   --->   Core 18 'FAddSub_fulldsp' <Latency = 3> <II = 1> <Delay = 6.43> <FuncUnit> <Opcode : 'fadd' 'fsub'> <InPorts = 2> <OutPorts = 1>

State 5 <SV = 4> <Delay = 6.43>
ST_5 : Operation 54 [2/4] (6.43ns)   --->   "%add15_2_i = fadd i32 %tmp_1, i32 %bitcast_ln145_read" [src/conv1.cpp:151->src/conv1.cpp:70]   --->   Operation 54 'fadd' 'add15_2_i' <Predicate = true> <Delay = 6.43> <CoreInst = "FAddSub_fulldsp">   --->   Core 18 'FAddSub_fulldsp' <Latency = 3> <II = 1> <Delay = 6.43> <FuncUnit> <Opcode : 'fadd' 'fsub'> <InPorts = 2> <OutPorts = 1>

State 6 <SV = 5> <Delay = 6.43>
ST_6 : Operation 55 [1/1] (0.00ns)   --->   "%specpipeline_ln149 = specpipeline void @_ssdm_op_SpecPipeline, i32 2, i32 0, i32 0, i32 0, void @empty_14" [src/conv1.cpp:149->src/conv1.cpp:70]   --->   Operation 55 'specpipeline' 'specpipeline_ln149' <Predicate = true> <Delay = 0.00>
ST_6 : Operation 56 [1/1] (0.00ns)   --->   "%speclooptripcount_ln148 = speclooptripcount void @_ssdm_op_SpecLoopTripCount, i64 255, i64 255, i64 255" [src/conv1.cpp:148->src/conv1.cpp:70]   --->   Operation 56 'speclooptripcount' 'speclooptripcount_ln148' <Predicate = true> <Delay = 0.00>
ST_6 : Operation 57 [1/1] (0.00ns)   --->   "%specloopname_ln148 = specloopname void @_ssdm_op_SpecLoopName, void @empty_32" [src/conv1.cpp:148->src/conv1.cpp:70]   --->   Operation 57 'specloopname' 'specloopname_ln148' <Predicate = true> <Delay = 0.00>
ST_6 : Operation 58 [1/4] (6.43ns)   --->   "%add15_2_i = fadd i32 %tmp_1, i32 %bitcast_ln145_read" [src/conv1.cpp:151->src/conv1.cpp:70]   --->   Operation 58 'fadd' 'add15_2_i' <Predicate = true> <Delay = 6.43> <CoreInst = "FAddSub_fulldsp">   --->   Core 18 'FAddSub_fulldsp' <Latency = 3> <II = 1> <Delay = 6.43> <FuncUnit> <Opcode : 'fadd' 'fsub'> <InPorts = 2> <OutPorts = 1>
ST_6 : Operation 99 [1/1] (0.00ns)   --->   "%ret_ln0 = ret"   --->   Operation 99 'ret' 'ret_ln0' <Predicate = (icmp_ln148)> <Delay = 0.00>

State 7 <SV = 6> <Delay = 2.78>
ST_7 : Operation 59 [1/1] (1.23ns)   --->   "%store_ln151 = store i32 %add15_2_i, i12 %conv1_float_255_255_float_1_9_9_float_float_255_255_ou_50" [src/conv1.cpp:151->src/conv1.cpp:70]   --->   Operation 59 'store' 'store_ln151' <Predicate = (trunc_ln10_read == 3)> <Delay = 1.23> <CoreInst = "RAM">   --->   Core 83 'RAM' <Latency = 1> <II = 1> <Delay = 1.23> <Storage> <Opcode : 'load' 'store'> <Ports = 2> <Width = 32> <Depth = 4080> <RAM>
ST_7 : Operation 60 [1/1] (0.00ns)   --->   "%br_ln151 = br void %arrayidx12412.2.i.exit" [src/conv1.cpp:151->src/conv1.cpp:70]   --->   Operation 60 'br' 'br_ln151' <Predicate = (trunc_ln10_read == 3)> <Delay = 0.00>
ST_7 : Operation 61 [1/1] (1.23ns)   --->   "%store_ln151 = store i32 %add15_2_i, i12 %conv1_float_255_255_float_1_9_9_float_float_255_255_ou_49" [src/conv1.cpp:151->src/conv1.cpp:70]   --->   Operation 61 'store' 'store_ln151' <Predicate = (trunc_ln10_read == 2)> <Delay = 1.23> <CoreInst = "RAM">   --->   Core 83 'RAM' <Latency = 1> <II = 1> <Delay = 1.23> <Storage> <Opcode : 'load' 'store'> <Ports = 2> <Width = 32> <Depth = 4080> <RAM>
ST_7 : Operation 62 [1/1] (0.00ns)   --->   "%br_ln151 = br void %arrayidx12412.2.i.exit" [src/conv1.cpp:151->src/conv1.cpp:70]   --->   Operation 62 'br' 'br_ln151' <Predicate = (trunc_ln10_read == 2)> <Delay = 0.00>
ST_7 : Operation 63 [1/1] (1.23ns)   --->   "%store_ln151 = store i32 %add15_2_i, i12 %conv1_float_255_255_float_1_9_9_float_float_255_255_ou_48" [src/conv1.cpp:151->src/conv1.cpp:70]   --->   Operation 63 'store' 'store_ln151' <Predicate = (trunc_ln10_read == 1)> <Delay = 1.23> <CoreInst = "RAM">   --->   Core 83 'RAM' <Latency = 1> <II = 1> <Delay = 1.23> <Storage> <Opcode : 'load' 'store'> <Ports = 2> <Width = 32> <Depth = 4080> <RAM>
ST_7 : Operation 64 [1/1] (0.00ns)   --->   "%br_ln151 = br void %arrayidx12412.2.i.exit" [src/conv1.cpp:151->src/conv1.cpp:70]   --->   Operation 64 'br' 'br_ln151' <Predicate = (trunc_ln10_read == 1)> <Delay = 0.00>
ST_7 : Operation 65 [1/1] (1.23ns)   --->   "%store_ln151 = store i32 %add15_2_i, i12 %conv1_float_255_255_float_1_9_9_float_float_255_255_ou_47" [src/conv1.cpp:151->src/conv1.cpp:70]   --->   Operation 65 'store' 'store_ln151' <Predicate = (trunc_ln10_read == 0)> <Delay = 1.23> <CoreInst = "RAM">   --->   Core 83 'RAM' <Latency = 1> <II = 1> <Delay = 1.23> <Storage> <Opcode : 'load' 'store'> <Ports = 2> <Width = 32> <Depth = 4080> <RAM>
ST_7 : Operation 66 [1/1] (0.00ns)   --->   "%br_ln151 = br void %arrayidx12412.2.i.exit" [src/conv1.cpp:151->src/conv1.cpp:70]   --->   Operation 66 'br' 'br_ln151' <Predicate = (trunc_ln10_read == 0)> <Delay = 0.00>
ST_7 : Operation 67 [1/1] (1.23ns)   --->   "%store_ln151 = store i32 %add15_2_i, i12 %conv1_float_255_255_float_1_9_9_float_float_255_255_ou_52" [src/conv1.cpp:151->src/conv1.cpp:70]   --->   Operation 67 'store' 'store_ln151' <Predicate = (trunc_ln10_read == 5)> <Delay = 1.23> <CoreInst = "RAM">   --->   Core 83 'RAM' <Latency = 1> <II = 1> <Delay = 1.23> <Storage> <Opcode : 'load' 'store'> <Ports = 2> <Width = 32> <Depth = 4080> <RAM>
ST_7 : Operation 68 [1/1] (0.00ns)   --->   "%br_ln151 = br void %arrayidx12412.2.i.exit" [src/conv1.cpp:151->src/conv1.cpp:70]   --->   Operation 68 'br' 'br_ln151' <Predicate = (trunc_ln10_read == 5)> <Delay = 0.00>
ST_7 : Operation 69 [1/1] (1.23ns)   --->   "%store_ln151 = store i32 %add15_2_i, i12 %conv1_float_255_255_float_1_9_9_float_float_255_255_ou_51" [src/conv1.cpp:151->src/conv1.cpp:70]   --->   Operation 69 'store' 'store_ln151' <Predicate = (trunc_ln10_read == 4)> <Delay = 1.23> <CoreInst = "RAM">   --->   Core 83 'RAM' <Latency = 1> <II = 1> <Delay = 1.23> <Storage> <Opcode : 'load' 'store'> <Ports = 2> <Width = 32> <Depth = 4080> <RAM>
ST_7 : Operation 70 [1/1] (0.00ns)   --->   "%br_ln151 = br void %arrayidx12412.2.i.exit" [src/conv1.cpp:151->src/conv1.cpp:70]   --->   Operation 70 'br' 'br_ln151' <Predicate = (trunc_ln10_read == 4)> <Delay = 0.00>
ST_7 : Operation 71 [1/1] (1.23ns)   --->   "%store_ln151 = store i32 %add15_2_i, i12 %conv1_float_255_255_float_1_9_9_float_float_255_255_ou_45" [src/conv1.cpp:151->src/conv1.cpp:70]   --->   Operation 71 'store' 'store_ln151' <Predicate = (trunc_ln10_read == 7) | (trunc_ln10_read == 6)> <Delay = 1.23> <CoreInst = "RAM">   --->   Core 83 'RAM' <Latency = 1> <II = 1> <Delay = 1.23> <Storage> <Opcode : 'load' 'store'> <Ports = 2> <Width = 32> <Depth = 4080> <RAM>
ST_7 : Operation 72 [1/1] (0.00ns)   --->   "%br_ln151 = br void %arrayidx12412.2.i.exit" [src/conv1.cpp:151->src/conv1.cpp:70]   --->   Operation 72 'br' 'br_ln151' <Predicate = (trunc_ln10_read == 7) | (trunc_ln10_read == 6)> <Delay = 0.00>
ST_7 : Operation 73 [1/1] (0.00ns)   --->   "%bitcast_ln153 = bitcast i32 %add15_2_i" [src/conv1.cpp:153->src/conv1.cpp:70]   --->   Operation 73 'bitcast' 'bitcast_ln153' <Predicate = true> <Delay = 0.00>
ST_7 : Operation 74 [1/1] (0.00ns)   --->   "%tmp_s = partselect i8 @_ssdm_op_PartSelect.i8.i32.i32.i32, i32 %bitcast_ln153, i32 23, i32 30" [src/conv1.cpp:153->src/conv1.cpp:70]   --->   Operation 74 'partselect' 'tmp_s' <Predicate = true> <Delay = 0.00>
ST_7 : Operation 75 [1/1] (0.00ns)   --->   "%trunc_ln153 = trunc i32 %bitcast_ln153" [src/conv1.cpp:153->src/conv1.cpp:70]   --->   Operation 75 'trunc' 'trunc_ln153' <Predicate = true> <Delay = 0.00>
ST_7 : Operation 76 [1/1] (0.76ns)   --->   "%icmp_ln153 = icmp_ne  i8 %tmp_s, i8 255" [src/conv1.cpp:153->src/conv1.cpp:70]   --->   Operation 76 'icmp' 'icmp_ln153' <Predicate = true> <Delay = 0.76> <CoreInst = "Cmp">   --->   Core 9 'Cmp' <Latency = 0> <II = 1> <Delay = 0.76> <FuncUnit> <Opcode : 'icmp'> <InPorts = 2> <OutPorts = 1>
ST_7 : Operation 77 [1/1] (0.92ns)   --->   "%icmp_ln153_1 = icmp_eq  i23 %trunc_ln153, i23 0" [src/conv1.cpp:153->src/conv1.cpp:70]   --->   Operation 77 'icmp' 'icmp_ln153_1' <Predicate = true> <Delay = 0.92> <CoreInst = "Cmp">   --->   Core 9 'Cmp' <Latency = 0> <II = 1> <Delay = 0.92> <FuncUnit> <Opcode : 'icmp'> <InPorts = 2> <OutPorts = 1>
ST_7 : [1/1] (0.52ns)   --->   Input mux for Operation 78 '%tmp_13 = fcmp_olt  i32 %add15_2_i, i32 0'
ST_7 : Operation 78 [2/2] (2.25ns)   --->   "%tmp_13 = fcmp_olt  i32 %add15_2_i, i32 0" [src/conv1.cpp:153->src/conv1.cpp:70]   --->   Operation 78 'fcmp' 'tmp_13' <Predicate = true> <Delay = 2.25> <CoreInst = "FCompare">   --->   Core 19 'FCompare' <Latency = 1> <II = 1> <Delay = 2.78> <FuncUnit> <Opcode : 'fcmp'> <InPorts = 2> <OutPorts = 1>

State 8 <SV = 7> <Delay = 4.30>
ST_8 : Operation 79 [1/1] (0.00ns) (grouped into LUT with out node and_ln153)   --->   "%or_ln153 = or i1 %icmp_ln153_1, i1 %icmp_ln153" [src/conv1.cpp:153->src/conv1.cpp:70]   --->   Operation 79 'or' 'or_ln153' <Predicate = true> <Delay = 0.00> <CoreInst = "LogicGate">   --->   Core 74 'LogicGate' <Latency = 0> <II = 1> <Delay = 0.28> <FuncUnit> <Opcode : 'and' 'or' 'xor'> <InPorts = 2> <OutPorts = 1>
ST_8 : Operation 80 [1/2] (2.78ns)   --->   "%tmp_13 = fcmp_olt  i32 %add15_2_i, i32 0" [src/conv1.cpp:153->src/conv1.cpp:70]   --->   Operation 80 'fcmp' 'tmp_13' <Predicate = true> <Delay = 2.78> <CoreInst = "FCompare">   --->   Core 19 'FCompare' <Latency = 1> <II = 1> <Delay = 2.78> <FuncUnit> <Opcode : 'fcmp'> <InPorts = 2> <OutPorts = 1>
ST_8 : Operation 81 [1/1] (0.28ns) (out node of the LUT)   --->   "%and_ln153 = and i1 %or_ln153, i1 %tmp_13" [src/conv1.cpp:153->src/conv1.cpp:70]   --->   Operation 81 'and' 'and_ln153' <Predicate = true> <Delay = 0.28> <CoreInst = "LogicGate">   --->   Core 74 'LogicGate' <Latency = 0> <II = 1> <Delay = 0.28> <FuncUnit> <Opcode : 'and' 'or' 'xor'> <InPorts = 2> <OutPorts = 1>
ST_8 : Operation 82 [1/1] (0.00ns)   --->   "%br_ln153 = br i1 %and_ln153, void %for.inc.2.i, void %if.then.2.i" [src/conv1.cpp:153->src/conv1.cpp:70]   --->   Operation 82 'br' 'br_ln153' <Predicate = true> <Delay = 0.00>
ST_8 : Operation 83 [1/1] (0.73ns)   --->   "%switch_ln154 = switch i3 %trunc_ln10_read, void %arrayidx12412.2.i.case.2143, i3 6, void %arrayidx12412.2.i.case.0141, i3 5, void %arrayidx12412.2.i.case.7148, i3 4, void %arrayidx12412.2.i.case.6147, i3 1, void %arrayidx12412.2.i.case.3144, i3 2, void %arrayidx12412.2.i.case.4145, i3 3, void %arrayidx12412.2.i.case.5146" [src/conv1.cpp:154->src/conv1.cpp:70]   --->   Operation 83 'switch' 'switch_ln154' <Predicate = (and_ln153)> <Delay = 0.73>
ST_8 : Operation 84 [1/1] (1.23ns)   --->   "%store_ln154 = store i32 0, i12 %conv1_float_255_255_float_1_9_9_float_float_255_255_ou_50" [src/conv1.cpp:154->src/conv1.cpp:70]   --->   Operation 84 'store' 'store_ln154' <Predicate = (trunc_ln10_read == 3 & and_ln153)> <Delay = 1.23> <CoreInst = "RAM">   --->   Core 83 'RAM' <Latency = 1> <II = 1> <Delay = 1.23> <Storage> <Opcode : 'load' 'store'> <Ports = 2> <Width = 32> <Depth = 4080> <RAM>
ST_8 : Operation 85 [1/1] (0.00ns)   --->   "%br_ln154 = br void %arrayidx12412.2.i.exit140" [src/conv1.cpp:154->src/conv1.cpp:70]   --->   Operation 85 'br' 'br_ln154' <Predicate = (trunc_ln10_read == 3 & and_ln153)> <Delay = 0.00>
ST_8 : Operation 86 [1/1] (1.23ns)   --->   "%store_ln154 = store i32 0, i12 %conv1_float_255_255_float_1_9_9_float_float_255_255_ou_49" [src/conv1.cpp:154->src/conv1.cpp:70]   --->   Operation 86 'store' 'store_ln154' <Predicate = (trunc_ln10_read == 2 & and_ln153)> <Delay = 1.23> <CoreInst = "RAM">   --->   Core 83 'RAM' <Latency = 1> <II = 1> <Delay = 1.23> <Storage> <Opcode : 'load' 'store'> <Ports = 2> <Width = 32> <Depth = 4080> <RAM>
ST_8 : Operation 87 [1/1] (0.00ns)   --->   "%br_ln154 = br void %arrayidx12412.2.i.exit140" [src/conv1.cpp:154->src/conv1.cpp:70]   --->   Operation 87 'br' 'br_ln154' <Predicate = (trunc_ln10_read == 2 & and_ln153)> <Delay = 0.00>
ST_8 : Operation 88 [1/1] (1.23ns)   --->   "%store_ln154 = store i32 0, i12 %conv1_float_255_255_float_1_9_9_float_float_255_255_ou_48" [src/conv1.cpp:154->src/conv1.cpp:70]   --->   Operation 88 'store' 'store_ln154' <Predicate = (trunc_ln10_read == 1 & and_ln153)> <Delay = 1.23> <CoreInst = "RAM">   --->   Core 83 'RAM' <Latency = 1> <II = 1> <Delay = 1.23> <Storage> <Opcode : 'load' 'store'> <Ports = 2> <Width = 32> <Depth = 4080> <RAM>
ST_8 : Operation 89 [1/1] (0.00ns)   --->   "%br_ln154 = br void %arrayidx12412.2.i.exit140" [src/conv1.cpp:154->src/conv1.cpp:70]   --->   Operation 89 'br' 'br_ln154' <Predicate = (trunc_ln10_read == 1 & and_ln153)> <Delay = 0.00>
ST_8 : Operation 90 [1/1] (1.23ns)   --->   "%store_ln154 = store i32 0, i12 %conv1_float_255_255_float_1_9_9_float_float_255_255_ou_51" [src/conv1.cpp:154->src/conv1.cpp:70]   --->   Operation 90 'store' 'store_ln154' <Predicate = (trunc_ln10_read == 4 & and_ln153)> <Delay = 1.23> <CoreInst = "RAM">   --->   Core 83 'RAM' <Latency = 1> <II = 1> <Delay = 1.23> <Storage> <Opcode : 'load' 'store'> <Ports = 2> <Width = 32> <Depth = 4080> <RAM>
ST_8 : Operation 91 [1/1] (0.00ns)   --->   "%br_ln154 = br void %arrayidx12412.2.i.exit140" [src/conv1.cpp:154->src/conv1.cpp:70]   --->   Operation 91 'br' 'br_ln154' <Predicate = (trunc_ln10_read == 4 & and_ln153)> <Delay = 0.00>
ST_8 : Operation 92 [1/1] (1.23ns)   --->   "%store_ln154 = store i32 0, i12 %conv1_float_255_255_float_1_9_9_float_float_255_255_ou_52" [src/conv1.cpp:154->src/conv1.cpp:70]   --->   Operation 92 'store' 'store_ln154' <Predicate = (trunc_ln10_read == 5 & and_ln153)> <Delay = 1.23> <CoreInst = "RAM">   --->   Core 83 'RAM' <Latency = 1> <II = 1> <Delay = 1.23> <Storage> <Opcode : 'load' 'store'> <Ports = 2> <Width = 32> <Depth = 4080> <RAM>
ST_8 : Operation 93 [1/1] (0.00ns)   --->   "%br_ln154 = br void %arrayidx12412.2.i.exit140" [src/conv1.cpp:154->src/conv1.cpp:70]   --->   Operation 93 'br' 'br_ln154' <Predicate = (trunc_ln10_read == 5 & and_ln153)> <Delay = 0.00>
ST_8 : Operation 94 [1/1] (1.23ns)   --->   "%store_ln154 = store i32 0, i12 %conv1_float_255_255_float_1_9_9_float_float_255_255_ou_45" [src/conv1.cpp:154->src/conv1.cpp:70]   --->   Operation 94 'store' 'store_ln154' <Predicate = (trunc_ln10_read == 6 & and_ln153)> <Delay = 1.23> <CoreInst = "RAM">   --->   Core 83 'RAM' <Latency = 1> <II = 1> <Delay = 1.23> <Storage> <Opcode : 'load' 'store'> <Ports = 2> <Width = 32> <Depth = 4080> <RAM>
ST_8 : Operation 95 [1/1] (0.00ns)   --->   "%br_ln154 = br void %arrayidx12412.2.i.exit140" [src/conv1.cpp:154->src/conv1.cpp:70]   --->   Operation 95 'br' 'br_ln154' <Predicate = (trunc_ln10_read == 6 & and_ln153)> <Delay = 0.00>
ST_8 : Operation 96 [1/1] (1.23ns)   --->   "%store_ln154 = store i32 0, i12 %conv1_float_255_255_float_1_9_9_float_float_255_255_ou_47" [src/conv1.cpp:154->src/conv1.cpp:70]   --->   Operation 96 'store' 'store_ln154' <Predicate = (trunc_ln10_read == 7 & and_ln153) | (trunc_ln10_read == 0 & and_ln153)> <Delay = 1.23> <CoreInst = "RAM">   --->   Core 83 'RAM' <Latency = 1> <II = 1> <Delay = 1.23> <Storage> <Opcode : 'load' 'store'> <Ports = 2> <Width = 32> <Depth = 4080> <RAM>
ST_8 : Operation 97 [1/1] (0.00ns)   --->   "%br_ln154 = br void %arrayidx12412.2.i.exit140" [src/conv1.cpp:154->src/conv1.cpp:70]   --->   Operation 97 'br' 'br_ln154' <Predicate = (trunc_ln10_read == 7 & and_ln153) | (trunc_ln10_read == 0 & and_ln153)> <Delay = 0.00>
ST_8 : Operation 98 [1/1] (0.00ns)   --->   "%br_ln155 = br void %for.inc.2.i" [src/conv1.cpp:155->src/conv1.cpp:70]   --->   Operation 98 'br' 'br_ln155' <Predicate = (and_ln153)> <Delay = 0.00>


============================================================
+ Verbose Summary: Binding
============================================================
STG Binding: 
---------------- STG Properties BEGIN ----------------
- Is combinational: 0
- Is one-state seq: 0
- Is datapath-only: 0
- Is pipelined: 0
- Is top level: 0
Port [ Return ] is wired: 1; IO mode=ap_ctrl_hs:ce=0
Port [ sub_ln151_2]:  wired=1; compound=0; hidden=0; nouse=0; global=0; static=0; extern=0; dir=0; type=0; pingpong=0; private_global=0; IO mode=ap_none:ce=0
Port [ trunc_ln10]:  wired=1; compound=0; hidden=0; nouse=0; global=0; static=0; extern=0; dir=0; type=0; pingpong=0; private_global=0; IO mode=ap_none:ce=0
Port [ bitcast_ln145]:  wired=1; compound=0; hidden=0; nouse=0; global=0; static=0; extern=0; dir=0; type=0; pingpong=0; private_global=0; IO mode=ap_none:ce=0
Port [ conv1_float_255_255_float_1_9_9_float_float_255_255_ou_7]:  wired=1; compound=1; hidden=0; nouse=0; global=1; static=1; extern=0; dir=2; type=1; pingpong=0; private_global=0; MemPort=[01]; IO mode=ap_memory:ce=0
Port [ conv1_float_255_255_float_1_9_9_float_float_255_255_ou_6]:  wired=1; compound=1; hidden=0; nouse=0; global=1; static=1; extern=0; dir=0; type=1; pingpong=0; private_global=0; MemPort=[13]; IO mode=ap_memory:ce=0
Port [ conv1_float_255_255_float_1_9_9_float_float_255_255_ou_5]:  wired=1; compound=1; hidden=0; nouse=0; global=1; static=1; extern=0; dir=2; type=1; pingpong=0; private_global=0; MemPort=[01]; IO mode=ap_memory:ce=0
Port [ conv1_float_255_255_float_1_9_9_float_float_255_255_ou_4]:  wired=1; compound=1; hidden=0; nouse=0; global=1; static=1; extern=0; dir=2; type=1; pingpong=0; private_global=0; MemPort=[01]; IO mode=ap_memory:ce=0
Port [ conv1_float_255_255_float_1_9_9_float_float_255_255_ou_3]:  wired=1; compound=1; hidden=0; nouse=0; global=1; static=1; extern=0; dir=2; type=1; pingpong=0; private_global=0; MemPort=[01]; IO mode=ap_memory:ce=0
Port [ conv1_float_255_255_float_1_9_9_float_float_255_255_ou_2]:  wired=1; compound=1; hidden=0; nouse=0; global=1; static=1; extern=0; dir=2; type=1; pingpong=0; private_global=0; MemPort=[01]; IO mode=ap_memory:ce=0
Port [ conv1_float_255_255_float_1_9_9_float_float_255_255_ou_1]:  wired=1; compound=1; hidden=0; nouse=0; global=1; static=1; extern=0; dir=2; type=1; pingpong=0; private_global=0; MemPort=[01]; IO mode=ap_memory:ce=0
Port [ conv1_float_255_255_float_1_9_9_float_float_255_255_ou]:  wired=1; compound=1; hidden=0; nouse=0; global=1; static=1; extern=0; dir=2; type=1; pingpong=0; private_global=0; MemPort=[01]; IO mode=ap_memory:ce=0
---------------- STG Properties END ------------------

---------------- Datapath Model BEGIN ----------------

<LifeTime>
<method=bitvector/>
bw                                                        (alloca           ) [ 010000000]
bitcast_ln145_read                                        (read             ) [ 011111100]
trunc_ln10_read                                           (read             ) [ 011111111]
sub_ln151_2_read                                          (read             ) [ 000000000]
store_ln0                                                 (store            ) [ 000000000]
br_ln0                                                    (br               ) [ 000000000]
bw_1                                                      (load             ) [ 000000000]
icmp_ln148                                                (icmp             ) [ 011111100]
add_ln148                                                 (add              ) [ 000000000]
br_ln148                                                  (br               ) [ 000000000]
zext_ln151                                                (zext             ) [ 000000000]
add_ln151                                                 (add              ) [ 000000000]
zext_ln151_1                                              (zext             ) [ 000000000]
conv1_float_255_255_float_1_9_9_float_float_255_255_ou_45 (getelementptr    ) [ 011111111]
conv1_float_255_255_float_1_9_9_float_float_255_255_ou_46 (getelementptr    ) [ 001000000]
conv1_float_255_255_float_1_9_9_float_float_255_255_ou_47 (getelementptr    ) [ 011111111]
conv1_float_255_255_float_1_9_9_float_float_255_255_ou_48 (getelementptr    ) [ 011111111]
conv1_float_255_255_float_1_9_9_float_float_255_255_ou_49 (getelementptr    ) [ 011111111]
conv1_float_255_255_float_1_9_9_float_float_255_255_ou_50 (getelementptr    ) [ 011111111]
conv1_float_255_255_float_1_9_9_float_float_255_255_ou_51 (getelementptr    ) [ 011111111]
conv1_float_255_255_float_1_9_9_float_float_255_255_ou_52 (getelementptr    ) [ 011111111]
switch_ln151                                              (switch           ) [ 000000000]
store_ln148                                               (store            ) [ 000000000]
br_ln148                                                  (br               ) [ 000000000]
conv1_float_255_255_float_1_9_9_float_float_255_255_ou_53 (load             ) [ 000000000]
conv1_float_255_255_float_1_9_9_float_float_255_255_ou_54 (load             ) [ 000000000]
conv1_float_255_255_float_1_9_9_float_float_255_255_ou_55 (load             ) [ 000000000]
conv1_float_255_255_float_1_9_9_float_float_255_255_ou_56 (load             ) [ 000000000]
conv1_float_255_255_float_1_9_9_float_float_255_255_ou_57 (load             ) [ 000000000]
conv1_float_255_255_float_1_9_9_float_float_255_255_ou_58 (load             ) [ 000000000]
conv1_float_255_255_float_1_9_9_float_float_255_255_ou_59 (load             ) [ 000000000]
conv1_float_255_255_float_1_9_9_float_float_255_255_ou_60 (load             ) [ 000000000]
tmp_1                                                     (mux              ) [ 011111100]
specpipeline_ln149                                        (specpipeline     ) [ 000000000]
speclooptripcount_ln148                                   (speclooptripcount) [ 000000000]
specloopname_ln148                                        (specloopname     ) [ 000000000]
add15_2_i                                                 (fadd             ) [ 011000011]
store_ln151                                               (store            ) [ 000000000]
br_ln151                                                  (br               ) [ 000000000]
store_ln151                                               (store            ) [ 000000000]
br_ln151                                                  (br               ) [ 000000000]
store_ln151                                               (store            ) [ 000000000]
br_ln151                                                  (br               ) [ 000000000]
store_ln151                                               (store            ) [ 000000000]
br_ln151                                                  (br               ) [ 000000000]
store_ln151                                               (store            ) [ 000000000]
br_ln151                                                  (br               ) [ 000000000]
store_ln151                                               (store            ) [ 000000000]
br_ln151                                                  (br               ) [ 000000000]
store_ln151                                               (store            ) [ 000000000]
br_ln151                                                  (br               ) [ 000000000]
bitcast_ln153                                             (bitcast          ) [ 000000000]
tmp_s                                                     (partselect       ) [ 000000000]
trunc_ln153                                               (trunc            ) [ 000000000]
icmp_ln153                                                (icmp             ) [ 001000001]
icmp_ln153_1                                              (icmp             ) [ 001000001]
or_ln153                                                  (or               ) [ 000000000]
tmp_13                                                    (fcmp             ) [ 000000000]
and_ln153                                                 (and              ) [ 001000001]
br_ln153                                                  (br               ) [ 000000000]
switch_ln154                                              (switch           ) [ 000000000]
store_ln154                                               (store            ) [ 000000000]
br_ln154                                                  (br               ) [ 000000000]
store_ln154                                               (store            ) [ 000000000]
br_ln154                                                  (br               ) [ 000000000]
store_ln154                                               (store            ) [ 000000000]
br_ln154                                                  (br               ) [ 000000000]
store_ln154                                               (store            ) [ 000000000]
br_ln154                                                  (br               ) [ 000000000]
store_ln154                                               (store            ) [ 000000000]
br_ln154                                                  (br               ) [ 000000000]
store_ln154                                               (store            ) [ 000000000]
br_ln154                                                  (br               ) [ 000000000]
store_ln154                                               (store            ) [ 000000000]
br_ln154                                                  (br               ) [ 000000000]
br_ln155                                                  (br               ) [ 000000000]
ret_ln0                                                   (ret              ) [ 000000000]
</LifeTime>

<model>

<comp_list>
<comp id="0" class="1000" name="sub_ln151_2">
<pin_list>
<pin id="1" dir="1" index="0" bw="1" slack="0"/>
</pin_list>
<bind>
<StgValue><ssdm name="sub_ln151_2"/></StgValue>
</bind>
</comp>

<comp id="2" class="1000" name="trunc_ln10">
<pin_list>
<pin id="3" dir="1" index="0" bw="1" slack="0"/>
</pin_list>
<bind>
<StgValue><ssdm name="trunc_ln10"/></StgValue>
</bind>
</comp>

<comp id="4" class="1000" name="bitcast_ln145">
<pin_list>
<pin id="5" dir="1" index="0" bw="1" slack="0"/>
</pin_list>
<bind>
<StgValue><ssdm name="bitcast_ln145"/></StgValue>
</bind>
</comp>

<comp id="6" class="1000" name="conv1_float_255_255_float_1_9_9_float_float_255_255_ou_7">
<pin_list>
<pin id="7" dir="1" index="0" bw="1" slack="0"/>
</pin_list>
<bind>
<StgValue><ssdm name="conv1_float_255_255_float_1_9_9_float_float_255_255_ou_7"/><MemPortTyVec>0 1 </MemPortTyVec>
</StgValue>
</bind>
</comp>

<comp id="8" class="1000" name="conv1_float_255_255_float_1_9_9_float_float_255_255_ou_6">
<pin_list>
<pin id="9" dir="1" index="0" bw="1" slack="0"/>
</pin_list>
<bind>
<StgValue><ssdm name="conv1_float_255_255_float_1_9_9_float_float_255_255_ou_6"/><MemPortTyVec>1 3 </MemPortTyVec>
</StgValue>
</bind>
</comp>

<comp id="10" class="1000" name="conv1_float_255_255_float_1_9_9_float_float_255_255_ou_5">
<pin_list>
<pin id="11" dir="1" index="0" bw="1" slack="0"/>
</pin_list>
<bind>
<StgValue><ssdm name="conv1_float_255_255_float_1_9_9_float_float_255_255_ou_5"/><MemPortTyVec>0 1 </MemPortTyVec>
</StgValue>
</bind>
</comp>

<comp id="12" class="1000" name="conv1_float_255_255_float_1_9_9_float_float_255_255_ou_4">
<pin_list>
<pin id="13" dir="1" index="0" bw="1" slack="0"/>
</pin_list>
<bind>
<StgValue><ssdm name="conv1_float_255_255_float_1_9_9_float_float_255_255_ou_4"/><MemPortTyVec>0 1 </MemPortTyVec>
</StgValue>
</bind>
</comp>

<comp id="14" class="1000" name="conv1_float_255_255_float_1_9_9_float_float_255_255_ou_3">
<pin_list>
<pin id="15" dir="1" index="0" bw="1" slack="0"/>
</pin_list>
<bind>
<StgValue><ssdm name="conv1_float_255_255_float_1_9_9_float_float_255_255_ou_3"/><MemPortTyVec>0 1 </MemPortTyVec>
</StgValue>
</bind>
</comp>

<comp id="16" class="1000" name="conv1_float_255_255_float_1_9_9_float_float_255_255_ou_2">
<pin_list>
<pin id="17" dir="1" index="0" bw="1" slack="0"/>
</pin_list>
<bind>
<StgValue><ssdm name="conv1_float_255_255_float_1_9_9_float_float_255_255_ou_2"/><MemPortTyVec>0 1 </MemPortTyVec>
</StgValue>
</bind>
</comp>

<comp id="18" class="1000" name="conv1_float_255_255_float_1_9_9_float_float_255_255_ou_1">
<pin_list>
<pin id="19" dir="1" index="0" bw="1" slack="0"/>
</pin_list>
<bind>
<StgValue><ssdm name="conv1_float_255_255_float_1_9_9_float_float_255_255_ou_1"/><MemPortTyVec>0 1 </MemPortTyVec>
</StgValue>
</bind>
</comp>

<comp id="20" class="1000" name="conv1_float_255_255_float_1_9_9_float_float_255_255_ou">
<pin_list>
<pin id="21" dir="1" index="0" bw="1" slack="0"/>
</pin_list>
<bind>
<StgValue><ssdm name="conv1_float_255_255_float_1_9_9_float_float_255_255_ou"/><MemPortTyVec>0 1 </MemPortTyVec>
</StgValue>
</bind>
</comp>

<comp id="22" class="1001" name="const_22">
<pin_list>
<pin id="23" dir="1" index="0" bw="1" slack="0"/>
</pin_list>
<bind>
<StgValue><ssdm name=""/></StgValue>
</bind>
</comp>

<comp id="24" class="1001" name="const_24">
<pin_list>
<pin id="25" dir="1" index="0" bw="1" slack="0"/>
</pin_list>
<bind>
<StgValue><ssdm name="_ssdm_op_Read.ap_auto.float"/></StgValue>
</bind>
</comp>

<comp id="26" class="1001" name="const_26">
<pin_list>
<pin id="27" dir="1" index="0" bw="1" slack="0"/>
</pin_list>
<bind>
<StgValue><ssdm name="_ssdm_op_Read.ap_auto.i3"/></StgValue>
</bind>
</comp>

<comp id="28" class="1001" name="const_28">
<pin_list>
<pin id="29" dir="1" index="0" bw="1" slack="0"/>
</pin_list>
<bind>
<StgValue><ssdm name="_ssdm_op_Read.ap_auto.i12"/></StgValue>
</bind>
</comp>

<comp id="30" class="1001" name="const_30">
<pin_list>
<pin id="31" dir="1" index="0" bw="1" slack="0"/>
</pin_list>
<bind>
<StgValue><ssdm name=""/></StgValue>
</bind>
</comp>

<comp id="32" class="1001" name="const_32">
<pin_list>
<pin id="33" dir="1" index="0" bw="1" slack="0"/>
</pin_list>
<bind>
<StgValue><ssdm name=""/></StgValue>
</bind>
</comp>

<comp id="34" class="1001" name="const_34">
<pin_list>
<pin id="35" dir="1" index="0" bw="1" slack="0"/>
</pin_list>
<bind>
<StgValue><ssdm name=""/></StgValue>
</bind>
</comp>

<comp id="36" class="1001" name="const_36">
<pin_list>
<pin id="37" dir="1" index="0" bw="1" slack="0"/>
</pin_list>
<bind>
<StgValue><ssdm name=""/></StgValue>
</bind>
</comp>

<comp id="38" class="1001" name="const_38">
<pin_list>
<pin id="39" dir="1" index="0" bw="1" slack="2147483647"/>
</pin_list>
<bind>
<StgValue><ssdm name=""/></StgValue>
</bind>
</comp>

<comp id="40" class="1001" name="const_40">
<pin_list>
<pin id="41" dir="1" index="0" bw="1" slack="2147483647"/>
</pin_list>
<bind>
<StgValue><ssdm name=""/></StgValue>
</bind>
</comp>

<comp id="42" class="1001" name="const_42">
<pin_list>
<pin id="43" dir="1" index="0" bw="1" slack="2147483647"/>
</pin_list>
<bind>
<StgValue><ssdm name=""/></StgValue>
</bind>
</comp>

<comp id="44" class="1001" name="const_44">
<pin_list>
<pin id="45" dir="1" index="0" bw="1" slack="2147483647"/>
</pin_list>
<bind>
<StgValue><ssdm name=""/></StgValue>
</bind>
</comp>

<comp id="46" class="1001" name="const_46">
<pin_list>
<pin id="47" dir="1" index="0" bw="1" slack="2147483647"/>
</pin_list>
<bind>
<StgValue><ssdm name=""/></StgValue>
</bind>
</comp>

<comp id="48" class="1001" name="const_48">
<pin_list>
<pin id="49" dir="1" index="0" bw="1" slack="2147483647"/>
</pin_list>
<bind>
<StgValue><ssdm name=""/></StgValue>
</bind>
</comp>

<comp id="50" class="1001" name="const_50">
<pin_list>
<pin id="51" dir="1" index="0" bw="1" slack="0"/>
</pin_list>
<bind>
<StgValue><ssdm name="_ssdm_op_Mux.ap_auto.8float.i3"/></StgValue>
</bind>
</comp>

<comp id="52" class="1001" name="const_52">
<pin_list>
<pin id="53" dir="1" index="0" bw="1" slack="2147483647"/>
</pin_list>
<bind>
<StgValue><ssdm name="_ssdm_op_SpecPipeline"/></StgValue>
</bind>
</comp>

<comp id="54" class="1001" name="const_54">
<pin_list>
<pin id="55" dir="1" index="0" bw="1" slack="2147483647"/>
</pin_list>
<bind>
<StgValue><ssdm name=""/></StgValue>
</bind>
</comp>

<comp id="56" class="1001" name="const_56">
<pin_list>
<pin id="57" dir="1" index="0" bw="1" slack="2147483647"/>
</pin_list>
<bind>
<StgValue><ssdm name=""/></StgValue>
</bind>
</comp>

<comp id="58" class="1001" name="const_58">
<pin_list>
<pin id="59" dir="1" index="0" bw="1" slack="2147483647"/>
</pin_list>
<bind>
<StgValue><ssdm name="empty_14"/></StgValue>
</bind>
</comp>

<comp id="60" class="1001" name="const_60">
<pin_list>
<pin id="61" dir="1" index="0" bw="1" slack="2147483647"/>
</pin_list>
<bind>
<StgValue><ssdm name="_ssdm_op_SpecLoopTripCount"/></StgValue>
</bind>
</comp>

<comp id="62" class="1001" name="const_62">
<pin_list>
<pin id="63" dir="1" index="0" bw="1" slack="2147483647"/>
</pin_list>
<bind>
<StgValue><ssdm name=""/></StgValue>
</bind>
</comp>

<comp id="64" class="1001" name="const_64">
<pin_list>
<pin id="65" dir="1" index="0" bw="1" slack="2147483647"/>
</pin_list>
<bind>
<StgValue><ssdm name="_ssdm_op_SpecLoopName"/></StgValue>
</bind>
</comp>

<comp id="66" class="1001" name="const_66">
<pin_list>
<pin id="67" dir="1" index="0" bw="1" slack="2147483647"/>
</pin_list>
<bind>
<StgValue><ssdm name="empty_32"/></StgValue>
</bind>
</comp>

<comp id="68" class="1001" name="const_68">
<pin_list>
<pin id="69" dir="1" index="0" bw="1" slack="0"/>
</pin_list>
<bind>
<StgValue><ssdm name="_ssdm_op_PartSelect.i8.i32.i32.i32"/></StgValue>
</bind>
</comp>

<comp id="70" class="1001" name="const_70">
<pin_list>
<pin id="71" dir="1" index="0" bw="1" slack="0"/>
</pin_list>
<bind>
<StgValue><ssdm name=""/></StgValue>
</bind>
</comp>

<comp id="72" class="1001" name="const_72">
<pin_list>
<pin id="73" dir="1" index="0" bw="1" slack="0"/>
</pin_list>
<bind>
<StgValue><ssdm name=""/></StgValue>
</bind>
</comp>

<comp id="74" class="1001" name="const_74">
<pin_list>
<pin id="75" dir="1" index="0" bw="1" slack="0"/>
</pin_list>
<bind>
<StgValue><ssdm name=""/></StgValue>
</bind>
</comp>

<comp id="76" class="1001" name="const_76">
<pin_list>
<pin id="77" dir="1" index="0" bw="1" slack="0"/>
</pin_list>
<bind>
<StgValue><ssdm name=""/></StgValue>
</bind>
</comp>

<comp id="78" class="1001" name="const_78">
<pin_list>
<pin id="79" dir="1" index="0" bw="1" slack="2147483647"/>
</pin_list>
<bind>
<StgValue><ssdm name=""/></StgValue>
</bind>
</comp>

<comp id="80" class="1004" name="bw_fu_80">
<pin_list>
<pin id="81" dir="0" index="0" bw="1" slack="0"/>
<pin id="82" dir="1" index="1" bw="8" slack="0"/>
</pin_list>
<bind>
<opcode="alloca(26) " fcode="alloca"/>
<opset="bw/1 "/>
</bind>
</comp>

<comp id="84" class="1004" name="bitcast_ln145_read_read_fu_84">
<pin_list>
<pin id="85" dir="0" index="0" bw="32" slack="0"/>
<pin id="86" dir="0" index="1" bw="32" slack="0"/>
<pin id="87" dir="1" index="2" bw="32" slack="2"/>
</pin_list>
<bind>
<opcode="read(1150) " fcode="read"/>
<opset="bitcast_ln145_read/1 "/>
</bind>
</comp>

<comp id="90" class="1004" name="trunc_ln10_read_read_fu_90">
<pin_list>
<pin id="91" dir="0" index="0" bw="3" slack="0"/>
<pin id="92" dir="0" index="1" bw="3" slack="0"/>
<pin id="93" dir="1" index="2" bw="3" slack="1"/>
</pin_list>
<bind>
<opcode="read(1150) " fcode="read"/>
<opset="trunc_ln10_read/1 "/>
</bind>
</comp>

<comp id="96" class="1004" name="sub_ln151_2_read_read_fu_96">
<pin_list>
<pin id="97" dir="0" index="0" bw="12" slack="0"/>
<pin id="98" dir="0" index="1" bw="12" slack="0"/>
<pin id="99" dir="1" index="2" bw="12" slack="0"/>
</pin_list>
<bind>
<opcode="read(1150) " fcode="read"/>
<opset="sub_ln151_2_read/1 "/>
</bind>
</comp>

<comp id="102" class="1004" name="conv1_float_255_255_float_1_9_9_float_float_255_255_ou_45_gep_fu_102">
<pin_list>
<pin id="103" dir="0" index="0" bw="32" slack="0"/>
<pin id="104" dir="0" index="1" bw="1" slack="0"/>
<pin id="105" dir="0" index="2" bw="12" slack="0"/>
<pin id="106" dir="1" index="3" bw="12" slack="0"/>
</pin_list>
<bind>
<opcode="getelementptr(29) " fcode="getelementptr"/>
<opset="conv1_float_255_255_float_1_9_9_float_float_255_255_ou_45/1 "/>
</bind>
</comp>

<comp id="109" class="1004" name="conv1_float_255_255_float_1_9_9_float_float_255_255_ou_46_gep_fu_109">
<pin_list>
<pin id="110" dir="0" index="0" bw="32" slack="0"/>
<pin id="111" dir="0" index="1" bw="1" slack="0"/>
<pin id="112" dir="0" index="2" bw="12" slack="0"/>
<pin id="113" dir="1" index="3" bw="12" slack="0"/>
</pin_list>
<bind>
<opcode="getelementptr(29) " fcode="getelementptr"/>
<opset="conv1_float_255_255_float_1_9_9_float_float_255_255_ou_46/1 "/>
</bind>
</comp>

<comp id="116" class="1004" name="conv1_float_255_255_float_1_9_9_float_float_255_255_ou_47_gep_fu_116">
<pin_list>
<pin id="117" dir="0" index="0" bw="32" slack="0"/>
<pin id="118" dir="0" index="1" bw="1" slack="0"/>
<pin id="119" dir="0" index="2" bw="12" slack="0"/>
<pin id="120" dir="1" index="3" bw="12" slack="0"/>
</pin_list>
<bind>
<opcode="getelementptr(29) " fcode="getelementptr"/>
<opset="conv1_float_255_255_float_1_9_9_float_float_255_255_ou_47/1 "/>
</bind>
</comp>

<comp id="123" class="1004" name="conv1_float_255_255_float_1_9_9_float_float_255_255_ou_48_gep_fu_123">
<pin_list>
<pin id="124" dir="0" index="0" bw="32" slack="0"/>
<pin id="125" dir="0" index="1" bw="1" slack="0"/>
<pin id="126" dir="0" index="2" bw="12" slack="0"/>
<pin id="127" dir="1" index="3" bw="12" slack="0"/>
</pin_list>
<bind>
<opcode="getelementptr(29) " fcode="getelementptr"/>
<opset="conv1_float_255_255_float_1_9_9_float_float_255_255_ou_48/1 "/>
</bind>
</comp>

<comp id="130" class="1004" name="conv1_float_255_255_float_1_9_9_float_float_255_255_ou_49_gep_fu_130">
<pin_list>
<pin id="131" dir="0" index="0" bw="32" slack="0"/>
<pin id="132" dir="0" index="1" bw="1" slack="0"/>
<pin id="133" dir="0" index="2" bw="12" slack="0"/>
<pin id="134" dir="1" index="3" bw="12" slack="0"/>
</pin_list>
<bind>
<opcode="getelementptr(29) " fcode="getelementptr"/>
<opset="conv1_float_255_255_float_1_9_9_float_float_255_255_ou_49/1 "/>
</bind>
</comp>

<comp id="137" class="1004" name="conv1_float_255_255_float_1_9_9_float_float_255_255_ou_50_gep_fu_137">
<pin_list>
<pin id="138" dir="0" index="0" bw="32" slack="0"/>
<pin id="139" dir="0" index="1" bw="1" slack="0"/>
<pin id="140" dir="0" index="2" bw="12" slack="0"/>
<pin id="141" dir="1" index="3" bw="12" slack="0"/>
</pin_list>
<bind>
<opcode="getelementptr(29) " fcode="getelementptr"/>
<opset="conv1_float_255_255_float_1_9_9_float_float_255_255_ou_50/1 "/>
</bind>
</comp>

<comp id="144" class="1004" name="conv1_float_255_255_float_1_9_9_float_float_255_255_ou_51_gep_fu_144">
<pin_list>
<pin id="145" dir="0" index="0" bw="32" slack="0"/>
<pin id="146" dir="0" index="1" bw="1" slack="0"/>
<pin id="147" dir="0" index="2" bw="12" slack="0"/>
<pin id="148" dir="1" index="3" bw="12" slack="0"/>
</pin_list>
<bind>
<opcode="getelementptr(29) " fcode="getelementptr"/>
<opset="conv1_float_255_255_float_1_9_9_float_float_255_255_ou_51/1 "/>
</bind>
</comp>

<comp id="151" class="1004" name="conv1_float_255_255_float_1_9_9_float_float_255_255_ou_52_gep_fu_151">
<pin_list>
<pin id="152" dir="0" index="0" bw="32" slack="0"/>
<pin id="153" dir="0" index="1" bw="1" slack="0"/>
<pin id="154" dir="0" index="2" bw="12" slack="0"/>
<pin id="155" dir="1" index="3" bw="12" slack="0"/>
</pin_list>
<bind>
<opcode="getelementptr(29) " fcode="getelementptr"/>
<opset="conv1_float_255_255_float_1_9_9_float_float_255_255_ou_52/1 "/>
</bind>
</comp>

<comp id="158" class="1004" name="grp_access_fu_158">
<pin_list>
<pin id="159" dir="0" index="0" bw="12" slack="6"/>
<pin id="160" dir="0" index="1" bw="32" slack="0"/>
<pin id="161" dir="0" index="2" bw="0" slack="0"/>
<pin id="163" dir="0" index="4" bw="12" slack="2147483647"/>
<pin id="164" dir="0" index="5" bw="32" slack="2147483647"/>
<pin id="165" dir="0" index="6" bw="0" slack="2147483647"/>
<pin id="162" dir="1" index="3" bw="32" slack="2147483647"/>
<pin id="166" dir="1" index="7" bw="32" slack="0"/>
</pin_list>
<bind>
<opcode="load(27) store(28) " fcode="store"/>
<opset="conv1_float_255_255_float_1_9_9_float_float_255_255_ou_53/1 store_ln151/7 store_ln154/8 "/>
</bind>
</comp>

<comp id="168" class="1004" name="grp_access_fu_168">
<pin_list>
<pin id="169" dir="0" index="0" bw="12" slack="0"/>
<pin id="170" dir="0" index="1" bw="32" slack="2147483647"/>
<pin id="171" dir="0" index="2" bw="0" slack="2147483647"/>
<pin id="172" dir="1" index="3" bw="32" slack="0"/>
</pin_list>
<bind>
<opcode="load(27) " fcode="load"/>
<opset="conv1_float_255_255_float_1_9_9_float_float_255_255_ou_54/1 "/>
</bind>
</comp>

<comp id="174" class="1004" name="grp_access_fu_174">
<pin_list>
<pin id="175" dir="0" index="0" bw="12" slack="6"/>
<pin id="176" dir="0" index="1" bw="32" slack="0"/>
<pin id="177" dir="0" index="2" bw="0" slack="0"/>
<pin id="179" dir="0" index="4" bw="12" slack="2147483647"/>
<pin id="180" dir="0" index="5" bw="32" slack="2147483647"/>
<pin id="181" dir="0" index="6" bw="0" slack="2147483647"/>
<pin id="178" dir="1" index="3" bw="32" slack="2147483647"/>
<pin id="182" dir="1" index="7" bw="32" slack="0"/>
</pin_list>
<bind>
<opcode="load(27) store(28) " fcode="store"/>
<opset="conv1_float_255_255_float_1_9_9_float_float_255_255_ou_55/1 store_ln151/7 store_ln154/8 "/>
</bind>
</comp>

<comp id="184" class="1004" name="grp_access_fu_184">
<pin_list>
<pin id="185" dir="0" index="0" bw="12" slack="6"/>
<pin id="186" dir="0" index="1" bw="32" slack="0"/>
<pin id="187" dir="0" index="2" bw="0" slack="0"/>
<pin id="189" dir="0" index="4" bw="12" slack="2147483647"/>
<pin id="190" dir="0" index="5" bw="32" slack="2147483647"/>
<pin id="191" dir="0" index="6" bw="0" slack="2147483647"/>
<pin id="188" dir="1" index="3" bw="32" slack="2147483647"/>
<pin id="192" dir="1" index="7" bw="32" slack="0"/>
</pin_list>
<bind>
<opcode="load(27) store(28) " fcode="store"/>
<opset="conv1_float_255_255_float_1_9_9_float_float_255_255_ou_56/1 store_ln151/7 store_ln154/8 "/>
</bind>
</comp>

<comp id="194" class="1004" name="grp_access_fu_194">
<pin_list>
<pin id="195" dir="0" index="0" bw="12" slack="6"/>
<pin id="196" dir="0" index="1" bw="32" slack="0"/>
<pin id="197" dir="0" index="2" bw="0" slack="0"/>
<pin id="199" dir="0" index="4" bw="12" slack="2147483647"/>
<pin id="200" dir="0" index="5" bw="32" slack="2147483647"/>
<pin id="201" dir="0" index="6" bw="0" slack="2147483647"/>
<pin id="198" dir="1" index="3" bw="32" slack="2147483647"/>
<pin id="202" dir="1" index="7" bw="32" slack="0"/>
</pin_list>
<bind>
<opcode="load(27) store(28) " fcode="store"/>
<opset="conv1_float_255_255_float_1_9_9_float_float_255_255_ou_57/1 store_ln151/7 store_ln154/8 "/>
</bind>
</comp>

<comp id="204" class="1004" name="grp_access_fu_204">
<pin_list>
<pin id="205" dir="0" index="0" bw="12" slack="6"/>
<pin id="206" dir="0" index="1" bw="32" slack="0"/>
<pin id="207" dir="0" index="2" bw="0" slack="0"/>
<pin id="209" dir="0" index="4" bw="12" slack="2147483647"/>
<pin id="210" dir="0" index="5" bw="32" slack="2147483647"/>
<pin id="211" dir="0" index="6" bw="0" slack="2147483647"/>
<pin id="208" dir="1" index="3" bw="32" slack="2147483647"/>
<pin id="212" dir="1" index="7" bw="32" slack="0"/>
</pin_list>
<bind>
<opcode="load(27) store(28) " fcode="store"/>
<opset="conv1_float_255_255_float_1_9_9_float_float_255_255_ou_58/1 store_ln151/7 store_ln154/8 "/>
</bind>
</comp>

<comp id="214" class="1004" name="grp_access_fu_214">
<pin_list>
<pin id="215" dir="0" index="0" bw="12" slack="6"/>
<pin id="216" dir="0" index="1" bw="32" slack="0"/>
<pin id="217" dir="0" index="2" bw="0" slack="0"/>
<pin id="219" dir="0" index="4" bw="12" slack="2147483647"/>
<pin id="220" dir="0" index="5" bw="32" slack="2147483647"/>
<pin id="221" dir="0" index="6" bw="0" slack="2147483647"/>
<pin id="218" dir="1" index="3" bw="32" slack="2147483647"/>
<pin id="222" dir="1" index="7" bw="32" slack="0"/>
</pin_list>
<bind>
<opcode="load(27) store(28) " fcode="store"/>
<opset="conv1_float_255_255_float_1_9_9_float_float_255_255_ou_59/1 store_ln151/7 store_ln154/8 "/>
</bind>
</comp>

<comp id="224" class="1004" name="grp_access_fu_224">
<pin_list>
<pin id="225" dir="0" index="0" bw="12" slack="6"/>
<pin id="226" dir="0" index="1" bw="32" slack="0"/>
<pin id="227" dir="0" index="2" bw="0" slack="0"/>
<pin id="229" dir="0" index="4" bw="12" slack="2147483647"/>
<pin id="230" dir="0" index="5" bw="32" slack="2147483647"/>
<pin id="231" dir="0" index="6" bw="0" slack="2147483647"/>
<pin id="228" dir="1" index="3" bw="32" slack="2147483647"/>
<pin id="232" dir="1" index="7" bw="32" slack="0"/>
</pin_list>
<bind>
<opcode="load(27) store(28) " fcode="store"/>
<opset="conv1_float_255_255_float_1_9_9_float_float_255_255_ou_60/1 store_ln151/7 store_ln154/8 "/>
</bind>
</comp>

<comp id="241" class="1004" name="grp_fu_241">
<pin_list>
<pin id="242" dir="0" index="0" bw="32" slack="1"/>
<pin id="243" dir="0" index="1" bw="32" slack="2"/>
<pin id="244" dir="1" index="2" bw="32" slack="1"/>
</pin_list>
<bind>
<opcode="fadd(9) " fcode="fadd"/>
<opset="add15_2_i/3 "/>
</bind>
</comp>

<comp id="245" class="1004" name="grp_fu_245">
<pin_list>
<pin id="246" dir="0" index="0" bw="32" slack="1"/>
<pin id="247" dir="0" index="1" bw="32" slack="0"/>
<pin id="248" dir="1" index="2" bw="1" slack="0"/>
</pin_list>
<bind>
<opcode="fcmp(46) " fcode="fcmp"/>
<opset="tmp_13/7 "/>
</bind>
</comp>

<comp id="250" class="1004" name="store_ln0_store_fu_250">
<pin_list>
<pin id="251" dir="0" index="0" bw="1" slack="0"/>
<pin id="252" dir="0" index="1" bw="8" slack="0"/>
<pin id="253" dir="1" index="2" bw="0" slack="2147483647"/>
</pin_list>
<bind>
<opcode="store(28) " fcode="store"/>
<opset="store_ln0/1 "/>
</bind>
</comp>

<comp id="255" class="1004" name="bw_1_load_fu_255">
<pin_list>
<pin id="256" dir="0" index="0" bw="8" slack="0"/>
<pin id="257" dir="1" index="1" bw="8" slack="0"/>
</pin_list>
<bind>
<opcode="load(27) " fcode="load"/>
<opset="bw_1/1 "/>
</bind>
</comp>

<comp id="258" class="1004" name="icmp_ln148_fu_258">
<pin_list>
<pin id="259" dir="0" index="0" bw="8" slack="0"/>
<pin id="260" dir="0" index="1" bw="1" slack="0"/>
<pin id="261" dir="1" index="2" bw="1" slack="1"/>
</pin_list>
<bind>
<opcode="icmp(45) " fcode="icmp"/>
<opset="icmp_ln148/1 "/>
</bind>
</comp>

<comp id="264" class="1004" name="add_ln148_fu_264">
<pin_list>
<pin id="265" dir="0" index="0" bw="8" slack="0"/>
<pin id="266" dir="0" index="1" bw="1" slack="0"/>
<pin id="267" dir="1" index="2" bw="8" slack="0"/>
</pin_list>
<bind>
<opcode="add(8) " fcode="add"/>
<opset="add_ln148/1 "/>
</bind>
</comp>

<comp id="270" class="1004" name="zext_ln151_fu_270">
<pin_list>
<pin id="271" dir="0" index="0" bw="8" slack="0"/>
<pin id="272" dir="1" index="1" bw="12" slack="0"/>
</pin_list>
<bind>
<opcode="zext(34) " fcode="zext"/>
<opset="zext_ln151/1 "/>
</bind>
</comp>

<comp id="274" class="1004" name="add_ln151_fu_274">
<pin_list>
<pin id="275" dir="0" index="0" bw="12" slack="0"/>
<pin id="276" dir="0" index="1" bw="8" slack="0"/>
<pin id="277" dir="1" index="2" bw="12" slack="0"/>
</pin_list>
<bind>
<opcode="add(8) " fcode="add"/>
<opset="add_ln151/1 "/>
</bind>
</comp>

<comp id="280" class="1004" name="zext_ln151_1_fu_280">
<pin_list>
<pin id="281" dir="0" index="0" bw="12" slack="0"/>
<pin id="282" dir="1" index="1" bw="64" slack="0"/>
</pin_list>
<bind>
<opcode="zext(34) " fcode="zext"/>
<opset="zext_ln151_1/1 "/>
</bind>
</comp>

<comp id="292" class="1004" name="store_ln148_store_fu_292">
<pin_list>
<pin id="293" dir="0" index="0" bw="8" slack="0"/>
<pin id="294" dir="0" index="1" bw="8" slack="0"/>
<pin id="295" dir="1" index="2" bw="0" slack="2147483647"/>
</pin_list>
<bind>
<opcode="store(28) " fcode="store"/>
<opset="store_ln148/1 "/>
</bind>
</comp>

<comp id="297" class="1004" name="tmp_1_fu_297">
<pin_list>
<pin id="298" dir="0" index="0" bw="32" slack="0"/>
<pin id="299" dir="0" index="1" bw="32" slack="0"/>
<pin id="300" dir="0" index="2" bw="32" slack="0"/>
<pin id="301" dir="0" index="3" bw="32" slack="0"/>
<pin id="302" dir="0" index="4" bw="32" slack="0"/>
<pin id="303" dir="0" index="5" bw="32" slack="0"/>
<pin id="304" dir="0" index="6" bw="32" slack="0"/>
<pin id="305" dir="0" index="7" bw="32" slack="0"/>
<pin id="306" dir="0" index="8" bw="32" slack="0"/>
<pin id="307" dir="0" index="9" bw="3" slack="1"/>
<pin id="308" dir="1" index="10" bw="32" slack="1"/>
</pin_list>
<bind>
<opcode="mux(1196) " fcode="mux"/>
<opset="tmp_1/2 "/>
</bind>
</comp>

<comp id="318" class="1004" name="bitcast_ln153_fu_318">
<pin_list>
<pin id="319" dir="0" index="0" bw="32" slack="1"/>
<pin id="320" dir="1" index="1" bw="32" slack="0"/>
</pin_list>
<bind>
<opcode="bitcast(44) " fcode="bitcast"/>
<opset="bitcast_ln153/7 "/>
</bind>
</comp>

<comp id="321" class="1004" name="tmp_s_fu_321">
<pin_list>
<pin id="322" dir="0" index="0" bw="8" slack="0"/>
<pin id="323" dir="0" index="1" bw="32" slack="0"/>
<pin id="324" dir="0" index="2" bw="6" slack="0"/>
<pin id="325" dir="0" index="3" bw="6" slack="0"/>
<pin id="326" dir="1" index="4" bw="8" slack="0"/>
</pin_list>
<bind>
<opcode="partselect(1002) " fcode="partselect"/>
<opset="tmp_s/7 "/>
</bind>
</comp>

<comp id="331" class="1004" name="trunc_ln153_fu_331">
<pin_list>
<pin id="332" dir="0" index="0" bw="32" slack="0"/>
<pin id="333" dir="1" index="1" bw="23" slack="0"/>
</pin_list>
<bind>
<opcode="trunc(33) " fcode="trunc"/>
<opset="trunc_ln153/7 "/>
</bind>
</comp>

<comp id="335" class="1004" name="icmp_ln153_fu_335">
<pin_list>
<pin id="336" dir="0" index="0" bw="8" slack="0"/>
<pin id="337" dir="0" index="1" bw="1" slack="0"/>
<pin id="338" dir="1" index="2" bw="1" slack="1"/>
</pin_list>
<bind>
<opcode="icmp(45) " fcode="icmp"/>
<opset="icmp_ln153/7 "/>
</bind>
</comp>

<comp id="341" class="1004" name="icmp_ln153_1_fu_341">
<pin_list>
<pin id="342" dir="0" index="0" bw="23" slack="0"/>
<pin id="343" dir="0" index="1" bw="1" slack="0"/>
<pin id="344" dir="1" index="2" bw="1" slack="1"/>
</pin_list>
<bind>
<opcode="icmp(45) " fcode="icmp"/>
<opset="icmp_ln153_1/7 "/>
</bind>
</comp>

<comp id="347" class="1004" name="or_ln153_fu_347">
<pin_list>
<pin id="348" dir="0" index="0" bw="1" slack="1"/>
<pin id="349" dir="0" index="1" bw="1" slack="1"/>
<pin id="350" dir="1" index="2" bw="1" slack="0"/>
</pin_list>
<bind>
<opcode="or(24) " fcode="or"/>
<opset="or_ln153/8 "/>
</bind>
</comp>

<comp id="351" class="1004" name="and_ln153_fu_351">
<pin_list>
<pin id="352" dir="0" index="0" bw="1" slack="0"/>
<pin id="353" dir="0" index="1" bw="1" slack="0"/>
<pin id="354" dir="1" index="2" bw="1" slack="2147483647"/>
</pin_list>
<bind>
<opcode="and(23) " fcode="and"/>
<opset="and_ln153/8 "/>
</bind>
</comp>

<comp id="357" class="1005" name="bw_reg_357">
<pin_list>
<pin id="358" dir="0" index="0" bw="8" slack="0"/>
<pin id="359" dir="1" index="1" bw="8" slack="0"/>
</pin_list>
<bind>
<opset="bw "/>
</bind>
</comp>

<comp id="364" class="1005" name="bitcast_ln145_read_reg_364">
<pin_list>
<pin id="365" dir="0" index="0" bw="32" slack="2"/>
<pin id="366" dir="1" index="1" bw="32" slack="2"/>
</pin_list>
<bind>
<opset="bitcast_ln145_read "/>
</bind>
</comp>

<comp id="369" class="1005" name="trunc_ln10_read_reg_369">
<pin_list>
<pin id="370" dir="0" index="0" bw="3" slack="1"/>
<pin id="371" dir="1" index="1" bw="3" slack="1"/>
</pin_list>
<bind>
<opset="trunc_ln10_read "/>
</bind>
</comp>

<comp id="374" class="1005" name="icmp_ln148_reg_374">
<pin_list>
<pin id="375" dir="0" index="0" bw="1" slack="1"/>
<pin id="376" dir="1" index="1" bw="1" slack="2147483647"/>
</pin_list>
<bind>
<opset="icmp_ln148 "/>
</bind>
</comp>

<comp id="378" class="1005" name="conv1_float_255_255_float_1_9_9_float_float_255_255_ou_45_reg_378">
<pin_list>
<pin id="379" dir="0" index="0" bw="12" slack="1"/>
<pin id="380" dir="1" index="1" bw="12" slack="1"/>
</pin_list>
<bind>
<opset="conv1_float_255_255_float_1_9_9_float_float_255_255_ou_45 "/>
</bind>
</comp>

<comp id="384" class="1005" name="conv1_float_255_255_float_1_9_9_float_float_255_255_ou_46_reg_384">
<pin_list>
<pin id="385" dir="0" index="0" bw="12" slack="1"/>
<pin id="386" dir="1" index="1" bw="12" slack="1"/>
</pin_list>
<bind>
<opset="conv1_float_255_255_float_1_9_9_float_float_255_255_ou_46 "/>
</bind>
</comp>

<comp id="389" class="1005" name="conv1_float_255_255_float_1_9_9_float_float_255_255_ou_47_reg_389">
<pin_list>
<pin id="390" dir="0" index="0" bw="12" slack="1"/>
<pin id="391" dir="1" index="1" bw="12" slack="1"/>
</pin_list>
<bind>
<opset="conv1_float_255_255_float_1_9_9_float_float_255_255_ou_47 "/>
</bind>
</comp>

<comp id="395" class="1005" name="conv1_float_255_255_float_1_9_9_float_float_255_255_ou_48_reg_395">
<pin_list>
<pin id="396" dir="0" index="0" bw="12" slack="1"/>
<pin id="397" dir="1" index="1" bw="12" slack="1"/>
</pin_list>
<bind>
<opset="conv1_float_255_255_float_1_9_9_float_float_255_255_ou_48 "/>
</bind>
</comp>

<comp id="401" class="1005" name="conv1_float_255_255_float_1_9_9_float_float_255_255_ou_49_reg_401">
<pin_list>
<pin id="402" dir="0" index="0" bw="12" slack="1"/>
<pin id="403" dir="1" index="1" bw="12" slack="1"/>
</pin_list>
<bind>
<opset="conv1_float_255_255_float_1_9_9_float_float_255_255_ou_49 "/>
</bind>
</comp>

<comp id="407" class="1005" name="conv1_float_255_255_float_1_9_9_float_float_255_255_ou_50_reg_407">
<pin_list>
<pin id="408" dir="0" index="0" bw="12" slack="1"/>
<pin id="409" dir="1" index="1" bw="12" slack="1"/>
</pin_list>
<bind>
<opset="conv1_float_255_255_float_1_9_9_float_float_255_255_ou_50 "/>
</bind>
</comp>

<comp id="413" class="1005" name="conv1_float_255_255_float_1_9_9_float_float_255_255_ou_51_reg_413">
<pin_list>
<pin id="414" dir="0" index="0" bw="12" slack="1"/>
<pin id="415" dir="1" index="1" bw="12" slack="1"/>
</pin_list>
<bind>
<opset="conv1_float_255_255_float_1_9_9_float_float_255_255_ou_51 "/>
</bind>
</comp>

<comp id="419" class="1005" name="conv1_float_255_255_float_1_9_9_float_float_255_255_ou_52_reg_419">
<pin_list>
<pin id="420" dir="0" index="0" bw="12" slack="1"/>
<pin id="421" dir="1" index="1" bw="12" slack="1"/>
</pin_list>
<bind>
<opset="conv1_float_255_255_float_1_9_9_float_float_255_255_ou_52 "/>
</bind>
</comp>

<comp id="425" class="1005" name="tmp_1_reg_425">
<pin_list>
<pin id="426" dir="0" index="0" bw="32" slack="1"/>
<pin id="427" dir="1" index="1" bw="32" slack="1"/>
</pin_list>
<bind>
<opset="tmp_1 "/>
</bind>
</comp>

<comp id="430" class="1005" name="add15_2_i_reg_430">
<pin_list>
<pin id="431" dir="0" index="0" bw="32" slack="1"/>
<pin id="432" dir="1" index="1" bw="32" slack="1"/>
</pin_list>
<bind>
<opset="add15_2_i "/>
</bind>
</comp>

<comp id="443" class="1005" name="icmp_ln153_reg_443">
<pin_list>
<pin id="444" dir="0" index="0" bw="1" slack="1"/>
<pin id="445" dir="1" index="1" bw="1" slack="1"/>
</pin_list>
<bind>
<opset="icmp_ln153 "/>
</bind>
</comp>

<comp id="448" class="1005" name="icmp_ln153_1_reg_448">
<pin_list>
<pin id="449" dir="0" index="0" bw="1" slack="1"/>
<pin id="450" dir="1" index="1" bw="1" slack="1"/>
</pin_list>
<bind>
<opset="icmp_ln153_1 "/>
</bind>
</comp>

</comp_list>

<net_list>
<net id="83"><net_src comp="22" pin="0"/><net_sink comp="80" pin=0"/></net>

<net id="88"><net_src comp="24" pin="0"/><net_sink comp="84" pin=0"/></net>

<net id="89"><net_src comp="4" pin="0"/><net_sink comp="84" pin=1"/></net>

<net id="94"><net_src comp="26" pin="0"/><net_sink comp="90" pin=0"/></net>

<net id="95"><net_src comp="2" pin="0"/><net_sink comp="90" pin=1"/></net>

<net id="100"><net_src comp="28" pin="0"/><net_sink comp="96" pin=0"/></net>

<net id="101"><net_src comp="0" pin="0"/><net_sink comp="96" pin=1"/></net>

<net id="107"><net_src comp="6" pin="0"/><net_sink comp="102" pin=0"/></net>

<net id="108"><net_src comp="36" pin="0"/><net_sink comp="102" pin=1"/></net>

<net id="114"><net_src comp="8" pin="0"/><net_sink comp="109" pin=0"/></net>

<net id="115"><net_src comp="36" pin="0"/><net_sink comp="109" pin=1"/></net>

<net id="121"><net_src comp="10" pin="0"/><net_sink comp="116" pin=0"/></net>

<net id="122"><net_src comp="36" pin="0"/><net_sink comp="116" pin=1"/></net>

<net id="128"><net_src comp="12" pin="0"/><net_sink comp="123" pin=0"/></net>

<net id="129"><net_src comp="36" pin="0"/><net_sink comp="123" pin=1"/></net>

<net id="135"><net_src comp="14" pin="0"/><net_sink comp="130" pin=0"/></net>

<net id="136"><net_src comp="36" pin="0"/><net_sink comp="130" pin=1"/></net>

<net id="142"><net_src comp="16" pin="0"/><net_sink comp="137" pin=0"/></net>

<net id="143"><net_src comp="36" pin="0"/><net_sink comp="137" pin=1"/></net>

<net id="149"><net_src comp="18" pin="0"/><net_sink comp="144" pin=0"/></net>

<net id="150"><net_src comp="36" pin="0"/><net_sink comp="144" pin=1"/></net>

<net id="156"><net_src comp="20" pin="0"/><net_sink comp="151" pin=0"/></net>

<net id="157"><net_src comp="36" pin="0"/><net_sink comp="151" pin=1"/></net>

<net id="167"><net_src comp="102" pin="3"/><net_sink comp="158" pin=2"/></net>

<net id="173"><net_src comp="109" pin="3"/><net_sink comp="168" pin=0"/></net>

<net id="183"><net_src comp="116" pin="3"/><net_sink comp="174" pin=2"/></net>

<net id="193"><net_src comp="123" pin="3"/><net_sink comp="184" pin=2"/></net>

<net id="203"><net_src comp="130" pin="3"/><net_sink comp="194" pin=2"/></net>

<net id="213"><net_src comp="137" pin="3"/><net_sink comp="204" pin=2"/></net>

<net id="223"><net_src comp="144" pin="3"/><net_sink comp="214" pin=2"/></net>

<net id="233"><net_src comp="151" pin="3"/><net_sink comp="224" pin=2"/></net>

<net id="234"><net_src comp="76" pin="0"/><net_sink comp="204" pin=1"/></net>

<net id="235"><net_src comp="76" pin="0"/><net_sink comp="194" pin=1"/></net>

<net id="236"><net_src comp="76" pin="0"/><net_sink comp="184" pin=1"/></net>

<net id="237"><net_src comp="76" pin="0"/><net_sink comp="214" pin=1"/></net>

<net id="238"><net_src comp="76" pin="0"/><net_sink comp="224" pin=1"/></net>

<net id="239"><net_src comp="76" pin="0"/><net_sink comp="158" pin=1"/></net>

<net id="240"><net_src comp="76" pin="0"/><net_sink comp="174" pin=1"/></net>

<net id="249"><net_src comp="76" pin="0"/><net_sink comp="245" pin=1"/></net>

<net id="254"><net_src comp="30" pin="0"/><net_sink comp="250" pin=0"/></net>

<net id="262"><net_src comp="255" pin="1"/><net_sink comp="258" pin=0"/></net>

<net id="263"><net_src comp="32" pin="0"/><net_sink comp="258" pin=1"/></net>

<net id="268"><net_src comp="255" pin="1"/><net_sink comp="264" pin=0"/></net>

<net id="269"><net_src comp="34" pin="0"/><net_sink comp="264" pin=1"/></net>

<net id="273"><net_src comp="255" pin="1"/><net_sink comp="270" pin=0"/></net>

<net id="278"><net_src comp="96" pin="2"/><net_sink comp="274" pin=0"/></net>

<net id="279"><net_src comp="270" pin="1"/><net_sink comp="274" pin=1"/></net>

<net id="283"><net_src comp="274" pin="2"/><net_sink comp="280" pin=0"/></net>

<net id="284"><net_src comp="280" pin="1"/><net_sink comp="102" pin=2"/></net>

<net id="285"><net_src comp="280" pin="1"/><net_sink comp="109" pin=2"/></net>

<net id="286"><net_src comp="280" pin="1"/><net_sink comp="116" pin=2"/></net>

<net id="287"><net_src comp="280" pin="1"/><net_sink comp="123" pin=2"/></net>

<net id="288"><net_src comp="280" pin="1"/><net_sink comp="130" pin=2"/></net>

<net id="289"><net_src comp="280" pin="1"/><net_sink comp="137" pin=2"/></net>

<net id="290"><net_src comp="280" pin="1"/><net_sink comp="144" pin=2"/></net>

<net id="291"><net_src comp="280" pin="1"/><net_sink comp="151" pin=2"/></net>

<net id="296"><net_src comp="264" pin="2"/><net_sink comp="292" pin=0"/></net>

<net id="309"><net_src comp="50" pin="0"/><net_sink comp="297" pin=0"/></net>

<net id="310"><net_src comp="174" pin="7"/><net_sink comp="297" pin=1"/></net>

<net id="311"><net_src comp="184" pin="7"/><net_sink comp="297" pin=2"/></net>

<net id="312"><net_src comp="194" pin="7"/><net_sink comp="297" pin=3"/></net>

<net id="313"><net_src comp="204" pin="7"/><net_sink comp="297" pin=4"/></net>

<net id="314"><net_src comp="214" pin="7"/><net_sink comp="297" pin=5"/></net>

<net id="315"><net_src comp="224" pin="7"/><net_sink comp="297" pin=6"/></net>

<net id="316"><net_src comp="158" pin="7"/><net_sink comp="297" pin=7"/></net>

<net id="317"><net_src comp="168" pin="3"/><net_sink comp="297" pin=8"/></net>

<net id="327"><net_src comp="68" pin="0"/><net_sink comp="321" pin=0"/></net>

<net id="328"><net_src comp="318" pin="1"/><net_sink comp="321" pin=1"/></net>

<net id="329"><net_src comp="70" pin="0"/><net_sink comp="321" pin=2"/></net>

<net id="330"><net_src comp="72" pin="0"/><net_sink comp="321" pin=3"/></net>

<net id="334"><net_src comp="318" pin="1"/><net_sink comp="331" pin=0"/></net>

<net id="339"><net_src comp="321" pin="4"/><net_sink comp="335" pin=0"/></net>

<net id="340"><net_src comp="32" pin="0"/><net_sink comp="335" pin=1"/></net>

<net id="345"><net_src comp="331" pin="1"/><net_sink comp="341" pin=0"/></net>

<net id="346"><net_src comp="74" pin="0"/><net_sink comp="341" pin=1"/></net>

<net id="355"><net_src comp="347" pin="2"/><net_sink comp="351" pin=0"/></net>

<net id="356"><net_src comp="245" pin="2"/><net_sink comp="351" pin=1"/></net>

<net id="360"><net_src comp="80" pin="1"/><net_sink comp="357" pin=0"/></net>

<net id="361"><net_src comp="357" pin="1"/><net_sink comp="250" pin=1"/></net>

<net id="362"><net_src comp="357" pin="1"/><net_sink comp="255" pin=0"/></net>

<net id="363"><net_src comp="357" pin="1"/><net_sink comp="292" pin=1"/></net>

<net id="367"><net_src comp="84" pin="2"/><net_sink comp="364" pin=0"/></net>

<net id="368"><net_src comp="364" pin="1"/><net_sink comp="241" pin=1"/></net>

<net id="372"><net_src comp="90" pin="2"/><net_sink comp="369" pin=0"/></net>

<net id="373"><net_src comp="369" pin="1"/><net_sink comp="297" pin=9"/></net>

<net id="377"><net_src comp="258" pin="2"/><net_sink comp="374" pin=0"/></net>

<net id="381"><net_src comp="102" pin="3"/><net_sink comp="378" pin=0"/></net>

<net id="382"><net_src comp="378" pin="1"/><net_sink comp="158" pin=2"/></net>

<net id="383"><net_src comp="378" pin="1"/><net_sink comp="158" pin=0"/></net>

<net id="387"><net_src comp="109" pin="3"/><net_sink comp="384" pin=0"/></net>

<net id="388"><net_src comp="384" pin="1"/><net_sink comp="168" pin=0"/></net>

<net id="392"><net_src comp="116" pin="3"/><net_sink comp="389" pin=0"/></net>

<net id="393"><net_src comp="389" pin="1"/><net_sink comp="174" pin=2"/></net>

<net id="394"><net_src comp="389" pin="1"/><net_sink comp="174" pin=0"/></net>

<net id="398"><net_src comp="123" pin="3"/><net_sink comp="395" pin=0"/></net>

<net id="399"><net_src comp="395" pin="1"/><net_sink comp="184" pin=2"/></net>

<net id="400"><net_src comp="395" pin="1"/><net_sink comp="184" pin=0"/></net>

<net id="404"><net_src comp="130" pin="3"/><net_sink comp="401" pin=0"/></net>

<net id="405"><net_src comp="401" pin="1"/><net_sink comp="194" pin=2"/></net>

<net id="406"><net_src comp="401" pin="1"/><net_sink comp="194" pin=0"/></net>

<net id="410"><net_src comp="137" pin="3"/><net_sink comp="407" pin=0"/></net>

<net id="411"><net_src comp="407" pin="1"/><net_sink comp="204" pin=2"/></net>

<net id="412"><net_src comp="407" pin="1"/><net_sink comp="204" pin=0"/></net>

<net id="416"><net_src comp="144" pin="3"/><net_sink comp="413" pin=0"/></net>

<net id="417"><net_src comp="413" pin="1"/><net_sink comp="214" pin=2"/></net>

<net id="418"><net_src comp="413" pin="1"/><net_sink comp="214" pin=0"/></net>

<net id="422"><net_src comp="151" pin="3"/><net_sink comp="419" pin=0"/></net>

<net id="423"><net_src comp="419" pin="1"/><net_sink comp="224" pin=2"/></net>

<net id="424"><net_src comp="419" pin="1"/><net_sink comp="224" pin=0"/></net>

<net id="428"><net_src comp="297" pin="10"/><net_sink comp="425" pin=0"/></net>

<net id="429"><net_src comp="425" pin="1"/><net_sink comp="241" pin=0"/></net>

<net id="433"><net_src comp="241" pin="2"/><net_sink comp="430" pin=0"/></net>

<net id="434"><net_src comp="430" pin="1"/><net_sink comp="204" pin=1"/></net>

<net id="435"><net_src comp="430" pin="1"/><net_sink comp="194" pin=1"/></net>

<net id="436"><net_src comp="430" pin="1"/><net_sink comp="184" pin=1"/></net>

<net id="437"><net_src comp="430" pin="1"/><net_sink comp="174" pin=1"/></net>

<net id="438"><net_src comp="430" pin="1"/><net_sink comp="224" pin=1"/></net>

<net id="439"><net_src comp="430" pin="1"/><net_sink comp="214" pin=1"/></net>

<net id="440"><net_src comp="430" pin="1"/><net_sink comp="158" pin=1"/></net>

<net id="441"><net_src comp="430" pin="1"/><net_sink comp="318" pin=0"/></net>

<net id="442"><net_src comp="430" pin="1"/><net_sink comp="245" pin=0"/></net>

<net id="446"><net_src comp="335" pin="2"/><net_sink comp="443" pin=0"/></net>

<net id="447"><net_src comp="443" pin="1"/><net_sink comp="347" pin=1"/></net>

<net id="451"><net_src comp="341" pin="2"/><net_sink comp="448" pin=0"/></net>

<net id="452"><net_src comp="448" pin="1"/><net_sink comp="347" pin=0"/></net>

</net_list>

</model> 
---------------- Datapath Model END ------------------

* FSMD analyzer results:
  - Output states:
	Port: conv1_float_255_255_float_1_9_9_float_float_255_255_ou_7 | {7 8 }
	Port: conv1_float_255_255_float_1_9_9_float_float_255_255_ou_5 | {7 8 }
	Port: conv1_float_255_255_float_1_9_9_float_float_255_255_ou_4 | {7 8 }
	Port: conv1_float_255_255_float_1_9_9_float_float_255_255_ou_3 | {7 8 }
	Port: conv1_float_255_255_float_1_9_9_float_float_255_255_ou_2 | {7 8 }
	Port: conv1_float_255_255_float_1_9_9_float_float_255_255_ou_1 | {7 8 }
	Port: conv1_float_255_255_float_1_9_9_float_float_255_255_ou | {7 8 }
 - Input state : 
	Port: conv1_Pipeline_BW5 : sub_ln151_2 | {1 }
	Port: conv1_Pipeline_BW5 : trunc_ln10 | {1 }
	Port: conv1_Pipeline_BW5 : bitcast_ln145 | {1 }
	Port: conv1_Pipeline_BW5 : conv1_float_255_255_float_1_9_9_float_float_255_255_ou_7 | {1 2 }
	Port: conv1_Pipeline_BW5 : conv1_float_255_255_float_1_9_9_float_float_255_255_ou_6 | {1 2 }
	Port: conv1_Pipeline_BW5 : conv1_float_255_255_float_1_9_9_float_float_255_255_ou_5 | {1 2 }
	Port: conv1_Pipeline_BW5 : conv1_float_255_255_float_1_9_9_float_float_255_255_ou_4 | {1 2 }
	Port: conv1_Pipeline_BW5 : conv1_float_255_255_float_1_9_9_float_float_255_255_ou_3 | {1 2 }
	Port: conv1_Pipeline_BW5 : conv1_float_255_255_float_1_9_9_float_float_255_255_ou_2 | {1 2 }
	Port: conv1_Pipeline_BW5 : conv1_float_255_255_float_1_9_9_float_float_255_255_ou_1 | {1 2 }
	Port: conv1_Pipeline_BW5 : conv1_float_255_255_float_1_9_9_float_float_255_255_ou | {1 2 }
  - Chain level:
	State 1
		store_ln0 : 1
		bw_1 : 1
		icmp_ln148 : 2
		add_ln148 : 2
		br_ln148 : 3
		zext_ln151 : 2
		add_ln151 : 3
		zext_ln151_1 : 4
		conv1_float_255_255_float_1_9_9_float_float_255_255_ou_45 : 5
		conv1_float_255_255_float_1_9_9_float_float_255_255_ou_46 : 5
		conv1_float_255_255_float_1_9_9_float_float_255_255_ou_47 : 5
		conv1_float_255_255_float_1_9_9_float_float_255_255_ou_48 : 5
		conv1_float_255_255_float_1_9_9_float_float_255_255_ou_49 : 5
		conv1_float_255_255_float_1_9_9_float_float_255_255_ou_50 : 5
		conv1_float_255_255_float_1_9_9_float_float_255_255_ou_51 : 5
		conv1_float_255_255_float_1_9_9_float_float_255_255_ou_52 : 5
		conv1_float_255_255_float_1_9_9_float_float_255_255_ou_53 : 6
		conv1_float_255_255_float_1_9_9_float_float_255_255_ou_54 : 6
		conv1_float_255_255_float_1_9_9_float_float_255_255_ou_55 : 6
		conv1_float_255_255_float_1_9_9_float_float_255_255_ou_56 : 6
		conv1_float_255_255_float_1_9_9_float_float_255_255_ou_57 : 6
		conv1_float_255_255_float_1_9_9_float_float_255_255_ou_58 : 6
		conv1_float_255_255_float_1_9_9_float_float_255_255_ou_59 : 6
		conv1_float_255_255_float_1_9_9_float_float_255_255_ou_60 : 6
		store_ln148 : 3
	State 2
		tmp_1 : 1
	State 3
	State 4
	State 5
	State 6
	State 7
		tmp_s : 1
		trunc_ln153 : 1
		icmp_ln153 : 2
		icmp_ln153_1 : 2
	State 8
		and_ln153 : 1
		br_ln153 : 1


============================================================
+ Verbose Summary: Datapath Resource usage 
============================================================

* Functional unit list:
|----------|-------------------------------|---------|---------|---------|
| Operation|        Functional Unit        |   DSP   |    FF   |   LUT   |
|----------|-------------------------------|---------|---------|---------|
|   fadd   |           grp_fu_241          |    2    |   227   |   214   |
|----------|-------------------------------|---------|---------|---------|
|          |       icmp_ln148_fu_258       |    0    |    0    |    15   |
|   icmp   |       icmp_ln153_fu_335       |    0    |    0    |    15   |
|          |      icmp_ln153_1_fu_341      |    0    |    0    |    30   |
|----------|-------------------------------|---------|---------|---------|
|    mux   |          tmp_1_fu_297         |    0    |    0    |    43   |
|----------|-------------------------------|---------|---------|---------|
|    add   |        add_ln148_fu_264       |    0    |    0    |    15   |
|          |        add_ln151_fu_274       |    0    |    0    |    19   |
|----------|-------------------------------|---------|---------|---------|
|    or    |        or_ln153_fu_347        |    0    |    0    |    2    |
|----------|-------------------------------|---------|---------|---------|
|    and   |        and_ln153_fu_351       |    0    |    0    |    2    |
|----------|-------------------------------|---------|---------|---------|
|          | bitcast_ln145_read_read_fu_84 |    0    |    0    |    0    |
|   read   |   trunc_ln10_read_read_fu_90  |    0    |    0    |    0    |
|          |  sub_ln151_2_read_read_fu_96  |    0    |    0    |    0    |
|----------|-------------------------------|---------|---------|---------|
|   fcmp   |           grp_fu_245          |    0    |    0    |    0    |
|----------|-------------------------------|---------|---------|---------|
|   zext   |       zext_ln151_fu_270       |    0    |    0    |    0    |
|          |      zext_ln151_1_fu_280      |    0    |    0    |    0    |
|----------|-------------------------------|---------|---------|---------|
|partselect|          tmp_s_fu_321         |    0    |    0    |    0    |
|----------|-------------------------------|---------|---------|---------|
|   trunc  |       trunc_ln153_fu_331      |    0    |    0    |    0    |
|----------|-------------------------------|---------|---------|---------|
|   Total  |                               |    2    |   227   |   355   |
|----------|-------------------------------|---------|---------|---------|

Memories:
N/A

* Register list:
+-----------------------------------------------------------------+--------+
|                                                                 |   FF   |
+-----------------------------------------------------------------+--------+
|                        add15_2_i_reg_430                        |   32   |
|                    bitcast_ln145_read_reg_364                   |   32   |
|                            bw_reg_357                           |    8   |
|conv1_float_255_255_float_1_9_9_float_float_255_255_ou_45_reg_378|   12   |
|conv1_float_255_255_float_1_9_9_float_float_255_255_ou_46_reg_384|   12   |
|conv1_float_255_255_float_1_9_9_float_float_255_255_ou_47_reg_389|   12   |
|conv1_float_255_255_float_1_9_9_float_float_255_255_ou_48_reg_395|   12   |
|conv1_float_255_255_float_1_9_9_float_float_255_255_ou_49_reg_401|   12   |
|conv1_float_255_255_float_1_9_9_float_float_255_255_ou_50_reg_407|   12   |
|conv1_float_255_255_float_1_9_9_float_float_255_255_ou_51_reg_413|   12   |
|conv1_float_255_255_float_1_9_9_float_float_255_255_ou_52_reg_419|   12   |
|                        icmp_ln148_reg_374                       |    1   |
|                       icmp_ln153_1_reg_448                      |    1   |
|                        icmp_ln153_reg_443                       |    1   |
|                          tmp_1_reg_425                          |   32   |
|                     trunc_ln10_read_reg_369                     |    3   |
+-----------------------------------------------------------------+--------+
|                              Total                              |   206  |
+-----------------------------------------------------------------+--------+

* Multiplexer (MUX) list: 
|-------------------|------|------|------|--------||---------||---------|
|        Comp       |  Pin | Size |  BW  | S x BW ||  Delay  ||   LUT   |
|-------------------|------|------|------|--------||---------||---------|
| grp_access_fu_158 |  p1  |   2  |  32  |   64   ||    9    |
| grp_access_fu_158 |  p2  |   2  |   0  |    0   ||    9    |
| grp_access_fu_168 |  p0  |   2  |  12  |   24   ||    9    |
| grp_access_fu_174 |  p1  |   2  |  32  |   64   ||    9    |
| grp_access_fu_174 |  p2  |   2  |   0  |    0   ||    9    |
| grp_access_fu_184 |  p1  |   2  |  32  |   64   ||    9    |
| grp_access_fu_184 |  p2  |   2  |   0  |    0   ||    9    |
| grp_access_fu_194 |  p1  |   2  |  32  |   64   ||    9    |
| grp_access_fu_194 |  p2  |   2  |   0  |    0   ||    9    |
| grp_access_fu_204 |  p1  |   2  |  32  |   64   ||    9    |
| grp_access_fu_204 |  p2  |   2  |   0  |    0   ||    9    |
| grp_access_fu_214 |  p1  |   2  |  32  |   64   ||    9    |
| grp_access_fu_214 |  p2  |   2  |   0  |    0   ||    9    |
| grp_access_fu_224 |  p1  |   2  |  32  |   64   ||    9    |
| grp_access_fu_224 |  p2  |   2  |   0  |    0   ||    9    |
|-------------------|------|------|------|--------||---------||---------|
|       Total       |      |      |      |   472  ||  6.405  ||   135   |
|-------------------|------|------|------|--------||---------||---------|



* Summary:
+-----------+--------+--------+--------+--------+
|           |   DSP  |  Delay |   FF   |   LUT  |
+-----------+--------+--------+--------+--------+
|  Function |    2   |    -   |   227  |   355  |
|   Memory  |    -   |    -   |    -   |    -   |
|Multiplexer|    -   |    6   |    -   |   135  |
|  Register |    -   |    -   |   206  |    -   |
+-----------+--------+--------+--------+--------+
|   Total   |    2   |    6   |   433  |   490  |
+-----------+--------+--------+--------+--------+
