

================================================================
== Vitis HLS Report for 'conv3_Pipeline_CLEARW'
================================================================
* Date:           Sat Nov  4 22:43:37 2023

* Version:        2023.1 (Build 3854077 on May  4 2023)
* Project:        srcnn_hls
* Solution:       solution1 (Vivado IP Flow Target)
* Product family: zynquplus
* Target device:  xck24-ubva530-2LV-c


================================================================
== Performance Estimates
================================================================
+ Timing: 
    * Summary: 
    +--------+----------+----------+------------+
    |  Clock |  Target  | Estimated| Uncertainty|
    +--------+----------+----------+------------+
    |ap_clk  |  10.00 ns|  2.002 ns|     2.70 ns|
    +--------+----------+----------+------------+

+ Latency: 
    * Summary: 
    +---------+---------+----------+----------+-----+-----+---------+
    |  Latency (cycles) |  Latency (absolute) |  Interval | Pipeline|
    |   min   |   max   |    min   |    max   | min | max |   Type  |
    +---------+---------+----------+----------+-----+-----+---------+
    |      257|      257|  2.570 us|  2.570 us|  257|  257|       no|
    +---------+---------+----------+----------+-----+-----+---------+

    + Detail: 
        * Instance: 
        N/A

        * Loop: 
        +----------+---------+---------+----------+-----------+-----------+------+----------+
        |          |  Latency (cycles) | Iteration|  Initiation Interval  | Trip |          |
        | Loop Name|   min   |   max   |  Latency |  achieved |   target  | Count| Pipelined|
        +----------+---------+---------+----------+-----------+-----------+------+----------+
        |- CLEARW  |      255|      255|         1|          1|          1|   255|       yes|
        +----------+---------+---------+----------+-----------+-----------+------+----------+



================================================================
== Utilization Estimates
================================================================
* Summary: 
+-----------------+---------+-----+--------+-------+-----+
|       Name      | BRAM_18K| DSP |   FF   |  LUT  | URAM|
+-----------------+---------+-----+--------+-------+-----+
|DSP              |        -|    -|       -|      -|    -|
|Expression       |        -|    -|       0|     30|    -|
|FIFO             |        -|    -|       -|      -|    -|
|Instance         |        -|    -|       -|      -|    -|
|Memory           |        -|    -|       -|      -|    -|
|Multiplexer      |        -|    -|       -|     27|    -|
|Register         |        -|    -|      10|      -|    -|
+-----------------+---------+-----+--------+-------+-----+
|Total            |        0|    0|      10|     57|    0|
+-----------------+---------+-----+--------+-------+-----+
|Available        |      432|  360|  141120|  70560|    0|
+-----------------+---------+-----+--------+-------+-----+
|Utilization (%)  |        0|    0|      ~0|     ~0|    0|
+-----------------+---------+-----+--------+-------+-----+

+ Detail: 
    * Instance: 
    N/A

    * DSP: 
    N/A

    * Memory: 
    N/A

    * FIFO: 
    N/A

    * Expression: 
    +--------------------+----------+----+---+----+------------+------------+
    |    Variable Name   | Operation| DSP| FF| LUT| Bitwidth P0| Bitwidth P1|
    +--------------------+----------+----+---+----+------------+------------+
    |add_ln72_fu_62_p2   |         +|   0|  0|  15|           8|           1|
    |icmp_ln72_fu_56_p2  |      icmp|   0|  0|  15|           8|           2|
    +--------------------+----------+----+---+----+------------+------------+
    |Total               |          |   0|  0|  30|          16|           3|
    +--------------------+----------+----+---+----+------------+------------+

    * Multiplexer: 
    +----------------------+----+-----------+-----+-----------+
    |         Name         | LUT| Input Size| Bits| Total Bits|
    +----------------------+----+-----------+-----+-----------+
    |ap_done_int           |   9|          2|    1|          2|
    |ap_sig_allocacmp_w_4  |   9|          2|    8|         16|
    |w_fu_30               |   9|          2|    8|         16|
    +----------------------+----+-----------+-----+-----------+
    |Total                 |  27|          6|   17|         34|
    +----------------------+----+-----------+-----+-----------+

    * Register: 
    +-------------+---+----+-----+-----------+
    |     Name    | FF| LUT| Bits| Const Bits|
    +-------------+---+----+-----+-----------+
    |ap_CS_fsm    |  1|   0|    1|          0|
    |ap_done_reg  |  1|   0|    1|          0|
    |w_fu_30      |  8|   0|    8|          0|
    +-------------+---+----+-----+-----------+
    |Total        | 10|   0|   10|          0|
    +-------------+---+----+-----+-----------+



================================================================
== Interface
================================================================
* Summary: 
+-----------------------------+-----+-----+------------+-----------------------+--------------+
|          RTL Ports          | Dir | Bits|  Protocol  |     Source Object     |    C Type    |
+-----------------------------+-----+-----+------------+-----------------------+--------------+
|ap_clk                       |   in|    1|  ap_ctrl_hs|  conv3_Pipeline_CLEARW|  return value|
|ap_rst                       |   in|    1|  ap_ctrl_hs|  conv3_Pipeline_CLEARW|  return value|
|ap_start                     |   in|    1|  ap_ctrl_hs|  conv3_Pipeline_CLEARW|  return value|
|ap_done                      |  out|    1|  ap_ctrl_hs|  conv3_Pipeline_CLEARW|  return value|
|ap_idle                      |  out|    1|  ap_ctrl_hs|  conv3_Pipeline_CLEARW|  return value|
|ap_ready                     |  out|    1|  ap_ctrl_hs|  conv3_Pipeline_CLEARW|  return value|
|output_fm_buffer_0_address0  |  out|   10|   ap_memory|     output_fm_buffer_0|         array|
|output_fm_buffer_0_ce0       |  out|    1|   ap_memory|     output_fm_buffer_0|         array|
|output_fm_buffer_0_we0       |  out|    1|   ap_memory|     output_fm_buffer_0|         array|
|output_fm_buffer_0_d0        |  out|   32|   ap_memory|     output_fm_buffer_0|         array|
+-----------------------------+-----+-----+------------+-----------------------+--------------+

============================================================
+ Verbose Summary: Synthesis Manager
============================================================
InlineROM: 1
ExposeGlobal: 0
============================================================
+ Verbose Summary: CDFG Model
============================================================
IsTopModel: 0
ResetActiveHigh: 1
IsCombinational: 2
IsDatapathOnly: 2
HasWiredReturn: 1
HasMFsm: 2
HasVarLatency: 1
IsPipeline: 0
IsRtlPipelined: 0
IsInstanceOverlapped: 0
IsDontTouch: 0
HasImplIP: 0
IsGatedGlobalClock: 0

+ Individual pipeline summary: 
  * Pipeline-0: initiation interval (II) = 1, depth = 1


============================================================
+ Verbose Summary: Schedule
============================================================
* Number of FSM states : 1
* Pipeline : 1
  Pipeline-0 : II = 1, D = 1, States = { 1 }
* Dataflow Pipeline: 0

* FSM state transitions: 
1 --> 

* FSM state operations: 

State 1 <SV = 0> <Delay = 2.00>
ST_1 : Operation 4 [1/1] (0.00ns)   --->   "%w = alloca i32 1"   --->   Operation 4 'alloca' 'w' <Predicate = true> <Delay = 0.00>
ST_1 : Operation 5 [1/1] (0.42ns)   --->   "%store_ln0 = store i8 0, i8 %w"   --->   Operation 5 'store' 'store_ln0' <Predicate = true> <Delay = 0.42>
ST_1 : Operation 6 [1/1] (0.00ns)   --->   "%br_ln0 = br void %for.inc.i.i"   --->   Operation 6 'br' 'br_ln0' <Predicate = true> <Delay = 0.00>
ST_1 : Operation 7 [1/1] (0.00ns)   --->   "%w_4 = load i8 %w" [src/conv3.cpp:72->src/conv3.cpp:150->src/conv3.cpp:63]   --->   Operation 7 'load' 'w_4' <Predicate = true> <Delay = 0.00>
ST_1 : Operation 8 [1/1] (0.00ns)   --->   "%specpipeline_ln0 = specpipeline void @_ssdm_op_SpecPipeline, i32 4294967295, i32 0, i32 1, i32 0, void @p_str"   --->   Operation 8 'specpipeline' 'specpipeline_ln0' <Predicate = true> <Delay = 0.00>
ST_1 : Operation 9 [1/1] (0.76ns)   --->   "%icmp_ln72 = icmp_eq  i8 %w_4, i8 255" [src/conv3.cpp:72->src/conv3.cpp:150->src/conv3.cpp:63]   --->   Operation 9 'icmp' 'icmp_ln72' <Predicate = true> <Delay = 0.76> <CoreInst = "Cmp">   --->   Core 9 'Cmp' <Latency = 0> <II = 1> <Delay = 0.76> <FuncUnit> <Opcode : 'icmp'> <InPorts = 2> <OutPorts = 1>
ST_1 : Operation 10 [1/1] (0.76ns)   --->   "%add_ln72 = add i8 %w_4, i8 1" [src/conv3.cpp:72->src/conv3.cpp:150->src/conv3.cpp:63]   --->   Operation 10 'add' 'add_ln72' <Predicate = true> <Delay = 0.76> <CoreInst = "Adder">   --->   Core 1 'Adder' <Latency = 0> <II = 1> <Delay = 0.76> <FuncUnit> <Opcode : 'add' 'sub'> <InPorts = 2> <OutPorts = 1>
ST_1 : Operation 11 [1/1] (0.00ns)   --->   "%br_ln72 = br i1 %icmp_ln72, void %for.inc.i.i.split, void %for.inc.1.i.i.preheader.exitStub" [src/conv3.cpp:72->src/conv3.cpp:150->src/conv3.cpp:63]   --->   Operation 11 'br' 'br_ln72' <Predicate = true> <Delay = 0.00>
ST_1 : Operation 12 [1/1] (0.00ns)   --->   "%w_cast = zext i8 %w_4" [src/conv3.cpp:72->src/conv3.cpp:150->src/conv3.cpp:63]   --->   Operation 12 'zext' 'w_cast' <Predicate = (!icmp_ln72)> <Delay = 0.00>
ST_1 : Operation 13 [1/1] (0.00ns)   --->   "%output_fm_buffer_0_addr = getelementptr i32 %output_fm_buffer_0, i64 0, i64 %w_cast" [src/conv3.cpp:74->src/conv3.cpp:150->src/conv3.cpp:63]   --->   Operation 13 'getelementptr' 'output_fm_buffer_0_addr' <Predicate = (!icmp_ln72)> <Delay = 0.00>
ST_1 : Operation 14 [1/1] (0.00ns)   --->   "%speclooptripcount_ln72 = speclooptripcount void @_ssdm_op_SpecLoopTripCount, i64 255, i64 255, i64 255" [src/conv3.cpp:72->src/conv3.cpp:150->src/conv3.cpp:63]   --->   Operation 14 'speclooptripcount' 'speclooptripcount_ln72' <Predicate = (!icmp_ln72)> <Delay = 0.00>
ST_1 : Operation 15 [1/1] (0.00ns)   --->   "%specloopname_ln72 = specloopname void @_ssdm_op_SpecLoopName, void @empty_32" [src/conv3.cpp:72->src/conv3.cpp:150->src/conv3.cpp:63]   --->   Operation 15 'specloopname' 'specloopname_ln72' <Predicate = (!icmp_ln72)> <Delay = 0.00>
ST_1 : Operation 16 [1/1] (1.23ns)   --->   "%store_ln74 = store i32 0, i10 %output_fm_buffer_0_addr" [src/conv3.cpp:74->src/conv3.cpp:150->src/conv3.cpp:63]   --->   Operation 16 'store' 'store_ln74' <Predicate = (!icmp_ln72)> <Delay = 1.23> <CoreInst = "RAM">   --->   Core 83 'RAM' <Latency = 1> <II = 1> <Delay = 1.23> <Storage> <Opcode : 'load' 'store'> <Ports = 2> <Width = 32> <Depth = 765> <RAM>
ST_1 : Operation 17 [1/1] (0.42ns)   --->   "%store_ln72 = store i8 %add_ln72, i8 %w" [src/conv3.cpp:72->src/conv3.cpp:150->src/conv3.cpp:63]   --->   Operation 17 'store' 'store_ln72' <Predicate = (!icmp_ln72)> <Delay = 0.42>
ST_1 : Operation 18 [1/1] (0.00ns)   --->   "%br_ln72 = br void %for.inc.i.i" [src/conv3.cpp:72->src/conv3.cpp:150->src/conv3.cpp:63]   --->   Operation 18 'br' 'br_ln72' <Predicate = (!icmp_ln72)> <Delay = 0.00>
ST_1 : Operation 19 [1/1] (0.00ns)   --->   "%ret_ln0 = ret"   --->   Operation 19 'ret' 'ret_ln0' <Predicate = (icmp_ln72)> <Delay = 0.00>


============================================================
+ Verbose Summary: Binding
============================================================
STG Binding: 
---------------- STG Properties BEGIN ----------------
- Is combinational: 0
- Is one-state seq: 0
- Is datapath-only: 0
- Is pipelined: 0
- Is top level: 0
Port [ Return ] is wired: 1; IO mode=ap_ctrl_hs:ce=0
Port [ output_fm_buffer_0]:  wired=1; compound=1; hidden=0; nouse=0; global=1; static=1; extern=0; dir=1; type=1; pingpong=0; private_global=0; MemPort=[03]; IO mode=ap_memory:ce=0
---------------- STG Properties END ------------------

---------------- Datapath Model BEGIN ----------------

<LifeTime>
<method=bitvector/>
w                       (alloca           ) [ 01]
store_ln0               (store            ) [ 00]
br_ln0                  (br               ) [ 00]
w_4                     (load             ) [ 00]
specpipeline_ln0        (specpipeline     ) [ 00]
icmp_ln72               (icmp             ) [ 01]
add_ln72                (add              ) [ 00]
br_ln72                 (br               ) [ 00]
w_cast                  (zext             ) [ 00]
output_fm_buffer_0_addr (getelementptr    ) [ 00]
speclooptripcount_ln72  (speclooptripcount) [ 00]
specloopname_ln72       (specloopname     ) [ 00]
store_ln74              (store            ) [ 00]
store_ln72              (store            ) [ 00]
br_ln72                 (br               ) [ 00]
ret_ln0                 (ret              ) [ 00]
</LifeTime>

<model>

<comp_list>
<comp id="0" class="1000" name="output_fm_buffer_0">
<pin_list>
<pin id="1" dir="1" index="0" bw="1" slack="0"/>
</pin_list>
<bind>
<StgValue><ssdm name="output_fm_buffer_0"/><MemPortTyVec>0 3 </MemPortTyVec>
</StgValue>
</bind>
</comp>

<comp id="2" class="1001" name="const_2">
<pin_list>
<pin id="3" dir="1" index="0" bw="1" slack="0"/>
</pin_list>
<bind>
<StgValue><ssdm name=""/></StgValue>
</bind>
</comp>

<comp id="4" class="1001" name="const_4">
<pin_list>
<pin id="5" dir="1" index="0" bw="1" slack="0"/>
</pin_list>
<bind>
<StgValue><ssdm name=""/></StgValue>
</bind>
</comp>

<comp id="6" class="1001" name="const_6">
<pin_list>
<pin id="7" dir="1" index="0" bw="1" slack="2147483647"/>
</pin_list>
<bind>
<StgValue><ssdm name="_ssdm_op_SpecPipeline"/></StgValue>
</bind>
</comp>

<comp id="8" class="1001" name="const_8">
<pin_list>
<pin id="9" dir="1" index="0" bw="1" slack="2147483647"/>
</pin_list>
<bind>
<StgValue><ssdm name=""/></StgValue>
</bind>
</comp>

<comp id="10" class="1001" name="const_10">
<pin_list>
<pin id="11" dir="1" index="0" bw="1" slack="2147483647"/>
</pin_list>
<bind>
<StgValue><ssdm name=""/></StgValue>
</bind>
</comp>

<comp id="12" class="1001" name="const_12">
<pin_list>
<pin id="13" dir="1" index="0" bw="1" slack="2147483647"/>
</pin_list>
<bind>
<StgValue><ssdm name="p_str"/></StgValue>
</bind>
</comp>

<comp id="14" class="1001" name="const_14">
<pin_list>
<pin id="15" dir="1" index="0" bw="1" slack="0"/>
</pin_list>
<bind>
<StgValue><ssdm name=""/></StgValue>
</bind>
</comp>

<comp id="16" class="1001" name="const_16">
<pin_list>
<pin id="17" dir="1" index="0" bw="1" slack="0"/>
</pin_list>
<bind>
<StgValue><ssdm name=""/></StgValue>
</bind>
</comp>

<comp id="18" class="1001" name="const_18">
<pin_list>
<pin id="19" dir="1" index="0" bw="1" slack="0"/>
</pin_list>
<bind>
<StgValue><ssdm name=""/></StgValue>
</bind>
</comp>

<comp id="20" class="1001" name="const_20">
<pin_list>
<pin id="21" dir="1" index="0" bw="1" slack="2147483647"/>
</pin_list>
<bind>
<StgValue><ssdm name="_ssdm_op_SpecLoopTripCount"/></StgValue>
</bind>
</comp>

<comp id="22" class="1001" name="const_22">
<pin_list>
<pin id="23" dir="1" index="0" bw="1" slack="2147483647"/>
</pin_list>
<bind>
<StgValue><ssdm name=""/></StgValue>
</bind>
</comp>

<comp id="24" class="1001" name="const_24">
<pin_list>
<pin id="25" dir="1" index="0" bw="1" slack="2147483647"/>
</pin_list>
<bind>
<StgValue><ssdm name="_ssdm_op_SpecLoopName"/></StgValue>
</bind>
</comp>

<comp id="26" class="1001" name="const_26">
<pin_list>
<pin id="27" dir="1" index="0" bw="1" slack="2147483647"/>
</pin_list>
<bind>
<StgValue><ssdm name="empty_32"/></StgValue>
</bind>
</comp>

<comp id="28" class="1001" name="const_28">
<pin_list>
<pin id="29" dir="1" index="0" bw="1" slack="0"/>
</pin_list>
<bind>
<StgValue><ssdm name=""/></StgValue>
</bind>
</comp>

<comp id="30" class="1004" name="w_fu_30">
<pin_list>
<pin id="31" dir="0" index="0" bw="1" slack="0"/>
<pin id="32" dir="1" index="1" bw="8" slack="0"/>
</pin_list>
<bind>
<opcode="alloca(26) " fcode="alloca"/>
<opset="w/1 "/>
</bind>
</comp>

<comp id="34" class="1004" name="output_fm_buffer_0_addr_gep_fu_34">
<pin_list>
<pin id="35" dir="0" index="0" bw="32" slack="0"/>
<pin id="36" dir="0" index="1" bw="1" slack="0"/>
<pin id="37" dir="0" index="2" bw="8" slack="0"/>
<pin id="38" dir="1" index="3" bw="10" slack="0"/>
</pin_list>
<bind>
<opcode="getelementptr(29) " fcode="getelementptr"/>
<opset="output_fm_buffer_0_addr/1 "/>
</bind>
</comp>

<comp id="41" class="1004" name="store_ln74_access_fu_41">
<pin_list>
<pin id="42" dir="0" index="0" bw="10" slack="0"/>
<pin id="43" dir="0" index="1" bw="32" slack="0"/>
<pin id="44" dir="0" index="2" bw="0" slack="2147483647"/>
<pin id="45" dir="1" index="3" bw="32" slack="2147483647"/>
</pin_list>
<bind>
<opcode="store(28) " fcode="store"/>
<opset="store_ln74/1 "/>
</bind>
</comp>

<comp id="48" class="1004" name="store_ln0_store_fu_48">
<pin_list>
<pin id="49" dir="0" index="0" bw="1" slack="0"/>
<pin id="50" dir="0" index="1" bw="8" slack="0"/>
<pin id="51" dir="1" index="2" bw="0" slack="2147483647"/>
</pin_list>
<bind>
<opcode="store(28) " fcode="store"/>
<opset="store_ln0/1 "/>
</bind>
</comp>

<comp id="53" class="1004" name="w_4_load_fu_53">
<pin_list>
<pin id="54" dir="0" index="0" bw="8" slack="0"/>
<pin id="55" dir="1" index="1" bw="8" slack="0"/>
</pin_list>
<bind>
<opcode="load(27) " fcode="load"/>
<opset="w_4/1 "/>
</bind>
</comp>

<comp id="56" class="1004" name="icmp_ln72_fu_56">
<pin_list>
<pin id="57" dir="0" index="0" bw="8" slack="0"/>
<pin id="58" dir="0" index="1" bw="8" slack="0"/>
<pin id="59" dir="1" index="2" bw="1" slack="2147483647"/>
</pin_list>
<bind>
<opcode="icmp(45) " fcode="icmp"/>
<opset="icmp_ln72/1 "/>
</bind>
</comp>

<comp id="62" class="1004" name="add_ln72_fu_62">
<pin_list>
<pin id="63" dir="0" index="0" bw="8" slack="0"/>
<pin id="64" dir="0" index="1" bw="1" slack="0"/>
<pin id="65" dir="1" index="2" bw="8" slack="0"/>
</pin_list>
<bind>
<opcode="add(8) " fcode="add"/>
<opset="add_ln72/1 "/>
</bind>
</comp>

<comp id="68" class="1004" name="w_cast_fu_68">
<pin_list>
<pin id="69" dir="0" index="0" bw="8" slack="0"/>
<pin id="70" dir="1" index="1" bw="64" slack="0"/>
</pin_list>
<bind>
<opcode="zext(34) " fcode="zext"/>
<opset="w_cast/1 "/>
</bind>
</comp>

<comp id="73" class="1004" name="store_ln72_store_fu_73">
<pin_list>
<pin id="74" dir="0" index="0" bw="8" slack="0"/>
<pin id="75" dir="0" index="1" bw="8" slack="0"/>
<pin id="76" dir="1" index="2" bw="0" slack="2147483647"/>
</pin_list>
<bind>
<opcode="store(28) " fcode="store"/>
<opset="store_ln72/1 "/>
</bind>
</comp>

<comp id="78" class="1005" name="w_reg_78">
<pin_list>
<pin id="79" dir="0" index="0" bw="8" slack="0"/>
<pin id="80" dir="1" index="1" bw="8" slack="0"/>
</pin_list>
<bind>
<opset="w "/>
</bind>
</comp>

</comp_list>

<net_list>
<net id="33"><net_src comp="2" pin="0"/><net_sink comp="30" pin=0"/></net>

<net id="39"><net_src comp="0" pin="0"/><net_sink comp="34" pin=0"/></net>

<net id="40"><net_src comp="18" pin="0"/><net_sink comp="34" pin=1"/></net>

<net id="46"><net_src comp="28" pin="0"/><net_sink comp="41" pin=1"/></net>

<net id="47"><net_src comp="34" pin="3"/><net_sink comp="41" pin=0"/></net>

<net id="52"><net_src comp="4" pin="0"/><net_sink comp="48" pin=0"/></net>

<net id="60"><net_src comp="53" pin="1"/><net_sink comp="56" pin=0"/></net>

<net id="61"><net_src comp="14" pin="0"/><net_sink comp="56" pin=1"/></net>

<net id="66"><net_src comp="53" pin="1"/><net_sink comp="62" pin=0"/></net>

<net id="67"><net_src comp="16" pin="0"/><net_sink comp="62" pin=1"/></net>

<net id="71"><net_src comp="53" pin="1"/><net_sink comp="68" pin=0"/></net>

<net id="72"><net_src comp="68" pin="1"/><net_sink comp="34" pin=2"/></net>

<net id="77"><net_src comp="62" pin="2"/><net_sink comp="73" pin=0"/></net>

<net id="81"><net_src comp="30" pin="1"/><net_sink comp="78" pin=0"/></net>

<net id="82"><net_src comp="78" pin="1"/><net_sink comp="48" pin=1"/></net>

<net id="83"><net_src comp="78" pin="1"/><net_sink comp="53" pin=0"/></net>

<net id="84"><net_src comp="78" pin="1"/><net_sink comp="73" pin=1"/></net>

</net_list>

</model> 
---------------- Datapath Model END ------------------

* FSMD analyzer results:
  - Output states:
	Port: output_fm_buffer_0 | {1 }
 - Input state : 
	Port: conv3_Pipeline_CLEARW : output_fm_buffer_0 | {}
  - Chain level:
	State 1
		store_ln0 : 1
		w_4 : 1
		icmp_ln72 : 2
		add_ln72 : 2
		br_ln72 : 3
		w_cast : 2
		output_fm_buffer_0_addr : 3
		store_ln74 : 4
		store_ln72 : 3


============================================================
+ Verbose Summary: Datapath Resource usage 
============================================================

* Functional unit list:
|----------|-----------------|---------|---------|
| Operation| Functional Unit |    FF   |   LUT   |
|----------|-----------------|---------|---------|
|   icmp   | icmp_ln72_fu_56 |    0    |    15   |
|----------|-----------------|---------|---------|
|    add   |  add_ln72_fu_62 |    0    |    15   |
|----------|-----------------|---------|---------|
|   zext   |   w_cast_fu_68  |    0    |    0    |
|----------|-----------------|---------|---------|
|   Total  |                 |    0    |    30   |
|----------|-----------------|---------|---------|

Memories:
N/A

* Register list:
+--------+--------+
|        |   FF   |
+--------+--------+
|w_reg_78|    8   |
+--------+--------+
|  Total |    8   |
+--------+--------+

* Multiplexer (MUX) list: 
|--------|------|------|------|--------|
|  Comp  |  Pin | Size |  BW  | S x BW |
|--------|------|------|------|--------|
|  Total |      |      |      |    0   |
|--------|------|------|------|--------|



* Summary:
+-----------+--------+--------+
|           |   FF   |   LUT  |
+-----------+--------+--------+
|  Function |    0   |   30   |
|   Memory  |    -   |    -   |
|Multiplexer|    -   |    -   |
|  Register |    8   |    -   |
+-----------+--------+--------+
|   Total   |    8   |   30   |
+-----------+--------+--------+
