

================================================================
== Vitis HLS Report for 'conv1_Pipeline_5'
================================================================
* Date:           Fri Nov  3 02:33:22 2023

* Version:        2023.1 (Build 3854077 on May  4 2023)
* Project:        srcnn_hls
* Solution:       solution1 (Vivado IP Flow Target)
* Product family: zynquplus
* Target device:  xck24-ubva530-2LV-c


================================================================
== Performance Estimates
================================================================
+ Timing: 
    * Summary: 
    +--------+----------+----------+------------+
    |  Clock |  Target  | Estimated| Uncertainty|
    +--------+----------+----------+------------+
    |ap_clk  |  10.00 ns|  7.300 ns|     2.70 ns|
    +--------+----------+----------+------------+

+ Latency: 
    * Summary: 
    +---------+---------+----------+----------+-----+-----+---------+
    |  Latency (cycles) |  Latency (absolute) |  Interval | Pipeline|
    |   min   |   max   |    min   |    max   | min | max |   Type  |
    +---------+---------+----------+----------+-----+-----+---------+
    |      258|      258|  2.580 us|  2.580 us|  258|  258|       no|
    +---------+---------+----------+----------+-----+-----+---------+

    + Detail: 
        * Instance: 
        N/A

        * Loop: 
        +----------+---------+---------+----------+-----------+-----------+------+----------+
        |          |  Latency (cycles) | Iteration|  Initiation Interval  | Trip |          |
        | Loop Name|   min   |   max   |  Latency |  achieved |   target  | Count| Pipelined|
        +----------+---------+---------+----------+-----------+-----------+------+----------+
        |- Loop 1  |      256|      256|         3|          1|          1|   255|       yes|
        +----------+---------+---------+----------+-----------+-----------+------+----------+



================================================================
== Utilization Estimates
================================================================
* Summary: 
+-----------------+---------+-----+--------+-------+-----+
|       Name      | BRAM_18K| DSP |   FF   |  LUT  | URAM|
+-----------------+---------+-----+--------+-------+-----+
|DSP              |        -|    -|       -|      -|    -|
|Expression       |        -|    -|       0|     34|    -|
|FIFO             |        -|    -|       -|      -|    -|
|Instance         |        -|    -|       0|      9|    -|
|Memory           |        -|    -|       -|      -|    -|
|Multiplexer      |        -|    -|       -|     45|    -|
|Register         |        -|    -|      47|      -|    -|
+-----------------+---------+-----+--------+-------+-----+
|Total            |        0|    0|      47|     88|    0|
+-----------------+---------+-----+--------+-------+-----+
|Available        |      432|  360|  141120|  70560|    0|
+-----------------+---------+-----+--------+-------+-----+
|Utilization (%)  |        0|    0|      ~0|     ~0|    0|
+-----------------+---------+-----+--------+-------+-----+

+ Detail: 
    * Instance: 
    +---------------------+----------------+---------+----+---+----+-----+
    |       Instance      |     Module     | BRAM_18K| DSP| FF| LUT| URAM|
    +---------------------+----------------+---------+----+---+----+-----+
    |mux_2_1_32_1_1_U350  |mux_2_1_32_1_1  |        0|   0|  0|   9|    0|
    +---------------------+----------------+---------+----+---+----+-----+
    |Total                |                |        0|   0|  0|   9|    0|
    +---------------------+----------------+---------+----+---+----+-----+

    * DSP: 
    N/A

    * Memory: 
    N/A

    * FIFO: 
    N/A

    * Expression: 
    +---------------------------+----------+----+---+----+------------+------------+
    |       Variable Name       | Operation| DSP| FF| LUT| Bitwidth P0| Bitwidth P1|
    +---------------------------+----------+----+---+----+------------+------------+
    |empty_fu_132_p2            |         +|   0|  0|  15|           8|           1|
    |ap_block_pp0_stage0_11001  |       and|   0|  0|   2|           1|           1|
    |exitcond104724_fu_126_p2   |      icmp|   0|  0|  15|           8|           2|
    |ap_enable_pp0              |       xor|   0|  0|   2|           1|           2|
    +---------------------------+----------+----+---+----+------------+------------+
    |Total                      |          |   0|  0|  34|          18|           6|
    +---------------------------+----------+----+---+----+------------+------------+

    * Multiplexer: 
    +-----------------------------------------+----+-----------+-----+-----------+
    |                   Name                  | LUT| Input Size| Bits| Total Bits|
    +-----------------------------------------+----+-----------+-----+-----------+
    |ap_done_int                              |   9|          2|    1|          2|
    |ap_enable_reg_pp0_iter2                  |   9|          2|    1|          2|
    |ap_sig_allocacmp_loop_index_1_i971_load  |   9|          2|    8|         16|
    |i2_blk_n_W                               |   9|          2|    1|          2|
    |loop_index_1_i971_fu_64                  |   9|          2|    8|         16|
    +-----------------------------------------+----+-----------+-----+-----------+
    |Total                                    |  45|         10|   19|         38|
    +-----------------------------------------+----+-----------+-----+-----------+

    * Register: 
    +----------------------------------+----+----+-----+-----------+
    |               Name               | FF | LUT| Bits| Const Bits|
    +----------------------------------+----+----+-----+-----------+
    |ap_CS_fsm                         |   1|   0|    1|          0|
    |ap_done_reg                       |   1|   0|    1|          0|
    |ap_enable_reg_pp0_iter1           |   1|   0|    1|          0|
    |ap_enable_reg_pp0_iter2           |   1|   0|    1|          0|
    |ap_loop_exit_ready_pp0_iter1_reg  |   1|   0|    1|          0|
    |exitcond104724_reg_195            |   1|   0|    1|          0|
    |loop_index_1_i971_fu_64           |   8|   0|    8|          0|
    |tmp_205_reg_219                   |  32|   0|   32|          0|
    |tmp_reg_209                       |   1|   0|    1|          0|
    +----------------------------------+----+----+-----+-----------+
    |Total                             |  47|   0|   47|          0|
    +----------------------------------+----+----+-----+-----------+



================================================================
== Interface
================================================================
* Summary: 
+--------------------------------------------------------------------------+-----+-----+------------+-----------------------------------------------------------------+--------------+
|                                 RTL Ports                                | Dir | Bits|  Protocol  |                          Source Object                          |    C Type    |
+--------------------------------------------------------------------------+-----+-----+------------+-----------------------------------------------------------------+--------------+
|ap_clk                                                                    |   in|    1|  ap_ctrl_hs|                                                 conv1_Pipeline_5|  return value|
|ap_rst                                                                    |   in|    1|  ap_ctrl_hs|                                                 conv1_Pipeline_5|  return value|
|ap_start                                                                  |   in|    1|  ap_ctrl_hs|                                                 conv1_Pipeline_5|  return value|
|ap_done                                                                   |  out|    1|  ap_ctrl_hs|                                                 conv1_Pipeline_5|  return value|
|ap_idle                                                                   |  out|    1|  ap_ctrl_hs|                                                 conv1_Pipeline_5|  return value|
|ap_ready                                                                  |  out|    1|  ap_ctrl_hs|                                                 conv1_Pipeline_5|  return value|
|m_axi_i2_AWVALID                                                          |  out|    1|       m_axi|                                                               i2|       pointer|
|m_axi_i2_AWREADY                                                          |   in|    1|       m_axi|                                                               i2|       pointer|
|m_axi_i2_AWADDR                                                           |  out|   64|       m_axi|                                                               i2|       pointer|
|m_axi_i2_AWID                                                             |  out|    1|       m_axi|                                                               i2|       pointer|
|m_axi_i2_AWLEN                                                            |  out|   32|       m_axi|                                                               i2|       pointer|
|m_axi_i2_AWSIZE                                                           |  out|    3|       m_axi|                                                               i2|       pointer|
|m_axi_i2_AWBURST                                                          |  out|    2|       m_axi|                                                               i2|       pointer|
|m_axi_i2_AWLOCK                                                           |  out|    2|       m_axi|                                                               i2|       pointer|
|m_axi_i2_AWCACHE                                                          |  out|    4|       m_axi|                                                               i2|       pointer|
|m_axi_i2_AWPROT                                                           |  out|    3|       m_axi|                                                               i2|       pointer|
|m_axi_i2_AWQOS                                                            |  out|    4|       m_axi|                                                               i2|       pointer|
|m_axi_i2_AWREGION                                                         |  out|    4|       m_axi|                                                               i2|       pointer|
|m_axi_i2_AWUSER                                                           |  out|    1|       m_axi|                                                               i2|       pointer|
|m_axi_i2_WVALID                                                           |  out|    1|       m_axi|                                                               i2|       pointer|
|m_axi_i2_WREADY                                                           |   in|    1|       m_axi|                                                               i2|       pointer|
|m_axi_i2_WDATA                                                            |  out|   32|       m_axi|                                                               i2|       pointer|
|m_axi_i2_WSTRB                                                            |  out|    4|       m_axi|                                                               i2|       pointer|
|m_axi_i2_WLAST                                                            |  out|    1|       m_axi|                                                               i2|       pointer|
|m_axi_i2_WID                                                              |  out|    1|       m_axi|                                                               i2|       pointer|
|m_axi_i2_WUSER                                                            |  out|    1|       m_axi|                                                               i2|       pointer|
|m_axi_i2_ARVALID                                                          |  out|    1|       m_axi|                                                               i2|       pointer|
|m_axi_i2_ARREADY                                                          |   in|    1|       m_axi|                                                               i2|       pointer|
|m_axi_i2_ARADDR                                                           |  out|   64|       m_axi|                                                               i2|       pointer|
|m_axi_i2_ARID                                                             |  out|    1|       m_axi|                                                               i2|       pointer|
|m_axi_i2_ARLEN                                                            |  out|   32|       m_axi|                                                               i2|       pointer|
|m_axi_i2_ARSIZE                                                           |  out|    3|       m_axi|                                                               i2|       pointer|
|m_axi_i2_ARBURST                                                          |  out|    2|       m_axi|                                                               i2|       pointer|
|m_axi_i2_ARLOCK                                                           |  out|    2|       m_axi|                                                               i2|       pointer|
|m_axi_i2_ARCACHE                                                          |  out|    4|       m_axi|                                                               i2|       pointer|
|m_axi_i2_ARPROT                                                           |  out|    3|       m_axi|                                                               i2|       pointer|
|m_axi_i2_ARQOS                                                            |  out|    4|       m_axi|                                                               i2|       pointer|
|m_axi_i2_ARREGION                                                         |  out|    4|       m_axi|                                                               i2|       pointer|
|m_axi_i2_ARUSER                                                           |  out|    1|       m_axi|                                                               i2|       pointer|
|m_axi_i2_RVALID                                                           |   in|    1|       m_axi|                                                               i2|       pointer|
|m_axi_i2_RREADY                                                           |  out|    1|       m_axi|                                                               i2|       pointer|
|m_axi_i2_RDATA                                                            |   in|   32|       m_axi|                                                               i2|       pointer|
|m_axi_i2_RLAST                                                            |   in|    1|       m_axi|                                                               i2|       pointer|
|m_axi_i2_RID                                                              |   in|    1|       m_axi|                                                               i2|       pointer|
|m_axi_i2_RFIFONUM                                                         |   in|   13|       m_axi|                                                               i2|       pointer|
|m_axi_i2_RUSER                                                            |   in|    1|       m_axi|                                                               i2|       pointer|
|m_axi_i2_RRESP                                                            |   in|    2|       m_axi|                                                               i2|       pointer|
|m_axi_i2_BVALID                                                           |   in|    1|       m_axi|                                                               i2|       pointer|
|m_axi_i2_BREADY                                                           |  out|    1|       m_axi|                                                               i2|       pointer|
|m_axi_i2_BRESP                                                            |   in|    2|       m_axi|                                                               i2|       pointer|
|m_axi_i2_BID                                                              |   in|    1|       m_axi|                                                               i2|       pointer|
|m_axi_i2_BUSER                                                            |   in|    1|       m_axi|                                                               i2|       pointer|
|sext_ln146_1                                                              |   in|   62|     ap_none|                                                     sext_ln146_1|        scalar|
|tmp_326                                                                   |   in|    7|     ap_none|                                                          tmp_326|        scalar|
|conv1_ap_fixed_255_255_ap_fixed_1_9_9_ap_fixed_ap_fixed_255_2_1_address0  |  out|   14|   ap_memory|  conv1_ap_fixed_255_255_ap_fixed_1_9_9_ap_fixed_ap_fixed_255_2_1|         array|
|conv1_ap_fixed_255_255_ap_fixed_1_9_9_ap_fixed_ap_fixed_255_2_1_ce0       |  out|    1|   ap_memory|  conv1_ap_fixed_255_255_ap_fixed_1_9_9_ap_fixed_ap_fixed_255_2_1|         array|
|conv1_ap_fixed_255_255_ap_fixed_1_9_9_ap_fixed_ap_fixed_255_2_1_q0        |   in|   32|   ap_memory|  conv1_ap_fixed_255_255_ap_fixed_1_9_9_ap_fixed_ap_fixed_255_2_1|         array|
|conv1_ap_fixed_255_255_ap_fixed_1_9_9_ap_fixed_ap_fixed_255_2_address0    |  out|   14|   ap_memory|    conv1_ap_fixed_255_255_ap_fixed_1_9_9_ap_fixed_ap_fixed_255_2|         array|
|conv1_ap_fixed_255_255_ap_fixed_1_9_9_ap_fixed_ap_fixed_255_2_ce0         |  out|    1|   ap_memory|    conv1_ap_fixed_255_255_ap_fixed_1_9_9_ap_fixed_ap_fixed_255_2|         array|
|conv1_ap_fixed_255_255_ap_fixed_1_9_9_ap_fixed_ap_fixed_255_2_q0          |   in|   32|   ap_memory|    conv1_ap_fixed_255_255_ap_fixed_1_9_9_ap_fixed_ap_fixed_255_2|         array|
+--------------------------------------------------------------------------+-----+-----+------------+-----------------------------------------------------------------+--------------+

============================================================
+ Verbose Summary: Synthesis Manager
============================================================
InlineROM: 1
ExposeGlobal: 0
============================================================
+ Verbose Summary: CDFG Model
============================================================
IsTopModel: 0
ResetActiveHigh: 1
IsCombinational: 2
IsDatapathOnly: 2
HasWiredReturn: 1
HasMFsm: 2
HasVarLatency: 1
IsPipeline: 0
IsRtlPipelined: 0
IsInstanceOverlapped: 0
IsDontTouch: 0
HasImplIP: 0
IsGatedGlobalClock: 0

+ Individual pipeline summary: 
  * Pipeline-0: initiation interval (II) = 1, depth = 3


============================================================
+ Verbose Summary: Schedule
============================================================
* Number of FSM states : 3
* Pipeline : 1
  Pipeline-0 : II = 1, D = 3, States = { 1 2 3 }
* Dataflow Pipeline: 0

* FSM state transitions: 
1 --> 2 
2 --> 3 
3 --> 

* FSM state operations: 

State 1 <SV = 0> <Delay = 1.23>
ST_1 : Operation 6 [1/1] (0.00ns)   --->   "%loop_index_1_i971 = alloca i32 1"   --->   Operation 6 'alloca' 'loop_index_1_i971' <Predicate = true> <Delay = 0.00>
ST_1 : Operation 7 [1/1] (0.00ns)   --->   "%tmp_326_read = read i7 @_ssdm_op_Read.ap_auto.i7, i7 %tmp_326"   --->   Operation 7 'read' 'tmp_326_read' <Predicate = true> <Delay = 0.00>
ST_1 : Operation 8 [1/1] (0.00ns)   --->   "%sext_ln146_1_read = read i62 @_ssdm_op_Read.ap_auto.i62, i62 %sext_ln146_1"   --->   Operation 8 'read' 'sext_ln146_1_read' <Predicate = true> <Delay = 0.00>
ST_1 : Operation 9 [1/1] (0.00ns)   --->   "%sext_ln146_1_cast = sext i62 %sext_ln146_1_read"   --->   Operation 9 'sext' 'sext_ln146_1_cast' <Predicate = true> <Delay = 0.00>
ST_1 : Operation 10 [1/1] (0.00ns)   --->   "%specinterface_ln0 = specinterface void @_ssdm_op_SpecInterface, i32 %i2, void @empty_0, i32 0, i32 0, void @empty_2, i32 0, i32 512, void @empty_25, void @empty_33, void @empty_2, i32 16, i32 16, i32 256, i32 256, void @empty_2, void @empty_2, i32 4294967295, i32 0"   --->   Operation 10 'specinterface' 'specinterface_ln0' <Predicate = true> <Delay = 0.00>
ST_1 : Operation 11 [1/1] (0.42ns)   --->   "%store_ln0 = store i8 0, i8 %loop_index_1_i971"   --->   Operation 11 'store' 'store_ln0' <Predicate = true> <Delay = 0.42>
ST_1 : Operation 12 [1/1] (0.00ns)   --->   "%br_ln0 = br void %load-store-loop.1.i972"   --->   Operation 12 'br' 'br_ln0' <Predicate = true> <Delay = 0.00>
ST_1 : Operation 13 [1/1] (0.00ns)   --->   "%loop_index_1_i971_load = load i8 %loop_index_1_i971"   --->   Operation 13 'load' 'loop_index_1_i971_load' <Predicate = true> <Delay = 0.00>
ST_1 : Operation 14 [1/1] (0.76ns)   --->   "%exitcond104724 = icmp_eq  i8 %loop_index_1_i971_load, i8 255"   --->   Operation 14 'icmp' 'exitcond104724' <Predicate = true> <Delay = 0.76> <CoreInst = "Cmp">   --->   Core 9 'Cmp' <Latency = 0> <II = 1> <Delay = 0.76> <FuncUnit> <Opcode : 'icmp'> <InPorts = 2> <OutPorts = 1>
ST_1 : Operation 15 [1/1] (0.76ns)   --->   "%empty = add i8 %loop_index_1_i971_load, i8 1"   --->   Operation 15 'add' 'empty' <Predicate = true> <Delay = 0.76> <CoreInst = "Adder">   --->   Core 1 'Adder' <Latency = 0> <II = 1> <Delay = 0.76> <FuncUnit> <Opcode : 'add' 'sub'> <InPorts = 2> <OutPorts = 1>
ST_1 : Operation 16 [1/1] (0.00ns)   --->   "%br_ln0 = br i1 %exitcond104724, void %load-store-loop.1.i972.split, void %for.inc45.1.i.exitStub"   --->   Operation 16 'br' 'br_ln0' <Predicate = true> <Delay = 0.00>
ST_1 : Operation 17 [1/1] (0.00ns)   --->   "%empty_405 = trunc i8 %loop_index_1_i971_load"   --->   Operation 17 'trunc' 'empty_405' <Predicate = (!exitcond104724)> <Delay = 0.00>
ST_1 : Operation 18 [1/1] (0.00ns)   --->   "%tmp_339 = bitconcatenate i14 @_ssdm_op_BitConcatenate.i14.i7.i7, i7 %tmp_326_read, i7 %empty_405"   --->   Operation 18 'bitconcatenate' 'tmp_339' <Predicate = (!exitcond104724)> <Delay = 0.00>
ST_1 : Operation 19 [1/1] (0.00ns)   --->   "%tmp_339_cast = zext i14 %tmp_339"   --->   Operation 19 'zext' 'tmp_339_cast' <Predicate = (!exitcond104724)> <Delay = 0.00>
ST_1 : Operation 20 [1/1] (0.00ns)   --->   "%conv1_ap_fixed_255_255_ap_fixed_1_9_9_ap_fixed_ap_fixed_255_2_623 = getelementptr i32 %conv1_ap_fixed_255_255_ap_fixed_1_9_9_ap_fixed_ap_fixed_255_2_1, i64 0, i64 %tmp_339_cast"   --->   Operation 20 'getelementptr' 'conv1_ap_fixed_255_255_ap_fixed_1_9_9_ap_fixed_ap_fixed_255_2_623' <Predicate = (!exitcond104724)> <Delay = 0.00>
ST_1 : Operation 21 [1/1] (0.00ns)   --->   "%conv1_ap_fixed_255_255_ap_fixed_1_9_9_ap_fixed_ap_fixed_255_2_624 = getelementptr i32 %conv1_ap_fixed_255_255_ap_fixed_1_9_9_ap_fixed_ap_fixed_255_2, i64 0, i64 %tmp_339_cast"   --->   Operation 21 'getelementptr' 'conv1_ap_fixed_255_255_ap_fixed_1_9_9_ap_fixed_ap_fixed_255_2_624' <Predicate = (!exitcond104724)> <Delay = 0.00>
ST_1 : Operation 22 [1/1] (0.00ns)   --->   "%tmp = bitselect i1 @_ssdm_op_BitSelect.i1.i8.i32, i8 %loop_index_1_i971_load, i32 7"   --->   Operation 22 'bitselect' 'tmp' <Predicate = (!exitcond104724)> <Delay = 0.00>
ST_1 : Operation 23 [2/2] (1.23ns)   --->   "%conv1_ap_fixed_255_255_ap_fixed_1_9_9_ap_fixed_ap_fixed_255_2_625 = load i14 %conv1_ap_fixed_255_255_ap_fixed_1_9_9_ap_fixed_ap_fixed_255_2_623"   --->   Operation 23 'load' 'conv1_ap_fixed_255_255_ap_fixed_1_9_9_ap_fixed_ap_fixed_255_2_625' <Predicate = (!exitcond104724)> <Delay = 1.23> <CoreInst = "RAM">   --->   Core 83 'RAM' <Latency = 1> <II = 1> <Delay = 1.23> <Storage> <Opcode : 'load' 'store'> <Ports = 2> <Width = 32> <Depth = 15360> <RAM>
ST_1 : Operation 24 [2/2] (1.23ns)   --->   "%conv1_ap_fixed_255_255_ap_fixed_1_9_9_ap_fixed_ap_fixed_255_2_626 = load i14 %conv1_ap_fixed_255_255_ap_fixed_1_9_9_ap_fixed_ap_fixed_255_2_624"   --->   Operation 24 'load' 'conv1_ap_fixed_255_255_ap_fixed_1_9_9_ap_fixed_ap_fixed_255_2_626' <Predicate = (!exitcond104724)> <Delay = 1.23> <CoreInst = "RAM">   --->   Core 83 'RAM' <Latency = 1> <II = 1> <Delay = 1.23> <Storage> <Opcode : 'load' 'store'> <Ports = 2> <Width = 32> <Depth = 15360> <RAM>
ST_1 : Operation 25 [1/1] (0.42ns)   --->   "%store_ln0 = store i8 %empty, i8 %loop_index_1_i971"   --->   Operation 25 'store' 'store_ln0' <Predicate = (!exitcond104724)> <Delay = 0.42>

State 2 <SV = 1> <Delay = 1.66>
ST_2 : Operation 26 [1/1] (0.00ns)   --->   "%i2_addr = getelementptr i32 %i2, i64 %sext_ln146_1_cast" [src/conv1.cpp:146->src/conv1.cpp:62]   --->   Operation 26 'getelementptr' 'i2_addr' <Predicate = true> <Delay = 0.00>
ST_2 : Operation 27 [1/1] (0.00ns)   --->   "%specpipeline_ln0 = specpipeline void @_ssdm_op_SpecPipeline, i32 4294967295, i32 0, i32 1, i32 0, void @p_str"   --->   Operation 27 'specpipeline' 'specpipeline_ln0' <Predicate = true> <Delay = 0.00>
ST_2 : Operation 28 [1/2] (1.23ns)   --->   "%conv1_ap_fixed_255_255_ap_fixed_1_9_9_ap_fixed_ap_fixed_255_2_625 = load i14 %conv1_ap_fixed_255_255_ap_fixed_1_9_9_ap_fixed_ap_fixed_255_2_623"   --->   Operation 28 'load' 'conv1_ap_fixed_255_255_ap_fixed_1_9_9_ap_fixed_ap_fixed_255_2_625' <Predicate = (!exitcond104724)> <Delay = 1.23> <CoreInst = "RAM">   --->   Core 83 'RAM' <Latency = 1> <II = 1> <Delay = 1.23> <Storage> <Opcode : 'load' 'store'> <Ports = 2> <Width = 32> <Depth = 15360> <RAM>
ST_2 : Operation 29 [1/2] (1.23ns)   --->   "%conv1_ap_fixed_255_255_ap_fixed_1_9_9_ap_fixed_ap_fixed_255_2_626 = load i14 %conv1_ap_fixed_255_255_ap_fixed_1_9_9_ap_fixed_ap_fixed_255_2_624"   --->   Operation 29 'load' 'conv1_ap_fixed_255_255_ap_fixed_1_9_9_ap_fixed_ap_fixed_255_2_626' <Predicate = (!exitcond104724)> <Delay = 1.23> <CoreInst = "RAM">   --->   Core 83 'RAM' <Latency = 1> <II = 1> <Delay = 1.23> <Storage> <Opcode : 'load' 'store'> <Ports = 2> <Width = 32> <Depth = 15360> <RAM>
ST_2 : Operation 30 [1/1] (0.42ns)   --->   "%tmp_205 = mux i32 @_ssdm_op_Mux.ap_auto.2i32.i1, i32 %conv1_ap_fixed_255_255_ap_fixed_1_9_9_ap_fixed_ap_fixed_255_2_625, i32 %conv1_ap_fixed_255_255_ap_fixed_1_9_9_ap_fixed_ap_fixed_255_2_626, i1 %tmp"   --->   Operation 30 'mux' 'tmp_205' <Predicate = (!exitcond104724)> <Delay = 0.42> <CoreInst = "Multiplexer">   --->   Core 76 'Multiplexer' <Latency = 0> <II = 1> <Delay = 0.42> <FuncUnit> <Opcode : 'mux'> <InPorts = 2> <OutPorts = 1>
ST_2 : Operation 34 [1/1] (0.00ns)   --->   "%ret_ln0 = ret"   --->   Operation 34 'ret' 'ret_ln0' <Predicate = (exitcond104724)> <Delay = 0.00>

State 3 <SV = 2> <Delay = 7.30>
ST_3 : Operation 31 [1/1] (0.00ns)   --->   "%speclooptripcount_ln0 = speclooptripcount void @_ssdm_op_SpecLoopTripCount, i64 255, i64 255, i64 255"   --->   Operation 31 'speclooptripcount' 'speclooptripcount_ln0' <Predicate = true> <Delay = 0.00>
ST_3 : Operation 32 [1/1] (7.30ns)   --->   "%write_ln146 = write void @_ssdm_op_Write.m_axi.p1i32, i64 %i2_addr, i32 %tmp_205, i4 15" [src/conv1.cpp:146->src/conv1.cpp:62]   --->   Operation 32 'write' 'write_ln146' <Predicate = true> <Delay = 7.30> <CoreInst = "m_axi">   --->   Core 121 'm_axi' <Latency = 0> <II = 1> <Delay = 1.00> <Adapter> <Opcode : 'read' 'write' 'readreq' 'writereq' 'writeresp'>
ST_3 : Operation 33 [1/1] (0.00ns)   --->   "%br_ln0 = br void %load-store-loop.1.i972"   --->   Operation 33 'br' 'br_ln0' <Predicate = true> <Delay = 0.00>


============================================================
+ Verbose Summary: Binding
============================================================
STG Binding: 
---------------- STG Properties BEGIN ----------------
- Is combinational: 0
- Is one-state seq: 0
- Is datapath-only: 0
- Is pipelined: 0
- Is top level: 0
Port [ Return ] is wired: 1; IO mode=ap_ctrl_hs:ce=0
Port [ i2]:  wired=1; compound=1; hidden=0; nouse=0; global=0; static=0; extern=0; dir=1; type=4; pingpong=0; private_global=0; IO mode=m_axi:ce=0
Port [ sext_ln146_1]:  wired=1; compound=0; hidden=0; nouse=0; global=0; static=0; extern=0; dir=0; type=0; pingpong=0; private_global=0; IO mode=ap_none:ce=0
Port [ tmp_326]:  wired=1; compound=0; hidden=0; nouse=0; global=0; static=0; extern=0; dir=0; type=0; pingpong=0; private_global=0; IO mode=ap_none:ce=0
Port [ conv1_ap_fixed_255_255_ap_fixed_1_9_9_ap_fixed_ap_fixed_255_2_1]:  wired=1; compound=1; hidden=0; nouse=0; global=1; static=1; extern=0; dir=0; type=1; pingpong=0; private_global=0; MemPort=[13]; IO mode=ap_memory:ce=0
Port [ conv1_ap_fixed_255_255_ap_fixed_1_9_9_ap_fixed_ap_fixed_255_2]:  wired=1; compound=1; hidden=0; nouse=0; global=1; static=1; extern=0; dir=0; type=1; pingpong=0; private_global=0; MemPort=[13]; IO mode=ap_memory:ce=0
---------------- STG Properties END ------------------

---------------- Datapath Model BEGIN ----------------

<LifeTime>
<method=bitvector/>
loop_index_1_i971                                                 (alloca           ) [ 0100]
tmp_326_read                                                      (read             ) [ 0000]
sext_ln146_1_read                                                 (read             ) [ 0000]
sext_ln146_1_cast                                                 (sext             ) [ 0110]
specinterface_ln0                                                 (specinterface    ) [ 0000]
store_ln0                                                         (store            ) [ 0000]
br_ln0                                                            (br               ) [ 0000]
loop_index_1_i971_load                                            (load             ) [ 0000]
exitcond104724                                                    (icmp             ) [ 0110]
empty                                                             (add              ) [ 0000]
br_ln0                                                            (br               ) [ 0000]
empty_405                                                         (trunc            ) [ 0000]
tmp_339                                                           (bitconcatenate   ) [ 0000]
tmp_339_cast                                                      (zext             ) [ 0000]
conv1_ap_fixed_255_255_ap_fixed_1_9_9_ap_fixed_ap_fixed_255_2_623 (getelementptr    ) [ 0110]
conv1_ap_fixed_255_255_ap_fixed_1_9_9_ap_fixed_ap_fixed_255_2_624 (getelementptr    ) [ 0110]
tmp                                                               (bitselect        ) [ 0110]
store_ln0                                                         (store            ) [ 0000]
i2_addr                                                           (getelementptr    ) [ 0101]
specpipeline_ln0                                                  (specpipeline     ) [ 0000]
conv1_ap_fixed_255_255_ap_fixed_1_9_9_ap_fixed_ap_fixed_255_2_625 (load             ) [ 0000]
conv1_ap_fixed_255_255_ap_fixed_1_9_9_ap_fixed_ap_fixed_255_2_626 (load             ) [ 0000]
tmp_205                                                           (mux              ) [ 0101]
speclooptripcount_ln0                                             (speclooptripcount) [ 0000]
write_ln146                                                       (write            ) [ 0000]
br_ln0                                                            (br               ) [ 0000]
ret_ln0                                                           (ret              ) [ 0000]
</LifeTime>

<model>

<comp_list>
<comp id="0" class="1000" name="i2">
<pin_list>
<pin id="1" dir="1" index="0" bw="1" slack="0"/>
</pin_list>
<bind>
<StgValue><ssdm name="i2"/></StgValue>
</bind>
</comp>

<comp id="2" class="1000" name="sext_ln146_1">
<pin_list>
<pin id="3" dir="1" index="0" bw="1" slack="0"/>
</pin_list>
<bind>
<StgValue><ssdm name="sext_ln146_1"/></StgValue>
</bind>
</comp>

<comp id="4" class="1000" name="tmp_326">
<pin_list>
<pin id="5" dir="1" index="0" bw="1" slack="0"/>
</pin_list>
<bind>
<StgValue><ssdm name="tmp_326"/></StgValue>
</bind>
</comp>

<comp id="6" class="1000" name="conv1_ap_fixed_255_255_ap_fixed_1_9_9_ap_fixed_ap_fixed_255_2_1">
<pin_list>
<pin id="7" dir="1" index="0" bw="1" slack="0"/>
</pin_list>
<bind>
<StgValue><ssdm name="conv1_ap_fixed_255_255_ap_fixed_1_9_9_ap_fixed_ap_fixed_255_2_1"/><MemPortTyVec>1 3 </MemPortTyVec>
</StgValue>
</bind>
</comp>

<comp id="8" class="1000" name="conv1_ap_fixed_255_255_ap_fixed_1_9_9_ap_fixed_ap_fixed_255_2">
<pin_list>
<pin id="9" dir="1" index="0" bw="1" slack="0"/>
</pin_list>
<bind>
<StgValue><ssdm name="conv1_ap_fixed_255_255_ap_fixed_1_9_9_ap_fixed_ap_fixed_255_2"/><MemPortTyVec>1 3 </MemPortTyVec>
</StgValue>
</bind>
</comp>

<comp id="10" class="1001" name="const_10">
<pin_list>
<pin id="11" dir="1" index="0" bw="1" slack="0"/>
</pin_list>
<bind>
<StgValue><ssdm name=""/></StgValue>
</bind>
</comp>

<comp id="12" class="1001" name="const_12">
<pin_list>
<pin id="13" dir="1" index="0" bw="1" slack="0"/>
</pin_list>
<bind>
<StgValue><ssdm name="_ssdm_op_Read.ap_auto.i7"/></StgValue>
</bind>
</comp>

<comp id="14" class="1001" name="const_14">
<pin_list>
<pin id="15" dir="1" index="0" bw="1" slack="0"/>
</pin_list>
<bind>
<StgValue><ssdm name="_ssdm_op_Read.ap_auto.i62"/></StgValue>
</bind>
</comp>

<comp id="16" class="1001" name="const_16">
<pin_list>
<pin id="17" dir="1" index="0" bw="1" slack="2147483647"/>
</pin_list>
<bind>
<StgValue><ssdm name="_ssdm_op_SpecInterface"/></StgValue>
</bind>
</comp>

<comp id="18" class="1001" name="const_18">
<pin_list>
<pin id="19" dir="1" index="0" bw="1" slack="2147483647"/>
</pin_list>
<bind>
<StgValue><ssdm name="empty_0"/></StgValue>
</bind>
</comp>

<comp id="20" class="1001" name="const_20">
<pin_list>
<pin id="21" dir="1" index="0" bw="1" slack="2147483647"/>
</pin_list>
<bind>
<StgValue><ssdm name=""/></StgValue>
</bind>
</comp>

<comp id="22" class="1001" name="const_22">
<pin_list>
<pin id="23" dir="1" index="0" bw="1" slack="2147483647"/>
</pin_list>
<bind>
<StgValue><ssdm name="empty_2"/></StgValue>
</bind>
</comp>

<comp id="24" class="1001" name="const_24">
<pin_list>
<pin id="25" dir="1" index="0" bw="1" slack="2147483647"/>
</pin_list>
<bind>
<StgValue><ssdm name=""/></StgValue>
</bind>
</comp>

<comp id="26" class="1001" name="const_26">
<pin_list>
<pin id="27" dir="1" index="0" bw="1" slack="2147483647"/>
</pin_list>
<bind>
<StgValue><ssdm name="empty_25"/></StgValue>
</bind>
</comp>

<comp id="28" class="1001" name="const_28">
<pin_list>
<pin id="29" dir="1" index="0" bw="1" slack="2147483647"/>
</pin_list>
<bind>
<StgValue><ssdm name="empty_33"/></StgValue>
</bind>
</comp>

<comp id="30" class="1001" name="const_30">
<pin_list>
<pin id="31" dir="1" index="0" bw="1" slack="2147483647"/>
</pin_list>
<bind>
<StgValue><ssdm name=""/></StgValue>
</bind>
</comp>

<comp id="32" class="1001" name="const_32">
<pin_list>
<pin id="33" dir="1" index="0" bw="1" slack="2147483647"/>
</pin_list>
<bind>
<StgValue><ssdm name=""/></StgValue>
</bind>
</comp>

<comp id="34" class="1001" name="const_34">
<pin_list>
<pin id="35" dir="1" index="0" bw="1" slack="2147483647"/>
</pin_list>
<bind>
<StgValue><ssdm name=""/></StgValue>
</bind>
</comp>

<comp id="36" class="1001" name="const_36">
<pin_list>
<pin id="37" dir="1" index="0" bw="1" slack="0"/>
</pin_list>
<bind>
<StgValue><ssdm name=""/></StgValue>
</bind>
</comp>

<comp id="38" class="1001" name="const_38">
<pin_list>
<pin id="39" dir="1" index="0" bw="1" slack="0"/>
</pin_list>
<bind>
<StgValue><ssdm name=""/></StgValue>
</bind>
</comp>

<comp id="40" class="1001" name="const_40">
<pin_list>
<pin id="41" dir="1" index="0" bw="1" slack="0"/>
</pin_list>
<bind>
<StgValue><ssdm name=""/></StgValue>
</bind>
</comp>

<comp id="42" class="1001" name="const_42">
<pin_list>
<pin id="43" dir="1" index="0" bw="1" slack="0"/>
</pin_list>
<bind>
<StgValue><ssdm name="_ssdm_op_BitConcatenate.i14.i7.i7"/></StgValue>
</bind>
</comp>

<comp id="44" class="1001" name="const_44">
<pin_list>
<pin id="45" dir="1" index="0" bw="1" slack="0"/>
</pin_list>
<bind>
<StgValue><ssdm name=""/></StgValue>
</bind>
</comp>

<comp id="46" class="1001" name="const_46">
<pin_list>
<pin id="47" dir="1" index="0" bw="1" slack="0"/>
</pin_list>
<bind>
<StgValue><ssdm name="_ssdm_op_BitSelect.i1.i8.i32"/></StgValue>
</bind>
</comp>

<comp id="48" class="1001" name="const_48">
<pin_list>
<pin id="49" dir="1" index="0" bw="1" slack="0"/>
</pin_list>
<bind>
<StgValue><ssdm name=""/></StgValue>
</bind>
</comp>

<comp id="50" class="1001" name="const_50">
<pin_list>
<pin id="51" dir="1" index="0" bw="1" slack="2147483647"/>
</pin_list>
<bind>
<StgValue><ssdm name="_ssdm_op_SpecPipeline"/></StgValue>
</bind>
</comp>

<comp id="52" class="1001" name="const_52">
<pin_list>
<pin id="53" dir="1" index="0" bw="1" slack="2147483647"/>
</pin_list>
<bind>
<StgValue><ssdm name="p_str"/></StgValue>
</bind>
</comp>

<comp id="54" class="1001" name="const_54">
<pin_list>
<pin id="55" dir="1" index="0" bw="1" slack="0"/>
</pin_list>
<bind>
<StgValue><ssdm name="_ssdm_op_Mux.ap_auto.2i32.i1"/></StgValue>
</bind>
</comp>

<comp id="56" class="1001" name="const_56">
<pin_list>
<pin id="57" dir="1" index="0" bw="1" slack="2147483647"/>
</pin_list>
<bind>
<StgValue><ssdm name="_ssdm_op_SpecLoopTripCount"/></StgValue>
</bind>
</comp>

<comp id="58" class="1001" name="const_58">
<pin_list>
<pin id="59" dir="1" index="0" bw="1" slack="2147483647"/>
</pin_list>
<bind>
<StgValue><ssdm name=""/></StgValue>
</bind>
</comp>

<comp id="60" class="1001" name="const_60">
<pin_list>
<pin id="61" dir="1" index="0" bw="1" slack="0"/>
</pin_list>
<bind>
<StgValue><ssdm name="_ssdm_op_Write.m_axi.p1i32"/></StgValue>
</bind>
</comp>

<comp id="62" class="1001" name="const_62">
<pin_list>
<pin id="63" dir="1" index="0" bw="1" slack="0"/>
</pin_list>
<bind>
<StgValue><ssdm name=""/></StgValue>
</bind>
</comp>

<comp id="64" class="1004" name="loop_index_1_i971_fu_64">
<pin_list>
<pin id="65" dir="0" index="0" bw="1" slack="0"/>
<pin id="66" dir="1" index="1" bw="8" slack="0"/>
</pin_list>
<bind>
<opcode="alloca(26) " fcode="alloca"/>
<opset="loop_index_1_i971/1 "/>
</bind>
</comp>

<comp id="68" class="1004" name="tmp_326_read_read_fu_68">
<pin_list>
<pin id="69" dir="0" index="0" bw="7" slack="0"/>
<pin id="70" dir="0" index="1" bw="7" slack="0"/>
<pin id="71" dir="1" index="2" bw="7" slack="0"/>
</pin_list>
<bind>
<opcode="read(1150) " fcode="read"/>
<opset="tmp_326_read/1 "/>
</bind>
</comp>

<comp id="74" class="1004" name="sext_ln146_1_read_read_fu_74">
<pin_list>
<pin id="75" dir="0" index="0" bw="62" slack="0"/>
<pin id="76" dir="0" index="1" bw="62" slack="0"/>
<pin id="77" dir="1" index="2" bw="62" slack="0"/>
</pin_list>
<bind>
<opcode="read(1150) " fcode="read"/>
<opset="sext_ln146_1_read/1 "/>
</bind>
</comp>

<comp id="80" class="1004" name="write_ln146_write_fu_80">
<pin_list>
<pin id="81" dir="0" index="0" bw="0" slack="0"/>
<pin id="82" dir="0" index="1" bw="32" slack="1"/>
<pin id="83" dir="0" index="2" bw="32" slack="1"/>
<pin id="84" dir="0" index="3" bw="1" slack="0"/>
<pin id="85" dir="1" index="4" bw="0" slack="2147483647"/>
</pin_list>
<bind>
<opcode="write(1151) " fcode="write"/>
<opset="write_ln146/3 "/>
</bind>
</comp>

<comp id="88" class="1004" name="conv1_ap_fixed_255_255_ap_fixed_1_9_9_ap_fixed_ap_fixed_255_2_623_gep_fu_88">
<pin_list>
<pin id="89" dir="0" index="0" bw="32" slack="0"/>
<pin id="90" dir="0" index="1" bw="1" slack="0"/>
<pin id="91" dir="0" index="2" bw="14" slack="0"/>
<pin id="92" dir="1" index="3" bw="14" slack="0"/>
</pin_list>
<bind>
<opcode="getelementptr(29) " fcode="getelementptr"/>
<opset="conv1_ap_fixed_255_255_ap_fixed_1_9_9_ap_fixed_ap_fixed_255_2_623/1 "/>
</bind>
</comp>

<comp id="95" class="1004" name="conv1_ap_fixed_255_255_ap_fixed_1_9_9_ap_fixed_ap_fixed_255_2_624_gep_fu_95">
<pin_list>
<pin id="96" dir="0" index="0" bw="32" slack="0"/>
<pin id="97" dir="0" index="1" bw="1" slack="0"/>
<pin id="98" dir="0" index="2" bw="14" slack="0"/>
<pin id="99" dir="1" index="3" bw="14" slack="0"/>
</pin_list>
<bind>
<opcode="getelementptr(29) " fcode="getelementptr"/>
<opset="conv1_ap_fixed_255_255_ap_fixed_1_9_9_ap_fixed_ap_fixed_255_2_624/1 "/>
</bind>
</comp>

<comp id="102" class="1004" name="grp_access_fu_102">
<pin_list>
<pin id="103" dir="0" index="0" bw="14" slack="0"/>
<pin id="104" dir="0" index="1" bw="32" slack="2147483647"/>
<pin id="105" dir="0" index="2" bw="0" slack="2147483647"/>
<pin id="106" dir="1" index="3" bw="32" slack="0"/>
</pin_list>
<bind>
<opcode="load(27) " fcode="load"/>
<opset="conv1_ap_fixed_255_255_ap_fixed_1_9_9_ap_fixed_ap_fixed_255_2_625/1 "/>
</bind>
</comp>

<comp id="108" class="1004" name="grp_access_fu_108">
<pin_list>
<pin id="109" dir="0" index="0" bw="14" slack="0"/>
<pin id="110" dir="0" index="1" bw="32" slack="2147483647"/>
<pin id="111" dir="0" index="2" bw="0" slack="2147483647"/>
<pin id="112" dir="1" index="3" bw="32" slack="0"/>
</pin_list>
<bind>
<opcode="load(27) " fcode="load"/>
<opset="conv1_ap_fixed_255_255_ap_fixed_1_9_9_ap_fixed_ap_fixed_255_2_626/1 "/>
</bind>
</comp>

<comp id="114" class="1004" name="sext_ln146_1_cast_fu_114">
<pin_list>
<pin id="115" dir="0" index="0" bw="62" slack="0"/>
<pin id="116" dir="1" index="1" bw="64" slack="1"/>
</pin_list>
<bind>
<opcode="sext(35) " fcode="sext"/>
<opset="sext_ln146_1_cast/1 "/>
</bind>
</comp>

<comp id="118" class="1004" name="store_ln0_store_fu_118">
<pin_list>
<pin id="119" dir="0" index="0" bw="1" slack="0"/>
<pin id="120" dir="0" index="1" bw="8" slack="0"/>
<pin id="121" dir="1" index="2" bw="0" slack="2147483647"/>
</pin_list>
<bind>
<opcode="store(28) " fcode="store"/>
<opset="store_ln0/1 "/>
</bind>
</comp>

<comp id="123" class="1004" name="loop_index_1_i971_load_load_fu_123">
<pin_list>
<pin id="124" dir="0" index="0" bw="8" slack="0"/>
<pin id="125" dir="1" index="1" bw="8" slack="0"/>
</pin_list>
<bind>
<opcode="load(27) " fcode="load"/>
<opset="loop_index_1_i971_load/1 "/>
</bind>
</comp>

<comp id="126" class="1004" name="exitcond104724_fu_126">
<pin_list>
<pin id="127" dir="0" index="0" bw="8" slack="0"/>
<pin id="128" dir="0" index="1" bw="8" slack="0"/>
<pin id="129" dir="1" index="2" bw="1" slack="1"/>
</pin_list>
<bind>
<opcode="icmp(45) " fcode="icmp"/>
<opset="exitcond104724/1 "/>
</bind>
</comp>

<comp id="132" class="1004" name="empty_fu_132">
<pin_list>
<pin id="133" dir="0" index="0" bw="8" slack="0"/>
<pin id="134" dir="0" index="1" bw="1" slack="0"/>
<pin id="135" dir="1" index="2" bw="8" slack="0"/>
</pin_list>
<bind>
<opcode="add(8) " fcode="add"/>
<opset="empty/1 "/>
</bind>
</comp>

<comp id="138" class="1004" name="empty_405_fu_138">
<pin_list>
<pin id="139" dir="0" index="0" bw="8" slack="0"/>
<pin id="140" dir="1" index="1" bw="7" slack="0"/>
</pin_list>
<bind>
<opcode="trunc(33) " fcode="trunc"/>
<opset="empty_405/1 "/>
</bind>
</comp>

<comp id="142" class="1004" name="tmp_339_fu_142">
<pin_list>
<pin id="143" dir="0" index="0" bw="14" slack="0"/>
<pin id="144" dir="0" index="1" bw="7" slack="0"/>
<pin id="145" dir="0" index="2" bw="7" slack="0"/>
<pin id="146" dir="1" index="3" bw="14" slack="0"/>
</pin_list>
<bind>
<opcode="bitconcatenate(1004) " fcode="bitconcatenate"/>
<opset="tmp_339/1 "/>
</bind>
</comp>

<comp id="150" class="1004" name="tmp_339_cast_fu_150">
<pin_list>
<pin id="151" dir="0" index="0" bw="14" slack="0"/>
<pin id="152" dir="1" index="1" bw="64" slack="0"/>
</pin_list>
<bind>
<opcode="zext(34) " fcode="zext"/>
<opset="tmp_339_cast/1 "/>
</bind>
</comp>

<comp id="156" class="1004" name="tmp_fu_156">
<pin_list>
<pin id="157" dir="0" index="0" bw="1" slack="0"/>
<pin id="158" dir="0" index="1" bw="8" slack="0"/>
<pin id="159" dir="0" index="2" bw="4" slack="0"/>
<pin id="160" dir="1" index="3" bw="1" slack="1"/>
</pin_list>
<bind>
<opcode="bitselect(1000) " fcode="bitselect"/>
<opset="tmp/1 "/>
</bind>
</comp>

<comp id="164" class="1004" name="store_ln0_store_fu_164">
<pin_list>
<pin id="165" dir="0" index="0" bw="8" slack="0"/>
<pin id="166" dir="0" index="1" bw="8" slack="0"/>
<pin id="167" dir="1" index="2" bw="0" slack="2147483647"/>
</pin_list>
<bind>
<opcode="store(28) " fcode="store"/>
<opset="store_ln0/1 "/>
</bind>
</comp>

<comp id="169" class="1004" name="i2_addr_fu_169">
<pin_list>
<pin id="170" dir="0" index="0" bw="64" slack="0"/>
<pin id="171" dir="0" index="1" bw="64" slack="1"/>
<pin id="172" dir="1" index="2" bw="64" slack="1"/>
</pin_list>
<bind>
<opcode="getelementptr(29) " fcode="getelementptr"/>
<opset="i2_addr/2 "/>
</bind>
</comp>

<comp id="174" class="1004" name="tmp_205_fu_174">
<pin_list>
<pin id="175" dir="0" index="0" bw="32" slack="0"/>
<pin id="176" dir="0" index="1" bw="32" slack="0"/>
<pin id="177" dir="0" index="2" bw="32" slack="0"/>
<pin id="178" dir="0" index="3" bw="1" slack="1"/>
<pin id="179" dir="1" index="4" bw="32" slack="1"/>
</pin_list>
<bind>
<opcode="mux(1196) " fcode="mux"/>
<opset="tmp_205/2 "/>
</bind>
</comp>

<comp id="183" class="1005" name="loop_index_1_i971_reg_183">
<pin_list>
<pin id="184" dir="0" index="0" bw="8" slack="0"/>
<pin id="185" dir="1" index="1" bw="8" slack="0"/>
</pin_list>
<bind>
<opset="loop_index_1_i971 "/>
</bind>
</comp>

<comp id="190" class="1005" name="sext_ln146_1_cast_reg_190">
<pin_list>
<pin id="191" dir="0" index="0" bw="64" slack="1"/>
<pin id="192" dir="1" index="1" bw="64" slack="1"/>
</pin_list>
<bind>
<opset="sext_ln146_1_cast "/>
</bind>
</comp>

<comp id="195" class="1005" name="exitcond104724_reg_195">
<pin_list>
<pin id="196" dir="0" index="0" bw="1" slack="1"/>
<pin id="197" dir="1" index="1" bw="1" slack="2147483647"/>
</pin_list>
<bind>
<opset="exitcond104724 "/>
</bind>
</comp>

<comp id="199" class="1005" name="conv1_ap_fixed_255_255_ap_fixed_1_9_9_ap_fixed_ap_fixed_255_2_623_reg_199">
<pin_list>
<pin id="200" dir="0" index="0" bw="14" slack="1"/>
<pin id="201" dir="1" index="1" bw="14" slack="1"/>
</pin_list>
<bind>
<opset="conv1_ap_fixed_255_255_ap_fixed_1_9_9_ap_fixed_ap_fixed_255_2_623 "/>
</bind>
</comp>

<comp id="204" class="1005" name="conv1_ap_fixed_255_255_ap_fixed_1_9_9_ap_fixed_ap_fixed_255_2_624_reg_204">
<pin_list>
<pin id="205" dir="0" index="0" bw="14" slack="1"/>
<pin id="206" dir="1" index="1" bw="14" slack="1"/>
</pin_list>
<bind>
<opset="conv1_ap_fixed_255_255_ap_fixed_1_9_9_ap_fixed_ap_fixed_255_2_624 "/>
</bind>
</comp>

<comp id="209" class="1005" name="tmp_reg_209">
<pin_list>
<pin id="210" dir="0" index="0" bw="1" slack="1"/>
<pin id="211" dir="1" index="1" bw="1" slack="1"/>
</pin_list>
<bind>
<opset="tmp "/>
</bind>
</comp>

<comp id="214" class="1005" name="i2_addr_reg_214">
<pin_list>
<pin id="215" dir="0" index="0" bw="32" slack="1"/>
<pin id="216" dir="1" index="1" bw="32" slack="1"/>
</pin_list>
<bind>
<opset="i2_addr "/>
</bind>
</comp>

<comp id="219" class="1005" name="tmp_205_reg_219">
<pin_list>
<pin id="220" dir="0" index="0" bw="32" slack="1"/>
<pin id="221" dir="1" index="1" bw="32" slack="1"/>
</pin_list>
<bind>
<opset="tmp_205 "/>
</bind>
</comp>

</comp_list>

<net_list>
<net id="67"><net_src comp="10" pin="0"/><net_sink comp="64" pin=0"/></net>

<net id="72"><net_src comp="12" pin="0"/><net_sink comp="68" pin=0"/></net>

<net id="73"><net_src comp="4" pin="0"/><net_sink comp="68" pin=1"/></net>

<net id="78"><net_src comp="14" pin="0"/><net_sink comp="74" pin=0"/></net>

<net id="79"><net_src comp="2" pin="0"/><net_sink comp="74" pin=1"/></net>

<net id="86"><net_src comp="60" pin="0"/><net_sink comp="80" pin=0"/></net>

<net id="87"><net_src comp="62" pin="0"/><net_sink comp="80" pin=3"/></net>

<net id="93"><net_src comp="6" pin="0"/><net_sink comp="88" pin=0"/></net>

<net id="94"><net_src comp="44" pin="0"/><net_sink comp="88" pin=1"/></net>

<net id="100"><net_src comp="8" pin="0"/><net_sink comp="95" pin=0"/></net>

<net id="101"><net_src comp="44" pin="0"/><net_sink comp="95" pin=1"/></net>

<net id="107"><net_src comp="88" pin="3"/><net_sink comp="102" pin=0"/></net>

<net id="113"><net_src comp="95" pin="3"/><net_sink comp="108" pin=0"/></net>

<net id="117"><net_src comp="74" pin="2"/><net_sink comp="114" pin=0"/></net>

<net id="122"><net_src comp="36" pin="0"/><net_sink comp="118" pin=0"/></net>

<net id="130"><net_src comp="123" pin="1"/><net_sink comp="126" pin=0"/></net>

<net id="131"><net_src comp="38" pin="0"/><net_sink comp="126" pin=1"/></net>

<net id="136"><net_src comp="123" pin="1"/><net_sink comp="132" pin=0"/></net>

<net id="137"><net_src comp="40" pin="0"/><net_sink comp="132" pin=1"/></net>

<net id="141"><net_src comp="123" pin="1"/><net_sink comp="138" pin=0"/></net>

<net id="147"><net_src comp="42" pin="0"/><net_sink comp="142" pin=0"/></net>

<net id="148"><net_src comp="68" pin="2"/><net_sink comp="142" pin=1"/></net>

<net id="149"><net_src comp="138" pin="1"/><net_sink comp="142" pin=2"/></net>

<net id="153"><net_src comp="142" pin="3"/><net_sink comp="150" pin=0"/></net>

<net id="154"><net_src comp="150" pin="1"/><net_sink comp="88" pin=2"/></net>

<net id="155"><net_src comp="150" pin="1"/><net_sink comp="95" pin=2"/></net>

<net id="161"><net_src comp="46" pin="0"/><net_sink comp="156" pin=0"/></net>

<net id="162"><net_src comp="123" pin="1"/><net_sink comp="156" pin=1"/></net>

<net id="163"><net_src comp="48" pin="0"/><net_sink comp="156" pin=2"/></net>

<net id="168"><net_src comp="132" pin="2"/><net_sink comp="164" pin=0"/></net>

<net id="173"><net_src comp="0" pin="0"/><net_sink comp="169" pin=0"/></net>

<net id="180"><net_src comp="54" pin="0"/><net_sink comp="174" pin=0"/></net>

<net id="181"><net_src comp="102" pin="3"/><net_sink comp="174" pin=1"/></net>

<net id="182"><net_src comp="108" pin="3"/><net_sink comp="174" pin=2"/></net>

<net id="186"><net_src comp="64" pin="1"/><net_sink comp="183" pin=0"/></net>

<net id="187"><net_src comp="183" pin="1"/><net_sink comp="118" pin=1"/></net>

<net id="188"><net_src comp="183" pin="1"/><net_sink comp="123" pin=0"/></net>

<net id="189"><net_src comp="183" pin="1"/><net_sink comp="164" pin=1"/></net>

<net id="193"><net_src comp="114" pin="1"/><net_sink comp="190" pin=0"/></net>

<net id="194"><net_src comp="190" pin="1"/><net_sink comp="169" pin=1"/></net>

<net id="198"><net_src comp="126" pin="2"/><net_sink comp="195" pin=0"/></net>

<net id="202"><net_src comp="88" pin="3"/><net_sink comp="199" pin=0"/></net>

<net id="203"><net_src comp="199" pin="1"/><net_sink comp="102" pin=0"/></net>

<net id="207"><net_src comp="95" pin="3"/><net_sink comp="204" pin=0"/></net>

<net id="208"><net_src comp="204" pin="1"/><net_sink comp="108" pin=0"/></net>

<net id="212"><net_src comp="156" pin="3"/><net_sink comp="209" pin=0"/></net>

<net id="213"><net_src comp="209" pin="1"/><net_sink comp="174" pin=3"/></net>

<net id="217"><net_src comp="169" pin="2"/><net_sink comp="214" pin=0"/></net>

<net id="218"><net_src comp="214" pin="1"/><net_sink comp="80" pin=1"/></net>

<net id="222"><net_src comp="174" pin="4"/><net_sink comp="219" pin=0"/></net>

<net id="223"><net_src comp="219" pin="1"/><net_sink comp="80" pin=2"/></net>

</net_list>

</model> 
---------------- Datapath Model END ------------------

* FSMD analyzer results:
  - Output states:
	Port: i2 | {3 }
	Port: conv1_ap_fixed_255_255_ap_fixed_1_9_9_ap_fixed_ap_fixed_255_2_1 | {}
	Port: conv1_ap_fixed_255_255_ap_fixed_1_9_9_ap_fixed_ap_fixed_255_2 | {}
 - Input state : 
	Port: conv1_Pipeline_5 : i2 | {}
	Port: conv1_Pipeline_5 : sext_ln146_1 | {1 }
	Port: conv1_Pipeline_5 : tmp_326 | {1 }
	Port: conv1_Pipeline_5 : conv1_ap_fixed_255_255_ap_fixed_1_9_9_ap_fixed_ap_fixed_255_2_1 | {1 2 }
	Port: conv1_Pipeline_5 : conv1_ap_fixed_255_255_ap_fixed_1_9_9_ap_fixed_ap_fixed_255_2 | {1 2 }
  - Chain level:
	State 1
		store_ln0 : 1
		loop_index_1_i971_load : 1
		exitcond104724 : 2
		empty : 2
		br_ln0 : 3
		empty_405 : 2
		tmp_339 : 3
		tmp_339_cast : 4
		conv1_ap_fixed_255_255_ap_fixed_1_9_9_ap_fixed_ap_fixed_255_2_623 : 5
		conv1_ap_fixed_255_255_ap_fixed_1_9_9_ap_fixed_ap_fixed_255_2_624 : 5
		tmp : 2
		conv1_ap_fixed_255_255_ap_fixed_1_9_9_ap_fixed_ap_fixed_255_2_625 : 6
		conv1_ap_fixed_255_255_ap_fixed_1_9_9_ap_fixed_ap_fixed_255_2_626 : 6
		store_ln0 : 3
	State 2
		tmp_205 : 1
	State 3


============================================================
+ Verbose Summary: Datapath Resource usage 
============================================================

* Functional unit list:
|----------|------------------------------|---------|---------|
| Operation|        Functional Unit       |    FF   |   LUT   |
|----------|------------------------------|---------|---------|
|   icmp   |     exitcond104724_fu_126    |    0    |    15   |
|----------|------------------------------|---------|---------|
|    add   |         empty_fu_132         |    0    |    15   |
|----------|------------------------------|---------|---------|
|    mux   |        tmp_205_fu_174        |    0    |    9    |
|----------|------------------------------|---------|---------|
|   read   |    tmp_326_read_read_fu_68   |    0    |    0    |
|          | sext_ln146_1_read_read_fu_74 |    0    |    0    |
|----------|------------------------------|---------|---------|
|   write  |    write_ln146_write_fu_80   |    0    |    0    |
|----------|------------------------------|---------|---------|
|   sext   |   sext_ln146_1_cast_fu_114   |    0    |    0    |
|----------|------------------------------|---------|---------|
|   trunc  |       empty_405_fu_138       |    0    |    0    |
|----------|------------------------------|---------|---------|
|bitconcatenate|        tmp_339_fu_142        |    0    |    0    |
|----------|------------------------------|---------|---------|
|   zext   |      tmp_339_cast_fu_150     |    0    |    0    |
|----------|------------------------------|---------|---------|
| bitselect|          tmp_fu_156          |    0    |    0    |
|----------|------------------------------|---------|---------|
|   Total  |                              |    0    |    39   |
|----------|------------------------------|---------|---------|

Memories:
N/A

* Register list:
+-------------------------------------------------------------------------+--------+
|                                                                         |   FF   |
+-------------------------------------------------------------------------+--------+
|conv1_ap_fixed_255_255_ap_fixed_1_9_9_ap_fixed_ap_fixed_255_2_623_reg_199|   14   |
|conv1_ap_fixed_255_255_ap_fixed_1_9_9_ap_fixed_ap_fixed_255_2_624_reg_204|   14   |
|                          exitcond104724_reg_195                         |    1   |
|                             i2_addr_reg_214                             |   32   |
|                        loop_index_1_i971_reg_183                        |    8   |
|                        sext_ln146_1_cast_reg_190                        |   64   |
|                             tmp_205_reg_219                             |   32   |
|                               tmp_reg_209                               |    1   |
+-------------------------------------------------------------------------+--------+
|                                  Total                                  |   166  |
+-------------------------------------------------------------------------+--------+

* Multiplexer (MUX) list: 
|-------------------|------|------|------|--------||---------||---------|
|        Comp       |  Pin | Size |  BW  | S x BW ||  Delay  ||   LUT   |
|-------------------|------|------|------|--------||---------||---------|
| grp_access_fu_102 |  p0  |   2  |  14  |   28   ||    9    |
| grp_access_fu_108 |  p0  |   2  |  14  |   28   ||    9    |
|-------------------|------|------|------|--------||---------||---------|
|       Total       |      |      |      |   56   ||  0.854  ||    18   |
|-------------------|------|------|------|--------||---------||---------|



* Summary:
+-----------+--------+--------+--------+
|           |  Delay |   FF   |   LUT  |
+-----------+--------+--------+--------+
|  Function |    -   |    0   |   39   |
|   Memory  |    -   |    -   |    -   |
|Multiplexer|    0   |    -   |   18   |
|  Register |    -   |   166  |    -   |
+-----------+--------+--------+--------+
|   Total   |    0   |   166  |   57   |
+-----------+--------+--------+--------+
