

================================================================
== Vitis HLS Report for 'conv2_Pipeline_OUT_ROW_COL'
================================================================
* Date:           Thu Nov  2 23:32:27 2023

* Version:        2023.1 (Build 3854077 on May  4 2023)
* Project:        srcnn_hls
* Solution:       solution1 (Vivado IP Flow Target)
* Product family: zynquplus
* Target device:  xck24-ubva530-2LV-c


================================================================
== Performance Estimates
================================================================
+ Timing: 
    * Summary: 
    +--------+----------+----------+------------+
    |  Clock |  Target  | Estimated| Uncertainty|
    +--------+----------+----------+------------+
    |ap_clk  |  10.00 ns|  6.431 ns|     2.70 ns|
    +--------+----------+----------+------------+

+ Latency: 
    * Summary: 
    +---------+---------+----------+----------+--------+--------+---------+
    |  Latency (cycles) |  Latency (absolute) |     Interval    | Pipeline|
    |   min   |   max   |    min   |    max   |   min  |   max  |   Type  |
    +---------+---------+----------+----------+--------+--------+---------+
    |   195844|   195844|  1.958 ms|  1.958 ms|  195844|  195844|       no|
    +---------+---------+----------+----------+--------+--------+---------+

    + Detail: 
        * Instance: 
        N/A

        * Loop: 
        +---------------+---------+---------+----------+-----------+-----------+--------+----------+
        |               |  Latency (cycles) | Iteration|  Initiation Interval  |  Trip  |          |
        |   Loop Name   |   min   |   max   |  Latency |  achieved |   target  |  Count | Pipelined|
        +---------------+---------+---------+----------+-----------+-----------+--------+----------+
        |- OUT_ROW_COL  |   195842|   195842|         4|          1|          1|  195840|       yes|
        +---------------+---------+---------+----------+-----------+-----------+--------+----------+

============================================================
+ Verbose Summary: Synthesis Manager
============================================================
InlineROM: 1
ExposeGlobal: 0
============================================================
+ Verbose Summary: CDFG Model
============================================================
IsTopModel: 0
ResetActiveHigh: 1
IsCombinational: 0
IsDatapathOnly: 0
HasWiredReturn: 1
HasMFsm: 2
HasVarLatency: 1
IsPipeline: 0
IsRtlPipelined: 0
IsInstanceOverlapped: 0
IsDontTouch: 0
HasImplIP: 0
IsGatedGlobalClock: 0

+ Individual pipeline summary: 
  * Pipeline-0: initiation interval (II) = 1, depth = 5


============================================================
+ Verbose Summary: Schedule
============================================================
* Number of FSM states : 5
* Pipeline : 1
  Pipeline-0 : II = 1, D = 5, States = { 1 2 3 4 5 }
* Dataflow Pipeline: 0

* FSM state transitions: 
1 --> 2 
2 --> 3 
3 --> 4 
4 --> 5 
5 --> 

* FSM state operations: 

State 1 <SV = 0> <Delay = 0.42>
ST_1 : Operation 7 [1/1] (0.00ns)   --->   "%c = alloca i32 1"   --->   Operation 7 'alloca' 'c' <Predicate = true> <Delay = 0.00>
ST_1 : Operation 8 [1/1] (0.00ns)   --->   "%r = alloca i32 1"   --->   Operation 8 'alloca' 'r' <Predicate = true> <Delay = 0.00>
ST_1 : Operation 9 [1/1] (0.00ns)   --->   "%indvar_flatten31 = alloca i32 1"   --->   Operation 9 'alloca' 'indvar_flatten31' <Predicate = true> <Delay = 0.00>
ST_1 : Operation 10 [1/1] (0.00ns)   --->   "%i = alloca i32 1"   --->   Operation 10 'alloca' 'i' <Predicate = true> <Delay = 0.00>
ST_1 : Operation 11 [1/1] (0.00ns)   --->   "%indvar_flatten48 = alloca i32 1"   --->   Operation 11 'alloca' 'indvar_flatten48' <Predicate = true> <Delay = 0.00>
ST_1 : Operation 12 [1/1] (0.00ns)   --->   "%o = alloca i32 1"   --->   Operation 12 'alloca' 'o' <Predicate = true> <Delay = 0.00>
ST_1 : Operation 13 [1/1] (0.00ns)   --->   "%indvar_flatten91 = alloca i32 1"   --->   Operation 13 'alloca' 'indvar_flatten91' <Predicate = true> <Delay = 0.00>
ST_1 : Operation 14 [1/1] (0.00ns)   --->   "%specbramwithbyteenable_ln0 = specbramwithbyteenable void @_ssdm_op_SpecBRAMWithByteEnable, i32 %weight_buffer"   --->   Operation 14 'specbramwithbyteenable' 'specbramwithbyteenable_ln0' <Predicate = true> <Delay = 0.00>
ST_1 : Operation 15 [1/1] (0.00ns)   --->   "%specmemcore_ln0 = specmemcore void @_ssdm_op_SpecMemCore, i32 %input_fm_buffer, i64 666, i64 23, i64 18446744073709551615"   --->   Operation 15 'specmemcore' 'specmemcore_ln0' <Predicate = true> <Delay = 0.00>
ST_1 : Operation 16 [1/1] (0.42ns)   --->   "%store_ln0 = store i18 0, i18 %indvar_flatten91"   --->   Operation 16 'store' 'store_ln0' <Predicate = true> <Delay = 0.42>
ST_1 : Operation 17 [1/1] (0.42ns)   --->   "%store_ln0 = store i3 0, i3 %o"   --->   Operation 17 'store' 'store_ln0' <Predicate = true> <Delay = 0.42>
ST_1 : Operation 18 [1/1] (0.42ns)   --->   "%store_ln0 = store i17 0, i17 %indvar_flatten48"   --->   Operation 18 'store' 'store_ln0' <Predicate = true> <Delay = 0.42>
ST_1 : Operation 19 [1/1] (0.42ns)   --->   "%store_ln0 = store i7 0, i7 %i"   --->   Operation 19 'store' 'store_ln0' <Predicate = true> <Delay = 0.42>
ST_1 : Operation 20 [1/1] (0.42ns)   --->   "%store_ln0 = store i10 0, i10 %indvar_flatten31"   --->   Operation 20 'store' 'store_ln0' <Predicate = true> <Delay = 0.42>
ST_1 : Operation 21 [1/1] (0.42ns)   --->   "%store_ln0 = store i2 0, i2 %r"   --->   Operation 21 'store' 'store_ln0' <Predicate = true> <Delay = 0.42>
ST_1 : Operation 22 [1/1] (0.42ns)   --->   "%store_ln0 = store i8 0, i8 %c"   --->   Operation 22 'store' 'store_ln0' <Predicate = true> <Delay = 0.42>
ST_1 : Operation 23 [1/1] (0.00ns)   --->   "%br_ln0 = br void %for.body100"   --->   Operation 23 'br' 'br_ln0' <Predicate = true> <Delay = 0.00>

State 2 <SV = 1> <Delay = 2.55>
ST_2 : Operation 24 [1/1] (0.00ns)   --->   "%indvar_flatten91_load = load i18 %indvar_flatten91" [src/conv2.cpp:40]   --->   Operation 24 'load' 'indvar_flatten91_load' <Predicate = true> <Delay = 0.00>
ST_2 : Operation 25 [1/1] (0.87ns)   --->   "%icmp_ln40 = icmp_eq  i18 %indvar_flatten91_load, i18 195840" [src/conv2.cpp:40]   --->   Operation 25 'icmp' 'icmp_ln40' <Predicate = true> <Delay = 0.87> <CoreInst = "Cmp">   --->   Core 9 'Cmp' <Latency = 0> <II = 1> <Delay = 0.87> <FuncUnit> <Opcode : 'icmp'> <InPorts = 2> <OutPorts = 1>
ST_2 : Operation 26 [1/1] (0.87ns)   --->   "%add_ln40_1 = add i18 %indvar_flatten91_load, i18 1" [src/conv2.cpp:40]   --->   Operation 26 'add' 'add_ln40_1' <Predicate = true> <Delay = 0.87> <CoreInst = "Adder">   --->   Core 1 'Adder' <Latency = 0> <II = 1> <Delay = 0.87> <FuncUnit> <Opcode : 'add' 'sub'> <InPorts = 2> <OutPorts = 1>
ST_2 : Operation 27 [1/1] (0.00ns)   --->   "%br_ln40 = br i1 %icmp_ln40, void %for.inc123, void %BH.i18.preheader.exitStub" [src/conv2.cpp:40]   --->   Operation 27 'br' 'br_ln40' <Predicate = true> <Delay = 0.00>
ST_2 : Operation 28 [1/1] (0.00ns)   --->   "%indvar_flatten31_load = load i10 %indvar_flatten31" [src/conv2.cpp:43]   --->   Operation 28 'load' 'indvar_flatten31_load' <Predicate = (!icmp_ln40)> <Delay = 0.00>
ST_2 : Operation 29 [1/1] (0.00ns)   --->   "%indvar_flatten48_load = load i17 %indvar_flatten48" [src/conv2.cpp:41]   --->   Operation 29 'load' 'indvar_flatten48_load' <Predicate = (!icmp_ln40)> <Delay = 0.00>
ST_2 : Operation 30 [1/1] (0.86ns)   --->   "%icmp_ln41 = icmp_eq  i17 %indvar_flatten48_load, i17 48960" [src/conv2.cpp:41]   --->   Operation 30 'icmp' 'icmp_ln41' <Predicate = (!icmp_ln40)> <Delay = 0.86> <CoreInst = "Cmp">   --->   Core 9 'Cmp' <Latency = 0> <II = 1> <Delay = 0.86> <FuncUnit> <Opcode : 'icmp'> <InPorts = 2> <OutPorts = 1>
ST_2 : Operation 31 [1/1] (0.28ns)   --->   "%xor_ln40 = xor i1 %icmp_ln41, i1 1" [src/conv2.cpp:40]   --->   Operation 31 'xor' 'xor_ln40' <Predicate = (!icmp_ln40)> <Delay = 0.28> <CoreInst = "LogicGate">   --->   Core 74 'LogicGate' <Latency = 0> <II = 1> <Delay = 0.28> <FuncUnit> <Opcode : 'and' 'or' 'xor'> <InPorts = 2> <OutPorts = 1>
ST_2 : Operation 32 [1/1] (0.78ns)   --->   "%icmp_ln43 = icmp_eq  i10 %indvar_flatten31_load, i10 765" [src/conv2.cpp:43]   --->   Operation 32 'icmp' 'icmp_ln43' <Predicate = (!icmp_ln40)> <Delay = 0.78> <CoreInst = "Cmp">   --->   Core 9 'Cmp' <Latency = 0> <II = 1> <Delay = 0.78> <FuncUnit> <Opcode : 'icmp'> <InPorts = 2> <OutPorts = 1>
ST_2 : Operation 33 [1/1] (0.28ns)   --->   "%and_ln40_1 = and i1 %icmp_ln43, i1 %xor_ln40" [src/conv2.cpp:40]   --->   Operation 33 'and' 'and_ln40_1' <Predicate = (!icmp_ln40)> <Delay = 0.28> <CoreInst = "LogicGate">   --->   Core 74 'LogicGate' <Latency = 0> <II = 1> <Delay = 0.28> <FuncUnit> <Opcode : 'and' 'or' 'xor'> <InPorts = 2> <OutPorts = 1>
ST_2 : Operation 34 [1/1] (0.28ns)   --->   "%or_ln41 = or i1 %and_ln40_1, i1 %icmp_ln41" [src/conv2.cpp:41]   --->   Operation 34 'or' 'or_ln41' <Predicate = (!icmp_ln40)> <Delay = 0.28> <CoreInst = "LogicGate">   --->   Core 74 'LogicGate' <Latency = 0> <II = 1> <Delay = 0.28> <FuncUnit> <Opcode : 'and' 'or' 'xor'> <InPorts = 2> <OutPorts = 1>
ST_2 : Operation 35 [1/1] (0.78ns)   --->   "%add_ln43_1 = add i10 %indvar_flatten31_load, i10 1" [src/conv2.cpp:43]   --->   Operation 35 'add' 'add_ln43_1' <Predicate = (!icmp_ln40)> <Delay = 0.78> <CoreInst = "Adder">   --->   Core 1 'Adder' <Latency = 0> <II = 1> <Delay = 0.78> <FuncUnit> <Opcode : 'add' 'sub'> <InPorts = 2> <OutPorts = 1>
ST_2 : Operation 36 [1/1] (0.40ns)   --->   "%select_ln43_2 = select i1 %or_ln41, i10 1, i10 %add_ln43_1" [src/conv2.cpp:43]   --->   Operation 36 'select' 'select_ln43_2' <Predicate = (!icmp_ln40)> <Delay = 0.40> <CoreInst = "Sel">   --->   Core 73 'Sel' <Latency = 0> <II = 1> <Delay = 0.40> <FuncUnit> <Opcode : 'select'> <InPorts = 3> <OutPorts = 1>
ST_2 : Operation 37 [1/1] (0.86ns)   --->   "%add_ln41_1 = add i17 %indvar_flatten48_load, i17 1" [src/conv2.cpp:41]   --->   Operation 37 'add' 'add_ln41_1' <Predicate = (!icmp_ln40)> <Delay = 0.86> <CoreInst = "Adder">   --->   Core 1 'Adder' <Latency = 0> <II = 1> <Delay = 0.86> <FuncUnit> <Opcode : 'add' 'sub'> <InPorts = 2> <OutPorts = 1>
ST_2 : Operation 38 [1/1] (0.35ns)   --->   "%select_ln41_3 = select i1 %icmp_ln41, i17 1, i17 %add_ln41_1" [src/conv2.cpp:41]   --->   Operation 38 'select' 'select_ln41_3' <Predicate = (!icmp_ln40)> <Delay = 0.35> <CoreInst = "Sel">   --->   Core 73 'Sel' <Latency = 0> <II = 1> <Delay = 0.35> <FuncUnit> <Opcode : 'select'> <InPorts = 3> <OutPorts = 1>
ST_2 : Operation 39 [1/1] (0.42ns)   --->   "%store_ln44 = store i18 %add_ln40_1, i18 %indvar_flatten91" [src/conv2.cpp:44]   --->   Operation 39 'store' 'store_ln44' <Predicate = (!icmp_ln40)> <Delay = 0.42>
ST_2 : Operation 40 [1/1] (0.42ns)   --->   "%store_ln44 = store i17 %select_ln41_3, i17 %indvar_flatten48" [src/conv2.cpp:44]   --->   Operation 40 'store' 'store_ln44' <Predicate = (!icmp_ln40)> <Delay = 0.42>
ST_2 : Operation 41 [1/1] (0.42ns)   --->   "%store_ln44 = store i10 %select_ln43_2, i10 %indvar_flatten31" [src/conv2.cpp:44]   --->   Operation 41 'store' 'store_ln44' <Predicate = (!icmp_ln40)> <Delay = 0.42>

State 3 <SV = 2> <Delay = 2.37>
ST_3 : Operation 42 [1/1] (0.00ns)   --->   "%i_1 = load i7 %i"   --->   Operation 42 'load' 'i_1' <Predicate = true> <Delay = 0.00>
ST_3 : Operation 43 [1/1] (0.00ns)   --->   "%o_1 = load i3 %o"   --->   Operation 43 'load' 'o_1' <Predicate = true> <Delay = 0.00>
ST_3 : Operation 44 [1/1] (0.00ns)   --->   "%empty = trunc i7 %i_1"   --->   Operation 44 'trunc' 'empty' <Predicate = (!icmp_ln41 & !and_ln40_1)> <Delay = 0.00>
ST_3 : Operation 45 [1/1] (0.00ns)   --->   "%empty_204 = trunc i3 %o_1"   --->   Operation 45 'trunc' 'empty_204' <Predicate = (!icmp_ln41 & !and_ln40_1)> <Delay = 0.00>
ST_3 : Operation 46 [1/1] (0.00ns)   --->   "%tmp_s = bitconcatenate i8 @_ssdm_op_BitConcatenate.i8.i2.i6, i2 %empty_204, i6 %empty"   --->   Operation 46 'bitconcatenate' 'tmp_s' <Predicate = (!icmp_ln41 & !and_ln40_1)> <Delay = 0.00>
ST_3 : Operation 47 [1/1] (0.00ns)   --->   "%p_cast18 = zext i8 %tmp_s"   --->   Operation 47 'zext' 'p_cast18' <Predicate = (!icmp_ln41 & !and_ln40_1)> <Delay = 0.00>
ST_3 : Operation 48 [1/1] (0.00ns)   --->   "%weight_buffer_addr = getelementptr i32 %weight_buffer, i64 0, i64 %p_cast18"   --->   Operation 48 'getelementptr' 'weight_buffer_addr' <Predicate = (!icmp_ln41 & !and_ln40_1)> <Delay = 0.00>
ST_3 : Operation 49 [2/2] (1.23ns)   --->   "%weight_buffer_load = load i8 %weight_buffer_addr"   --->   Operation 49 'load' 'weight_buffer_load' <Predicate = (!icmp_ln40 & !icmp_ln43 & !icmp_ln41 & !and_ln40_1)> <Delay = 1.23> <CoreInst = "RAM">   --->   Core 83 'RAM' <Latency = 1> <II = 1> <Delay = 1.23> <Storage> <Opcode : 'load' 'store'> <Ports = 2> <Width = 32> <Depth = 256> <RAM>
ST_3 : Operation 50 [1/1] (0.67ns)   --->   "%add_ln40 = add i3 %o_1, i3 1" [src/conv2.cpp:40]   --->   Operation 50 'add' 'add_ln40' <Predicate = (!icmp_ln40)> <Delay = 0.67> <CoreInst = "Adder">   --->   Core 1 'Adder' <Latency = 0> <II = 1> <Delay = 0.67> <FuncUnit> <Opcode : 'add' 'sub'> <InPorts = 2> <OutPorts = 1>
ST_3 : Operation 51 [1/1] (0.36ns)   --->   "%select_ln40 = select i1 %icmp_ln41, i7 0, i7 %i_1" [src/conv2.cpp:40]   --->   Operation 51 'select' 'select_ln40' <Predicate = (!icmp_ln40)> <Delay = 0.36> <CoreInst = "Sel">   --->   Core 73 'Sel' <Latency = 0> <II = 1> <Delay = 0.36> <FuncUnit> <Opcode : 'select'> <InPorts = 3> <OutPorts = 1>
ST_3 : Operation 52 [1/1] (0.20ns)   --->   "%select_ln40_7 = select i1 %icmp_ln41, i3 %add_ln40, i3 %o_1" [src/conv2.cpp:40]   --->   Operation 52 'select' 'select_ln40_7' <Predicate = (!icmp_ln40)> <Delay = 0.20> <CoreInst = "Sel">   --->   Core 73 'Sel' <Latency = 0> <II = 1> <Delay = 0.20> <FuncUnit> <Opcode : 'select'> <InPorts = 3> <OutPorts = 1>
ST_3 : Operation 53 [1/1] (0.00ns)   --->   "%empty_205 = trunc i3 %add_ln40" [src/conv2.cpp:40]   --->   Operation 53 'trunc' 'empty_205' <Predicate = (!icmp_ln40 & icmp_ln41 & !and_ln40_1)> <Delay = 0.00>
ST_3 : Operation 54 [1/1] (0.00ns)   --->   "%p_mid = bitconcatenate i8 @_ssdm_op_BitConcatenate.i8.i2.i6, i2 %empty_205, i6 0" [src/conv2.cpp:40]   --->   Operation 54 'bitconcatenate' 'p_mid' <Predicate = (!icmp_ln40 & icmp_ln41 & !and_ln40_1)> <Delay = 0.00>
ST_3 : Operation 55 [1/1] (0.00ns)   --->   "%p_cast18_mid173 = zext i8 %p_mid" [src/conv2.cpp:40]   --->   Operation 55 'zext' 'p_cast18_mid173' <Predicate = (!icmp_ln40 & icmp_ln41 & !and_ln40_1)> <Delay = 0.00>
ST_3 : Operation 56 [1/1] (0.00ns)   --->   "%weight_buffer_addr_1 = getelementptr i32 %weight_buffer, i64 0, i64 %p_cast18_mid173" [src/conv2.cpp:40]   --->   Operation 56 'getelementptr' 'weight_buffer_addr_1' <Predicate = (!icmp_ln40 & icmp_ln41 & !and_ln40_1)> <Delay = 0.00>
ST_3 : Operation 57 [2/2] (1.23ns)   --->   "%weight_buffer_load_1 = load i8 %weight_buffer_addr_1" [src/conv2.cpp:40]   --->   Operation 57 'load' 'weight_buffer_load_1' <Predicate = (!icmp_ln40 & icmp_ln41 & !and_ln40_1)> <Delay = 1.23> <CoreInst = "RAM">   --->   Core 83 'RAM' <Latency = 1> <II = 1> <Delay = 1.23> <Storage> <Opcode : 'load' 'store'> <Ports = 2> <Width = 32> <Depth = 256> <RAM>
ST_3 : Operation 58 [1/1] (0.77ns)   --->   "%add_ln41 = add i7 %select_ln40, i7 1" [src/conv2.cpp:41]   --->   Operation 58 'add' 'add_ln41' <Predicate = (!icmp_ln40)> <Delay = 0.77> <CoreInst = "Adder">   --->   Core 1 'Adder' <Latency = 0> <II = 1> <Delay = 0.77> <FuncUnit> <Opcode : 'add' 'sub'> <InPorts = 2> <OutPorts = 1>
ST_3 : Operation 59 [1/1] (0.36ns)   --->   "%select_ln41_1 = select i1 %and_ln40_1, i7 %add_ln41, i7 %select_ln40" [src/conv2.cpp:41]   --->   Operation 59 'select' 'select_ln41_1' <Predicate = (!icmp_ln40)> <Delay = 0.36> <CoreInst = "Sel">   --->   Core 73 'Sel' <Latency = 0> <II = 1> <Delay = 0.36> <FuncUnit> <Opcode : 'select'> <InPorts = 3> <OutPorts = 1>
ST_3 : Operation 60 [1/1] (0.00ns)   --->   "%empty_206 = trunc i7 %add_ln41" [src/conv2.cpp:41]   --->   Operation 60 'trunc' 'empty_206' <Predicate = (!icmp_ln40 & and_ln40_1)> <Delay = 0.00>
ST_3 : Operation 61 [1/1] (0.00ns)   --->   "%empty_207 = trunc i3 %select_ln40_7" [src/conv2.cpp:40]   --->   Operation 61 'trunc' 'empty_207' <Predicate = (!icmp_ln40 & and_ln40_1)> <Delay = 0.00>
ST_3 : Operation 62 [1/1] (0.00ns)   --->   "%p_mid1 = bitconcatenate i8 @_ssdm_op_BitConcatenate.i8.i2.i6, i2 %empty_207, i6 %empty_206" [src/conv2.cpp:40]   --->   Operation 62 'bitconcatenate' 'p_mid1' <Predicate = (!icmp_ln40 & and_ln40_1)> <Delay = 0.00>
ST_3 : Operation 63 [1/1] (0.00ns)   --->   "%p_cast18_mid1 = zext i8 %p_mid1" [src/conv2.cpp:40]   --->   Operation 63 'zext' 'p_cast18_mid1' <Predicate = (!icmp_ln40 & and_ln40_1)> <Delay = 0.00>
ST_3 : Operation 64 [1/1] (0.00ns)   --->   "%weight_buffer_addr_2 = getelementptr i32 %weight_buffer, i64 0, i64 %p_cast18_mid1" [src/conv2.cpp:40]   --->   Operation 64 'getelementptr' 'weight_buffer_addr_2' <Predicate = (!icmp_ln40 & and_ln40_1)> <Delay = 0.00>
ST_3 : Operation 65 [2/2] (1.23ns)   --->   "%weight_buffer_load_2 = load i8 %weight_buffer_addr_2" [src/conv2.cpp:40]   --->   Operation 65 'load' 'weight_buffer_load_2' <Predicate = (!icmp_ln40 & icmp_ln43 & !icmp_ln41 & and_ln40_1)> <Delay = 1.23> <CoreInst = "RAM">   --->   Core 83 'RAM' <Latency = 1> <II = 1> <Delay = 1.23> <Storage> <Opcode : 'load' 'store'> <Ports = 2> <Width = 32> <Depth = 256> <RAM>
ST_3 : Operation 66 [1/1] (0.42ns)   --->   "%store_ln44 = store i3 %select_ln40_7, i3 %o" [src/conv2.cpp:44]   --->   Operation 66 'store' 'store_ln44' <Predicate = (!icmp_ln40)> <Delay = 0.42>
ST_3 : Operation 67 [1/1] (0.42ns)   --->   "%store_ln44 = store i7 %select_ln41_1, i7 %i" [src/conv2.cpp:44]   --->   Operation 67 'store' 'store_ln44' <Predicate = (!icmp_ln40)> <Delay = 0.42>

State 4 <SV = 3> <Delay = 4.11>
ST_4 : Operation 68 [1/2] (1.23ns)   --->   "%weight_buffer_load = load i8 %weight_buffer_addr"   --->   Operation 68 'load' 'weight_buffer_load' <Predicate = (!icmp_ln40 & !icmp_ln43 & !icmp_ln41 & !and_ln40_1)> <Delay = 1.23> <CoreInst = "RAM">   --->   Core 83 'RAM' <Latency = 1> <II = 1> <Delay = 1.23> <Storage> <Opcode : 'load' 'store'> <Ports = 2> <Width = 32> <Depth = 256> <RAM>
ST_4 : Operation 69 [1/1] (0.00ns)   --->   "%specpipeline_ln0 = specpipeline void @_ssdm_op_SpecPipeline, i32 4294967295, i32 0, i32 1, i32 0, void @p_str"   --->   Operation 69 'specpipeline' 'specpipeline_ln0' <Predicate = true> <Delay = 0.00>
ST_4 : Operation 70 [1/1] (0.00ns)   --->   "%c_load = load i8 %c" [src/conv2.cpp:43]   --->   Operation 70 'load' 'c_load' <Predicate = (!icmp_ln40)> <Delay = 0.00>
ST_4 : Operation 71 [1/1] (0.00ns)   --->   "%r_load = load i2 %r" [src/conv2.cpp:41]   --->   Operation 71 'load' 'r_load' <Predicate = (!icmp_ln40 & !or_ln41)> <Delay = 0.00>
ST_4 : Operation 72 [1/1] (0.00ns)   --->   "%zext_ln46 = zext i3 %select_ln40_7" [src/conv2.cpp:46]   --->   Operation 72 'zext' 'zext_ln46' <Predicate = (!icmp_ln40)> <Delay = 0.00>
ST_4 : Operation 73 [1/1] (0.00ns)   --->   "%tmp_124 = bitconcatenate i5 @_ssdm_op_BitConcatenate.i5.i3.i2, i3 %select_ln40_7, i2 0" [src/conv2.cpp:46]   --->   Operation 73 'bitconcatenate' 'tmp_124' <Predicate = (!icmp_ln40)> <Delay = 0.00>
ST_4 : Operation 74 [1/1] (0.00ns)   --->   "%zext_ln46_1 = zext i5 %tmp_124" [src/conv2.cpp:46]   --->   Operation 74 'zext' 'zext_ln46_1' <Predicate = (!icmp_ln40)> <Delay = 0.00>
ST_4 : Operation 75 [1/1] (0.78ns)   --->   "%sub_ln46 = sub i6 %zext_ln46_1, i6 %zext_ln46" [src/conv2.cpp:46]   --->   Operation 75 'sub' 'sub_ln46' <Predicate = (!icmp_ln40)> <Delay = 0.78> <CoreInst = "Adder">   --->   Core 1 'Adder' <Latency = 0> <II = 1> <Delay = 0.78> <FuncUnit> <Opcode : 'add' 'sub'> <InPorts = 2> <OutPorts = 1>
ST_4 : Operation 76 [1/1] (0.00ns)   --->   "%sext_ln40 = sext i6 %sub_ln46" [src/conv2.cpp:40]   --->   Operation 76 'sext' 'sext_ln40' <Predicate = (!icmp_ln40)> <Delay = 0.00>
ST_4 : Operation 77 [1/2] (1.23ns)   --->   "%weight_buffer_load_1 = load i8 %weight_buffer_addr_1" [src/conv2.cpp:40]   --->   Operation 77 'load' 'weight_buffer_load_1' <Predicate = (!icmp_ln40 & icmp_ln41 & !and_ln40_1)> <Delay = 1.23> <CoreInst = "RAM">   --->   Core 83 'RAM' <Latency = 1> <II = 1> <Delay = 1.23> <Storage> <Opcode : 'load' 'store'> <Ports = 2> <Width = 32> <Depth = 256> <RAM>
ST_4 : Operation 78 [1/1] (0.76ns)   --->   "%icmp_ln44 = icmp_eq  i8 %c_load, i8 255" [src/conv2.cpp:44]   --->   Operation 78 'icmp' 'icmp_ln44' <Predicate = (!icmp_ln40)> <Delay = 0.76> <CoreInst = "Cmp">   --->   Core 9 'Cmp' <Latency = 0> <II = 1> <Delay = 0.76> <FuncUnit> <Opcode : 'icmp'> <InPorts = 2> <OutPorts = 1>
ST_4 : Operation 79 [1/1] (0.17ns)   --->   "%select_ln41 = select i1 %or_ln41, i2 0, i2 %r_load" [src/conv2.cpp:41]   --->   Operation 79 'select' 'select_ln41' <Predicate = (!icmp_ln40)> <Delay = 0.17> <CoreInst = "Sel">   --->   Core 73 'Sel' <Latency = 0> <II = 1> <Delay = 0.17> <FuncUnit> <Opcode : 'select'> <InPorts = 3> <OutPorts = 1>
ST_4 : Operation 80 [1/1] (0.00ns)   --->   "%zext_ln46_2 = zext i7 %select_ln41_1" [src/conv2.cpp:46]   --->   Operation 80 'zext' 'zext_ln46_2' <Predicate = (!icmp_ln40)> <Delay = 0.00>
ST_4 : Operation 81 [1/1] (0.00ns)   --->   "%p_shl = bitconcatenate i9 @_ssdm_op_BitConcatenate.i9.i7.i2, i7 %select_ln41_1, i2 0" [src/conv2.cpp:46]   --->   Operation 81 'bitconcatenate' 'p_shl' <Predicate = (!icmp_ln40)> <Delay = 0.00>
ST_4 : Operation 82 [1/1] (0.00ns)   --->   "%zext_ln46_3 = zext i9 %p_shl" [src/conv2.cpp:46]   --->   Operation 82 'zext' 'zext_ln46_3' <Predicate = (!icmp_ln40)> <Delay = 0.00>
ST_4 : Operation 83 [1/1] (0.77ns)   --->   "%sub_ln46_1 = sub i10 %zext_ln46_3, i10 %zext_ln46_2" [src/conv2.cpp:46]   --->   Operation 83 'sub' 'sub_ln46_1' <Predicate = (!icmp_ln40)> <Delay = 0.77> <CoreInst = "Adder">   --->   Core 1 'Adder' <Latency = 0> <II = 1> <Delay = 0.77> <FuncUnit> <Opcode : 'add' 'sub'> <InPorts = 2> <OutPorts = 1>
ST_4 : Operation 84 [1/1] (0.00ns)   --->   "%sub_ln46_1_cast = sext i10 %sub_ln46_1" [src/conv2.cpp:46]   --->   Operation 84 'sext' 'sub_ln46_1_cast' <Predicate = (!icmp_ln40)> <Delay = 0.00>
ST_4 : Operation 85 [1/2] (1.23ns)   --->   "%weight_buffer_load_2 = load i8 %weight_buffer_addr_2" [src/conv2.cpp:40]   --->   Operation 85 'load' 'weight_buffer_load_2' <Predicate = (!icmp_ln40 & icmp_ln43 & !icmp_ln41 & and_ln40_1)> <Delay = 1.23> <CoreInst = "RAM">   --->   Core 83 'RAM' <Latency = 1> <II = 1> <Delay = 1.23> <Storage> <Opcode : 'load' 'store'> <Ports = 2> <Width = 32> <Depth = 256> <RAM>
ST_4 : Operation 86 [1/1] (0.00ns) (grouped into LUT with out node select_ln41_2)   --->   "%trunc_ln41 = trunc i32 %weight_buffer_load_2" [src/conv2.cpp:41]   --->   Operation 86 'trunc' 'trunc_ln41' <Predicate = (!icmp_ln40 & and_ln40_1)> <Delay = 0.00>
ST_4 : Operation 87 [1/1] (0.00ns) (grouped into LUT with out node select_ln41_2)   --->   "%trunc_ln41_1 = trunc i32 %weight_buffer_load_1" [src/conv2.cpp:41]   --->   Operation 87 'trunc' 'trunc_ln41_1' <Predicate = (!icmp_ln40 & icmp_ln41 & !and_ln40_1)> <Delay = 0.00>
ST_4 : Operation 88 [1/1] (0.00ns) (grouped into LUT with out node select_ln41_2)   --->   "%trunc_ln41_2 = trunc i32 %weight_buffer_load" [src/conv2.cpp:41]   --->   Operation 88 'trunc' 'trunc_ln41_2' <Predicate = (!icmp_ln40 & !icmp_ln41 & !and_ln40_1)> <Delay = 0.00>
ST_4 : Operation 89 [1/1] (0.00ns) (grouped into LUT with out node select_ln41_2)   --->   "%select_ln40_8 = select i1 %icmp_ln41, i18 %trunc_ln41_1, i18 %trunc_ln41_2" [src/conv2.cpp:40]   --->   Operation 89 'select' 'select_ln40_8' <Predicate = (!icmp_ln40 & !and_ln40_1)> <Delay = 0.00> <CoreInst = "Sel">   --->   Core 73 'Sel' <Latency = 0> <II = 1> <Delay = 0.36> <FuncUnit> <Opcode : 'select'> <InPorts = 3> <OutPorts = 1>
ST_4 : Operation 90 [1/1] (0.36ns) (out node of the LUT)   --->   "%select_ln41_2 = select i1 %and_ln40_1, i18 %trunc_ln41, i18 %select_ln40_8" [src/conv2.cpp:41]   --->   Operation 90 'select' 'select_ln41_2' <Predicate = (!icmp_ln40)> <Delay = 0.36> <CoreInst = "Sel">   --->   Core 73 'Sel' <Latency = 0> <II = 1> <Delay = 0.36> <FuncUnit> <Opcode : 'select'> <InPorts = 3> <OutPorts = 1>
ST_4 : Operation 91 [1/1] (0.00ns) (grouped into LUT with out node and_ln41)   --->   "%xor_ln41 = xor i1 %icmp_ln43, i1 1" [src/conv2.cpp:41]   --->   Operation 91 'xor' 'xor_ln41' <Predicate = (!icmp_ln40)> <Delay = 0.00> <CoreInst = "LogicGate">   --->   Core 74 'LogicGate' <Latency = 0> <II = 1> <Delay = 0.28> <FuncUnit> <Opcode : 'and' 'or' 'xor'> <InPorts = 2> <OutPorts = 1>
ST_4 : Operation 92 [1/1] (0.00ns) (grouped into LUT with out node and_ln41)   --->   "%or_ln41_1 = or i1 %icmp_ln41, i1 %xor_ln41" [src/conv2.cpp:41]   --->   Operation 92 'or' 'or_ln41_1' <Predicate = (!icmp_ln40)> <Delay = 0.00> <CoreInst = "LogicGate">   --->   Core 74 'LogicGate' <Latency = 0> <II = 1> <Delay = 0.28> <FuncUnit> <Opcode : 'and' 'or' 'xor'> <InPorts = 2> <OutPorts = 1>
ST_4 : Operation 93 [1/1] (0.00ns) (grouped into LUT with out node and_ln41)   --->   "%and_ln40 = and i1 %or_ln41_1, i1 %xor_ln40" [src/conv2.cpp:40]   --->   Operation 93 'and' 'and_ln40' <Predicate = (!icmp_ln40)> <Delay = 0.00> <CoreInst = "LogicGate">   --->   Core 74 'LogicGate' <Latency = 0> <II = 1> <Delay = 0.28> <FuncUnit> <Opcode : 'and' 'or' 'xor'> <InPorts = 2> <OutPorts = 1>
ST_4 : Operation 94 [1/1] (0.28ns) (out node of the LUT)   --->   "%and_ln41 = and i1 %and_ln40, i1 %icmp_ln44" [src/conv2.cpp:41]   --->   Operation 94 'and' 'and_ln41' <Predicate = (!icmp_ln40)> <Delay = 0.28> <CoreInst = "LogicGate">   --->   Core 74 'LogicGate' <Latency = 0> <II = 1> <Delay = 0.28> <FuncUnit> <Opcode : 'and' 'or' 'xor'> <InPorts = 2> <OutPorts = 1>
ST_4 : Operation 95 [1/1] (0.54ns)   --->   "%add_ln43 = add i2 %select_ln41, i2 1" [src/conv2.cpp:43]   --->   Operation 95 'add' 'add_ln43' <Predicate = (!icmp_ln40)> <Delay = 0.54> <CoreInst = "Adder">   --->   Core 1 'Adder' <Latency = 0> <II = 1> <Delay = 0.54> <FuncUnit> <Opcode : 'add' 'sub'> <InPorts = 2> <OutPorts = 1>
ST_4 : Operation 96 [1/1] (0.00ns) (grouped into LUT with out node select_ln43)   --->   "%or_ln43 = or i1 %and_ln41, i1 %and_ln40_1" [src/conv2.cpp:43]   --->   Operation 96 'or' 'or_ln43' <Predicate = (!icmp_ln40)> <Delay = 0.00> <CoreInst = "LogicGate">   --->   Core 74 'LogicGate' <Latency = 0> <II = 1> <Delay = 0.28> <FuncUnit> <Opcode : 'and' 'or' 'xor'> <InPorts = 2> <OutPorts = 1>
ST_4 : Operation 97 [1/1] (0.00ns) (grouped into LUT with out node select_ln43)   --->   "%or_ln43_1 = or i1 %or_ln43, i1 %icmp_ln41" [src/conv2.cpp:43]   --->   Operation 97 'or' 'or_ln43_1' <Predicate = (!icmp_ln40)> <Delay = 0.00> <CoreInst = "LogicGate">   --->   Core 74 'LogicGate' <Latency = 0> <II = 1> <Delay = 0.28> <FuncUnit> <Opcode : 'and' 'or' 'xor'> <InPorts = 2> <OutPorts = 1>
ST_4 : Operation 98 [1/1] (0.39ns) (out node of the LUT)   --->   "%select_ln43 = select i1 %or_ln43_1, i8 0, i8 %c_load" [src/conv2.cpp:43]   --->   Operation 98 'select' 'select_ln43' <Predicate = (!icmp_ln40)> <Delay = 0.39> <CoreInst = "Sel">   --->   Core 73 'Sel' <Latency = 0> <II = 1> <Delay = 0.39> <FuncUnit> <Opcode : 'select'> <InPorts = 3> <OutPorts = 1>
ST_4 : Operation 99 [1/1] (0.17ns)   --->   "%select_ln43_1 = select i1 %and_ln41, i2 %add_ln43, i2 %select_ln41" [src/conv2.cpp:43]   --->   Operation 99 'select' 'select_ln43_1' <Predicate = (!icmp_ln40)> <Delay = 0.17> <CoreInst = "Sel">   --->   Core 73 'Sel' <Latency = 0> <II = 1> <Delay = 0.17> <FuncUnit> <Opcode : 'select'> <InPorts = 3> <OutPorts = 1>
ST_4 : Operation 100 [1/1] (0.00ns)   --->   "%zext_ln46_4 = zext i2 %select_ln43_1" [src/conv2.cpp:46]   --->   Operation 100 'zext' 'zext_ln46_4' <Predicate = (!icmp_ln40)> <Delay = 0.00>
ST_4 : Operation 101 [1/1] (0.00ns)   --->   "%zext_ln46_5 = zext i2 %select_ln43_1" [src/conv2.cpp:46]   --->   Operation 101 'zext' 'zext_ln46_5' <Predicate = (!icmp_ln40)> <Delay = 0.00>
ST_4 : Operation 102 [1/1] (0.78ns)   --->   "%add_ln46_1 = add i11 %sub_ln46_1_cast, i11 %zext_ln46_5" [src/conv2.cpp:46]   --->   Operation 102 'add' 'add_ln46_1' <Predicate = (!icmp_ln40)> <Delay = 0.78> <CoreInst = "Adder">   --->   Core 1 'Adder' <Latency = 0> <II = 1> <Delay = 0.78> <FuncUnit> <Opcode : 'add' 'sub'> <InPorts = 2> <OutPorts = 1>
ST_4 : Operation 103 [1/1] (0.00ns)   --->   "%sext_ln46_1 = sext i11 %add_ln46_1" [src/conv2.cpp:46]   --->   Operation 103 'sext' 'sext_ln46_1' <Predicate = (!icmp_ln40)> <Delay = 0.00>
ST_4 : Operation 104 [1/1] (0.00ns)   --->   "%trunc_ln46 = trunc i11 %add_ln46_1" [src/conv2.cpp:46]   --->   Operation 104 'trunc' 'trunc_ln46' <Predicate = (!icmp_ln40)> <Delay = 0.00>
ST_4 : Operation 105 [1/1] (0.00ns)   --->   "%p_shl1 = bitconcatenate i16 @_ssdm_op_BitConcatenate.i16.i8.i8, i8 %trunc_ln46, i8 0" [src/conv2.cpp:46]   --->   Operation 105 'bitconcatenate' 'p_shl1' <Predicate = (!icmp_ln40)> <Delay = 0.00>
ST_4 : Operation 106 [1/1] (0.00ns) (grouped into TernaryAdder)   --->   "%sub_ln46_2 = sub i16 %p_shl1, i16 %sext_ln46_1" [src/conv2.cpp:46]   --->   Operation 106 'sub' 'sub_ln46_2' <Predicate = (!icmp_ln40)> <Delay = 0.00> <CoreInst = "TAddSub">   --->   Core 10 'TAddSub' <Latency = 0> <II = 1> <Delay = 0.43> <IPBlock> <Opcode : '<invalid operator> ' 'add' 'sub'> <InPorts = 3> <OutPorts = 1> <Sync> <CReg>
ST_4 : Operation 107 [1/1] (0.78ns)   --->   "%add_ln46_2 = add i7 %sext_ln40, i7 %zext_ln46_4" [src/conv2.cpp:46]   --->   Operation 107 'add' 'add_ln46_2' <Predicate = (!icmp_ln40)> <Delay = 0.78> <CoreInst = "Adder">   --->   Core 1 'Adder' <Latency = 0> <II = 1> <Delay = 0.78> <FuncUnit> <Opcode : 'add' 'sub'> <InPorts = 2> <OutPorts = 1>
ST_4 : Operation 108 [1/1] (0.00ns)   --->   "%sext_ln46_2 = sext i7 %add_ln46_2" [src/conv2.cpp:46]   --->   Operation 108 'sext' 'sext_ln46_2' <Predicate = (!icmp_ln40)> <Delay = 0.00>
ST_4 : Operation 109 [1/1] (0.00ns)   --->   "%trunc_ln46_1 = trunc i7 %add_ln46_2" [src/conv2.cpp:46]   --->   Operation 109 'trunc' 'trunc_ln46_1' <Predicate = (!icmp_ln40)> <Delay = 0.00>
ST_4 : Operation 110 [1/1] (0.00ns)   --->   "%p_shl2 = bitconcatenate i12 @_ssdm_op_BitConcatenate.i12.i4.i8, i4 %trunc_ln46_1, i8 0" [src/conv2.cpp:46]   --->   Operation 110 'bitconcatenate' 'p_shl2' <Predicate = (!icmp_ln40)> <Delay = 0.00>
ST_4 : Operation 111 [1/1] (0.00ns) (grouped into TernaryAdder)   --->   "%sub_ln46_3 = sub i12 %p_shl2, i12 %sext_ln46_2" [src/conv2.cpp:46]   --->   Operation 111 'sub' 'sub_ln46_3' <Predicate = (!icmp_ln40)> <Delay = 0.00> <CoreInst = "TAddSub">   --->   Core 10 'TAddSub' <Latency = 0> <II = 1> <Delay = 0.43> <IPBlock> <Opcode : '<invalid operator> ' 'add' 'sub'> <InPorts = 3> <OutPorts = 1> <Sync> <CReg>
ST_4 : Operation 112 [1/1] (0.00ns)   --->   "%zext_ln46_6 = zext i8 %select_ln43" [src/conv2.cpp:46]   --->   Operation 112 'zext' 'zext_ln46_6' <Predicate = (!icmp_ln40)> <Delay = 0.00>
ST_4 : Operation 113 [1/1] (0.00ns)   --->   "%zext_ln46_7 = zext i8 %select_ln43" [src/conv2.cpp:46]   --->   Operation 113 'zext' 'zext_ln46_7' <Predicate = (!icmp_ln40)> <Delay = 0.00>
ST_4 : Operation 114 [1/1] (0.68ns) (root node of TernaryAdder)   --->   "%add_ln46_3 = add i16 %sub_ln46_2, i16 %zext_ln46_7" [src/conv2.cpp:46]   --->   Operation 114 'add' 'add_ln46_3' <Predicate = (!icmp_ln40)> <Delay = 0.68> <CoreInst = "TAddSub">   --->   Core 10 'TAddSub' <Latency = 0> <II = 1> <Delay = 0.43> <IPBlock> <Opcode : '<invalid operator> ' 'add' 'sub'> <InPorts = 3> <OutPorts = 1> <Sync> <CReg>
ST_4 : Operation 115 [1/1] (0.00ns)   --->   "%zext_ln46_8 = zext i16 %add_ln46_3" [src/conv2.cpp:46]   --->   Operation 115 'zext' 'zext_ln46_8' <Predicate = (!icmp_ln40)> <Delay = 0.00>
ST_4 : Operation 116 [1/1] (0.00ns)   --->   "%input_fm_buffer_addr = getelementptr i32 %input_fm_buffer, i64 0, i64 %zext_ln46_8" [src/conv2.cpp:46]   --->   Operation 116 'getelementptr' 'input_fm_buffer_addr' <Predicate = (!icmp_ln40)> <Delay = 0.00>
ST_4 : Operation 117 [1/1] (0.86ns) (root node of TernaryAdder)   --->   "%add_ln46_4 = add i12 %sub_ln46_3, i12 %zext_ln46_6" [src/conv2.cpp:46]   --->   Operation 117 'add' 'add_ln46_4' <Predicate = (!icmp_ln40)> <Delay = 0.86> <CoreInst = "TAddSub">   --->   Core 10 'TAddSub' <Latency = 0> <II = 1> <Delay = 0.43> <IPBlock> <Opcode : '<invalid operator> ' 'add' 'sub'> <InPorts = 3> <OutPorts = 1> <Sync> <CReg>
ST_4 : Operation 118 [1/1] (0.00ns)   --->   "%zext_ln46_9 = zext i12 %add_ln46_4" [src/conv2.cpp:46]   --->   Operation 118 'zext' 'zext_ln46_9' <Predicate = (!icmp_ln40)> <Delay = 0.00>
ST_4 : Operation 119 [1/1] (0.00ns)   --->   "%output_fm_buffer_addr = getelementptr i32 %output_fm_buffer, i64 0, i64 %zext_ln46_9" [src/conv2.cpp:46]   --->   Operation 119 'getelementptr' 'output_fm_buffer_addr' <Predicate = (!icmp_ln40)> <Delay = 0.00>
ST_4 : Operation 120 [2/2] (0.67ns)   --->   "%input_fm_buffer_load = load i16 %input_fm_buffer_addr" [src/conv2.cpp:46]   --->   Operation 120 'load' 'input_fm_buffer_load' <Predicate = (!icmp_ln40)> <Delay = 0.67> <CoreInst = "RAM_2P_LUTRAM">   --->   Core 93 'RAM_2P_LUTRAM' <Latency = 1> <II = 1> <Delay = 0.67> <Storage> <Opcode : 'load' 'store'> <Ports = 2> <Width = 32> <Depth = 48960> <RAM>
ST_4 : Operation 121 [2/2] (1.23ns)   --->   "%output_fm_buffer_load = load i12 %output_fm_buffer_addr" [src/conv2.cpp:46]   --->   Operation 121 'load' 'output_fm_buffer_load' <Predicate = (!icmp_ln40)> <Delay = 1.23> <CoreInst = "RAM">   --->   Core 83 'RAM' <Latency = 1> <II = 1> <Delay = 1.23> <Storage> <Opcode : 'load' 'store'> <Ports = 2> <Width = 32> <Depth = 3060> <RAM>
ST_4 : Operation 122 [1/1] (0.76ns)   --->   "%add_ln44 = add i8 %select_ln43, i8 1" [src/conv2.cpp:44]   --->   Operation 122 'add' 'add_ln44' <Predicate = (!icmp_ln40)> <Delay = 0.76> <CoreInst = "Adder">   --->   Core 1 'Adder' <Latency = 0> <II = 1> <Delay = 0.76> <FuncUnit> <Opcode : 'add' 'sub'> <InPorts = 2> <OutPorts = 1>
ST_4 : Operation 123 [1/1] (0.42ns)   --->   "%store_ln44 = store i2 %select_ln43_1, i2 %r" [src/conv2.cpp:44]   --->   Operation 123 'store' 'store_ln44' <Predicate = (!icmp_ln40)> <Delay = 0.42>
ST_4 : Operation 124 [1/1] (0.42ns)   --->   "%store_ln44 = store i8 %add_ln44, i8 %c" [src/conv2.cpp:44]   --->   Operation 124 'store' 'store_ln44' <Predicate = (!icmp_ln40)> <Delay = 0.42>
ST_4 : Operation 143 [1/1] (0.00ns)   --->   "%ret_ln0 = ret"   --->   Operation 143 'ret' 'ret_ln0' <Predicate = (icmp_ln40)> <Delay = 0.00>

State 5 <SV = 4> <Delay = 6.43>
ST_5 : Operation 125 [1/1] (0.00ns)   --->   "%specloopname_ln0 = specloopname void @_ssdm_op_SpecLoopName, void @OUT_ROW_COL_str"   --->   Operation 125 'specloopname' 'specloopname_ln0' <Predicate = true> <Delay = 0.00>
ST_5 : Operation 126 [1/1] (0.00ns)   --->   "%speclooptripcount_ln0 = speclooptripcount void @_ssdm_op_SpecLoopTripCount, i64 195840, i64 195840, i64 195840"   --->   Operation 126 'speclooptripcount' 'speclooptripcount_ln0' <Predicate = true> <Delay = 0.00>
ST_5 : Operation 127 [1/1] (0.00ns)   --->   "%specpipeline_ln0 = specpipeline void @_ssdm_op_SpecPipeline, i32 4294967295, i32 0, i32 1, i32 0, void @p_str"   --->   Operation 127 'specpipeline' 'specpipeline_ln0' <Predicate = true> <Delay = 0.00>
ST_5 : Operation 128 [1/1] (0.00ns)   --->   "%specloopname_ln0 = specloopname void @_ssdm_op_SpecLoopName, void @IN_ROW_COL_str"   --->   Operation 128 'specloopname' 'specloopname_ln0' <Predicate = true> <Delay = 0.00>
ST_5 : Operation 129 [1/1] (0.00ns)   --->   "%sext_ln41 = sext i18 %select_ln41_2" [src/conv2.cpp:41]   --->   Operation 129 'sext' 'sext_ln41' <Predicate = true> <Delay = 0.00>
ST_5 : Operation 130 [1/1] (0.00ns)   --->   "%specpipeline_ln0 = specpipeline void @_ssdm_op_SpecPipeline, i32 4294967295, i32 0, i32 1, i32 0, void @p_str"   --->   Operation 130 'specpipeline' 'specpipeline_ln0' <Predicate = true> <Delay = 0.00>
ST_5 : Operation 131 [1/1] (0.00ns)   --->   "%specloopname_ln0 = specloopname void @_ssdm_op_SpecLoopName, void @ROW_COL_str"   --->   Operation 131 'specloopname' 'specloopname_ln0' <Predicate = true> <Delay = 0.00>
ST_5 : Operation 132 [1/1] (0.00ns)   --->   "%specpipeline_ln0 = specpipeline void @_ssdm_op_SpecPipeline, i32 4294967295, i32 0, i32 1, i32 0, void @p_str"   --->   Operation 132 'specpipeline' 'specpipeline_ln0' <Predicate = true> <Delay = 0.00>
ST_5 : Operation 133 [1/1] (0.00ns)   --->   "%specloopname_ln44 = specloopname void @_ssdm_op_SpecLoopName, void @empty_35" [src/conv2.cpp:44]   --->   Operation 133 'specloopname' 'specloopname_ln44' <Predicate = true> <Delay = 0.00>
ST_5 : Operation 134 [1/2] (0.67ns)   --->   "%input_fm_buffer_load = load i16 %input_fm_buffer_addr" [src/conv2.cpp:46]   --->   Operation 134 'load' 'input_fm_buffer_load' <Predicate = true> <Delay = 0.67> <CoreInst = "RAM_2P_LUTRAM">   --->   Core 93 'RAM_2P_LUTRAM' <Latency = 1> <II = 1> <Delay = 0.67> <Storage> <Opcode : 'load' 'store'> <Ports = 2> <Width = 32> <Depth = 48960> <RAM>
ST_5 : Operation 135 [1/1] (0.00ns)   --->   "%sext_ln46 = sext i32 %input_fm_buffer_load" [src/conv2.cpp:46]   --->   Operation 135 'sext' 'sext_ln46' <Predicate = true> <Delay = 0.00>
ST_5 : [1/1] (1.26ns)   --->   Input mux for Operation 136 '%mul_ln46 = mul i49 %sext_ln46, i49 %sext_ln41'
ST_5 : Operation 136 [1/1] (2.15ns)   --->   "%mul_ln46 = mul i49 %sext_ln46, i49 %sext_ln41" [src/conv2.cpp:46]   --->   Operation 136 'mul' 'mul_ln46' <Predicate = true> <Delay = 2.15> <CoreInst = "Multiplier">   --->   Core 3 'Multiplier' <Latency = 0> <II = 1> <Delay = 3.42> <FuncUnit> <Opcode : 'mul'> <InPorts = 2> <OutPorts = 1>
ST_5 : Operation 137 [1/2] (1.23ns)   --->   "%output_fm_buffer_load = load i12 %output_fm_buffer_addr" [src/conv2.cpp:46]   --->   Operation 137 'load' 'output_fm_buffer_load' <Predicate = true> <Delay = 1.23> <CoreInst = "RAM">   --->   Core 83 'RAM' <Latency = 1> <II = 1> <Delay = 1.23> <Storage> <Opcode : 'load' 'store'> <Ports = 2> <Width = 32> <Depth = 3060> <RAM>
ST_5 : Operation 138 [1/1] (0.00ns)   --->   "%shl_ln3 = bitconcatenate i49 @_ssdm_op_BitConcatenate.i49.i32.i17, i32 %output_fm_buffer_load, i17 0" [src/conv2.cpp:46]   --->   Operation 138 'bitconcatenate' 'shl_ln3' <Predicate = true> <Delay = 0.00>
ST_5 : Operation 139 [1/1] (1.09ns)   --->   "%add_ln46 = add i49 %shl_ln3, i49 %mul_ln46" [src/conv2.cpp:46]   --->   Operation 139 'add' 'add_ln46' <Predicate = true> <Delay = 1.09> <CoreInst = "Adder">   --->   Core 1 'Adder' <Latency = 0> <II = 1> <Delay = 1.09> <FuncUnit> <Opcode : 'add' 'sub'> <InPorts = 2> <OutPorts = 1>
ST_5 : Operation 140 [1/1] (0.00ns)   --->   "%trunc_ln9 = partselect i32 @_ssdm_op_PartSelect.i32.i49.i32.i32, i49 %add_ln46, i32 17, i32 48" [src/conv2.cpp:46]   --->   Operation 140 'partselect' 'trunc_ln9' <Predicate = true> <Delay = 0.00>
ST_5 : Operation 141 [1/1] (1.23ns)   --->   "%store_ln46 = store i32 %trunc_ln9, i12 %output_fm_buffer_addr" [src/conv2.cpp:46]   --->   Operation 141 'store' 'store_ln46' <Predicate = true> <Delay = 1.23> <CoreInst = "RAM">   --->   Core 83 'RAM' <Latency = 1> <II = 1> <Delay = 1.23> <Storage> <Opcode : 'load' 'store'> <Ports = 2> <Width = 32> <Depth = 3060> <RAM>
ST_5 : Operation 142 [1/1] (0.00ns)   --->   "%br_ln44 = br void %for.body100" [src/conv2.cpp:44]   --->   Operation 142 'br' 'br_ln44' <Predicate = true> <Delay = 0.00>


============================================================
+ Verbose Summary: Timing violations
============================================================
Target clock period: 10.000ns, clock uncertainty: 2.700ns.

 <State 1>: 0.427ns
The critical path consists of the following:
	'alloca' operation ('indvar_flatten91') [10]  (0.000 ns)
	'store' operation ('store_ln0') of constant 0 on local variable 'indvar_flatten91' [13]  (0.427 ns)

 <State 2>: 2.554ns
The critical path consists of the following:
	'load' operation ('indvar_flatten48_load', src/conv2.cpp:41) on local variable 'indvar_flatten48' [39]  (0.000 ns)
	'icmp' operation ('icmp_ln41', src/conv2.cpp:41) [43]  (0.863 ns)
	'xor' operation ('xor_ln40', src/conv2.cpp:40) [57]  (0.287 ns)
	'and' operation ('and_ln40_1', src/conv2.cpp:40) [60]  (0.287 ns)
	'or' operation ('or_ln41', src/conv2.cpp:41) [63]  (0.287 ns)
	'select' operation ('select_ln43_2', src/conv2.cpp:43) [126]  (0.403 ns)
	'store' operation ('store_ln44', src/conv2.cpp:44) of variable 'select_ln43_2', src/conv2.cpp:43 on local variable 'indvar_flatten31' [133]  (0.427 ns)

 <State 3>: 2.370ns
The critical path consists of the following:
	'load' operation ('i') on local variable 'i' [22]  (0.000 ns)
	'select' operation ('select_ln40', src/conv2.cpp:40) [44]  (0.360 ns)
	'add' operation ('add_ln41', src/conv2.cpp:41) [61]  (0.773 ns)
	'getelementptr' operation ('weight_buffer_addr_2', src/conv2.cpp:40) [75]  (0.000 ns)
	'load' operation ('weight_buffer_load_2', src/conv2.cpp:40) on array 'weight_buffer' [76]  (1.237 ns)

 <State 4>: 4.118ns
The critical path consists of the following:
	'load' operation ('c_load', src/conv2.cpp:43) on local variable 'c' [36]  (0.000 ns)
	'icmp' operation ('icmp_ln44', src/conv2.cpp:44) [58]  (0.765 ns)
	'and' operation ('and_ln41', src/conv2.cpp:41) [87]  (0.287 ns)
	'select' operation ('select_ln43_1', src/conv2.cpp:43) [93]  (0.179 ns)
	'add' operation ('add_ln46_2', src/conv2.cpp:46) [101]  (0.781 ns)
	'sub' operation ('sub_ln46_3', src/conv2.cpp:46) [105]  (0.000 ns)
	'add' operation ('add_ln46_4', src/conv2.cpp:46) [112]  (0.869 ns)
	'getelementptr' operation ('output_fm_buffer_addr', src/conv2.cpp:46) [114]  (0.000 ns)
	'load' operation ('output_fm_buffer_load', src/conv2.cpp:46) on array 'output_fm_buffer' [119]  (1.237 ns)

 <State 5>: 6.431ns
The critical path consists of the following:
	'load' operation ('input_fm_buffer_load', src/conv2.cpp:46) on array 'input_fm_buffer' [116]  (0.677 ns)
	multiplexor before operation 'mul' with delay (1.261 ns)
'mul' operation ('mul_ln46', src/conv2.cpp:46) [118]  (2.159 ns)
	'add' operation ('add_ln46', src/conv2.cpp:46) [121]  (1.097 ns)
	'store' operation ('store_ln46', src/conv2.cpp:46) of variable 'trunc_ln9', src/conv2.cpp:46 on array 'output_fm_buffer' [123]  (1.237 ns)


============================================================
+ Verbose Summary: Binding
============================================================
N/A
* FSMD analyzer results:
  - Output states:
 - Input state : 
  - Chain level:
	State 1
	State 2
	State 3
	State 4
	State 5


============================================================
+ Verbose Summary: Datapath Resource usage 
============================================================
N/A
