

================================================================
== Vitis HLS Report for 'conv1_Pipeline_RELU'
================================================================
* Date:           Fri Nov  3 04:15:20 2023

* Version:        2023.1 (Build 3854077 on May  4 2023)
* Project:        srcnn_hls
* Solution:       solution1 (Vivado IP Flow Target)
* Product family: zynquplus
* Target device:  xck24-ubva530-2LV-c


================================================================
== Performance Estimates
================================================================
+ Timing: 
    * Summary: 
    +--------+----------+----------+------------+
    |  Clock |  Target  | Estimated| Uncertainty|
    +--------+----------+----------+------------+
    |ap_clk  |  10.00 ns|  4.049 ns|     2.70 ns|
    +--------+----------+----------+------------+

+ Latency: 
    * Summary: 
    +---------+---------+----------+----------+-----+-----+---------+
    |  Latency (cycles) |  Latency (absolute) |  Interval | Pipeline|
    |   min   |   max   |    min   |    max   | min | max |   Type  |
    +---------+---------+----------+----------+-----+-----+---------+
    |      512|      512|  5.120 us|  5.120 us|  512|  512|       no|
    +---------+---------+----------+----------+-----+-----+---------+

    + Detail: 
        * Instance: 
        N/A

        * Loop: 
        +----------+---------+---------+----------+-----------+-----------+------+----------+
        |          |  Latency (cycles) | Iteration|  Initiation Interval  | Trip |          |
        | Loop Name|   min   |   max   |  Latency |  achieved |   target  | Count| Pipelined|
        +----------+---------+---------+----------+-----------+-----------+------+----------+
        |- RELU    |      510|      510|         2|          2|          2|   255|       yes|
        +----------+---------+---------+----------+-----------+-----------+------+----------+

============================================================
+ Verbose Summary: Synthesis Manager
============================================================
InlineROM: 1
ExposeGlobal: 0
============================================================
+ Verbose Summary: CDFG Model
============================================================
IsTopModel: 0
ResetActiveHigh: 1
IsCombinational: 0
IsDatapathOnly: 0
HasWiredReturn: 1
HasMFsm: 2
HasVarLatency: 1
IsPipeline: 0
IsRtlPipelined: 0
IsInstanceOverlapped: 0
IsDontTouch: 0
HasImplIP: 0
IsGatedGlobalClock: 0

+ Individual pipeline summary: 
  * Pipeline-0: initiation interval (II) = 2, depth = 2


============================================================
+ Verbose Summary: Schedule
============================================================
* Number of FSM states : 2
* Pipeline : 1
  Pipeline-0 : II = 2, D = 2, States = { 1 2 }
* Dataflow Pipeline: 0

* FSM state transitions: 
1 --> 2 
2 --> 

* FSM state operations: 

State 1 <SV = 0> <Delay = 1.23>
ST_1 : Operation 5 [1/1] (0.00ns)   --->   "%bw = alloca i32 1"   --->   Operation 5 'alloca' 'bw' <Predicate = true> <Delay = 0.00>
ST_1 : Operation 6 [1/1] (0.00ns)   --->   "%sext_ln140_read = read i14 @_ssdm_op_Read.ap_auto.i14, i14 %sext_ln140"   --->   Operation 6 'read' 'sext_ln140_read' <Predicate = true> <Delay = 0.00>
ST_1 : Operation 7 [1/1] (0.00ns)   --->   "%sext_ln137_read = read i14 @_ssdm_op_Read.ap_auto.i14, i14 %sext_ln137"   --->   Operation 7 'read' 'sext_ln137_read' <Predicate = true> <Delay = 0.00>
ST_1 : Operation 8 [1/1] (0.00ns)   --->   "%tmp_314_read = read i7 @_ssdm_op_Read.ap_auto.i7, i7 %tmp_314"   --->   Operation 8 'read' 'tmp_314_read' <Predicate = true> <Delay = 0.00>
ST_1 : Operation 9 [1/1] (0.00ns)   --->   "%sext_ln140_cast = sext i14 %sext_ln140_read"   --->   Operation 9 'sext' 'sext_ln140_cast' <Predicate = true> <Delay = 0.00>
ST_1 : Operation 10 [1/1] (0.00ns)   --->   "%sext_ln137_cast = sext i14 %sext_ln137_read"   --->   Operation 10 'sext' 'sext_ln137_cast' <Predicate = true> <Delay = 0.00>
ST_1 : Operation 11 [1/1] (0.00ns)   --->   "%specmemcore_ln0 = specmemcore void @_ssdm_op_SpecMemCore, i16 %conv1_ap_fixed_255_255_ap_fixed_1_9_9_ap_fixed_ap_fixed_255_2_1, i64 666, i64 30, i64 18446744073709551615"   --->   Operation 11 'specmemcore' 'specmemcore_ln0' <Predicate = true> <Delay = 0.00>
ST_1 : Operation 12 [1/1] (0.00ns)   --->   "%specmemcore_ln0 = specmemcore void @_ssdm_op_SpecMemCore, i16 %conv1_ap_fixed_255_255_ap_fixed_1_9_9_ap_fixed_ap_fixed_255_2, i64 666, i64 30, i64 18446744073709551615"   --->   Operation 12 'specmemcore' 'specmemcore_ln0' <Predicate = true> <Delay = 0.00>
ST_1 : Operation 13 [1/1] (0.42ns)   --->   "%store_ln0 = store i8 0, i8 %bw"   --->   Operation 13 'store' 'store_ln0' <Predicate = true> <Delay = 0.42>
ST_1 : Operation 14 [1/1] (0.00ns)   --->   "%br_ln0 = br void %for.body8.0.i1089"   --->   Operation 14 'br' 'br_ln0' <Predicate = true> <Delay = 0.00>
ST_1 : Operation 15 [1/1] (0.00ns)   --->   "%bw_4 = load i8 %bw" [src/conv1.cpp:137->src/conv1.cpp:63]   --->   Operation 15 'load' 'bw_4' <Predicate = true> <Delay = 0.00>
ST_1 : Operation 16 [1/1] (0.76ns)   --->   "%icmp_ln137 = icmp_eq  i8 %bw_4, i8 255" [src/conv1.cpp:137->src/conv1.cpp:63]   --->   Operation 16 'icmp' 'icmp_ln137' <Predicate = true> <Delay = 0.76> <CoreInst = "Cmp">   --->   Core 9 'Cmp' <Latency = 0> <II = 1> <Delay = 0.76> <FuncUnit> <Opcode : 'icmp'> <InPorts = 2> <OutPorts = 1>
ST_1 : Operation 17 [1/1] (0.76ns)   --->   "%add_ln137 = add i8 %bw_4, i8 1" [src/conv1.cpp:137->src/conv1.cpp:63]   --->   Operation 17 'add' 'add_ln137' <Predicate = true> <Delay = 0.76> <CoreInst = "Adder">   --->   Core 1 'Adder' <Latency = 0> <II = 1> <Delay = 0.76> <FuncUnit> <Opcode : 'add' 'sub'> <InPorts = 2> <OutPorts = 1>
ST_1 : Operation 18 [1/1] (0.00ns)   --->   "%br_ln137 = br i1 %icmp_ln137, void %for.body8.0.i1089.split, void %for.end.0.i.exitStub" [src/conv1.cpp:137->src/conv1.cpp:63]   --->   Operation 18 'br' 'br_ln137' <Predicate = true> <Delay = 0.00>
ST_1 : Operation 19 [1/1] (0.00ns)   --->   "%trunc_ln137 = trunc i8 %bw_4" [src/conv1.cpp:137->src/conv1.cpp:63]   --->   Operation 19 'trunc' 'trunc_ln137' <Predicate = (!icmp_ln137)> <Delay = 0.00>
ST_1 : Operation 20 [1/1] (0.00ns)   --->   "%tmp_s = bitconcatenate i14 @_ssdm_op_BitConcatenate.i14.i7.i7, i7 %tmp_314_read, i7 %trunc_ln137" [src/conv1.cpp:140->src/conv1.cpp:63]   --->   Operation 20 'bitconcatenate' 'tmp_s' <Predicate = (!icmp_ln137)> <Delay = 0.00>
ST_1 : Operation 21 [1/1] (0.00ns)   --->   "%zext_ln140 = zext i14 %tmp_s" [src/conv1.cpp:140->src/conv1.cpp:63]   --->   Operation 21 'zext' 'zext_ln140' <Predicate = (!icmp_ln137)> <Delay = 0.00>
ST_1 : Operation 22 [1/1] (0.00ns)   --->   "%conv1_ap_fixed_255_255_ap_fixed_1_9_9_ap_fixed_ap_fixed_255_2_9 = getelementptr i16 %conv1_ap_fixed_255_255_ap_fixed_1_9_9_ap_fixed_ap_fixed_255_2_1, i64 0, i64 %zext_ln140" [src/conv1.cpp:140->src/conv1.cpp:63]   --->   Operation 22 'getelementptr' 'conv1_ap_fixed_255_255_ap_fixed_1_9_9_ap_fixed_ap_fixed_255_2_9' <Predicate = (!icmp_ln137)> <Delay = 0.00>
ST_1 : Operation 23 [1/1] (0.00ns)   --->   "%conv1_ap_fixed_255_255_ap_fixed_1_9_9_ap_fixed_ap_fixed_255_2_10 = getelementptr i16 %conv1_ap_fixed_255_255_ap_fixed_1_9_9_ap_fixed_ap_fixed_255_2, i64 0, i64 %zext_ln140" [src/conv1.cpp:140->src/conv1.cpp:63]   --->   Operation 23 'getelementptr' 'conv1_ap_fixed_255_255_ap_fixed_1_9_9_ap_fixed_ap_fixed_255_2_10' <Predicate = (!icmp_ln137)> <Delay = 0.00>
ST_1 : Operation 24 [1/1] (0.00ns)   --->   "%tmp = bitselect i1 @_ssdm_op_BitSelect.i1.i8.i32, i8 %bw_4, i32 7" [src/conv1.cpp:137->src/conv1.cpp:63]   --->   Operation 24 'bitselect' 'tmp' <Predicate = (!icmp_ln137)> <Delay = 0.00>
ST_1 : Operation 25 [2/2] (1.23ns)   --->   "%conv1_ap_fixed_255_255_ap_fixed_1_9_9_ap_fixed_ap_fixed_255_2_11 = load i14 %conv1_ap_fixed_255_255_ap_fixed_1_9_9_ap_fixed_ap_fixed_255_2_9" [src/conv1.cpp:140->src/conv1.cpp:63]   --->   Operation 25 'load' 'conv1_ap_fixed_255_255_ap_fixed_1_9_9_ap_fixed_ap_fixed_255_2_11' <Predicate = (!icmp_ln137)> <Delay = 1.23> <CoreInst = "RAM_T2P_BRAM">   --->   Core 99 'RAM_T2P_BRAM' <Latency = 1> <II = 1> <Delay = 1.23> <Storage> <Opcode : 'load' 'store'> <Ports = 2> <Width = 16> <Depth = 15360> <RAM>
ST_1 : Operation 26 [2/2] (1.23ns)   --->   "%conv1_ap_fixed_255_255_ap_fixed_1_9_9_ap_fixed_ap_fixed_255_2_12 = load i14 %conv1_ap_fixed_255_255_ap_fixed_1_9_9_ap_fixed_ap_fixed_255_2_10" [src/conv1.cpp:140->src/conv1.cpp:63]   --->   Operation 26 'load' 'conv1_ap_fixed_255_255_ap_fixed_1_9_9_ap_fixed_ap_fixed_255_2_12' <Predicate = (!icmp_ln137)> <Delay = 1.23> <CoreInst = "RAM_T2P_BRAM">   --->   Core 99 'RAM_T2P_BRAM' <Latency = 1> <II = 1> <Delay = 1.23> <Storage> <Opcode : 'load' 'store'> <Ports = 2> <Width = 16> <Depth = 15360> <RAM>
ST_1 : Operation 46 [1/1] (0.00ns)   --->   "%ret_ln0 = ret"   --->   Operation 46 'ret' 'ret_ln0' <Predicate = (icmp_ln137)> <Delay = 0.00>

State 2 <SV = 1> <Delay = 4.04>
ST_2 : Operation 27 [1/1] (0.00ns)   --->   "%specpipeline_ln138 = specpipeline void @_ssdm_op_SpecPipeline, i32 2, i32 0, i32 0, i32 0, void @empty_14" [src/conv1.cpp:138->src/conv1.cpp:63]   --->   Operation 27 'specpipeline' 'specpipeline_ln138' <Predicate = true> <Delay = 0.00>
ST_2 : Operation 28 [1/1] (0.00ns)   --->   "%speclooptripcount_ln137 = speclooptripcount void @_ssdm_op_SpecLoopTripCount, i64 255, i64 255, i64 255" [src/conv1.cpp:137->src/conv1.cpp:63]   --->   Operation 28 'speclooptripcount' 'speclooptripcount_ln137' <Predicate = true> <Delay = 0.00>
ST_2 : Operation 29 [1/1] (0.00ns)   --->   "%specloopname_ln137 = specloopname void @_ssdm_op_SpecLoopName, void @empty_33" [src/conv1.cpp:137->src/conv1.cpp:63]   --->   Operation 29 'specloopname' 'specloopname_ln137' <Predicate = true> <Delay = 0.00>
ST_2 : Operation 30 [1/2] (1.23ns)   --->   "%conv1_ap_fixed_255_255_ap_fixed_1_9_9_ap_fixed_ap_fixed_255_2_11 = load i14 %conv1_ap_fixed_255_255_ap_fixed_1_9_9_ap_fixed_ap_fixed_255_2_9" [src/conv1.cpp:140->src/conv1.cpp:63]   --->   Operation 30 'load' 'conv1_ap_fixed_255_255_ap_fixed_1_9_9_ap_fixed_ap_fixed_255_2_11' <Predicate = true> <Delay = 1.23> <CoreInst = "RAM_T2P_BRAM">   --->   Core 99 'RAM_T2P_BRAM' <Latency = 1> <II = 1> <Delay = 1.23> <Storage> <Opcode : 'load' 'store'> <Ports = 2> <Width = 16> <Depth = 15360> <RAM>
ST_2 : Operation 31 [1/2] (1.23ns)   --->   "%conv1_ap_fixed_255_255_ap_fixed_1_9_9_ap_fixed_ap_fixed_255_2_12 = load i14 %conv1_ap_fixed_255_255_ap_fixed_1_9_9_ap_fixed_ap_fixed_255_2_10" [src/conv1.cpp:140->src/conv1.cpp:63]   --->   Operation 31 'load' 'conv1_ap_fixed_255_255_ap_fixed_1_9_9_ap_fixed_ap_fixed_255_2_12' <Predicate = true> <Delay = 1.23> <CoreInst = "RAM_T2P_BRAM">   --->   Core 99 'RAM_T2P_BRAM' <Latency = 1> <II = 1> <Delay = 1.23> <Storage> <Opcode : 'load' 'store'> <Ports = 2> <Width = 16> <Depth = 15360> <RAM>
ST_2 : Operation 32 [1/1] (0.42ns)   --->   "%tmp_127 = mux i16 @_ssdm_op_Mux.ap_auto.2i16.i1, i16 %conv1_ap_fixed_255_255_ap_fixed_1_9_9_ap_fixed_ap_fixed_255_2_11, i16 %conv1_ap_fixed_255_255_ap_fixed_1_9_9_ap_fixed_ap_fixed_255_2_12, i1 %tmp" [src/conv1.cpp:140->src/conv1.cpp:63]   --->   Operation 32 'mux' 'tmp_127' <Predicate = true> <Delay = 0.42> <CoreInst = "Multiplexer">   --->   Core 76 'Multiplexer' <Latency = 0> <II = 1> <Delay = 0.42> <FuncUnit> <Opcode : 'mux'> <InPorts = 2> <OutPorts = 1>
ST_2 : Operation 33 [1/1] (0.00ns)   --->   "%trunc_ln140 = trunc i16 %tmp_127" [src/conv1.cpp:140->src/conv1.cpp:63]   --->   Operation 33 'trunc' 'trunc_ln140' <Predicate = true> <Delay = 0.00>
ST_2 : Operation 34 [1/1] (0.85ns)   --->   "%add_ln140 = add i16 %tmp_127, i16 %sext_ln137_cast" [src/conv1.cpp:140->src/conv1.cpp:63]   --->   Operation 34 'add' 'add_ln140' <Predicate = true> <Delay = 0.85> <CoreInst = "Adder">   --->   Core 1 'Adder' <Latency = 0> <II = 1> <Delay = 0.85> <FuncUnit> <Opcode : 'add' 'sub'> <InPorts = 2> <OutPorts = 1>
ST_2 : Operation 35 [1/1] (0.84ns)   --->   "%add_ln142 = add i15 %trunc_ln140, i15 %sext_ln140_cast" [src/conv1.cpp:142->src/conv1.cpp:63]   --->   Operation 35 'add' 'add_ln142' <Predicate = true> <Delay = 0.84> <CoreInst = "Adder">   --->   Core 1 'Adder' <Latency = 0> <II = 1> <Delay = 0.84> <FuncUnit> <Opcode : 'add' 'sub'> <InPorts = 2> <OutPorts = 1>
ST_2 : Operation 36 [1/1] (0.00ns)   --->   "%tmp_110 = bitselect i1 @_ssdm_op_BitSelect.i1.i16.i32, i16 %add_ln140, i32 15" [src/conv1.cpp:142->src/conv1.cpp:63]   --->   Operation 36 'bitselect' 'tmp_110' <Predicate = true> <Delay = 0.00>
ST_2 : Operation 37 [1/1] (0.29ns)   --->   "%select_ln142 = select i1 %tmp_110, i15 0, i15 %add_ln142" [src/conv1.cpp:142->src/conv1.cpp:63]   --->   Operation 37 'select' 'select_ln142' <Predicate = true> <Delay = 0.29> <CoreInst = "Sel">   --->   Core 73 'Sel' <Latency = 0> <II = 1> <Delay = 0.29> <FuncUnit> <Opcode : 'select'> <InPorts = 3> <OutPorts = 1>
ST_2 : Operation 38 [1/1] (0.00ns)   --->   "%select_ln142_cast = zext i15 %select_ln142" [src/conv1.cpp:142->src/conv1.cpp:63]   --->   Operation 38 'zext' 'select_ln142_cast' <Predicate = true> <Delay = 0.00>
ST_2 : Operation 39 [1/1] (0.00ns)   --->   "%br_ln137 = br i1 %tmp, void %V32.i.i.i47.0.i.case.0, void %V32.i.i.i47.0.i.case.1" [src/conv1.cpp:137->src/conv1.cpp:63]   --->   Operation 39 'br' 'br_ln137' <Predicate = true> <Delay = 0.00>
ST_2 : Operation 40 [1/1] (1.23ns)   --->   "%store_ln142 = store i16 %select_ln142_cast, i14 %conv1_ap_fixed_255_255_ap_fixed_1_9_9_ap_fixed_ap_fixed_255_2_9" [src/conv1.cpp:142->src/conv1.cpp:63]   --->   Operation 40 'store' 'store_ln142' <Predicate = (!tmp)> <Delay = 1.23> <CoreInst = "RAM_T2P_BRAM">   --->   Core 99 'RAM_T2P_BRAM' <Latency = 1> <II = 1> <Delay = 1.23> <Storage> <Opcode : 'load' 'store'> <Ports = 2> <Width = 16> <Depth = 15360> <RAM>
ST_2 : Operation 41 [1/1] (0.00ns)   --->   "%br_ln0 = br void %V32.i.i.i47.0.i.exit"   --->   Operation 41 'br' 'br_ln0' <Predicate = (!tmp)> <Delay = 0.00>
ST_2 : Operation 42 [1/1] (1.23ns)   --->   "%store_ln142 = store i16 %select_ln142_cast, i14 %conv1_ap_fixed_255_255_ap_fixed_1_9_9_ap_fixed_ap_fixed_255_2_10" [src/conv1.cpp:142->src/conv1.cpp:63]   --->   Operation 42 'store' 'store_ln142' <Predicate = (tmp)> <Delay = 1.23> <CoreInst = "RAM_T2P_BRAM">   --->   Core 99 'RAM_T2P_BRAM' <Latency = 1> <II = 1> <Delay = 1.23> <Storage> <Opcode : 'load' 'store'> <Ports = 2> <Width = 16> <Depth = 15360> <RAM>
ST_2 : Operation 43 [1/1] (0.00ns)   --->   "%br_ln0 = br void %V32.i.i.i47.0.i.exit"   --->   Operation 43 'br' 'br_ln0' <Predicate = (tmp)> <Delay = 0.00>
ST_2 : Operation 44 [1/1] (0.42ns)   --->   "%store_ln137 = store i8 %add_ln137, i8 %bw" [src/conv1.cpp:137->src/conv1.cpp:63]   --->   Operation 44 'store' 'store_ln137' <Predicate = true> <Delay = 0.42>
ST_2 : Operation 45 [1/1] (0.00ns)   --->   "%br_ln137 = br void %for.body8.0.i1089" [src/conv1.cpp:137->src/conv1.cpp:63]   --->   Operation 45 'br' 'br_ln137' <Predicate = true> <Delay = 0.00>


============================================================
+ Verbose Summary: Timing violations
============================================================
Target clock period: 10.000ns, clock uncertainty: 2.700ns.

 <State 1>: 1.237ns
The critical path consists of the following:
	'alloca' operation ('bw') [6]  (0.000 ns)
	'load' operation ('bw', src/conv1.cpp:137->src/conv1.cpp:63) on local variable 'bw' [17]  (0.000 ns)
	'getelementptr' operation ('conv1_ap_fixed_255_255_ap_fixed_1_9_9_ap_fixed_ap_fixed_255_2_9', src/conv1.cpp:140->src/conv1.cpp:63) [28]  (0.000 ns)
	'load' operation ('conv1_ap_fixed_255_255_ap_fixed_1_9_9_ap_fixed_ap_fixed_255_2_11', src/conv1.cpp:140->src/conv1.cpp:63) on array 'conv1_ap_fixed_255_255_ap_fixed_1_9_9_ap_fixed_ap_fixed_255_2_1' [31]  (1.237 ns)

 <State 2>: 4.049ns
The critical path consists of the following:
	'load' operation ('conv1_ap_fixed_255_255_ap_fixed_1_9_9_ap_fixed_ap_fixed_255_2_11', src/conv1.cpp:140->src/conv1.cpp:63) on array 'conv1_ap_fixed_255_255_ap_fixed_1_9_9_ap_fixed_ap_fixed_255_2_1' [31]  (1.237 ns)
	'mux' operation ('tmp_127', src/conv1.cpp:140->src/conv1.cpp:63) [33]  (0.427 ns)
	'add' operation ('add_ln140', src/conv1.cpp:140->src/conv1.cpp:63) [35]  (0.853 ns)
	'select' operation ('select_ln142', src/conv1.cpp:142->src/conv1.cpp:63) [38]  (0.294 ns)
	'store' operation ('store_ln142', src/conv1.cpp:142->src/conv1.cpp:63) of variable 'select_ln142_cast', src/conv1.cpp:142->src/conv1.cpp:63 on array 'conv1_ap_fixed_255_255_ap_fixed_1_9_9_ap_fixed_ap_fixed_255_2_1' [42]  (1.237 ns)


============================================================
+ Verbose Summary: Binding
============================================================
N/A
* FSMD analyzer results:
  - Output states:
 - Input state : 
  - Chain level:
	State 1
	State 2


============================================================
+ Verbose Summary: Datapath Resource usage 
============================================================
N/A
