

================================================================
== Vitis HLS Report for 'conv2_Pipeline_LOAD_WEIGHTS_L'
================================================================
* Date:           Fri Nov  3 02:32:02 2023

* Version:        2023.1 (Build 3854077 on May  4 2023)
* Project:        srcnn_hls
* Solution:       solution1 (Vivado IP Flow Target)
* Product family: zynquplus
* Target device:  xck24-ubva530-2LV-c


================================================================
== Performance Estimates
================================================================
+ Timing: 
    * Summary: 
    +--------+----------+----------+------------+
    |  Clock |  Target  | Estimated| Uncertainty|
    +--------+----------+----------+------------+
    |ap_clk  |  10.00 ns|  7.300 ns|     2.70 ns|
    +--------+----------+----------+------------+

+ Latency: 
    * Summary: 
    +---------+---------+----------+----------+-----+-----+---------+
    |  Latency (cycles) |  Latency (absolute) |  Interval | Pipeline|
    |   min   |   max   |    min   |    max   | min | max |   Type  |
    +---------+---------+----------+----------+-----+-----+---------+
    |      259|      259|  2.590 us|  2.590 us|  259|  259|       no|
    +---------+---------+----------+----------+-----+-----+---------+

    + Detail: 
        * Instance: 
        N/A

        * Loop: 
        +------------------+---------+---------+----------+-----------+-----------+------+----------+
        |                  |  Latency (cycles) | Iteration|  Initiation Interval  | Trip |          |
        |     Loop Name    |   min   |   max   |  Latency |  achieved |   target  | Count| Pipelined|
        +------------------+---------+---------+----------+-----------+-----------+------+----------+
        |- LOAD_WEIGHTS_L  |      257|      257|         3|          1|          1|   256|       yes|
        +------------------+---------+---------+----------+-----------+-----------+------+----------+

============================================================
+ Verbose Summary: Synthesis Manager
============================================================
InlineROM: 1
ExposeGlobal: 0
============================================================
+ Verbose Summary: CDFG Model
============================================================
IsTopModel: 0
ResetActiveHigh: 1
IsCombinational: 0
IsDatapathOnly: 0
HasWiredReturn: 1
HasMFsm: 2
HasVarLatency: 1
IsPipeline: 0
IsRtlPipelined: 0
IsInstanceOverlapped: 0
IsDontTouch: 0
HasImplIP: 0
IsGatedGlobalClock: 0

+ Individual pipeline summary: 
  * Pipeline-0: initiation interval (II) = 1, depth = 3


============================================================
+ Verbose Summary: Schedule
============================================================
* Number of FSM states : 3
* Pipeline : 1
  Pipeline-0 : II = 1, D = 3, States = { 1 2 3 }
* Dataflow Pipeline: 0

* FSM state transitions: 
1 --> 2 
2 --> 3 
3 --> 

* FSM state operations: 

State 1 <SV = 0> <Delay = 1.20>
ST_1 : Operation 6 [1/1] (0.00ns)   --->   "%loop_index_i = alloca i32 1"   --->   Operation 6 'alloca' 'loop_index_i' <Predicate = true> <Delay = 0.00>
ST_1 : Operation 7 [1/1] (0.00ns)   --->   "%bout = alloca i32 1"   --->   Operation 7 'alloca' 'bout' <Predicate = true> <Delay = 0.00>
ST_1 : Operation 8 [1/1] (0.00ns)   --->   "%indvar_flatten = alloca i32 1"   --->   Operation 8 'alloca' 'indvar_flatten' <Predicate = true> <Delay = 0.00>
ST_1 : Operation 9 [1/1] (0.00ns)   --->   "%specbramwithbyteenable_ln0 = specbramwithbyteenable void @_ssdm_op_SpecBRAMWithByteEnable, i32 %weight_buffer"   --->   Operation 9 'specbramwithbyteenable' 'specbramwithbyteenable_ln0' <Predicate = true> <Delay = 0.00>
ST_1 : Operation 10 [1/1] (0.00ns)   --->   "%sext_ln33_read = read i62 @_ssdm_op_Read.ap_auto.i62, i62 %sext_ln33"   --->   Operation 10 'read' 'sext_ln33_read' <Predicate = true> <Delay = 0.00>
ST_1 : Operation 11 [1/1] (0.00ns)   --->   "%sext_ln33_cast = sext i62 %sext_ln33_read"   --->   Operation 11 'sext' 'sext_ln33_cast' <Predicate = true> <Delay = 0.00>
ST_1 : Operation 12 [1/1] (0.00ns)   --->   "%specinterface_ln0 = specinterface void @_ssdm_op_SpecInterface, i32 %w2, void @empty_0, i32 0, i32 0, void @empty_2, i32 0, i32 512, void @empty_28, void @empty_33, void @empty_2, i32 16, i32 16, i32 256, i32 256, void @empty_2, void @empty_2, i32 4294967295, i32 0"   --->   Operation 12 'specinterface' 'specinterface_ln0' <Predicate = true> <Delay = 0.00>
ST_1 : Operation 13 [1/1] (0.42ns)   --->   "%store_ln0 = store i9 0, i9 %indvar_flatten"   --->   Operation 13 'store' 'store_ln0' <Predicate = true> <Delay = 0.42>
ST_1 : Operation 14 [1/1] (0.42ns)   --->   "%store_ln0 = store i3 0, i3 %bout"   --->   Operation 14 'store' 'store_ln0' <Predicate = true> <Delay = 0.42>
ST_1 : Operation 15 [1/1] (0.42ns)   --->   "%store_ln0 = store i7 0, i7 %loop_index_i"   --->   Operation 15 'store' 'store_ln0' <Predicate = true> <Delay = 0.42>
ST_1 : Operation 16 [1/1] (0.00ns)   --->   "%br_ln0 = br void %load-store-loop.i"   --->   Operation 16 'br' 'br_ln0' <Predicate = true> <Delay = 0.00>
ST_1 : Operation 17 [1/1] (0.00ns)   --->   "%indvar_flatten_load = load i9 %indvar_flatten" [src/conv2.cpp:89->src/conv2.cpp:35]   --->   Operation 17 'load' 'indvar_flatten_load' <Predicate = true> <Delay = 0.00>
ST_1 : Operation 18 [1/1] (0.77ns)   --->   "%icmp_ln89 = icmp_eq  i9 %indvar_flatten_load, i9 256" [src/conv2.cpp:89->src/conv2.cpp:35]   --->   Operation 18 'icmp' 'icmp_ln89' <Predicate = true> <Delay = 0.77> <CoreInst = "Cmp">   --->   Core 9 'Cmp' <Latency = 0> <II = 1> <Delay = 0.77> <FuncUnit> <Opcode : 'icmp'> <InPorts = 2> <OutPorts = 1>
ST_1 : Operation 19 [1/1] (0.77ns)   --->   "%add_ln89_1 = add i9 %indvar_flatten_load, i9 1" [src/conv2.cpp:89->src/conv2.cpp:35]   --->   Operation 19 'add' 'add_ln89_1' <Predicate = true> <Delay = 0.77> <CoreInst = "Adder">   --->   Core 1 'Adder' <Latency = 0> <II = 1> <Delay = 0.77> <FuncUnit> <Opcode : 'add' 'sub'> <InPorts = 2> <OutPorts = 1>
ST_1 : Operation 20 [1/1] (0.00ns)   --->   "%br_ln89 = br i1 %icmp_ln89, void %for.inc.i, void %for.body104.preheader.exitStub" [src/conv2.cpp:89->src/conv2.cpp:35]   --->   Operation 20 'br' 'br_ln89' <Predicate = true> <Delay = 0.00>
ST_1 : Operation 21 [1/1] (0.42ns)   --->   "%store_ln89 = store i9 %add_ln89_1, i9 %indvar_flatten" [src/conv2.cpp:89->src/conv2.cpp:35]   --->   Operation 21 'store' 'store_ln89' <Predicate = (!icmp_ln89)> <Delay = 0.42>

State 2 <SV = 1> <Delay = 7.30>
ST_2 : Operation 22 [1/1] (0.00ns)   --->   "%w2_addr = getelementptr i32 %w2, i64 %sext_ln33_cast" [src/conv2.cpp:33]   --->   Operation 22 'getelementptr' 'w2_addr' <Predicate = true> <Delay = 0.00>
ST_2 : Operation 23 [1/1] (0.00ns)   --->   "%specpipeline_ln0 = specpipeline void @_ssdm_op_SpecPipeline, i32 4294967295, i32 0, i32 1, i32 0, void @p_str"   --->   Operation 23 'specpipeline' 'specpipeline_ln0' <Predicate = true> <Delay = 0.00>
ST_2 : Operation 24 [1/1] (7.30ns)   --->   "%w2_addr_read = read i32 @_ssdm_op_Read.m_axi.p1i32, i32 %w2_addr" [src/conv2.cpp:33]   --->   Operation 24 'read' 'w2_addr_read' <Predicate = (!icmp_ln89)> <Delay = 7.30> <CoreInst = "m_axi">   --->   Core 121 'm_axi' <Latency = 0> <II = 1> <Delay = 1.00> <Adapter> <Opcode : 'read' 'write' 'readreq' 'writereq' 'writeresp'>
ST_2 : Operation 25 [1/1] (0.00ns)   --->   "%empty = trunc i32 %w2_addr_read" [src/conv2.cpp:33]   --->   Operation 25 'trunc' 'empty' <Predicate = (!icmp_ln89)> <Delay = 0.00>
ST_2 : Operation 46 [1/1] (0.00ns)   --->   "%ret_ln0 = ret"   --->   Operation 46 'ret' 'ret_ln0' <Predicate = (icmp_ln89)> <Delay = 0.00>

State 3 <SV = 2> <Delay = 2.37>
ST_3 : Operation 26 [1/1] (0.00ns)   --->   "%loop_index_i_load = load i7 %loop_index_i"   --->   Operation 26 'load' 'loop_index_i_load' <Predicate = true> <Delay = 0.00>
ST_3 : Operation 27 [1/1] (0.00ns)   --->   "%bout_load = load i3 %bout" [src/conv2.cpp:89->src/conv2.cpp:35]   --->   Operation 27 'load' 'bout_load' <Predicate = true> <Delay = 0.00>
ST_3 : Operation 28 [1/1] (0.67ns)   --->   "%add_ln89 = add i3 %bout_load, i3 1" [src/conv2.cpp:89->src/conv2.cpp:35]   --->   Operation 28 'add' 'add_ln89' <Predicate = true> <Delay = 0.67> <CoreInst = "Adder">   --->   Core 1 'Adder' <Latency = 0> <II = 1> <Delay = 0.67> <FuncUnit> <Opcode : 'add' 'sub'> <InPorts = 2> <OutPorts = 1>
ST_3 : Operation 29 [1/1] (0.00ns)   --->   "%specloopname_ln0 = specloopname void @_ssdm_op_SpecLoopName, void @LOAD_WEIGHTS_L_str"   --->   Operation 29 'specloopname' 'specloopname_ln0' <Predicate = true> <Delay = 0.00>
ST_3 : Operation 30 [1/1] (0.00ns)   --->   "%speclooptripcount_ln0 = speclooptripcount void @_ssdm_op_SpecLoopTripCount, i64 256, i64 256, i64 256"   --->   Operation 30 'speclooptripcount' 'speclooptripcount_ln0' <Predicate = true> <Delay = 0.00>
ST_3 : Operation 31 [1/1] (0.77ns)   --->   "%exitcond44887 = icmp_eq  i7 %loop_index_i_load, i7 64"   --->   Operation 31 'icmp' 'exitcond44887' <Predicate = true> <Delay = 0.77> <CoreInst = "Cmp">   --->   Core 9 'Cmp' <Latency = 0> <II = 1> <Delay = 0.77> <FuncUnit> <Opcode : 'icmp'> <InPorts = 2> <OutPorts = 1>
ST_3 : Operation 32 [1/1] (0.36ns)   --->   "%select_ln89 = select i1 %exitcond44887, i7 0, i7 %loop_index_i_load" [src/conv2.cpp:89->src/conv2.cpp:35]   --->   Operation 32 'select' 'select_ln89' <Predicate = true> <Delay = 0.36> <CoreInst = "Sel">   --->   Core 73 'Sel' <Latency = 0> <II = 1> <Delay = 0.36> <FuncUnit> <Opcode : 'select'> <InPorts = 3> <OutPorts = 1>
ST_3 : Operation 33 [1/1] (0.00ns)   --->   "%specpipeline_ln0 = specpipeline void @_ssdm_op_SpecPipeline, i32 4294967295, i32 0, i32 1, i32 0, void @p_str"   --->   Operation 33 'specpipeline' 'specpipeline_ln0' <Predicate = true> <Delay = 0.00>
ST_3 : Operation 34 [1/1] (0.20ns)   --->   "%select_ln89_1 = select i1 %exitcond44887, i3 %add_ln89, i3 %bout_load" [src/conv2.cpp:89->src/conv2.cpp:35]   --->   Operation 34 'select' 'select_ln89_1' <Predicate = true> <Delay = 0.20> <CoreInst = "Sel">   --->   Core 73 'Sel' <Latency = 0> <II = 1> <Delay = 0.20> <FuncUnit> <Opcode : 'select'> <InPorts = 3> <OutPorts = 1>
ST_3 : Operation 35 [1/1] (0.00ns)   --->   "%empty_221 = trunc i7 %select_ln89" [src/conv2.cpp:89->src/conv2.cpp:35]   --->   Operation 35 'trunc' 'empty_221' <Predicate = true> <Delay = 0.00>
ST_3 : Operation 36 [1/1] (0.00ns)   --->   "%empty_222 = trunc i3 %select_ln89_1" [src/conv2.cpp:89->src/conv2.cpp:35]   --->   Operation 36 'trunc' 'empty_222' <Predicate = true> <Delay = 0.00>
ST_3 : Operation 37 [1/1] (0.00ns)   --->   "%w2_addr_read_cast_cast = zext i18 %empty" [src/conv2.cpp:33]   --->   Operation 37 'zext' 'w2_addr_read_cast_cast' <Predicate = true> <Delay = 0.00>
ST_3 : Operation 38 [1/1] (0.00ns)   --->   "%tmp_s = bitconcatenate i8 @_ssdm_op_BitConcatenate.i8.i2.i6, i2 %empty_222, i6 %empty_221" [src/conv2.cpp:89->src/conv2.cpp:35]   --->   Operation 38 'bitconcatenate' 'tmp_s' <Predicate = true> <Delay = 0.00>
ST_3 : Operation 39 [1/1] (0.00ns)   --->   "%p_cast14 = zext i8 %tmp_s" [src/conv2.cpp:89->src/conv2.cpp:35]   --->   Operation 39 'zext' 'p_cast14' <Predicate = true> <Delay = 0.00>
ST_3 : Operation 40 [1/1] (0.00ns)   --->   "%weight_buffer_addr = getelementptr i32 %weight_buffer, i64 0, i64 %p_cast14" [src/conv2.cpp:89->src/conv2.cpp:35]   --->   Operation 40 'getelementptr' 'weight_buffer_addr' <Predicate = true> <Delay = 0.00>
ST_3 : Operation 41 [1/1] (1.23ns)   --->   "%store_ln89 = store void @_ssdm_op_Write.bram.p0i32, i8 %weight_buffer_addr, i32 %w2_addr_read_cast_cast, i4 7" [src/conv2.cpp:89->src/conv2.cpp:35]   --->   Operation 41 'store' 'store_ln89' <Predicate = true> <Delay = 1.23> <CoreInst = "RAM">   --->   Core 83 'RAM' <Latency = 1> <II = 1> <Delay = 1.23> <Storage> <Opcode : 'load' 'store'> <Ports = 2> <Width = 32> <Depth = 256> <RAM>
ST_3 : Operation 42 [1/1] (0.77ns)   --->   "%empty_223 = add i7 %select_ln89, i7 1" [src/conv2.cpp:89->src/conv2.cpp:35]   --->   Operation 42 'add' 'empty_223' <Predicate = true> <Delay = 0.77> <CoreInst = "Adder">   --->   Core 1 'Adder' <Latency = 0> <II = 1> <Delay = 0.77> <FuncUnit> <Opcode : 'add' 'sub'> <InPorts = 2> <OutPorts = 1>
ST_3 : Operation 43 [1/1] (0.42ns)   --->   "%store_ln89 = store i3 %select_ln89_1, i3 %bout" [src/conv2.cpp:89->src/conv2.cpp:35]   --->   Operation 43 'store' 'store_ln89' <Predicate = true> <Delay = 0.42>
ST_3 : Operation 44 [1/1] (0.42ns)   --->   "%store_ln89 = store i7 %empty_223, i7 %loop_index_i" [src/conv2.cpp:89->src/conv2.cpp:35]   --->   Operation 44 'store' 'store_ln89' <Predicate = true> <Delay = 0.42>
ST_3 : Operation 45 [1/1] (0.00ns)   --->   "%br_ln0 = br void %load-store-loop.i"   --->   Operation 45 'br' 'br_ln0' <Predicate = true> <Delay = 0.00>


============================================================
+ Verbose Summary: Binding
============================================================
STG Binding: 
---------------- STG Properties BEGIN ----------------
- Is combinational: 0
- Is one-state seq: 0
- Is datapath-only: 0
- Is pipelined: 0
- Is top level: 0
Port [ Return ] is wired: 1; IO mode=ap_ctrl_hs:ce=0
Port [ w2]:  wired=1; compound=1; hidden=0; nouse=0; global=0; static=0; extern=0; dir=0; type=4; pingpong=0; private_global=0; IO mode=m_axi:ce=0
Port [ sext_ln33]:  wired=1; compound=0; hidden=0; nouse=0; global=0; static=0; extern=0; dir=0; type=0; pingpong=0; private_global=0; IO mode=ap_none:ce=0
Port [ weight_buffer]:  wired=1; compound=1; hidden=0; nouse=0; global=1; static=1; extern=0; dir=1; type=1; pingpong=0; private_global=0; MemPort=[03]; IO mode=ap_memory:ce=0
---------------- STG Properties END ------------------

---------------- Datapath Model BEGIN ----------------

<LifeTime>
<method=bitvector/>
loop_index_i               (alloca                ) [ 0111]
bout                       (alloca                ) [ 0111]
indvar_flatten             (alloca                ) [ 0100]
specbramwithbyteenable_ln0 (specbramwithbyteenable) [ 0000]
sext_ln33_read             (read                  ) [ 0000]
sext_ln33_cast             (sext                  ) [ 0110]
specinterface_ln0          (specinterface         ) [ 0000]
store_ln0                  (store                 ) [ 0000]
store_ln0                  (store                 ) [ 0000]
store_ln0                  (store                 ) [ 0000]
br_ln0                     (br                    ) [ 0000]
indvar_flatten_load        (load                  ) [ 0000]
icmp_ln89                  (icmp                  ) [ 0110]
add_ln89_1                 (add                   ) [ 0000]
br_ln89                    (br                    ) [ 0000]
store_ln89                 (store                 ) [ 0000]
w2_addr                    (getelementptr         ) [ 0000]
specpipeline_ln0           (specpipeline          ) [ 0000]
w2_addr_read               (read                  ) [ 0000]
empty                      (trunc                 ) [ 0101]
loop_index_i_load          (load                  ) [ 0000]
bout_load                  (load                  ) [ 0000]
add_ln89                   (add                   ) [ 0000]
specloopname_ln0           (specloopname          ) [ 0000]
speclooptripcount_ln0      (speclooptripcount     ) [ 0000]
exitcond44887              (icmp                  ) [ 0000]
select_ln89                (select                ) [ 0000]
specpipeline_ln0           (specpipeline          ) [ 0000]
select_ln89_1              (select                ) [ 0000]
empty_221                  (trunc                 ) [ 0000]
empty_222                  (trunc                 ) [ 0000]
w2_addr_read_cast_cast     (zext                  ) [ 0000]
tmp_s                      (bitconcatenate        ) [ 0000]
p_cast14                   (zext                  ) [ 0000]
weight_buffer_addr         (getelementptr         ) [ 0000]
store_ln89                 (store                 ) [ 0000]
empty_223                  (add                   ) [ 0000]
store_ln89                 (store                 ) [ 0000]
store_ln89                 (store                 ) [ 0000]
br_ln0                     (br                    ) [ 0000]
ret_ln0                    (ret                   ) [ 0000]
</LifeTime>

<model>

<comp_list>
<comp id="0" class="1000" name="w2">
<pin_list>
<pin id="1" dir="1" index="0" bw="1" slack="0"/>
</pin_list>
<bind>
<StgValue><ssdm name="w2"/></StgValue>
</bind>
</comp>

<comp id="2" class="1000" name="sext_ln33">
<pin_list>
<pin id="3" dir="1" index="0" bw="1" slack="0"/>
</pin_list>
<bind>
<StgValue><ssdm name="sext_ln33"/></StgValue>
</bind>
</comp>

<comp id="4" class="1000" name="weight_buffer">
<pin_list>
<pin id="5" dir="1" index="0" bw="1" slack="0"/>
</pin_list>
<bind>
<StgValue><ssdm name="weight_buffer"/><MemPortTyVec>0 3 </MemPortTyVec>
</StgValue>
</bind>
</comp>

<comp id="6" class="1001" name="const_6">
<pin_list>
<pin id="7" dir="1" index="0" bw="1" slack="0"/>
</pin_list>
<bind>
<StgValue><ssdm name=""/></StgValue>
</bind>
</comp>

<comp id="8" class="1001" name="const_8">
<pin_list>
<pin id="9" dir="1" index="0" bw="1" slack="2147483647"/>
</pin_list>
<bind>
<StgValue><ssdm name="_ssdm_op_SpecBRAMWithByteEnable"/></StgValue>
</bind>
</comp>

<comp id="10" class="1001" name="const_10">
<pin_list>
<pin id="11" dir="1" index="0" bw="1" slack="0"/>
</pin_list>
<bind>
<StgValue><ssdm name="_ssdm_op_Read.ap_auto.i62"/></StgValue>
</bind>
</comp>

<comp id="12" class="1001" name="const_12">
<pin_list>
<pin id="13" dir="1" index="0" bw="1" slack="2147483647"/>
</pin_list>
<bind>
<StgValue><ssdm name="_ssdm_op_SpecInterface"/></StgValue>
</bind>
</comp>

<comp id="14" class="1001" name="const_14">
<pin_list>
<pin id="15" dir="1" index="0" bw="1" slack="2147483647"/>
</pin_list>
<bind>
<StgValue><ssdm name="empty_0"/></StgValue>
</bind>
</comp>

<comp id="16" class="1001" name="const_16">
<pin_list>
<pin id="17" dir="1" index="0" bw="1" slack="2147483647"/>
</pin_list>
<bind>
<StgValue><ssdm name=""/></StgValue>
</bind>
</comp>

<comp id="18" class="1001" name="const_18">
<pin_list>
<pin id="19" dir="1" index="0" bw="1" slack="2147483647"/>
</pin_list>
<bind>
<StgValue><ssdm name="empty_2"/></StgValue>
</bind>
</comp>

<comp id="20" class="1001" name="const_20">
<pin_list>
<pin id="21" dir="1" index="0" bw="1" slack="2147483647"/>
</pin_list>
<bind>
<StgValue><ssdm name=""/></StgValue>
</bind>
</comp>

<comp id="22" class="1001" name="const_22">
<pin_list>
<pin id="23" dir="1" index="0" bw="1" slack="2147483647"/>
</pin_list>
<bind>
<StgValue><ssdm name="empty_28"/></StgValue>
</bind>
</comp>

<comp id="24" class="1001" name="const_24">
<pin_list>
<pin id="25" dir="1" index="0" bw="1" slack="2147483647"/>
</pin_list>
<bind>
<StgValue><ssdm name="empty_33"/></StgValue>
</bind>
</comp>

<comp id="26" class="1001" name="const_26">
<pin_list>
<pin id="27" dir="1" index="0" bw="1" slack="2147483647"/>
</pin_list>
<bind>
<StgValue><ssdm name=""/></StgValue>
</bind>
</comp>

<comp id="28" class="1001" name="const_28">
<pin_list>
<pin id="29" dir="1" index="0" bw="1" slack="2147483647"/>
</pin_list>
<bind>
<StgValue><ssdm name=""/></StgValue>
</bind>
</comp>

<comp id="30" class="1001" name="const_30">
<pin_list>
<pin id="31" dir="1" index="0" bw="1" slack="2147483647"/>
</pin_list>
<bind>
<StgValue><ssdm name=""/></StgValue>
</bind>
</comp>

<comp id="32" class="1001" name="const_32">
<pin_list>
<pin id="33" dir="1" index="0" bw="1" slack="0"/>
</pin_list>
<bind>
<StgValue><ssdm name=""/></StgValue>
</bind>
</comp>

<comp id="34" class="1001" name="const_34">
<pin_list>
<pin id="35" dir="1" index="0" bw="1" slack="0"/>
</pin_list>
<bind>
<StgValue><ssdm name=""/></StgValue>
</bind>
</comp>

<comp id="36" class="1001" name="const_36">
<pin_list>
<pin id="37" dir="1" index="0" bw="1" slack="0"/>
</pin_list>
<bind>
<StgValue><ssdm name=""/></StgValue>
</bind>
</comp>

<comp id="38" class="1001" name="const_38">
<pin_list>
<pin id="39" dir="1" index="0" bw="1" slack="0"/>
</pin_list>
<bind>
<StgValue><ssdm name=""/></StgValue>
</bind>
</comp>

<comp id="40" class="1001" name="const_40">
<pin_list>
<pin id="41" dir="1" index="0" bw="1" slack="0"/>
</pin_list>
<bind>
<StgValue><ssdm name=""/></StgValue>
</bind>
</comp>

<comp id="42" class="1001" name="const_42">
<pin_list>
<pin id="43" dir="1" index="0" bw="1" slack="2147483647"/>
</pin_list>
<bind>
<StgValue><ssdm name="_ssdm_op_SpecPipeline"/></StgValue>
</bind>
</comp>

<comp id="44" class="1001" name="const_44">
<pin_list>
<pin id="45" dir="1" index="0" bw="1" slack="2147483647"/>
</pin_list>
<bind>
<StgValue><ssdm name="p_str"/></StgValue>
</bind>
</comp>

<comp id="46" class="1001" name="const_46">
<pin_list>
<pin id="47" dir="1" index="0" bw="1" slack="0"/>
</pin_list>
<bind>
<StgValue><ssdm name="_ssdm_op_Read.m_axi.p1i32"/></StgValue>
</bind>
</comp>

<comp id="48" class="1001" name="const_48">
<pin_list>
<pin id="49" dir="1" index="0" bw="1" slack="0"/>
</pin_list>
<bind>
<StgValue><ssdm name=""/></StgValue>
</bind>
</comp>

<comp id="50" class="1001" name="const_50">
<pin_list>
<pin id="51" dir="1" index="0" bw="1" slack="2147483647"/>
</pin_list>
<bind>
<StgValue><ssdm name="_ssdm_op_SpecLoopName"/></StgValue>
</bind>
</comp>

<comp id="52" class="1001" name="const_52">
<pin_list>
<pin id="53" dir="1" index="0" bw="1" slack="2147483647"/>
</pin_list>
<bind>
<StgValue><ssdm name="LOAD_WEIGHTS_L_str"/></StgValue>
</bind>
</comp>

<comp id="54" class="1001" name="const_54">
<pin_list>
<pin id="55" dir="1" index="0" bw="1" slack="2147483647"/>
</pin_list>
<bind>
<StgValue><ssdm name="_ssdm_op_SpecLoopTripCount"/></StgValue>
</bind>
</comp>

<comp id="56" class="1001" name="const_56">
<pin_list>
<pin id="57" dir="1" index="0" bw="1" slack="2147483647"/>
</pin_list>
<bind>
<StgValue><ssdm name=""/></StgValue>
</bind>
</comp>

<comp id="58" class="1001" name="const_58">
<pin_list>
<pin id="59" dir="1" index="0" bw="1" slack="0"/>
</pin_list>
<bind>
<StgValue><ssdm name=""/></StgValue>
</bind>
</comp>

<comp id="60" class="1001" name="const_60">
<pin_list>
<pin id="61" dir="1" index="0" bw="1" slack="0"/>
</pin_list>
<bind>
<StgValue><ssdm name="_ssdm_op_BitConcatenate.i8.i2.i6"/></StgValue>
</bind>
</comp>

<comp id="62" class="1001" name="const_62">
<pin_list>
<pin id="63" dir="1" index="0" bw="1" slack="0"/>
</pin_list>
<bind>
<StgValue><ssdm name=""/></StgValue>
</bind>
</comp>

<comp id="64" class="1001" name="const_64">
<pin_list>
<pin id="65" dir="1" index="0" bw="1" slack="2147483647"/>
</pin_list>
<bind>
<StgValue><ssdm name="_ssdm_op_Write.bram.p0i32"/></StgValue>
</bind>
</comp>

<comp id="66" class="1001" name="const_66">
<pin_list>
<pin id="67" dir="1" index="0" bw="1" slack="2147483647"/>
</pin_list>
<bind>
<StgValue><ssdm name=""/></StgValue>
</bind>
</comp>

<comp id="68" class="1001" name="const_68">
<pin_list>
<pin id="69" dir="1" index="0" bw="1" slack="0"/>
</pin_list>
<bind>
<StgValue><ssdm name=""/></StgValue>
</bind>
</comp>

<comp id="70" class="1004" name="loop_index_i_fu_70">
<pin_list>
<pin id="71" dir="0" index="0" bw="1" slack="0"/>
<pin id="72" dir="1" index="1" bw="7" slack="0"/>
</pin_list>
<bind>
<opcode="alloca(26) " fcode="alloca"/>
<opset="loop_index_i/1 "/>
</bind>
</comp>

<comp id="74" class="1004" name="bout_fu_74">
<pin_list>
<pin id="75" dir="0" index="0" bw="1" slack="0"/>
<pin id="76" dir="1" index="1" bw="3" slack="0"/>
</pin_list>
<bind>
<opcode="alloca(26) " fcode="alloca"/>
<opset="bout/1 "/>
</bind>
</comp>

<comp id="78" class="1004" name="indvar_flatten_fu_78">
<pin_list>
<pin id="79" dir="0" index="0" bw="1" slack="0"/>
<pin id="80" dir="1" index="1" bw="9" slack="0"/>
</pin_list>
<bind>
<opcode="alloca(26) " fcode="alloca"/>
<opset="indvar_flatten/1 "/>
</bind>
</comp>

<comp id="82" class="1004" name="sext_ln33_read_read_fu_82">
<pin_list>
<pin id="83" dir="0" index="0" bw="62" slack="0"/>
<pin id="84" dir="0" index="1" bw="62" slack="0"/>
<pin id="85" dir="1" index="2" bw="62" slack="0"/>
</pin_list>
<bind>
<opcode="read(1150) " fcode="read"/>
<opset="sext_ln33_read/1 "/>
</bind>
</comp>

<comp id="88" class="1004" name="w2_addr_read_read_fu_88">
<pin_list>
<pin id="89" dir="0" index="0" bw="32" slack="0"/>
<pin id="90" dir="0" index="1" bw="32" slack="0"/>
<pin id="91" dir="1" index="2" bw="32" slack="0"/>
</pin_list>
<bind>
<opcode="read(1150) " fcode="read"/>
<opset="w2_addr_read/2 "/>
</bind>
</comp>

<comp id="93" class="1004" name="weight_buffer_addr_gep_fu_93">
<pin_list>
<pin id="94" dir="0" index="0" bw="32" slack="0"/>
<pin id="95" dir="0" index="1" bw="1" slack="0"/>
<pin id="96" dir="0" index="2" bw="8" slack="0"/>
<pin id="97" dir="1" index="3" bw="8" slack="2147483647"/>
</pin_list>
<bind>
<opcode="getelementptr(29) " fcode="getelementptr"/>
<opset="weight_buffer_addr/3 "/>
</bind>
</comp>

<comp id="100" class="1004" name="store_ln89_access_fu_100">
<pin_list>
<pin id="101" dir="0" index="0" bw="8" slack="2147483647"/>
<pin id="102" dir="0" index="1" bw="32" slack="0"/>
<pin id="103" dir="0" index="2" bw="4" slack="2147483647"/>
<pin id="104" dir="1" index="3" bw="32" slack="2147483647"/>
</pin_list>
<bind>
<opcode="store(28) " fcode="store"/>
<opset="store_ln89/3 "/>
</bind>
</comp>

<comp id="105" class="1004" name="sext_ln33_cast_fu_105">
<pin_list>
<pin id="106" dir="0" index="0" bw="62" slack="0"/>
<pin id="107" dir="1" index="1" bw="64" slack="1"/>
</pin_list>
<bind>
<opcode="sext(35) " fcode="sext"/>
<opset="sext_ln33_cast/1 "/>
</bind>
</comp>

<comp id="109" class="1004" name="store_ln0_store_fu_109">
<pin_list>
<pin id="110" dir="0" index="0" bw="1" slack="0"/>
<pin id="111" dir="0" index="1" bw="9" slack="0"/>
<pin id="112" dir="1" index="2" bw="0" slack="2147483647"/>
</pin_list>
<bind>
<opcode="store(28) " fcode="store"/>
<opset="store_ln0/1 "/>
</bind>
</comp>

<comp id="114" class="1004" name="store_ln0_store_fu_114">
<pin_list>
<pin id="115" dir="0" index="0" bw="1" slack="0"/>
<pin id="116" dir="0" index="1" bw="3" slack="0"/>
<pin id="117" dir="1" index="2" bw="0" slack="2147483647"/>
</pin_list>
<bind>
<opcode="store(28) " fcode="store"/>
<opset="store_ln0/1 "/>
</bind>
</comp>

<comp id="119" class="1004" name="store_ln0_store_fu_119">
<pin_list>
<pin id="120" dir="0" index="0" bw="1" slack="0"/>
<pin id="121" dir="0" index="1" bw="7" slack="0"/>
<pin id="122" dir="1" index="2" bw="0" slack="2147483647"/>
</pin_list>
<bind>
<opcode="store(28) " fcode="store"/>
<opset="store_ln0/1 "/>
</bind>
</comp>

<comp id="124" class="1004" name="indvar_flatten_load_load_fu_124">
<pin_list>
<pin id="125" dir="0" index="0" bw="9" slack="0"/>
<pin id="126" dir="1" index="1" bw="9" slack="0"/>
</pin_list>
<bind>
<opcode="load(27) " fcode="load"/>
<opset="indvar_flatten_load/1 "/>
</bind>
</comp>

<comp id="127" class="1004" name="icmp_ln89_fu_127">
<pin_list>
<pin id="128" dir="0" index="0" bw="9" slack="0"/>
<pin id="129" dir="0" index="1" bw="9" slack="0"/>
<pin id="130" dir="1" index="2" bw="1" slack="1"/>
</pin_list>
<bind>
<opcode="icmp(45) " fcode="icmp"/>
<opset="icmp_ln89/1 "/>
</bind>
</comp>

<comp id="133" class="1004" name="add_ln89_1_fu_133">
<pin_list>
<pin id="134" dir="0" index="0" bw="9" slack="0"/>
<pin id="135" dir="0" index="1" bw="1" slack="0"/>
<pin id="136" dir="1" index="2" bw="9" slack="0"/>
</pin_list>
<bind>
<opcode="add(8) " fcode="add"/>
<opset="add_ln89_1/1 "/>
</bind>
</comp>

<comp id="139" class="1004" name="store_ln89_store_fu_139">
<pin_list>
<pin id="140" dir="0" index="0" bw="9" slack="0"/>
<pin id="141" dir="0" index="1" bw="9" slack="0"/>
<pin id="142" dir="1" index="2" bw="0" slack="2147483647"/>
</pin_list>
<bind>
<opcode="store(28) " fcode="store"/>
<opset="store_ln89/1 "/>
</bind>
</comp>

<comp id="144" class="1004" name="w2_addr_fu_144">
<pin_list>
<pin id="145" dir="0" index="0" bw="32" slack="0"/>
<pin id="146" dir="0" index="1" bw="62" slack="1"/>
<pin id="147" dir="1" index="2" bw="32" slack="0"/>
</pin_list>
<bind>
<opcode="getelementptr(29) " fcode="getelementptr"/>
<opset="w2_addr/2 "/>
</bind>
</comp>

<comp id="150" class="1004" name="empty_fu_150">
<pin_list>
<pin id="151" dir="0" index="0" bw="32" slack="0"/>
<pin id="152" dir="1" index="1" bw="18" slack="1"/>
</pin_list>
<bind>
<opcode="trunc(33) " fcode="trunc"/>
<opset="empty/2 "/>
</bind>
</comp>

<comp id="154" class="1004" name="loop_index_i_load_load_fu_154">
<pin_list>
<pin id="155" dir="0" index="0" bw="7" slack="2"/>
<pin id="156" dir="1" index="1" bw="7" slack="0"/>
</pin_list>
<bind>
<opcode="load(27) " fcode="load"/>
<opset="loop_index_i_load/3 "/>
</bind>
</comp>

<comp id="157" class="1004" name="bout_load_load_fu_157">
<pin_list>
<pin id="158" dir="0" index="0" bw="3" slack="2"/>
<pin id="159" dir="1" index="1" bw="3" slack="0"/>
</pin_list>
<bind>
<opcode="load(27) " fcode="load"/>
<opset="bout_load/3 "/>
</bind>
</comp>

<comp id="160" class="1004" name="add_ln89_fu_160">
<pin_list>
<pin id="161" dir="0" index="0" bw="3" slack="0"/>
<pin id="162" dir="0" index="1" bw="1" slack="0"/>
<pin id="163" dir="1" index="2" bw="3" slack="0"/>
</pin_list>
<bind>
<opcode="add(8) " fcode="add"/>
<opset="add_ln89/3 "/>
</bind>
</comp>

<comp id="166" class="1004" name="exitcond44887_fu_166">
<pin_list>
<pin id="167" dir="0" index="0" bw="7" slack="0"/>
<pin id="168" dir="0" index="1" bw="7" slack="0"/>
<pin id="169" dir="1" index="2" bw="1" slack="0"/>
</pin_list>
<bind>
<opcode="icmp(45) " fcode="icmp"/>
<opset="exitcond44887/3 "/>
</bind>
</comp>

<comp id="172" class="1004" name="select_ln89_fu_172">
<pin_list>
<pin id="173" dir="0" index="0" bw="1" slack="0"/>
<pin id="174" dir="0" index="1" bw="1" slack="0"/>
<pin id="175" dir="0" index="2" bw="7" slack="0"/>
<pin id="176" dir="1" index="3" bw="7" slack="0"/>
</pin_list>
<bind>
<opcode="select(49) " fcode="select"/>
<opset="select_ln89/3 "/>
</bind>
</comp>

<comp id="180" class="1004" name="select_ln89_1_fu_180">
<pin_list>
<pin id="181" dir="0" index="0" bw="1" slack="0"/>
<pin id="182" dir="0" index="1" bw="3" slack="0"/>
<pin id="183" dir="0" index="2" bw="3" slack="0"/>
<pin id="184" dir="1" index="3" bw="3" slack="0"/>
</pin_list>
<bind>
<opcode="select(49) " fcode="select"/>
<opset="select_ln89_1/3 "/>
</bind>
</comp>

<comp id="188" class="1004" name="empty_221_fu_188">
<pin_list>
<pin id="189" dir="0" index="0" bw="7" slack="0"/>
<pin id="190" dir="1" index="1" bw="6" slack="0"/>
</pin_list>
<bind>
<opcode="trunc(33) " fcode="trunc"/>
<opset="empty_221/3 "/>
</bind>
</comp>

<comp id="192" class="1004" name="empty_222_fu_192">
<pin_list>
<pin id="193" dir="0" index="0" bw="3" slack="0"/>
<pin id="194" dir="1" index="1" bw="2" slack="0"/>
</pin_list>
<bind>
<opcode="trunc(33) " fcode="trunc"/>
<opset="empty_222/3 "/>
</bind>
</comp>

<comp id="196" class="1004" name="w2_addr_read_cast_cast_fu_196">
<pin_list>
<pin id="197" dir="0" index="0" bw="18" slack="1"/>
<pin id="198" dir="1" index="1" bw="32" slack="0"/>
</pin_list>
<bind>
<opcode="zext(34) " fcode="zext"/>
<opset="w2_addr_read_cast_cast/3 "/>
</bind>
</comp>

<comp id="200" class="1004" name="tmp_s_fu_200">
<pin_list>
<pin id="201" dir="0" index="0" bw="8" slack="0"/>
<pin id="202" dir="0" index="1" bw="2" slack="0"/>
<pin id="203" dir="0" index="2" bw="6" slack="0"/>
<pin id="204" dir="1" index="3" bw="8" slack="0"/>
</pin_list>
<bind>
<opcode="bitconcatenate(1004) " fcode="bitconcatenate"/>
<opset="tmp_s/3 "/>
</bind>
</comp>

<comp id="208" class="1004" name="p_cast14_fu_208">
<pin_list>
<pin id="209" dir="0" index="0" bw="8" slack="0"/>
<pin id="210" dir="1" index="1" bw="64" slack="0"/>
</pin_list>
<bind>
<opcode="zext(34) " fcode="zext"/>
<opset="p_cast14/3 "/>
</bind>
</comp>

<comp id="213" class="1004" name="empty_223_fu_213">
<pin_list>
<pin id="214" dir="0" index="0" bw="7" slack="0"/>
<pin id="215" dir="0" index="1" bw="1" slack="0"/>
<pin id="216" dir="1" index="2" bw="7" slack="0"/>
</pin_list>
<bind>
<opcode="add(8) " fcode="add"/>
<opset="empty_223/3 "/>
</bind>
</comp>

<comp id="219" class="1004" name="store_ln89_store_fu_219">
<pin_list>
<pin id="220" dir="0" index="0" bw="3" slack="0"/>
<pin id="221" dir="0" index="1" bw="3" slack="2"/>
<pin id="222" dir="1" index="2" bw="0" slack="2147483647"/>
</pin_list>
<bind>
<opcode="store(28) " fcode="store"/>
<opset="store_ln89/3 "/>
</bind>
</comp>

<comp id="224" class="1004" name="store_ln89_store_fu_224">
<pin_list>
<pin id="225" dir="0" index="0" bw="7" slack="0"/>
<pin id="226" dir="0" index="1" bw="7" slack="2"/>
<pin id="227" dir="1" index="2" bw="0" slack="2147483647"/>
</pin_list>
<bind>
<opcode="store(28) " fcode="store"/>
<opset="store_ln89/3 "/>
</bind>
</comp>

<comp id="229" class="1005" name="loop_index_i_reg_229">
<pin_list>
<pin id="230" dir="0" index="0" bw="7" slack="0"/>
<pin id="231" dir="1" index="1" bw="7" slack="0"/>
</pin_list>
<bind>
<opset="loop_index_i "/>
</bind>
</comp>

<comp id="236" class="1005" name="bout_reg_236">
<pin_list>
<pin id="237" dir="0" index="0" bw="3" slack="0"/>
<pin id="238" dir="1" index="1" bw="3" slack="0"/>
</pin_list>
<bind>
<opset="bout "/>
</bind>
</comp>

<comp id="243" class="1005" name="indvar_flatten_reg_243">
<pin_list>
<pin id="244" dir="0" index="0" bw="9" slack="0"/>
<pin id="245" dir="1" index="1" bw="9" slack="0"/>
</pin_list>
<bind>
<opset="indvar_flatten "/>
</bind>
</comp>

<comp id="250" class="1005" name="sext_ln33_cast_reg_250">
<pin_list>
<pin id="251" dir="0" index="0" bw="64" slack="1"/>
<pin id="252" dir="1" index="1" bw="64" slack="1"/>
</pin_list>
<bind>
<opset="sext_ln33_cast "/>
</bind>
</comp>

<comp id="255" class="1005" name="icmp_ln89_reg_255">
<pin_list>
<pin id="256" dir="0" index="0" bw="1" slack="1"/>
<pin id="257" dir="1" index="1" bw="1" slack="2147483647"/>
</pin_list>
<bind>
<opset="icmp_ln89 "/>
</bind>
</comp>

<comp id="259" class="1005" name="empty_reg_259">
<pin_list>
<pin id="260" dir="0" index="0" bw="18" slack="1"/>
<pin id="261" dir="1" index="1" bw="18" slack="1"/>
</pin_list>
<bind>
<opset="empty "/>
</bind>
</comp>

</comp_list>

<net_list>
<net id="73"><net_src comp="6" pin="0"/><net_sink comp="70" pin=0"/></net>

<net id="77"><net_src comp="6" pin="0"/><net_sink comp="74" pin=0"/></net>

<net id="81"><net_src comp="6" pin="0"/><net_sink comp="78" pin=0"/></net>

<net id="86"><net_src comp="10" pin="0"/><net_sink comp="82" pin=0"/></net>

<net id="87"><net_src comp="2" pin="0"/><net_sink comp="82" pin=1"/></net>

<net id="92"><net_src comp="46" pin="0"/><net_sink comp="88" pin=0"/></net>

<net id="98"><net_src comp="4" pin="0"/><net_sink comp="93" pin=0"/></net>

<net id="99"><net_src comp="62" pin="0"/><net_sink comp="93" pin=1"/></net>

<net id="108"><net_src comp="82" pin="2"/><net_sink comp="105" pin=0"/></net>

<net id="113"><net_src comp="32" pin="0"/><net_sink comp="109" pin=0"/></net>

<net id="118"><net_src comp="34" pin="0"/><net_sink comp="114" pin=0"/></net>

<net id="123"><net_src comp="36" pin="0"/><net_sink comp="119" pin=0"/></net>

<net id="131"><net_src comp="124" pin="1"/><net_sink comp="127" pin=0"/></net>

<net id="132"><net_src comp="38" pin="0"/><net_sink comp="127" pin=1"/></net>

<net id="137"><net_src comp="124" pin="1"/><net_sink comp="133" pin=0"/></net>

<net id="138"><net_src comp="40" pin="0"/><net_sink comp="133" pin=1"/></net>

<net id="143"><net_src comp="133" pin="2"/><net_sink comp="139" pin=0"/></net>

<net id="148"><net_src comp="0" pin="0"/><net_sink comp="144" pin=0"/></net>

<net id="149"><net_src comp="144" pin="2"/><net_sink comp="88" pin=1"/></net>

<net id="153"><net_src comp="88" pin="2"/><net_sink comp="150" pin=0"/></net>

<net id="164"><net_src comp="157" pin="1"/><net_sink comp="160" pin=0"/></net>

<net id="165"><net_src comp="48" pin="0"/><net_sink comp="160" pin=1"/></net>

<net id="170"><net_src comp="154" pin="1"/><net_sink comp="166" pin=0"/></net>

<net id="171"><net_src comp="58" pin="0"/><net_sink comp="166" pin=1"/></net>

<net id="177"><net_src comp="166" pin="2"/><net_sink comp="172" pin=0"/></net>

<net id="178"><net_src comp="36" pin="0"/><net_sink comp="172" pin=1"/></net>

<net id="179"><net_src comp="154" pin="1"/><net_sink comp="172" pin=2"/></net>

<net id="185"><net_src comp="166" pin="2"/><net_sink comp="180" pin=0"/></net>

<net id="186"><net_src comp="160" pin="2"/><net_sink comp="180" pin=1"/></net>

<net id="187"><net_src comp="157" pin="1"/><net_sink comp="180" pin=2"/></net>

<net id="191"><net_src comp="172" pin="3"/><net_sink comp="188" pin=0"/></net>

<net id="195"><net_src comp="180" pin="3"/><net_sink comp="192" pin=0"/></net>

<net id="199"><net_src comp="196" pin="1"/><net_sink comp="100" pin=1"/></net>

<net id="205"><net_src comp="60" pin="0"/><net_sink comp="200" pin=0"/></net>

<net id="206"><net_src comp="192" pin="1"/><net_sink comp="200" pin=1"/></net>

<net id="207"><net_src comp="188" pin="1"/><net_sink comp="200" pin=2"/></net>

<net id="211"><net_src comp="200" pin="3"/><net_sink comp="208" pin=0"/></net>

<net id="212"><net_src comp="208" pin="1"/><net_sink comp="93" pin=2"/></net>

<net id="217"><net_src comp="172" pin="3"/><net_sink comp="213" pin=0"/></net>

<net id="218"><net_src comp="68" pin="0"/><net_sink comp="213" pin=1"/></net>

<net id="223"><net_src comp="180" pin="3"/><net_sink comp="219" pin=0"/></net>

<net id="228"><net_src comp="213" pin="2"/><net_sink comp="224" pin=0"/></net>

<net id="232"><net_src comp="70" pin="1"/><net_sink comp="229" pin=0"/></net>

<net id="233"><net_src comp="229" pin="1"/><net_sink comp="119" pin=1"/></net>

<net id="234"><net_src comp="229" pin="1"/><net_sink comp="154" pin=0"/></net>

<net id="235"><net_src comp="229" pin="1"/><net_sink comp="224" pin=1"/></net>

<net id="239"><net_src comp="74" pin="1"/><net_sink comp="236" pin=0"/></net>

<net id="240"><net_src comp="236" pin="1"/><net_sink comp="114" pin=1"/></net>

<net id="241"><net_src comp="236" pin="1"/><net_sink comp="157" pin=0"/></net>

<net id="242"><net_src comp="236" pin="1"/><net_sink comp="219" pin=1"/></net>

<net id="246"><net_src comp="78" pin="1"/><net_sink comp="243" pin=0"/></net>

<net id="247"><net_src comp="243" pin="1"/><net_sink comp="109" pin=1"/></net>

<net id="248"><net_src comp="243" pin="1"/><net_sink comp="124" pin=0"/></net>

<net id="249"><net_src comp="243" pin="1"/><net_sink comp="139" pin=1"/></net>

<net id="253"><net_src comp="105" pin="1"/><net_sink comp="250" pin=0"/></net>

<net id="254"><net_src comp="250" pin="1"/><net_sink comp="144" pin=1"/></net>

<net id="258"><net_src comp="127" pin="2"/><net_sink comp="255" pin=0"/></net>

<net id="262"><net_src comp="150" pin="1"/><net_sink comp="259" pin=0"/></net>

<net id="263"><net_src comp="259" pin="1"/><net_sink comp="196" pin=0"/></net>

</net_list>

</model> 
---------------- Datapath Model END ------------------

* FSMD analyzer results:
  - Output states:
	Port: weight_buffer | {3 }
 - Input state : 
	Port: conv2_Pipeline_LOAD_WEIGHTS_L : w2 | {2 }
	Port: conv2_Pipeline_LOAD_WEIGHTS_L : sext_ln33 | {1 }
  - Chain level:
	State 1
		store_ln0 : 1
		store_ln0 : 1
		store_ln0 : 1
		indvar_flatten_load : 1
		icmp_ln89 : 2
		add_ln89_1 : 2
		br_ln89 : 3
		store_ln89 : 3
	State 2
		w2_addr_read : 1
		empty : 1
	State 3
		add_ln89 : 1
		exitcond44887 : 1
		select_ln89 : 2
		select_ln89_1 : 2
		empty_221 : 3
		empty_222 : 3
		tmp_s : 4
		p_cast14 : 5
		weight_buffer_addr : 6
		store_ln89 : 7
		empty_223 : 3
		store_ln89 : 3
		store_ln89 : 4


============================================================
+ Verbose Summary: Datapath Resource usage 
============================================================

* Functional unit list:
|----------|-------------------------------|---------|---------|
| Operation|        Functional Unit        |    FF   |   LUT   |
|----------|-------------------------------|---------|---------|
|          |       add_ln89_1_fu_133       |    0    |    16   |
|    add   |        add_ln89_fu_160        |    0    |    10   |
|          |        empty_223_fu_213       |    0    |    14   |
|----------|-------------------------------|---------|---------|
|   icmp   |        icmp_ln89_fu_127       |    0    |    16   |
|          |      exitcond44887_fu_166     |    0    |    14   |
|----------|-------------------------------|---------|---------|
|  select  |       select_ln89_fu_172      |    0    |    7    |
|          |      select_ln89_1_fu_180     |    0    |    3    |
|----------|-------------------------------|---------|---------|
|   read   |   sext_ln33_read_read_fu_82   |    0    |    0    |
|          |    w2_addr_read_read_fu_88    |    0    |    0    |
|----------|-------------------------------|---------|---------|
|   sext   |     sext_ln33_cast_fu_105     |    0    |    0    |
|----------|-------------------------------|---------|---------|
|          |          empty_fu_150         |    0    |    0    |
|   trunc  |        empty_221_fu_188       |    0    |    0    |
|          |        empty_222_fu_192       |    0    |    0    |
|----------|-------------------------------|---------|---------|
|   zext   | w2_addr_read_cast_cast_fu_196 |    0    |    0    |
|          |        p_cast14_fu_208        |    0    |    0    |
|----------|-------------------------------|---------|---------|
|bitconcatenate|          tmp_s_fu_200         |    0    |    0    |
|----------|-------------------------------|---------|---------|
|   Total  |                               |    0    |    80   |
|----------|-------------------------------|---------|---------|

Memories:
N/A

* Register list:
+----------------------+--------+
|                      |   FF   |
+----------------------+--------+
|     bout_reg_236     |    3   |
|     empty_reg_259    |   18   |
|   icmp_ln89_reg_255  |    1   |
|indvar_flatten_reg_243|    9   |
| loop_index_i_reg_229 |    7   |
|sext_ln33_cast_reg_250|   64   |
+----------------------+--------+
|         Total        |   102  |
+----------------------+--------+

* Multiplexer (MUX) list: 
|--------|------|------|------|--------|
|  Comp  |  Pin | Size |  BW  | S x BW |
|--------|------|------|------|--------|
|  Total |      |      |      |    0   |
|--------|------|------|------|--------|



* Summary:
+-----------+--------+--------+
|           |   FF   |   LUT  |
+-----------+--------+--------+
|  Function |    0   |   80   |
|   Memory  |    -   |    -   |
|Multiplexer|    -   |    -   |
|  Register |   102  |    -   |
+-----------+--------+--------+
|   Total   |   102  |   80   |
+-----------+--------+--------+
