

================================================================
== Vitis HLS Report for 'conv3_Pipeline_6'
================================================================
* Date:           Sat Nov  4 17:40:27 2023

* Version:        2023.1 (Build 3854077 on May  4 2023)
* Project:        srcnn_hls
* Solution:       solution1 (Vivado IP Flow Target)
* Product family: zynquplus
* Target device:  xck24-ubva530-2LV-c


================================================================
== Performance Estimates
================================================================
+ Timing: 
    * Summary: 
    +--------+----------+----------+------------+
    |  Clock |  Target  | Estimated| Uncertainty|
    +--------+----------+----------+------------+
    |ap_clk  |  10.00 ns|  7.300 ns|     2.70 ns|
    +--------+----------+----------+------------+

+ Latency: 
    * Summary: 
    +---------+---------+----------+----------+-----+-----+---------+
    |  Latency (cycles) |  Latency (absolute) |  Interval | Pipeline|
    |   min   |   max   |    min   |    max   | min | max |   Type  |
    +---------+---------+----------+----------+-----+-----+---------+
    |      258|      258|  2.580 us|  2.580 us|  258|  258|       no|
    +---------+---------+----------+----------+-----+-----+---------+

    + Detail: 
        * Instance: 
        N/A

        * Loop: 
        +----------+---------+---------+----------+-----------+-----------+------+----------+
        |          |  Latency (cycles) | Iteration|  Initiation Interval  | Trip |          |
        | Loop Name|   min   |   max   |  Latency |  achieved |   target  | Count| Pipelined|
        +----------+---------+---------+----------+-----------+-----------+------+----------+
        |- Loop 1  |      256|      256|         3|          1|          1|   255|       yes|
        +----------+---------+---------+----------+-----------+-----------+------+----------+

============================================================
+ Verbose Summary: Synthesis Manager
============================================================
InlineROM: 1
ExposeGlobal: 0
============================================================
+ Verbose Summary: CDFG Model
============================================================
IsTopModel: 0
ResetActiveHigh: 1
IsCombinational: 0
IsDatapathOnly: 0
HasWiredReturn: 1
HasMFsm: 2
HasVarLatency: 1
IsPipeline: 0
IsRtlPipelined: 0
IsInstanceOverlapped: 0
IsDontTouch: 0
HasImplIP: 0
IsGatedGlobalClock: 0

+ Individual pipeline summary: 
  * Pipeline-0: initiation interval (II) = 1, depth = 3


============================================================
+ Verbose Summary: Schedule
============================================================
* Number of FSM states : 3
* Pipeline : 1
  Pipeline-0 : II = 1, D = 3, States = { 1 2 3 }
* Dataflow Pipeline: 0

* FSM state transitions: 
1 --> 2 
2 --> 3 
3 --> 

* FSM state operations: 

State 1 <SV = 0> <Delay = 1.23>
ST_1 : Operation 6 [1/1] (0.00ns)   --->   "%loop_index_1_i = alloca i32 1"   --->   Operation 6 'alloca' 'loop_index_1_i' <Predicate = true> <Delay = 0.00>
ST_1 : Operation 7 [1/1] (0.00ns)   --->   "%or_ln139_read = read i3 @_ssdm_op_Read.ap_auto.i3, i3 %or_ln139"   --->   Operation 7 'read' 'or_ln139_read' <Predicate = true> <Delay = 0.00>
ST_1 : Operation 8 [1/1] (0.00ns)   --->   "%sext_ln149_1_read = read i62 @_ssdm_op_Read.ap_auto.i62, i62 %sext_ln149_1"   --->   Operation 8 'read' 'sext_ln149_1_read' <Predicate = true> <Delay = 0.00>
ST_1 : Operation 9 [1/1] (0.00ns)   --->   "%sext_ln149_1_cast = sext i62 %sext_ln149_1_read"   --->   Operation 9 'sext' 'sext_ln149_1_cast' <Predicate = true> <Delay = 0.00>
ST_1 : Operation 10 [1/1] (0.00ns)   --->   "%specmemcore_ln0 = specmemcore void @_ssdm_op_SpecMemCore, i32 %conv3_float_255_255_float_32_5_5_float_float_255_255_o_1, i64 666, i64 30, i64 18446744073709551615"   --->   Operation 10 'specmemcore' 'specmemcore_ln0' <Predicate = true> <Delay = 0.00>
ST_1 : Operation 11 [1/1] (0.00ns)   --->   "%specmemcore_ln0 = specmemcore void @_ssdm_op_SpecMemCore, i32 %conv3_float_255_255_float_32_5_5_float_float_255_255_o, i64 666, i64 30, i64 18446744073709551615"   --->   Operation 11 'specmemcore' 'specmemcore_ln0' <Predicate = true> <Delay = 0.00>
ST_1 : Operation 12 [1/1] (0.00ns)   --->   "%specinterface_ln0 = specinterface void @_ssdm_op_SpecInterface, i32 %o, void @empty_41, i32 0, i32 0, void @empty_40, i32 0, i32 512, void @empty_22, void @empty_39, void @empty_40, i32 16, i32 16, i32 256, i32 256, void @empty_40, void @empty_40, i32 4294967295, i32 0"   --->   Operation 12 'specinterface' 'specinterface_ln0' <Predicate = true> <Delay = 0.00>
ST_1 : Operation 13 [1/1] (0.42ns)   --->   "%store_ln0 = store i8 0, i8 %loop_index_1_i"   --->   Operation 13 'store' 'store_ln0' <Predicate = true> <Delay = 0.42>
ST_1 : Operation 14 [1/1] (0.00ns)   --->   "%br_ln0 = br void %load-store-loop.1.i"   --->   Operation 14 'br' 'br_ln0' <Predicate = true> <Delay = 0.00>
ST_1 : Operation 15 [1/1] (0.00ns)   --->   "%loop_index_1_i_load = load i8 %loop_index_1_i"   --->   Operation 15 'load' 'loop_index_1_i_load' <Predicate = true> <Delay = 0.00>
ST_1 : Operation 16 [1/1] (0.76ns)   --->   "%exitcond17313 = icmp_eq  i8 %loop_index_1_i_load, i8 255"   --->   Operation 16 'icmp' 'exitcond17313' <Predicate = true> <Delay = 0.76> <CoreInst = "Cmp">   --->   Core 9 'Cmp' <Latency = 0> <II = 1> <Delay = 0.76> <FuncUnit> <Opcode : 'icmp'> <InPorts = 2> <OutPorts = 1>
ST_1 : Operation 17 [1/1] (0.76ns)   --->   "%empty = add i8 %loop_index_1_i_load, i8 1"   --->   Operation 17 'add' 'empty' <Predicate = true> <Delay = 0.76> <CoreInst = "Adder">   --->   Core 1 'Adder' <Latency = 0> <II = 1> <Delay = 0.76> <FuncUnit> <Opcode : 'add' 'sub'> <InPorts = 2> <OutPorts = 1>
ST_1 : Operation 18 [1/1] (0.00ns)   --->   "%br_ln0 = br i1 %exitcond17313, void %load-store-loop.1.i.split, void %for.inc45.1.i.exitStub"   --->   Operation 18 'br' 'br_ln0' <Predicate = true> <Delay = 0.00>
ST_1 : Operation 19 [1/1] (0.00ns)   --->   "%empty_465 = trunc i8 %loop_index_1_i_load"   --->   Operation 19 'trunc' 'empty_465' <Predicate = (!exitcond17313)> <Delay = 0.00>
ST_1 : Operation 20 [1/1] (0.00ns)   --->   "%tmp_s = bitconcatenate i10 @_ssdm_op_BitConcatenate.i10.i3.i7, i3 %or_ln139_read, i7 %empty_465"   --->   Operation 20 'bitconcatenate' 'tmp_s' <Predicate = (!exitcond17313)> <Delay = 0.00>
ST_1 : Operation 21 [1/1] (0.00ns)   --->   "%tmp_140_cast = zext i10 %tmp_s"   --->   Operation 21 'zext' 'tmp_140_cast' <Predicate = (!exitcond17313)> <Delay = 0.00>
ST_1 : Operation 22 [1/1] (0.00ns)   --->   "%conv3_float_255_255_float_32_5_5_float_float_255_255_o_28 = getelementptr i32 %conv3_float_255_255_float_32_5_5_float_float_255_255_o_1, i64 0, i64 %tmp_140_cast"   --->   Operation 22 'getelementptr' 'conv3_float_255_255_float_32_5_5_float_float_255_255_o_28' <Predicate = (!exitcond17313)> <Delay = 0.00>
ST_1 : Operation 23 [1/1] (0.00ns)   --->   "%conv3_float_255_255_float_32_5_5_float_float_255_255_o_29 = getelementptr i32 %conv3_float_255_255_float_32_5_5_float_float_255_255_o, i64 0, i64 %tmp_140_cast"   --->   Operation 23 'getelementptr' 'conv3_float_255_255_float_32_5_5_float_float_255_255_o_29' <Predicate = (!exitcond17313)> <Delay = 0.00>
ST_1 : Operation 24 [1/1] (0.00ns)   --->   "%tmp = bitselect i1 @_ssdm_op_BitSelect.i1.i8.i32, i8 %loop_index_1_i_load, i32 7"   --->   Operation 24 'bitselect' 'tmp' <Predicate = (!exitcond17313)> <Delay = 0.00>
ST_1 : Operation 25 [2/2] (1.23ns)   --->   "%conv3_float_255_255_float_32_5_5_float_float_255_255_o_30 = load i10 %conv3_float_255_255_float_32_5_5_float_float_255_255_o_28"   --->   Operation 25 'load' 'conv3_float_255_255_float_32_5_5_float_float_255_255_o_30' <Predicate = (!exitcond17313)> <Delay = 1.23> <CoreInst = "RAM_T2P_BRAM">   --->   Core 99 'RAM_T2P_BRAM' <Latency = 1> <II = 1> <Delay = 1.23> <Storage> <Opcode : 'load' 'store'> <Ports = 2> <Width = 32> <Depth = 640> <RAM>
ST_1 : Operation 26 [2/2] (1.23ns)   --->   "%conv3_float_255_255_float_32_5_5_float_float_255_255_o_31 = load i10 %conv3_float_255_255_float_32_5_5_float_float_255_255_o_29"   --->   Operation 26 'load' 'conv3_float_255_255_float_32_5_5_float_float_255_255_o_31' <Predicate = (!exitcond17313)> <Delay = 1.23> <CoreInst = "RAM_T2P_BRAM">   --->   Core 99 'RAM_T2P_BRAM' <Latency = 1> <II = 1> <Delay = 1.23> <Storage> <Opcode : 'load' 'store'> <Ports = 2> <Width = 32> <Depth = 640> <RAM>
ST_1 : Operation 27 [1/1] (0.42ns)   --->   "%store_ln0 = store i8 %empty, i8 %loop_index_1_i"   --->   Operation 27 'store' 'store_ln0' <Predicate = (!exitcond17313)> <Delay = 0.42>

State 2 <SV = 1> <Delay = 1.66>
ST_2 : Operation 28 [1/1] (0.00ns)   --->   "%o_addr = getelementptr i32 %o, i64 %sext_ln149_1_cast" [src/conv3.cpp:149->src/conv3.cpp:65]   --->   Operation 28 'getelementptr' 'o_addr' <Predicate = true> <Delay = 0.00>
ST_2 : Operation 29 [1/1] (0.00ns)   --->   "%specpipeline_ln0 = specpipeline void @_ssdm_op_SpecPipeline, i32 4294967295, i32 0, i32 1, i32 0, void @p_str"   --->   Operation 29 'specpipeline' 'specpipeline_ln0' <Predicate = true> <Delay = 0.00>
ST_2 : Operation 30 [1/2] (1.23ns)   --->   "%conv3_float_255_255_float_32_5_5_float_float_255_255_o_30 = load i10 %conv3_float_255_255_float_32_5_5_float_float_255_255_o_28"   --->   Operation 30 'load' 'conv3_float_255_255_float_32_5_5_float_float_255_255_o_30' <Predicate = (!exitcond17313)> <Delay = 1.23> <CoreInst = "RAM_T2P_BRAM">   --->   Core 99 'RAM_T2P_BRAM' <Latency = 1> <II = 1> <Delay = 1.23> <Storage> <Opcode : 'load' 'store'> <Ports = 2> <Width = 32> <Depth = 640> <RAM>
ST_2 : Operation 31 [1/2] (1.23ns)   --->   "%conv3_float_255_255_float_32_5_5_float_float_255_255_o_31 = load i10 %conv3_float_255_255_float_32_5_5_float_float_255_255_o_29"   --->   Operation 31 'load' 'conv3_float_255_255_float_32_5_5_float_float_255_255_o_31' <Predicate = (!exitcond17313)> <Delay = 1.23> <CoreInst = "RAM_T2P_BRAM">   --->   Core 99 'RAM_T2P_BRAM' <Latency = 1> <II = 1> <Delay = 1.23> <Storage> <Opcode : 'load' 'store'> <Ports = 2> <Width = 32> <Depth = 640> <RAM>
ST_2 : Operation 32 [1/1] (0.42ns)   --->   "%tmp_115 = mux i32 @_ssdm_op_Mux.ap_auto.2f32.i1, i32 %conv3_float_255_255_float_32_5_5_float_float_255_255_o_30, i32 %conv3_float_255_255_float_32_5_5_float_float_255_255_o_31, i1 %tmp"   --->   Operation 32 'mux' 'tmp_115' <Predicate = (!exitcond17313)> <Delay = 0.42> <CoreInst = "Multiplexer">   --->   Core 76 'Multiplexer' <Latency = 0> <II = 1> <Delay = 0.42> <FuncUnit> <Opcode : 'mux'> <InPorts = 2> <OutPorts = 1>
ST_2 : Operation 37 [1/1] (0.00ns)   --->   "%ret_ln0 = ret"   --->   Operation 37 'ret' 'ret_ln0' <Predicate = (exitcond17313)> <Delay = 0.00>

State 3 <SV = 2> <Delay = 7.30>
ST_3 : Operation 33 [1/1] (0.00ns)   --->   "%speclooptripcount_ln0 = speclooptripcount void @_ssdm_op_SpecLoopTripCount, i64 255, i64 255, i64 255"   --->   Operation 33 'speclooptripcount' 'speclooptripcount_ln0' <Predicate = true> <Delay = 0.00>
ST_3 : Operation 34 [1/1] (0.00ns)   --->   "%empty_466 = bitcast i32 %tmp_115"   --->   Operation 34 'bitcast' 'empty_466' <Predicate = true> <Delay = 0.00>
ST_3 : Operation 35 [1/1] (7.30ns)   --->   "%write_ln149 = write void @_ssdm_op_Write.m_axi.p1i32, i32 %o_addr, i32 %empty_466, i4 15" [src/conv3.cpp:149->src/conv3.cpp:65]   --->   Operation 35 'write' 'write_ln149' <Predicate = true> <Delay = 7.30> <CoreInst = "m_axi">   --->   Core 121 'm_axi' <Latency = 0> <II = 1> <Delay = 1.00> <Adapter> <Opcode : 'read' 'write' 'readreq' 'writereq' 'writeresp'>
ST_3 : Operation 36 [1/1] (0.00ns)   --->   "%br_ln0 = br void %load-store-loop.1.i"   --->   Operation 36 'br' 'br_ln0' <Predicate = true> <Delay = 0.00>


============================================================
+ Verbose Summary: Timing violations
============================================================
Target clock period: 10.000ns, clock uncertainty: 2.700ns.

 <State 1>: 1.237ns
The critical path consists of the following:
	'alloca' operation ('loop_index_1_i') [6]  (0.000 ns)
	'load' operation ('loop_index_1_i_load') on local variable 'loop_index_1_i' [16]  (0.000 ns)
	'getelementptr' operation ('conv3_float_255_255_float_32_5_5_float_float_255_255_o_28') [27]  (0.000 ns)
	'load' operation ('conv3_float_255_255_float_32_5_5_float_float_255_255_o_30') on array 'conv3_float_255_255_float_32_5_5_float_float_255_255_o_1' [30]  (1.237 ns)

 <State 2>: 1.664ns
The critical path consists of the following:
	'load' operation ('conv3_float_255_255_float_32_5_5_float_float_255_255_o_30') on array 'conv3_float_255_255_float_32_5_5_float_float_255_255_o_1' [30]  (1.237 ns)
	'mux' operation ('tmp_115') [32]  (0.427 ns)

 <State 3>: 7.300ns
The critical path consists of the following:
	bus write operation ('write_ln149', src/conv3.cpp:149->src/conv3.cpp:65) on port 'o' (src/conv3.cpp:149->src/conv3.cpp:65) [34]  (7.300 ns)


============================================================
+ Verbose Summary: Binding
============================================================
N/A
* FSMD analyzer results:
  - Output states:
 - Input state : 
  - Chain level:
	State 1
	State 2
	State 3


============================================================
+ Verbose Summary: Datapath Resource usage 
============================================================
N/A
