

================================================================
== Vitis HLS Report for 'conv2_Pipeline_RELU'
================================================================
* Date:           Fri Nov  3 02:32:37 2023

* Version:        2023.1 (Build 3854077 on May  4 2023)
* Project:        srcnn_hls
* Solution:       solution1 (Vivado IP Flow Target)
* Product family: zynquplus
* Target device:  xck24-ubva530-2LV-c


================================================================
== Performance Estimates
================================================================
+ Timing: 
    * Summary: 
    +--------+----------+----------+------------+
    |  Clock |  Target  | Estimated| Uncertainty|
    +--------+----------+----------+------------+
    |ap_clk  |  10.00 ns|  4.456 ns|     2.70 ns|
    +--------+----------+----------+------------+

+ Latency: 
    * Summary: 
    +---------+---------+----------+----------+-----+-----+---------+
    |  Latency (cycles) |  Latency (absolute) |  Interval | Pipeline|
    |   min   |   max   |    min   |    max   | min | max |   Type  |
    +---------+---------+----------+----------+-----+-----+---------+
    |      512|      512|  5.120 us|  5.120 us|  512|  512|       no|
    +---------+---------+----------+----------+-----+-----+---------+

    + Detail: 
        * Instance: 
        N/A

        * Loop: 
        +----------+---------+---------+----------+-----------+-----------+------+----------+
        |          |  Latency (cycles) | Iteration|  Initiation Interval  | Trip |          |
        | Loop Name|   min   |   max   |  Latency |  achieved |   target  | Count| Pipelined|
        +----------+---------+---------+----------+-----------+-----------+------+----------+
        |- RELU    |      510|      510|         2|          2|          2|   255|       yes|
        +----------+---------+---------+----------+-----------+-----------+------+----------+

============================================================
+ Verbose Summary: Synthesis Manager
============================================================
InlineROM: 1
ExposeGlobal: 0
============================================================
+ Verbose Summary: CDFG Model
============================================================
IsTopModel: 0
ResetActiveHigh: 1
IsCombinational: 0
IsDatapathOnly: 0
HasWiredReturn: 1
HasMFsm: 2
HasVarLatency: 1
IsPipeline: 0
IsRtlPipelined: 0
IsInstanceOverlapped: 0
IsDontTouch: 0
HasImplIP: 0
IsGatedGlobalClock: 0

+ Individual pipeline summary: 
  * Pipeline-0: initiation interval (II) = 2, depth = 2


============================================================
+ Verbose Summary: Schedule
============================================================
* Number of FSM states : 2
* Pipeline : 1
  Pipeline-0 : II = 2, D = 2, States = { 1 2 }
* Dataflow Pipeline: 0

* FSM state transitions: 
1 --> 2 
2 --> 

* FSM state operations: 

State 1 <SV = 0> <Delay = 2.00>
ST_1 : Operation 5 [1/1] (0.00ns)   --->   "%phi_urem = alloca i32 1"   --->   Operation 5 'alloca' 'phi_urem' <Predicate = true> <Delay = 0.00>
ST_1 : Operation 6 [1/1] (0.00ns)   --->   "%phi_mul = alloca i32 1"   --->   Operation 6 'alloca' 'phi_mul' <Predicate = true> <Delay = 0.00>
ST_1 : Operation 7 [1/1] (0.00ns)   --->   "%bw = alloca i32 1"   --->   Operation 7 'alloca' 'bw' <Predicate = true> <Delay = 0.00>
ST_1 : Operation 8 [1/1] (0.00ns)   --->   "%sext_ln111_read = read i30 @_ssdm_op_Read.ap_auto.i30, i30 %sext_ln111"   --->   Operation 8 'read' 'sext_ln111_read' <Predicate = true> <Delay = 0.00>
ST_1 : Operation 9 [1/1] (0.00ns)   --->   "%sext_ln108_read = read i30 @_ssdm_op_Read.ap_auto.i30, i30 %sext_ln108"   --->   Operation 9 'read' 'sext_ln108_read' <Predicate = true> <Delay = 0.00>
ST_1 : Operation 10 [1/1] (0.00ns)   --->   "%add_ln111_3_read = read i8 @_ssdm_op_Read.ap_auto.i8, i8 %add_ln111_3"   --->   Operation 10 'read' 'add_ln111_3_read' <Predicate = true> <Delay = 0.00>
ST_1 : Operation 11 [1/1] (0.00ns)   --->   "%sext_ln111_cast = sext i30 %sext_ln111_read"   --->   Operation 11 'sext' 'sext_ln111_cast' <Predicate = true> <Delay = 0.00>
ST_1 : Operation 12 [1/1] (0.00ns)   --->   "%sext_ln108_cast = sext i30 %sext_ln108_read"   --->   Operation 12 'sext' 'sext_ln108_cast' <Predicate = true> <Delay = 0.00>
ST_1 : Operation 13 [1/1] (0.42ns)   --->   "%store_ln0 = store i8 0, i8 %bw"   --->   Operation 13 'store' 'store_ln0' <Predicate = true> <Delay = 0.42>
ST_1 : Operation 14 [1/1] (0.42ns)   --->   "%store_ln0 = store i17 0, i17 %phi_mul"   --->   Operation 14 'store' 'store_ln0' <Predicate = true> <Delay = 0.42>
ST_1 : Operation 15 [1/1] (0.42ns)   --->   "%store_ln0 = store i8 0, i8 %phi_urem"   --->   Operation 15 'store' 'store_ln0' <Predicate = true> <Delay = 0.42>
ST_1 : Operation 16 [1/1] (0.00ns)   --->   "%br_ln0 = br void %for.body8.0.i"   --->   Operation 16 'br' 'br_ln0' <Predicate = true> <Delay = 0.00>
ST_1 : Operation 17 [1/1] (0.00ns)   --->   "%bw_3 = load i8 %bw" [src/conv2.cpp:108->src/conv2.cpp:51]   --->   Operation 17 'load' 'bw_3' <Predicate = true> <Delay = 0.00>
ST_1 : Operation 18 [1/1] (0.76ns)   --->   "%icmp_ln108 = icmp_eq  i8 %bw_3, i8 255" [src/conv2.cpp:108->src/conv2.cpp:51]   --->   Operation 18 'icmp' 'icmp_ln108' <Predicate = true> <Delay = 0.76> <CoreInst = "Cmp">   --->   Core 9 'Cmp' <Latency = 0> <II = 1> <Delay = 0.76> <FuncUnit> <Opcode : 'icmp'> <InPorts = 2> <OutPorts = 1>
ST_1 : Operation 19 [1/1] (0.76ns)   --->   "%add_ln108 = add i8 %bw_3, i8 1" [src/conv2.cpp:108->src/conv2.cpp:51]   --->   Operation 19 'add' 'add_ln108' <Predicate = true> <Delay = 0.76> <CoreInst = "Adder">   --->   Core 1 'Adder' <Latency = 0> <II = 1> <Delay = 0.76> <FuncUnit> <Opcode : 'add' 'sub'> <InPorts = 2> <OutPorts = 1>
ST_1 : Operation 20 [1/1] (0.00ns)   --->   "%br_ln108 = br i1 %icmp_ln108, void %for.body8.0.i.split, void %for.end.0.i.exitStub" [src/conv2.cpp:108->src/conv2.cpp:51]   --->   Operation 20 'br' 'br_ln108' <Predicate = true> <Delay = 0.00>
ST_1 : Operation 21 [1/1] (0.00ns)   --->   "%phi_urem_load_1 = load i8 %phi_urem" [src/conv2.cpp:111->src/conv2.cpp:51]   --->   Operation 21 'load' 'phi_urem_load_1' <Predicate = (!icmp_ln108)> <Delay = 0.00>
ST_1 : Operation 22 [1/1] (0.76ns)   --->   "%add_ln111_2 = add i8 %add_ln111_3_read, i8 %phi_urem_load_1" [src/conv2.cpp:111->src/conv2.cpp:51]   --->   Operation 22 'add' 'add_ln111_2' <Predicate = (!icmp_ln108)> <Delay = 0.76> <CoreInst = "Adder">   --->   Core 1 'Adder' <Latency = 0> <II = 1> <Delay = 0.76> <FuncUnit> <Opcode : 'add' 'sub'> <InPorts = 2> <OutPorts = 1>
ST_1 : Operation 23 [1/1] (0.00ns)   --->   "%zext_ln111 = zext i8 %add_ln111_2" [src/conv2.cpp:111->src/conv2.cpp:51]   --->   Operation 23 'zext' 'zext_ln111' <Predicate = (!icmp_ln108)> <Delay = 0.00>
ST_1 : Operation 24 [1/1] (0.00ns)   --->   "%p_ZZ5conv2PA255_A255_8ap_fixedILi32ELi3EL9ap_q_mode5EL9ap_o_mode3ELi0EEPA64_A1_A1_555 = getelementptr i32 %p_ZZ5conv2PA255_A255_8ap_fixedILi32ELi3EL9ap_q_mode5EL9ap_o_mode3ELi0EEPA64_A1_A1_4, i64 0, i64 %zext_ln111" [src/conv2.cpp:111->src/conv2.cpp:51]   --->   Operation 24 'getelementptr' 'p_ZZ5conv2PA255_A255_8ap_fixedILi32ELi3EL9ap_q_mode5EL9ap_o_mode3ELi0EEPA64_A1_A1_555' <Predicate = (!icmp_ln108)> <Delay = 0.00>
ST_1 : Operation 25 [1/1] (0.00ns)   --->   "%p_ZZ5conv2PA255_A255_8ap_fixedILi32ELi3EL9ap_q_mode5EL9ap_o_mode3ELi0EEPA64_A1_A1_556 = getelementptr i32 %p_ZZ5conv2PA255_A255_8ap_fixedILi32ELi3EL9ap_q_mode5EL9ap_o_mode3ELi0EEPA64_A1_A1_3, i64 0, i64 %zext_ln111" [src/conv2.cpp:111->src/conv2.cpp:51]   --->   Operation 25 'getelementptr' 'p_ZZ5conv2PA255_A255_8ap_fixedILi32ELi3EL9ap_q_mode5EL9ap_o_mode3ELi0EEPA64_A1_A1_556' <Predicate = (!icmp_ln108)> <Delay = 0.00>
ST_1 : Operation 26 [1/1] (0.00ns)   --->   "%p_ZZ5conv2PA255_A255_8ap_fixedILi32ELi3EL9ap_q_mode5EL9ap_o_mode3ELi0EEPA64_A1_A1_557 = getelementptr i32 %p_ZZ5conv2PA255_A255_8ap_fixedILi32ELi3EL9ap_q_mode5EL9ap_o_mode3ELi0EEPA64_A1_A1_2, i64 0, i64 %zext_ln111" [src/conv2.cpp:111->src/conv2.cpp:51]   --->   Operation 26 'getelementptr' 'p_ZZ5conv2PA255_A255_8ap_fixedILi32ELi3EL9ap_q_mode5EL9ap_o_mode3ELi0EEPA64_A1_A1_557' <Predicate = (!icmp_ln108)> <Delay = 0.00>
ST_1 : Operation 27 [1/1] (0.00ns)   --->   "%p_ZZ5conv2PA255_A255_8ap_fixedILi32ELi3EL9ap_q_mode5EL9ap_o_mode3ELi0EEPA64_A1_A1_558 = getelementptr i32 %p_ZZ5conv2PA255_A255_8ap_fixedILi32ELi3EL9ap_q_mode5EL9ap_o_mode3ELi0EEPA64_A1_A1_1, i64 0, i64 %zext_ln111" [src/conv2.cpp:111->src/conv2.cpp:51]   --->   Operation 27 'getelementptr' 'p_ZZ5conv2PA255_A255_8ap_fixedILi32ELi3EL9ap_q_mode5EL9ap_o_mode3ELi0EEPA64_A1_A1_558' <Predicate = (!icmp_ln108)> <Delay = 0.00>
ST_1 : Operation 28 [1/1] (0.00ns)   --->   "%p_ZZ5conv2PA255_A255_8ap_fixedILi32ELi3EL9ap_q_mode5EL9ap_o_mode3ELi0EEPA64_A1_A1_559 = getelementptr i32 %p_ZZ5conv2PA255_A255_8ap_fixedILi32ELi3EL9ap_q_mode5EL9ap_o_mode3ELi0EEPA64_A1_A1, i64 0, i64 %zext_ln111" [src/conv2.cpp:111->src/conv2.cpp:51]   --->   Operation 28 'getelementptr' 'p_ZZ5conv2PA255_A255_8ap_fixedILi32ELi3EL9ap_q_mode5EL9ap_o_mode3ELi0EEPA64_A1_A1_559' <Predicate = (!icmp_ln108)> <Delay = 0.00>
ST_1 : Operation 29 [1/1] (0.00ns)   --->   "%conv2_ap_fixed_255_255_ap_fixed_64_1_1_ap_fixed_ap_fixed_255_30 = getelementptr i32 %conv2_ap_fixed_255_255_ap_fixed_64_1_1_ap_fixed_ap_fixed_255_9, i64 0, i64 %zext_ln111" [src/conv2.cpp:111->src/conv2.cpp:51]   --->   Operation 29 'getelementptr' 'conv2_ap_fixed_255_255_ap_fixed_64_1_1_ap_fixed_ap_fixed_255_30' <Predicate = (!icmp_ln108)> <Delay = 0.00>
ST_1 : Operation 30 [1/1] (0.00ns)   --->   "%conv2_ap_fixed_255_255_ap_fixed_64_1_1_ap_fixed_ap_fixed_255_31 = getelementptr i32 %conv2_ap_fixed_255_255_ap_fixed_64_1_1_ap_fixed_ap_fixed_255_8, i64 0, i64 %zext_ln111" [src/conv2.cpp:111->src/conv2.cpp:51]   --->   Operation 30 'getelementptr' 'conv2_ap_fixed_255_255_ap_fixed_64_1_1_ap_fixed_ap_fixed_255_31' <Predicate = (!icmp_ln108)> <Delay = 0.00>
ST_1 : Operation 31 [1/1] (0.00ns)   --->   "%conv2_ap_fixed_255_255_ap_fixed_64_1_1_ap_fixed_ap_fixed_255_32 = getelementptr i32 %conv2_ap_fixed_255_255_ap_fixed_64_1_1_ap_fixed_ap_fixed_255_7, i64 0, i64 %zext_ln111" [src/conv2.cpp:111->src/conv2.cpp:51]   --->   Operation 31 'getelementptr' 'conv2_ap_fixed_255_255_ap_fixed_64_1_1_ap_fixed_ap_fixed_255_32' <Predicate = (!icmp_ln108)> <Delay = 0.00>
ST_1 : Operation 32 [1/1] (0.00ns)   --->   "%conv2_ap_fixed_255_255_ap_fixed_64_1_1_ap_fixed_ap_fixed_255_33 = getelementptr i32 %conv2_ap_fixed_255_255_ap_fixed_64_1_1_ap_fixed_ap_fixed_255_6, i64 0, i64 %zext_ln111" [src/conv2.cpp:111->src/conv2.cpp:51]   --->   Operation 32 'getelementptr' 'conv2_ap_fixed_255_255_ap_fixed_64_1_1_ap_fixed_ap_fixed_255_33' <Predicate = (!icmp_ln108)> <Delay = 0.00>
ST_1 : Operation 33 [1/1] (0.00ns)   --->   "%conv2_ap_fixed_255_255_ap_fixed_64_1_1_ap_fixed_ap_fixed_255_34 = getelementptr i32 %conv2_ap_fixed_255_255_ap_fixed_64_1_1_ap_fixed_ap_fixed_255_5, i64 0, i64 %zext_ln111" [src/conv2.cpp:111->src/conv2.cpp:51]   --->   Operation 33 'getelementptr' 'conv2_ap_fixed_255_255_ap_fixed_64_1_1_ap_fixed_ap_fixed_255_34' <Predicate = (!icmp_ln108)> <Delay = 0.00>
ST_1 : Operation 34 [1/1] (0.00ns)   --->   "%conv2_ap_fixed_255_255_ap_fixed_64_1_1_ap_fixed_ap_fixed_255_35 = getelementptr i32 %conv2_ap_fixed_255_255_ap_fixed_64_1_1_ap_fixed_ap_fixed_255_4, i64 0, i64 %zext_ln111" [src/conv2.cpp:111->src/conv2.cpp:51]   --->   Operation 34 'getelementptr' 'conv2_ap_fixed_255_255_ap_fixed_64_1_1_ap_fixed_ap_fixed_255_35' <Predicate = (!icmp_ln108)> <Delay = 0.00>
ST_1 : Operation 35 [1/1] (0.00ns)   --->   "%conv2_ap_fixed_255_255_ap_fixed_64_1_1_ap_fixed_ap_fixed_255_36 = getelementptr i32 %conv2_ap_fixed_255_255_ap_fixed_64_1_1_ap_fixed_ap_fixed_255_3, i64 0, i64 %zext_ln111" [src/conv2.cpp:111->src/conv2.cpp:51]   --->   Operation 35 'getelementptr' 'conv2_ap_fixed_255_255_ap_fixed_64_1_1_ap_fixed_ap_fixed_255_36' <Predicate = (!icmp_ln108)> <Delay = 0.00>
ST_1 : Operation 36 [1/1] (0.00ns)   --->   "%conv2_ap_fixed_255_255_ap_fixed_64_1_1_ap_fixed_ap_fixed_255_37 = getelementptr i32 %conv2_ap_fixed_255_255_ap_fixed_64_1_1_ap_fixed_ap_fixed_255_2, i64 0, i64 %zext_ln111" [src/conv2.cpp:111->src/conv2.cpp:51]   --->   Operation 36 'getelementptr' 'conv2_ap_fixed_255_255_ap_fixed_64_1_1_ap_fixed_ap_fixed_255_37' <Predicate = (!icmp_ln108)> <Delay = 0.00>
ST_1 : Operation 37 [1/1] (0.00ns)   --->   "%conv2_ap_fixed_255_255_ap_fixed_64_1_1_ap_fixed_ap_fixed_255_38 = getelementptr i32 %conv2_ap_fixed_255_255_ap_fixed_64_1_1_ap_fixed_ap_fixed_255_1, i64 0, i64 %zext_ln111" [src/conv2.cpp:111->src/conv2.cpp:51]   --->   Operation 37 'getelementptr' 'conv2_ap_fixed_255_255_ap_fixed_64_1_1_ap_fixed_ap_fixed_255_38' <Predicate = (!icmp_ln108)> <Delay = 0.00>
ST_1 : Operation 38 [1/1] (0.00ns)   --->   "%conv2_ap_fixed_255_255_ap_fixed_64_1_1_ap_fixed_ap_fixed_255_39 = getelementptr i32 %conv2_mulmulmulmulap_fixed_255_255_ap_fixed_64_1_1_ap_fixed_ap_fixed_255, i64 0, i64 %zext_ln111" [src/conv2.cpp:111->src/conv2.cpp:51]   --->   Operation 38 'getelementptr' 'conv2_ap_fixed_255_255_ap_fixed_64_1_1_ap_fixed_ap_fixed_255_39' <Predicate = (!icmp_ln108)> <Delay = 0.00>
ST_1 : Operation 39 [2/2] (1.23ns)   --->   "%conv2_ap_fixed_255_255_ap_fixed_64_1_1_ap_fixed_ap_fixed_255_40 = load i8 %conv2_ap_fixed_255_255_ap_fixed_64_1_1_ap_fixed_ap_fixed_255_30" [src/conv2.cpp:111->src/conv2.cpp:51]   --->   Operation 39 'load' 'conv2_ap_fixed_255_255_ap_fixed_64_1_1_ap_fixed_ap_fixed_255_40' <Predicate = (!icmp_ln108)> <Delay = 1.23> <CoreInst = "RAM">   --->   Core 83 'RAM' <Latency = 1> <II = 1> <Delay = 1.23> <Storage> <Opcode : 'load' 'store'> <Ports = 2> <Width = 32> <Depth = 204> <RAM>
ST_1 : Operation 40 [2/2] (1.23ns)   --->   "%conv2_ap_fixed_255_255_ap_fixed_64_1_1_ap_fixed_ap_fixed_255_41 = load i8 %conv2_ap_fixed_255_255_ap_fixed_64_1_1_ap_fixed_ap_fixed_255_34" [src/conv2.cpp:111->src/conv2.cpp:51]   --->   Operation 40 'load' 'conv2_ap_fixed_255_255_ap_fixed_64_1_1_ap_fixed_ap_fixed_255_41' <Predicate = (!icmp_ln108)> <Delay = 1.23> <CoreInst = "RAM">   --->   Core 83 'RAM' <Latency = 1> <II = 1> <Delay = 1.23> <Storage> <Opcode : 'load' 'store'> <Ports = 2> <Width = 32> <Depth = 204> <RAM>
ST_1 : Operation 41 [2/2] (1.23ns)   --->   "%conv2_ap_fixed_255_255_ap_fixed_64_1_1_ap_fixed_ap_fixed_255_42 = load i8 %conv2_ap_fixed_255_255_ap_fixed_64_1_1_ap_fixed_ap_fixed_255_35" [src/conv2.cpp:111->src/conv2.cpp:51]   --->   Operation 41 'load' 'conv2_ap_fixed_255_255_ap_fixed_64_1_1_ap_fixed_ap_fixed_255_42' <Predicate = (!icmp_ln108)> <Delay = 1.23> <CoreInst = "RAM">   --->   Core 83 'RAM' <Latency = 1> <II = 1> <Delay = 1.23> <Storage> <Opcode : 'load' 'store'> <Ports = 2> <Width = 32> <Depth = 204> <RAM>
ST_1 : Operation 42 [2/2] (1.23ns)   --->   "%conv2_ap_fixed_255_255_ap_fixed_64_1_1_ap_fixed_ap_fixed_255_43 = load i8 %conv2_ap_fixed_255_255_ap_fixed_64_1_1_ap_fixed_ap_fixed_255_36" [src/conv2.cpp:111->src/conv2.cpp:51]   --->   Operation 42 'load' 'conv2_ap_fixed_255_255_ap_fixed_64_1_1_ap_fixed_ap_fixed_255_43' <Predicate = (!icmp_ln108)> <Delay = 1.23> <CoreInst = "RAM">   --->   Core 83 'RAM' <Latency = 1> <II = 1> <Delay = 1.23> <Storage> <Opcode : 'load' 'store'> <Ports = 2> <Width = 32> <Depth = 204> <RAM>
ST_1 : Operation 43 [2/2] (1.23ns)   --->   "%conv2_ap_fixed_255_255_ap_fixed_64_1_1_ap_fixed_ap_fixed_255_44 = load i8 %conv2_ap_fixed_255_255_ap_fixed_64_1_1_ap_fixed_ap_fixed_255_37" [src/conv2.cpp:111->src/conv2.cpp:51]   --->   Operation 43 'load' 'conv2_ap_fixed_255_255_ap_fixed_64_1_1_ap_fixed_ap_fixed_255_44' <Predicate = (!icmp_ln108)> <Delay = 1.23> <CoreInst = "RAM">   --->   Core 83 'RAM' <Latency = 1> <II = 1> <Delay = 1.23> <Storage> <Opcode : 'load' 'store'> <Ports = 2> <Width = 32> <Depth = 204> <RAM>
ST_1 : Operation 44 [2/2] (1.23ns)   --->   "%conv2_ap_fixed_255_255_ap_fixed_64_1_1_ap_fixed_ap_fixed_255_45 = load i8 %conv2_ap_fixed_255_255_ap_fixed_64_1_1_ap_fixed_ap_fixed_255_38" [src/conv2.cpp:111->src/conv2.cpp:51]   --->   Operation 44 'load' 'conv2_ap_fixed_255_255_ap_fixed_64_1_1_ap_fixed_ap_fixed_255_45' <Predicate = (!icmp_ln108)> <Delay = 1.23> <CoreInst = "RAM">   --->   Core 83 'RAM' <Latency = 1> <II = 1> <Delay = 1.23> <Storage> <Opcode : 'load' 'store'> <Ports = 2> <Width = 32> <Depth = 204> <RAM>
ST_1 : Operation 45 [2/2] (1.23ns)   --->   "%conv2_ap_fixed_255_255_ap_fixed_64_1_1_ap_fixed_ap_fixed_255_46 = load i8 %conv2_ap_fixed_255_255_ap_fixed_64_1_1_ap_fixed_ap_fixed_255_39" [src/conv2.cpp:111->src/conv2.cpp:51]   --->   Operation 45 'load' 'conv2_ap_fixed_255_255_ap_fixed_64_1_1_ap_fixed_ap_fixed_255_46' <Predicate = (!icmp_ln108)> <Delay = 1.23> <CoreInst = "RAM">   --->   Core 83 'RAM' <Latency = 1> <II = 1> <Delay = 1.23> <Storage> <Opcode : 'load' 'store'> <Ports = 2> <Width = 32> <Depth = 204> <RAM>
ST_1 : Operation 46 [2/2] (1.23ns)   --->   "%conv2_ap_fixed_255_255_ap_fixed_64_1_1_ap_fixed_ap_fixed_255_47 = load i8 %conv2_ap_fixed_255_255_ap_fixed_64_1_1_ap_fixed_ap_fixed_255_31" [src/conv2.cpp:111->src/conv2.cpp:51]   --->   Operation 46 'load' 'conv2_ap_fixed_255_255_ap_fixed_64_1_1_ap_fixed_ap_fixed_255_47' <Predicate = (!icmp_ln108)> <Delay = 1.23> <CoreInst = "RAM">   --->   Core 83 'RAM' <Latency = 1> <II = 1> <Delay = 1.23> <Storage> <Opcode : 'load' 'store'> <Ports = 2> <Width = 32> <Depth = 204> <RAM>
ST_1 : Operation 47 [2/2] (1.23ns)   --->   "%conv2_ap_fixed_255_255_ap_fixed_64_1_1_ap_fixed_ap_fixed_255_48 = load i8 %conv2_ap_fixed_255_255_ap_fixed_64_1_1_ap_fixed_ap_fixed_255_32" [src/conv2.cpp:111->src/conv2.cpp:51]   --->   Operation 47 'load' 'conv2_ap_fixed_255_255_ap_fixed_64_1_1_ap_fixed_ap_fixed_255_48' <Predicate = (!icmp_ln108)> <Delay = 1.23> <CoreInst = "RAM">   --->   Core 83 'RAM' <Latency = 1> <II = 1> <Delay = 1.23> <Storage> <Opcode : 'load' 'store'> <Ports = 2> <Width = 32> <Depth = 204> <RAM>
ST_1 : Operation 48 [2/2] (1.23ns)   --->   "%conv2_ap_fixed_255_255_ap_fixed_64_1_1_ap_fixed_ap_fixed_255_49 = load i8 %conv2_ap_fixed_255_255_ap_fixed_64_1_1_ap_fixed_ap_fixed_255_33" [src/conv2.cpp:111->src/conv2.cpp:51]   --->   Operation 48 'load' 'conv2_ap_fixed_255_255_ap_fixed_64_1_1_ap_fixed_ap_fixed_255_49' <Predicate = (!icmp_ln108)> <Delay = 1.23> <CoreInst = "RAM">   --->   Core 83 'RAM' <Latency = 1> <II = 1> <Delay = 1.23> <Storage> <Opcode : 'load' 'store'> <Ports = 2> <Width = 32> <Depth = 204> <RAM>
ST_1 : Operation 49 [2/2] (1.23ns)   --->   "%p_ZZ5conv2PA255_A255_8ap_fixedILi32ELi3EL9ap_q_mode5EL9ap_o_mode3ELi0EEPA64_A1_A1_560 = load i8 %p_ZZ5conv2PA255_A255_8ap_fixedILi32ELi3EL9ap_q_mode5EL9ap_o_mode3ELi0EEPA64_A1_A1_555" [src/conv2.cpp:111->src/conv2.cpp:51]   --->   Operation 49 'load' 'p_ZZ5conv2PA255_A255_8ap_fixedILi32ELi3EL9ap_q_mode5EL9ap_o_mode3ELi0EEPA64_A1_A1_560' <Predicate = (!icmp_ln108)> <Delay = 1.23> <CoreInst = "RAM">   --->   Core 83 'RAM' <Latency = 1> <II = 1> <Delay = 1.23> <Storage> <Opcode : 'load' 'store'> <Ports = 2> <Width = 32> <Depth = 204> <RAM>
ST_1 : Operation 50 [2/2] (1.23ns)   --->   "%p_ZZ5conv2PA255_A255_8ap_fixedILi32ELi3EL9ap_q_mode5EL9ap_o_mode3ELi0EEPA64_A1_A1_561 = load i8 %p_ZZ5conv2PA255_A255_8ap_fixedILi32ELi3EL9ap_q_mode5EL9ap_o_mode3ELi0EEPA64_A1_A1_556" [src/conv2.cpp:111->src/conv2.cpp:51]   --->   Operation 50 'load' 'p_ZZ5conv2PA255_A255_8ap_fixedILi32ELi3EL9ap_q_mode5EL9ap_o_mode3ELi0EEPA64_A1_A1_561' <Predicate = (!icmp_ln108)> <Delay = 1.23> <CoreInst = "RAM">   --->   Core 83 'RAM' <Latency = 1> <II = 1> <Delay = 1.23> <Storage> <Opcode : 'load' 'store'> <Ports = 2> <Width = 32> <Depth = 204> <RAM>
ST_1 : Operation 51 [2/2] (1.23ns)   --->   "%p_ZZ5conv2PA255_A255_8ap_fixedILi32ELi3EL9ap_q_mode5EL9ap_o_mode3ELi0EEPA64_A1_A1_562 = load i8 %p_ZZ5conv2PA255_A255_8ap_fixedILi32ELi3EL9ap_q_mode5EL9ap_o_mode3ELi0EEPA64_A1_A1_557" [src/conv2.cpp:111->src/conv2.cpp:51]   --->   Operation 51 'load' 'p_ZZ5conv2PA255_A255_8ap_fixedILi32ELi3EL9ap_q_mode5EL9ap_o_mode3ELi0EEPA64_A1_A1_562' <Predicate = (!icmp_ln108)> <Delay = 1.23> <CoreInst = "RAM">   --->   Core 83 'RAM' <Latency = 1> <II = 1> <Delay = 1.23> <Storage> <Opcode : 'load' 'store'> <Ports = 2> <Width = 32> <Depth = 204> <RAM>
ST_1 : Operation 52 [2/2] (1.23ns)   --->   "%p_ZZ5conv2PA255_A255_8ap_fixedILi32ELi3EL9ap_q_mode5EL9ap_o_mode3ELi0EEPA64_A1_A1_563 = load i8 %p_ZZ5conv2PA255_A255_8ap_fixedILi32ELi3EL9ap_q_mode5EL9ap_o_mode3ELi0EEPA64_A1_A1_558" [src/conv2.cpp:111->src/conv2.cpp:51]   --->   Operation 52 'load' 'p_ZZ5conv2PA255_A255_8ap_fixedILi32ELi3EL9ap_q_mode5EL9ap_o_mode3ELi0EEPA64_A1_A1_563' <Predicate = (!icmp_ln108)> <Delay = 1.23> <CoreInst = "RAM">   --->   Core 83 'RAM' <Latency = 1> <II = 1> <Delay = 1.23> <Storage> <Opcode : 'load' 'store'> <Ports = 2> <Width = 32> <Depth = 204> <RAM>
ST_1 : Operation 53 [2/2] (1.23ns)   --->   "%p_ZZ5conv2PA255_A255_8ap_fixedILi32ELi3EL9ap_q_mode5EL9ap_o_mode3ELi0EEPA64_A1_A1_564 = load i8 %p_ZZ5conv2PA255_A255_8ap_fixedILi32ELi3EL9ap_q_mode5EL9ap_o_mode3ELi0EEPA64_A1_A1_559" [src/conv2.cpp:111->src/conv2.cpp:51]   --->   Operation 53 'load' 'p_ZZ5conv2PA255_A255_8ap_fixedILi32ELi3EL9ap_q_mode5EL9ap_o_mode3ELi0EEPA64_A1_A1_564' <Predicate = (!icmp_ln108)> <Delay = 1.23> <CoreInst = "RAM">   --->   Core 83 'RAM' <Latency = 1> <II = 1> <Delay = 1.23> <Storage> <Opcode : 'load' 'store'> <Ports = 2> <Width = 32> <Depth = 204> <RAM>
ST_1 : Operation 121 [1/1] (0.00ns)   --->   "%ret_ln0 = ret"   --->   Operation 121 'ret' 'ret_ln0' <Predicate = (icmp_ln108)> <Delay = 0.00>

State 2 <SV = 1> <Delay = 4.45>
ST_2 : Operation 54 [1/1] (0.00ns)   --->   "%phi_mul_load = load i17 %phi_mul" [src/conv2.cpp:108->src/conv2.cpp:51]   --->   Operation 54 'load' 'phi_mul_load' <Predicate = true> <Delay = 0.00>
ST_2 : Operation 55 [1/1] (0.00ns)   --->   "%specpipeline_ln109 = specpipeline void @_ssdm_op_SpecPipeline, i32 2, i32 0, i32 0, i32 0, void @empty_2" [src/conv2.cpp:109->src/conv2.cpp:51]   --->   Operation 55 'specpipeline' 'specpipeline_ln109' <Predicate = true> <Delay = 0.00>
ST_2 : Operation 56 [1/1] (0.00ns)   --->   "%speclooptripcount_ln108 = speclooptripcount void @_ssdm_op_SpecLoopTripCount, i64 255, i64 255, i64 255" [src/conv2.cpp:108->src/conv2.cpp:51]   --->   Operation 56 'speclooptripcount' 'speclooptripcount_ln108' <Predicate = true> <Delay = 0.00>
ST_2 : Operation 57 [1/1] (0.00ns)   --->   "%specloopname_ln108 = specloopname void @_ssdm_op_SpecLoopName, void @empty_5" [src/conv2.cpp:108->src/conv2.cpp:51]   --->   Operation 57 'specloopname' 'specloopname_ln108' <Predicate = true> <Delay = 0.00>
ST_2 : Operation 58 [1/1] (0.86ns)   --->   "%add_ln108_3 = add i17 %phi_mul_load, i17 482" [src/conv2.cpp:108->src/conv2.cpp:51]   --->   Operation 58 'add' 'add_ln108_3' <Predicate = true> <Delay = 0.86> <CoreInst = "Adder">   --->   Core 1 'Adder' <Latency = 0> <II = 1> <Delay = 0.86> <FuncUnit> <Opcode : 'add' 'sub'> <InPorts = 2> <OutPorts = 1>
ST_2 : Operation 59 [1/1] (0.00ns)   --->   "%trunc_ln = partselect i4 @_ssdm_op_PartSelect.i4.i17.i32.i32, i17 %phi_mul_load, i32 13, i32 16" [src/conv2.cpp:108->src/conv2.cpp:51]   --->   Operation 59 'partselect' 'trunc_ln' <Predicate = true> <Delay = 0.00>
ST_2 : Operation 60 [1/2] (1.23ns)   --->   "%conv2_ap_fixed_255_255_ap_fixed_64_1_1_ap_fixed_ap_fixed_255_40 = load i8 %conv2_ap_fixed_255_255_ap_fixed_64_1_1_ap_fixed_ap_fixed_255_30" [src/conv2.cpp:111->src/conv2.cpp:51]   --->   Operation 60 'load' 'conv2_ap_fixed_255_255_ap_fixed_64_1_1_ap_fixed_ap_fixed_255_40' <Predicate = true> <Delay = 1.23> <CoreInst = "RAM">   --->   Core 83 'RAM' <Latency = 1> <II = 1> <Delay = 1.23> <Storage> <Opcode : 'load' 'store'> <Ports = 2> <Width = 32> <Depth = 204> <RAM>
ST_2 : Operation 61 [1/2] (1.23ns)   --->   "%conv2_ap_fixed_255_255_ap_fixed_64_1_1_ap_fixed_ap_fixed_255_41 = load i8 %conv2_ap_fixed_255_255_ap_fixed_64_1_1_ap_fixed_ap_fixed_255_34" [src/conv2.cpp:111->src/conv2.cpp:51]   --->   Operation 61 'load' 'conv2_ap_fixed_255_255_ap_fixed_64_1_1_ap_fixed_ap_fixed_255_41' <Predicate = true> <Delay = 1.23> <CoreInst = "RAM">   --->   Core 83 'RAM' <Latency = 1> <II = 1> <Delay = 1.23> <Storage> <Opcode : 'load' 'store'> <Ports = 2> <Width = 32> <Depth = 204> <RAM>
ST_2 : Operation 62 [1/2] (1.23ns)   --->   "%conv2_ap_fixed_255_255_ap_fixed_64_1_1_ap_fixed_ap_fixed_255_42 = load i8 %conv2_ap_fixed_255_255_ap_fixed_64_1_1_ap_fixed_ap_fixed_255_35" [src/conv2.cpp:111->src/conv2.cpp:51]   --->   Operation 62 'load' 'conv2_ap_fixed_255_255_ap_fixed_64_1_1_ap_fixed_ap_fixed_255_42' <Predicate = true> <Delay = 1.23> <CoreInst = "RAM">   --->   Core 83 'RAM' <Latency = 1> <II = 1> <Delay = 1.23> <Storage> <Opcode : 'load' 'store'> <Ports = 2> <Width = 32> <Depth = 204> <RAM>
ST_2 : Operation 63 [1/2] (1.23ns)   --->   "%conv2_ap_fixed_255_255_ap_fixed_64_1_1_ap_fixed_ap_fixed_255_43 = load i8 %conv2_ap_fixed_255_255_ap_fixed_64_1_1_ap_fixed_ap_fixed_255_36" [src/conv2.cpp:111->src/conv2.cpp:51]   --->   Operation 63 'load' 'conv2_ap_fixed_255_255_ap_fixed_64_1_1_ap_fixed_ap_fixed_255_43' <Predicate = true> <Delay = 1.23> <CoreInst = "RAM">   --->   Core 83 'RAM' <Latency = 1> <II = 1> <Delay = 1.23> <Storage> <Opcode : 'load' 'store'> <Ports = 2> <Width = 32> <Depth = 204> <RAM>
ST_2 : Operation 64 [1/2] (1.23ns)   --->   "%conv2_ap_fixed_255_255_ap_fixed_64_1_1_ap_fixed_ap_fixed_255_44 = load i8 %conv2_ap_fixed_255_255_ap_fixed_64_1_1_ap_fixed_ap_fixed_255_37" [src/conv2.cpp:111->src/conv2.cpp:51]   --->   Operation 64 'load' 'conv2_ap_fixed_255_255_ap_fixed_64_1_1_ap_fixed_ap_fixed_255_44' <Predicate = true> <Delay = 1.23> <CoreInst = "RAM">   --->   Core 83 'RAM' <Latency = 1> <II = 1> <Delay = 1.23> <Storage> <Opcode : 'load' 'store'> <Ports = 2> <Width = 32> <Depth = 204> <RAM>
ST_2 : Operation 65 [1/2] (1.23ns)   --->   "%conv2_ap_fixed_255_255_ap_fixed_64_1_1_ap_fixed_ap_fixed_255_45 = load i8 %conv2_ap_fixed_255_255_ap_fixed_64_1_1_ap_fixed_ap_fixed_255_38" [src/conv2.cpp:111->src/conv2.cpp:51]   --->   Operation 65 'load' 'conv2_ap_fixed_255_255_ap_fixed_64_1_1_ap_fixed_ap_fixed_255_45' <Predicate = true> <Delay = 1.23> <CoreInst = "RAM">   --->   Core 83 'RAM' <Latency = 1> <II = 1> <Delay = 1.23> <Storage> <Opcode : 'load' 'store'> <Ports = 2> <Width = 32> <Depth = 204> <RAM>
ST_2 : Operation 66 [1/2] (1.23ns)   --->   "%conv2_ap_fixed_255_255_ap_fixed_64_1_1_ap_fixed_ap_fixed_255_46 = load i8 %conv2_ap_fixed_255_255_ap_fixed_64_1_1_ap_fixed_ap_fixed_255_39" [src/conv2.cpp:111->src/conv2.cpp:51]   --->   Operation 66 'load' 'conv2_ap_fixed_255_255_ap_fixed_64_1_1_ap_fixed_ap_fixed_255_46' <Predicate = true> <Delay = 1.23> <CoreInst = "RAM">   --->   Core 83 'RAM' <Latency = 1> <II = 1> <Delay = 1.23> <Storage> <Opcode : 'load' 'store'> <Ports = 2> <Width = 32> <Depth = 204> <RAM>
ST_2 : Operation 67 [1/2] (1.23ns)   --->   "%conv2_ap_fixed_255_255_ap_fixed_64_1_1_ap_fixed_ap_fixed_255_47 = load i8 %conv2_ap_fixed_255_255_ap_fixed_64_1_1_ap_fixed_ap_fixed_255_31" [src/conv2.cpp:111->src/conv2.cpp:51]   --->   Operation 67 'load' 'conv2_ap_fixed_255_255_ap_fixed_64_1_1_ap_fixed_ap_fixed_255_47' <Predicate = true> <Delay = 1.23> <CoreInst = "RAM">   --->   Core 83 'RAM' <Latency = 1> <II = 1> <Delay = 1.23> <Storage> <Opcode : 'load' 'store'> <Ports = 2> <Width = 32> <Depth = 204> <RAM>
ST_2 : Operation 68 [1/2] (1.23ns)   --->   "%conv2_ap_fixed_255_255_ap_fixed_64_1_1_ap_fixed_ap_fixed_255_48 = load i8 %conv2_ap_fixed_255_255_ap_fixed_64_1_1_ap_fixed_ap_fixed_255_32" [src/conv2.cpp:111->src/conv2.cpp:51]   --->   Operation 68 'load' 'conv2_ap_fixed_255_255_ap_fixed_64_1_1_ap_fixed_ap_fixed_255_48' <Predicate = true> <Delay = 1.23> <CoreInst = "RAM">   --->   Core 83 'RAM' <Latency = 1> <II = 1> <Delay = 1.23> <Storage> <Opcode : 'load' 'store'> <Ports = 2> <Width = 32> <Depth = 204> <RAM>
ST_2 : Operation 69 [1/2] (1.23ns)   --->   "%conv2_ap_fixed_255_255_ap_fixed_64_1_1_ap_fixed_ap_fixed_255_49 = load i8 %conv2_ap_fixed_255_255_ap_fixed_64_1_1_ap_fixed_ap_fixed_255_33" [src/conv2.cpp:111->src/conv2.cpp:51]   --->   Operation 69 'load' 'conv2_ap_fixed_255_255_ap_fixed_64_1_1_ap_fixed_ap_fixed_255_49' <Predicate = true> <Delay = 1.23> <CoreInst = "RAM">   --->   Core 83 'RAM' <Latency = 1> <II = 1> <Delay = 1.23> <Storage> <Opcode : 'load' 'store'> <Ports = 2> <Width = 32> <Depth = 204> <RAM>
ST_2 : Operation 70 [1/2] (1.23ns)   --->   "%p_ZZ5conv2PA255_A255_8ap_fixedILi32ELi3EL9ap_q_mode5EL9ap_o_mode3ELi0EEPA64_A1_A1_560 = load i8 %p_ZZ5conv2PA255_A255_8ap_fixedILi32ELi3EL9ap_q_mode5EL9ap_o_mode3ELi0EEPA64_A1_A1_555" [src/conv2.cpp:111->src/conv2.cpp:51]   --->   Operation 70 'load' 'p_ZZ5conv2PA255_A255_8ap_fixedILi32ELi3EL9ap_q_mode5EL9ap_o_mode3ELi0EEPA64_A1_A1_560' <Predicate = true> <Delay = 1.23> <CoreInst = "RAM">   --->   Core 83 'RAM' <Latency = 1> <II = 1> <Delay = 1.23> <Storage> <Opcode : 'load' 'store'> <Ports = 2> <Width = 32> <Depth = 204> <RAM>
ST_2 : Operation 71 [1/2] (1.23ns)   --->   "%p_ZZ5conv2PA255_A255_8ap_fixedILi32ELi3EL9ap_q_mode5EL9ap_o_mode3ELi0EEPA64_A1_A1_561 = load i8 %p_ZZ5conv2PA255_A255_8ap_fixedILi32ELi3EL9ap_q_mode5EL9ap_o_mode3ELi0EEPA64_A1_A1_556" [src/conv2.cpp:111->src/conv2.cpp:51]   --->   Operation 71 'load' 'p_ZZ5conv2PA255_A255_8ap_fixedILi32ELi3EL9ap_q_mode5EL9ap_o_mode3ELi0EEPA64_A1_A1_561' <Predicate = true> <Delay = 1.23> <CoreInst = "RAM">   --->   Core 83 'RAM' <Latency = 1> <II = 1> <Delay = 1.23> <Storage> <Opcode : 'load' 'store'> <Ports = 2> <Width = 32> <Depth = 204> <RAM>
ST_2 : Operation 72 [1/2] (1.23ns)   --->   "%p_ZZ5conv2PA255_A255_8ap_fixedILi32ELi3EL9ap_q_mode5EL9ap_o_mode3ELi0EEPA64_A1_A1_562 = load i8 %p_ZZ5conv2PA255_A255_8ap_fixedILi32ELi3EL9ap_q_mode5EL9ap_o_mode3ELi0EEPA64_A1_A1_557" [src/conv2.cpp:111->src/conv2.cpp:51]   --->   Operation 72 'load' 'p_ZZ5conv2PA255_A255_8ap_fixedILi32ELi3EL9ap_q_mode5EL9ap_o_mode3ELi0EEPA64_A1_A1_562' <Predicate = true> <Delay = 1.23> <CoreInst = "RAM">   --->   Core 83 'RAM' <Latency = 1> <II = 1> <Delay = 1.23> <Storage> <Opcode : 'load' 'store'> <Ports = 2> <Width = 32> <Depth = 204> <RAM>
ST_2 : Operation 73 [1/2] (1.23ns)   --->   "%p_ZZ5conv2PA255_A255_8ap_fixedILi32ELi3EL9ap_q_mode5EL9ap_o_mode3ELi0EEPA64_A1_A1_563 = load i8 %p_ZZ5conv2PA255_A255_8ap_fixedILi32ELi3EL9ap_q_mode5EL9ap_o_mode3ELi0EEPA64_A1_A1_558" [src/conv2.cpp:111->src/conv2.cpp:51]   --->   Operation 73 'load' 'p_ZZ5conv2PA255_A255_8ap_fixedILi32ELi3EL9ap_q_mode5EL9ap_o_mode3ELi0EEPA64_A1_A1_563' <Predicate = true> <Delay = 1.23> <CoreInst = "RAM">   --->   Core 83 'RAM' <Latency = 1> <II = 1> <Delay = 1.23> <Storage> <Opcode : 'load' 'store'> <Ports = 2> <Width = 32> <Depth = 204> <RAM>
ST_2 : Operation 74 [1/2] (1.23ns)   --->   "%p_ZZ5conv2PA255_A255_8ap_fixedILi32ELi3EL9ap_q_mode5EL9ap_o_mode3ELi0EEPA64_A1_A1_564 = load i8 %p_ZZ5conv2PA255_A255_8ap_fixedILi32ELi3EL9ap_q_mode5EL9ap_o_mode3ELi0EEPA64_A1_A1_559" [src/conv2.cpp:111->src/conv2.cpp:51]   --->   Operation 74 'load' 'p_ZZ5conv2PA255_A255_8ap_fixedILi32ELi3EL9ap_q_mode5EL9ap_o_mode3ELi0EEPA64_A1_A1_564' <Predicate = true> <Delay = 1.23> <CoreInst = "RAM">   --->   Core 83 'RAM' <Latency = 1> <II = 1> <Delay = 1.23> <Storage> <Opcode : 'load' 'store'> <Ports = 2> <Width = 32> <Depth = 204> <RAM>
ST_2 : Operation 75 [1/1] (0.54ns)   --->   "%tmp = mux i32 @_ssdm_op_Mux.ap_auto.15i32.i4, i32 %conv2_ap_fixed_255_255_ap_fixed_64_1_1_ap_fixed_ap_fixed_255_40, i32 %conv2_ap_fixed_255_255_ap_fixed_64_1_1_ap_fixed_ap_fixed_255_41, i32 %conv2_ap_fixed_255_255_ap_fixed_64_1_1_ap_fixed_ap_fixed_255_42, i32 %conv2_ap_fixed_255_255_ap_fixed_64_1_1_ap_fixed_ap_fixed_255_43, i32 %conv2_ap_fixed_255_255_ap_fixed_64_1_1_ap_fixed_ap_fixed_255_44, i32 %conv2_ap_fixed_255_255_ap_fixed_64_1_1_ap_fixed_ap_fixed_255_45, i32 %conv2_ap_fixed_255_255_ap_fixed_64_1_1_ap_fixed_ap_fixed_255_46, i32 %conv2_ap_fixed_255_255_ap_fixed_64_1_1_ap_fixed_ap_fixed_255_47, i32 %conv2_ap_fixed_255_255_ap_fixed_64_1_1_ap_fixed_ap_fixed_255_48, i32 %conv2_ap_fixed_255_255_ap_fixed_64_1_1_ap_fixed_ap_fixed_255_49, i32 %p_ZZ5conv2PA255_A255_8ap_fixedILi32ELi3EL9ap_q_mode5EL9ap_o_mode3ELi0EEPA64_A1_A1_560, i32 %p_ZZ5conv2PA255_A255_8ap_fixedILi32ELi3EL9ap_q_mode5EL9ap_o_mode3ELi0EEPA64_A1_A1_561, i32 %p_ZZ5conv2PA255_A255_8ap_fixedILi32ELi3EL9ap_q_mode5EL9ap_o_mode3ELi0EEPA64_A1_A1_562, i32 %p_ZZ5conv2PA255_A255_8ap_fixedILi32ELi3EL9ap_q_mode5EL9ap_o_mode3ELi0EEPA64_A1_A1_563, i32 %p_ZZ5conv2PA255_A255_8ap_fixedILi32ELi3EL9ap_q_mode5EL9ap_o_mode3ELi0EEPA64_A1_A1_564, i4 %trunc_ln" [src/conv2.cpp:111->src/conv2.cpp:51]   --->   Operation 75 'mux' 'tmp' <Predicate = true> <Delay = 0.54> <CoreInst = "Multiplexer">   --->   Core 76 'Multiplexer' <Latency = 0> <II = 1> <Delay = 0.54> <FuncUnit> <Opcode : 'mux'> <InPorts = 2> <OutPorts = 1>
ST_2 : Operation 76 [1/1] (0.00ns)   --->   "%trunc_ln111 = trunc i32 %tmp" [src/conv2.cpp:111->src/conv2.cpp:51]   --->   Operation 76 'trunc' 'trunc_ln111' <Predicate = true> <Delay = 0.00>
ST_2 : Operation 77 [1/1] (1.01ns)   --->   "%add_ln111 = add i32 %tmp, i32 %sext_ln108_cast" [src/conv2.cpp:111->src/conv2.cpp:51]   --->   Operation 77 'add' 'add_ln111' <Predicate = true> <Delay = 1.01> <CoreInst = "Adder">   --->   Core 1 'Adder' <Latency = 0> <II = 1> <Delay = 1.01> <FuncUnit> <Opcode : 'add' 'sub'> <InPorts = 2> <OutPorts = 1>
ST_2 : Operation 78 [1/1] (1.00ns)   --->   "%add_ln113 = add i31 %trunc_ln111, i31 %sext_ln111_cast" [src/conv2.cpp:113->src/conv2.cpp:51]   --->   Operation 78 'add' 'add_ln113' <Predicate = true> <Delay = 1.00> <CoreInst = "Adder">   --->   Core 1 'Adder' <Latency = 0> <II = 1> <Delay = 1.00> <FuncUnit> <Opcode : 'add' 'sub'> <InPorts = 2> <OutPorts = 1>
ST_2 : Operation 79 [1/1] (0.00ns)   --->   "%tmp_107 = bitselect i1 @_ssdm_op_BitSelect.i1.i32.i32, i32 %add_ln111, i32 31" [src/conv2.cpp:113->src/conv2.cpp:51]   --->   Operation 79 'bitselect' 'tmp_107' <Predicate = true> <Delay = 0.00>
ST_2 : Operation 80 [1/1] (0.41ns)   --->   "%select_ln113 = select i1 %tmp_107, i31 0, i31 %add_ln113" [src/conv2.cpp:113->src/conv2.cpp:51]   --->   Operation 80 'select' 'select_ln113' <Predicate = true> <Delay = 0.41> <CoreInst = "Sel">   --->   Core 73 'Sel' <Latency = 0> <II = 1> <Delay = 0.41> <FuncUnit> <Opcode : 'select'> <InPorts = 3> <OutPorts = 1>
ST_2 : Operation 81 [1/1] (0.00ns)   --->   "%select_ln113_cast = zext i31 %select_ln113" [src/conv2.cpp:113->src/conv2.cpp:51]   --->   Operation 81 'zext' 'select_ln113_cast' <Predicate = true> <Delay = 0.00>
ST_2 : Operation 82 [1/1] (0.74ns)   --->   "%switch_ln108 = switch i4 %trunc_ln, void %V32.i.i.i46.0.i.case.14, i4 0, void %V32.i.i.i46.0.i.case.0, i4 1, void %V32.i.i.i46.0.i.case.1, i4 2, void %V32.i.i.i46.0.i.case.2, i4 3, void %V32.i.i.i46.0.i.case.3, i4 4, void %V32.i.i.i46.0.i.case.4, i4 5, void %V32.i.i.i46.0.i.case.5, i4 6, void %V32.i.i.i46.0.i.case.6, i4 7, void %V32.i.i.i46.0.i.case.7, i4 8, void %V32.i.i.i46.0.i.case.8, i4 9, void %V32.i.i.i46.0.i.case.9, i4 10, void %V32.i.i.i46.0.i.case.10, i4 11, void %V32.i.i.i46.0.i.case.11, i4 12, void %V32.i.i.i46.0.i.case.12, i4 13, void %V32.i.i.i46.0.i.case.13" [src/conv2.cpp:108->src/conv2.cpp:51]   --->   Operation 82 'switch' 'switch_ln108' <Predicate = true> <Delay = 0.74>
ST_2 : Operation 83 [1/1] (1.23ns)   --->   "%store_ln113 = store i32 %select_ln113_cast, i8 %p_ZZ5conv2PA255_A255_8ap_fixedILi32ELi3EL9ap_q_mode5EL9ap_o_mode3ELi0EEPA64_A1_A1_558" [src/conv2.cpp:113->src/conv2.cpp:51]   --->   Operation 83 'store' 'store_ln113' <Predicate = (trunc_ln == 13)> <Delay = 1.23> <CoreInst = "RAM">   --->   Core 83 'RAM' <Latency = 1> <II = 1> <Delay = 1.23> <Storage> <Opcode : 'load' 'store'> <Ports = 2> <Width = 32> <Depth = 204> <RAM>
ST_2 : Operation 84 [1/1] (0.00ns)   --->   "%br_ln0 = br void %V32.i.i.i46.0.i.exit"   --->   Operation 84 'br' 'br_ln0' <Predicate = (trunc_ln == 13)> <Delay = 0.00>
ST_2 : Operation 85 [1/1] (1.23ns)   --->   "%store_ln113 = store i32 %select_ln113_cast, i8 %p_ZZ5conv2PA255_A255_8ap_fixedILi32ELi3EL9ap_q_mode5EL9ap_o_mode3ELi0EEPA64_A1_A1_557" [src/conv2.cpp:113->src/conv2.cpp:51]   --->   Operation 85 'store' 'store_ln113' <Predicate = (trunc_ln == 12)> <Delay = 1.23> <CoreInst = "RAM">   --->   Core 83 'RAM' <Latency = 1> <II = 1> <Delay = 1.23> <Storage> <Opcode : 'load' 'store'> <Ports = 2> <Width = 32> <Depth = 204> <RAM>
ST_2 : Operation 86 [1/1] (0.00ns)   --->   "%br_ln0 = br void %V32.i.i.i46.0.i.exit"   --->   Operation 86 'br' 'br_ln0' <Predicate = (trunc_ln == 12)> <Delay = 0.00>
ST_2 : Operation 87 [1/1] (1.23ns)   --->   "%store_ln113 = store i32 %select_ln113_cast, i8 %p_ZZ5conv2PA255_A255_8ap_fixedILi32ELi3EL9ap_q_mode5EL9ap_o_mode3ELi0EEPA64_A1_A1_556" [src/conv2.cpp:113->src/conv2.cpp:51]   --->   Operation 87 'store' 'store_ln113' <Predicate = (trunc_ln == 11)> <Delay = 1.23> <CoreInst = "RAM">   --->   Core 83 'RAM' <Latency = 1> <II = 1> <Delay = 1.23> <Storage> <Opcode : 'load' 'store'> <Ports = 2> <Width = 32> <Depth = 204> <RAM>
ST_2 : Operation 88 [1/1] (0.00ns)   --->   "%br_ln0 = br void %V32.i.i.i46.0.i.exit"   --->   Operation 88 'br' 'br_ln0' <Predicate = (trunc_ln == 11)> <Delay = 0.00>
ST_2 : Operation 89 [1/1] (1.23ns)   --->   "%store_ln113 = store i32 %select_ln113_cast, i8 %p_ZZ5conv2PA255_A255_8ap_fixedILi32ELi3EL9ap_q_mode5EL9ap_o_mode3ELi0EEPA64_A1_A1_555" [src/conv2.cpp:113->src/conv2.cpp:51]   --->   Operation 89 'store' 'store_ln113' <Predicate = (trunc_ln == 10)> <Delay = 1.23> <CoreInst = "RAM">   --->   Core 83 'RAM' <Latency = 1> <II = 1> <Delay = 1.23> <Storage> <Opcode : 'load' 'store'> <Ports = 2> <Width = 32> <Depth = 204> <RAM>
ST_2 : Operation 90 [1/1] (0.00ns)   --->   "%br_ln0 = br void %V32.i.i.i46.0.i.exit"   --->   Operation 90 'br' 'br_ln0' <Predicate = (trunc_ln == 10)> <Delay = 0.00>
ST_2 : Operation 91 [1/1] (1.23ns)   --->   "%store_ln113 = store i32 %select_ln113_cast, i8 %conv2_ap_fixed_255_255_ap_fixed_64_1_1_ap_fixed_ap_fixed_255_33" [src/conv2.cpp:113->src/conv2.cpp:51]   --->   Operation 91 'store' 'store_ln113' <Predicate = (trunc_ln == 9)> <Delay = 1.23> <CoreInst = "RAM">   --->   Core 83 'RAM' <Latency = 1> <II = 1> <Delay = 1.23> <Storage> <Opcode : 'load' 'store'> <Ports = 2> <Width = 32> <Depth = 204> <RAM>
ST_2 : Operation 92 [1/1] (0.00ns)   --->   "%br_ln0 = br void %V32.i.i.i46.0.i.exit"   --->   Operation 92 'br' 'br_ln0' <Predicate = (trunc_ln == 9)> <Delay = 0.00>
ST_2 : Operation 93 [1/1] (1.23ns)   --->   "%store_ln113 = store i32 %select_ln113_cast, i8 %conv2_ap_fixed_255_255_ap_fixed_64_1_1_ap_fixed_ap_fixed_255_32" [src/conv2.cpp:113->src/conv2.cpp:51]   --->   Operation 93 'store' 'store_ln113' <Predicate = (trunc_ln == 8)> <Delay = 1.23> <CoreInst = "RAM">   --->   Core 83 'RAM' <Latency = 1> <II = 1> <Delay = 1.23> <Storage> <Opcode : 'load' 'store'> <Ports = 2> <Width = 32> <Depth = 204> <RAM>
ST_2 : Operation 94 [1/1] (0.00ns)   --->   "%br_ln0 = br void %V32.i.i.i46.0.i.exit"   --->   Operation 94 'br' 'br_ln0' <Predicate = (trunc_ln == 8)> <Delay = 0.00>
ST_2 : Operation 95 [1/1] (1.23ns)   --->   "%store_ln113 = store i32 %select_ln113_cast, i8 %conv2_ap_fixed_255_255_ap_fixed_64_1_1_ap_fixed_ap_fixed_255_31" [src/conv2.cpp:113->src/conv2.cpp:51]   --->   Operation 95 'store' 'store_ln113' <Predicate = (trunc_ln == 7)> <Delay = 1.23> <CoreInst = "RAM">   --->   Core 83 'RAM' <Latency = 1> <II = 1> <Delay = 1.23> <Storage> <Opcode : 'load' 'store'> <Ports = 2> <Width = 32> <Depth = 204> <RAM>
ST_2 : Operation 96 [1/1] (0.00ns)   --->   "%br_ln0 = br void %V32.i.i.i46.0.i.exit"   --->   Operation 96 'br' 'br_ln0' <Predicate = (trunc_ln == 7)> <Delay = 0.00>
ST_2 : Operation 97 [1/1] (1.23ns)   --->   "%store_ln113 = store i32 %select_ln113_cast, i8 %conv2_ap_fixed_255_255_ap_fixed_64_1_1_ap_fixed_ap_fixed_255_39" [src/conv2.cpp:113->src/conv2.cpp:51]   --->   Operation 97 'store' 'store_ln113' <Predicate = (trunc_ln == 6)> <Delay = 1.23> <CoreInst = "RAM">   --->   Core 83 'RAM' <Latency = 1> <II = 1> <Delay = 1.23> <Storage> <Opcode : 'load' 'store'> <Ports = 2> <Width = 32> <Depth = 204> <RAM>
ST_2 : Operation 98 [1/1] (0.00ns)   --->   "%br_ln0 = br void %V32.i.i.i46.0.i.exit"   --->   Operation 98 'br' 'br_ln0' <Predicate = (trunc_ln == 6)> <Delay = 0.00>
ST_2 : Operation 99 [1/1] (1.23ns)   --->   "%store_ln113 = store i32 %select_ln113_cast, i8 %conv2_ap_fixed_255_255_ap_fixed_64_1_1_ap_fixed_ap_fixed_255_38" [src/conv2.cpp:113->src/conv2.cpp:51]   --->   Operation 99 'store' 'store_ln113' <Predicate = (trunc_ln == 5)> <Delay = 1.23> <CoreInst = "RAM">   --->   Core 83 'RAM' <Latency = 1> <II = 1> <Delay = 1.23> <Storage> <Opcode : 'load' 'store'> <Ports = 2> <Width = 32> <Depth = 204> <RAM>
ST_2 : Operation 100 [1/1] (0.00ns)   --->   "%br_ln0 = br void %V32.i.i.i46.0.i.exit"   --->   Operation 100 'br' 'br_ln0' <Predicate = (trunc_ln == 5)> <Delay = 0.00>
ST_2 : Operation 101 [1/1] (1.23ns)   --->   "%store_ln113 = store i32 %select_ln113_cast, i8 %conv2_ap_fixed_255_255_ap_fixed_64_1_1_ap_fixed_ap_fixed_255_37" [src/conv2.cpp:113->src/conv2.cpp:51]   --->   Operation 101 'store' 'store_ln113' <Predicate = (trunc_ln == 4)> <Delay = 1.23> <CoreInst = "RAM">   --->   Core 83 'RAM' <Latency = 1> <II = 1> <Delay = 1.23> <Storage> <Opcode : 'load' 'store'> <Ports = 2> <Width = 32> <Depth = 204> <RAM>
ST_2 : Operation 102 [1/1] (0.00ns)   --->   "%br_ln0 = br void %V32.i.i.i46.0.i.exit"   --->   Operation 102 'br' 'br_ln0' <Predicate = (trunc_ln == 4)> <Delay = 0.00>
ST_2 : Operation 103 [1/1] (1.23ns)   --->   "%store_ln113 = store i32 %select_ln113_cast, i8 %conv2_ap_fixed_255_255_ap_fixed_64_1_1_ap_fixed_ap_fixed_255_36" [src/conv2.cpp:113->src/conv2.cpp:51]   --->   Operation 103 'store' 'store_ln113' <Predicate = (trunc_ln == 3)> <Delay = 1.23> <CoreInst = "RAM">   --->   Core 83 'RAM' <Latency = 1> <II = 1> <Delay = 1.23> <Storage> <Opcode : 'load' 'store'> <Ports = 2> <Width = 32> <Depth = 204> <RAM>
ST_2 : Operation 104 [1/1] (0.00ns)   --->   "%br_ln0 = br void %V32.i.i.i46.0.i.exit"   --->   Operation 104 'br' 'br_ln0' <Predicate = (trunc_ln == 3)> <Delay = 0.00>
ST_2 : Operation 105 [1/1] (1.23ns)   --->   "%store_ln113 = store i32 %select_ln113_cast, i8 %conv2_ap_fixed_255_255_ap_fixed_64_1_1_ap_fixed_ap_fixed_255_35" [src/conv2.cpp:113->src/conv2.cpp:51]   --->   Operation 105 'store' 'store_ln113' <Predicate = (trunc_ln == 2)> <Delay = 1.23> <CoreInst = "RAM">   --->   Core 83 'RAM' <Latency = 1> <II = 1> <Delay = 1.23> <Storage> <Opcode : 'load' 'store'> <Ports = 2> <Width = 32> <Depth = 204> <RAM>
ST_2 : Operation 106 [1/1] (0.00ns)   --->   "%br_ln0 = br void %V32.i.i.i46.0.i.exit"   --->   Operation 106 'br' 'br_ln0' <Predicate = (trunc_ln == 2)> <Delay = 0.00>
ST_2 : Operation 107 [1/1] (1.23ns)   --->   "%store_ln113 = store i32 %select_ln113_cast, i8 %conv2_ap_fixed_255_255_ap_fixed_64_1_1_ap_fixed_ap_fixed_255_34" [src/conv2.cpp:113->src/conv2.cpp:51]   --->   Operation 107 'store' 'store_ln113' <Predicate = (trunc_ln == 1)> <Delay = 1.23> <CoreInst = "RAM">   --->   Core 83 'RAM' <Latency = 1> <II = 1> <Delay = 1.23> <Storage> <Opcode : 'load' 'store'> <Ports = 2> <Width = 32> <Depth = 204> <RAM>
ST_2 : Operation 108 [1/1] (0.00ns)   --->   "%br_ln0 = br void %V32.i.i.i46.0.i.exit"   --->   Operation 108 'br' 'br_ln0' <Predicate = (trunc_ln == 1)> <Delay = 0.00>
ST_2 : Operation 109 [1/1] (1.23ns)   --->   "%store_ln113 = store i32 %select_ln113_cast, i8 %conv2_ap_fixed_255_255_ap_fixed_64_1_1_ap_fixed_ap_fixed_255_30" [src/conv2.cpp:113->src/conv2.cpp:51]   --->   Operation 109 'store' 'store_ln113' <Predicate = (trunc_ln == 0)> <Delay = 1.23> <CoreInst = "RAM">   --->   Core 83 'RAM' <Latency = 1> <II = 1> <Delay = 1.23> <Storage> <Opcode : 'load' 'store'> <Ports = 2> <Width = 32> <Depth = 204> <RAM>
ST_2 : Operation 110 [1/1] (0.00ns)   --->   "%br_ln0 = br void %V32.i.i.i46.0.i.exit"   --->   Operation 110 'br' 'br_ln0' <Predicate = (trunc_ln == 0)> <Delay = 0.00>
ST_2 : Operation 111 [1/1] (1.23ns)   --->   "%store_ln113 = store i32 %select_ln113_cast, i8 %p_ZZ5conv2PA255_A255_8ap_fixedILi32ELi3EL9ap_q_mode5EL9ap_o_mode3ELi0EEPA64_A1_A1_559" [src/conv2.cpp:113->src/conv2.cpp:51]   --->   Operation 111 'store' 'store_ln113' <Predicate = (trunc_ln == 15) | (trunc_ln == 14)> <Delay = 1.23> <CoreInst = "RAM">   --->   Core 83 'RAM' <Latency = 1> <II = 1> <Delay = 1.23> <Storage> <Opcode : 'load' 'store'> <Ports = 2> <Width = 32> <Depth = 204> <RAM>
ST_2 : Operation 112 [1/1] (0.00ns)   --->   "%br_ln0 = br void %V32.i.i.i46.0.i.exit"   --->   Operation 112 'br' 'br_ln0' <Predicate = (trunc_ln == 15) | (trunc_ln == 14)> <Delay = 0.00>
ST_2 : Operation 113 [1/1] (0.00ns)   --->   "%phi_urem_load = load i8 %phi_urem" [src/conv2.cpp:108->src/conv2.cpp:51]   --->   Operation 113 'load' 'phi_urem_load' <Predicate = true> <Delay = 0.00>
ST_2 : Operation 114 [1/1] (0.76ns)   --->   "%add_ln108_4 = add i8 %phi_urem_load, i8 1" [src/conv2.cpp:108->src/conv2.cpp:51]   --->   Operation 114 'add' 'add_ln108_4' <Predicate = true> <Delay = 0.76> <CoreInst = "Adder">   --->   Core 1 'Adder' <Latency = 0> <II = 1> <Delay = 0.76> <FuncUnit> <Opcode : 'add' 'sub'> <InPorts = 2> <OutPorts = 1>
ST_2 : Operation 115 [1/1] (0.76ns)   --->   "%icmp_ln108_2 = icmp_ult  i8 %add_ln108_4, i8 17" [src/conv2.cpp:108->src/conv2.cpp:51]   --->   Operation 115 'icmp' 'icmp_ln108_2' <Predicate = true> <Delay = 0.76> <CoreInst = "Cmp">   --->   Core 9 'Cmp' <Latency = 0> <II = 1> <Delay = 0.76> <FuncUnit> <Opcode : 'icmp'> <InPorts = 2> <OutPorts = 1>
ST_2 : Operation 116 [1/1] (0.39ns)   --->   "%select_ln108 = select i1 %icmp_ln108_2, i8 %add_ln108_4, i8 0" [src/conv2.cpp:108->src/conv2.cpp:51]   --->   Operation 116 'select' 'select_ln108' <Predicate = true> <Delay = 0.39> <CoreInst = "Sel">   --->   Core 73 'Sel' <Latency = 0> <II = 1> <Delay = 0.39> <FuncUnit> <Opcode : 'select'> <InPorts = 3> <OutPorts = 1>
ST_2 : Operation 117 [1/1] (0.42ns)   --->   "%store_ln108 = store i8 %add_ln108, i8 %bw" [src/conv2.cpp:108->src/conv2.cpp:51]   --->   Operation 117 'store' 'store_ln108' <Predicate = true> <Delay = 0.42>
ST_2 : Operation 118 [1/1] (0.42ns)   --->   "%store_ln108 = store i17 %add_ln108_3, i17 %phi_mul" [src/conv2.cpp:108->src/conv2.cpp:51]   --->   Operation 118 'store' 'store_ln108' <Predicate = true> <Delay = 0.42>
ST_2 : Operation 119 [1/1] (0.42ns)   --->   "%store_ln108 = store i8 %select_ln108, i8 %phi_urem" [src/conv2.cpp:108->src/conv2.cpp:51]   --->   Operation 119 'store' 'store_ln108' <Predicate = true> <Delay = 0.42>
ST_2 : Operation 120 [1/1] (0.00ns)   --->   "%br_ln108 = br void %for.body8.0.i" [src/conv2.cpp:108->src/conv2.cpp:51]   --->   Operation 120 'br' 'br_ln108' <Predicate = true> <Delay = 0.00>


============================================================
+ Verbose Summary: Timing violations
============================================================
Target clock period: 10.000ns, clock uncertainty: 2.700ns.

 <State 1>: 2.002ns
The critical path consists of the following:
	'alloca' operation ('phi_urem') [19]  (0.000 ns)
	'load' operation ('phi_urem_load_1', src/conv2.cpp:111->src/conv2.cpp:51) on local variable 'phi_urem' [37]  (0.000 ns)
	'add' operation ('add_ln111_2', src/conv2.cpp:111->src/conv2.cpp:51) [42]  (0.765 ns)
	'getelementptr' operation ('conv2_ap_fixed_255_255_ap_fixed_64_1_1_ap_fixed_ap_fixed_255_30', src/conv2.cpp:111->src/conv2.cpp:51) [49]  (0.000 ns)
	'load' operation ('conv2_ap_fixed_255_255_ap_fixed_64_1_1_ap_fixed_ap_fixed_255_40', src/conv2.cpp:111->src/conv2.cpp:51) on array 'conv2_ap_fixed_255_255_ap_fixed_64_1_1_ap_fixed_ap_fixed_255_9' [61]  (1.237 ns)

 <State 2>: 4.456ns
The critical path consists of the following:
	'load' operation ('conv2_ap_fixed_255_255_ap_fixed_64_1_1_ap_fixed_ap_fixed_255_40', src/conv2.cpp:111->src/conv2.cpp:51) on array 'conv2_ap_fixed_255_255_ap_fixed_64_1_1_ap_fixed_ap_fixed_255_9' [61]  (1.237 ns)
	'mux' operation ('tmp', src/conv2.cpp:111->src/conv2.cpp:51) [76]  (0.547 ns)
	'add' operation ('add_ln111', src/conv2.cpp:111->src/conv2.cpp:51) [78]  (1.016 ns)
	'select' operation ('select_ln113', src/conv2.cpp:113->src/conv2.cpp:51) [81]  (0.418 ns)
	'store' operation ('store_ln113', src/conv2.cpp:113->src/conv2.cpp:51) of variable 'select_ln113_cast', src/conv2.cpp:113->src/conv2.cpp:51 on array 'conv2_ap_fixed_255_255_ap_fixed_64_1_1_ap_fixed_ap_fixed_255_2' [112]  (1.237 ns)


============================================================
+ Verbose Summary: Binding
============================================================
N/A
* FSMD analyzer results:
  - Output states:
 - Input state : 
  - Chain level:
	State 1
	State 2


============================================================
+ Verbose Summary: Datapath Resource usage 
============================================================
N/A
