

================================================================
== Vitis HLS Report for 'conv2_Pipeline_3'
================================================================
* Date:           Sat Nov  4 17:39:41 2023

* Version:        2023.1 (Build 3854077 on May  4 2023)
* Project:        srcnn_hls
* Solution:       solution1 (Vivado IP Flow Target)
* Product family: zynquplus
* Target device:  xck24-ubva530-2LV-c


================================================================
== Performance Estimates
================================================================
+ Timing: 
    * Summary: 
    +--------+----------+----------+------------+
    |  Clock |  Target  | Estimated| Uncertainty|
    +--------+----------+----------+------------+
    |ap_clk  |  10.00 ns|  7.300 ns|     2.70 ns|
    +--------+----------+----------+------------+

+ Latency: 
    * Summary: 
    +---------+---------+----------+----------+-----+-----+---------+
    |  Latency (cycles) |  Latency (absolute) |  Interval | Pipeline|
    |   min   |   max   |    min   |    max   | min | max |   Type  |
    +---------+---------+----------+----------+-----+-----+---------+
    |      258|      258|  2.580 us|  2.580 us|  258|  258|       no|
    +---------+---------+----------+----------+-----+-----+---------+

    + Detail: 
        * Instance: 
        N/A

        * Loop: 
        +----------+---------+---------+----------+-----------+-----------+------+----------+
        |          |  Latency (cycles) | Iteration|  Initiation Interval  | Trip |          |
        | Loop Name|   min   |   max   |  Latency |  achieved |   target  | Count| Pipelined|
        +----------+---------+---------+----------+-----------+-----------+------+----------+
        |- Loop 1  |      256|      256|         3|          1|          1|   255|       yes|
        +----------+---------+---------+----------+-----------+-----------+------+----------+

============================================================
+ Verbose Summary: Synthesis Manager
============================================================
InlineROM: 1
ExposeGlobal: 0
============================================================
+ Verbose Summary: CDFG Model
============================================================
IsTopModel: 0
ResetActiveHigh: 1
IsCombinational: 0
IsDatapathOnly: 0
HasWiredReturn: 1
HasMFsm: 2
HasVarLatency: 1
IsPipeline: 0
IsRtlPipelined: 0
IsInstanceOverlapped: 0
IsDontTouch: 0
HasImplIP: 0
IsGatedGlobalClock: 0

+ Individual pipeline summary: 
  * Pipeline-0: initiation interval (II) = 1, depth = 3


============================================================
+ Verbose Summary: Schedule
============================================================
* Number of FSM states : 3
* Pipeline : 1
  Pipeline-0 : II = 1, D = 3, States = { 1 2 3 }
* Dataflow Pipeline: 0

* FSM state transitions: 
1 --> 2 
2 --> 3 
3 --> 

* FSM state operations: 

State 1 <SV = 0> <Delay = 2.35>
ST_1 : Operation 6 [1/1] (0.00ns)   --->   "%phi_urem4768 = alloca i32 1"   --->   Operation 6 'alloca' 'phi_urem4768' <Predicate = true> <Delay = 0.00>
ST_1 : Operation 7 [1/1] (0.00ns)   --->   "%phi_mul4766 = alloca i32 1"   --->   Operation 7 'alloca' 'phi_mul4766' <Predicate = true> <Delay = 0.00>
ST_1 : Operation 8 [1/1] (0.00ns)   --->   "%loop_index_0_i = alloca i32 1"   --->   Operation 8 'alloca' 'loop_index_0_i' <Predicate = true> <Delay = 0.00>
ST_1 : Operation 9 [1/1] (0.00ns)   --->   "%add_ln112_1_read = read i8 @_ssdm_op_Read.ap_auto.i8, i8 %add_ln112_1"   --->   Operation 9 'read' 'add_ln112_1_read' <Predicate = true> <Delay = 0.00>
ST_1 : Operation 10 [1/1] (0.00ns)   --->   "%sext_ln119_read = read i62 @_ssdm_op_Read.ap_auto.i62, i62 %sext_ln119"   --->   Operation 10 'read' 'sext_ln119_read' <Predicate = true> <Delay = 0.00>
ST_1 : Operation 11 [1/1] (0.00ns)   --->   "%sext_ln119_cast = sext i62 %sext_ln119_read"   --->   Operation 11 'sext' 'sext_ln119_cast' <Predicate = true> <Delay = 0.00>
ST_1 : Operation 12 [1/1] (0.00ns)   --->   "%specmemcore_ln0 = specmemcore void @_ssdm_op_SpecMemCore, i32 %conv2_float_255_255_float_64_1_1_float_float_255_255_o_9, i64 666, i64 30, i64 18446744073709551615"   --->   Operation 12 'specmemcore' 'specmemcore_ln0' <Predicate = true> <Delay = 0.00>
ST_1 : Operation 13 [1/1] (0.00ns)   --->   "%specmemcore_ln0 = specmemcore void @_ssdm_op_SpecMemCore, i32 %conv2_float_255_255_float_64_1_1_float_float_255_255_o_5, i64 666, i64 30, i64 18446744073709551615"   --->   Operation 13 'specmemcore' 'specmemcore_ln0' <Predicate = true> <Delay = 0.00>
ST_1 : Operation 14 [1/1] (0.00ns)   --->   "%specmemcore_ln0 = specmemcore void @_ssdm_op_SpecMemCore, i32 %conv2_float_255_255_float_64_1_1_float_float_255_255_o_4, i64 666, i64 30, i64 18446744073709551615"   --->   Operation 14 'specmemcore' 'specmemcore_ln0' <Predicate = true> <Delay = 0.00>
ST_1 : Operation 15 [1/1] (0.00ns)   --->   "%specmemcore_ln0 = specmemcore void @_ssdm_op_SpecMemCore, i32 %conv2_float_255_255_float_64_1_1_float_float_255_255_o_3, i64 666, i64 30, i64 18446744073709551615"   --->   Operation 15 'specmemcore' 'specmemcore_ln0' <Predicate = true> <Delay = 0.00>
ST_1 : Operation 16 [1/1] (0.00ns)   --->   "%specmemcore_ln0 = specmemcore void @_ssdm_op_SpecMemCore, i32 %conv2_float_255_255_float_64_1_1_float_float_255_255_o_2, i64 666, i64 30, i64 18446744073709551615"   --->   Operation 16 'specmemcore' 'specmemcore_ln0' <Predicate = true> <Delay = 0.00>
ST_1 : Operation 17 [1/1] (0.00ns)   --->   "%specmemcore_ln0 = specmemcore void @_ssdm_op_SpecMemCore, i32 %conv2_float_255_255_float_64_1_1_float_float_255_255_o_1, i64 666, i64 30, i64 18446744073709551615"   --->   Operation 17 'specmemcore' 'specmemcore_ln0' <Predicate = true> <Delay = 0.00>
ST_1 : Operation 18 [1/1] (0.00ns)   --->   "%specmemcore_ln0 = specmemcore void @_ssdm_op_SpecMemCore, i32 %conv2_float_255_255_float_64_1_1_float_float_255_255_o, i64 666, i64 30, i64 18446744073709551615"   --->   Operation 18 'specmemcore' 'specmemcore_ln0' <Predicate = true> <Delay = 0.00>
ST_1 : Operation 19 [1/1] (0.00ns)   --->   "%specmemcore_ln0 = specmemcore void @_ssdm_op_SpecMemCore, i32 %conv2_float_255_255_float_64_1_1_float_float_255_255_o_8, i64 666, i64 30, i64 18446744073709551615"   --->   Operation 19 'specmemcore' 'specmemcore_ln0' <Predicate = true> <Delay = 0.00>
ST_1 : Operation 20 [1/1] (0.00ns)   --->   "%specmemcore_ln0 = specmemcore void @_ssdm_op_SpecMemCore, i32 %conv2_float_255_255_float_64_1_1_float_float_255_255_o_7, i64 666, i64 30, i64 18446744073709551615"   --->   Operation 20 'specmemcore' 'specmemcore_ln0' <Predicate = true> <Delay = 0.00>
ST_1 : Operation 21 [1/1] (0.00ns)   --->   "%specmemcore_ln0 = specmemcore void @_ssdm_op_SpecMemCore, i32 %conv2_float_255_255_float_64_1_1_float_float_255_255_o_6, i64 666, i64 30, i64 18446744073709551615"   --->   Operation 21 'specmemcore' 'specmemcore_ln0' <Predicate = true> <Delay = 0.00>
ST_1 : Operation 22 [1/1] (0.00ns)   --->   "%specmemcore_ln0 = specmemcore void @_ssdm_op_SpecMemCore, i32 %p_ZZ5conv2PA255_A255_fPA64_A1_A1_fPfS1_E16output_fm_buffer_10, i64 666, i64 30, i64 18446744073709551615"   --->   Operation 22 'specmemcore' 'specmemcore_ln0' <Predicate = true> <Delay = 0.00>
ST_1 : Operation 23 [1/1] (0.00ns)   --->   "%specmemcore_ln0 = specmemcore void @_ssdm_op_SpecMemCore, i32 %p_ZZ5conv2PA255_A255_fPA64_A1_A1_fPfS1_E16output_fm_buffer_11, i64 666, i64 30, i64 18446744073709551615"   --->   Operation 23 'specmemcore' 'specmemcore_ln0' <Predicate = true> <Delay = 0.00>
ST_1 : Operation 24 [1/1] (0.00ns)   --->   "%specmemcore_ln0 = specmemcore void @_ssdm_op_SpecMemCore, i32 %p_ZZ5conv2PA255_A255_fPA64_A1_A1_fPfS1_E16output_fm_buffer_12, i64 666, i64 30, i64 18446744073709551615"   --->   Operation 24 'specmemcore' 'specmemcore_ln0' <Predicate = true> <Delay = 0.00>
ST_1 : Operation 25 [1/1] (0.00ns)   --->   "%specmemcore_ln0 = specmemcore void @_ssdm_op_SpecMemCore, i32 %p_ZZ5conv2PA255_A255_fPA64_A1_A1_fPfS1_E16output_fm_buffer_13, i64 666, i64 30, i64 18446744073709551615"   --->   Operation 25 'specmemcore' 'specmemcore_ln0' <Predicate = true> <Delay = 0.00>
ST_1 : Operation 26 [1/1] (0.00ns)   --->   "%specmemcore_ln0 = specmemcore void @_ssdm_op_SpecMemCore, i32 %p_ZZ5conv2PA255_A255_fPA64_A1_A1_fPfS1_E16output_fm_buffer_14, i64 666, i64 30, i64 18446744073709551615"   --->   Operation 26 'specmemcore' 'specmemcore_ln0' <Predicate = true> <Delay = 0.00>
ST_1 : Operation 27 [1/1] (0.00ns)   --->   "%specinterface_ln0 = specinterface void @_ssdm_op_SpecInterface, i32 %i3, void @empty_41, i32 0, i32 0, void @empty_40, i32 0, i32 512, void @empty_23, void @empty_39, void @empty_40, i32 16, i32 16, i32 256, i32 256, void @empty_40, void @empty_40, i32 4294967295, i32 0"   --->   Operation 27 'specinterface' 'specinterface_ln0' <Predicate = true> <Delay = 0.00>
ST_1 : Operation 28 [1/1] (0.42ns)   --->   "%store_ln0 = store i8 0, i8 %loop_index_0_i"   --->   Operation 28 'store' 'store_ln0' <Predicate = true> <Delay = 0.42>
ST_1 : Operation 29 [1/1] (0.42ns)   --->   "%store_ln0 = store i17 0, i17 %phi_mul4766"   --->   Operation 29 'store' 'store_ln0' <Predicate = true> <Delay = 0.42>
ST_1 : Operation 30 [1/1] (0.42ns)   --->   "%store_ln0 = store i8 0, i8 %phi_urem4768"   --->   Operation 30 'store' 'store_ln0' <Predicate = true> <Delay = 0.42>
ST_1 : Operation 31 [1/1] (0.00ns)   --->   "%br_ln0 = br void %load-store-loop.0.i"   --->   Operation 31 'br' 'br_ln0' <Predicate = true> <Delay = 0.00>
ST_1 : Operation 32 [1/1] (0.00ns)   --->   "%loop_index_0_i_load = load i8 %loop_index_0_i"   --->   Operation 32 'load' 'loop_index_0_i_load' <Predicate = true> <Delay = 0.00>
ST_1 : Operation 33 [1/1] (0.76ns)   --->   "%exitcond4813 = icmp_eq  i8 %loop_index_0_i_load, i8 255"   --->   Operation 33 'icmp' 'exitcond4813' <Predicate = true> <Delay = 0.76> <CoreInst = "Cmp">   --->   Core 9 'Cmp' <Latency = 0> <II = 1> <Delay = 0.76> <FuncUnit> <Opcode : 'icmp'> <InPorts = 2> <OutPorts = 1>
ST_1 : Operation 34 [1/1] (0.76ns)   --->   "%empty = add i8 %loop_index_0_i_load, i8 1"   --->   Operation 34 'add' 'empty' <Predicate = true> <Delay = 0.76> <CoreInst = "Adder">   --->   Core 1 'Adder' <Latency = 0> <II = 1> <Delay = 0.76> <FuncUnit> <Opcode : 'add' 'sub'> <InPorts = 2> <OutPorts = 1>
ST_1 : Operation 35 [1/1] (0.00ns)   --->   "%br_ln0 = br i1 %exitcond4813, void %load-store-loop.0.i.split, void %for.inc45.0.i.exitStub"   --->   Operation 35 'br' 'br_ln0' <Predicate = true> <Delay = 0.00>
ST_1 : Operation 36 [1/1] (0.00ns)   --->   "%phi_urem4768_load = load i8 %phi_urem4768"   --->   Operation 36 'load' 'phi_urem4768_load' <Predicate = (!exitcond4813)> <Delay = 0.00>
ST_1 : Operation 37 [1/1] (0.76ns)   --->   "%next_urem4769 = add i8 %phi_urem4768_load, i8 1"   --->   Operation 37 'add' 'next_urem4769' <Predicate = (!exitcond4813)> <Delay = 0.76> <CoreInst = "Adder">   --->   Core 1 'Adder' <Latency = 0> <II = 1> <Delay = 0.76> <FuncUnit> <Opcode : 'add' 'sub'> <InPorts = 2> <OutPorts = 1>
ST_1 : Operation 38 [1/1] (0.76ns)   --->   "%empty_487 = icmp_ult  i8 %next_urem4769, i8 17"   --->   Operation 38 'icmp' 'empty_487' <Predicate = (!exitcond4813)> <Delay = 0.76> <CoreInst = "Cmp">   --->   Core 9 'Cmp' <Latency = 0> <II = 1> <Delay = 0.76> <FuncUnit> <Opcode : 'icmp'> <InPorts = 2> <OutPorts = 1>
ST_1 : Operation 39 [1/1] (0.39ns)   --->   "%idx_urem4770 = select i1 %empty_487, i8 %next_urem4769, i8 0"   --->   Operation 39 'select' 'idx_urem4770' <Predicate = (!exitcond4813)> <Delay = 0.39> <CoreInst = "Sel">   --->   Core 73 'Sel' <Latency = 0> <II = 1> <Delay = 0.39> <FuncUnit> <Opcode : 'select'> <InPorts = 3> <OutPorts = 1>
ST_1 : Operation 40 [1/1] (0.76ns)   --->   "%empty_488 = add i8 %add_ln112_1_read, i8 %phi_urem4768_load"   --->   Operation 40 'add' 'empty_488' <Predicate = (!exitcond4813)> <Delay = 0.76> <CoreInst = "Adder">   --->   Core 1 'Adder' <Latency = 0> <II = 1> <Delay = 0.76> <FuncUnit> <Opcode : 'add' 'sub'> <InPorts = 2> <OutPorts = 1>
ST_1 : Operation 41 [1/1] (0.00ns)   --->   "%p_cast = zext i8 %empty_488"   --->   Operation 41 'zext' 'p_cast' <Predicate = (!exitcond4813)> <Delay = 0.00>
ST_1 : Operation 42 [1/1] (0.00ns)   --->   "%p_ZZ5conv2PA255_A255_fPA64_A1_A1_fPfS1_E16output_fm_buffer_10_addr = getelementptr i32 %p_ZZ5conv2PA255_A255_fPA64_A1_A1_fPfS1_E16output_fm_buffer_10, i64 0, i64 %p_cast"   --->   Operation 42 'getelementptr' 'p_ZZ5conv2PA255_A255_fPA64_A1_A1_fPfS1_E16output_fm_buffer_10_addr' <Predicate = (!exitcond4813)> <Delay = 0.00>
ST_1 : Operation 43 [1/1] (0.00ns)   --->   "%p_ZZ5conv2PA255_A255_fPA64_A1_A1_fPfS1_E16output_fm_buffer_11_addr = getelementptr i32 %p_ZZ5conv2PA255_A255_fPA64_A1_A1_fPfS1_E16output_fm_buffer_11, i64 0, i64 %p_cast"   --->   Operation 43 'getelementptr' 'p_ZZ5conv2PA255_A255_fPA64_A1_A1_fPfS1_E16output_fm_buffer_11_addr' <Predicate = (!exitcond4813)> <Delay = 0.00>
ST_1 : Operation 44 [1/1] (0.00ns)   --->   "%p_ZZ5conv2PA255_A255_fPA64_A1_A1_fPfS1_E16output_fm_buffer_12_addr = getelementptr i32 %p_ZZ5conv2PA255_A255_fPA64_A1_A1_fPfS1_E16output_fm_buffer_12, i64 0, i64 %p_cast"   --->   Operation 44 'getelementptr' 'p_ZZ5conv2PA255_A255_fPA64_A1_A1_fPfS1_E16output_fm_buffer_12_addr' <Predicate = (!exitcond4813)> <Delay = 0.00>
ST_1 : Operation 45 [1/1] (0.00ns)   --->   "%p_ZZ5conv2PA255_A255_fPA64_A1_A1_fPfS1_E16output_fm_buffer_13_addr = getelementptr i32 %p_ZZ5conv2PA255_A255_fPA64_A1_A1_fPfS1_E16output_fm_buffer_13, i64 0, i64 %p_cast"   --->   Operation 45 'getelementptr' 'p_ZZ5conv2PA255_A255_fPA64_A1_A1_fPfS1_E16output_fm_buffer_13_addr' <Predicate = (!exitcond4813)> <Delay = 0.00>
ST_1 : Operation 46 [1/1] (0.00ns)   --->   "%p_ZZ5conv2PA255_A255_fPA64_A1_A1_fPfS1_E16output_fm_buffer_14_addr = getelementptr i32 %p_ZZ5conv2PA255_A255_fPA64_A1_A1_fPfS1_E16output_fm_buffer_14, i64 0, i64 %p_cast"   --->   Operation 46 'getelementptr' 'p_ZZ5conv2PA255_A255_fPA64_A1_A1_fPfS1_E16output_fm_buffer_14_addr' <Predicate = (!exitcond4813)> <Delay = 0.00>
ST_1 : Operation 47 [1/1] (0.00ns)   --->   "%conv2_float_255_255_float_64_1_1_float_float_255_255_o_100 = getelementptr i32 %conv2_float_255_255_float_64_1_1_float_float_255_255_o_9, i64 0, i64 %p_cast"   --->   Operation 47 'getelementptr' 'conv2_float_255_255_float_64_1_1_float_float_255_255_o_100' <Predicate = (!exitcond4813)> <Delay = 0.00>
ST_1 : Operation 48 [1/1] (0.00ns)   --->   "%conv2_float_255_255_float_64_1_1_float_float_255_255_o_101 = getelementptr i32 %conv2_float_255_255_float_64_1_1_float_float_255_255_o_8, i64 0, i64 %p_cast"   --->   Operation 48 'getelementptr' 'conv2_float_255_255_float_64_1_1_float_float_255_255_o_101' <Predicate = (!exitcond4813)> <Delay = 0.00>
ST_1 : Operation 49 [1/1] (0.00ns)   --->   "%conv2_float_255_255_float_64_1_1_float_float_255_255_o_102 = getelementptr i32 %conv2_float_255_255_float_64_1_1_float_float_255_255_o_7, i64 0, i64 %p_cast"   --->   Operation 49 'getelementptr' 'conv2_float_255_255_float_64_1_1_float_float_255_255_o_102' <Predicate = (!exitcond4813)> <Delay = 0.00>
ST_1 : Operation 50 [1/1] (0.00ns)   --->   "%conv2_float_255_255_float_64_1_1_float_float_255_255_o_103 = getelementptr i32 %conv2_float_255_255_float_64_1_1_float_float_255_255_o_6, i64 0, i64 %p_cast"   --->   Operation 50 'getelementptr' 'conv2_float_255_255_float_64_1_1_float_float_255_255_o_103' <Predicate = (!exitcond4813)> <Delay = 0.00>
ST_1 : Operation 51 [1/1] (0.00ns)   --->   "%conv2_float_255_255_float_64_1_1_float_float_255_255_o_104 = getelementptr i32 %conv2_float_255_255_float_64_1_1_float_float_255_255_o_5, i64 0, i64 %p_cast"   --->   Operation 51 'getelementptr' 'conv2_float_255_255_float_64_1_1_float_float_255_255_o_104' <Predicate = (!exitcond4813)> <Delay = 0.00>
ST_1 : Operation 52 [1/1] (0.00ns)   --->   "%conv2_float_255_255_float_64_1_1_float_float_255_255_o_105 = getelementptr i32 %conv2_float_255_255_float_64_1_1_float_float_255_255_o_4, i64 0, i64 %p_cast"   --->   Operation 52 'getelementptr' 'conv2_float_255_255_float_64_1_1_float_float_255_255_o_105' <Predicate = (!exitcond4813)> <Delay = 0.00>
ST_1 : Operation 53 [1/1] (0.00ns)   --->   "%conv2_float_255_255_float_64_1_1_float_float_255_255_o_106 = getelementptr i32 %conv2_float_255_255_float_64_1_1_float_float_255_255_o_3, i64 0, i64 %p_cast"   --->   Operation 53 'getelementptr' 'conv2_float_255_255_float_64_1_1_float_float_255_255_o_106' <Predicate = (!exitcond4813)> <Delay = 0.00>
ST_1 : Operation 54 [1/1] (0.00ns)   --->   "%conv2_float_255_255_float_64_1_1_float_float_255_255_o_107 = getelementptr i32 %conv2_float_255_255_float_64_1_1_float_float_255_255_o_2, i64 0, i64 %p_cast"   --->   Operation 54 'getelementptr' 'conv2_float_255_255_float_64_1_1_float_float_255_255_o_107' <Predicate = (!exitcond4813)> <Delay = 0.00>
ST_1 : Operation 55 [1/1] (0.00ns)   --->   "%conv2_float_255_255_float_64_1_1_float_float_255_255_o_108 = getelementptr i32 %conv2_float_255_255_float_64_1_1_float_float_255_255_o_1, i64 0, i64 %p_cast"   --->   Operation 55 'getelementptr' 'conv2_float_255_255_float_64_1_1_float_float_255_255_o_108' <Predicate = (!exitcond4813)> <Delay = 0.00>
ST_1 : Operation 56 [1/1] (0.00ns)   --->   "%conv2_float_255_255_float_64_1_1_float_float_255_255_o_109 = getelementptr i32 %conv2_float_255_255_float_64_1_1_float_float_255_255_o, i64 0, i64 %p_cast"   --->   Operation 56 'getelementptr' 'conv2_float_255_255_float_64_1_1_float_float_255_255_o_109' <Predicate = (!exitcond4813)> <Delay = 0.00>
ST_1 : Operation 57 [2/2] (1.23ns)   --->   "%conv2_float_255_255_float_64_1_1_float_float_255_255_o_110 = load i8 %conv2_float_255_255_float_64_1_1_float_float_255_255_o_100"   --->   Operation 57 'load' 'conv2_float_255_255_float_64_1_1_float_float_255_255_o_110' <Predicate = (!exitcond4813)> <Delay = 1.23> <CoreInst = "RAM_T2P_BRAM">   --->   Core 99 'RAM_T2P_BRAM' <Latency = 1> <II = 1> <Delay = 1.23> <Storage> <Opcode : 'load' 'store'> <Ports = 2> <Width = 32> <Depth = 204> <RAM>
ST_1 : Operation 58 [2/2] (1.23ns)   --->   "%conv2_float_255_255_float_64_1_1_float_float_255_255_o_111 = load i8 %conv2_float_255_255_float_64_1_1_float_float_255_255_o_104"   --->   Operation 58 'load' 'conv2_float_255_255_float_64_1_1_float_float_255_255_o_111' <Predicate = (!exitcond4813)> <Delay = 1.23> <CoreInst = "RAM_T2P_BRAM">   --->   Core 99 'RAM_T2P_BRAM' <Latency = 1> <II = 1> <Delay = 1.23> <Storage> <Opcode : 'load' 'store'> <Ports = 2> <Width = 32> <Depth = 204> <RAM>
ST_1 : Operation 59 [2/2] (1.23ns)   --->   "%conv2_float_255_255_float_64_1_1_float_float_255_255_o_112 = load i8 %conv2_float_255_255_float_64_1_1_float_float_255_255_o_105"   --->   Operation 59 'load' 'conv2_float_255_255_float_64_1_1_float_float_255_255_o_112' <Predicate = (!exitcond4813)> <Delay = 1.23> <CoreInst = "RAM_T2P_BRAM">   --->   Core 99 'RAM_T2P_BRAM' <Latency = 1> <II = 1> <Delay = 1.23> <Storage> <Opcode : 'load' 'store'> <Ports = 2> <Width = 32> <Depth = 204> <RAM>
ST_1 : Operation 60 [2/2] (1.23ns)   --->   "%conv2_float_255_255_float_64_1_1_float_float_255_255_o_113 = load i8 %conv2_float_255_255_float_64_1_1_float_float_255_255_o_106"   --->   Operation 60 'load' 'conv2_float_255_255_float_64_1_1_float_float_255_255_o_113' <Predicate = (!exitcond4813)> <Delay = 1.23> <CoreInst = "RAM_T2P_BRAM">   --->   Core 99 'RAM_T2P_BRAM' <Latency = 1> <II = 1> <Delay = 1.23> <Storage> <Opcode : 'load' 'store'> <Ports = 2> <Width = 32> <Depth = 204> <RAM>
ST_1 : Operation 61 [2/2] (1.23ns)   --->   "%conv2_float_255_255_float_64_1_1_float_float_255_255_o_114 = load i8 %conv2_float_255_255_float_64_1_1_float_float_255_255_o_107"   --->   Operation 61 'load' 'conv2_float_255_255_float_64_1_1_float_float_255_255_o_114' <Predicate = (!exitcond4813)> <Delay = 1.23> <CoreInst = "RAM_T2P_BRAM">   --->   Core 99 'RAM_T2P_BRAM' <Latency = 1> <II = 1> <Delay = 1.23> <Storage> <Opcode : 'load' 'store'> <Ports = 2> <Width = 32> <Depth = 204> <RAM>
ST_1 : Operation 62 [2/2] (1.23ns)   --->   "%conv2_float_255_255_float_64_1_1_float_float_255_255_o_115 = load i8 %conv2_float_255_255_float_64_1_1_float_float_255_255_o_108"   --->   Operation 62 'load' 'conv2_float_255_255_float_64_1_1_float_float_255_255_o_115' <Predicate = (!exitcond4813)> <Delay = 1.23> <CoreInst = "RAM_T2P_BRAM">   --->   Core 99 'RAM_T2P_BRAM' <Latency = 1> <II = 1> <Delay = 1.23> <Storage> <Opcode : 'load' 'store'> <Ports = 2> <Width = 32> <Depth = 204> <RAM>
ST_1 : Operation 63 [2/2] (1.23ns)   --->   "%conv2_float_255_255_float_64_1_1_float_float_255_255_o_116 = load i8 %conv2_float_255_255_float_64_1_1_float_float_255_255_o_109"   --->   Operation 63 'load' 'conv2_float_255_255_float_64_1_1_float_float_255_255_o_116' <Predicate = (!exitcond4813)> <Delay = 1.23> <CoreInst = "RAM_T2P_BRAM">   --->   Core 99 'RAM_T2P_BRAM' <Latency = 1> <II = 1> <Delay = 1.23> <Storage> <Opcode : 'load' 'store'> <Ports = 2> <Width = 32> <Depth = 204> <RAM>
ST_1 : Operation 64 [2/2] (1.23ns)   --->   "%conv2_float_255_255_float_64_1_1_float_float_255_255_o_117 = load i8 %conv2_float_255_255_float_64_1_1_float_float_255_255_o_101"   --->   Operation 64 'load' 'conv2_float_255_255_float_64_1_1_float_float_255_255_o_117' <Predicate = (!exitcond4813)> <Delay = 1.23> <CoreInst = "RAM_T2P_BRAM">   --->   Core 99 'RAM_T2P_BRAM' <Latency = 1> <II = 1> <Delay = 1.23> <Storage> <Opcode : 'load' 'store'> <Ports = 2> <Width = 32> <Depth = 204> <RAM>
ST_1 : Operation 65 [2/2] (1.23ns)   --->   "%conv2_float_255_255_float_64_1_1_float_float_255_255_o_118 = load i8 %conv2_float_255_255_float_64_1_1_float_float_255_255_o_102"   --->   Operation 65 'load' 'conv2_float_255_255_float_64_1_1_float_float_255_255_o_118' <Predicate = (!exitcond4813)> <Delay = 1.23> <CoreInst = "RAM_T2P_BRAM">   --->   Core 99 'RAM_T2P_BRAM' <Latency = 1> <II = 1> <Delay = 1.23> <Storage> <Opcode : 'load' 'store'> <Ports = 2> <Width = 32> <Depth = 204> <RAM>
ST_1 : Operation 66 [2/2] (1.23ns)   --->   "%conv2_float_255_255_float_64_1_1_float_float_255_255_o_119 = load i8 %conv2_float_255_255_float_64_1_1_float_float_255_255_o_103"   --->   Operation 66 'load' 'conv2_float_255_255_float_64_1_1_float_float_255_255_o_119' <Predicate = (!exitcond4813)> <Delay = 1.23> <CoreInst = "RAM_T2P_BRAM">   --->   Core 99 'RAM_T2P_BRAM' <Latency = 1> <II = 1> <Delay = 1.23> <Storage> <Opcode : 'load' 'store'> <Ports = 2> <Width = 32> <Depth = 204> <RAM>
ST_1 : Operation 67 [2/2] (1.23ns)   --->   "%p_ZZ5conv2PA255_A255_fPA64_A1_A1_fPfS1_E16output_fm_buffer_10_load = load i8 %p_ZZ5conv2PA255_A255_fPA64_A1_A1_fPfS1_E16output_fm_buffer_10_addr"   --->   Operation 67 'load' 'p_ZZ5conv2PA255_A255_fPA64_A1_A1_fPfS1_E16output_fm_buffer_10_load' <Predicate = (!exitcond4813)> <Delay = 1.23> <CoreInst = "RAM_T2P_BRAM">   --->   Core 99 'RAM_T2P_BRAM' <Latency = 1> <II = 1> <Delay = 1.23> <Storage> <Opcode : 'load' 'store'> <Ports = 2> <Width = 32> <Depth = 204> <RAM>
ST_1 : Operation 68 [2/2] (1.23ns)   --->   "%conv2_float_255_255_float_64_1_1_float_float_255_255_output_fm_buffer = load i8 %p_ZZ5conv2PA255_A255_fPA64_A1_A1_fPfS1_E16output_fm_buffer_11_addr"   --->   Operation 68 'load' 'conv2_float_255_255_float_64_1_1_float_float_255_255_output_fm_buffer' <Predicate = (!exitcond4813)> <Delay = 1.23> <CoreInst = "RAM_T2P_BRAM">   --->   Core 99 'RAM_T2P_BRAM' <Latency = 1> <II = 1> <Delay = 1.23> <Storage> <Opcode : 'load' 'store'> <Ports = 2> <Width = 32> <Depth = 204> <RAM>
ST_1 : Operation 69 [2/2] (1.23ns)   --->   "%conv2_float_255_255_float_64_1_1_float_float_255_255_output_fm_buffer_489 = load i8 %p_ZZ5conv2PA255_A255_fPA64_A1_A1_fPfS1_E16output_fm_buffer_12_addr"   --->   Operation 69 'load' 'conv2_float_255_255_float_64_1_1_float_float_255_255_output_fm_buffer_489' <Predicate = (!exitcond4813)> <Delay = 1.23> <CoreInst = "RAM_T2P_BRAM">   --->   Core 99 'RAM_T2P_BRAM' <Latency = 1> <II = 1> <Delay = 1.23> <Storage> <Opcode : 'load' 'store'> <Ports = 2> <Width = 32> <Depth = 204> <RAM>
ST_1 : Operation 70 [2/2] (1.23ns)   --->   "%conv2_float_255_255_float_64_1_1_float_float_255_255_output_fm_buffer_490 = load i8 %p_ZZ5conv2PA255_A255_fPA64_A1_A1_fPfS1_E16output_fm_buffer_13_addr"   --->   Operation 70 'load' 'conv2_float_255_255_float_64_1_1_float_float_255_255_output_fm_buffer_490' <Predicate = (!exitcond4813)> <Delay = 1.23> <CoreInst = "RAM_T2P_BRAM">   --->   Core 99 'RAM_T2P_BRAM' <Latency = 1> <II = 1> <Delay = 1.23> <Storage> <Opcode : 'load' 'store'> <Ports = 2> <Width = 32> <Depth = 204> <RAM>
ST_1 : Operation 71 [2/2] (1.23ns)   --->   "%conv2_float_255_255_float_64_1_1_float_float_255_255_output_fm_buffer_491 = load i8 %p_ZZ5conv2PA255_A255_fPA64_A1_A1_fPfS1_E16output_fm_buffer_14_addr"   --->   Operation 71 'load' 'conv2_float_255_255_float_64_1_1_float_float_255_255_output_fm_buffer_491' <Predicate = (!exitcond4813)> <Delay = 1.23> <CoreInst = "RAM_T2P_BRAM">   --->   Core 99 'RAM_T2P_BRAM' <Latency = 1> <II = 1> <Delay = 1.23> <Storage> <Opcode : 'load' 'store'> <Ports = 2> <Width = 32> <Depth = 204> <RAM>
ST_1 : Operation 72 [1/1] (0.42ns)   --->   "%store_ln0 = store i8 %empty, i8 %loop_index_0_i"   --->   Operation 72 'store' 'store_ln0' <Predicate = (!exitcond4813)> <Delay = 0.42>
ST_1 : Operation 73 [1/1] (0.42ns)   --->   "%store_ln0 = store i8 %idx_urem4770, i8 %phi_urem4768"   --->   Operation 73 'store' 'store_ln0' <Predicate = (!exitcond4813)> <Delay = 0.42>

State 2 <SV = 1> <Delay = 1.78>
ST_2 : Operation 74 [1/1] (0.00ns)   --->   "%i3_addr = getelementptr i32 %i3, i64 %sext_ln119_cast" [src/conv2.cpp:119->src/conv2.cpp:52]   --->   Operation 74 'getelementptr' 'i3_addr' <Predicate = true> <Delay = 0.00>
ST_2 : Operation 75 [1/1] (0.00ns)   --->   "%specpipeline_ln0 = specpipeline void @_ssdm_op_SpecPipeline, i32 4294967295, i32 0, i32 1, i32 0, void @p_str"   --->   Operation 75 'specpipeline' 'specpipeline_ln0' <Predicate = true> <Delay = 0.00>
ST_2 : Operation 76 [1/1] (0.00ns)   --->   "%phi_mul4766_load = load i17 %phi_mul4766"   --->   Operation 76 'load' 'phi_mul4766_load' <Predicate = (!exitcond4813)> <Delay = 0.00>
ST_2 : Operation 77 [1/1] (0.86ns)   --->   "%next_mul4767 = add i17 %phi_mul4766_load, i17 482"   --->   Operation 77 'add' 'next_mul4767' <Predicate = (!exitcond4813)> <Delay = 0.86> <CoreInst = "Adder">   --->   Core 1 'Adder' <Latency = 0> <II = 1> <Delay = 0.86> <FuncUnit> <Opcode : 'add' 'sub'> <InPorts = 2> <OutPorts = 1>
ST_2 : Operation 78 [1/1] (0.00ns)   --->   "%p_cast8 = partselect i4 @_ssdm_op_PartSelect.i4.i17.i32.i32, i17 %phi_mul4766_load, i32 13, i32 16"   --->   Operation 78 'partselect' 'p_cast8' <Predicate = (!exitcond4813)> <Delay = 0.00>
ST_2 : Operation 79 [1/2] (1.23ns)   --->   "%conv2_float_255_255_float_64_1_1_float_float_255_255_o_110 = load i8 %conv2_float_255_255_float_64_1_1_float_float_255_255_o_100"   --->   Operation 79 'load' 'conv2_float_255_255_float_64_1_1_float_float_255_255_o_110' <Predicate = (!exitcond4813)> <Delay = 1.23> <CoreInst = "RAM_T2P_BRAM">   --->   Core 99 'RAM_T2P_BRAM' <Latency = 1> <II = 1> <Delay = 1.23> <Storage> <Opcode : 'load' 'store'> <Ports = 2> <Width = 32> <Depth = 204> <RAM>
ST_2 : Operation 80 [1/2] (1.23ns)   --->   "%conv2_float_255_255_float_64_1_1_float_float_255_255_o_111 = load i8 %conv2_float_255_255_float_64_1_1_float_float_255_255_o_104"   --->   Operation 80 'load' 'conv2_float_255_255_float_64_1_1_float_float_255_255_o_111' <Predicate = (!exitcond4813)> <Delay = 1.23> <CoreInst = "RAM_T2P_BRAM">   --->   Core 99 'RAM_T2P_BRAM' <Latency = 1> <II = 1> <Delay = 1.23> <Storage> <Opcode : 'load' 'store'> <Ports = 2> <Width = 32> <Depth = 204> <RAM>
ST_2 : Operation 81 [1/2] (1.23ns)   --->   "%conv2_float_255_255_float_64_1_1_float_float_255_255_o_112 = load i8 %conv2_float_255_255_float_64_1_1_float_float_255_255_o_105"   --->   Operation 81 'load' 'conv2_float_255_255_float_64_1_1_float_float_255_255_o_112' <Predicate = (!exitcond4813)> <Delay = 1.23> <CoreInst = "RAM_T2P_BRAM">   --->   Core 99 'RAM_T2P_BRAM' <Latency = 1> <II = 1> <Delay = 1.23> <Storage> <Opcode : 'load' 'store'> <Ports = 2> <Width = 32> <Depth = 204> <RAM>
ST_2 : Operation 82 [1/2] (1.23ns)   --->   "%conv2_float_255_255_float_64_1_1_float_float_255_255_o_113 = load i8 %conv2_float_255_255_float_64_1_1_float_float_255_255_o_106"   --->   Operation 82 'load' 'conv2_float_255_255_float_64_1_1_float_float_255_255_o_113' <Predicate = (!exitcond4813)> <Delay = 1.23> <CoreInst = "RAM_T2P_BRAM">   --->   Core 99 'RAM_T2P_BRAM' <Latency = 1> <II = 1> <Delay = 1.23> <Storage> <Opcode : 'load' 'store'> <Ports = 2> <Width = 32> <Depth = 204> <RAM>
ST_2 : Operation 83 [1/2] (1.23ns)   --->   "%conv2_float_255_255_float_64_1_1_float_float_255_255_o_114 = load i8 %conv2_float_255_255_float_64_1_1_float_float_255_255_o_107"   --->   Operation 83 'load' 'conv2_float_255_255_float_64_1_1_float_float_255_255_o_114' <Predicate = (!exitcond4813)> <Delay = 1.23> <CoreInst = "RAM_T2P_BRAM">   --->   Core 99 'RAM_T2P_BRAM' <Latency = 1> <II = 1> <Delay = 1.23> <Storage> <Opcode : 'load' 'store'> <Ports = 2> <Width = 32> <Depth = 204> <RAM>
ST_2 : Operation 84 [1/2] (1.23ns)   --->   "%conv2_float_255_255_float_64_1_1_float_float_255_255_o_115 = load i8 %conv2_float_255_255_float_64_1_1_float_float_255_255_o_108"   --->   Operation 84 'load' 'conv2_float_255_255_float_64_1_1_float_float_255_255_o_115' <Predicate = (!exitcond4813)> <Delay = 1.23> <CoreInst = "RAM_T2P_BRAM">   --->   Core 99 'RAM_T2P_BRAM' <Latency = 1> <II = 1> <Delay = 1.23> <Storage> <Opcode : 'load' 'store'> <Ports = 2> <Width = 32> <Depth = 204> <RAM>
ST_2 : Operation 85 [1/2] (1.23ns)   --->   "%conv2_float_255_255_float_64_1_1_float_float_255_255_o_116 = load i8 %conv2_float_255_255_float_64_1_1_float_float_255_255_o_109"   --->   Operation 85 'load' 'conv2_float_255_255_float_64_1_1_float_float_255_255_o_116' <Predicate = (!exitcond4813)> <Delay = 1.23> <CoreInst = "RAM_T2P_BRAM">   --->   Core 99 'RAM_T2P_BRAM' <Latency = 1> <II = 1> <Delay = 1.23> <Storage> <Opcode : 'load' 'store'> <Ports = 2> <Width = 32> <Depth = 204> <RAM>
ST_2 : Operation 86 [1/2] (1.23ns)   --->   "%conv2_float_255_255_float_64_1_1_float_float_255_255_o_117 = load i8 %conv2_float_255_255_float_64_1_1_float_float_255_255_o_101"   --->   Operation 86 'load' 'conv2_float_255_255_float_64_1_1_float_float_255_255_o_117' <Predicate = (!exitcond4813)> <Delay = 1.23> <CoreInst = "RAM_T2P_BRAM">   --->   Core 99 'RAM_T2P_BRAM' <Latency = 1> <II = 1> <Delay = 1.23> <Storage> <Opcode : 'load' 'store'> <Ports = 2> <Width = 32> <Depth = 204> <RAM>
ST_2 : Operation 87 [1/2] (1.23ns)   --->   "%conv2_float_255_255_float_64_1_1_float_float_255_255_o_118 = load i8 %conv2_float_255_255_float_64_1_1_float_float_255_255_o_102"   --->   Operation 87 'load' 'conv2_float_255_255_float_64_1_1_float_float_255_255_o_118' <Predicate = (!exitcond4813)> <Delay = 1.23> <CoreInst = "RAM_T2P_BRAM">   --->   Core 99 'RAM_T2P_BRAM' <Latency = 1> <II = 1> <Delay = 1.23> <Storage> <Opcode : 'load' 'store'> <Ports = 2> <Width = 32> <Depth = 204> <RAM>
ST_2 : Operation 88 [1/2] (1.23ns)   --->   "%conv2_float_255_255_float_64_1_1_float_float_255_255_o_119 = load i8 %conv2_float_255_255_float_64_1_1_float_float_255_255_o_103"   --->   Operation 88 'load' 'conv2_float_255_255_float_64_1_1_float_float_255_255_o_119' <Predicate = (!exitcond4813)> <Delay = 1.23> <CoreInst = "RAM_T2P_BRAM">   --->   Core 99 'RAM_T2P_BRAM' <Latency = 1> <II = 1> <Delay = 1.23> <Storage> <Opcode : 'load' 'store'> <Ports = 2> <Width = 32> <Depth = 204> <RAM>
ST_2 : Operation 89 [1/2] (1.23ns)   --->   "%p_ZZ5conv2PA255_A255_fPA64_A1_A1_fPfS1_E16output_fm_buffer_10_load = load i8 %p_ZZ5conv2PA255_A255_fPA64_A1_A1_fPfS1_E16output_fm_buffer_10_addr"   --->   Operation 89 'load' 'p_ZZ5conv2PA255_A255_fPA64_A1_A1_fPfS1_E16output_fm_buffer_10_load' <Predicate = (!exitcond4813)> <Delay = 1.23> <CoreInst = "RAM_T2P_BRAM">   --->   Core 99 'RAM_T2P_BRAM' <Latency = 1> <II = 1> <Delay = 1.23> <Storage> <Opcode : 'load' 'store'> <Ports = 2> <Width = 32> <Depth = 204> <RAM>
ST_2 : Operation 90 [1/2] (1.23ns)   --->   "%conv2_float_255_255_float_64_1_1_float_float_255_255_output_fm_buffer = load i8 %p_ZZ5conv2PA255_A255_fPA64_A1_A1_fPfS1_E16output_fm_buffer_11_addr"   --->   Operation 90 'load' 'conv2_float_255_255_float_64_1_1_float_float_255_255_output_fm_buffer' <Predicate = (!exitcond4813)> <Delay = 1.23> <CoreInst = "RAM_T2P_BRAM">   --->   Core 99 'RAM_T2P_BRAM' <Latency = 1> <II = 1> <Delay = 1.23> <Storage> <Opcode : 'load' 'store'> <Ports = 2> <Width = 32> <Depth = 204> <RAM>
ST_2 : Operation 91 [1/2] (1.23ns)   --->   "%conv2_float_255_255_float_64_1_1_float_float_255_255_output_fm_buffer_489 = load i8 %p_ZZ5conv2PA255_A255_fPA64_A1_A1_fPfS1_E16output_fm_buffer_12_addr"   --->   Operation 91 'load' 'conv2_float_255_255_float_64_1_1_float_float_255_255_output_fm_buffer_489' <Predicate = (!exitcond4813)> <Delay = 1.23> <CoreInst = "RAM_T2P_BRAM">   --->   Core 99 'RAM_T2P_BRAM' <Latency = 1> <II = 1> <Delay = 1.23> <Storage> <Opcode : 'load' 'store'> <Ports = 2> <Width = 32> <Depth = 204> <RAM>
ST_2 : Operation 92 [1/2] (1.23ns)   --->   "%conv2_float_255_255_float_64_1_1_float_float_255_255_output_fm_buffer_490 = load i8 %p_ZZ5conv2PA255_A255_fPA64_A1_A1_fPfS1_E16output_fm_buffer_13_addr"   --->   Operation 92 'load' 'conv2_float_255_255_float_64_1_1_float_float_255_255_output_fm_buffer_490' <Predicate = (!exitcond4813)> <Delay = 1.23> <CoreInst = "RAM_T2P_BRAM">   --->   Core 99 'RAM_T2P_BRAM' <Latency = 1> <II = 1> <Delay = 1.23> <Storage> <Opcode : 'load' 'store'> <Ports = 2> <Width = 32> <Depth = 204> <RAM>
ST_2 : Operation 93 [1/2] (1.23ns)   --->   "%conv2_float_255_255_float_64_1_1_float_float_255_255_output_fm_buffer_491 = load i8 %p_ZZ5conv2PA255_A255_fPA64_A1_A1_fPfS1_E16output_fm_buffer_14_addr"   --->   Operation 93 'load' 'conv2_float_255_255_float_64_1_1_float_float_255_255_output_fm_buffer_491' <Predicate = (!exitcond4813)> <Delay = 1.23> <CoreInst = "RAM_T2P_BRAM">   --->   Core 99 'RAM_T2P_BRAM' <Latency = 1> <II = 1> <Delay = 1.23> <Storage> <Opcode : 'load' 'store'> <Ports = 2> <Width = 32> <Depth = 204> <RAM>
ST_2 : Operation 94 [1/1] (0.54ns)   --->   "%tmp_s = mux i32 @_ssdm_op_Mux.ap_auto.15f32.i4, i32 %conv2_float_255_255_float_64_1_1_float_float_255_255_o_110, i32 %conv2_float_255_255_float_64_1_1_float_float_255_255_o_111, i32 %conv2_float_255_255_float_64_1_1_float_float_255_255_o_112, i32 %conv2_float_255_255_float_64_1_1_float_float_255_255_o_113, i32 %conv2_float_255_255_float_64_1_1_float_float_255_255_o_114, i32 %conv2_float_255_255_float_64_1_1_float_float_255_255_o_115, i32 %conv2_float_255_255_float_64_1_1_float_float_255_255_o_116, i32 %conv2_float_255_255_float_64_1_1_float_float_255_255_o_117, i32 %conv2_float_255_255_float_64_1_1_float_float_255_255_o_118, i32 %conv2_float_255_255_float_64_1_1_float_float_255_255_o_119, i32 %p_ZZ5conv2PA255_A255_fPA64_A1_A1_fPfS1_E16output_fm_buffer_10_load, i32 %conv2_float_255_255_float_64_1_1_float_float_255_255_output_fm_buffer, i32 %conv2_float_255_255_float_64_1_1_float_float_255_255_output_fm_buffer_489, i32 %conv2_float_255_255_float_64_1_1_float_float_255_255_output_fm_buffer_490, i32 %conv2_float_255_255_float_64_1_1_float_float_255_255_output_fm_buffer_491, i4 %p_cast8"   --->   Operation 94 'mux' 'tmp_s' <Predicate = (!exitcond4813)> <Delay = 0.54> <CoreInst = "Multiplexer">   --->   Core 76 'Multiplexer' <Latency = 0> <II = 1> <Delay = 0.54> <FuncUnit> <Opcode : 'mux'> <InPorts = 2> <OutPorts = 1>
ST_2 : Operation 95 [1/1] (0.42ns)   --->   "%store_ln0 = store i17 %next_mul4767, i17 %phi_mul4766"   --->   Operation 95 'store' 'store_ln0' <Predicate = (!exitcond4813)> <Delay = 0.42>
ST_2 : Operation 100 [1/1] (0.00ns)   --->   "%ret_ln0 = ret"   --->   Operation 100 'ret' 'ret_ln0' <Predicate = (exitcond4813)> <Delay = 0.00>

State 3 <SV = 2> <Delay = 7.30>
ST_3 : Operation 96 [1/1] (0.00ns)   --->   "%speclooptripcount_ln0 = speclooptripcount void @_ssdm_op_SpecLoopTripCount, i64 255, i64 255, i64 255"   --->   Operation 96 'speclooptripcount' 'speclooptripcount_ln0' <Predicate = true> <Delay = 0.00>
ST_3 : Operation 97 [1/1] (0.00ns)   --->   "%empty_492 = bitcast i32 %tmp_s"   --->   Operation 97 'bitcast' 'empty_492' <Predicate = true> <Delay = 0.00>
ST_3 : Operation 98 [1/1] (7.30ns)   --->   "%write_ln119 = write void @_ssdm_op_Write.m_axi.p1i32, i32 %i3_addr, i32 %empty_492, i4 15" [src/conv2.cpp:119->src/conv2.cpp:52]   --->   Operation 98 'write' 'write_ln119' <Predicate = true> <Delay = 7.30> <CoreInst = "m_axi">   --->   Core 121 'm_axi' <Latency = 0> <II = 1> <Delay = 1.00> <Adapter> <Opcode : 'read' 'write' 'readreq' 'writereq' 'writeresp'>
ST_3 : Operation 99 [1/1] (0.00ns)   --->   "%br_ln0 = br void %load-store-loop.0.i"   --->   Operation 99 'br' 'br_ln0' <Predicate = true> <Delay = 0.00>


============================================================
+ Verbose Summary: Timing violations
============================================================
Target clock period: 10.000ns, clock uncertainty: 2.700ns.

 <State 1>: 2.350ns
The critical path consists of the following:
	'alloca' operation ('phi_urem4768') [19]  (0.000 ns)
	'load' operation ('phi_urem4768_load') on local variable 'phi_urem4768' [53]  (0.000 ns)
	'add' operation ('next_urem4769') [55]  (0.765 ns)
	'icmp' operation ('empty_487') [56]  (0.765 ns)
	'select' operation ('idx_urem4770') [57]  (0.393 ns)
	'store' operation ('store_ln0') of variable 'idx_urem4770' on local variable 'phi_urem4768' [98]  (0.427 ns)

 <State 2>: 1.784ns
The critical path consists of the following:
	'load' operation ('conv2_float_255_255_float_64_1_1_float_float_255_255_o_110') on array 'conv2_float_255_255_float_64_1_1_float_float_255_255_o_9' [78]  (1.237 ns)
	'mux' operation ('tmp_s') [93]  (0.547 ns)

 <State 3>: 7.300ns
The critical path consists of the following:
	bus write operation ('write_ln119', src/conv2.cpp:119->src/conv2.cpp:52) on port 'i3' (src/conv2.cpp:119->src/conv2.cpp:52) [95]  (7.300 ns)


============================================================
+ Verbose Summary: Binding
============================================================
N/A
* FSMD analyzer results:
  - Output states:
 - Input state : 
  - Chain level:
	State 1
	State 2
	State 3


============================================================
+ Verbose Summary: Datapath Resource usage 
============================================================
N/A
