

================================================================
== Vitis HLS Report for 'conv1_Pipeline_BW9'
================================================================
* Date:           Thu Nov  2 20:33:37 2023

* Version:        2023.1 (Build 3854077 on May  4 2023)
* Project:        srcnn_hls
* Solution:       solution1 (Vivado IP Flow Target)
* Product family: zynquplus
* Target device:  xck24-ubva530-2LV-c


================================================================
== Performance Estimates
================================================================
+ Timing: 
    * Summary: 
    +--------+----------+----------+------------+
    |  Clock |  Target  | Estimated| Uncertainty|
    +--------+----------+----------+------------+
    |ap_clk  |  10.00 ns|  2.068 ns|     2.70 ns|
    +--------+----------+----------+------------+

+ Latency: 
    * Summary: 
    +---------+---------+----------+----------+-----+-----+---------+
    |  Latency (cycles) |  Latency (absolute) |  Interval | Pipeline|
    |   min   |   max   |    min   |    max   | min | max |   Type  |
    +---------+---------+----------+----------+-----+-----+---------+
    |      257|      257|  2.570 us|  2.570 us|  257|  257|       no|
    +---------+---------+----------+----------+-----+-----+---------+

    + Detail: 
        * Instance: 
        N/A

        * Loop: 
        +----------+---------+---------+----------+-----------+-----------+------+----------+
        |          |  Latency (cycles) | Iteration|  Initiation Interval  | Trip |          |
        | Loop Name|   min   |   max   |  Latency |  achieved |   target  | Count| Pipelined|
        +----------+---------+---------+----------+-----------+-----------+------+----------+
        |- BW      |      255|      255|         1|          1|          1|   255|       yes|
        +----------+---------+---------+----------+-----------+-----------+------+----------+

============================================================
+ Verbose Summary: Synthesis Manager
============================================================
InlineROM: 1
ExposeGlobal: 0
============================================================
+ Verbose Summary: CDFG Model
============================================================
IsTopModel: 0
ResetActiveHigh: 1
IsCombinational: 0
IsDatapathOnly: 0
HasWiredReturn: 1
HasMFsm: 2
HasVarLatency: 1
IsPipeline: 0
IsRtlPipelined: 0
IsInstanceOverlapped: 0
IsDontTouch: 0
HasImplIP: 0
IsGatedGlobalClock: 0

+ Individual pipeline summary: 
  * Pipeline-0: initiation interval (II) = 1, depth = 1


============================================================
+ Verbose Summary: Schedule
============================================================
* Number of FSM states : 1
* Pipeline : 1
  Pipeline-0 : II = 1, D = 1, States = { 1 }
* Dataflow Pipeline: 0

* FSM state transitions: 
1 --> 

* FSM state operations: 

State 1 <SV = 0> <Delay = 2.06>
ST_1 : Operation 4 [1/1] (0.00ns)   --->   "%w = alloca i32 1"   --->   Operation 4 'alloca' 'w' <Predicate = true> <Delay = 0.00>
ST_1 : Operation 5 [1/1] (0.00ns)   --->   "%trunc_ln24_read = read i1 @_ssdm_op_Read.ap_auto.i1, i1 %trunc_ln24"   --->   Operation 5 'read' 'trunc_ln24_read' <Predicate = true> <Delay = 0.00>
ST_1 : Operation 6 [1/1] (0.00ns)   --->   "%sub_ln90_2_read = read i14 @_ssdm_op_Read.ap_auto.i14, i14 %sub_ln90_2"   --->   Operation 6 'read' 'sub_ln90_2_read' <Predicate = true> <Delay = 0.00>
ST_1 : Operation 7 [1/1] (0.42ns)   --->   "%store_ln0 = store i8 0, i8 %w"   --->   Operation 7 'store' 'store_ln0' <Predicate = true> <Delay = 0.42>
ST_1 : Operation 8 [1/1] (0.00ns)   --->   "%br_ln0 = br void %for.inc.1.i.i"   --->   Operation 8 'br' 'br_ln0' <Predicate = true> <Delay = 0.00>
ST_1 : Operation 9 [1/1] (0.00ns)   --->   "%w_5 = load i8 %w" [src/conv1.cpp:88->src/conv1.cpp:165->src/conv1.cpp:78]   --->   Operation 9 'load' 'w_5' <Predicate = true> <Delay = 0.00>
ST_1 : Operation 10 [1/1] (0.00ns)   --->   "%specpipeline_ln0 = specpipeline void @_ssdm_op_SpecPipeline, i32 4294967295, i32 0, i32 1, i32 0, void @p_str"   --->   Operation 10 'specpipeline' 'specpipeline_ln0' <Predicate = true> <Delay = 0.00>
ST_1 : Operation 11 [1/1] (0.76ns)   --->   "%icmp_ln88 = icmp_eq  i8 %w_5, i8 255" [src/conv1.cpp:88->src/conv1.cpp:165->src/conv1.cpp:78]   --->   Operation 11 'icmp' 'icmp_ln88' <Predicate = true> <Delay = 0.76> <CoreInst = "Cmp">   --->   Core 9 'Cmp' <Latency = 0> <II = 1> <Delay = 0.76> <FuncUnit> <Opcode : 'icmp'> <InPorts = 2> <OutPorts = 1>
ST_1 : Operation 12 [1/1] (0.76ns)   --->   "%add_ln88 = add i8 %w_5, i8 1" [src/conv1.cpp:88->src/conv1.cpp:165->src/conv1.cpp:78]   --->   Operation 12 'add' 'add_ln88' <Predicate = true> <Delay = 0.76> <CoreInst = "Adder">   --->   Core 1 'Adder' <Latency = 0> <II = 1> <Delay = 0.76> <FuncUnit> <Opcode : 'add' 'sub'> <InPorts = 2> <OutPorts = 1>
ST_1 : Operation 13 [1/1] (0.00ns)   --->   "%br_ln88 = br i1 %icmp_ln88, void %for.inc.1.i.i.split, void %for.inc13.1.i.i.exitStub" [src/conv1.cpp:88->src/conv1.cpp:165->src/conv1.cpp:78]   --->   Operation 13 'br' 'br_ln88' <Predicate = true> <Delay = 0.00>
ST_1 : Operation 14 [1/1] (0.00ns)   --->   "%zext_ln90 = zext i8 %w_5" [src/conv1.cpp:90->src/conv1.cpp:165->src/conv1.cpp:78]   --->   Operation 14 'zext' 'zext_ln90' <Predicate = (!icmp_ln88)> <Delay = 0.00>
ST_1 : Operation 15 [1/1] (0.83ns)   --->   "%add_ln90 = add i14 %sub_ln90_2_read, i14 %zext_ln90" [src/conv1.cpp:90->src/conv1.cpp:165->src/conv1.cpp:78]   --->   Operation 15 'add' 'add_ln90' <Predicate = (!icmp_ln88)> <Delay = 0.83> <CoreInst = "Adder">   --->   Core 1 'Adder' <Latency = 0> <II = 1> <Delay = 0.83> <FuncUnit> <Opcode : 'add' 'sub'> <InPorts = 2> <OutPorts = 1>
ST_1 : Operation 16 [1/1] (0.00ns)   --->   "%zext_ln90_6 = zext i14 %add_ln90" [src/conv1.cpp:90->src/conv1.cpp:165->src/conv1.cpp:78]   --->   Operation 16 'zext' 'zext_ln90_6' <Predicate = (!icmp_ln88)> <Delay = 0.00>
ST_1 : Operation 17 [1/1] (0.00ns)   --->   "%conv1_float_255_255_float_1_9_9_float_float_255_255_ou_10 = getelementptr i32 %conv1_float_255_255_float_1_9_9_float_float_255_255_ou_1, i64 0, i64 %zext_ln90_6" [src/conv1.cpp:90->src/conv1.cpp:165->src/conv1.cpp:78]   --->   Operation 17 'getelementptr' 'conv1_float_255_255_float_1_9_9_float_float_255_255_ou_10' <Predicate = (!icmp_ln88)> <Delay = 0.00>
ST_1 : Operation 18 [1/1] (0.00ns)   --->   "%conv1_float_255_255_float_1_9_9_float_float_255_255_ou_11 = getelementptr i32 %conv1_float_255_255_float_1_9_9_float_float_255_255_ou, i64 0, i64 %zext_ln90_6" [src/conv1.cpp:90->src/conv1.cpp:165->src/conv1.cpp:78]   --->   Operation 18 'getelementptr' 'conv1_float_255_255_float_1_9_9_float_float_255_255_ou_11' <Predicate = (!icmp_ln88)> <Delay = 0.00>
ST_1 : Operation 19 [1/1] (0.00ns)   --->   "%speclooptripcount_ln88 = speclooptripcount void @_ssdm_op_SpecLoopTripCount, i64 255, i64 255, i64 255" [src/conv1.cpp:88->src/conv1.cpp:165->src/conv1.cpp:78]   --->   Operation 19 'speclooptripcount' 'speclooptripcount_ln88' <Predicate = (!icmp_ln88)> <Delay = 0.00>
ST_1 : Operation 20 [1/1] (0.00ns)   --->   "%specloopname_ln88 = specloopname void @_ssdm_op_SpecLoopName, void @empty_7" [src/conv1.cpp:88->src/conv1.cpp:165->src/conv1.cpp:78]   --->   Operation 20 'specloopname' 'specloopname_ln88' <Predicate = (!icmp_ln88)> <Delay = 0.00>
ST_1 : Operation 21 [1/1] (0.00ns)   --->   "%br_ln90 = br i1 %trunc_ln24_read, void %arrayidx1223.1.i.i.case.0, void %arrayidx1223.1.i.i.case.1" [src/conv1.cpp:90->src/conv1.cpp:165->src/conv1.cpp:78]   --->   Operation 21 'br' 'br_ln90' <Predicate = (!icmp_ln88)> <Delay = 0.00>
ST_1 : Operation 22 [1/1] (1.23ns)   --->   "%store_ln90 = store i32 0, i14 %conv1_float_255_255_float_1_9_9_float_float_255_255_ou_10" [src/conv1.cpp:90->src/conv1.cpp:165->src/conv1.cpp:78]   --->   Operation 22 'store' 'store_ln90' <Predicate = (!icmp_ln88 & !trunc_ln24_read)> <Delay = 1.23> <CoreInst = "RAM">   --->   Core 83 'RAM' <Latency = 1> <II = 1> <Delay = 1.23> <Storage> <Opcode : 'load' 'store'> <Ports = 2> <Width = 32> <Depth = 15300> <RAM>
ST_1 : Operation 23 [1/1] (0.00ns)   --->   "%br_ln90 = br void %arrayidx1223.1.i.i.exit" [src/conv1.cpp:90->src/conv1.cpp:165->src/conv1.cpp:78]   --->   Operation 23 'br' 'br_ln90' <Predicate = (!icmp_ln88 & !trunc_ln24_read)> <Delay = 0.00>
ST_1 : Operation 24 [1/1] (1.23ns)   --->   "%store_ln90 = store i32 0, i14 %conv1_float_255_255_float_1_9_9_float_float_255_255_ou_11" [src/conv1.cpp:90->src/conv1.cpp:165->src/conv1.cpp:78]   --->   Operation 24 'store' 'store_ln90' <Predicate = (!icmp_ln88 & trunc_ln24_read)> <Delay = 1.23> <CoreInst = "RAM">   --->   Core 83 'RAM' <Latency = 1> <II = 1> <Delay = 1.23> <Storage> <Opcode : 'load' 'store'> <Ports = 2> <Width = 32> <Depth = 15300> <RAM>
ST_1 : Operation 25 [1/1] (0.00ns)   --->   "%br_ln90 = br void %arrayidx1223.1.i.i.exit" [src/conv1.cpp:90->src/conv1.cpp:165->src/conv1.cpp:78]   --->   Operation 25 'br' 'br_ln90' <Predicate = (!icmp_ln88 & trunc_ln24_read)> <Delay = 0.00>
ST_1 : Operation 26 [1/1] (0.42ns)   --->   "%store_ln88 = store i8 %add_ln88, i8 %w" [src/conv1.cpp:88->src/conv1.cpp:165->src/conv1.cpp:78]   --->   Operation 26 'store' 'store_ln88' <Predicate = (!icmp_ln88)> <Delay = 0.42>
ST_1 : Operation 27 [1/1] (0.00ns)   --->   "%br_ln88 = br void %for.inc.1.i.i" [src/conv1.cpp:88->src/conv1.cpp:165->src/conv1.cpp:78]   --->   Operation 27 'br' 'br_ln88' <Predicate = (!icmp_ln88)> <Delay = 0.00>
ST_1 : Operation 28 [1/1] (0.00ns)   --->   "%ret_ln0 = ret"   --->   Operation 28 'ret' 'ret_ln0' <Predicate = (icmp_ln88)> <Delay = 0.00>


============================================================
+ Verbose Summary: Timing violations
============================================================
Target clock period: 10.000ns, clock uncertainty: 2.700ns.

 <State 1>: 2.068ns
The critical path consists of the following:
	'alloca' operation ('w') [5]  (0.000 ns)
	'load' operation ('w', src/conv1.cpp:88->src/conv1.cpp:165->src/conv1.cpp:78) on local variable 'w' [11]  (0.000 ns)
	'add' operation ('add_ln90', src/conv1.cpp:90->src/conv1.cpp:165->src/conv1.cpp:78) [18]  (0.831 ns)
	'getelementptr' operation ('conv1_float_255_255_float_1_9_9_float_float_255_255_ou_10', src/conv1.cpp:90->src/conv1.cpp:165->src/conv1.cpp:78) [20]  (0.000 ns)
	'store' operation ('store_ln90', src/conv1.cpp:90->src/conv1.cpp:165->src/conv1.cpp:78) of constant 0 on array 'conv1_float_255_255_float_1_9_9_float_float_255_255_ou_1' [26]  (1.237 ns)


============================================================
+ Verbose Summary: Binding
============================================================
N/A
* FSMD analyzer results:
  - Output states:
 - Input state : 
  - Chain level:
	State 1


============================================================
+ Verbose Summary: Datapath Resource usage 
============================================================
N/A
