

================================================================
== Vitis HLS Report for 'conv1_Pipeline_RELU7'
================================================================
* Date:           Sat Nov  4 17:40:39 2023

* Version:        2023.1 (Build 3854077 on May  4 2023)
* Project:        srcnn_hls
* Solution:       solution1 (Vivado IP Flow Target)
* Product family: zynquplus
* Target device:  xck24-ubva530-2LV-c


================================================================
== Performance Estimates
================================================================
+ Timing: 
    * Summary: 
    +--------+----------+----------+------------+
    |  Clock |  Target  | Estimated| Uncertainty|
    +--------+----------+----------+------------+
    |ap_clk  |  10.00 ns|  6.437 ns|     2.70 ns|
    +--------+----------+----------+------------+

+ Latency: 
    * Summary: 
    +---------+---------+----------+----------+-----+-----+---------+
    |  Latency (cycles) |  Latency (absolute) |  Interval | Pipeline|
    |   min   |   max   |    min   |    max   | min | max |   Type  |
    +---------+---------+----------+----------+-----+-----+---------+
    |      517|      517|  5.170 us|  5.170 us|  517|  517|       no|
    +---------+---------+----------+----------+-----+-----+---------+

    + Detail: 
        * Instance: 
        N/A

        * Loop: 
        +----------+---------+---------+----------+-----------+-----------+------+----------+
        |          |  Latency (cycles) | Iteration|  Initiation Interval  | Trip |          |
        | Loop Name|   min   |   max   |  Latency |  achieved |   target  | Count| Pipelined|
        +----------+---------+---------+----------+-----------+-----------+------+----------+
        |- RELU    |      515|      515|         8|          2|          2|   255|       yes|
        +----------+---------+---------+----------+-----------+-----------+------+----------+



================================================================
== Utilization Estimates
================================================================
* Summary: 
+-----------------+---------+-----+--------+-------+-----+
|       Name      | BRAM_18K| DSP |   FF   |  LUT  | URAM|
+-----------------+---------+-----+--------+-------+-----+
|DSP              |        -|    -|       -|      -|    -|
|Expression       |        -|    -|       0|    113|    -|
|FIFO             |        -|    -|       -|      -|    -|
|Instance         |        -|    -|       0|      9|    -|
|Memory           |        -|    -|       -|      -|    -|
|Multiplexer      |        -|    -|       -|     87|    -|
|Register         |        -|    -|     303|     96|    -|
+-----------------+---------+-----+--------+-------+-----+
|Total            |        0|    0|     303|    305|    0|
+-----------------+---------+-----+--------+-------+-----+
|Available        |      432|  360|  141120|  70560|    0|
+-----------------+---------+-----+--------+-------+-----+
|Utilization (%)  |        0|    0|      ~0|     ~0|    0|
+-----------------+---------+-----+--------+-------+-----+

+ Detail: 
    * Instance: 
    +---------------------+----------------+---------+----+---+----+-----+
    |       Instance      |     Module     | BRAM_18K| DSP| FF| LUT| URAM|
    +---------------------+----------------+---------+----+---+----+-----+
    |mux_2_1_32_1_1_U107  |mux_2_1_32_1_1  |        0|   0|  0|   9|    0|
    +---------------------+----------------+---------+----+---+----+-----+
    |Total                |                |        0|   0|  0|   9|    0|
    +---------------------+----------------+---------+----+---+----+-----+

    * DSP: 
    N/A

    * Memory: 
    N/A

    * FIFO: 
    N/A

    * Expression: 
    +------------------------+----------+----+---+----+------------+------------+
    |      Variable Name     | Operation| DSP| FF| LUT| Bitwidth P0| Bitwidth P1|
    +------------------------+----------+----+---+----+------------+------------+
    |add_ln137_fu_121_p2     |         +|   0|  0|  15|           8|           1|
    |and_ln142_fu_202_p2     |       and|   0|  0|   2|           1|           1|
    |icmp_ln137_fu_115_p2    |      icmp|   0|  0|  15|           8|           2|
    |icmp_ln142_1_fu_190_p2  |      icmp|   0|  0|  30|          23|           1|
    |icmp_ln142_fu_184_p2    |      icmp|   0|  0|  15|           8|           2|
    |or_ln142_fu_196_p2      |        or|   0|  0|   2|           1|           1|
    |value_1_fu_208_p3       |    select|   0|  0|  32|           1|           1|
    |ap_enable_pp0           |       xor|   0|  0|   2|           1|           2|
    +------------------------+----------+----+---+----+------------+------------+
    |Total                   |          |   0|  0| 113|          51|          11|
    +------------------------+----------+----+---+----+------------+------------+

    * Multiplexer: 
    +-------------------------------------------------------------------+----+-----------+-----+-----------+
    |                                Name                               | LUT| Input Size| Bits| Total Bits|
    +-------------------------------------------------------------------+----+-----------+-----+-----------+
    |ap_NS_fsm                                                          |  14|          3|    1|          3|
    |ap_done_int                                                        |   9|          2|    1|          2|
    |ap_enable_reg_pp0_iter0                                            |   9|          2|    1|          2|
    |ap_enable_reg_pp0_iter1                                            |   9|          2|    1|          2|
    |ap_sig_allocacmp_bw                                                |   9|          2|    8|         16|
    |bw_3_fu_56                                                         |   9|          2|    8|         16|
    |conv1_float_255_255_float_1_9_9_float_float_255_255_ou_1_address0  |  14|          3|   14|         42|
    |conv1_float_255_255_float_1_9_9_float_float_255_255_ou_address0    |  14|          3|   14|         42|
    +-------------------------------------------------------------------+----+-----------+-----+-----------+
    |Total                                                              |  87|         19|   48|        125|
    +-------------------------------------------------------------------+----+-----------+-----+-----------+

    * Register: 
    +------------------------------------------------------------------+----+----+-----+-----------+
    |                               Name                               | FF | LUT| Bits| Const Bits|
    +------------------------------------------------------------------+----+----+-----+-----------+
    |ap_CS_fsm                                                         |   2|   0|    2|          0|
    |ap_done_reg                                                       |   1|   0|    1|          0|
    |ap_enable_reg_pp0_iter0_reg                                       |   1|   0|    1|          0|
    |ap_enable_reg_pp0_iter1                                           |   1|   0|    1|          0|
    |ap_enable_reg_pp0_iter2                                           |   1|   0|    1|          0|
    |ap_enable_reg_pp0_iter3                                           |   1|   0|    1|          0|
    |ap_loop_exit_ready_pp0_iter1_reg                                  |   1|   0|    1|          0|
    |ap_loop_exit_ready_pp0_iter2_reg                                  |   1|   0|    1|          0|
    |bw_3_fu_56                                                        |   8|   0|    8|          0|
    |conv1_float_255_255_float_1_9_9_float_float_255_255_ou_2_reg_233  |  14|   0|   14|          0|
    |conv1_float_255_255_float_1_9_9_float_float_255_255_ou_3_reg_238  |  14|   0|   14|          0|
    |icmp_ln137_reg_229                                                |   1|   0|    1|          0|
    |tmp_125_reg_243                                                   |   1|   0|    1|          0|
    |tmp_179_reg_248                                                   |  32|   0|   32|          0|
    |value_reg_253                                                     |  32|   0|   32|          0|
    |conv1_float_255_255_float_1_9_9_float_float_255_255_ou_2_reg_233  |  64|  32|   14|          0|
    |conv1_float_255_255_float_1_9_9_float_float_255_255_ou_3_reg_238  |  64|  32|   14|          0|
    |tmp_125_reg_243                                                   |  64|  32|    1|          0|
    +------------------------------------------------------------------+----+----+-----+-----------+
    |Total                                                             | 303|  96|  140|          0|
    +------------------------------------------------------------------+----+----+-----+-----------+



================================================================
== Interface
================================================================
* Summary: 
+-------------------------------------------------------------------+-----+-----+------------+----------------------------------------------------------+--------------+
|                             RTL Ports                             | Dir | Bits|  Protocol  |                       Source Object                      |    C Type    |
+-------------------------------------------------------------------+-----+-----+------------+----------------------------------------------------------+--------------+
|ap_clk                                                             |   in|    1|  ap_ctrl_hs|                                      conv1_Pipeline_RELU7|  return value|
|ap_rst                                                             |   in|    1|  ap_ctrl_hs|                                      conv1_Pipeline_RELU7|  return value|
|ap_start                                                           |   in|    1|  ap_ctrl_hs|                                      conv1_Pipeline_RELU7|  return value|
|ap_done                                                            |  out|    1|  ap_ctrl_hs|                                      conv1_Pipeline_RELU7|  return value|
|ap_idle                                                            |  out|    1|  ap_ctrl_hs|                                      conv1_Pipeline_RELU7|  return value|
|ap_ready                                                           |  out|    1|  ap_ctrl_hs|                                      conv1_Pipeline_RELU7|  return value|
|grp_fu_2561_p_din0                                                 |  out|   32|  ap_ctrl_hs|                                      conv1_Pipeline_RELU7|  return value|
|grp_fu_2561_p_din1                                                 |  out|   32|  ap_ctrl_hs|                                      conv1_Pipeline_RELU7|  return value|
|grp_fu_2561_p_opcode                                               |  out|    5|  ap_ctrl_hs|                                      conv1_Pipeline_RELU7|  return value|
|grp_fu_2561_p_dout0                                                |   in|    1|  ap_ctrl_hs|                                      conv1_Pipeline_RELU7|  return value|
|grp_fu_2561_p_ce                                                   |  out|    1|  ap_ctrl_hs|                                      conv1_Pipeline_RELU7|  return value|
|grp_fu_2525_p_din0                                                 |  out|   32|  ap_ctrl_hs|                                      conv1_Pipeline_RELU7|  return value|
|grp_fu_2525_p_din1                                                 |  out|   32|  ap_ctrl_hs|                                      conv1_Pipeline_RELU7|  return value|
|grp_fu_2525_p_opcode                                               |  out|    2|  ap_ctrl_hs|                                      conv1_Pipeline_RELU7|  return value|
|grp_fu_2525_p_dout0                                                |   in|   32|  ap_ctrl_hs|                                      conv1_Pipeline_RELU7|  return value|
|grp_fu_2525_p_ce                                                   |  out|    1|  ap_ctrl_hs|                                      conv1_Pipeline_RELU7|  return value|
|tmp_552                                                            |   in|    7|     ap_none|                                                   tmp_552|        scalar|
|empty                                                              |   in|   32|     ap_none|                                                     empty|        scalar|
|conv1_float_255_255_float_1_9_9_float_float_255_255_ou_1_address0  |  out|   14|   ap_memory|  conv1_float_255_255_float_1_9_9_float_float_255_255_ou_1|         array|
|conv1_float_255_255_float_1_9_9_float_float_255_255_ou_1_ce0       |  out|    1|   ap_memory|  conv1_float_255_255_float_1_9_9_float_float_255_255_ou_1|         array|
|conv1_float_255_255_float_1_9_9_float_float_255_255_ou_1_we0       |  out|    1|   ap_memory|  conv1_float_255_255_float_1_9_9_float_float_255_255_ou_1|         array|
|conv1_float_255_255_float_1_9_9_float_float_255_255_ou_1_d0        |  out|   32|   ap_memory|  conv1_float_255_255_float_1_9_9_float_float_255_255_ou_1|         array|
|conv1_float_255_255_float_1_9_9_float_float_255_255_ou_1_q0        |   in|   32|   ap_memory|  conv1_float_255_255_float_1_9_9_float_float_255_255_ou_1|         array|
|conv1_float_255_255_float_1_9_9_float_float_255_255_ou_address0    |  out|   14|   ap_memory|    conv1_float_255_255_float_1_9_9_float_float_255_255_ou|         array|
|conv1_float_255_255_float_1_9_9_float_float_255_255_ou_ce0         |  out|    1|   ap_memory|    conv1_float_255_255_float_1_9_9_float_float_255_255_ou|         array|
|conv1_float_255_255_float_1_9_9_float_float_255_255_ou_we0         |  out|    1|   ap_memory|    conv1_float_255_255_float_1_9_9_float_float_255_255_ou|         array|
|conv1_float_255_255_float_1_9_9_float_float_255_255_ou_d0          |  out|   32|   ap_memory|    conv1_float_255_255_float_1_9_9_float_float_255_255_ou|         array|
|conv1_float_255_255_float_1_9_9_float_float_255_255_ou_q0          |   in|   32|   ap_memory|    conv1_float_255_255_float_1_9_9_float_float_255_255_ou|         array|
+-------------------------------------------------------------------+-----+-----+------------+----------------------------------------------------------+--------------+

============================================================
+ Verbose Summary: Synthesis Manager
============================================================
InlineROM: 1
ExposeGlobal: 0
============================================================
+ Verbose Summary: CDFG Model
============================================================
IsTopModel: 0
ResetActiveHigh: 1
IsCombinational: 2
IsDatapathOnly: 2
HasWiredReturn: 1
HasMFsm: 2
HasVarLatency: 1
IsPipeline: 0
IsRtlPipelined: 0
IsInstanceOverlapped: 0
IsDontTouch: 0
HasImplIP: 0
IsGatedGlobalClock: 0

+ Individual pipeline summary: 
  * Pipeline-0: initiation interval (II) = 2, depth = 8


============================================================
+ Verbose Summary: Schedule
============================================================
* Number of FSM states : 8
* Pipeline : 1
  Pipeline-0 : II = 2, D = 8, States = { 1 2 3 4 5 6 7 8 }
* Dataflow Pipeline: 0

* FSM state transitions: 
1 --> 2 
2 --> 3 
3 --> 4 
4 --> 5 
5 --> 6 
6 --> 7 
7 --> 8 
8 --> 

* FSM state operations: 

State 1 <SV = 0> <Delay = 1.23>
ST_1 : Operation 11 [1/1] (0.00ns)   --->   "%bw_3 = alloca i32 1"   --->   Operation 11 'alloca' 'bw_3' <Predicate = true> <Delay = 0.00>
ST_1 : Operation 12 [1/1] (0.00ns)   --->   "%tmp = read i32 @_ssdm_op_Read.ap_auto.float, i32 %empty"   --->   Operation 12 'read' 'tmp' <Predicate = true> <Delay = 0.00>
ST_1 : Operation 13 [1/1] (0.00ns)   --->   "%tmp_552_read = read i7 @_ssdm_op_Read.ap_auto.i7, i7 %tmp_552"   --->   Operation 13 'read' 'tmp_552_read' <Predicate = true> <Delay = 0.00>
ST_1 : Operation 14 [1/1] (0.42ns)   --->   "%store_ln0 = store i8 0, i8 %bw_3"   --->   Operation 14 'store' 'store_ln0' <Predicate = true> <Delay = 0.42>
ST_1 : Operation 15 [1/1] (0.00ns)   --->   "%br_ln0 = br void %for.body8.1.i233"   --->   Operation 15 'br' 'br_ln0' <Predicate = true> <Delay = 0.00>
ST_1 : Operation 16 [1/1] (0.00ns)   --->   "%bw = load i8 %bw_3" [src/conv1.cpp:137->src/conv1.cpp:63]   --->   Operation 16 'load' 'bw' <Predicate = true> <Delay = 0.00>
ST_1 : Operation 17 [1/1] (0.76ns)   --->   "%icmp_ln137 = icmp_eq  i8 %bw, i8 255" [src/conv1.cpp:137->src/conv1.cpp:63]   --->   Operation 17 'icmp' 'icmp_ln137' <Predicate = true> <Delay = 0.76> <CoreInst = "Cmp">   --->   Core 9 'Cmp' <Latency = 0> <II = 1> <Delay = 0.76> <FuncUnit> <Opcode : 'icmp'> <InPorts = 2> <OutPorts = 1>
ST_1 : Operation 18 [1/1] (0.76ns)   --->   "%add_ln137 = add i8 %bw, i8 1" [src/conv1.cpp:137->src/conv1.cpp:63]   --->   Operation 18 'add' 'add_ln137' <Predicate = true> <Delay = 0.76> <CoreInst = "Adder">   --->   Core 1 'Adder' <Latency = 0> <II = 1> <Delay = 0.76> <FuncUnit> <Opcode : 'add' 'sub'> <InPorts = 2> <OutPorts = 1>
ST_1 : Operation 19 [1/1] (0.00ns)   --->   "%br_ln137 = br i1 %icmp_ln137, void %for.body8.1.i233.split, void %for.end.1.i.exitStub" [src/conv1.cpp:137->src/conv1.cpp:63]   --->   Operation 19 'br' 'br_ln137' <Predicate = true> <Delay = 0.00>
ST_1 : Operation 20 [1/1] (0.00ns)   --->   "%trunc_ln137 = trunc i8 %bw" [src/conv1.cpp:137->src/conv1.cpp:63]   --->   Operation 20 'trunc' 'trunc_ln137' <Predicate = (!icmp_ln137)> <Delay = 0.00>
ST_1 : Operation 21 [1/1] (0.00ns)   --->   "%tmp_s = bitconcatenate i14 @_ssdm_op_BitConcatenate.i14.i7.i7, i7 %tmp_552_read, i7 %trunc_ln137" [src/conv1.cpp:140->src/conv1.cpp:63]   --->   Operation 21 'bitconcatenate' 'tmp_s' <Predicate = (!icmp_ln137)> <Delay = 0.00>
ST_1 : Operation 22 [1/1] (0.00ns)   --->   "%zext_ln140 = zext i14 %tmp_s" [src/conv1.cpp:140->src/conv1.cpp:63]   --->   Operation 22 'zext' 'zext_ln140' <Predicate = (!icmp_ln137)> <Delay = 0.00>
ST_1 : Operation 23 [1/1] (0.00ns)   --->   "%conv1_float_255_255_float_1_9_9_float_float_255_255_ou_2 = getelementptr i32 %conv1_float_255_255_float_1_9_9_float_float_255_255_ou_1, i64 0, i64 %zext_ln140" [src/conv1.cpp:140->src/conv1.cpp:63]   --->   Operation 23 'getelementptr' 'conv1_float_255_255_float_1_9_9_float_float_255_255_ou_2' <Predicate = (!icmp_ln137)> <Delay = 0.00>
ST_1 : Operation 24 [1/1] (0.00ns)   --->   "%conv1_float_255_255_float_1_9_9_float_float_255_255_ou_3 = getelementptr i32 %conv1_float_255_255_float_1_9_9_float_float_255_255_ou, i64 0, i64 %zext_ln140" [src/conv1.cpp:140->src/conv1.cpp:63]   --->   Operation 24 'getelementptr' 'conv1_float_255_255_float_1_9_9_float_float_255_255_ou_3' <Predicate = (!icmp_ln137)> <Delay = 0.00>
ST_1 : Operation 25 [1/1] (0.00ns)   --->   "%tmp_125 = bitselect i1 @_ssdm_op_BitSelect.i1.i8.i32, i8 %bw, i32 7" [src/conv1.cpp:137->src/conv1.cpp:63]   --->   Operation 25 'bitselect' 'tmp_125' <Predicate = (!icmp_ln137)> <Delay = 0.00>
ST_1 : Operation 26 [2/2] (1.23ns)   --->   "%conv1_float_255_255_float_1_9_9_float_float_255_255_ou_4 = load i14 %conv1_float_255_255_float_1_9_9_float_float_255_255_ou_2" [src/conv1.cpp:140->src/conv1.cpp:63]   --->   Operation 26 'load' 'conv1_float_255_255_float_1_9_9_float_float_255_255_ou_4' <Predicate = (!icmp_ln137)> <Delay = 1.23> <CoreInst = "RAM">   --->   Core 83 'RAM' <Latency = 1> <II = 1> <Delay = 1.23> <Storage> <Opcode : 'load' 'store'> <Ports = 2> <Width = 32> <Depth = 15360> <RAM>
ST_1 : Operation 27 [2/2] (1.23ns)   --->   "%conv1_float_255_255_float_1_9_9_float_float_255_255_ou_5 = load i14 %conv1_float_255_255_float_1_9_9_float_float_255_255_ou_3" [src/conv1.cpp:140->src/conv1.cpp:63]   --->   Operation 27 'load' 'conv1_float_255_255_float_1_9_9_float_float_255_255_ou_5' <Predicate = (!icmp_ln137)> <Delay = 1.23> <CoreInst = "RAM">   --->   Core 83 'RAM' <Latency = 1> <II = 1> <Delay = 1.23> <Storage> <Opcode : 'load' 'store'> <Ports = 2> <Width = 32> <Depth = 15360> <RAM>
ST_1 : Operation 28 [1/1] (0.00ns)   --->   "%br_ln146 = br i1 %tmp_125, void %arrayidx1248.1.i.case.0, void %arrayidx1248.1.i.case.1" [src/conv1.cpp:146->src/conv1.cpp:63]   --->   Operation 28 'br' 'br_ln146' <Predicate = (!icmp_ln137)> <Delay = 0.00>
ST_1 : Operation 29 [1/1] (0.42ns)   --->   "%store_ln137 = store i8 %add_ln137, i8 %bw_3" [src/conv1.cpp:137->src/conv1.cpp:63]   --->   Operation 29 'store' 'store_ln137' <Predicate = (!icmp_ln137)> <Delay = 0.42>
ST_1 : Operation 30 [1/1] (0.00ns)   --->   "%br_ln137 = br void %for.body8.1.i233" [src/conv1.cpp:137->src/conv1.cpp:63]   --->   Operation 30 'br' 'br_ln137' <Predicate = (!icmp_ln137)> <Delay = 0.00>

State 2 <SV = 1> <Delay = 1.66>
ST_2 : Operation 31 [1/2] (1.23ns)   --->   "%conv1_float_255_255_float_1_9_9_float_float_255_255_ou_4 = load i14 %conv1_float_255_255_float_1_9_9_float_float_255_255_ou_2" [src/conv1.cpp:140->src/conv1.cpp:63]   --->   Operation 31 'load' 'conv1_float_255_255_float_1_9_9_float_float_255_255_ou_4' <Predicate = (!icmp_ln137)> <Delay = 1.23> <CoreInst = "RAM">   --->   Core 83 'RAM' <Latency = 1> <II = 1> <Delay = 1.23> <Storage> <Opcode : 'load' 'store'> <Ports = 2> <Width = 32> <Depth = 15360> <RAM>
ST_2 : Operation 32 [1/2] (1.23ns)   --->   "%conv1_float_255_255_float_1_9_9_float_float_255_255_ou_5 = load i14 %conv1_float_255_255_float_1_9_9_float_float_255_255_ou_3" [src/conv1.cpp:140->src/conv1.cpp:63]   --->   Operation 32 'load' 'conv1_float_255_255_float_1_9_9_float_float_255_255_ou_5' <Predicate = (!icmp_ln137)> <Delay = 1.23> <CoreInst = "RAM">   --->   Core 83 'RAM' <Latency = 1> <II = 1> <Delay = 1.23> <Storage> <Opcode : 'load' 'store'> <Ports = 2> <Width = 32> <Depth = 15360> <RAM>
ST_2 : Operation 33 [1/1] (0.42ns)   --->   "%tmp_179 = mux i32 @_ssdm_op_Mux.ap_auto.2f32.i1, i32 %conv1_float_255_255_float_1_9_9_float_float_255_255_ou_4, i32 %conv1_float_255_255_float_1_9_9_float_float_255_255_ou_5, i1 %tmp_125" [src/conv1.cpp:140->src/conv1.cpp:63]   --->   Operation 33 'mux' 'tmp_179' <Predicate = (!icmp_ln137)> <Delay = 0.42> <CoreInst = "Multiplexer">   --->   Core 76 'Multiplexer' <Latency = 0> <II = 1> <Delay = 0.42> <FuncUnit> <Opcode : 'mux'> <InPorts = 2> <OutPorts = 1>

State 3 <SV = 2> <Delay = 6.43>
ST_3 : [1/1] (1.53ns)   --->   Input mux for Operation 34 '%value = fadd i32 %tmp_179, i32 %tmp'
ST_3 : Operation 34 [4/4] (4.90ns)   --->   "%value = fadd i32 %tmp_179, i32 %tmp" [src/conv1.cpp:140->src/conv1.cpp:63]   --->   Operation 34 'fadd' 'value' <Predicate = true> <Delay = 4.90> <CoreInst = "FAddSub_fulldsp">   --->   Core 18 'FAddSub_fulldsp' <Latency = 3> <II = 1> <Delay = 6.43> <FuncUnit> <Opcode : 'fadd' 'fsub'> <InPorts = 2> <OutPorts = 1>

State 4 <SV = 3> <Delay = 6.43>
ST_4 : Operation 35 [3/4] (6.43ns)   --->   "%value = fadd i32 %tmp_179, i32 %tmp" [src/conv1.cpp:140->src/conv1.cpp:63]   --->   Operation 35 'fadd' 'value' <Predicate = true> <Delay = 6.43> <CoreInst = "FAddSub_fulldsp">   --->   Core 18 'FAddSub_fulldsp' <Latency = 3> <II = 1> <Delay = 6.43> <FuncUnit> <Opcode : 'fadd' 'fsub'> <InPorts = 2> <OutPorts = 1>

State 5 <SV = 4> <Delay = 6.43>
ST_5 : Operation 36 [2/4] (6.43ns)   --->   "%value = fadd i32 %tmp_179, i32 %tmp" [src/conv1.cpp:140->src/conv1.cpp:63]   --->   Operation 36 'fadd' 'value' <Predicate = true> <Delay = 6.43> <CoreInst = "FAddSub_fulldsp">   --->   Core 18 'FAddSub_fulldsp' <Latency = 3> <II = 1> <Delay = 6.43> <FuncUnit> <Opcode : 'fadd' 'fsub'> <InPorts = 2> <OutPorts = 1>

State 6 <SV = 5> <Delay = 6.43>
ST_6 : Operation 37 [1/4] (6.43ns)   --->   "%value = fadd i32 %tmp_179, i32 %tmp" [src/conv1.cpp:140->src/conv1.cpp:63]   --->   Operation 37 'fadd' 'value' <Predicate = true> <Delay = 6.43> <CoreInst = "FAddSub_fulldsp">   --->   Core 18 'FAddSub_fulldsp' <Latency = 3> <II = 1> <Delay = 6.43> <FuncUnit> <Opcode : 'fadd' 'fsub'> <InPorts = 2> <OutPorts = 1>
ST_6 : Operation 55 [1/1] (0.00ns)   --->   "%ret_ln0 = ret"   --->   Operation 55 'ret' 'ret_ln0' <Predicate = (icmp_ln137)> <Delay = 0.00>

State 7 <SV = 6> <Delay = 2.78>
ST_7 : [1/1] (0.62ns)   --->   Input mux for Operation 38 '%tmp_181 = fcmp_olt  i32 %value, i32 0'
ST_7 : Operation 38 [2/2] (2.15ns)   --->   "%tmp_181 = fcmp_olt  i32 %value, i32 0" [src/conv1.cpp:142->src/conv1.cpp:63]   --->   Operation 38 'fcmp' 'tmp_181' <Predicate = true> <Delay = 2.15> <CoreInst = "FCompare">   --->   Core 19 'FCompare' <Latency = 1> <II = 1> <Delay = 2.78> <FuncUnit> <Opcode : 'fcmp'> <InPorts = 2> <OutPorts = 1>

State 8 <SV = 7> <Delay = 4.46>
ST_8 : Operation 39 [1/1] (0.00ns)   --->   "%specpipeline_ln138 = specpipeline void @_ssdm_op_SpecPipeline, i32 2, i32 0, i32 0, i32 0, void @empty_40" [src/conv1.cpp:138->src/conv1.cpp:63]   --->   Operation 39 'specpipeline' 'specpipeline_ln138' <Predicate = true> <Delay = 0.00>
ST_8 : Operation 40 [1/1] (0.00ns)   --->   "%speclooptripcount_ln137 = speclooptripcount void @_ssdm_op_SpecLoopTripCount, i64 255, i64 255, i64 255" [src/conv1.cpp:137->src/conv1.cpp:63]   --->   Operation 40 'speclooptripcount' 'speclooptripcount_ln137' <Predicate = true> <Delay = 0.00>
ST_8 : Operation 41 [1/1] (0.00ns)   --->   "%specloopname_ln137 = specloopname void @_ssdm_op_SpecLoopName, void @empty_19" [src/conv1.cpp:137->src/conv1.cpp:63]   --->   Operation 41 'specloopname' 'specloopname_ln137' <Predicate = true> <Delay = 0.00>
ST_8 : Operation 42 [1/1] (0.00ns)   --->   "%bitcast_ln142 = bitcast i32 %value" [src/conv1.cpp:142->src/conv1.cpp:63]   --->   Operation 42 'bitcast' 'bitcast_ln142' <Predicate = true> <Delay = 0.00>
ST_8 : Operation 43 [1/1] (0.00ns)   --->   "%tmp_180 = partselect i8 @_ssdm_op_PartSelect.i8.i32.i32.i32, i32 %bitcast_ln142, i32 23, i32 30" [src/conv1.cpp:142->src/conv1.cpp:63]   --->   Operation 43 'partselect' 'tmp_180' <Predicate = true> <Delay = 0.00>
ST_8 : Operation 44 [1/1] (0.00ns)   --->   "%trunc_ln142 = trunc i32 %bitcast_ln142" [src/conv1.cpp:142->src/conv1.cpp:63]   --->   Operation 44 'trunc' 'trunc_ln142' <Predicate = true> <Delay = 0.00>
ST_8 : Operation 45 [1/1] (0.76ns)   --->   "%icmp_ln142 = icmp_ne  i8 %tmp_180, i8 255" [src/conv1.cpp:142->src/conv1.cpp:63]   --->   Operation 45 'icmp' 'icmp_ln142' <Predicate = true> <Delay = 0.76> <CoreInst = "Cmp">   --->   Core 9 'Cmp' <Latency = 0> <II = 1> <Delay = 0.76> <FuncUnit> <Opcode : 'icmp'> <InPorts = 2> <OutPorts = 1>
ST_8 : Operation 46 [1/1] (0.92ns)   --->   "%icmp_ln142_1 = icmp_eq  i23 %trunc_ln142, i23 0" [src/conv1.cpp:142->src/conv1.cpp:63]   --->   Operation 46 'icmp' 'icmp_ln142_1' <Predicate = true> <Delay = 0.92> <CoreInst = "Cmp">   --->   Core 9 'Cmp' <Latency = 0> <II = 1> <Delay = 0.92> <FuncUnit> <Opcode : 'icmp'> <InPorts = 2> <OutPorts = 1>
ST_8 : Operation 47 [1/1] (0.00ns) (grouped into LUT with out node value_1)   --->   "%or_ln142 = or i1 %icmp_ln142_1, i1 %icmp_ln142" [src/conv1.cpp:142->src/conv1.cpp:63]   --->   Operation 47 'or' 'or_ln142' <Predicate = true> <Delay = 0.00> <CoreInst = "LogicGate">   --->   Core 74 'LogicGate' <Latency = 0> <II = 1> <Delay = 0.28> <FuncUnit> <Opcode : 'and' 'or' 'xor'> <InPorts = 2> <OutPorts = 1>
ST_8 : Operation 48 [1/2] (2.78ns)   --->   "%tmp_181 = fcmp_olt  i32 %value, i32 0" [src/conv1.cpp:142->src/conv1.cpp:63]   --->   Operation 48 'fcmp' 'tmp_181' <Predicate = true> <Delay = 2.78> <CoreInst = "FCompare">   --->   Core 19 'FCompare' <Latency = 1> <II = 1> <Delay = 2.78> <FuncUnit> <Opcode : 'fcmp'> <InPorts = 2> <OutPorts = 1>
ST_8 : Operation 49 [1/1] (0.00ns) (grouped into LUT with out node value_1)   --->   "%and_ln142 = and i1 %or_ln142, i1 %tmp_181" [src/conv1.cpp:142->src/conv1.cpp:63]   --->   Operation 49 'and' 'and_ln142' <Predicate = true> <Delay = 0.00> <CoreInst = "LogicGate">   --->   Core 74 'LogicGate' <Latency = 0> <II = 1> <Delay = 0.28> <FuncUnit> <Opcode : 'and' 'or' 'xor'> <InPorts = 2> <OutPorts = 1>
ST_8 : Operation 50 [1/1] (0.44ns) (out node of the LUT)   --->   "%value_1 = select i1 %and_ln142, i32 0, i32 %value" [src/conv1.cpp:142->src/conv1.cpp:63]   --->   Operation 50 'select' 'value_1' <Predicate = true> <Delay = 0.44> <CoreInst = "Sel">   --->   Core 73 'Sel' <Latency = 0> <II = 1> <Delay = 0.44> <FuncUnit> <Opcode : 'select'> <InPorts = 3> <OutPorts = 1>
ST_8 : Operation 51 [1/1] (1.23ns)   --->   "%store_ln146 = store i32 %value_1, i14 %conv1_float_255_255_float_1_9_9_float_float_255_255_ou_2" [src/conv1.cpp:146->src/conv1.cpp:63]   --->   Operation 51 'store' 'store_ln146' <Predicate = (!tmp_125)> <Delay = 1.23> <CoreInst = "RAM">   --->   Core 83 'RAM' <Latency = 1> <II = 1> <Delay = 1.23> <Storage> <Opcode : 'load' 'store'> <Ports = 2> <Width = 32> <Depth = 15360> <RAM>
ST_8 : Operation 52 [1/1] (0.00ns)   --->   "%br_ln146 = br void %arrayidx1248.1.i.exit" [src/conv1.cpp:146->src/conv1.cpp:63]   --->   Operation 52 'br' 'br_ln146' <Predicate = (!tmp_125)> <Delay = 0.00>
ST_8 : Operation 53 [1/1] (1.23ns)   --->   "%store_ln146 = store i32 %value_1, i14 %conv1_float_255_255_float_1_9_9_float_float_255_255_ou_3" [src/conv1.cpp:146->src/conv1.cpp:63]   --->   Operation 53 'store' 'store_ln146' <Predicate = (tmp_125)> <Delay = 1.23> <CoreInst = "RAM">   --->   Core 83 'RAM' <Latency = 1> <II = 1> <Delay = 1.23> <Storage> <Opcode : 'load' 'store'> <Ports = 2> <Width = 32> <Depth = 15360> <RAM>
ST_8 : Operation 54 [1/1] (0.00ns)   --->   "%br_ln146 = br void %arrayidx1248.1.i.exit" [src/conv1.cpp:146->src/conv1.cpp:63]   --->   Operation 54 'br' 'br_ln146' <Predicate = (tmp_125)> <Delay = 0.00>


============================================================
+ Verbose Summary: Binding
============================================================
STG Binding: 
---------------- STG Properties BEGIN ----------------
- Is combinational: 0
- Is one-state seq: 0
- Is datapath-only: 0
- Is pipelined: 0
- Is top level: 0
Port [ Return ] is wired: 1; IO mode=ap_ctrl_hs:ce=0
Port [ tmp_552]:  wired=1; compound=0; hidden=0; nouse=0; global=0; static=0; extern=0; dir=0; type=0; pingpong=0; private_global=0; IO mode=ap_none:ce=0
Port [ empty]:  wired=1; compound=0; hidden=0; nouse=0; global=0; static=0; extern=0; dir=0; type=0; pingpong=0; private_global=0; IO mode=ap_none:ce=0
Port [ conv1_float_255_255_float_1_9_9_float_float_255_255_ou_1]:  wired=1; compound=1; hidden=0; nouse=0; global=1; static=1; extern=0; dir=2; type=1; pingpong=0; private_global=0; MemPort=[23]; IO mode=ap_memory:ce=0
Port [ conv1_float_255_255_float_1_9_9_float_float_255_255_ou]:  wired=1; compound=1; hidden=0; nouse=0; global=1; static=1; extern=0; dir=2; type=1; pingpong=0; private_global=0; MemPort=[23]; IO mode=ap_memory:ce=0
---------------- STG Properties END ------------------

---------------- Datapath Model BEGIN ----------------

<LifeTime>
<method=bitvector/>
bw_3                                                     (alloca           ) [ 010000000]
tmp                                                      (read             ) [ 011111100]
tmp_552_read                                             (read             ) [ 000000000]
store_ln0                                                (store            ) [ 000000000]
br_ln0                                                   (br               ) [ 000000000]
bw                                                       (load             ) [ 000000000]
icmp_ln137                                               (icmp             ) [ 011111100]
add_ln137                                                (add              ) [ 000000000]
br_ln137                                                 (br               ) [ 000000000]
trunc_ln137                                              (trunc            ) [ 000000000]
tmp_s                                                    (bitconcatenate   ) [ 000000000]
zext_ln140                                               (zext             ) [ 000000000]
conv1_float_255_255_float_1_9_9_float_float_255_255_ou_2 (getelementptr    ) [ 011111111]
conv1_float_255_255_float_1_9_9_float_float_255_255_ou_3 (getelementptr    ) [ 011111111]
tmp_125                                                  (bitselect        ) [ 011111111]
br_ln146                                                 (br               ) [ 000000000]
store_ln137                                              (store            ) [ 000000000]
br_ln137                                                 (br               ) [ 000000000]
conv1_float_255_255_float_1_9_9_float_float_255_255_ou_4 (load             ) [ 000000000]
conv1_float_255_255_float_1_9_9_float_float_255_255_ou_5 (load             ) [ 000000000]
tmp_179                                                  (mux              ) [ 011111100]
value                                                    (fadd             ) [ 011000011]
specpipeline_ln138                                       (specpipeline     ) [ 000000000]
speclooptripcount_ln137                                  (speclooptripcount) [ 000000000]
specloopname_ln137                                       (specloopname     ) [ 000000000]
bitcast_ln142                                            (bitcast          ) [ 000000000]
tmp_180                                                  (partselect       ) [ 000000000]
trunc_ln142                                              (trunc            ) [ 000000000]
icmp_ln142                                               (icmp             ) [ 000000000]
icmp_ln142_1                                             (icmp             ) [ 000000000]
or_ln142                                                 (or               ) [ 000000000]
tmp_181                                                  (fcmp             ) [ 000000000]
and_ln142                                                (and              ) [ 000000000]
value_1                                                  (select           ) [ 000000000]
store_ln146                                              (store            ) [ 000000000]
br_ln146                                                 (br               ) [ 000000000]
store_ln146                                              (store            ) [ 000000000]
br_ln146                                                 (br               ) [ 000000000]
ret_ln0                                                  (ret              ) [ 000000000]
</LifeTime>

<model>

<comp_list>
<comp id="0" class="1000" name="tmp_552">
<pin_list>
<pin id="1" dir="1" index="0" bw="1" slack="0"/>
</pin_list>
<bind>
<StgValue><ssdm name="tmp_552"/></StgValue>
</bind>
</comp>

<comp id="2" class="1000" name="empty">
<pin_list>
<pin id="3" dir="1" index="0" bw="1" slack="0"/>
</pin_list>
<bind>
<StgValue><ssdm name="empty"/></StgValue>
</bind>
</comp>

<comp id="4" class="1000" name="conv1_float_255_255_float_1_9_9_float_float_255_255_ou_1">
<pin_list>
<pin id="5" dir="1" index="0" bw="1" slack="0"/>
</pin_list>
<bind>
<StgValue><ssdm name="conv1_float_255_255_float_1_9_9_float_float_255_255_ou_1"/><MemPortTyVec>2 3 </MemPortTyVec>
</StgValue>
</bind>
</comp>

<comp id="6" class="1000" name="conv1_float_255_255_float_1_9_9_float_float_255_255_ou">
<pin_list>
<pin id="7" dir="1" index="0" bw="1" slack="0"/>
</pin_list>
<bind>
<StgValue><ssdm name="conv1_float_255_255_float_1_9_9_float_float_255_255_ou"/><MemPortTyVec>2 3 </MemPortTyVec>
</StgValue>
</bind>
</comp>

<comp id="8" class="1001" name="const_8">
<pin_list>
<pin id="9" dir="1" index="0" bw="1" slack="0"/>
</pin_list>
<bind>
<StgValue><ssdm name=""/></StgValue>
</bind>
</comp>

<comp id="10" class="1001" name="const_10">
<pin_list>
<pin id="11" dir="1" index="0" bw="1" slack="0"/>
</pin_list>
<bind>
<StgValue><ssdm name="_ssdm_op_Read.ap_auto.float"/></StgValue>
</bind>
</comp>

<comp id="12" class="1001" name="const_12">
<pin_list>
<pin id="13" dir="1" index="0" bw="1" slack="0"/>
</pin_list>
<bind>
<StgValue><ssdm name="_ssdm_op_Read.ap_auto.i7"/></StgValue>
</bind>
</comp>

<comp id="14" class="1001" name="const_14">
<pin_list>
<pin id="15" dir="1" index="0" bw="1" slack="0"/>
</pin_list>
<bind>
<StgValue><ssdm name=""/></StgValue>
</bind>
</comp>

<comp id="16" class="1001" name="const_16">
<pin_list>
<pin id="17" dir="1" index="0" bw="1" slack="0"/>
</pin_list>
<bind>
<StgValue><ssdm name=""/></StgValue>
</bind>
</comp>

<comp id="18" class="1001" name="const_18">
<pin_list>
<pin id="19" dir="1" index="0" bw="1" slack="0"/>
</pin_list>
<bind>
<StgValue><ssdm name=""/></StgValue>
</bind>
</comp>

<comp id="20" class="1001" name="const_20">
<pin_list>
<pin id="21" dir="1" index="0" bw="1" slack="0"/>
</pin_list>
<bind>
<StgValue><ssdm name="_ssdm_op_BitConcatenate.i14.i7.i7"/></StgValue>
</bind>
</comp>

<comp id="22" class="1001" name="const_22">
<pin_list>
<pin id="23" dir="1" index="0" bw="1" slack="0"/>
</pin_list>
<bind>
<StgValue><ssdm name=""/></StgValue>
</bind>
</comp>

<comp id="24" class="1001" name="const_24">
<pin_list>
<pin id="25" dir="1" index="0" bw="1" slack="0"/>
</pin_list>
<bind>
<StgValue><ssdm name="_ssdm_op_BitSelect.i1.i8.i32"/></StgValue>
</bind>
</comp>

<comp id="26" class="1001" name="const_26">
<pin_list>
<pin id="27" dir="1" index="0" bw="1" slack="0"/>
</pin_list>
<bind>
<StgValue><ssdm name=""/></StgValue>
</bind>
</comp>

<comp id="28" class="1001" name="const_28">
<pin_list>
<pin id="29" dir="1" index="0" bw="1" slack="0"/>
</pin_list>
<bind>
<StgValue><ssdm name="_ssdm_op_Mux.ap_auto.2f32.i1"/></StgValue>
</bind>
</comp>

<comp id="30" class="1001" name="const_30">
<pin_list>
<pin id="31" dir="1" index="0" bw="1" slack="0"/>
</pin_list>
<bind>
<StgValue><ssdm name=""/></StgValue>
</bind>
</comp>

<comp id="32" class="1001" name="const_32">
<pin_list>
<pin id="33" dir="1" index="0" bw="1" slack="2147483647"/>
</pin_list>
<bind>
<StgValue><ssdm name="_ssdm_op_SpecPipeline"/></StgValue>
</bind>
</comp>

<comp id="34" class="1001" name="const_34">
<pin_list>
<pin id="35" dir="1" index="0" bw="1" slack="2147483647"/>
</pin_list>
<bind>
<StgValue><ssdm name=""/></StgValue>
</bind>
</comp>

<comp id="36" class="1001" name="const_36">
<pin_list>
<pin id="37" dir="1" index="0" bw="1" slack="2147483647"/>
</pin_list>
<bind>
<StgValue><ssdm name=""/></StgValue>
</bind>
</comp>

<comp id="38" class="1001" name="const_38">
<pin_list>
<pin id="39" dir="1" index="0" bw="1" slack="2147483647"/>
</pin_list>
<bind>
<StgValue><ssdm name="empty_40"/></StgValue>
</bind>
</comp>

<comp id="40" class="1001" name="const_40">
<pin_list>
<pin id="41" dir="1" index="0" bw="1" slack="2147483647"/>
</pin_list>
<bind>
<StgValue><ssdm name="_ssdm_op_SpecLoopTripCount"/></StgValue>
</bind>
</comp>

<comp id="42" class="1001" name="const_42">
<pin_list>
<pin id="43" dir="1" index="0" bw="1" slack="2147483647"/>
</pin_list>
<bind>
<StgValue><ssdm name=""/></StgValue>
</bind>
</comp>

<comp id="44" class="1001" name="const_44">
<pin_list>
<pin id="45" dir="1" index="0" bw="1" slack="2147483647"/>
</pin_list>
<bind>
<StgValue><ssdm name="_ssdm_op_SpecLoopName"/></StgValue>
</bind>
</comp>

<comp id="46" class="1001" name="const_46">
<pin_list>
<pin id="47" dir="1" index="0" bw="1" slack="2147483647"/>
</pin_list>
<bind>
<StgValue><ssdm name="empty_19"/></StgValue>
</bind>
</comp>

<comp id="48" class="1001" name="const_48">
<pin_list>
<pin id="49" dir="1" index="0" bw="1" slack="0"/>
</pin_list>
<bind>
<StgValue><ssdm name="_ssdm_op_PartSelect.i8.i32.i32.i32"/></StgValue>
</bind>
</comp>

<comp id="50" class="1001" name="const_50">
<pin_list>
<pin id="51" dir="1" index="0" bw="1" slack="0"/>
</pin_list>
<bind>
<StgValue><ssdm name=""/></StgValue>
</bind>
</comp>

<comp id="52" class="1001" name="const_52">
<pin_list>
<pin id="53" dir="1" index="0" bw="1" slack="0"/>
</pin_list>
<bind>
<StgValue><ssdm name=""/></StgValue>
</bind>
</comp>

<comp id="54" class="1001" name="const_54">
<pin_list>
<pin id="55" dir="1" index="0" bw="1" slack="0"/>
</pin_list>
<bind>
<StgValue><ssdm name=""/></StgValue>
</bind>
</comp>

<comp id="56" class="1004" name="bw_3_fu_56">
<pin_list>
<pin id="57" dir="0" index="0" bw="1" slack="0"/>
<pin id="58" dir="1" index="1" bw="8" slack="0"/>
</pin_list>
<bind>
<opcode="alloca(26) " fcode="alloca"/>
<opset="bw_3/1 "/>
</bind>
</comp>

<comp id="60" class="1004" name="tmp_read_fu_60">
<pin_list>
<pin id="61" dir="0" index="0" bw="32" slack="0"/>
<pin id="62" dir="0" index="1" bw="32" slack="0"/>
<pin id="63" dir="1" index="2" bw="32" slack="2"/>
</pin_list>
<bind>
<opcode="read(1150) " fcode="read"/>
<opset="tmp/1 "/>
</bind>
</comp>

<comp id="66" class="1004" name="tmp_552_read_read_fu_66">
<pin_list>
<pin id="67" dir="0" index="0" bw="7" slack="0"/>
<pin id="68" dir="0" index="1" bw="7" slack="0"/>
<pin id="69" dir="1" index="2" bw="7" slack="0"/>
</pin_list>
<bind>
<opcode="read(1150) " fcode="read"/>
<opset="tmp_552_read/1 "/>
</bind>
</comp>

<comp id="72" class="1004" name="conv1_float_255_255_float_1_9_9_float_float_255_255_ou_2_gep_fu_72">
<pin_list>
<pin id="73" dir="0" index="0" bw="32" slack="0"/>
<pin id="74" dir="0" index="1" bw="1" slack="0"/>
<pin id="75" dir="0" index="2" bw="14" slack="0"/>
<pin id="76" dir="1" index="3" bw="14" slack="0"/>
</pin_list>
<bind>
<opcode="getelementptr(29) " fcode="getelementptr"/>
<opset="conv1_float_255_255_float_1_9_9_float_float_255_255_ou_2/1 "/>
</bind>
</comp>

<comp id="79" class="1004" name="conv1_float_255_255_float_1_9_9_float_float_255_255_ou_3_gep_fu_79">
<pin_list>
<pin id="80" dir="0" index="0" bw="32" slack="0"/>
<pin id="81" dir="0" index="1" bw="1" slack="0"/>
<pin id="82" dir="0" index="2" bw="14" slack="0"/>
<pin id="83" dir="1" index="3" bw="14" slack="0"/>
</pin_list>
<bind>
<opcode="getelementptr(29) " fcode="getelementptr"/>
<opset="conv1_float_255_255_float_1_9_9_float_float_255_255_ou_3/1 "/>
</bind>
</comp>

<comp id="86" class="1004" name="grp_access_fu_86">
<pin_list>
<pin id="87" dir="0" index="0" bw="14" slack="0"/>
<pin id="88" dir="0" index="1" bw="32" slack="0"/>
<pin id="89" dir="0" index="2" bw="0" slack="2147483647"/>
<pin id="90" dir="1" index="3" bw="32" slack="0"/>
</pin_list>
<bind>
<opcode="load(27) store(28) " fcode="store"/>
<opset="conv1_float_255_255_float_1_9_9_float_float_255_255_ou_4/1 store_ln146/8 "/>
</bind>
</comp>

<comp id="92" class="1004" name="grp_access_fu_92">
<pin_list>
<pin id="93" dir="0" index="0" bw="14" slack="0"/>
<pin id="94" dir="0" index="1" bw="32" slack="0"/>
<pin id="95" dir="0" index="2" bw="0" slack="2147483647"/>
<pin id="96" dir="1" index="3" bw="32" slack="0"/>
</pin_list>
<bind>
<opcode="load(27) store(28) " fcode="store"/>
<opset="conv1_float_255_255_float_1_9_9_float_float_255_255_ou_5/1 store_ln146/8 "/>
</bind>
</comp>

<comp id="98" class="1004" name="grp_fu_98">
<pin_list>
<pin id="99" dir="0" index="0" bw="32" slack="1"/>
<pin id="100" dir="0" index="1" bw="32" slack="2"/>
<pin id="101" dir="1" index="2" bw="32" slack="1"/>
</pin_list>
<bind>
<opcode="fadd(9) " fcode="fadd"/>
<opset="value/3 "/>
</bind>
</comp>

<comp id="102" class="1004" name="grp_fu_102">
<pin_list>
<pin id="103" dir="0" index="0" bw="32" slack="1"/>
<pin id="104" dir="0" index="1" bw="32" slack="0"/>
<pin id="105" dir="1" index="2" bw="1" slack="0"/>
</pin_list>
<bind>
<opcode="fcmp(46) " fcode="fcmp"/>
<opset="tmp_181/7 "/>
</bind>
</comp>

<comp id="107" class="1004" name="store_ln0_store_fu_107">
<pin_list>
<pin id="108" dir="0" index="0" bw="1" slack="0"/>
<pin id="109" dir="0" index="1" bw="8" slack="0"/>
<pin id="110" dir="1" index="2" bw="0" slack="2147483647"/>
</pin_list>
<bind>
<opcode="store(28) " fcode="store"/>
<opset="store_ln0/1 "/>
</bind>
</comp>

<comp id="112" class="1004" name="bw_load_fu_112">
<pin_list>
<pin id="113" dir="0" index="0" bw="8" slack="0"/>
<pin id="114" dir="1" index="1" bw="8" slack="0"/>
</pin_list>
<bind>
<opcode="load(27) " fcode="load"/>
<opset="bw/1 "/>
</bind>
</comp>

<comp id="115" class="1004" name="icmp_ln137_fu_115">
<pin_list>
<pin id="116" dir="0" index="0" bw="8" slack="0"/>
<pin id="117" dir="0" index="1" bw="8" slack="0"/>
<pin id="118" dir="1" index="2" bw="1" slack="1"/>
</pin_list>
<bind>
<opcode="icmp(45) " fcode="icmp"/>
<opset="icmp_ln137/1 "/>
</bind>
</comp>

<comp id="121" class="1004" name="add_ln137_fu_121">
<pin_list>
<pin id="122" dir="0" index="0" bw="8" slack="0"/>
<pin id="123" dir="0" index="1" bw="1" slack="0"/>
<pin id="124" dir="1" index="2" bw="8" slack="0"/>
</pin_list>
<bind>
<opcode="add(8) " fcode="add"/>
<opset="add_ln137/1 "/>
</bind>
</comp>

<comp id="127" class="1004" name="trunc_ln137_fu_127">
<pin_list>
<pin id="128" dir="0" index="0" bw="8" slack="0"/>
<pin id="129" dir="1" index="1" bw="7" slack="0"/>
</pin_list>
<bind>
<opcode="trunc(33) " fcode="trunc"/>
<opset="trunc_ln137/1 "/>
</bind>
</comp>

<comp id="131" class="1004" name="tmp_s_fu_131">
<pin_list>
<pin id="132" dir="0" index="0" bw="14" slack="0"/>
<pin id="133" dir="0" index="1" bw="7" slack="0"/>
<pin id="134" dir="0" index="2" bw="7" slack="0"/>
<pin id="135" dir="1" index="3" bw="14" slack="0"/>
</pin_list>
<bind>
<opcode="bitconcatenate(1004) " fcode="bitconcatenate"/>
<opset="tmp_s/1 "/>
</bind>
</comp>

<comp id="139" class="1004" name="zext_ln140_fu_139">
<pin_list>
<pin id="140" dir="0" index="0" bw="14" slack="0"/>
<pin id="141" dir="1" index="1" bw="64" slack="0"/>
</pin_list>
<bind>
<opcode="zext(34) " fcode="zext"/>
<opset="zext_ln140/1 "/>
</bind>
</comp>

<comp id="145" class="1004" name="tmp_125_fu_145">
<pin_list>
<pin id="146" dir="0" index="0" bw="1" slack="0"/>
<pin id="147" dir="0" index="1" bw="8" slack="0"/>
<pin id="148" dir="0" index="2" bw="4" slack="0"/>
<pin id="149" dir="1" index="3" bw="1" slack="1"/>
</pin_list>
<bind>
<opcode="bitselect(1000) " fcode="bitselect"/>
<opset="tmp_125/1 "/>
</bind>
</comp>

<comp id="153" class="1004" name="store_ln137_store_fu_153">
<pin_list>
<pin id="154" dir="0" index="0" bw="8" slack="0"/>
<pin id="155" dir="0" index="1" bw="8" slack="0"/>
<pin id="156" dir="1" index="2" bw="0" slack="2147483647"/>
</pin_list>
<bind>
<opcode="store(28) " fcode="store"/>
<opset="store_ln137/1 "/>
</bind>
</comp>

<comp id="158" class="1004" name="tmp_179_fu_158">
<pin_list>
<pin id="159" dir="0" index="0" bw="32" slack="0"/>
<pin id="160" dir="0" index="1" bw="32" slack="0"/>
<pin id="161" dir="0" index="2" bw="32" slack="0"/>
<pin id="162" dir="0" index="3" bw="1" slack="1"/>
<pin id="163" dir="1" index="4" bw="32" slack="1"/>
</pin_list>
<bind>
<opcode="mux(1196) " fcode="mux"/>
<opset="tmp_179/2 "/>
</bind>
</comp>

<comp id="167" class="1004" name="bitcast_ln142_fu_167">
<pin_list>
<pin id="168" dir="0" index="0" bw="32" slack="2"/>
<pin id="169" dir="1" index="1" bw="32" slack="0"/>
</pin_list>
<bind>
<opcode="bitcast(44) " fcode="bitcast"/>
<opset="bitcast_ln142/8 "/>
</bind>
</comp>

<comp id="170" class="1004" name="tmp_180_fu_170">
<pin_list>
<pin id="171" dir="0" index="0" bw="8" slack="0"/>
<pin id="172" dir="0" index="1" bw="32" slack="0"/>
<pin id="173" dir="0" index="2" bw="6" slack="0"/>
<pin id="174" dir="0" index="3" bw="6" slack="0"/>
<pin id="175" dir="1" index="4" bw="8" slack="0"/>
</pin_list>
<bind>
<opcode="partselect(1002) " fcode="partselect"/>
<opset="tmp_180/8 "/>
</bind>
</comp>

<comp id="180" class="1004" name="trunc_ln142_fu_180">
<pin_list>
<pin id="181" dir="0" index="0" bw="32" slack="0"/>
<pin id="182" dir="1" index="1" bw="23" slack="0"/>
</pin_list>
<bind>
<opcode="trunc(33) " fcode="trunc"/>
<opset="trunc_ln142/8 "/>
</bind>
</comp>

<comp id="184" class="1004" name="icmp_ln142_fu_184">
<pin_list>
<pin id="185" dir="0" index="0" bw="8" slack="0"/>
<pin id="186" dir="0" index="1" bw="8" slack="0"/>
<pin id="187" dir="1" index="2" bw="1" slack="0"/>
</pin_list>
<bind>
<opcode="icmp(45) " fcode="icmp"/>
<opset="icmp_ln142/8 "/>
</bind>
</comp>

<comp id="190" class="1004" name="icmp_ln142_1_fu_190">
<pin_list>
<pin id="191" dir="0" index="0" bw="23" slack="0"/>
<pin id="192" dir="0" index="1" bw="23" slack="0"/>
<pin id="193" dir="1" index="2" bw="1" slack="0"/>
</pin_list>
<bind>
<opcode="icmp(45) " fcode="icmp"/>
<opset="icmp_ln142_1/8 "/>
</bind>
</comp>

<comp id="196" class="1004" name="or_ln142_fu_196">
<pin_list>
<pin id="197" dir="0" index="0" bw="1" slack="0"/>
<pin id="198" dir="0" index="1" bw="1" slack="0"/>
<pin id="199" dir="1" index="2" bw="1" slack="0"/>
</pin_list>
<bind>
<opcode="or(24) " fcode="or"/>
<opset="or_ln142/8 "/>
</bind>
</comp>

<comp id="202" class="1004" name="and_ln142_fu_202">
<pin_list>
<pin id="203" dir="0" index="0" bw="1" slack="0"/>
<pin id="204" dir="0" index="1" bw="1" slack="0"/>
<pin id="205" dir="1" index="2" bw="1" slack="0"/>
</pin_list>
<bind>
<opcode="and(23) " fcode="and"/>
<opset="and_ln142/8 "/>
</bind>
</comp>

<comp id="208" class="1004" name="value_1_fu_208">
<pin_list>
<pin id="209" dir="0" index="0" bw="1" slack="0"/>
<pin id="210" dir="0" index="1" bw="32" slack="0"/>
<pin id="211" dir="0" index="2" bw="32" slack="2"/>
<pin id="212" dir="1" index="3" bw="32" slack="0"/>
</pin_list>
<bind>
<opcode="select(49) " fcode="select"/>
<opset="value_1/8 "/>
</bind>
</comp>

<comp id="217" class="1005" name="bw_3_reg_217">
<pin_list>
<pin id="218" dir="0" index="0" bw="8" slack="0"/>
<pin id="219" dir="1" index="1" bw="8" slack="0"/>
</pin_list>
<bind>
<opset="bw_3 "/>
</bind>
</comp>

<comp id="224" class="1005" name="tmp_reg_224">
<pin_list>
<pin id="225" dir="0" index="0" bw="32" slack="2"/>
<pin id="226" dir="1" index="1" bw="32" slack="2"/>
</pin_list>
<bind>
<opset="tmp "/>
</bind>
</comp>

<comp id="229" class="1005" name="icmp_ln137_reg_229">
<pin_list>
<pin id="230" dir="0" index="0" bw="1" slack="1"/>
<pin id="231" dir="1" index="1" bw="1" slack="2147483647"/>
</pin_list>
<bind>
<opset="icmp_ln137 "/>
</bind>
</comp>

<comp id="233" class="1005" name="conv1_float_255_255_float_1_9_9_float_float_255_255_ou_2_reg_233">
<pin_list>
<pin id="234" dir="0" index="0" bw="14" slack="1"/>
<pin id="235" dir="1" index="1" bw="14" slack="1"/>
</pin_list>
<bind>
<opset="conv1_float_255_255_float_1_9_9_float_float_255_255_ou_2 "/>
</bind>
</comp>

<comp id="238" class="1005" name="conv1_float_255_255_float_1_9_9_float_float_255_255_ou_3_reg_238">
<pin_list>
<pin id="239" dir="0" index="0" bw="14" slack="1"/>
<pin id="240" dir="1" index="1" bw="14" slack="1"/>
</pin_list>
<bind>
<opset="conv1_float_255_255_float_1_9_9_float_float_255_255_ou_3 "/>
</bind>
</comp>

<comp id="243" class="1005" name="tmp_125_reg_243">
<pin_list>
<pin id="244" dir="0" index="0" bw="1" slack="1"/>
<pin id="245" dir="1" index="1" bw="1" slack="1"/>
</pin_list>
<bind>
<opset="tmp_125 "/>
</bind>
</comp>

<comp id="248" class="1005" name="tmp_179_reg_248">
<pin_list>
<pin id="249" dir="0" index="0" bw="32" slack="1"/>
<pin id="250" dir="1" index="1" bw="32" slack="1"/>
</pin_list>
<bind>
<opset="tmp_179 "/>
</bind>
</comp>

<comp id="253" class="1005" name="value_reg_253">
<pin_list>
<pin id="254" dir="0" index="0" bw="32" slack="1"/>
<pin id="255" dir="1" index="1" bw="32" slack="1"/>
</pin_list>
<bind>
<opset="value "/>
</bind>
</comp>

</comp_list>

<net_list>
<net id="59"><net_src comp="8" pin="0"/><net_sink comp="56" pin=0"/></net>

<net id="64"><net_src comp="10" pin="0"/><net_sink comp="60" pin=0"/></net>

<net id="65"><net_src comp="2" pin="0"/><net_sink comp="60" pin=1"/></net>

<net id="70"><net_src comp="12" pin="0"/><net_sink comp="66" pin=0"/></net>

<net id="71"><net_src comp="0" pin="0"/><net_sink comp="66" pin=1"/></net>

<net id="77"><net_src comp="4" pin="0"/><net_sink comp="72" pin=0"/></net>

<net id="78"><net_src comp="22" pin="0"/><net_sink comp="72" pin=1"/></net>

<net id="84"><net_src comp="6" pin="0"/><net_sink comp="79" pin=0"/></net>

<net id="85"><net_src comp="22" pin="0"/><net_sink comp="79" pin=1"/></net>

<net id="91"><net_src comp="72" pin="3"/><net_sink comp="86" pin=0"/></net>

<net id="97"><net_src comp="79" pin="3"/><net_sink comp="92" pin=0"/></net>

<net id="106"><net_src comp="30" pin="0"/><net_sink comp="102" pin=1"/></net>

<net id="111"><net_src comp="14" pin="0"/><net_sink comp="107" pin=0"/></net>

<net id="119"><net_src comp="112" pin="1"/><net_sink comp="115" pin=0"/></net>

<net id="120"><net_src comp="16" pin="0"/><net_sink comp="115" pin=1"/></net>

<net id="125"><net_src comp="112" pin="1"/><net_sink comp="121" pin=0"/></net>

<net id="126"><net_src comp="18" pin="0"/><net_sink comp="121" pin=1"/></net>

<net id="130"><net_src comp="112" pin="1"/><net_sink comp="127" pin=0"/></net>

<net id="136"><net_src comp="20" pin="0"/><net_sink comp="131" pin=0"/></net>

<net id="137"><net_src comp="66" pin="2"/><net_sink comp="131" pin=1"/></net>

<net id="138"><net_src comp="127" pin="1"/><net_sink comp="131" pin=2"/></net>

<net id="142"><net_src comp="131" pin="3"/><net_sink comp="139" pin=0"/></net>

<net id="143"><net_src comp="139" pin="1"/><net_sink comp="72" pin=2"/></net>

<net id="144"><net_src comp="139" pin="1"/><net_sink comp="79" pin=2"/></net>

<net id="150"><net_src comp="24" pin="0"/><net_sink comp="145" pin=0"/></net>

<net id="151"><net_src comp="112" pin="1"/><net_sink comp="145" pin=1"/></net>

<net id="152"><net_src comp="26" pin="0"/><net_sink comp="145" pin=2"/></net>

<net id="157"><net_src comp="121" pin="2"/><net_sink comp="153" pin=0"/></net>

<net id="164"><net_src comp="28" pin="0"/><net_sink comp="158" pin=0"/></net>

<net id="165"><net_src comp="86" pin="3"/><net_sink comp="158" pin=1"/></net>

<net id="166"><net_src comp="92" pin="3"/><net_sink comp="158" pin=2"/></net>

<net id="176"><net_src comp="48" pin="0"/><net_sink comp="170" pin=0"/></net>

<net id="177"><net_src comp="167" pin="1"/><net_sink comp="170" pin=1"/></net>

<net id="178"><net_src comp="50" pin="0"/><net_sink comp="170" pin=2"/></net>

<net id="179"><net_src comp="52" pin="0"/><net_sink comp="170" pin=3"/></net>

<net id="183"><net_src comp="167" pin="1"/><net_sink comp="180" pin=0"/></net>

<net id="188"><net_src comp="170" pin="4"/><net_sink comp="184" pin=0"/></net>

<net id="189"><net_src comp="16" pin="0"/><net_sink comp="184" pin=1"/></net>

<net id="194"><net_src comp="180" pin="1"/><net_sink comp="190" pin=0"/></net>

<net id="195"><net_src comp="54" pin="0"/><net_sink comp="190" pin=1"/></net>

<net id="200"><net_src comp="190" pin="2"/><net_sink comp="196" pin=0"/></net>

<net id="201"><net_src comp="184" pin="2"/><net_sink comp="196" pin=1"/></net>

<net id="206"><net_src comp="196" pin="2"/><net_sink comp="202" pin=0"/></net>

<net id="207"><net_src comp="102" pin="2"/><net_sink comp="202" pin=1"/></net>

<net id="213"><net_src comp="202" pin="2"/><net_sink comp="208" pin=0"/></net>

<net id="214"><net_src comp="30" pin="0"/><net_sink comp="208" pin=1"/></net>

<net id="215"><net_src comp="208" pin="3"/><net_sink comp="86" pin=1"/></net>

<net id="216"><net_src comp="208" pin="3"/><net_sink comp="92" pin=1"/></net>

<net id="220"><net_src comp="56" pin="1"/><net_sink comp="217" pin=0"/></net>

<net id="221"><net_src comp="217" pin="1"/><net_sink comp="107" pin=1"/></net>

<net id="222"><net_src comp="217" pin="1"/><net_sink comp="112" pin=0"/></net>

<net id="223"><net_src comp="217" pin="1"/><net_sink comp="153" pin=1"/></net>

<net id="227"><net_src comp="60" pin="2"/><net_sink comp="224" pin=0"/></net>

<net id="228"><net_src comp="224" pin="1"/><net_sink comp="98" pin=1"/></net>

<net id="232"><net_src comp="115" pin="2"/><net_sink comp="229" pin=0"/></net>

<net id="236"><net_src comp="72" pin="3"/><net_sink comp="233" pin=0"/></net>

<net id="237"><net_src comp="233" pin="1"/><net_sink comp="86" pin=0"/></net>

<net id="241"><net_src comp="79" pin="3"/><net_sink comp="238" pin=0"/></net>

<net id="242"><net_src comp="238" pin="1"/><net_sink comp="92" pin=0"/></net>

<net id="246"><net_src comp="145" pin="3"/><net_sink comp="243" pin=0"/></net>

<net id="247"><net_src comp="243" pin="1"/><net_sink comp="158" pin=3"/></net>

<net id="251"><net_src comp="158" pin="4"/><net_sink comp="248" pin=0"/></net>

<net id="252"><net_src comp="248" pin="1"/><net_sink comp="98" pin=0"/></net>

<net id="256"><net_src comp="98" pin="2"/><net_sink comp="253" pin=0"/></net>

<net id="257"><net_src comp="253" pin="1"/><net_sink comp="102" pin=0"/></net>

<net id="258"><net_src comp="253" pin="1"/><net_sink comp="167" pin=0"/></net>

<net id="259"><net_src comp="253" pin="1"/><net_sink comp="208" pin=2"/></net>

</net_list>

</model> 
---------------- Datapath Model END ------------------

* FSMD analyzer results:
  - Output states:
	Port: conv1_float_255_255_float_1_9_9_float_float_255_255_ou_1 | {8 }
	Port: conv1_float_255_255_float_1_9_9_float_float_255_255_ou | {8 }
 - Input state : 
	Port: conv1_Pipeline_RELU7 : tmp_552 | {1 }
	Port: conv1_Pipeline_RELU7 : empty | {1 }
	Port: conv1_Pipeline_RELU7 : conv1_float_255_255_float_1_9_9_float_float_255_255_ou_1 | {1 2 }
	Port: conv1_Pipeline_RELU7 : conv1_float_255_255_float_1_9_9_float_float_255_255_ou | {1 2 }
  - Chain level:
	State 1
		store_ln0 : 1
		bw : 1
		icmp_ln137 : 2
		add_ln137 : 2
		br_ln137 : 3
		trunc_ln137 : 2
		tmp_s : 3
		zext_ln140 : 4
		conv1_float_255_255_float_1_9_9_float_float_255_255_ou_2 : 5
		conv1_float_255_255_float_1_9_9_float_float_255_255_ou_3 : 5
		tmp_125 : 2
		conv1_float_255_255_float_1_9_9_float_float_255_255_ou_4 : 6
		conv1_float_255_255_float_1_9_9_float_float_255_255_ou_5 : 6
		br_ln146 : 3
		store_ln137 : 3
	State 2
		tmp_179 : 1
	State 3
	State 4
	State 5
	State 6
	State 7
	State 8
		tmp_180 : 1
		trunc_ln142 : 1
		icmp_ln142 : 2
		icmp_ln142_1 : 2
		or_ln142 : 3
		and_ln142 : 3
		value_1 : 3
		store_ln146 : 4
		store_ln146 : 4


============================================================
+ Verbose Summary: Datapath Resource usage 
============================================================

* Functional unit list:
|----------|-------------------------|---------|---------|---------|
| Operation|     Functional Unit     |   DSP   |    FF   |   LUT   |
|----------|-------------------------|---------|---------|---------|
|   fadd   |        grp_fu_98        |    2    |   227   |   214   |
|----------|-------------------------|---------|---------|---------|
|          |    icmp_ln137_fu_115    |    0    |    0    |    15   |
|   icmp   |    icmp_ln142_fu_184    |    0    |    0    |    15   |
|          |   icmp_ln142_1_fu_190   |    0    |    0    |    30   |
|----------|-------------------------|---------|---------|---------|
|  select  |      value_1_fu_208     |    0    |    0    |    32   |
|----------|-------------------------|---------|---------|---------|
|    add   |     add_ln137_fu_121    |    0    |    0    |    15   |
|----------|-------------------------|---------|---------|---------|
|    mux   |      tmp_179_fu_158     |    0    |    0    |    9    |
|----------|-------------------------|---------|---------|---------|
|    or    |     or_ln142_fu_196     |    0    |    0    |    2    |
|----------|-------------------------|---------|---------|---------|
|    and   |     and_ln142_fu_202    |    0    |    0    |    2    |
|----------|-------------------------|---------|---------|---------|
|   read   |      tmp_read_fu_60     |    0    |    0    |    0    |
|          | tmp_552_read_read_fu_66 |    0    |    0    |    0    |
|----------|-------------------------|---------|---------|---------|
|   fcmp   |        grp_fu_102       |    0    |    0    |    0    |
|----------|-------------------------|---------|---------|---------|
|   trunc  |    trunc_ln137_fu_127   |    0    |    0    |    0    |
|          |    trunc_ln142_fu_180   |    0    |    0    |    0    |
|----------|-------------------------|---------|---------|---------|
|bitconcatenate|       tmp_s_fu_131      |    0    |    0    |    0    |
|----------|-------------------------|---------|---------|---------|
|   zext   |    zext_ln140_fu_139    |    0    |    0    |    0    |
|----------|-------------------------|---------|---------|---------|
| bitselect|      tmp_125_fu_145     |    0    |    0    |    0    |
|----------|-------------------------|---------|---------|---------|
|partselect|      tmp_180_fu_170     |    0    |    0    |    0    |
|----------|-------------------------|---------|---------|---------|
|   Total  |                         |    2    |   227   |   334   |
|----------|-------------------------|---------|---------|---------|

Memories:
N/A

* Register list:
+----------------------------------------------------------------+--------+
|                                                                |   FF   |
+----------------------------------------------------------------+--------+
|                          bw_3_reg_217                          |    8   |
|conv1_float_255_255_float_1_9_9_float_float_255_255_ou_2_reg_233|   14   |
|conv1_float_255_255_float_1_9_9_float_float_255_255_ou_3_reg_238|   14   |
|                       icmp_ln137_reg_229                       |    1   |
|                         tmp_125_reg_243                        |    1   |
|                         tmp_179_reg_248                        |   32   |
|                           tmp_reg_224                          |   32   |
|                          value_reg_253                         |   32   |
+----------------------------------------------------------------+--------+
|                              Total                             |   134  |
+----------------------------------------------------------------+--------+

* Multiplexer (MUX) list: 
|------------------|------|------|------|--------||---------||---------|
|       Comp       |  Pin | Size |  BW  | S x BW ||  Delay  ||   LUT   |
|------------------|------|------|------|--------||---------||---------|
| grp_access_fu_86 |  p0  |   2  |  14  |   28   ||    9    |
| grp_access_fu_92 |  p0  |   2  |  14  |   28   ||    9    |
|------------------|------|------|------|--------||---------||---------|
|       Total      |      |      |      |   56   ||  0.854  ||    18   |
|------------------|------|------|------|--------||---------||---------|



* Summary:
+-----------+--------+--------+--------+--------+
|           |   DSP  |  Delay |   FF   |   LUT  |
+-----------+--------+--------+--------+--------+
|  Function |    2   |    -   |   227  |   334  |
|   Memory  |    -   |    -   |    -   |    -   |
|Multiplexer|    -   |    0   |    -   |   18   |
|  Register |    -   |    -   |   134  |    -   |
+-----------+--------+--------+--------+--------+
|   Total   |    2   |    0   |   361  |   352  |
+-----------+--------+--------+--------+--------+
