

================================================================
== Vitis HLS Report for 'conv2_Pipeline_RELU'
================================================================
* Date:           Thu Nov  2 03:20:21 2023

* Version:        2023.1 (Build 3854077 on May  4 2023)
* Project:        srcnn_hls
* Solution:       solution1 (Vivado IP Flow Target)
* Product family: zynquplus
* Target device:  xck24-ubva530-2LV-c


================================================================
== Performance Estimates
================================================================
+ Timing: 
    * Summary: 
    +--------+----------+----------+------------+
    |  Clock |  Target  | Estimated| Uncertainty|
    +--------+----------+----------+------------+
    |ap_clk  |  10.00 ns|  6.437 ns|     2.70 ns|
    +--------+----------+----------+------------+

+ Latency: 
    * Summary: 
    +---------+---------+----------+----------+-----+-----+---------+
    |  Latency (cycles) |  Latency (absolute) |  Interval | Pipeline|
    |   min   |   max   |    min   |    max   | min | max |   Type  |
    +---------+---------+----------+----------+-----+-----+---------+
    |      517|      517|  5.170 us|  5.170 us|  517|  517|       no|
    +---------+---------+----------+----------+-----+-----+---------+

    + Detail: 
        * Instance: 
        N/A

        * Loop: 
        +----------+---------+---------+----------+-----------+-----------+------+----------+
        |          |  Latency (cycles) | Iteration|  Initiation Interval  | Trip |          |
        | Loop Name|   min   |   max   |  Latency |  achieved |   target  | Count| Pipelined|
        +----------+---------+---------+----------+-----------+-----------+------+----------+
        |- RELU    |      515|      515|         8|          2|          2|   255|       yes|
        +----------+---------+---------+----------+-----------+-----------+------+----------+



================================================================
== Utilization Estimates
================================================================
* Summary: 
+-----------------+---------+-----+--------+-------+-----+
|       Name      | BRAM_18K| DSP |   FF   |  LUT  | URAM|
+-----------------+---------+-----+--------+-------+-----+
|DSP              |        -|    -|       -|      -|    -|
|Expression       |        -|    -|       0|    132|    -|
|FIFO             |        -|    -|       -|      -|    -|
|Instance         |        -|    -|       -|      -|    -|
|Memory           |        -|    -|       -|      -|    -|
|Multiplexer      |        -|    -|       -|     73|    -|
|Register         |        -|    -|     158|     32|    -|
+-----------------+---------+-----+--------+-------+-----+
|Total            |        0|    0|     158|    237|    0|
+-----------------+---------+-----+--------+-------+-----+
|Available        |      432|  360|  141120|  70560|    0|
+-----------------+---------+-----+--------+-------+-----+
|Utilization (%)  |        0|    0|      ~0|     ~0|    0|
+-----------------+---------+-----+--------+-------+-----+

+ Detail: 
    * Instance: 
    N/A

    * DSP: 
    N/A

    * Memory: 
    N/A

    * FIFO: 
    N/A

    * Expression: 
    +------------------------+----------+----+---+----+------------+------------+
    |      Variable Name     | Operation| DSP| FF| LUT| Bitwidth P0| Bitwidth P1|
    +------------------------+----------+----+---+----+------------+------------+
    |add_ln108_fu_98_p2      |         +|   0|  0|  15|           8|           1|
    |add_ln111_fu_108_p2     |         +|   0|  0|  19|          12|          12|
    |and_ln113_fu_159_p2     |       and|   0|  0|   2|           1|           1|
    |icmp_ln108_fu_92_p2     |      icmp|   0|  0|  15|           8|           2|
    |icmp_ln113_1_fu_147_p2  |      icmp|   0|  0|  30|          23|           1|
    |icmp_ln113_fu_141_p2    |      icmp|   0|  0|  15|           8|           2|
    |or_ln113_fu_153_p2      |        or|   0|  0|   2|           1|           1|
    |output_fm_buffer_d0     |    select|   0|  0|  32|           1|           1|
    |ap_enable_pp0           |       xor|   0|  0|   2|           1|           2|
    +------------------------+----------+----+---+----+------------+------------+
    |Total                   |          |   0|  0| 132|          63|          23|
    +------------------------+----------+----+---+----+------------+------------+

    * Multiplexer: 
    +---------------------------+----+-----------+-----+-----------+
    |            Name           | LUT| Input Size| Bits| Total Bits|
    +---------------------------+----+-----------+-----+-----------+
    |ap_NS_fsm                  |  14|          3|    1|          3|
    |ap_done_int                |   9|          2|    1|          2|
    |ap_enable_reg_pp0_iter0    |   9|          2|    1|          2|
    |ap_enable_reg_pp0_iter1    |   9|          2|    1|          2|
    |ap_sig_allocacmp_bw_4      |   9|          2|    8|         16|
    |bw_fu_46                   |   9|          2|    8|         16|
    |output_fm_buffer_address0  |  14|          3|   12|         36|
    +---------------------------+----+-----------+-----+-----------+
    |Total                      |  73|         16|   32|         77|
    +---------------------------+----+-----------+-----+-----------+

    * Register: 
    +----------------------------------+----+----+-----+-----------+
    |               Name               | FF | LUT| Bits| Const Bits|
    +----------------------------------+----+----+-----+-----------+
    |add15_0_i_reg_199                 |  32|   0|   32|          0|
    |ap_CS_fsm                         |   2|   0|    2|          0|
    |ap_done_reg                       |   1|   0|    1|          0|
    |ap_enable_reg_pp0_iter0_reg       |   1|   0|    1|          0|
    |ap_enable_reg_pp0_iter1           |   1|   0|    1|          0|
    |ap_enable_reg_pp0_iter2           |   1|   0|    1|          0|
    |ap_enable_reg_pp0_iter3           |   1|   0|    1|          0|
    |ap_loop_exit_ready_pp0_iter1_reg  |   1|   0|    1|          0|
    |ap_loop_exit_ready_pp0_iter2_reg  |   1|   0|    1|          0|
    |bw_fu_46                          |   8|   0|    8|          0|
    |icmp_ln108_reg_185                |   1|   0|    1|          0|
    |output_fm_buffer_addr_reg_189     |  12|   0|   12|          0|
    |output_fm_buffer_load_reg_194     |  32|   0|   32|          0|
    |output_fm_buffer_addr_reg_189     |  64|  32|   12|          0|
    +----------------------------------+----+----+-----+-----------+
    |Total                             | 158|  32|  106|          0|
    +----------------------------------+----+----+-----+-----------+



================================================================
== Interface
================================================================
* Summary: 
+---------------------------+-----+-----+------------+---------------------+--------------+
|         RTL Ports         | Dir | Bits|  Protocol  |    Source Object    |    C Type    |
+---------------------------+-----+-----+------------+---------------------+--------------+
|ap_clk                     |   in|    1|  ap_ctrl_hs|  conv2_Pipeline_RELU|  return value|
|ap_rst                     |   in|    1|  ap_ctrl_hs|  conv2_Pipeline_RELU|  return value|
|ap_start                   |   in|    1|  ap_ctrl_hs|  conv2_Pipeline_RELU|  return value|
|ap_done                    |  out|    1|  ap_ctrl_hs|  conv2_Pipeline_RELU|  return value|
|ap_idle                    |  out|    1|  ap_ctrl_hs|  conv2_Pipeline_RELU|  return value|
|ap_ready                   |  out|    1|  ap_ctrl_hs|  conv2_Pipeline_RELU|  return value|
|grp_fu_994_p_din0          |  out|   32|  ap_ctrl_hs|  conv2_Pipeline_RELU|  return value|
|grp_fu_994_p_din1          |  out|   32|  ap_ctrl_hs|  conv2_Pipeline_RELU|  return value|
|grp_fu_994_p_opcode        |  out|    2|  ap_ctrl_hs|  conv2_Pipeline_RELU|  return value|
|grp_fu_994_p_dout0         |   in|   32|  ap_ctrl_hs|  conv2_Pipeline_RELU|  return value|
|grp_fu_994_p_ce            |  out|    1|  ap_ctrl_hs|  conv2_Pipeline_RELU|  return value|
|grp_fu_1002_p_din0         |  out|   32|  ap_ctrl_hs|  conv2_Pipeline_RELU|  return value|
|grp_fu_1002_p_din1         |  out|   32|  ap_ctrl_hs|  conv2_Pipeline_RELU|  return value|
|grp_fu_1002_p_opcode       |  out|    5|  ap_ctrl_hs|  conv2_Pipeline_RELU|  return value|
|grp_fu_1002_p_dout0        |   in|    1|  ap_ctrl_hs|  conv2_Pipeline_RELU|  return value|
|grp_fu_1002_p_ce           |  out|    1|  ap_ctrl_hs|  conv2_Pipeline_RELU|  return value|
|sub_ln111_1                |   in|   12|     ap_none|          sub_ln111_1|        scalar|
|empty                      |   in|   32|     ap_none|                empty|        scalar|
|output_fm_buffer_address0  |  out|   12|   ap_memory|     output_fm_buffer|         array|
|output_fm_buffer_ce0       |  out|    1|   ap_memory|     output_fm_buffer|         array|
|output_fm_buffer_we0       |  out|    1|   ap_memory|     output_fm_buffer|         array|
|output_fm_buffer_d0        |  out|   32|   ap_memory|     output_fm_buffer|         array|
|output_fm_buffer_q0        |   in|   32|   ap_memory|     output_fm_buffer|         array|
+---------------------------+-----+-----+------------+---------------------+--------------+

============================================================
+ Verbose Summary: Synthesis Manager
============================================================
InlineROM: 1
ExposeGlobal: 0
============================================================
+ Verbose Summary: CDFG Model
============================================================
IsTopModel: 0
ResetActiveHigh: 1
IsCombinational: 2
IsDatapathOnly: 2
HasWiredReturn: 1
HasMFsm: 2
HasVarLatency: 1
IsPipeline: 0
IsRtlPipelined: 0
IsInstanceOverlapped: 0
IsDontTouch: 0
HasImplIP: 0
IsGatedGlobalClock: 0

+ Individual pipeline summary: 
  * Pipeline-0: initiation interval (II) = 2, depth = 8


============================================================
+ Verbose Summary: Schedule
============================================================
* Number of FSM states : 8
* Pipeline : 1
  Pipeline-0 : II = 2, D = 8, States = { 1 2 3 4 5 6 7 8 }
* Dataflow Pipeline: 0

* FSM state transitions: 
1 --> 2 
2 --> 3 
3 --> 4 
4 --> 5 
5 --> 6 
6 --> 7 
7 --> 8 
8 --> 

* FSM state operations: 

State 1 <SV = 0> <Delay = 2.04>
ST_1 : Operation 11 [1/1] (0.00ns)   --->   "%bw = alloca i32 1"   --->   Operation 11 'alloca' 'bw' <Predicate = true> <Delay = 0.00>
ST_1 : Operation 12 [1/1] (0.00ns)   --->   "%tmp = read i32 @_ssdm_op_Read.ap_auto.float, i32 %empty"   --->   Operation 12 'read' 'tmp' <Predicate = true> <Delay = 0.00>
ST_1 : Operation 13 [1/1] (0.00ns)   --->   "%sub_ln111_1_read = read i12 @_ssdm_op_Read.ap_auto.i12, i12 %sub_ln111_1"   --->   Operation 13 'read' 'sub_ln111_1_read' <Predicate = true> <Delay = 0.00>
ST_1 : Operation 14 [1/1] (0.42ns)   --->   "%store_ln0 = store i8 0, i8 %bw"   --->   Operation 14 'store' 'store_ln0' <Predicate = true> <Delay = 0.42>
ST_1 : Operation 15 [1/1] (0.00ns)   --->   "%br_ln0 = br void %for.body8.0.i"   --->   Operation 15 'br' 'br_ln0' <Predicate = true> <Delay = 0.00>
ST_1 : Operation 16 [1/1] (0.00ns)   --->   "%bw_4 = load i8 %bw" [src/conv2.cpp:108->src/conv2.cpp:51]   --->   Operation 16 'load' 'bw_4' <Predicate = true> <Delay = 0.00>
ST_1 : Operation 17 [1/1] (0.76ns)   --->   "%icmp_ln108 = icmp_eq  i8 %bw_4, i8 255" [src/conv2.cpp:108->src/conv2.cpp:51]   --->   Operation 17 'icmp' 'icmp_ln108' <Predicate = true> <Delay = 0.76> <CoreInst = "Cmp">   --->   Core 9 'Cmp' <Latency = 0> <II = 1> <Delay = 0.76> <FuncUnit> <Opcode : 'icmp'> <InPorts = 2> <OutPorts = 1>
ST_1 : Operation 18 [1/1] (0.76ns)   --->   "%add_ln108 = add i8 %bw_4, i8 1" [src/conv2.cpp:108->src/conv2.cpp:51]   --->   Operation 18 'add' 'add_ln108' <Predicate = true> <Delay = 0.76> <CoreInst = "Adder">   --->   Core 1 'Adder' <Latency = 0> <II = 1> <Delay = 0.76> <FuncUnit> <Opcode : 'add' 'sub'> <InPorts = 2> <OutPorts = 1>
ST_1 : Operation 19 [1/1] (0.00ns)   --->   "%br_ln108 = br i1 %icmp_ln108, void %for.body8.0.i.split, void %for.end.0.i.exitStub" [src/conv2.cpp:108->src/conv2.cpp:51]   --->   Operation 19 'br' 'br_ln108' <Predicate = true> <Delay = 0.00>
ST_1 : Operation 20 [1/1] (0.00ns)   --->   "%zext_ln111 = zext i8 %bw_4" [src/conv2.cpp:111->src/conv2.cpp:51]   --->   Operation 20 'zext' 'zext_ln111' <Predicate = (!icmp_ln108)> <Delay = 0.00>
ST_1 : Operation 21 [1/1] (0.80ns)   --->   "%add_ln111 = add i12 %sub_ln111_1_read, i12 %zext_ln111" [src/conv2.cpp:111->src/conv2.cpp:51]   --->   Operation 21 'add' 'add_ln111' <Predicate = (!icmp_ln108)> <Delay = 0.80> <CoreInst = "Adder">   --->   Core 1 'Adder' <Latency = 0> <II = 1> <Delay = 0.80> <FuncUnit> <Opcode : 'add' 'sub'> <InPorts = 2> <OutPorts = 1>
ST_1 : Operation 22 [1/1] (0.00ns)   --->   "%zext_ln111_2 = zext i12 %add_ln111" [src/conv2.cpp:111->src/conv2.cpp:51]   --->   Operation 22 'zext' 'zext_ln111_2' <Predicate = (!icmp_ln108)> <Delay = 0.00>
ST_1 : Operation 23 [1/1] (0.00ns)   --->   "%output_fm_buffer_addr = getelementptr i32 %output_fm_buffer, i64 0, i64 %zext_ln111_2" [src/conv2.cpp:111->src/conv2.cpp:51]   --->   Operation 23 'getelementptr' 'output_fm_buffer_addr' <Predicate = (!icmp_ln108)> <Delay = 0.00>
ST_1 : Operation 24 [2/2] (1.23ns)   --->   "%output_fm_buffer_load = load i12 %output_fm_buffer_addr" [src/conv2.cpp:111->src/conv2.cpp:51]   --->   Operation 24 'load' 'output_fm_buffer_load' <Predicate = (!icmp_ln108)> <Delay = 1.23> <CoreInst = "RAM">   --->   Core 83 'RAM' <Latency = 1> <II = 1> <Delay = 1.23> <Storage> <Opcode : 'load' 'store'> <Ports = 2> <Width = 32> <Depth = 3060> <RAM>
ST_1 : Operation 25 [1/1] (0.42ns)   --->   "%store_ln108 = store i8 %add_ln108, i8 %bw" [src/conv2.cpp:108->src/conv2.cpp:51]   --->   Operation 25 'store' 'store_ln108' <Predicate = (!icmp_ln108)> <Delay = 0.42>

State 2 <SV = 1> <Delay = 1.23>
ST_2 : Operation 26 [1/2] (1.23ns)   --->   "%output_fm_buffer_load = load i12 %output_fm_buffer_addr" [src/conv2.cpp:111->src/conv2.cpp:51]   --->   Operation 26 'load' 'output_fm_buffer_load' <Predicate = (!icmp_ln108)> <Delay = 1.23> <CoreInst = "RAM">   --->   Core 83 'RAM' <Latency = 1> <II = 1> <Delay = 1.23> <Storage> <Opcode : 'load' 'store'> <Ports = 2> <Width = 32> <Depth = 3060> <RAM>

State 3 <SV = 2> <Delay = 6.43>
ST_3 : [1/1] (0.77ns)   --->   Input mux for Operation 27 '%add15_0_i = fadd i32 %output_fm_buffer_load, i32 %tmp'
ST_3 : Operation 27 [4/4] (5.66ns)   --->   "%add15_0_i = fadd i32 %output_fm_buffer_load, i32 %tmp" [src/conv2.cpp:111->src/conv2.cpp:51]   --->   Operation 27 'fadd' 'add15_0_i' <Predicate = true> <Delay = 5.66> <CoreInst = "FAddSub_fulldsp">   --->   Core 18 'FAddSub_fulldsp' <Latency = 3> <II = 1> <Delay = 6.43> <FuncUnit> <Opcode : 'fadd' 'fsub'> <InPorts = 2> <OutPorts = 1>

State 4 <SV = 3> <Delay = 6.43>
ST_4 : Operation 28 [3/4] (6.43ns)   --->   "%add15_0_i = fadd i32 %output_fm_buffer_load, i32 %tmp" [src/conv2.cpp:111->src/conv2.cpp:51]   --->   Operation 28 'fadd' 'add15_0_i' <Predicate = true> <Delay = 6.43> <CoreInst = "FAddSub_fulldsp">   --->   Core 18 'FAddSub_fulldsp' <Latency = 3> <II = 1> <Delay = 6.43> <FuncUnit> <Opcode : 'fadd' 'fsub'> <InPorts = 2> <OutPorts = 1>

State 5 <SV = 4> <Delay = 6.43>
ST_5 : Operation 29 [2/4] (6.43ns)   --->   "%add15_0_i = fadd i32 %output_fm_buffer_load, i32 %tmp" [src/conv2.cpp:111->src/conv2.cpp:51]   --->   Operation 29 'fadd' 'add15_0_i' <Predicate = true> <Delay = 6.43> <CoreInst = "FAddSub_fulldsp">   --->   Core 18 'FAddSub_fulldsp' <Latency = 3> <II = 1> <Delay = 6.43> <FuncUnit> <Opcode : 'fadd' 'fsub'> <InPorts = 2> <OutPorts = 1>

State 6 <SV = 5> <Delay = 6.43>
ST_6 : Operation 30 [1/4] (6.43ns)   --->   "%add15_0_i = fadd i32 %output_fm_buffer_load, i32 %tmp" [src/conv2.cpp:111->src/conv2.cpp:51]   --->   Operation 30 'fadd' 'add15_0_i' <Predicate = true> <Delay = 6.43> <CoreInst = "FAddSub_fulldsp">   --->   Core 18 'FAddSub_fulldsp' <Latency = 3> <II = 1> <Delay = 6.43> <FuncUnit> <Opcode : 'fadd' 'fsub'> <InPorts = 2> <OutPorts = 1>
ST_6 : Operation 46 [1/1] (0.00ns)   --->   "%ret_ln0 = ret"   --->   Operation 46 'ret' 'ret_ln0' <Predicate = (icmp_ln108)> <Delay = 0.00>

State 7 <SV = 6> <Delay = 2.78>
ST_7 : [1/1] (0.62ns)   --->   Input mux for Operation 31 '%tmp_1 = fcmp_olt  i32 %add15_0_i, i32 0'
ST_7 : Operation 31 [2/2] (2.15ns)   --->   "%tmp_1 = fcmp_olt  i32 %add15_0_i, i32 0" [src/conv2.cpp:113->src/conv2.cpp:51]   --->   Operation 31 'fcmp' 'tmp_1' <Predicate = true> <Delay = 2.15> <CoreInst = "FCompare">   --->   Core 19 'FCompare' <Latency = 1> <II = 1> <Delay = 2.78> <FuncUnit> <Opcode : 'fcmp'> <InPorts = 2> <OutPorts = 1>

State 8 <SV = 7> <Delay = 4.46>
ST_8 : Operation 32 [1/1] (0.00ns)   --->   "%specpipeline_ln109 = specpipeline void @_ssdm_op_SpecPipeline, i32 2, i32 0, i32 0, i32 0, void @empty_11" [src/conv2.cpp:109->src/conv2.cpp:51]   --->   Operation 32 'specpipeline' 'specpipeline_ln109' <Predicate = true> <Delay = 0.00>
ST_8 : Operation 33 [1/1] (0.00ns)   --->   "%speclooptripcount_ln108 = speclooptripcount void @_ssdm_op_SpecLoopTripCount, i64 255, i64 255, i64 255" [src/conv2.cpp:108->src/conv2.cpp:51]   --->   Operation 33 'speclooptripcount' 'speclooptripcount_ln108' <Predicate = true> <Delay = 0.00>
ST_8 : Operation 34 [1/1] (0.00ns)   --->   "%specloopname_ln108 = specloopname void @_ssdm_op_SpecLoopName, void @empty_7" [src/conv2.cpp:108->src/conv2.cpp:51]   --->   Operation 34 'specloopname' 'specloopname_ln108' <Predicate = true> <Delay = 0.00>
ST_8 : Operation 35 [1/1] (0.00ns)   --->   "%bitcast_ln113 = bitcast i32 %add15_0_i" [src/conv2.cpp:113->src/conv2.cpp:51]   --->   Operation 35 'bitcast' 'bitcast_ln113' <Predicate = true> <Delay = 0.00>
ST_8 : Operation 36 [1/1] (0.00ns)   --->   "%tmp_s = partselect i8 @_ssdm_op_PartSelect.i8.i32.i32.i32, i32 %bitcast_ln113, i32 23, i32 30" [src/conv2.cpp:113->src/conv2.cpp:51]   --->   Operation 36 'partselect' 'tmp_s' <Predicate = true> <Delay = 0.00>
ST_8 : Operation 37 [1/1] (0.00ns)   --->   "%trunc_ln113 = trunc i32 %bitcast_ln113" [src/conv2.cpp:113->src/conv2.cpp:51]   --->   Operation 37 'trunc' 'trunc_ln113' <Predicate = true> <Delay = 0.00>
ST_8 : Operation 38 [1/1] (0.76ns)   --->   "%icmp_ln113 = icmp_ne  i8 %tmp_s, i8 255" [src/conv2.cpp:113->src/conv2.cpp:51]   --->   Operation 38 'icmp' 'icmp_ln113' <Predicate = true> <Delay = 0.76> <CoreInst = "Cmp">   --->   Core 9 'Cmp' <Latency = 0> <II = 1> <Delay = 0.76> <FuncUnit> <Opcode : 'icmp'> <InPorts = 2> <OutPorts = 1>
ST_8 : Operation 39 [1/1] (0.92ns)   --->   "%icmp_ln113_1 = icmp_eq  i23 %trunc_ln113, i23 0" [src/conv2.cpp:113->src/conv2.cpp:51]   --->   Operation 39 'icmp' 'icmp_ln113_1' <Predicate = true> <Delay = 0.92> <CoreInst = "Cmp">   --->   Core 9 'Cmp' <Latency = 0> <II = 1> <Delay = 0.92> <FuncUnit> <Opcode : 'icmp'> <InPorts = 2> <OutPorts = 1>
ST_8 : Operation 40 [1/1] (0.00ns) (grouped into LUT with out node select_ln113)   --->   "%or_ln113 = or i1 %icmp_ln113_1, i1 %icmp_ln113" [src/conv2.cpp:113->src/conv2.cpp:51]   --->   Operation 40 'or' 'or_ln113' <Predicate = true> <Delay = 0.00> <CoreInst = "LogicGate">   --->   Core 74 'LogicGate' <Latency = 0> <II = 1> <Delay = 0.28> <FuncUnit> <Opcode : 'and' 'or' 'xor'> <InPorts = 2> <OutPorts = 1>
ST_8 : Operation 41 [1/2] (2.78ns)   --->   "%tmp_1 = fcmp_olt  i32 %add15_0_i, i32 0" [src/conv2.cpp:113->src/conv2.cpp:51]   --->   Operation 41 'fcmp' 'tmp_1' <Predicate = true> <Delay = 2.78> <CoreInst = "FCompare">   --->   Core 19 'FCompare' <Latency = 1> <II = 1> <Delay = 2.78> <FuncUnit> <Opcode : 'fcmp'> <InPorts = 2> <OutPorts = 1>
ST_8 : Operation 42 [1/1] (0.00ns) (grouped into LUT with out node select_ln113)   --->   "%and_ln113 = and i1 %or_ln113, i1 %tmp_1" [src/conv2.cpp:113->src/conv2.cpp:51]   --->   Operation 42 'and' 'and_ln113' <Predicate = true> <Delay = 0.00> <CoreInst = "LogicGate">   --->   Core 74 'LogicGate' <Latency = 0> <II = 1> <Delay = 0.28> <FuncUnit> <Opcode : 'and' 'or' 'xor'> <InPorts = 2> <OutPorts = 1>
ST_8 : Operation 43 [1/1] (0.44ns) (out node of the LUT)   --->   "%select_ln113 = select i1 %and_ln113, i32 0, i32 %add15_0_i" [src/conv2.cpp:113->src/conv2.cpp:51]   --->   Operation 43 'select' 'select_ln113' <Predicate = true> <Delay = 0.44> <CoreInst = "Sel">   --->   Core 73 'Sel' <Latency = 0> <II = 1> <Delay = 0.44> <FuncUnit> <Opcode : 'select'> <InPorts = 3> <OutPorts = 1>
ST_8 : Operation 44 [1/1] (1.23ns)   --->   "%store_ln111 = store i32 %select_ln113, i12 %output_fm_buffer_addr" [src/conv2.cpp:111->src/conv2.cpp:51]   --->   Operation 44 'store' 'store_ln111' <Predicate = true> <Delay = 1.23> <CoreInst = "RAM">   --->   Core 83 'RAM' <Latency = 1> <II = 1> <Delay = 1.23> <Storage> <Opcode : 'load' 'store'> <Ports = 2> <Width = 32> <Depth = 3060> <RAM>
ST_8 : Operation 45 [1/1] (0.00ns)   --->   "%br_ln108 = br void %for.body8.0.i" [src/conv2.cpp:108->src/conv2.cpp:51]   --->   Operation 45 'br' 'br_ln108' <Predicate = true> <Delay = 0.00>


============================================================
+ Verbose Summary: Binding
============================================================
STG Binding: 
---------------- STG Properties BEGIN ----------------
- Is combinational: 0
- Is one-state seq: 0
- Is datapath-only: 0
- Is pipelined: 0
- Is top level: 0
Port [ Return ] is wired: 1; IO mode=ap_ctrl_hs:ce=0
Port [ sub_ln111_1]:  wired=1; compound=0; hidden=0; nouse=0; global=0; static=0; extern=0; dir=0; type=0; pingpong=0; private_global=0; IO mode=ap_none:ce=0
Port [ empty]:  wired=1; compound=0; hidden=0; nouse=0; global=0; static=0; extern=0; dir=0; type=0; pingpong=0; private_global=0; IO mode=ap_none:ce=0
Port [ output_fm_buffer]:  wired=1; compound=1; hidden=0; nouse=0; global=1; static=1; extern=0; dir=2; type=1; pingpong=0; private_global=0; MemPort=[23]; IO mode=ap_memory:ce=0
---------------- STG Properties END ------------------

---------------- Datapath Model BEGIN ----------------

<LifeTime>
<method=bitvector/>
bw                      (alloca           ) [ 010000000]
tmp                     (read             ) [ 011111100]
sub_ln111_1_read        (read             ) [ 000000000]
store_ln0               (store            ) [ 000000000]
br_ln0                  (br               ) [ 000000000]
bw_4                    (load             ) [ 000000000]
icmp_ln108              (icmp             ) [ 011111100]
add_ln108               (add              ) [ 000000000]
br_ln108                (br               ) [ 000000000]
zext_ln111              (zext             ) [ 000000000]
add_ln111               (add              ) [ 000000000]
zext_ln111_2            (zext             ) [ 000000000]
output_fm_buffer_addr   (getelementptr    ) [ 011111111]
store_ln108             (store            ) [ 000000000]
output_fm_buffer_load   (load             ) [ 011111100]
add15_0_i               (fadd             ) [ 011000011]
specpipeline_ln109      (specpipeline     ) [ 000000000]
speclooptripcount_ln108 (speclooptripcount) [ 000000000]
specloopname_ln108      (specloopname     ) [ 000000000]
bitcast_ln113           (bitcast          ) [ 000000000]
tmp_s                   (partselect       ) [ 000000000]
trunc_ln113             (trunc            ) [ 000000000]
icmp_ln113              (icmp             ) [ 000000000]
icmp_ln113_1            (icmp             ) [ 000000000]
or_ln113                (or               ) [ 000000000]
tmp_1                   (fcmp             ) [ 000000000]
and_ln113               (and              ) [ 000000000]
select_ln113            (select           ) [ 000000000]
store_ln111             (store            ) [ 000000000]
br_ln108                (br               ) [ 000000000]
ret_ln0                 (ret              ) [ 000000000]
</LifeTime>

<model>

<comp_list>
<comp id="0" class="1000" name="sub_ln111_1">
<pin_list>
<pin id="1" dir="1" index="0" bw="1" slack="0"/>
</pin_list>
<bind>
<StgValue><ssdm name="sub_ln111_1"/></StgValue>
</bind>
</comp>

<comp id="2" class="1000" name="empty">
<pin_list>
<pin id="3" dir="1" index="0" bw="1" slack="0"/>
</pin_list>
<bind>
<StgValue><ssdm name="empty"/></StgValue>
</bind>
</comp>

<comp id="4" class="1000" name="output_fm_buffer">
<pin_list>
<pin id="5" dir="1" index="0" bw="1" slack="0"/>
</pin_list>
<bind>
<StgValue><ssdm name="output_fm_buffer"/><MemPortTyVec>2 3 </MemPortTyVec>
</StgValue>
</bind>
</comp>

<comp id="6" class="1001" name="const_6">
<pin_list>
<pin id="7" dir="1" index="0" bw="1" slack="0"/>
</pin_list>
<bind>
<StgValue><ssdm name=""/></StgValue>
</bind>
</comp>

<comp id="8" class="1001" name="const_8">
<pin_list>
<pin id="9" dir="1" index="0" bw="1" slack="0"/>
</pin_list>
<bind>
<StgValue><ssdm name="_ssdm_op_Read.ap_auto.float"/></StgValue>
</bind>
</comp>

<comp id="10" class="1001" name="const_10">
<pin_list>
<pin id="11" dir="1" index="0" bw="1" slack="0"/>
</pin_list>
<bind>
<StgValue><ssdm name="_ssdm_op_Read.ap_auto.i12"/></StgValue>
</bind>
</comp>

<comp id="12" class="1001" name="const_12">
<pin_list>
<pin id="13" dir="1" index="0" bw="1" slack="0"/>
</pin_list>
<bind>
<StgValue><ssdm name=""/></StgValue>
</bind>
</comp>

<comp id="14" class="1001" name="const_14">
<pin_list>
<pin id="15" dir="1" index="0" bw="1" slack="0"/>
</pin_list>
<bind>
<StgValue><ssdm name=""/></StgValue>
</bind>
</comp>

<comp id="16" class="1001" name="const_16">
<pin_list>
<pin id="17" dir="1" index="0" bw="1" slack="0"/>
</pin_list>
<bind>
<StgValue><ssdm name=""/></StgValue>
</bind>
</comp>

<comp id="18" class="1001" name="const_18">
<pin_list>
<pin id="19" dir="1" index="0" bw="1" slack="0"/>
</pin_list>
<bind>
<StgValue><ssdm name=""/></StgValue>
</bind>
</comp>

<comp id="20" class="1001" name="const_20">
<pin_list>
<pin id="21" dir="1" index="0" bw="1" slack="0"/>
</pin_list>
<bind>
<StgValue><ssdm name=""/></StgValue>
</bind>
</comp>

<comp id="22" class="1001" name="const_22">
<pin_list>
<pin id="23" dir="1" index="0" bw="1" slack="2147483647"/>
</pin_list>
<bind>
<StgValue><ssdm name="_ssdm_op_SpecPipeline"/></StgValue>
</bind>
</comp>

<comp id="24" class="1001" name="const_24">
<pin_list>
<pin id="25" dir="1" index="0" bw="1" slack="2147483647"/>
</pin_list>
<bind>
<StgValue><ssdm name=""/></StgValue>
</bind>
</comp>

<comp id="26" class="1001" name="const_26">
<pin_list>
<pin id="27" dir="1" index="0" bw="1" slack="2147483647"/>
</pin_list>
<bind>
<StgValue><ssdm name=""/></StgValue>
</bind>
</comp>

<comp id="28" class="1001" name="const_28">
<pin_list>
<pin id="29" dir="1" index="0" bw="1" slack="2147483647"/>
</pin_list>
<bind>
<StgValue><ssdm name="empty_11"/></StgValue>
</bind>
</comp>

<comp id="30" class="1001" name="const_30">
<pin_list>
<pin id="31" dir="1" index="0" bw="1" slack="2147483647"/>
</pin_list>
<bind>
<StgValue><ssdm name="_ssdm_op_SpecLoopTripCount"/></StgValue>
</bind>
</comp>

<comp id="32" class="1001" name="const_32">
<pin_list>
<pin id="33" dir="1" index="0" bw="1" slack="2147483647"/>
</pin_list>
<bind>
<StgValue><ssdm name=""/></StgValue>
</bind>
</comp>

<comp id="34" class="1001" name="const_34">
<pin_list>
<pin id="35" dir="1" index="0" bw="1" slack="2147483647"/>
</pin_list>
<bind>
<StgValue><ssdm name="_ssdm_op_SpecLoopName"/></StgValue>
</bind>
</comp>

<comp id="36" class="1001" name="const_36">
<pin_list>
<pin id="37" dir="1" index="0" bw="1" slack="2147483647"/>
</pin_list>
<bind>
<StgValue><ssdm name="empty_7"/></StgValue>
</bind>
</comp>

<comp id="38" class="1001" name="const_38">
<pin_list>
<pin id="39" dir="1" index="0" bw="1" slack="0"/>
</pin_list>
<bind>
<StgValue><ssdm name="_ssdm_op_PartSelect.i8.i32.i32.i32"/></StgValue>
</bind>
</comp>

<comp id="40" class="1001" name="const_40">
<pin_list>
<pin id="41" dir="1" index="0" bw="1" slack="0"/>
</pin_list>
<bind>
<StgValue><ssdm name=""/></StgValue>
</bind>
</comp>

<comp id="42" class="1001" name="const_42">
<pin_list>
<pin id="43" dir="1" index="0" bw="1" slack="0"/>
</pin_list>
<bind>
<StgValue><ssdm name=""/></StgValue>
</bind>
</comp>

<comp id="44" class="1001" name="const_44">
<pin_list>
<pin id="45" dir="1" index="0" bw="1" slack="0"/>
</pin_list>
<bind>
<StgValue><ssdm name=""/></StgValue>
</bind>
</comp>

<comp id="46" class="1004" name="bw_fu_46">
<pin_list>
<pin id="47" dir="0" index="0" bw="1" slack="0"/>
<pin id="48" dir="1" index="1" bw="8" slack="0"/>
</pin_list>
<bind>
<opcode="alloca(26) " fcode="alloca"/>
<opset="bw/1 "/>
</bind>
</comp>

<comp id="50" class="1004" name="tmp_read_fu_50">
<pin_list>
<pin id="51" dir="0" index="0" bw="32" slack="0"/>
<pin id="52" dir="0" index="1" bw="32" slack="0"/>
<pin id="53" dir="1" index="2" bw="32" slack="2"/>
</pin_list>
<bind>
<opcode="read(1150) " fcode="read"/>
<opset="tmp/1 "/>
</bind>
</comp>

<comp id="56" class="1004" name="sub_ln111_1_read_read_fu_56">
<pin_list>
<pin id="57" dir="0" index="0" bw="12" slack="0"/>
<pin id="58" dir="0" index="1" bw="12" slack="0"/>
<pin id="59" dir="1" index="2" bw="12" slack="0"/>
</pin_list>
<bind>
<opcode="read(1150) " fcode="read"/>
<opset="sub_ln111_1_read/1 "/>
</bind>
</comp>

<comp id="62" class="1004" name="output_fm_buffer_addr_gep_fu_62">
<pin_list>
<pin id="63" dir="0" index="0" bw="32" slack="0"/>
<pin id="64" dir="0" index="1" bw="1" slack="0"/>
<pin id="65" dir="0" index="2" bw="12" slack="0"/>
<pin id="66" dir="1" index="3" bw="12" slack="0"/>
</pin_list>
<bind>
<opcode="getelementptr(29) " fcode="getelementptr"/>
<opset="output_fm_buffer_addr/1 "/>
</bind>
</comp>

<comp id="69" class="1004" name="grp_access_fu_69">
<pin_list>
<pin id="70" dir="0" index="0" bw="12" slack="0"/>
<pin id="71" dir="0" index="1" bw="32" slack="0"/>
<pin id="72" dir="0" index="2" bw="0" slack="2147483647"/>
<pin id="73" dir="1" index="3" bw="32" slack="1"/>
</pin_list>
<bind>
<opcode="load(27) store(28) " fcode="store"/>
<opset="output_fm_buffer_load/1 store_ln111/8 "/>
</bind>
</comp>

<comp id="75" class="1004" name="grp_fu_75">
<pin_list>
<pin id="76" dir="0" index="0" bw="32" slack="1"/>
<pin id="77" dir="0" index="1" bw="32" slack="2"/>
<pin id="78" dir="1" index="2" bw="32" slack="1"/>
</pin_list>
<bind>
<opcode="fadd(9) " fcode="fadd"/>
<opset="add15_0_i/3 "/>
</bind>
</comp>

<comp id="79" class="1004" name="grp_fu_79">
<pin_list>
<pin id="80" dir="0" index="0" bw="32" slack="1"/>
<pin id="81" dir="0" index="1" bw="32" slack="0"/>
<pin id="82" dir="1" index="2" bw="1" slack="0"/>
</pin_list>
<bind>
<opcode="fcmp(46) " fcode="fcmp"/>
<opset="tmp_1/7 "/>
</bind>
</comp>

<comp id="84" class="1004" name="store_ln0_store_fu_84">
<pin_list>
<pin id="85" dir="0" index="0" bw="1" slack="0"/>
<pin id="86" dir="0" index="1" bw="8" slack="0"/>
<pin id="87" dir="1" index="2" bw="0" slack="2147483647"/>
</pin_list>
<bind>
<opcode="store(28) " fcode="store"/>
<opset="store_ln0/1 "/>
</bind>
</comp>

<comp id="89" class="1004" name="bw_4_load_fu_89">
<pin_list>
<pin id="90" dir="0" index="0" bw="8" slack="0"/>
<pin id="91" dir="1" index="1" bw="8" slack="0"/>
</pin_list>
<bind>
<opcode="load(27) " fcode="load"/>
<opset="bw_4/1 "/>
</bind>
</comp>

<comp id="92" class="1004" name="icmp_ln108_fu_92">
<pin_list>
<pin id="93" dir="0" index="0" bw="8" slack="0"/>
<pin id="94" dir="0" index="1" bw="8" slack="0"/>
<pin id="95" dir="1" index="2" bw="1" slack="1"/>
</pin_list>
<bind>
<opcode="icmp(45) " fcode="icmp"/>
<opset="icmp_ln108/1 "/>
</bind>
</comp>

<comp id="98" class="1004" name="add_ln108_fu_98">
<pin_list>
<pin id="99" dir="0" index="0" bw="8" slack="0"/>
<pin id="100" dir="0" index="1" bw="1" slack="0"/>
<pin id="101" dir="1" index="2" bw="8" slack="0"/>
</pin_list>
<bind>
<opcode="add(8) " fcode="add"/>
<opset="add_ln108/1 "/>
</bind>
</comp>

<comp id="104" class="1004" name="zext_ln111_fu_104">
<pin_list>
<pin id="105" dir="0" index="0" bw="8" slack="0"/>
<pin id="106" dir="1" index="1" bw="12" slack="0"/>
</pin_list>
<bind>
<opcode="zext(34) " fcode="zext"/>
<opset="zext_ln111/1 "/>
</bind>
</comp>

<comp id="108" class="1004" name="add_ln111_fu_108">
<pin_list>
<pin id="109" dir="0" index="0" bw="12" slack="0"/>
<pin id="110" dir="0" index="1" bw="8" slack="0"/>
<pin id="111" dir="1" index="2" bw="12" slack="0"/>
</pin_list>
<bind>
<opcode="add(8) " fcode="add"/>
<opset="add_ln111/1 "/>
</bind>
</comp>

<comp id="114" class="1004" name="zext_ln111_2_fu_114">
<pin_list>
<pin id="115" dir="0" index="0" bw="12" slack="0"/>
<pin id="116" dir="1" index="1" bw="64" slack="0"/>
</pin_list>
<bind>
<opcode="zext(34) " fcode="zext"/>
<opset="zext_ln111_2/1 "/>
</bind>
</comp>

<comp id="119" class="1004" name="store_ln108_store_fu_119">
<pin_list>
<pin id="120" dir="0" index="0" bw="8" slack="0"/>
<pin id="121" dir="0" index="1" bw="8" slack="0"/>
<pin id="122" dir="1" index="2" bw="0" slack="2147483647"/>
</pin_list>
<bind>
<opcode="store(28) " fcode="store"/>
<opset="store_ln108/1 "/>
</bind>
</comp>

<comp id="124" class="1004" name="bitcast_ln113_fu_124">
<pin_list>
<pin id="125" dir="0" index="0" bw="32" slack="2"/>
<pin id="126" dir="1" index="1" bw="32" slack="0"/>
</pin_list>
<bind>
<opcode="bitcast(44) " fcode="bitcast"/>
<opset="bitcast_ln113/8 "/>
</bind>
</comp>

<comp id="127" class="1004" name="tmp_s_fu_127">
<pin_list>
<pin id="128" dir="0" index="0" bw="8" slack="0"/>
<pin id="129" dir="0" index="1" bw="32" slack="0"/>
<pin id="130" dir="0" index="2" bw="6" slack="0"/>
<pin id="131" dir="0" index="3" bw="6" slack="0"/>
<pin id="132" dir="1" index="4" bw="8" slack="0"/>
</pin_list>
<bind>
<opcode="partselect(1002) " fcode="partselect"/>
<opset="tmp_s/8 "/>
</bind>
</comp>

<comp id="137" class="1004" name="trunc_ln113_fu_137">
<pin_list>
<pin id="138" dir="0" index="0" bw="32" slack="0"/>
<pin id="139" dir="1" index="1" bw="23" slack="0"/>
</pin_list>
<bind>
<opcode="trunc(33) " fcode="trunc"/>
<opset="trunc_ln113/8 "/>
</bind>
</comp>

<comp id="141" class="1004" name="icmp_ln113_fu_141">
<pin_list>
<pin id="142" dir="0" index="0" bw="8" slack="0"/>
<pin id="143" dir="0" index="1" bw="8" slack="0"/>
<pin id="144" dir="1" index="2" bw="1" slack="0"/>
</pin_list>
<bind>
<opcode="icmp(45) " fcode="icmp"/>
<opset="icmp_ln113/8 "/>
</bind>
</comp>

<comp id="147" class="1004" name="icmp_ln113_1_fu_147">
<pin_list>
<pin id="148" dir="0" index="0" bw="23" slack="0"/>
<pin id="149" dir="0" index="1" bw="23" slack="0"/>
<pin id="150" dir="1" index="2" bw="1" slack="0"/>
</pin_list>
<bind>
<opcode="icmp(45) " fcode="icmp"/>
<opset="icmp_ln113_1/8 "/>
</bind>
</comp>

<comp id="153" class="1004" name="or_ln113_fu_153">
<pin_list>
<pin id="154" dir="0" index="0" bw="1" slack="0"/>
<pin id="155" dir="0" index="1" bw="1" slack="0"/>
<pin id="156" dir="1" index="2" bw="1" slack="0"/>
</pin_list>
<bind>
<opcode="or(24) " fcode="or"/>
<opset="or_ln113/8 "/>
</bind>
</comp>

<comp id="159" class="1004" name="and_ln113_fu_159">
<pin_list>
<pin id="160" dir="0" index="0" bw="1" slack="0"/>
<pin id="161" dir="0" index="1" bw="1" slack="0"/>
<pin id="162" dir="1" index="2" bw="1" slack="0"/>
</pin_list>
<bind>
<opcode="and(23) " fcode="and"/>
<opset="and_ln113/8 "/>
</bind>
</comp>

<comp id="165" class="1004" name="select_ln113_fu_165">
<pin_list>
<pin id="166" dir="0" index="0" bw="1" slack="0"/>
<pin id="167" dir="0" index="1" bw="32" slack="0"/>
<pin id="168" dir="0" index="2" bw="32" slack="2"/>
<pin id="169" dir="1" index="3" bw="32" slack="0"/>
</pin_list>
<bind>
<opcode="select(49) " fcode="select"/>
<opset="select_ln113/8 "/>
</bind>
</comp>

<comp id="173" class="1005" name="bw_reg_173">
<pin_list>
<pin id="174" dir="0" index="0" bw="8" slack="0"/>
<pin id="175" dir="1" index="1" bw="8" slack="0"/>
</pin_list>
<bind>
<opset="bw "/>
</bind>
</comp>

<comp id="180" class="1005" name="tmp_reg_180">
<pin_list>
<pin id="181" dir="0" index="0" bw="32" slack="2"/>
<pin id="182" dir="1" index="1" bw="32" slack="2"/>
</pin_list>
<bind>
<opset="tmp "/>
</bind>
</comp>

<comp id="185" class="1005" name="icmp_ln108_reg_185">
<pin_list>
<pin id="186" dir="0" index="0" bw="1" slack="1"/>
<pin id="187" dir="1" index="1" bw="1" slack="2147483647"/>
</pin_list>
<bind>
<opset="icmp_ln108 "/>
</bind>
</comp>

<comp id="189" class="1005" name="output_fm_buffer_addr_reg_189">
<pin_list>
<pin id="190" dir="0" index="0" bw="12" slack="1"/>
<pin id="191" dir="1" index="1" bw="12" slack="1"/>
</pin_list>
<bind>
<opset="output_fm_buffer_addr "/>
</bind>
</comp>

<comp id="194" class="1005" name="output_fm_buffer_load_reg_194">
<pin_list>
<pin id="195" dir="0" index="0" bw="32" slack="1"/>
<pin id="196" dir="1" index="1" bw="32" slack="1"/>
</pin_list>
<bind>
<opset="output_fm_buffer_load "/>
</bind>
</comp>

<comp id="199" class="1005" name="add15_0_i_reg_199">
<pin_list>
<pin id="200" dir="0" index="0" bw="32" slack="1"/>
<pin id="201" dir="1" index="1" bw="32" slack="1"/>
</pin_list>
<bind>
<opset="add15_0_i "/>
</bind>
</comp>

</comp_list>

<net_list>
<net id="49"><net_src comp="6" pin="0"/><net_sink comp="46" pin=0"/></net>

<net id="54"><net_src comp="8" pin="0"/><net_sink comp="50" pin=0"/></net>

<net id="55"><net_src comp="2" pin="0"/><net_sink comp="50" pin=1"/></net>

<net id="60"><net_src comp="10" pin="0"/><net_sink comp="56" pin=0"/></net>

<net id="61"><net_src comp="0" pin="0"/><net_sink comp="56" pin=1"/></net>

<net id="67"><net_src comp="4" pin="0"/><net_sink comp="62" pin=0"/></net>

<net id="68"><net_src comp="18" pin="0"/><net_sink comp="62" pin=1"/></net>

<net id="74"><net_src comp="62" pin="3"/><net_sink comp="69" pin=0"/></net>

<net id="83"><net_src comp="20" pin="0"/><net_sink comp="79" pin=1"/></net>

<net id="88"><net_src comp="12" pin="0"/><net_sink comp="84" pin=0"/></net>

<net id="96"><net_src comp="89" pin="1"/><net_sink comp="92" pin=0"/></net>

<net id="97"><net_src comp="14" pin="0"/><net_sink comp="92" pin=1"/></net>

<net id="102"><net_src comp="89" pin="1"/><net_sink comp="98" pin=0"/></net>

<net id="103"><net_src comp="16" pin="0"/><net_sink comp="98" pin=1"/></net>

<net id="107"><net_src comp="89" pin="1"/><net_sink comp="104" pin=0"/></net>

<net id="112"><net_src comp="56" pin="2"/><net_sink comp="108" pin=0"/></net>

<net id="113"><net_src comp="104" pin="1"/><net_sink comp="108" pin=1"/></net>

<net id="117"><net_src comp="108" pin="2"/><net_sink comp="114" pin=0"/></net>

<net id="118"><net_src comp="114" pin="1"/><net_sink comp="62" pin=2"/></net>

<net id="123"><net_src comp="98" pin="2"/><net_sink comp="119" pin=0"/></net>

<net id="133"><net_src comp="38" pin="0"/><net_sink comp="127" pin=0"/></net>

<net id="134"><net_src comp="124" pin="1"/><net_sink comp="127" pin=1"/></net>

<net id="135"><net_src comp="40" pin="0"/><net_sink comp="127" pin=2"/></net>

<net id="136"><net_src comp="42" pin="0"/><net_sink comp="127" pin=3"/></net>

<net id="140"><net_src comp="124" pin="1"/><net_sink comp="137" pin=0"/></net>

<net id="145"><net_src comp="127" pin="4"/><net_sink comp="141" pin=0"/></net>

<net id="146"><net_src comp="14" pin="0"/><net_sink comp="141" pin=1"/></net>

<net id="151"><net_src comp="137" pin="1"/><net_sink comp="147" pin=0"/></net>

<net id="152"><net_src comp="44" pin="0"/><net_sink comp="147" pin=1"/></net>

<net id="157"><net_src comp="147" pin="2"/><net_sink comp="153" pin=0"/></net>

<net id="158"><net_src comp="141" pin="2"/><net_sink comp="153" pin=1"/></net>

<net id="163"><net_src comp="153" pin="2"/><net_sink comp="159" pin=0"/></net>

<net id="164"><net_src comp="79" pin="2"/><net_sink comp="159" pin=1"/></net>

<net id="170"><net_src comp="159" pin="2"/><net_sink comp="165" pin=0"/></net>

<net id="171"><net_src comp="20" pin="0"/><net_sink comp="165" pin=1"/></net>

<net id="172"><net_src comp="165" pin="3"/><net_sink comp="69" pin=1"/></net>

<net id="176"><net_src comp="46" pin="1"/><net_sink comp="173" pin=0"/></net>

<net id="177"><net_src comp="173" pin="1"/><net_sink comp="84" pin=1"/></net>

<net id="178"><net_src comp="173" pin="1"/><net_sink comp="89" pin=0"/></net>

<net id="179"><net_src comp="173" pin="1"/><net_sink comp="119" pin=1"/></net>

<net id="183"><net_src comp="50" pin="2"/><net_sink comp="180" pin=0"/></net>

<net id="184"><net_src comp="180" pin="1"/><net_sink comp="75" pin=1"/></net>

<net id="188"><net_src comp="92" pin="2"/><net_sink comp="185" pin=0"/></net>

<net id="192"><net_src comp="62" pin="3"/><net_sink comp="189" pin=0"/></net>

<net id="193"><net_src comp="189" pin="1"/><net_sink comp="69" pin=0"/></net>

<net id="197"><net_src comp="69" pin="3"/><net_sink comp="194" pin=0"/></net>

<net id="198"><net_src comp="194" pin="1"/><net_sink comp="75" pin=0"/></net>

<net id="202"><net_src comp="75" pin="2"/><net_sink comp="199" pin=0"/></net>

<net id="203"><net_src comp="199" pin="1"/><net_sink comp="79" pin=0"/></net>

<net id="204"><net_src comp="199" pin="1"/><net_sink comp="124" pin=0"/></net>

<net id="205"><net_src comp="199" pin="1"/><net_sink comp="165" pin=2"/></net>

</net_list>

</model> 
---------------- Datapath Model END ------------------

* FSMD analyzer results:
  - Output states:
	Port: output_fm_buffer | {8 }
 - Input state : 
	Port: conv2_Pipeline_RELU : sub_ln111_1 | {1 }
	Port: conv2_Pipeline_RELU : empty | {1 }
	Port: conv2_Pipeline_RELU : output_fm_buffer | {1 2 }
  - Chain level:
	State 1
		store_ln0 : 1
		bw_4 : 1
		icmp_ln108 : 2
		add_ln108 : 2
		br_ln108 : 3
		zext_ln111 : 2
		add_ln111 : 3
		zext_ln111_2 : 4
		output_fm_buffer_addr : 5
		output_fm_buffer_load : 6
		store_ln108 : 3
	State 2
	State 3
	State 4
	State 5
	State 6
	State 7
	State 8
		tmp_s : 1
		trunc_ln113 : 1
		icmp_ln113 : 2
		icmp_ln113_1 : 2
		or_ln113 : 3
		and_ln113 : 3
		select_ln113 : 3
		store_ln111 : 4


============================================================
+ Verbose Summary: Datapath Resource usage 
============================================================

* Functional unit list:
|----------|-----------------------------|---------|---------|---------|
| Operation|       Functional Unit       |   DSP   |    FF   |   LUT   |
|----------|-----------------------------|---------|---------|---------|
|   fadd   |          grp_fu_75          |    2    |   227   |   214   |
|----------|-----------------------------|---------|---------|---------|
|          |       icmp_ln108_fu_92      |    0    |    0    |    15   |
|   icmp   |      icmp_ln113_fu_141      |    0    |    0    |    15   |
|          |     icmp_ln113_1_fu_147     |    0    |    0    |    30   |
|----------|-----------------------------|---------|---------|---------|
|    add   |       add_ln108_fu_98       |    0    |    0    |    15   |
|          |       add_ln111_fu_108      |    0    |    0    |    19   |
|----------|-----------------------------|---------|---------|---------|
|  select  |     select_ln113_fu_165     |    0    |    0    |    32   |
|----------|-----------------------------|---------|---------|---------|
|    or    |       or_ln113_fu_153       |    0    |    0    |    2    |
|----------|-----------------------------|---------|---------|---------|
|    and   |       and_ln113_fu_159      |    0    |    0    |    2    |
|----------|-----------------------------|---------|---------|---------|
|   read   |        tmp_read_fu_50       |    0    |    0    |    0    |
|          | sub_ln111_1_read_read_fu_56 |    0    |    0    |    0    |
|----------|-----------------------------|---------|---------|---------|
|   fcmp   |          grp_fu_79          |    0    |    0    |    0    |
|----------|-----------------------------|---------|---------|---------|
|   zext   |      zext_ln111_fu_104      |    0    |    0    |    0    |
|          |     zext_ln111_2_fu_114     |    0    |    0    |    0    |
|----------|-----------------------------|---------|---------|---------|
|partselect|         tmp_s_fu_127        |    0    |    0    |    0    |
|----------|-----------------------------|---------|---------|---------|
|   trunc  |      trunc_ln113_fu_137     |    0    |    0    |    0    |
|----------|-----------------------------|---------|---------|---------|
|   Total  |                             |    2    |   227   |   344   |
|----------|-----------------------------|---------|---------|---------|

Memories:
N/A

* Register list:
+-----------------------------+--------+
|                             |   FF   |
+-----------------------------+--------+
|      add15_0_i_reg_199      |   32   |
|          bw_reg_173         |    8   |
|      icmp_ln108_reg_185     |    1   |
|output_fm_buffer_addr_reg_189|   12   |
|output_fm_buffer_load_reg_194|   32   |
|         tmp_reg_180         |   32   |
+-----------------------------+--------+
|            Total            |   117  |
+-----------------------------+--------+

* Multiplexer (MUX) list: 
|------------------|------|------|------|--------||---------||---------|
|       Comp       |  Pin | Size |  BW  | S x BW ||  Delay  ||   LUT   |
|------------------|------|------|------|--------||---------||---------|
| grp_access_fu_69 |  p0  |   2  |  12  |   24   ||    9    |
|------------------|------|------|------|--------||---------||---------|
|       Total      |      |      |      |   24   ||  0.427  ||    9    |
|------------------|------|------|------|--------||---------||---------|



* Summary:
+-----------+--------+--------+--------+--------+
|           |   DSP  |  Delay |   FF   |   LUT  |
+-----------+--------+--------+--------+--------+
|  Function |    2   |    -   |   227  |   344  |
|   Memory  |    -   |    -   |    -   |    -   |
|Multiplexer|    -   |    0   |    -   |    9   |
|  Register |    -   |    -   |   117  |    -   |
+-----------+--------+--------+--------+--------+
|   Total   |    2   |    0   |   344  |   353  |
+-----------+--------+--------+--------+--------+
