src/conv2.cpp:18:9: warning: HLS pragma dump _XLX_SEP_ PragmaIsValid=1_XLX_SEP_ PragmaType=array_partition_XLX_SEP_ PragmaContext=_XLX_SEP_ PragmaFunction=conv2_XLX_SEP_ PragmaOptions=variable=output_fm_buffer dim=3 type=block factor=15_XLX_SEP_ [-Wdump-hls-pragmas]
#pragma HLS ARRAY_PARTITION variable=output_fm_buffer dim=3 type=block factor=15
        ^
src/conv2.cpp:21:9: warning: HLS pragma dump _XLX_SEP_ PragmaIsValid=1_XLX_SEP_ PragmaType=bind_storage_XLX_SEP_ PragmaContext=_XLX_SEP_ PragmaFunction=conv2_XLX_SEP_ PragmaOptions=variable=input_fm_buffer type=RAM_2P impl=LUTRAM_XLX_SEP_ [-Wdump-hls-pragmas]
#pragma HLS bind_storage variable=input_fm_buffer type=RAM_2P impl=LUTRAM
        ^
src/conv2.cpp:23:9: warning: HLS pragma dump _XLX_SEP_ PragmaIsValid=1_XLX_SEP_ PragmaType=array_partition_XLX_SEP_ PragmaContext=_XLX_SEP_ PragmaFunction=conv2_XLX_SEP_ PragmaOptions=variable=input_fm_buffer dim=2 type=cyclic factor=2_XLX_SEP_ [-Wdump-hls-pragmas]
#pragma HLS ARRAY_PARTITION variable=input_fm_buffer dim=2 type=cyclic factor=2
        ^
src/conv2.cpp:24:9: warning: HLS pragma dump _XLX_SEP_ PragmaIsValid=1_XLX_SEP_ PragmaType=array_partition_XLX_SEP_ PragmaContext=_XLX_SEP_ PragmaFunction=conv2_XLX_SEP_ PragmaOptions=variable=input_fm_buffer dim=3 type=block factor=15_XLX_SEP_ [-Wdump-hls-pragmas]
#pragma HLS ARRAY_PARTITION variable=input_fm_buffer dim=3 type=block factor=15
        ^
src/conv2.cpp:44:9: warning: HLS pragma dump _XLX_SEP_ PragmaIsValid=1_XLX_SEP_ PragmaType=unroll_XLX_SEP_ PragmaContext=_XLX_SEP_ PragmaFunction=conv2_XLX_SEP_ PragmaOptions=factor=15_XLX_SEP_ [-Wdump-hls-pragmas]
#pragma HLS UNROLL factor=15
        ^
src/conv2.cpp:45:9: warning: HLS pragma dump _XLX_SEP_ PragmaIsValid=1_XLX_SEP_ PragmaType=pipeline_XLX_SEP_ PragmaContext=_XLX_SEP_ PragmaFunction=conv2_XLX_SEP_ PragmaOptions=II=9_XLX_SEP_ [-Wdump-hls-pragmas]
#pragma HLS PIPELINE II=9
        ^
src/conv2.cpp:60:9: warning: HLS pragma dump _XLX_SEP_ PragmaIsValid=1_XLX_SEP_ PragmaType=unroll_XLX_SEP_ PragmaContext=_XLX_SEP_ PragmaFunction=clear_buffer_c2_XLX_SEP_ PragmaOptions=factor=3_XLX_SEP_ [-Wdump-hls-pragmas]
#pragma HLS UNROLL factor=3
        ^
src/conv2.cpp:76:9: warning: HLS pragma dump _XLX_SEP_ PragmaIsValid=1_XLX_SEP_ PragmaType=pipeline_XLX_SEP_ PragmaContext=_XLX_SEP_ PragmaFunction=load_input_buffer_c2_XLX_SEP_ PragmaOptions=II=256_XLX_SEP_ [-Wdump-hls-pragmas]
#pragma HLS PIPELINE II=256
        ^
src/conv2.cpp:106:9: warning: HLS pragma dump _XLX_SEP_ PragmaIsValid=1_XLX_SEP_ PragmaType=unroll_XLX_SEP_ PragmaContext=_XLX_SEP_ PragmaFunction=export_output_buffer_c2_XLX_SEP_ PragmaOptions=factor=2_XLX_SEP_ [-Wdump-hls-pragmas]
#pragma HLS UNROLL factor=2
        ^
src/conv2.cpp:109:9: warning: HLS pragma dump _XLX_SEP_ PragmaIsValid=1_XLX_SEP_ PragmaType=pipeline_XLX_SEP_ PragmaContext=_XLX_SEP_ PragmaFunction=export_output_buffer_c2_XLX_SEP_ PragmaOptions=II=2_XLX_SEP_ [-Wdump-hls-pragmas]
#pragma HLS PIPELINE II=2
        ^
10 warnings generated.
