

================================================================
== Vitis HLS Report for 'conv1_Pipeline_KR_KC'
================================================================
* Date:           Thu Nov  2 03:20:13 2023

* Version:        2023.1 (Build 3854077 on May  4 2023)
* Project:        srcnn_hls
* Solution:       solution1 (Vivado IP Flow Target)
* Product family: zynquplus
* Target device:  xck24-ubva530-2LV-c


================================================================
== Performance Estimates
================================================================
+ Timing: 
    * Summary: 
    +--------+----------+----------+------------+
    |  Clock |  Target  | Estimated| Uncertainty|
    +--------+----------+----------+------------+
    |ap_clk  |  10.00 ns|  7.016 ns|     2.70 ns|
    +--------+----------+----------+------------+

+ Latency: 
    * Summary: 
    +---------+---------+----------+----------+-----+-----+---------+
    |  Latency (cycles) |  Latency (absolute) |  Interval | Pipeline|
    |   min   |   max   |    min   |    max   | min | max |   Type  |
    +---------+---------+----------+----------+-----+-----+---------+
    |      253|      253|  2.530 us|  2.530 us|  253|  253|       no|
    +---------+---------+----------+----------+-----+-----+---------+

    + Detail: 
        * Instance: 
        N/A

        * Loop: 
        +----------+---------+---------+----------+-----------+-----------+------+----------+
        |          |  Latency (cycles) | Iteration|  Initiation Interval  | Trip |          |
        | Loop Name|   min   |   max   |  Latency |  achieved |   target  | Count| Pipelined|
        +----------+---------+---------+----------+-----------+-----------+------+----------+
        |- KR_KC   |      251|      251|        12|          3|          3|    81|       yes|
        +----------+---------+---------+----------+-----------+-----------+------+----------+



================================================================
== Utilization Estimates
================================================================
* Summary: 
+-----------------+---------+-----+--------+-------+-----+
|       Name      | BRAM_18K| DSP |   FF   |  LUT  | URAM|
+-----------------+---------+-----+--------+-------+-----+
|DSP              |        -|    1|       -|      -|    -|
|Expression       |        -|    -|       0|    141|    -|
|FIFO             |        -|    -|       -|      -|    -|
|Instance         |        -|    -|       -|      -|    -|
|Memory           |        -|    -|       -|      -|    -|
|Multiplexer      |        -|    -|       -|    119|    -|
|Register         |        -|    -|     234|     32|    -|
+-----------------+---------+-----+--------+-------+-----+
|Total            |        0|    1|     234|    292|    0|
+-----------------+---------+-----+--------+-------+-----+
|Available        |      432|  360|  141120|  70560|    0|
+-----------------+---------+-----+--------+-------+-----+
|Utilization (%)  |        0|   ~0|      ~0|     ~0|    0|
+-----------------+---------+-----+--------+-------+-----+

+ Detail: 
    * Instance: 
    N/A

    * DSP: 
    +-----------------------------------------+--------------------------------------+---------------------+
    |                 Instance                |                Module                |      Expression     |
    +-----------------------------------------+--------------------------------------+---------------------+
    |ama_addmuladd_4ns_4ns_9ns_9ns_13_4_1_U6  |ama_addmuladd_4ns_4ns_9ns_9ns_13_4_1  |  (i0 + i1) * i2 + i3|
    +-----------------------------------------+--------------------------------------+---------------------+

    * Memory: 
    N/A

    * FIFO: 
    N/A

    * Expression: 
    +-------------------------+----------+----+---+----+------------+------------+
    |      Variable Name      | Operation| DSP| FF| LUT| Bitwidth P0| Bitwidth P1|
    +-------------------------+----------+----+---+----+------------+------------+
    |add_ln45_4_fu_180_p2     |         +|   0|  0|  14|           7|           1|
    |add_ln45_fu_192_p2       |         +|   0|  0|  12|           4|           1|
    |add_ln46_fu_224_p2       |         +|   0|  0|  12|           4|           1|
    |add_ln51_fu_248_p2       |         +|   0|  0|  16|           9|           9|
    |add_ln53_7_fu_260_p2     |         +|   0|  0|  15|           8|           8|
    |add_ln53_8_fu_281_p2     |         +|   0|  0|  18|          10|          10|
    |add_ln53_9_fu_290_p2     |         +|   0|  0|  18|          10|          10|
    |icmp_ln45_fu_174_p2      |      icmp|   0|  0|  14|           7|           7|
    |icmp_ln46_fu_198_p2      |      icmp|   0|  0|  12|           4|           4|
    |select_ln45_2_fu_212_p3  |    select|   0|  0|   4|           1|           4|
    |select_ln45_fu_204_p3    |    select|   0|  0|   4|           1|           1|
    |ap_enable_pp0            |       xor|   0|  0|   2|           1|           2|
    +-------------------------+----------+----+---+----+------------+------------+
    |Total                    |          |   0|  0| 141|          66|          58|
    +-------------------------+----------+----+---+----+------------+------------+

    * Multiplexer: 
    +----------------------------------------+----+-----------+-----+-----------+
    |                  Name                  | LUT| Input Size| Bits| Total Bits|
    +----------------------------------------+----+-----------+-----+-----------+
    |ap_NS_fsm                               |  20|          4|    1|          4|
    |ap_done_int                             |   9|          2|    1|          2|
    |ap_enable_reg_pp0_iter0                 |   9|          2|    1|          2|
    |ap_enable_reg_pp0_iter1                 |   9|          2|    1|          2|
    |ap_sig_allocacmp_indvar_flatten20_load  |   9|          2|    7|         14|
    |ap_sig_allocacmp_kc_load                |   9|          2|    4|          8|
    |ap_sig_allocacmp_kr_load                |   9|          2|    4|          8|
    |ap_sig_allocacmp_p_load                 |   9|          2|   32|         64|
    |empty_fu_62                             |   9|          2|   32|         64|
    |indvar_flatten20_fu_74                  |   9|          2|    7|         14|
    |kc_fu_66                                |   9|          2|    4|          8|
    |kr_fu_70                                |   9|          2|    4|          8|
    +----------------------------------------+----+-----------+-----+-----------+
    |Total                                   | 119|         26|   98|        198|
    +----------------------------------------+----+-----------+-----+-----------+

    * Register: 
    +----------------------------------+----+----+-----+-----------+
    |               Name               | FF | LUT| Bits| Const Bits|
    +----------------------------------+----+----+-----+-----------+
    |ap_CS_fsm                         |   3|   0|    3|          0|
    |ap_done_reg                       |   1|   0|    1|          0|
    |ap_enable_reg_pp0_iter0_reg       |   1|   0|    1|          0|
    |ap_enable_reg_pp0_iter1           |   1|   0|    1|          0|
    |ap_enable_reg_pp0_iter2           |   1|   0|    1|          0|
    |ap_enable_reg_pp0_iter3           |   1|   0|    1|          0|
    |ap_loop_exit_ready_pp0_iter1_reg  |   1|   0|    1|          0|
    |ap_loop_exit_ready_pp0_iter2_reg  |   1|   0|    1|          0|
    |empty_fu_62                       |  32|   0|   32|          0|
    |icmp_ln45_reg_368                 |   1|   0|    1|          0|
    |indvar_flatten20_fu_74            |   7|   0|    7|          0|
    |input_fm_buffer_2_0_load_reg_403  |  32|   0|   32|          0|
    |kc_fu_66                          |   4|   0|    4|          0|
    |kr_fu_70                          |   4|   0|    4|          0|
    |mul_reg_408                       |  32|   0|   32|          0|
    |select_ln45_2_reg_378             |   4|   0|    4|          0|
    |select_ln45_reg_372               |   4|   0|    4|          0|
    |weight_buffer_2_0_load_reg_398    |  32|   0|   32|          0|
    |zext_ln43_2_cast_reg_363          |   8|   0|    9|          1|
    |icmp_ln45_reg_368                 |  64|  32|    1|          0|
    +----------------------------------+----+----+-----+-----------+
    |Total                             | 234|  32|  172|          1|
    +----------------------------------+----+----+-----+-----------+



================================================================
== Interface
================================================================
* Summary: 
+------------------------------+-----+-----+------------+-------------------------+--------------+
|           RTL Ports          | Dir | Bits|  Protocol  |      Source Object      |    C Type    |
+------------------------------+-----+-----+------------+-------------------------+--------------+
|ap_clk                        |   in|    1|  ap_ctrl_hs|     conv1_Pipeline_KR_KC|  return value|
|ap_rst                        |   in|    1|  ap_ctrl_hs|     conv1_Pipeline_KR_KC|  return value|
|ap_start                      |   in|    1|  ap_ctrl_hs|     conv1_Pipeline_KR_KC|  return value|
|ap_done                       |  out|    1|  ap_ctrl_hs|     conv1_Pipeline_KR_KC|  return value|
|ap_idle                       |  out|    1|  ap_ctrl_hs|     conv1_Pipeline_KR_KC|  return value|
|ap_ready                      |  out|    1|  ap_ctrl_hs|     conv1_Pipeline_KR_KC|  return value|
|grp_fu_1171_p_din0            |  out|   32|  ap_ctrl_hs|     conv1_Pipeline_KR_KC|  return value|
|grp_fu_1171_p_din1            |  out|   32|  ap_ctrl_hs|     conv1_Pipeline_KR_KC|  return value|
|grp_fu_1171_p_opcode          |  out|    2|  ap_ctrl_hs|     conv1_Pipeline_KR_KC|  return value|
|grp_fu_1171_p_dout0           |   in|   32|  ap_ctrl_hs|     conv1_Pipeline_KR_KC|  return value|
|grp_fu_1171_p_ce              |  out|    1|  ap_ctrl_hs|     conv1_Pipeline_KR_KC|  return value|
|grp_fu_1175_p_din0            |  out|   32|  ap_ctrl_hs|     conv1_Pipeline_KR_KC|  return value|
|grp_fu_1175_p_din1            |  out|   32|  ap_ctrl_hs|     conv1_Pipeline_KR_KC|  return value|
|grp_fu_1175_p_dout0           |   in|   32|  ap_ctrl_hs|     conv1_Pipeline_KR_KC|  return value|
|grp_fu_1175_p_ce              |  out|    1|  ap_ctrl_hs|     conv1_Pipeline_KR_KC|  return value|
|output_fm_buffer_1_load       |   in|   32|     ap_none|  output_fm_buffer_1_load|        scalar|
|add_ln53                      |   in|    8|     ap_none|                 add_ln53|        scalar|
|select_ln42_6                 |   in|    4|     ap_none|            select_ln42_6|        scalar|
|zext_ln43_2                   |   in|    8|     ap_none|              zext_ln43_2|        scalar|
|p_out                         |  out|   32|      ap_vld|                    p_out|       pointer|
|p_out_ap_vld                  |  out|    1|      ap_vld|                    p_out|       pointer|
|weight_buffer_2_0_address0    |  out|   10|   ap_memory|        weight_buffer_2_0|         array|
|weight_buffer_2_0_ce0         |  out|    1|   ap_memory|        weight_buffer_2_0|         array|
|weight_buffer_2_0_q0          |   in|   32|   ap_memory|        weight_buffer_2_0|         array|
|input_fm_buffer_2_0_address0  |  out|   13|   ap_memory|      input_fm_buffer_2_0|         array|
|input_fm_buffer_2_0_ce0       |  out|    1|   ap_memory|      input_fm_buffer_2_0|         array|
|input_fm_buffer_2_0_q0        |   in|   32|   ap_memory|      input_fm_buffer_2_0|         array|
+------------------------------+-----+-----+------------+-------------------------+--------------+

============================================================
+ Verbose Summary: Synthesis Manager
============================================================
InlineROM: 1
ExposeGlobal: 0
============================================================
+ Verbose Summary: CDFG Model
============================================================
IsTopModel: 0
ResetActiveHigh: 1
IsCombinational: 2
IsDatapathOnly: 2
HasWiredReturn: 1
HasMFsm: 2
HasVarLatency: 1
IsPipeline: 0
IsRtlPipelined: 0
IsInstanceOverlapped: 0
IsDontTouch: 0
HasImplIP: 0
IsGatedGlobalClock: 0

+ Individual pipeline summary: 
  * Pipeline-0: initiation interval (II) = 3, depth = 12


============================================================
+ Verbose Summary: Schedule
============================================================
* Number of FSM states : 12
* Pipeline : 1
  Pipeline-0 : II = 3, D = 12, States = { 1 2 3 4 5 6 7 8 9 10 11 12 }
* Dataflow Pipeline: 0

* FSM state transitions: 
1 --> 2 
2 --> 3 
3 --> 4 
4 --> 5 
5 --> 6 
6 --> 7 
7 --> 8 
8 --> 9 
9 --> 10 
10 --> 11 
11 --> 12 
12 --> 

* FSM state operations: 

State 1 <SV = 0> <Delay = 3.88>
ST_1 : Operation 15 [1/1] (0.00ns)   --->   "%empty = alloca i32 1"   --->   Operation 15 'alloca' 'empty' <Predicate = true> <Delay = 0.00>
ST_1 : Operation 16 [1/1] (0.00ns)   --->   "%kc = alloca i32 1"   --->   Operation 16 'alloca' 'kc' <Predicate = true> <Delay = 0.00>
ST_1 : Operation 17 [1/1] (0.00ns)   --->   "%kr = alloca i32 1"   --->   Operation 17 'alloca' 'kr' <Predicate = true> <Delay = 0.00>
ST_1 : Operation 18 [1/1] (0.00ns)   --->   "%indvar_flatten20 = alloca i32 1"   --->   Operation 18 'alloca' 'indvar_flatten20' <Predicate = true> <Delay = 0.00>
ST_1 : Operation 19 [1/1] (0.00ns)   --->   "%zext_ln43_2_read = read i8 @_ssdm_op_Read.ap_auto.i8, i8 %zext_ln43_2"   --->   Operation 19 'read' 'zext_ln43_2_read' <Predicate = true> <Delay = 0.00>
ST_1 : Operation 20 [1/1] (0.00ns)   --->   "%select_ln42_6_read = read i4 @_ssdm_op_Read.ap_auto.i4, i4 %select_ln42_6"   --->   Operation 20 'read' 'select_ln42_6_read' <Predicate = true> <Delay = 0.00>
ST_1 : Operation 21 [1/1] (0.00ns)   --->   "%add_ln53_read = read i8 @_ssdm_op_Read.ap_auto.i8, i8 %add_ln53"   --->   Operation 21 'read' 'add_ln53_read' <Predicate = true> <Delay = 0.00>
ST_1 : Operation 22 [1/1] (0.00ns)   --->   "%output_fm_buffer_1_load_read = read i32 @_ssdm_op_Read.ap_auto.float, i32 %output_fm_buffer_1_load"   --->   Operation 22 'read' 'output_fm_buffer_1_load_read' <Predicate = true> <Delay = 0.00>
ST_1 : Operation 23 [1/1] (0.00ns)   --->   "%zext_ln43_2_cast = zext i8 %zext_ln43_2_read"   --->   Operation 23 'zext' 'zext_ln43_2_cast' <Predicate = true> <Delay = 0.00>
ST_1 : Operation 24 [1/1] (0.00ns)   --->   "%select_ln42_6_cast = zext i4 %select_ln42_6_read"   --->   Operation 24 'zext' 'select_ln42_6_cast' <Predicate = true> <Delay = 0.00>
ST_1 : Operation 25 [1/1] (0.42ns)   --->   "%store_ln0 = store i7 0, i7 %indvar_flatten20"   --->   Operation 25 'store' 'store_ln0' <Predicate = true> <Delay = 0.42>
ST_1 : Operation 26 [1/1] (0.42ns)   --->   "%store_ln0 = store i4 0, i4 %kr"   --->   Operation 26 'store' 'store_ln0' <Predicate = true> <Delay = 0.42>
ST_1 : Operation 27 [1/1] (0.42ns)   --->   "%store_ln0 = store i4 0, i4 %kc"   --->   Operation 27 'store' 'store_ln0' <Predicate = true> <Delay = 0.42>
ST_1 : Operation 28 [1/1] (0.42ns)   --->   "%store_ln0 = store i32 %output_fm_buffer_1_load_read, i32 %empty"   --->   Operation 28 'store' 'store_ln0' <Predicate = true> <Delay = 0.42>
ST_1 : Operation 29 [1/1] (0.00ns)   --->   "%br_ln0 = br void %for.inc"   --->   Operation 29 'br' 'br_ln0' <Predicate = true> <Delay = 0.00>
ST_1 : Operation 30 [1/1] (0.00ns)   --->   "%indvar_flatten20_load = load i7 %indvar_flatten20" [src/conv1.cpp:45]   --->   Operation 30 'load' 'indvar_flatten20_load' <Predicate = true> <Delay = 0.00>
ST_1 : Operation 31 [1/1] (0.77ns)   --->   "%icmp_ln45 = icmp_eq  i7 %indvar_flatten20_load, i7 81" [src/conv1.cpp:45]   --->   Operation 31 'icmp' 'icmp_ln45' <Predicate = true> <Delay = 0.77> <CoreInst = "Cmp">   --->   Core 9 'Cmp' <Latency = 0> <II = 1> <Delay = 0.77> <FuncUnit> <Opcode : 'icmp'> <InPorts = 2> <OutPorts = 1>
ST_1 : Operation 32 [1/1] (0.77ns)   --->   "%add_ln45_4 = add i7 %indvar_flatten20_load, i7 1" [src/conv1.cpp:45]   --->   Operation 32 'add' 'add_ln45_4' <Predicate = true> <Delay = 0.77> <CoreInst = "Adder">   --->   Core 1 'Adder' <Latency = 0> <II = 1> <Delay = 0.77> <FuncUnit> <Opcode : 'add' 'sub'> <InPorts = 2> <OutPorts = 1>
ST_1 : Operation 33 [1/1] (0.00ns)   --->   "%br_ln45 = br i1 %icmp_ln45, void %for.inc53, void %for.inc56.exitStub" [src/conv1.cpp:45]   --->   Operation 33 'br' 'br_ln45' <Predicate = true> <Delay = 0.00>
ST_1 : Operation 34 [1/1] (0.00ns)   --->   "%kc_load = load i4 %kc" [src/conv1.cpp:46]   --->   Operation 34 'load' 'kc_load' <Predicate = (!icmp_ln45)> <Delay = 0.00>
ST_1 : Operation 35 [1/1] (0.00ns)   --->   "%kr_load = load i4 %kr" [src/conv1.cpp:45]   --->   Operation 35 'load' 'kr_load' <Predicate = (!icmp_ln45)> <Delay = 0.00>
ST_1 : Operation 36 [1/1] (0.79ns)   --->   "%add_ln45 = add i4 %kr_load, i4 1" [src/conv1.cpp:45]   --->   Operation 36 'add' 'add_ln45' <Predicate = (!icmp_ln45)> <Delay = 0.79> <CoreInst = "Adder">   --->   Core 1 'Adder' <Latency = 0> <II = 1> <Delay = 0.79> <FuncUnit> <Opcode : 'add' 'sub'> <InPorts = 2> <OutPorts = 1>
ST_1 : Operation 37 [1/1] (0.79ns)   --->   "%icmp_ln46 = icmp_eq  i4 %kc_load, i4 9" [src/conv1.cpp:46]   --->   Operation 37 'icmp' 'icmp_ln46' <Predicate = (!icmp_ln45)> <Delay = 0.79> <CoreInst = "Cmp">   --->   Core 9 'Cmp' <Latency = 0> <II = 1> <Delay = 0.79> <FuncUnit> <Opcode : 'icmp'> <InPorts = 2> <OutPorts = 1>
ST_1 : Operation 38 [1/1] (0.39ns)   --->   "%select_ln45 = select i1 %icmp_ln46, i4 0, i4 %kc_load" [src/conv1.cpp:45]   --->   Operation 38 'select' 'select_ln45' <Predicate = (!icmp_ln45)> <Delay = 0.39> <CoreInst = "Sel">   --->   Core 73 'Sel' <Latency = 0> <II = 1> <Delay = 0.39> <FuncUnit> <Opcode : 'select'> <InPorts = 3> <OutPorts = 1>
ST_1 : Operation 39 [1/1] (0.39ns)   --->   "%select_ln45_2 = select i1 %icmp_ln46, i4 %add_ln45, i4 %kr_load" [src/conv1.cpp:45]   --->   Operation 39 'select' 'select_ln45_2' <Predicate = (!icmp_ln45)> <Delay = 0.39> <CoreInst = "Sel">   --->   Core 73 'Sel' <Latency = 0> <II = 1> <Delay = 0.39> <FuncUnit> <Opcode : 'select'> <InPorts = 3> <OutPorts = 1>
ST_1 : Operation 40 [1/1] (0.00ns)   --->   "%zext_ln45 = zext i4 %select_ln45_2" [src/conv1.cpp:45]   --->   Operation 40 'zext' 'zext_ln45' <Predicate = (!icmp_ln45)> <Delay = 0.00>
ST_1 : Operation 41 [1/1] (1.69ns) (grouped into DSP with root node add_ln53_10)   --->   "%add_ln45_3 = add i5 %zext_ln45, i5 %select_ln42_6_cast" [src/conv1.cpp:45]   --->   Operation 41 'add' 'add_ln45_3' <Predicate = (!icmp_ln45)> <Delay = 1.69> <CoreInst = "DSP48">   --->   Core 127 'DSP48' <Latency = 3> <II = 1> <Delay = 0.53> <IPBlock> <Opcode : '<invalid operator> ' 'mul' 'add' 'sub' 'select'> <InPorts = 0> <OutPorts = 1> <Sync> <CReg>
ST_1 : Operation 42 [1/1] (0.00ns) (grouped into DSP with root node add_ln53_10)   --->   "%zext_ln46 = zext i5 %add_ln45_3" [src/conv1.cpp:46]   --->   Operation 42 'zext' 'zext_ln46' <Predicate = (!icmp_ln45)> <Delay = 0.00>
ST_1 : Operation 43 [3/3] (0.99ns) (grouped into DSP with root node add_ln53_10)   --->   "%mul_ln46 = mul i13 %zext_ln46, i13 263" [src/conv1.cpp:46]   --->   Operation 43 'mul' 'mul_ln46' <Predicate = (!icmp_ln45)> <Delay = 0.99> <CoreInst = "DSP48">   --->   Core 127 'DSP48' <Latency = 3> <II = 1> <Delay = 0.53> <IPBlock> <Opcode : '<invalid operator> ' 'mul' 'add' 'sub' 'select'> <InPorts = 0> <OutPorts = 1> <Sync> <CReg>
ST_1 : Operation 44 [1/1] (0.79ns)   --->   "%add_ln46 = add i4 %select_ln45, i4 1" [src/conv1.cpp:46]   --->   Operation 44 'add' 'add_ln46' <Predicate = (!icmp_ln45)> <Delay = 0.79> <CoreInst = "Adder">   --->   Core 1 'Adder' <Latency = 0> <II = 1> <Delay = 0.79> <FuncUnit> <Opcode : 'add' 'sub'> <InPorts = 2> <OutPorts = 1>
ST_1 : Operation 45 [1/1] (0.42ns)   --->   "%store_ln46 = store i7 %add_ln45_4, i7 %indvar_flatten20" [src/conv1.cpp:46]   --->   Operation 45 'store' 'store_ln46' <Predicate = (!icmp_ln45)> <Delay = 0.42>
ST_1 : Operation 46 [1/1] (0.42ns)   --->   "%store_ln46 = store i4 %select_ln45_2, i4 %kr" [src/conv1.cpp:46]   --->   Operation 46 'store' 'store_ln46' <Predicate = (!icmp_ln45)> <Delay = 0.42>
ST_1 : Operation 47 [1/1] (0.42ns)   --->   "%store_ln46 = store i4 %add_ln46, i4 %kc" [src/conv1.cpp:46]   --->   Operation 47 'store' 'store_ln46' <Predicate = (!icmp_ln45)> <Delay = 0.42>

State 2 <SV = 1> <Delay = 0.99>
ST_2 : Operation 48 [2/3] (0.99ns) (grouped into DSP with root node add_ln53_10)   --->   "%mul_ln46 = mul i13 %zext_ln46, i13 263" [src/conv1.cpp:46]   --->   Operation 48 'mul' 'mul_ln46' <Predicate = (!icmp_ln45)> <Delay = 0.99> <CoreInst = "DSP48">   --->   Core 127 'DSP48' <Latency = 3> <II = 1> <Delay = 0.53> <IPBlock> <Opcode : '<invalid operator> ' 'mul' 'add' 'sub' 'select'> <InPorts = 0> <OutPorts = 1> <Sync> <CReg>

State 3 <SV = 2> <Delay = 1.41>
ST_3 : Operation 49 [1/3] (0.00ns) (grouped into DSP with root node add_ln53_10)   --->   "%mul_ln46 = mul i13 %zext_ln46, i13 263" [src/conv1.cpp:46]   --->   Operation 49 'mul' 'mul_ln46' <Predicate = (!icmp_ln45)> <Delay = 0.00> <CoreInst = "DSP48">   --->   Core 127 'DSP48' <Latency = 3> <II = 1> <Delay = 0.53> <IPBlock> <Opcode : '<invalid operator> ' 'mul' 'add' 'sub' 'select'> <InPorts = 0> <OutPorts = 1> <Sync> <CReg>
ST_3 : Operation 50 [1/1] (0.00ns)   --->   "%zext_ln46_2 = zext i4 %select_ln45" [src/conv1.cpp:46]   --->   Operation 50 'zext' 'zext_ln46_2' <Predicate = (!icmp_ln45)> <Delay = 0.00>
ST_3 : Operation 51 [1/1] (0.76ns)   --->   "%add_ln51 = add i9 %zext_ln46_2, i9 %zext_ln43_2_cast" [src/conv1.cpp:51]   --->   Operation 51 'add' 'add_ln51' <Predicate = (!icmp_ln45)> <Delay = 0.76> <CoreInst = "Adder">   --->   Core 1 'Adder' <Latency = 0> <II = 1> <Delay = 0.77> <FuncUnit> <Opcode : 'add' 'sub'> <InPorts = 2> <OutPorts = 1>
ST_3 : Operation 52 [1/1] (0.00ns)   --->   "%zext_ln53_13 = zext i9 %add_ln51" [src/conv1.cpp:53]   --->   Operation 52 'zext' 'zext_ln53_13' <Predicate = (!icmp_ln45)> <Delay = 0.00>
ST_3 : Operation 53 [2/2] (0.64ns) (root node of the DSP)   --->   "%add_ln53_10 = add i13 %mul_ln46, i13 %zext_ln53_13" [src/conv1.cpp:53]   --->   Operation 53 'add' 'add_ln53_10' <Predicate = (!icmp_ln45)> <Delay = 0.64> <CoreInst = "DSP48">   --->   Core 127 'DSP48' <Latency = 3> <II = 1> <Delay = 0.53> <IPBlock> <Opcode : '<invalid operator> ' 'mul' 'add' 'sub' 'select'> <InPorts = 0> <OutPorts = 1> <Sync> <CReg>

State 4 <SV = 3> <Delay = 2.96>
ST_4 : Operation 54 [1/1] (0.00ns)   --->   "%zext_ln53 = zext i4 %select_ln45_2" [src/conv1.cpp:53]   --->   Operation 54 'zext' 'zext_ln53' <Predicate = true> <Delay = 0.00>
ST_4 : Operation 55 [1/1] (0.76ns)   --->   "%add_ln53_7 = add i8 %add_ln53_read, i8 %zext_ln53" [src/conv1.cpp:53]   --->   Operation 55 'add' 'add_ln53_7' <Predicate = true> <Delay = 0.76> <CoreInst = "Adder">   --->   Core 1 'Adder' <Latency = 0> <II = 1> <Delay = 0.76> <FuncUnit> <Opcode : 'add' 'sub'> <InPorts = 2> <OutPorts = 1>
ST_4 : Operation 56 [1/1] (0.00ns)   --->   "%zext_ln53_10 = zext i8 %add_ln53_7" [src/conv1.cpp:53]   --->   Operation 56 'zext' 'zext_ln53_10' <Predicate = true> <Delay = 0.00>
ST_4 : Operation 57 [1/1] (0.00ns)   --->   "%trunc_ln53 = trunc i8 %add_ln53_7" [src/conv1.cpp:53]   --->   Operation 57 'trunc' 'trunc_ln53' <Predicate = true> <Delay = 0.00>
ST_4 : Operation 58 [1/1] (0.00ns)   --->   "%p_shl9 = bitconcatenate i10 @_ssdm_op_BitConcatenate.i10.i7.i3, i7 %trunc_ln53, i3 0" [src/conv1.cpp:53]   --->   Operation 58 'bitconcatenate' 'p_shl9' <Predicate = true> <Delay = 0.00>
ST_4 : Operation 59 [1/1] (0.00ns) (grouped into TernaryAdder)   --->   "%add_ln53_8 = add i10 %p_shl9, i10 %zext_ln53_10" [src/conv1.cpp:53]   --->   Operation 59 'add' 'add_ln53_8' <Predicate = true> <Delay = 0.00> <CoreInst = "TAddSub">   --->   Core 10 'TAddSub' <Latency = 0> <II = 1> <Delay = 0.48> <IPBlock> <Opcode : '<invalid operator> ' 'add' 'sub'> <InPorts = 3> <OutPorts = 1> <Sync> <CReg>
ST_4 : Operation 60 [1/1] (0.00ns)   --->   "%zext_ln53_11 = zext i4 %select_ln45" [src/conv1.cpp:53]   --->   Operation 60 'zext' 'zext_ln53_11' <Predicate = true> <Delay = 0.00>
ST_4 : Operation 61 [1/1] (0.96ns) (root node of TernaryAdder)   --->   "%add_ln53_9 = add i10 %add_ln53_8, i10 %zext_ln53_11" [src/conv1.cpp:53]   --->   Operation 61 'add' 'add_ln53_9' <Predicate = true> <Delay = 0.96> <CoreInst = "TAddSub">   --->   Core 10 'TAddSub' <Latency = 0> <II = 1> <Delay = 0.48> <IPBlock> <Opcode : '<invalid operator> ' 'add' 'sub'> <InPorts = 3> <OutPorts = 1> <Sync> <CReg>
ST_4 : Operation 62 [1/1] (0.00ns)   --->   "%zext_ln53_12 = zext i10 %add_ln53_9" [src/conv1.cpp:53]   --->   Operation 62 'zext' 'zext_ln53_12' <Predicate = true> <Delay = 0.00>
ST_4 : Operation 63 [1/1] (0.00ns)   --->   "%weight_buffer_2_0_addr = getelementptr i32 %weight_buffer_2_0, i64 0, i64 %zext_ln53_12" [src/conv1.cpp:53]   --->   Operation 63 'getelementptr' 'weight_buffer_2_0_addr' <Predicate = true> <Delay = 0.00>
ST_4 : Operation 64 [1/2] (0.64ns) (root node of the DSP)   --->   "%add_ln53_10 = add i13 %mul_ln46, i13 %zext_ln53_13" [src/conv1.cpp:53]   --->   Operation 64 'add' 'add_ln53_10' <Predicate = true> <Delay = 0.64> <CoreInst = "DSP48">   --->   Core 127 'DSP48' <Latency = 3> <II = 1> <Delay = 0.53> <IPBlock> <Opcode : '<invalid operator> ' 'mul' 'add' 'sub' 'select'> <InPorts = 0> <OutPorts = 1> <Sync> <CReg>
ST_4 : Operation 65 [1/1] (0.00ns)   --->   "%zext_ln53_14 = zext i13 %add_ln53_10" [src/conv1.cpp:53]   --->   Operation 65 'zext' 'zext_ln53_14' <Predicate = true> <Delay = 0.00>
ST_4 : Operation 66 [1/1] (0.00ns)   --->   "%input_fm_buffer_2_0_addr = getelementptr i32 %input_fm_buffer_2_0, i64 0, i64 %zext_ln53_14" [src/conv1.cpp:53]   --->   Operation 66 'getelementptr' 'input_fm_buffer_2_0_addr' <Predicate = true> <Delay = 0.00>
ST_4 : Operation 67 [2/2] (1.23ns)   --->   "%weight_buffer_2_0_load = load i10 %weight_buffer_2_0_addr" [src/conv1.cpp:53]   --->   Operation 67 'load' 'weight_buffer_2_0_load' <Predicate = true> <Delay = 1.23> <CoreInst = "RAM">   --->   Core 83 'RAM' <Latency = 1> <II = 1> <Delay = 1.23> <Storage> <Opcode : 'load' 'store'> <Ports = 2> <Width = 32> <Depth = 648> <RAM>
ST_4 : Operation 68 [2/2] (1.23ns)   --->   "%input_fm_buffer_2_0_load = load i13 %input_fm_buffer_2_0_addr" [src/conv1.cpp:53]   --->   Operation 68 'load' 'input_fm_buffer_2_0_load' <Predicate = true> <Delay = 1.23> <CoreInst = "RAM">   --->   Core 83 'RAM' <Latency = 1> <II = 1> <Delay = 1.23> <Storage> <Opcode : 'load' 'store'> <Ports = 2> <Width = 32> <Depth = 6049> <RAM>

State 5 <SV = 4> <Delay = 1.23>
ST_5 : Operation 69 [1/2] (1.23ns)   --->   "%weight_buffer_2_0_load = load i10 %weight_buffer_2_0_addr" [src/conv1.cpp:53]   --->   Operation 69 'load' 'weight_buffer_2_0_load' <Predicate = true> <Delay = 1.23> <CoreInst = "RAM">   --->   Core 83 'RAM' <Latency = 1> <II = 1> <Delay = 1.23> <Storage> <Opcode : 'load' 'store'> <Ports = 2> <Width = 32> <Depth = 648> <RAM>
ST_5 : Operation 70 [1/2] (1.23ns)   --->   "%input_fm_buffer_2_0_load = load i13 %input_fm_buffer_2_0_addr" [src/conv1.cpp:53]   --->   Operation 70 'load' 'input_fm_buffer_2_0_load' <Predicate = true> <Delay = 1.23> <CoreInst = "RAM">   --->   Core 83 'RAM' <Latency = 1> <II = 1> <Delay = 1.23> <Storage> <Opcode : 'load' 'store'> <Ports = 2> <Width = 32> <Depth = 6049> <RAM>

State 6 <SV = 5> <Delay = 7.01>
ST_6 : [1/1] (0.47ns)   --->   Input mux for Operation 71 '%mul = fmul i32 %weight_buffer_2_0_load, i32 %input_fm_buffer_2_0_load'
ST_6 : Operation 71 [3/3] (6.54ns)   --->   "%mul = fmul i32 %weight_buffer_2_0_load, i32 %input_fm_buffer_2_0_load" [src/conv1.cpp:53]   --->   Operation 71 'fmul' 'mul' <Predicate = true> <Delay = 6.54> <CoreInst = "FMul_maxdsp">   --->   Core 30 'FMul_maxdsp' <Latency = 2> <II = 1> <Delay = 7.01> <FuncUnit> <Opcode : 'fmul'> <InPorts = 2> <OutPorts = 1>

State 7 <SV = 6> <Delay = 7.01>
ST_7 : Operation 72 [2/3] (7.01ns)   --->   "%mul = fmul i32 %weight_buffer_2_0_load, i32 %input_fm_buffer_2_0_load" [src/conv1.cpp:53]   --->   Operation 72 'fmul' 'mul' <Predicate = true> <Delay = 7.01> <CoreInst = "FMul_maxdsp">   --->   Core 30 'FMul_maxdsp' <Latency = 2> <II = 1> <Delay = 7.01> <FuncUnit> <Opcode : 'fmul'> <InPorts = 2> <OutPorts = 1>

State 8 <SV = 7> <Delay = 7.01>
ST_8 : Operation 73 [1/3] (7.01ns)   --->   "%mul = fmul i32 %weight_buffer_2_0_load, i32 %input_fm_buffer_2_0_load" [src/conv1.cpp:53]   --->   Operation 73 'fmul' 'mul' <Predicate = true> <Delay = 7.01> <CoreInst = "FMul_maxdsp">   --->   Core 30 'FMul_maxdsp' <Latency = 2> <II = 1> <Delay = 7.01> <FuncUnit> <Opcode : 'fmul'> <InPorts = 2> <OutPorts = 1>

State 9 <SV = 8> <Delay = 6.43>
ST_9 : Operation 74 [1/1] (0.00ns)   --->   "%p_load = load i32 %empty" [src/conv1.cpp:53]   --->   Operation 74 'load' 'p_load' <Predicate = true> <Delay = 0.00>
ST_9 : [1/1] (0.77ns)   --->   Input mux for Operation 75 '%add = fadd i32 %p_load, i32 %mul'
ST_9 : Operation 75 [4/4] (5.66ns)   --->   "%add = fadd i32 %p_load, i32 %mul" [src/conv1.cpp:53]   --->   Operation 75 'fadd' 'add' <Predicate = true> <Delay = 5.66> <CoreInst = "FAddSub_fulldsp">   --->   Core 18 'FAddSub_fulldsp' <Latency = 3> <II = 1> <Delay = 6.43> <FuncUnit> <Opcode : 'fadd' 'fsub'> <InPorts = 2> <OutPorts = 1>
ST_9 : Operation 85 [1/1] (0.00ns)   --->   "%p_load22 = load i32 %empty"   --->   Operation 85 'load' 'p_load22' <Predicate = (icmp_ln45)> <Delay = 0.00>
ST_9 : Operation 86 [1/1] (0.00ns)   --->   "%write_ln0 = write void @_ssdm_op_Write.ap_auto.floatP0A, i32 %p_out, i32 %p_load22"   --->   Operation 86 'write' 'write_ln0' <Predicate = (icmp_ln45)> <Delay = 0.00>
ST_9 : Operation 87 [1/1] (0.00ns)   --->   "%ret_ln0 = ret"   --->   Operation 87 'ret' 'ret_ln0' <Predicate = (icmp_ln45)> <Delay = 0.00>

State 10 <SV = 9> <Delay = 6.43>
ST_10 : Operation 76 [3/4] (6.43ns)   --->   "%add = fadd i32 %p_load, i32 %mul" [src/conv1.cpp:53]   --->   Operation 76 'fadd' 'add' <Predicate = true> <Delay = 6.43> <CoreInst = "FAddSub_fulldsp">   --->   Core 18 'FAddSub_fulldsp' <Latency = 3> <II = 1> <Delay = 6.43> <FuncUnit> <Opcode : 'fadd' 'fsub'> <InPorts = 2> <OutPorts = 1>

State 11 <SV = 10> <Delay = 6.43>
ST_11 : Operation 77 [2/4] (6.43ns)   --->   "%add = fadd i32 %p_load, i32 %mul" [src/conv1.cpp:53]   --->   Operation 77 'fadd' 'add' <Predicate = true> <Delay = 6.43> <CoreInst = "FAddSub_fulldsp">   --->   Core 18 'FAddSub_fulldsp' <Latency = 3> <II = 1> <Delay = 6.43> <FuncUnit> <Opcode : 'fadd' 'fsub'> <InPorts = 2> <OutPorts = 1>

State 12 <SV = 11> <Delay = 6.86>
ST_12 : Operation 78 [1/1] (0.00ns)   --->   "%specloopname_ln0 = specloopname void @_ssdm_op_SpecLoopName, void @KR_KC_str"   --->   Operation 78 'specloopname' 'specloopname_ln0' <Predicate = true> <Delay = 0.00>
ST_12 : Operation 79 [1/1] (0.00ns)   --->   "%speclooptripcount_ln0 = speclooptripcount void @_ssdm_op_SpecLoopTripCount, i64 81, i64 81, i64 81"   --->   Operation 79 'speclooptripcount' 'speclooptripcount_ln0' <Predicate = true> <Delay = 0.00>
ST_12 : Operation 80 [1/1] (0.00ns)   --->   "%specpipeline_ln48 = specpipeline void @_ssdm_op_SpecPipeline, i32 3, i32 0, i32 0, i32 0, void @empty_11" [src/conv1.cpp:48]   --->   Operation 80 'specpipeline' 'specpipeline_ln48' <Predicate = true> <Delay = 0.00>
ST_12 : Operation 81 [1/1] (0.00ns)   --->   "%specloopname_ln46 = specloopname void @_ssdm_op_SpecLoopName, void @empty_1" [src/conv1.cpp:46]   --->   Operation 81 'specloopname' 'specloopname_ln46' <Predicate = true> <Delay = 0.00>
ST_12 : Operation 82 [1/4] (6.43ns)   --->   "%add = fadd i32 %p_load, i32 %mul" [src/conv1.cpp:53]   --->   Operation 82 'fadd' 'add' <Predicate = true> <Delay = 6.43> <CoreInst = "FAddSub_fulldsp">   --->   Core 18 'FAddSub_fulldsp' <Latency = 3> <II = 1> <Delay = 6.43> <FuncUnit> <Opcode : 'fadd' 'fsub'> <InPorts = 2> <OutPorts = 1>
ST_12 : Operation 83 [1/1] (0.42ns)   --->   "%store_ln46 = store i32 %add, i32 %empty" [src/conv1.cpp:46]   --->   Operation 83 'store' 'store_ln46' <Predicate = true> <Delay = 0.42>
ST_12 : Operation 84 [1/1] (0.00ns)   --->   "%br_ln46 = br void %for.inc" [src/conv1.cpp:46]   --->   Operation 84 'br' 'br_ln46' <Predicate = true> <Delay = 0.00>


============================================================
+ Verbose Summary: Binding
============================================================
STG Binding: 
---------------- STG Properties BEGIN ----------------
- Is combinational: 0
- Is one-state seq: 0
- Is datapath-only: 0
- Is pipelined: 0
- Is top level: 0
Port [ Return ] is wired: 1; IO mode=ap_ctrl_hs:ce=0
Port [ output_fm_buffer_1_load]:  wired=1; compound=0; hidden=0; nouse=0; global=0; static=0; extern=0; dir=0; type=0; pingpong=0; private_global=0; IO mode=ap_none:ce=0
Port [ add_ln53]:  wired=1; compound=0; hidden=0; nouse=0; global=0; static=0; extern=0; dir=0; type=0; pingpong=0; private_global=0; IO mode=ap_none:ce=0
Port [ select_ln42_6]:  wired=1; compound=0; hidden=0; nouse=0; global=0; static=0; extern=0; dir=0; type=0; pingpong=0; private_global=0; IO mode=ap_none:ce=0
Port [ zext_ln43_2]:  wired=1; compound=0; hidden=0; nouse=0; global=0; static=0; extern=0; dir=0; type=0; pingpong=0; private_global=0; IO mode=ap_none:ce=0
Port [ p_out]:  wired=1; compound=0; hidden=0; nouse=0; global=0; static=0; extern=0; dir=1; type=0; pingpong=0; private_global=0; IO mode=ap_vld:ce=0
Port [ weight_buffer_2_0]:  wired=1; compound=1; hidden=0; nouse=0; global=1; static=1; extern=0; dir=0; type=1; pingpong=0; private_global=0; MemPort=[13]; IO mode=ap_memory:ce=0
Port [ input_fm_buffer_2_0]:  wired=1; compound=1; hidden=0; nouse=0; global=1; static=1; extern=0; dir=0; type=1; pingpong=0; private_global=0; MemPort=[13]; IO mode=ap_memory:ce=0
---------------- STG Properties END ------------------

---------------- Datapath Model BEGIN ----------------

<LifeTime>
<method=bitvector/>
empty                        (alloca           ) [ 0111111111111]
kc                           (alloca           ) [ 0100000000000]
kr                           (alloca           ) [ 0100000000000]
indvar_flatten20             (alloca           ) [ 0100000000000]
zext_ln43_2_read             (read             ) [ 0000000000000]
select_ln42_6_read           (read             ) [ 0000000000000]
add_ln53_read                (read             ) [ 0111100000000]
output_fm_buffer_1_load_read (read             ) [ 0000000000000]
zext_ln43_2_cast             (zext             ) [ 0011000000000]
select_ln42_6_cast           (zext             ) [ 0000000000000]
store_ln0                    (store            ) [ 0000000000000]
store_ln0                    (store            ) [ 0000000000000]
store_ln0                    (store            ) [ 0000000000000]
store_ln0                    (store            ) [ 0000000000000]
br_ln0                       (br               ) [ 0000000000000]
indvar_flatten20_load        (load             ) [ 0000000000000]
icmp_ln45                    (icmp             ) [ 0111111111000]
add_ln45_4                   (add              ) [ 0000000000000]
br_ln45                      (br               ) [ 0000000000000]
kc_load                      (load             ) [ 0000000000000]
kr_load                      (load             ) [ 0000000000000]
add_ln45                     (add              ) [ 0000000000000]
icmp_ln46                    (icmp             ) [ 0000000000000]
select_ln45                  (select           ) [ 0111100000000]
select_ln45_2                (select           ) [ 0111100000000]
zext_ln45                    (zext             ) [ 0000000000000]
add_ln45_3                   (add              ) [ 0000000000000]
zext_ln46                    (zext             ) [ 0011000000000]
add_ln46                     (add              ) [ 0000000000000]
store_ln46                   (store            ) [ 0000000000000]
store_ln46                   (store            ) [ 0000000000000]
store_ln46                   (store            ) [ 0000000000000]
mul_ln46                     (mul              ) [ 0100100000000]
zext_ln46_2                  (zext             ) [ 0000000000000]
add_ln51                     (add              ) [ 0000000000000]
zext_ln53_13                 (zext             ) [ 0100100000000]
zext_ln53                    (zext             ) [ 0000000000000]
add_ln53_7                   (add              ) [ 0000000000000]
zext_ln53_10                 (zext             ) [ 0000000000000]
trunc_ln53                   (trunc            ) [ 0000000000000]
p_shl9                       (bitconcatenate   ) [ 0000000000000]
add_ln53_8                   (add              ) [ 0000000000000]
zext_ln53_11                 (zext             ) [ 0000000000000]
add_ln53_9                   (add              ) [ 0000000000000]
zext_ln53_12                 (zext             ) [ 0000000000000]
weight_buffer_2_0_addr       (getelementptr    ) [ 0010010000000]
add_ln53_10                  (add              ) [ 0000000000000]
zext_ln53_14                 (zext             ) [ 0000000000000]
input_fm_buffer_2_0_addr     (getelementptr    ) [ 0010010000000]
weight_buffer_2_0_load       (load             ) [ 0111001110000]
input_fm_buffer_2_0_load     (load             ) [ 0111001110000]
mul                          (fmul             ) [ 0111000001111]
p_load                       (load             ) [ 0111000000111]
specloopname_ln0             (specloopname     ) [ 0000000000000]
speclooptripcount_ln0        (speclooptripcount) [ 0000000000000]
specpipeline_ln48            (specpipeline     ) [ 0000000000000]
specloopname_ln46            (specloopname     ) [ 0000000000000]
add                          (fadd             ) [ 0000000000000]
store_ln46                   (store            ) [ 0000000000000]
br_ln46                      (br               ) [ 0000000000000]
p_load22                     (load             ) [ 0000000000000]
write_ln0                    (write            ) [ 0000000000000]
ret_ln0                      (ret              ) [ 0000000000000]
</LifeTime>

<model>

<comp_list>
<comp id="0" class="1000" name="output_fm_buffer_1_load">
<pin_list>
<pin id="1" dir="1" index="0" bw="1" slack="0"/>
</pin_list>
<bind>
<StgValue><ssdm name="output_fm_buffer_1_load"/></StgValue>
</bind>
</comp>

<comp id="2" class="1000" name="add_ln53">
<pin_list>
<pin id="3" dir="1" index="0" bw="1" slack="0"/>
</pin_list>
<bind>
<StgValue><ssdm name="add_ln53"/></StgValue>
</bind>
</comp>

<comp id="4" class="1000" name="select_ln42_6">
<pin_list>
<pin id="5" dir="1" index="0" bw="1" slack="0"/>
</pin_list>
<bind>
<StgValue><ssdm name="select_ln42_6"/></StgValue>
</bind>
</comp>

<comp id="6" class="1000" name="zext_ln43_2">
<pin_list>
<pin id="7" dir="1" index="0" bw="1" slack="0"/>
</pin_list>
<bind>
<StgValue><ssdm name="zext_ln43_2"/></StgValue>
</bind>
</comp>

<comp id="8" class="1000" name="p_out">
<pin_list>
<pin id="9" dir="1" index="0" bw="1" slack="0"/>
</pin_list>
<bind>
<StgValue><ssdm name="p_out"/></StgValue>
</bind>
</comp>

<comp id="10" class="1000" name="weight_buffer_2_0">
<pin_list>
<pin id="11" dir="1" index="0" bw="1" slack="0"/>
</pin_list>
<bind>
<StgValue><ssdm name="weight_buffer_2_0"/><MemPortTyVec>1 3 </MemPortTyVec>
</StgValue>
</bind>
</comp>

<comp id="12" class="1000" name="input_fm_buffer_2_0">
<pin_list>
<pin id="13" dir="1" index="0" bw="1" slack="0"/>
</pin_list>
<bind>
<StgValue><ssdm name="input_fm_buffer_2_0"/><MemPortTyVec>1 3 </MemPortTyVec>
</StgValue>
</bind>
</comp>

<comp id="14" class="1001" name="const_14">
<pin_list>
<pin id="15" dir="1" index="0" bw="1" slack="0"/>
</pin_list>
<bind>
<StgValue><ssdm name=""/></StgValue>
</bind>
</comp>

<comp id="16" class="1001" name="const_16">
<pin_list>
<pin id="17" dir="1" index="0" bw="1" slack="0"/>
</pin_list>
<bind>
<StgValue><ssdm name="_ssdm_op_Read.ap_auto.i8"/></StgValue>
</bind>
</comp>

<comp id="18" class="1001" name="const_18">
<pin_list>
<pin id="19" dir="1" index="0" bw="1" slack="0"/>
</pin_list>
<bind>
<StgValue><ssdm name="_ssdm_op_Read.ap_auto.i4"/></StgValue>
</bind>
</comp>

<comp id="20" class="1001" name="const_20">
<pin_list>
<pin id="21" dir="1" index="0" bw="1" slack="0"/>
</pin_list>
<bind>
<StgValue><ssdm name="_ssdm_op_Read.ap_auto.float"/></StgValue>
</bind>
</comp>

<comp id="22" class="1001" name="const_22">
<pin_list>
<pin id="23" dir="1" index="0" bw="1" slack="0"/>
</pin_list>
<bind>
<StgValue><ssdm name=""/></StgValue>
</bind>
</comp>

<comp id="24" class="1001" name="const_24">
<pin_list>
<pin id="25" dir="1" index="0" bw="1" slack="0"/>
</pin_list>
<bind>
<StgValue><ssdm name=""/></StgValue>
</bind>
</comp>

<comp id="26" class="1001" name="const_26">
<pin_list>
<pin id="27" dir="1" index="0" bw="1" slack="0"/>
</pin_list>
<bind>
<StgValue><ssdm name=""/></StgValue>
</bind>
</comp>

<comp id="28" class="1001" name="const_28">
<pin_list>
<pin id="29" dir="1" index="0" bw="1" slack="0"/>
</pin_list>
<bind>
<StgValue><ssdm name=""/></StgValue>
</bind>
</comp>

<comp id="30" class="1001" name="const_30">
<pin_list>
<pin id="31" dir="1" index="0" bw="1" slack="0"/>
</pin_list>
<bind>
<StgValue><ssdm name=""/></StgValue>
</bind>
</comp>

<comp id="32" class="1001" name="const_32">
<pin_list>
<pin id="33" dir="1" index="0" bw="1" slack="0"/>
</pin_list>
<bind>
<StgValue><ssdm name=""/></StgValue>
</bind>
</comp>

<comp id="34" class="1001" name="const_34">
<pin_list>
<pin id="35" dir="1" index="0" bw="1" slack="0"/>
</pin_list>
<bind>
<StgValue><ssdm name=""/></StgValue>
</bind>
</comp>

<comp id="36" class="1001" name="const_36">
<pin_list>
<pin id="37" dir="1" index="0" bw="1" slack="0"/>
</pin_list>
<bind>
<StgValue><ssdm name="_ssdm_op_BitConcatenate.i10.i7.i3"/></StgValue>
</bind>
</comp>

<comp id="38" class="1001" name="const_38">
<pin_list>
<pin id="39" dir="1" index="0" bw="1" slack="0"/>
</pin_list>
<bind>
<StgValue><ssdm name=""/></StgValue>
</bind>
</comp>

<comp id="40" class="1001" name="const_40">
<pin_list>
<pin id="41" dir="1" index="0" bw="1" slack="0"/>
</pin_list>
<bind>
<StgValue><ssdm name=""/></StgValue>
</bind>
</comp>

<comp id="42" class="1001" name="const_42">
<pin_list>
<pin id="43" dir="1" index="0" bw="1" slack="2147483647"/>
</pin_list>
<bind>
<StgValue><ssdm name="_ssdm_op_SpecLoopName"/></StgValue>
</bind>
</comp>

<comp id="44" class="1001" name="const_44">
<pin_list>
<pin id="45" dir="1" index="0" bw="1" slack="2147483647"/>
</pin_list>
<bind>
<StgValue><ssdm name="KR_KC_str"/></StgValue>
</bind>
</comp>

<comp id="46" class="1001" name="const_46">
<pin_list>
<pin id="47" dir="1" index="0" bw="1" slack="2147483647"/>
</pin_list>
<bind>
<StgValue><ssdm name="_ssdm_op_SpecLoopTripCount"/></StgValue>
</bind>
</comp>

<comp id="48" class="1001" name="const_48">
<pin_list>
<pin id="49" dir="1" index="0" bw="1" slack="2147483647"/>
</pin_list>
<bind>
<StgValue><ssdm name=""/></StgValue>
</bind>
</comp>

<comp id="50" class="1001" name="const_50">
<pin_list>
<pin id="51" dir="1" index="0" bw="1" slack="2147483647"/>
</pin_list>
<bind>
<StgValue><ssdm name="_ssdm_op_SpecPipeline"/></StgValue>
</bind>
</comp>

<comp id="52" class="1001" name="const_52">
<pin_list>
<pin id="53" dir="1" index="0" bw="1" slack="2147483647"/>
</pin_list>
<bind>
<StgValue><ssdm name=""/></StgValue>
</bind>
</comp>

<comp id="54" class="1001" name="const_54">
<pin_list>
<pin id="55" dir="1" index="0" bw="1" slack="2147483647"/>
</pin_list>
<bind>
<StgValue><ssdm name=""/></StgValue>
</bind>
</comp>

<comp id="56" class="1001" name="const_56">
<pin_list>
<pin id="57" dir="1" index="0" bw="1" slack="2147483647"/>
</pin_list>
<bind>
<StgValue><ssdm name="empty_11"/></StgValue>
</bind>
</comp>

<comp id="58" class="1001" name="const_58">
<pin_list>
<pin id="59" dir="1" index="0" bw="1" slack="2147483647"/>
</pin_list>
<bind>
<StgValue><ssdm name="empty_1"/></StgValue>
</bind>
</comp>

<comp id="60" class="1001" name="const_60">
<pin_list>
<pin id="61" dir="1" index="0" bw="1" slack="0"/>
</pin_list>
<bind>
<StgValue><ssdm name="_ssdm_op_Write.ap_auto.floatP0A"/></StgValue>
</bind>
</comp>

<comp id="62" class="1004" name="empty_fu_62">
<pin_list>
<pin id="63" dir="0" index="0" bw="1" slack="0"/>
<pin id="64" dir="1" index="1" bw="32" slack="0"/>
</pin_list>
<bind>
<opcode="alloca(26) " fcode="alloca"/>
<opset="empty/1 "/>
</bind>
</comp>

<comp id="66" class="1004" name="kc_fu_66">
<pin_list>
<pin id="67" dir="0" index="0" bw="1" slack="0"/>
<pin id="68" dir="1" index="1" bw="4" slack="0"/>
</pin_list>
<bind>
<opcode="alloca(26) " fcode="alloca"/>
<opset="kc/1 "/>
</bind>
</comp>

<comp id="70" class="1004" name="kr_fu_70">
<pin_list>
<pin id="71" dir="0" index="0" bw="1" slack="0"/>
<pin id="72" dir="1" index="1" bw="4" slack="0"/>
</pin_list>
<bind>
<opcode="alloca(26) " fcode="alloca"/>
<opset="kr/1 "/>
</bind>
</comp>

<comp id="74" class="1004" name="indvar_flatten20_fu_74">
<pin_list>
<pin id="75" dir="0" index="0" bw="1" slack="0"/>
<pin id="76" dir="1" index="1" bw="7" slack="0"/>
</pin_list>
<bind>
<opcode="alloca(26) " fcode="alloca"/>
<opset="indvar_flatten20/1 "/>
</bind>
</comp>

<comp id="78" class="1004" name="zext_ln43_2_read_read_fu_78">
<pin_list>
<pin id="79" dir="0" index="0" bw="8" slack="0"/>
<pin id="80" dir="0" index="1" bw="8" slack="0"/>
<pin id="81" dir="1" index="2" bw="8" slack="0"/>
</pin_list>
<bind>
<opcode="read(1150) " fcode="read"/>
<opset="zext_ln43_2_read/1 "/>
</bind>
</comp>

<comp id="84" class="1004" name="select_ln42_6_read_read_fu_84">
<pin_list>
<pin id="85" dir="0" index="0" bw="4" slack="0"/>
<pin id="86" dir="0" index="1" bw="4" slack="0"/>
<pin id="87" dir="1" index="2" bw="4" slack="0"/>
</pin_list>
<bind>
<opcode="read(1150) " fcode="read"/>
<opset="select_ln42_6_read/1 "/>
</bind>
</comp>

<comp id="90" class="1004" name="add_ln53_read_read_fu_90">
<pin_list>
<pin id="91" dir="0" index="0" bw="8" slack="0"/>
<pin id="92" dir="0" index="1" bw="8" slack="0"/>
<pin id="93" dir="1" index="2" bw="8" slack="3"/>
</pin_list>
<bind>
<opcode="read(1150) " fcode="read"/>
<opset="add_ln53_read/1 "/>
</bind>
</comp>

<comp id="96" class="1004" name="output_fm_buffer_1_load_read_read_fu_96">
<pin_list>
<pin id="97" dir="0" index="0" bw="32" slack="0"/>
<pin id="98" dir="0" index="1" bw="32" slack="0"/>
<pin id="99" dir="1" index="2" bw="32" slack="0"/>
</pin_list>
<bind>
<opcode="read(1150) " fcode="read"/>
<opset="output_fm_buffer_1_load_read/1 "/>
</bind>
</comp>

<comp id="102" class="1004" name="write_ln0_write_fu_102">
<pin_list>
<pin id="103" dir="0" index="0" bw="0" slack="0"/>
<pin id="104" dir="0" index="1" bw="32" slack="0"/>
<pin id="105" dir="0" index="2" bw="32" slack="0"/>
<pin id="106" dir="1" index="3" bw="0" slack="2147483647"/>
</pin_list>
<bind>
<opcode="write(1151) " fcode="write"/>
<opset="write_ln0/9 "/>
</bind>
</comp>

<comp id="109" class="1004" name="weight_buffer_2_0_addr_gep_fu_109">
<pin_list>
<pin id="110" dir="0" index="0" bw="32" slack="0"/>
<pin id="111" dir="0" index="1" bw="1" slack="0"/>
<pin id="112" dir="0" index="2" bw="10" slack="0"/>
<pin id="113" dir="1" index="3" bw="10" slack="0"/>
</pin_list>
<bind>
<opcode="getelementptr(29) " fcode="getelementptr"/>
<opset="weight_buffer_2_0_addr/4 "/>
</bind>
</comp>

<comp id="116" class="1004" name="input_fm_buffer_2_0_addr_gep_fu_116">
<pin_list>
<pin id="117" dir="0" index="0" bw="32" slack="0"/>
<pin id="118" dir="0" index="1" bw="1" slack="0"/>
<pin id="119" dir="0" index="2" bw="13" slack="0"/>
<pin id="120" dir="1" index="3" bw="13" slack="0"/>
</pin_list>
<bind>
<opcode="getelementptr(29) " fcode="getelementptr"/>
<opset="input_fm_buffer_2_0_addr/4 "/>
</bind>
</comp>

<comp id="123" class="1004" name="grp_access_fu_123">
<pin_list>
<pin id="124" dir="0" index="0" bw="10" slack="0"/>
<pin id="125" dir="0" index="1" bw="32" slack="2147483647"/>
<pin id="126" dir="0" index="2" bw="0" slack="2147483647"/>
<pin id="127" dir="1" index="3" bw="32" slack="1"/>
</pin_list>
<bind>
<opcode="load(27) " fcode="load"/>
<opset="weight_buffer_2_0_load/4 "/>
</bind>
</comp>

<comp id="129" class="1004" name="grp_access_fu_129">
<pin_list>
<pin id="130" dir="0" index="0" bw="13" slack="0"/>
<pin id="131" dir="0" index="1" bw="32" slack="2147483647"/>
<pin id="132" dir="0" index="2" bw="0" slack="2147483647"/>
<pin id="133" dir="1" index="3" bw="32" slack="1"/>
</pin_list>
<bind>
<opcode="load(27) " fcode="load"/>
<opset="input_fm_buffer_2_0_load/4 "/>
</bind>
</comp>

<comp id="135" class="1004" name="grp_fu_135">
<pin_list>
<pin id="136" dir="0" index="0" bw="32" slack="0"/>
<pin id="137" dir="0" index="1" bw="32" slack="1"/>
<pin id="138" dir="1" index="2" bw="32" slack="0"/>
</pin_list>
<bind>
<opcode="fadd(9) " fcode="fadd"/>
<opset="add/9 "/>
</bind>
</comp>

<comp id="139" class="1004" name="grp_fu_139">
<pin_list>
<pin id="140" dir="0" index="0" bw="32" slack="1"/>
<pin id="141" dir="0" index="1" bw="32" slack="1"/>
<pin id="142" dir="1" index="2" bw="32" slack="1"/>
</pin_list>
<bind>
<opcode="fmul(13) " fcode="fmul"/>
<opset="mul/6 "/>
</bind>
</comp>

<comp id="143" class="1004" name="zext_ln43_2_cast_fu_143">
<pin_list>
<pin id="144" dir="0" index="0" bw="8" slack="0"/>
<pin id="145" dir="1" index="1" bw="9" slack="2"/>
</pin_list>
<bind>
<opcode="zext(34) " fcode="zext"/>
<opset="zext_ln43_2_cast/1 "/>
</bind>
</comp>

<comp id="147" class="1004" name="select_ln42_6_cast_fu_147">
<pin_list>
<pin id="148" dir="0" index="0" bw="4" slack="0"/>
<pin id="149" dir="1" index="1" bw="5" slack="0"/>
</pin_list>
<bind>
<opcode="zext(34) " fcode="zext"/>
<opset="select_ln42_6_cast/1 "/>
</bind>
</comp>

<comp id="151" class="1004" name="store_ln0_store_fu_151">
<pin_list>
<pin id="152" dir="0" index="0" bw="1" slack="0"/>
<pin id="153" dir="0" index="1" bw="7" slack="0"/>
<pin id="154" dir="1" index="2" bw="0" slack="2147483647"/>
</pin_list>
<bind>
<opcode="store(28) " fcode="store"/>
<opset="store_ln0/1 "/>
</bind>
</comp>

<comp id="156" class="1004" name="store_ln0_store_fu_156">
<pin_list>
<pin id="157" dir="0" index="0" bw="1" slack="0"/>
<pin id="158" dir="0" index="1" bw="4" slack="0"/>
<pin id="159" dir="1" index="2" bw="0" slack="2147483647"/>
</pin_list>
<bind>
<opcode="store(28) " fcode="store"/>
<opset="store_ln0/1 "/>
</bind>
</comp>

<comp id="161" class="1004" name="store_ln0_store_fu_161">
<pin_list>
<pin id="162" dir="0" index="0" bw="1" slack="0"/>
<pin id="163" dir="0" index="1" bw="4" slack="0"/>
<pin id="164" dir="1" index="2" bw="0" slack="2147483647"/>
</pin_list>
<bind>
<opcode="store(28) " fcode="store"/>
<opset="store_ln0/1 "/>
</bind>
</comp>

<comp id="166" class="1004" name="store_ln0_store_fu_166">
<pin_list>
<pin id="167" dir="0" index="0" bw="32" slack="0"/>
<pin id="168" dir="0" index="1" bw="32" slack="0"/>
<pin id="169" dir="1" index="2" bw="0" slack="2147483647"/>
</pin_list>
<bind>
<opcode="store(28) " fcode="store"/>
<opset="store_ln0/1 "/>
</bind>
</comp>

<comp id="171" class="1004" name="indvar_flatten20_load_load_fu_171">
<pin_list>
<pin id="172" dir="0" index="0" bw="7" slack="0"/>
<pin id="173" dir="1" index="1" bw="7" slack="0"/>
</pin_list>
<bind>
<opcode="load(27) " fcode="load"/>
<opset="indvar_flatten20_load/1 "/>
</bind>
</comp>

<comp id="174" class="1004" name="icmp_ln45_fu_174">
<pin_list>
<pin id="175" dir="0" index="0" bw="7" slack="0"/>
<pin id="176" dir="0" index="1" bw="7" slack="0"/>
<pin id="177" dir="1" index="2" bw="1" slack="1"/>
</pin_list>
<bind>
<opcode="icmp(45) " fcode="icmp"/>
<opset="icmp_ln45/1 "/>
</bind>
</comp>

<comp id="180" class="1004" name="add_ln45_4_fu_180">
<pin_list>
<pin id="181" dir="0" index="0" bw="7" slack="0"/>
<pin id="182" dir="0" index="1" bw="1" slack="0"/>
<pin id="183" dir="1" index="2" bw="7" slack="0"/>
</pin_list>
<bind>
<opcode="add(8) " fcode="add"/>
<opset="add_ln45_4/1 "/>
</bind>
</comp>

<comp id="186" class="1004" name="kc_load_load_fu_186">
<pin_list>
<pin id="187" dir="0" index="0" bw="4" slack="0"/>
<pin id="188" dir="1" index="1" bw="4" slack="0"/>
</pin_list>
<bind>
<opcode="load(27) " fcode="load"/>
<opset="kc_load/1 "/>
</bind>
</comp>

<comp id="189" class="1004" name="kr_load_load_fu_189">
<pin_list>
<pin id="190" dir="0" index="0" bw="4" slack="0"/>
<pin id="191" dir="1" index="1" bw="4" slack="0"/>
</pin_list>
<bind>
<opcode="load(27) " fcode="load"/>
<opset="kr_load/1 "/>
</bind>
</comp>

<comp id="192" class="1004" name="add_ln45_fu_192">
<pin_list>
<pin id="193" dir="0" index="0" bw="4" slack="0"/>
<pin id="194" dir="0" index="1" bw="1" slack="0"/>
<pin id="195" dir="1" index="2" bw="4" slack="0"/>
</pin_list>
<bind>
<opcode="add(8) " fcode="add"/>
<opset="add_ln45/1 "/>
</bind>
</comp>

<comp id="198" class="1004" name="icmp_ln46_fu_198">
<pin_list>
<pin id="199" dir="0" index="0" bw="4" slack="0"/>
<pin id="200" dir="0" index="1" bw="4" slack="0"/>
<pin id="201" dir="1" index="2" bw="1" slack="0"/>
</pin_list>
<bind>
<opcode="icmp(45) " fcode="icmp"/>
<opset="icmp_ln46/1 "/>
</bind>
</comp>

<comp id="204" class="1004" name="select_ln45_fu_204">
<pin_list>
<pin id="205" dir="0" index="0" bw="1" slack="0"/>
<pin id="206" dir="0" index="1" bw="4" slack="0"/>
<pin id="207" dir="0" index="2" bw="4" slack="0"/>
<pin id="208" dir="1" index="3" bw="4" slack="0"/>
</pin_list>
<bind>
<opcode="select(49) " fcode="select"/>
<opset="select_ln45/1 "/>
</bind>
</comp>

<comp id="212" class="1004" name="select_ln45_2_fu_212">
<pin_list>
<pin id="213" dir="0" index="0" bw="1" slack="0"/>
<pin id="214" dir="0" index="1" bw="4" slack="0"/>
<pin id="215" dir="0" index="2" bw="4" slack="0"/>
<pin id="216" dir="1" index="3" bw="4" slack="0"/>
</pin_list>
<bind>
<opcode="select(49) " fcode="select"/>
<opset="select_ln45_2/1 "/>
</bind>
</comp>

<comp id="220" class="1004" name="zext_ln45_fu_220">
<pin_list>
<pin id="221" dir="0" index="0" bw="4" slack="0"/>
<pin id="222" dir="1" index="1" bw="5" slack="0"/>
</pin_list>
<bind>
<opcode="zext(34) " fcode="zext"/>
<opset="zext_ln45/1 "/>
</bind>
</comp>

<comp id="224" class="1004" name="add_ln46_fu_224">
<pin_list>
<pin id="225" dir="0" index="0" bw="4" slack="0"/>
<pin id="226" dir="0" index="1" bw="1" slack="0"/>
<pin id="227" dir="1" index="2" bw="4" slack="0"/>
</pin_list>
<bind>
<opcode="add(8) " fcode="add"/>
<opset="add_ln46/1 "/>
</bind>
</comp>

<comp id="230" class="1004" name="store_ln46_store_fu_230">
<pin_list>
<pin id="231" dir="0" index="0" bw="7" slack="0"/>
<pin id="232" dir="0" index="1" bw="7" slack="0"/>
<pin id="233" dir="1" index="2" bw="0" slack="2147483647"/>
</pin_list>
<bind>
<opcode="store(28) " fcode="store"/>
<opset="store_ln46/1 "/>
</bind>
</comp>

<comp id="235" class="1004" name="store_ln46_store_fu_235">
<pin_list>
<pin id="236" dir="0" index="0" bw="4" slack="0"/>
<pin id="237" dir="0" index="1" bw="4" slack="0"/>
<pin id="238" dir="1" index="2" bw="0" slack="2147483647"/>
</pin_list>
<bind>
<opcode="store(28) " fcode="store"/>
<opset="store_ln46/1 "/>
</bind>
</comp>

<comp id="240" class="1004" name="store_ln46_store_fu_240">
<pin_list>
<pin id="241" dir="0" index="0" bw="4" slack="0"/>
<pin id="242" dir="0" index="1" bw="4" slack="0"/>
<pin id="243" dir="1" index="2" bw="0" slack="2147483647"/>
</pin_list>
<bind>
<opcode="store(28) " fcode="store"/>
<opset="store_ln46/1 "/>
</bind>
</comp>

<comp id="245" class="1004" name="zext_ln46_2_fu_245">
<pin_list>
<pin id="246" dir="0" index="0" bw="4" slack="2"/>
<pin id="247" dir="1" index="1" bw="9" slack="0"/>
</pin_list>
<bind>
<opcode="zext(34) " fcode="zext"/>
<opset="zext_ln46_2/3 "/>
</bind>
</comp>

<comp id="248" class="1004" name="add_ln51_fu_248">
<pin_list>
<pin id="249" dir="0" index="0" bw="4" slack="0"/>
<pin id="250" dir="0" index="1" bw="8" slack="2"/>
<pin id="251" dir="1" index="2" bw="9" slack="0"/>
</pin_list>
<bind>
<opcode="add(8) " fcode="add"/>
<opset="add_ln51/3 "/>
</bind>
</comp>

<comp id="253" class="1004" name="zext_ln53_13_fu_253">
<pin_list>
<pin id="254" dir="0" index="0" bw="9" slack="0"/>
<pin id="255" dir="1" index="1" bw="13" slack="0"/>
</pin_list>
<bind>
<opcode="zext(34) " fcode="zext"/>
<opset="zext_ln53_13/3 "/>
</bind>
</comp>

<comp id="257" class="1004" name="zext_ln53_fu_257">
<pin_list>
<pin id="258" dir="0" index="0" bw="4" slack="3"/>
<pin id="259" dir="1" index="1" bw="8" slack="0"/>
</pin_list>
<bind>
<opcode="zext(34) " fcode="zext"/>
<opset="zext_ln53/4 "/>
</bind>
</comp>

<comp id="260" class="1004" name="add_ln53_7_fu_260">
<pin_list>
<pin id="261" dir="0" index="0" bw="8" slack="3"/>
<pin id="262" dir="0" index="1" bw="4" slack="0"/>
<pin id="263" dir="1" index="2" bw="8" slack="0"/>
</pin_list>
<bind>
<opcode="add(8) " fcode="add"/>
<opset="add_ln53_7/4 "/>
</bind>
</comp>

<comp id="265" class="1004" name="zext_ln53_10_fu_265">
<pin_list>
<pin id="266" dir="0" index="0" bw="8" slack="0"/>
<pin id="267" dir="1" index="1" bw="10" slack="0"/>
</pin_list>
<bind>
<opcode="zext(34) " fcode="zext"/>
<opset="zext_ln53_10/4 "/>
</bind>
</comp>

<comp id="269" class="1004" name="trunc_ln53_fu_269">
<pin_list>
<pin id="270" dir="0" index="0" bw="8" slack="0"/>
<pin id="271" dir="1" index="1" bw="7" slack="0"/>
</pin_list>
<bind>
<opcode="trunc(33) " fcode="trunc"/>
<opset="trunc_ln53/4 "/>
</bind>
</comp>

<comp id="273" class="1004" name="p_shl9_fu_273">
<pin_list>
<pin id="274" dir="0" index="0" bw="10" slack="0"/>
<pin id="275" dir="0" index="1" bw="7" slack="0"/>
<pin id="276" dir="0" index="2" bw="1" slack="0"/>
<pin id="277" dir="1" index="3" bw="10" slack="0"/>
</pin_list>
<bind>
<opcode="bitconcatenate(1004) " fcode="bitconcatenate"/>
<opset="p_shl9/4 "/>
</bind>
</comp>

<comp id="281" class="1004" name="add_ln53_8_fu_281">
<pin_list>
<pin id="282" dir="0" index="0" bw="10" slack="0"/>
<pin id="283" dir="0" index="1" bw="8" slack="0"/>
<pin id="284" dir="1" index="2" bw="10" slack="0"/>
</pin_list>
<bind>
<opcode="add(8) " fcode="add"/>
<opset="add_ln53_8/4 "/>
</bind>
</comp>

<comp id="287" class="1004" name="zext_ln53_11_fu_287">
<pin_list>
<pin id="288" dir="0" index="0" bw="4" slack="3"/>
<pin id="289" dir="1" index="1" bw="10" slack="0"/>
</pin_list>
<bind>
<opcode="zext(34) " fcode="zext"/>
<opset="zext_ln53_11/4 "/>
</bind>
</comp>

<comp id="290" class="1004" name="add_ln53_9_fu_290">
<pin_list>
<pin id="291" dir="0" index="0" bw="10" slack="0"/>
<pin id="292" dir="0" index="1" bw="4" slack="0"/>
<pin id="293" dir="1" index="2" bw="10" slack="0"/>
</pin_list>
<bind>
<opcode="add(8) " fcode="add"/>
<opset="add_ln53_9/4 "/>
</bind>
</comp>

<comp id="296" class="1004" name="zext_ln53_12_fu_296">
<pin_list>
<pin id="297" dir="0" index="0" bw="10" slack="0"/>
<pin id="298" dir="1" index="1" bw="64" slack="0"/>
</pin_list>
<bind>
<opcode="zext(34) " fcode="zext"/>
<opset="zext_ln53_12/4 "/>
</bind>
</comp>

<comp id="301" class="1004" name="zext_ln53_14_fu_301">
<pin_list>
<pin id="302" dir="0" index="0" bw="13" slack="0"/>
<pin id="303" dir="1" index="1" bw="64" slack="0"/>
</pin_list>
<bind>
<opcode="zext(34) " fcode="zext"/>
<opset="zext_ln53_14/4 "/>
</bind>
</comp>

<comp id="305" class="1004" name="p_load_load_fu_305">
<pin_list>
<pin id="306" dir="0" index="0" bw="32" slack="8"/>
<pin id="307" dir="1" index="1" bw="32" slack="0"/>
</pin_list>
<bind>
<opcode="load(27) " fcode="load"/>
<opset="p_load/9 "/>
</bind>
</comp>

<comp id="309" class="1004" name="store_ln46_store_fu_309">
<pin_list>
<pin id="310" dir="0" index="0" bw="32" slack="0"/>
<pin id="311" dir="0" index="1" bw="32" slack="11"/>
<pin id="312" dir="1" index="2" bw="0" slack="2147483647"/>
</pin_list>
<bind>
<opcode="store(28) " fcode="store"/>
<opset="store_ln46/12 "/>
</bind>
</comp>

<comp id="314" class="1004" name="p_load22_load_fu_314">
<pin_list>
<pin id="315" dir="0" index="0" bw="32" slack="8"/>
<pin id="316" dir="1" index="1" bw="32" slack="0"/>
</pin_list>
<bind>
<opcode="load(27) " fcode="load"/>
<opset="p_load22/9 "/>
</bind>
</comp>

<comp id="318" class="1007" name="grp_fu_318">
<pin_list>
<pin id="319" dir="0" index="0" bw="4" slack="0"/>
<pin id="320" dir="0" index="1" bw="4" slack="0"/>
<pin id="321" dir="0" index="2" bw="9" slack="0"/>
<pin id="322" dir="0" index="3" bw="9" slack="0"/>
<pin id="323" dir="1" index="4" bw="13" slack="0"/>
</pin_list>
<bind>
<opcode="addmuladd(1175) " fcode="addmuladd"/>
<opset="add_ln45_3/1 zext_ln46/1 mul_ln46/1 add_ln53_10/3 "/>
</bind>
</comp>

<comp id="329" class="1005" name="empty_reg_329">
<pin_list>
<pin id="330" dir="0" index="0" bw="32" slack="0"/>
<pin id="331" dir="1" index="1" bw="32" slack="0"/>
</pin_list>
<bind>
<opset="empty "/>
</bind>
</comp>

<comp id="337" class="1005" name="kc_reg_337">
<pin_list>
<pin id="338" dir="0" index="0" bw="4" slack="0"/>
<pin id="339" dir="1" index="1" bw="4" slack="0"/>
</pin_list>
<bind>
<opset="kc "/>
</bind>
</comp>

<comp id="344" class="1005" name="kr_reg_344">
<pin_list>
<pin id="345" dir="0" index="0" bw="4" slack="0"/>
<pin id="346" dir="1" index="1" bw="4" slack="0"/>
</pin_list>
<bind>
<opset="kr "/>
</bind>
</comp>

<comp id="351" class="1005" name="indvar_flatten20_reg_351">
<pin_list>
<pin id="352" dir="0" index="0" bw="7" slack="0"/>
<pin id="353" dir="1" index="1" bw="7" slack="0"/>
</pin_list>
<bind>
<opset="indvar_flatten20 "/>
</bind>
</comp>

<comp id="358" class="1005" name="add_ln53_read_reg_358">
<pin_list>
<pin id="359" dir="0" index="0" bw="8" slack="3"/>
<pin id="360" dir="1" index="1" bw="8" slack="3"/>
</pin_list>
<bind>
<opset="add_ln53_read "/>
</bind>
</comp>

<comp id="363" class="1005" name="zext_ln43_2_cast_reg_363">
<pin_list>
<pin id="364" dir="0" index="0" bw="9" slack="2"/>
<pin id="365" dir="1" index="1" bw="9" slack="2"/>
</pin_list>
<bind>
<opset="zext_ln43_2_cast "/>
</bind>
</comp>

<comp id="368" class="1005" name="icmp_ln45_reg_368">
<pin_list>
<pin id="369" dir="0" index="0" bw="1" slack="1"/>
<pin id="370" dir="1" index="1" bw="1" slack="2147483647"/>
</pin_list>
<bind>
<opset="icmp_ln45 "/>
</bind>
</comp>

<comp id="372" class="1005" name="select_ln45_reg_372">
<pin_list>
<pin id="373" dir="0" index="0" bw="4" slack="2"/>
<pin id="374" dir="1" index="1" bw="4" slack="2"/>
</pin_list>
<bind>
<opset="select_ln45 "/>
</bind>
</comp>

<comp id="378" class="1005" name="select_ln45_2_reg_378">
<pin_list>
<pin id="379" dir="0" index="0" bw="4" slack="3"/>
<pin id="380" dir="1" index="1" bw="4" slack="3"/>
</pin_list>
<bind>
<opset="select_ln45_2 "/>
</bind>
</comp>

<comp id="383" class="1005" name="zext_ln53_13_reg_383">
<pin_list>
<pin id="384" dir="0" index="0" bw="13" slack="1"/>
<pin id="385" dir="1" index="1" bw="13" slack="1"/>
</pin_list>
<bind>
<opset="zext_ln53_13 "/>
</bind>
</comp>

<comp id="388" class="1005" name="weight_buffer_2_0_addr_reg_388">
<pin_list>
<pin id="389" dir="0" index="0" bw="10" slack="1"/>
<pin id="390" dir="1" index="1" bw="10" slack="1"/>
</pin_list>
<bind>
<opset="weight_buffer_2_0_addr "/>
</bind>
</comp>

<comp id="393" class="1005" name="input_fm_buffer_2_0_addr_reg_393">
<pin_list>
<pin id="394" dir="0" index="0" bw="13" slack="1"/>
<pin id="395" dir="1" index="1" bw="13" slack="1"/>
</pin_list>
<bind>
<opset="input_fm_buffer_2_0_addr "/>
</bind>
</comp>

<comp id="398" class="1005" name="weight_buffer_2_0_load_reg_398">
<pin_list>
<pin id="399" dir="0" index="0" bw="32" slack="1"/>
<pin id="400" dir="1" index="1" bw="32" slack="1"/>
</pin_list>
<bind>
<opset="weight_buffer_2_0_load "/>
</bind>
</comp>

<comp id="403" class="1005" name="input_fm_buffer_2_0_load_reg_403">
<pin_list>
<pin id="404" dir="0" index="0" bw="32" slack="1"/>
<pin id="405" dir="1" index="1" bw="32" slack="1"/>
</pin_list>
<bind>
<opset="input_fm_buffer_2_0_load "/>
</bind>
</comp>

<comp id="408" class="1005" name="mul_reg_408">
<pin_list>
<pin id="409" dir="0" index="0" bw="32" slack="1"/>
<pin id="410" dir="1" index="1" bw="32" slack="1"/>
</pin_list>
<bind>
<opset="mul "/>
</bind>
</comp>

<comp id="413" class="1005" name="p_load_reg_413">
<pin_list>
<pin id="414" dir="0" index="0" bw="32" slack="1"/>
<pin id="415" dir="1" index="1" bw="32" slack="1"/>
</pin_list>
<bind>
<opset="p_load "/>
</bind>
</comp>

</comp_list>

<net_list>
<net id="65"><net_src comp="14" pin="0"/><net_sink comp="62" pin=0"/></net>

<net id="69"><net_src comp="14" pin="0"/><net_sink comp="66" pin=0"/></net>

<net id="73"><net_src comp="14" pin="0"/><net_sink comp="70" pin=0"/></net>

<net id="77"><net_src comp="14" pin="0"/><net_sink comp="74" pin=0"/></net>

<net id="82"><net_src comp="16" pin="0"/><net_sink comp="78" pin=0"/></net>

<net id="83"><net_src comp="6" pin="0"/><net_sink comp="78" pin=1"/></net>

<net id="88"><net_src comp="18" pin="0"/><net_sink comp="84" pin=0"/></net>

<net id="89"><net_src comp="4" pin="0"/><net_sink comp="84" pin=1"/></net>

<net id="94"><net_src comp="16" pin="0"/><net_sink comp="90" pin=0"/></net>

<net id="95"><net_src comp="2" pin="0"/><net_sink comp="90" pin=1"/></net>

<net id="100"><net_src comp="20" pin="0"/><net_sink comp="96" pin=0"/></net>

<net id="101"><net_src comp="0" pin="0"/><net_sink comp="96" pin=1"/></net>

<net id="107"><net_src comp="60" pin="0"/><net_sink comp="102" pin=0"/></net>

<net id="108"><net_src comp="8" pin="0"/><net_sink comp="102" pin=1"/></net>

<net id="114"><net_src comp="10" pin="0"/><net_sink comp="109" pin=0"/></net>

<net id="115"><net_src comp="40" pin="0"/><net_sink comp="109" pin=1"/></net>

<net id="121"><net_src comp="12" pin="0"/><net_sink comp="116" pin=0"/></net>

<net id="122"><net_src comp="40" pin="0"/><net_sink comp="116" pin=1"/></net>

<net id="128"><net_src comp="109" pin="3"/><net_sink comp="123" pin=0"/></net>

<net id="134"><net_src comp="116" pin="3"/><net_sink comp="129" pin=0"/></net>

<net id="146"><net_src comp="78" pin="2"/><net_sink comp="143" pin=0"/></net>

<net id="150"><net_src comp="84" pin="2"/><net_sink comp="147" pin=0"/></net>

<net id="155"><net_src comp="22" pin="0"/><net_sink comp="151" pin=0"/></net>

<net id="160"><net_src comp="24" pin="0"/><net_sink comp="156" pin=0"/></net>

<net id="165"><net_src comp="24" pin="0"/><net_sink comp="161" pin=0"/></net>

<net id="170"><net_src comp="96" pin="2"/><net_sink comp="166" pin=0"/></net>

<net id="178"><net_src comp="171" pin="1"/><net_sink comp="174" pin=0"/></net>

<net id="179"><net_src comp="26" pin="0"/><net_sink comp="174" pin=1"/></net>

<net id="184"><net_src comp="171" pin="1"/><net_sink comp="180" pin=0"/></net>

<net id="185"><net_src comp="28" pin="0"/><net_sink comp="180" pin=1"/></net>

<net id="196"><net_src comp="189" pin="1"/><net_sink comp="192" pin=0"/></net>

<net id="197"><net_src comp="30" pin="0"/><net_sink comp="192" pin=1"/></net>

<net id="202"><net_src comp="186" pin="1"/><net_sink comp="198" pin=0"/></net>

<net id="203"><net_src comp="32" pin="0"/><net_sink comp="198" pin=1"/></net>

<net id="209"><net_src comp="198" pin="2"/><net_sink comp="204" pin=0"/></net>

<net id="210"><net_src comp="24" pin="0"/><net_sink comp="204" pin=1"/></net>

<net id="211"><net_src comp="186" pin="1"/><net_sink comp="204" pin=2"/></net>

<net id="217"><net_src comp="198" pin="2"/><net_sink comp="212" pin=0"/></net>

<net id="218"><net_src comp="192" pin="2"/><net_sink comp="212" pin=1"/></net>

<net id="219"><net_src comp="189" pin="1"/><net_sink comp="212" pin=2"/></net>

<net id="223"><net_src comp="212" pin="3"/><net_sink comp="220" pin=0"/></net>

<net id="228"><net_src comp="204" pin="3"/><net_sink comp="224" pin=0"/></net>

<net id="229"><net_src comp="30" pin="0"/><net_sink comp="224" pin=1"/></net>

<net id="234"><net_src comp="180" pin="2"/><net_sink comp="230" pin=0"/></net>

<net id="239"><net_src comp="212" pin="3"/><net_sink comp="235" pin=0"/></net>

<net id="244"><net_src comp="224" pin="2"/><net_sink comp="240" pin=0"/></net>

<net id="252"><net_src comp="245" pin="1"/><net_sink comp="248" pin=0"/></net>

<net id="256"><net_src comp="248" pin="2"/><net_sink comp="253" pin=0"/></net>

<net id="264"><net_src comp="257" pin="1"/><net_sink comp="260" pin=1"/></net>

<net id="268"><net_src comp="260" pin="2"/><net_sink comp="265" pin=0"/></net>

<net id="272"><net_src comp="260" pin="2"/><net_sink comp="269" pin=0"/></net>

<net id="278"><net_src comp="36" pin="0"/><net_sink comp="273" pin=0"/></net>

<net id="279"><net_src comp="269" pin="1"/><net_sink comp="273" pin=1"/></net>

<net id="280"><net_src comp="38" pin="0"/><net_sink comp="273" pin=2"/></net>

<net id="285"><net_src comp="273" pin="3"/><net_sink comp="281" pin=0"/></net>

<net id="286"><net_src comp="265" pin="1"/><net_sink comp="281" pin=1"/></net>

<net id="294"><net_src comp="281" pin="2"/><net_sink comp="290" pin=0"/></net>

<net id="295"><net_src comp="287" pin="1"/><net_sink comp="290" pin=1"/></net>

<net id="299"><net_src comp="290" pin="2"/><net_sink comp="296" pin=0"/></net>

<net id="300"><net_src comp="296" pin="1"/><net_sink comp="109" pin=2"/></net>

<net id="304"><net_src comp="301" pin="1"/><net_sink comp="116" pin=2"/></net>

<net id="308"><net_src comp="305" pin="1"/><net_sink comp="135" pin=0"/></net>

<net id="313"><net_src comp="135" pin="2"/><net_sink comp="309" pin=0"/></net>

<net id="317"><net_src comp="314" pin="1"/><net_sink comp="102" pin=2"/></net>

<net id="324"><net_src comp="220" pin="1"/><net_sink comp="318" pin=0"/></net>

<net id="325"><net_src comp="147" pin="1"/><net_sink comp="318" pin=1"/></net>

<net id="326"><net_src comp="34" pin="0"/><net_sink comp="318" pin=2"/></net>

<net id="327"><net_src comp="253" pin="1"/><net_sink comp="318" pin=3"/></net>

<net id="328"><net_src comp="318" pin="4"/><net_sink comp="301" pin=0"/></net>

<net id="332"><net_src comp="62" pin="1"/><net_sink comp="329" pin=0"/></net>

<net id="333"><net_src comp="329" pin="1"/><net_sink comp="166" pin=1"/></net>

<net id="334"><net_src comp="329" pin="1"/><net_sink comp="305" pin=0"/></net>

<net id="335"><net_src comp="329" pin="1"/><net_sink comp="309" pin=1"/></net>

<net id="336"><net_src comp="329" pin="1"/><net_sink comp="314" pin=0"/></net>

<net id="340"><net_src comp="66" pin="1"/><net_sink comp="337" pin=0"/></net>

<net id="341"><net_src comp="337" pin="1"/><net_sink comp="161" pin=1"/></net>

<net id="342"><net_src comp="337" pin="1"/><net_sink comp="186" pin=0"/></net>

<net id="343"><net_src comp="337" pin="1"/><net_sink comp="240" pin=1"/></net>

<net id="347"><net_src comp="70" pin="1"/><net_sink comp="344" pin=0"/></net>

<net id="348"><net_src comp="344" pin="1"/><net_sink comp="156" pin=1"/></net>

<net id="349"><net_src comp="344" pin="1"/><net_sink comp="189" pin=0"/></net>

<net id="350"><net_src comp="344" pin="1"/><net_sink comp="235" pin=1"/></net>

<net id="354"><net_src comp="74" pin="1"/><net_sink comp="351" pin=0"/></net>

<net id="355"><net_src comp="351" pin="1"/><net_sink comp="151" pin=1"/></net>

<net id="356"><net_src comp="351" pin="1"/><net_sink comp="171" pin=0"/></net>

<net id="357"><net_src comp="351" pin="1"/><net_sink comp="230" pin=1"/></net>

<net id="361"><net_src comp="90" pin="2"/><net_sink comp="358" pin=0"/></net>

<net id="362"><net_src comp="358" pin="1"/><net_sink comp="260" pin=0"/></net>

<net id="366"><net_src comp="143" pin="1"/><net_sink comp="363" pin=0"/></net>

<net id="367"><net_src comp="363" pin="1"/><net_sink comp="248" pin=1"/></net>

<net id="371"><net_src comp="174" pin="2"/><net_sink comp="368" pin=0"/></net>

<net id="375"><net_src comp="204" pin="3"/><net_sink comp="372" pin=0"/></net>

<net id="376"><net_src comp="372" pin="1"/><net_sink comp="245" pin=0"/></net>

<net id="377"><net_src comp="372" pin="1"/><net_sink comp="287" pin=0"/></net>

<net id="381"><net_src comp="212" pin="3"/><net_sink comp="378" pin=0"/></net>

<net id="382"><net_src comp="378" pin="1"/><net_sink comp="257" pin=0"/></net>

<net id="386"><net_src comp="253" pin="1"/><net_sink comp="383" pin=0"/></net>

<net id="387"><net_src comp="383" pin="1"/><net_sink comp="318" pin=1"/></net>

<net id="391"><net_src comp="109" pin="3"/><net_sink comp="388" pin=0"/></net>

<net id="392"><net_src comp="388" pin="1"/><net_sink comp="123" pin=0"/></net>

<net id="396"><net_src comp="116" pin="3"/><net_sink comp="393" pin=0"/></net>

<net id="397"><net_src comp="393" pin="1"/><net_sink comp="129" pin=0"/></net>

<net id="401"><net_src comp="123" pin="3"/><net_sink comp="398" pin=0"/></net>

<net id="402"><net_src comp="398" pin="1"/><net_sink comp="139" pin=0"/></net>

<net id="406"><net_src comp="129" pin="3"/><net_sink comp="403" pin=0"/></net>

<net id="407"><net_src comp="403" pin="1"/><net_sink comp="139" pin=1"/></net>

<net id="411"><net_src comp="139" pin="2"/><net_sink comp="408" pin=0"/></net>

<net id="412"><net_src comp="408" pin="1"/><net_sink comp="135" pin=1"/></net>

<net id="416"><net_src comp="305" pin="1"/><net_sink comp="413" pin=0"/></net>

<net id="417"><net_src comp="413" pin="1"/><net_sink comp="135" pin=0"/></net>

</net_list>

</model> 
---------------- Datapath Model END ------------------

* FSMD analyzer results:
  - Output states:
	Port: p_out | {9 }
	Port: weight_buffer_2_0 | {}
	Port: input_fm_buffer_2_0 | {}
 - Input state : 
	Port: conv1_Pipeline_KR_KC : output_fm_buffer_1_load | {1 }
	Port: conv1_Pipeline_KR_KC : add_ln53 | {1 }
	Port: conv1_Pipeline_KR_KC : select_ln42_6 | {1 }
	Port: conv1_Pipeline_KR_KC : zext_ln43_2 | {1 }
	Port: conv1_Pipeline_KR_KC : weight_buffer_2_0 | {4 5 }
	Port: conv1_Pipeline_KR_KC : input_fm_buffer_2_0 | {4 5 }
  - Chain level:
	State 1
		store_ln0 : 1
		store_ln0 : 1
		store_ln0 : 1
		indvar_flatten20_load : 1
		icmp_ln45 : 2
		add_ln45_4 : 2
		br_ln45 : 3
		kc_load : 1
		kr_load : 1
		add_ln45 : 2
		icmp_ln46 : 2
		select_ln45 : 3
		select_ln45_2 : 3
		zext_ln45 : 4
		add_ln45_3 : 5
		zext_ln46 : 6
		mul_ln46 : 7
		add_ln46 : 4
		store_ln46 : 3
		store_ln46 : 4
		store_ln46 : 5
	State 2
	State 3
		add_ln51 : 1
		zext_ln53_13 : 2
		add_ln53_10 : 3
	State 4
		add_ln53_7 : 1
		zext_ln53_10 : 2
		trunc_ln53 : 2
		p_shl9 : 3
		add_ln53_8 : 4
		add_ln53_9 : 5
		zext_ln53_12 : 6
		weight_buffer_2_0_addr : 7
		zext_ln53_14 : 1
		input_fm_buffer_2_0_addr : 2
		weight_buffer_2_0_load : 8
		input_fm_buffer_2_0_load : 3
	State 5
	State 6
	State 7
	State 8
	State 9
		add : 1
		write_ln0 : 1
	State 10
	State 11
	State 12
		store_ln46 : 1


============================================================
+ Verbose Summary: Datapath Resource usage 
============================================================

* Functional unit list:
|----------|-----------------------------------------|---------|---------|---------|
| Operation|             Functional Unit             |   DSP   |    FF   |   LUT   |
|----------|-----------------------------------------|---------|---------|---------|
|   fadd   |                grp_fu_135               |    2    |   227   |   214   |
|----------|-----------------------------------------|---------|---------|---------|
|   fmul   |                grp_fu_139               |    3    |   128   |   135   |
|----------|-----------------------------------------|---------|---------|---------|
|          |            add_ln45_4_fu_180            |    0    |    0    |    14   |
|          |             add_ln45_fu_192             |    0    |    0    |    12   |
|          |             add_ln46_fu_224             |    0    |    0    |    12   |
|    add   |             add_ln51_fu_248             |    0    |    0    |    15   |
|          |            add_ln53_7_fu_260            |    0    |    0    |    15   |
|          |            add_ln53_8_fu_281            |    0    |    0    |    18   |
|          |            add_ln53_9_fu_290            |    0    |    0    |    18   |
|----------|-----------------------------------------|---------|---------|---------|
|   icmp   |             icmp_ln45_fu_174            |    0    |    0    |    14   |
|          |             icmp_ln46_fu_198            |    0    |    0    |    12   |
|----------|-----------------------------------------|---------|---------|---------|
|  select  |            select_ln45_fu_204           |    0    |    0    |    4    |
|          |           select_ln45_2_fu_212          |    0    |    0    |    4    |
|----------|-----------------------------------------|---------|---------|---------|
| addmuladd|                grp_fu_318               |    1    |    0    |    0    |
|----------|-----------------------------------------|---------|---------|---------|
|          |       zext_ln43_2_read_read_fu_78       |    0    |    0    |    0    |
|   read   |      select_ln42_6_read_read_fu_84      |    0    |    0    |    0    |
|          |         add_ln53_read_read_fu_90        |    0    |    0    |    0    |
|          | output_fm_buffer_1_load_read_read_fu_96 |    0    |    0    |    0    |
|----------|-----------------------------------------|---------|---------|---------|
|   write  |          write_ln0_write_fu_102         |    0    |    0    |    0    |
|----------|-----------------------------------------|---------|---------|---------|
|          |         zext_ln43_2_cast_fu_143         |    0    |    0    |    0    |
|          |        select_ln42_6_cast_fu_147        |    0    |    0    |    0    |
|          |             zext_ln45_fu_220            |    0    |    0    |    0    |
|          |            zext_ln46_2_fu_245           |    0    |    0    |    0    |
|   zext   |           zext_ln53_13_fu_253           |    0    |    0    |    0    |
|          |             zext_ln53_fu_257            |    0    |    0    |    0    |
|          |           zext_ln53_10_fu_265           |    0    |    0    |    0    |
|          |           zext_ln53_11_fu_287           |    0    |    0    |    0    |
|          |           zext_ln53_12_fu_296           |    0    |    0    |    0    |
|          |           zext_ln53_14_fu_301           |    0    |    0    |    0    |
|----------|-----------------------------------------|---------|---------|---------|
|   trunc  |            trunc_ln53_fu_269            |    0    |    0    |    0    |
|----------|-----------------------------------------|---------|---------|---------|
|bitconcatenate|              p_shl9_fu_273              |    0    |    0    |    0    |
|----------|-----------------------------------------|---------|---------|---------|
|   Total  |                                         |    6    |   355   |   487   |
|----------|-----------------------------------------|---------|---------|---------|

Memories:
N/A

* Register list:
+--------------------------------+--------+
|                                |   FF   |
+--------------------------------+--------+
|      add_ln53_read_reg_358     |    8   |
|          empty_reg_329         |   32   |
|        icmp_ln45_reg_368       |    1   |
|    indvar_flatten20_reg_351    |    7   |
|input_fm_buffer_2_0_addr_reg_393|   13   |
|input_fm_buffer_2_0_load_reg_403|   32   |
|           kc_reg_337           |    4   |
|           kr_reg_344           |    4   |
|           mul_reg_408          |   32   |
|         p_load_reg_413         |   32   |
|      select_ln45_2_reg_378     |    4   |
|       select_ln45_reg_372      |    4   |
| weight_buffer_2_0_addr_reg_388 |   10   |
| weight_buffer_2_0_load_reg_398 |   32   |
|    zext_ln43_2_cast_reg_363    |    9   |
|      zext_ln53_13_reg_383      |   13   |
+--------------------------------+--------+
|              Total             |   237  |
+--------------------------------+--------+

* Multiplexer (MUX) list: 
|-------------------|------|------|------|--------||---------||---------|
|        Comp       |  Pin | Size |  BW  | S x BW ||  Delay  ||   LUT   |
|-------------------|------|------|------|--------||---------||---------|
| grp_access_fu_123 |  p0  |   2  |  10  |   20   ||    9    |
| grp_access_fu_129 |  p0  |   2  |  13  |   26   ||    9    |
|     grp_fu_135    |  p0  |   2  |  32  |   64   ||    9    |
|     grp_fu_318    |  p1  |   2  |   4  |    8   ||    9    |
|-------------------|------|------|------|--------||---------||---------|
|       Total       |      |      |      |   118  ||  1.708  ||    36   |
|-------------------|------|------|------|--------||---------||---------|



* Summary:
+-----------+--------+--------+--------+--------+
|           |   DSP  |  Delay |   FF   |   LUT  |
+-----------+--------+--------+--------+--------+
|  Function |    6   |    -   |   355  |   487  |
|   Memory  |    -   |    -   |    -   |    -   |
|Multiplexer|    -   |    1   |    -   |   36   |
|  Register |    -   |    -   |   237  |    -   |
+-----------+--------+--------+--------+--------+
|   Total   |    6   |    1   |   592  |   523  |
+-----------+--------+--------+--------+--------+
