

================================================================
== Vitis HLS Report for 'export_output_buffer_c1_Pipeline_RELU1'
================================================================
* Date:           Thu Nov  2 04:31:54 2023

* Version:        2023.1 (Build 3854077 on May  4 2023)
* Project:        srcnn_hls
* Solution:       solution1 (Vivado IP Flow Target)
* Product family: zynquplus
* Target device:  xck24-ubva530-2LV-c


================================================================
== Performance Estimates
================================================================
+ Timing: 
    * Summary: 
    +--------+----------+----------+------------+
    |  Clock |  Target  | Estimated| Uncertainty|
    +--------+----------+----------+------------+
    |ap_clk  |  10.00 ns|  6.437 ns|     2.70 ns|
    +--------+----------+----------+------------+

+ Latency: 
    * Summary: 
    +---------+---------+----------+----------+-----+-----+---------+
    |  Latency (cycles) |  Latency (absolute) |  Interval | Pipeline|
    |   min   |   max   |    min   |    max   | min | max |   Type  |
    +---------+---------+----------+----------+-----+-----+---------+
    |      517|      517|  5.170 us|  5.170 us|  517|  517|       no|
    +---------+---------+----------+----------+-----+-----+---------+

    + Detail: 
        * Instance: 
        N/A

        * Loop: 
        +----------+---------+---------+----------+-----------+-----------+------+----------+
        |          |  Latency (cycles) | Iteration|  Initiation Interval  | Trip |          |
        | Loop Name|   min   |   max   |  Latency |  achieved |   target  | Count| Pipelined|
        +----------+---------+---------+----------+-----------+-----------+------+----------+
        |- RELU    |      515|      515|         8|          2|          2|   255|       yes|
        +----------+---------+---------+----------+-----------+-----------+------+----------+

============================================================
+ Verbose Summary: Synthesis Manager
============================================================
InlineROM: 1
ExposeGlobal: 0
============================================================
+ Verbose Summary: CDFG Model
============================================================
IsTopModel: 0
ResetActiveHigh: 1
IsCombinational: 0
IsDatapathOnly: 0
HasWiredReturn: 1
HasMFsm: 2
HasVarLatency: 1
IsPipeline: 0
IsRtlPipelined: 0
IsInstanceOverlapped: 0
IsDontTouch: 0
HasImplIP: 0
IsGatedGlobalClock: 0

+ Individual pipeline summary: 
  * Pipeline-0: initiation interval (II) = 2, depth = 8


============================================================
+ Verbose Summary: Schedule
============================================================
* Number of FSM states : 8
* Pipeline : 1
  Pipeline-0 : II = 2, D = 8, States = { 1 2 3 4 5 6 7 8 }
* Dataflow Pipeline: 0

* FSM state transitions: 
1 --> 2 
2 --> 3 
3 --> 4 
4 --> 5 
5 --> 6 
6 --> 7 
7 --> 8 
8 --> 

* FSM state operations: 

State 1 <SV = 0> <Delay = 2.04>
ST_1 : Operation 11 [1/1] (0.00ns)   --->   "%bw = alloca i32 1"   --->   Operation 11 'alloca' 'bw' <Predicate = true> <Delay = 0.00>
ST_1 : Operation 12 [1/1] (0.00ns)   --->   "%tmp = read i32 @_ssdm_op_Read.ap_auto.float, i32 %empty"   --->   Operation 12 'read' 'tmp' <Predicate = true> <Delay = 0.00>
ST_1 : Operation 13 [1/1] (0.00ns)   --->   "%trunc_ln127_1_read = read i3 @_ssdm_op_Read.ap_auto.i3, i3 %trunc_ln127_1"   --->   Operation 13 'read' 'trunc_ln127_1_read' <Predicate = true> <Delay = 0.00>
ST_1 : Operation 14 [1/1] (0.00ns)   --->   "%sub_ln134_1_read = read i12 @_ssdm_op_Read.ap_auto.i12, i12 %sub_ln134_1"   --->   Operation 14 'read' 'sub_ln134_1_read' <Predicate = true> <Delay = 0.00>
ST_1 : Operation 15 [1/1] (0.42ns)   --->   "%store_ln0 = store i8 0, i8 %bw"   --->   Operation 15 'store' 'store_ln0' <Predicate = true> <Delay = 0.42>
ST_1 : Operation 16 [1/1] (0.00ns)   --->   "%br_ln0 = br void %for.body8.1"   --->   Operation 16 'br' 'br_ln0' <Predicate = true> <Delay = 0.00>
ST_1 : Operation 17 [1/1] (0.00ns)   --->   "%bw_1 = load i8 %bw" [src/conv1.cpp:131]   --->   Operation 17 'load' 'bw_1' <Predicate = true> <Delay = 0.00>
ST_1 : Operation 18 [1/1] (0.76ns)   --->   "%icmp_ln131 = icmp_eq  i8 %bw_1, i8 255" [src/conv1.cpp:131]   --->   Operation 18 'icmp' 'icmp_ln131' <Predicate = true> <Delay = 0.76> <CoreInst = "Cmp">   --->   Core 9 'Cmp' <Latency = 0> <II = 1> <Delay = 0.76> <FuncUnit> <Opcode : 'icmp'> <InPorts = 2> <OutPorts = 1>
ST_1 : Operation 19 [1/1] (0.76ns)   --->   "%add_ln131 = add i8 %bw_1, i8 1" [src/conv1.cpp:131]   --->   Operation 19 'add' 'add_ln131' <Predicate = true> <Delay = 0.76> <CoreInst = "Adder">   --->   Core 1 'Adder' <Latency = 0> <II = 1> <Delay = 0.76> <FuncUnit> <Opcode : 'add' 'sub'> <InPorts = 2> <OutPorts = 1>
ST_1 : Operation 20 [1/1] (0.00ns)   --->   "%br_ln131 = br i1 %icmp_ln131, void %for.body8.1.split, void %for.end.1.exitStub" [src/conv1.cpp:131]   --->   Operation 20 'br' 'br_ln131' <Predicate = true> <Delay = 0.00>
ST_1 : Operation 21 [1/1] (0.00ns)   --->   "%zext_ln134 = zext i8 %bw_1" [src/conv1.cpp:134]   --->   Operation 21 'zext' 'zext_ln134' <Predicate = (!icmp_ln131)> <Delay = 0.00>
ST_1 : Operation 22 [1/1] (0.80ns)   --->   "%add_ln134 = add i12 %sub_ln134_1_read, i12 %zext_ln134" [src/conv1.cpp:134]   --->   Operation 22 'add' 'add_ln134' <Predicate = (!icmp_ln131)> <Delay = 0.80> <CoreInst = "Adder">   --->   Core 1 'Adder' <Latency = 0> <II = 1> <Delay = 0.80> <FuncUnit> <Opcode : 'add' 'sub'> <InPorts = 2> <OutPorts = 1>
ST_1 : Operation 23 [1/1] (0.00ns)   --->   "%zext_ln134_1 = zext i12 %add_ln134" [src/conv1.cpp:134]   --->   Operation 23 'zext' 'zext_ln134_1' <Predicate = (!icmp_ln131)> <Delay = 0.00>
ST_1 : Operation 24 [1/1] (0.00ns)   --->   "%conv1_float_255_255_float_1_9_9_float_float_255_255_ou_8 = getelementptr i32 %conv1_float_255_255_float_1_9_9_float_float_255_255_ou_7, i64 0, i64 %zext_ln134_1" [src/conv1.cpp:134]   --->   Operation 24 'getelementptr' 'conv1_float_255_255_float_1_9_9_float_float_255_255_ou_8' <Predicate = (!icmp_ln131)> <Delay = 0.00>
ST_1 : Operation 25 [1/1] (0.00ns)   --->   "%conv1_float_255_255_float_1_9_9_float_float_255_255_ou_9 = getelementptr i32 %conv1_float_255_255_float_1_9_9_float_float_255_255_ou_6, i64 0, i64 %zext_ln134_1" [src/conv1.cpp:134]   --->   Operation 25 'getelementptr' 'conv1_float_255_255_float_1_9_9_float_float_255_255_ou_9' <Predicate = (!icmp_ln131)> <Delay = 0.00>
ST_1 : Operation 26 [1/1] (0.00ns)   --->   "%conv1_float_255_255_float_1_9_9_float_float_255_255_ou_10 = getelementptr i32 %conv1_float_255_255_float_1_9_9_float_float_255_255_ou_5, i64 0, i64 %zext_ln134_1" [src/conv1.cpp:134]   --->   Operation 26 'getelementptr' 'conv1_float_255_255_float_1_9_9_float_float_255_255_ou_10' <Predicate = (!icmp_ln131)> <Delay = 0.00>
ST_1 : Operation 27 [1/1] (0.00ns)   --->   "%conv1_float_255_255_float_1_9_9_float_float_255_255_ou_11 = getelementptr i32 %conv1_float_255_255_float_1_9_9_float_float_255_255_ou_4, i64 0, i64 %zext_ln134_1" [src/conv1.cpp:134]   --->   Operation 27 'getelementptr' 'conv1_float_255_255_float_1_9_9_float_float_255_255_ou_11' <Predicate = (!icmp_ln131)> <Delay = 0.00>
ST_1 : Operation 28 [1/1] (0.00ns)   --->   "%conv1_float_255_255_float_1_9_9_float_float_255_255_ou_12 = getelementptr i32 %conv1_float_255_255_float_1_9_9_float_float_255_255_ou_3, i64 0, i64 %zext_ln134_1" [src/conv1.cpp:134]   --->   Operation 28 'getelementptr' 'conv1_float_255_255_float_1_9_9_float_float_255_255_ou_12' <Predicate = (!icmp_ln131)> <Delay = 0.00>
ST_1 : Operation 29 [1/1] (0.00ns)   --->   "%conv1_float_255_255_float_1_9_9_float_float_255_255_ou_13 = getelementptr i32 %conv1_float_255_255_float_1_9_9_float_float_255_255_ou_2, i64 0, i64 %zext_ln134_1" [src/conv1.cpp:134]   --->   Operation 29 'getelementptr' 'conv1_float_255_255_float_1_9_9_float_float_255_255_ou_13' <Predicate = (!icmp_ln131)> <Delay = 0.00>
ST_1 : Operation 30 [1/1] (0.00ns)   --->   "%conv1_float_255_255_float_1_9_9_float_float_255_255_ou_14 = getelementptr i32 %conv1_float_255_255_float_1_9_9_float_float_255_255_ou_1, i64 0, i64 %zext_ln134_1" [src/conv1.cpp:134]   --->   Operation 30 'getelementptr' 'conv1_float_255_255_float_1_9_9_float_float_255_255_ou_14' <Predicate = (!icmp_ln131)> <Delay = 0.00>
ST_1 : Operation 31 [1/1] (0.00ns)   --->   "%conv1_float_255_255_float_1_9_9_float_float_255_255_ou_15 = getelementptr i32 %conv1_float_255_255_float_1_9_9_float_float_255_255_ou, i64 0, i64 %zext_ln134_1" [src/conv1.cpp:134]   --->   Operation 31 'getelementptr' 'conv1_float_255_255_float_1_9_9_float_float_255_255_ou_15' <Predicate = (!icmp_ln131)> <Delay = 0.00>
ST_1 : Operation 32 [2/2] (1.23ns)   --->   "%conv1_float_255_255_float_1_9_9_float_float_255_255_ou_16 = load i12 %conv1_float_255_255_float_1_9_9_float_float_255_255_ou_8" [src/conv1.cpp:134]   --->   Operation 32 'load' 'conv1_float_255_255_float_1_9_9_float_float_255_255_ou_16' <Predicate = (!icmp_ln131)> <Delay = 1.23> <CoreInst = "RAM">   --->   Core 83 'RAM' <Latency = 1> <II = 1> <Delay = 1.23> <Storage> <Opcode : 'load' 'store'> <Ports = 2> <Width = 32> <Depth = 3825> <RAM>
ST_1 : Operation 33 [2/2] (1.23ns)   --->   "%conv1_float_255_255_float_1_9_9_float_float_255_255_ou_17 = load i12 %conv1_float_255_255_float_1_9_9_float_float_255_255_ou_9" [src/conv1.cpp:134]   --->   Operation 33 'load' 'conv1_float_255_255_float_1_9_9_float_float_255_255_ou_17' <Predicate = (!icmp_ln131)> <Delay = 1.23> <CoreInst = "RAM">   --->   Core 83 'RAM' <Latency = 1> <II = 1> <Delay = 1.23> <Storage> <Opcode : 'load' 'store'> <Ports = 2> <Width = 32> <Depth = 3825> <RAM>
ST_1 : Operation 34 [2/2] (1.23ns)   --->   "%conv1_float_255_255_float_1_9_9_float_float_255_255_ou_18 = load i12 %conv1_float_255_255_float_1_9_9_float_float_255_255_ou_10" [src/conv1.cpp:134]   --->   Operation 34 'load' 'conv1_float_255_255_float_1_9_9_float_float_255_255_ou_18' <Predicate = (!icmp_ln131)> <Delay = 1.23> <CoreInst = "RAM">   --->   Core 83 'RAM' <Latency = 1> <II = 1> <Delay = 1.23> <Storage> <Opcode : 'load' 'store'> <Ports = 2> <Width = 32> <Depth = 3825> <RAM>
ST_1 : Operation 35 [2/2] (1.23ns)   --->   "%conv1_float_255_255_float_1_9_9_float_float_255_255_ou_19 = load i12 %conv1_float_255_255_float_1_9_9_float_float_255_255_ou_11" [src/conv1.cpp:134]   --->   Operation 35 'load' 'conv1_float_255_255_float_1_9_9_float_float_255_255_ou_19' <Predicate = (!icmp_ln131)> <Delay = 1.23> <CoreInst = "RAM">   --->   Core 83 'RAM' <Latency = 1> <II = 1> <Delay = 1.23> <Storage> <Opcode : 'load' 'store'> <Ports = 2> <Width = 32> <Depth = 3825> <RAM>
ST_1 : Operation 36 [2/2] (1.23ns)   --->   "%conv1_float_255_255_float_1_9_9_float_float_255_255_ou_20 = load i12 %conv1_float_255_255_float_1_9_9_float_float_255_255_ou_12" [src/conv1.cpp:134]   --->   Operation 36 'load' 'conv1_float_255_255_float_1_9_9_float_float_255_255_ou_20' <Predicate = (!icmp_ln131)> <Delay = 1.23> <CoreInst = "RAM">   --->   Core 83 'RAM' <Latency = 1> <II = 1> <Delay = 1.23> <Storage> <Opcode : 'load' 'store'> <Ports = 2> <Width = 32> <Depth = 3825> <RAM>
ST_1 : Operation 37 [2/2] (1.23ns)   --->   "%conv1_float_255_255_float_1_9_9_float_float_255_255_ou_21 = load i12 %conv1_float_255_255_float_1_9_9_float_float_255_255_ou_13" [src/conv1.cpp:134]   --->   Operation 37 'load' 'conv1_float_255_255_float_1_9_9_float_float_255_255_ou_21' <Predicate = (!icmp_ln131)> <Delay = 1.23> <CoreInst = "RAM">   --->   Core 83 'RAM' <Latency = 1> <II = 1> <Delay = 1.23> <Storage> <Opcode : 'load' 'store'> <Ports = 2> <Width = 32> <Depth = 3825> <RAM>
ST_1 : Operation 38 [2/2] (1.23ns)   --->   "%conv1_float_255_255_float_1_9_9_float_float_255_255_ou_22 = load i12 %conv1_float_255_255_float_1_9_9_float_float_255_255_ou_14" [src/conv1.cpp:134]   --->   Operation 38 'load' 'conv1_float_255_255_float_1_9_9_float_float_255_255_ou_22' <Predicate = (!icmp_ln131)> <Delay = 1.23> <CoreInst = "RAM">   --->   Core 83 'RAM' <Latency = 1> <II = 1> <Delay = 1.23> <Storage> <Opcode : 'load' 'store'> <Ports = 2> <Width = 32> <Depth = 3825> <RAM>
ST_1 : Operation 39 [2/2] (1.23ns)   --->   "%conv1_float_255_255_float_1_9_9_float_float_255_255_ou_23 = load i12 %conv1_float_255_255_float_1_9_9_float_float_255_255_ou_15" [src/conv1.cpp:134]   --->   Operation 39 'load' 'conv1_float_255_255_float_1_9_9_float_float_255_255_ou_23' <Predicate = (!icmp_ln131)> <Delay = 1.23> <CoreInst = "RAM">   --->   Core 83 'RAM' <Latency = 1> <II = 1> <Delay = 1.23> <Storage> <Opcode : 'load' 'store'> <Ports = 2> <Width = 32> <Depth = 3825> <RAM>
ST_1 : Operation 40 [1/1] (0.73ns)   --->   "%switch_ln134 = switch i3 %trunc_ln127_1_read, void %arrayidx12412.1.case.7, i3 0, void %arrayidx12412.1.case.0, i3 1, void %arrayidx12412.1.case.1, i3 2, void %arrayidx12412.1.case.2, i3 3, void %arrayidx12412.1.case.3, i3 4, void %arrayidx12412.1.case.4, i3 5, void %arrayidx12412.1.case.5, i3 6, void %arrayidx12412.1.case.6" [src/conv1.cpp:134]   --->   Operation 40 'switch' 'switch_ln134' <Predicate = (!icmp_ln131)> <Delay = 0.73>
ST_1 : Operation 41 [1/1] (0.42ns)   --->   "%store_ln131 = store i8 %add_ln131, i8 %bw" [src/conv1.cpp:131]   --->   Operation 41 'store' 'store_ln131' <Predicate = (!icmp_ln131)> <Delay = 0.42>
ST_1 : Operation 42 [1/1] (0.00ns)   --->   "%br_ln131 = br void %for.body8.1" [src/conv1.cpp:131]   --->   Operation 42 'br' 'br_ln131' <Predicate = (!icmp_ln131)> <Delay = 0.00>

State 2 <SV = 1> <Delay = 1.95>
ST_2 : Operation 43 [1/2] (1.23ns)   --->   "%conv1_float_255_255_float_1_9_9_float_float_255_255_ou_16 = load i12 %conv1_float_255_255_float_1_9_9_float_float_255_255_ou_8" [src/conv1.cpp:134]   --->   Operation 43 'load' 'conv1_float_255_255_float_1_9_9_float_float_255_255_ou_16' <Predicate = (!icmp_ln131)> <Delay = 1.23> <CoreInst = "RAM">   --->   Core 83 'RAM' <Latency = 1> <II = 1> <Delay = 1.23> <Storage> <Opcode : 'load' 'store'> <Ports = 2> <Width = 32> <Depth = 3825> <RAM>
ST_2 : Operation 44 [1/2] (1.23ns)   --->   "%conv1_float_255_255_float_1_9_9_float_float_255_255_ou_17 = load i12 %conv1_float_255_255_float_1_9_9_float_float_255_255_ou_9" [src/conv1.cpp:134]   --->   Operation 44 'load' 'conv1_float_255_255_float_1_9_9_float_float_255_255_ou_17' <Predicate = (!icmp_ln131)> <Delay = 1.23> <CoreInst = "RAM">   --->   Core 83 'RAM' <Latency = 1> <II = 1> <Delay = 1.23> <Storage> <Opcode : 'load' 'store'> <Ports = 2> <Width = 32> <Depth = 3825> <RAM>
ST_2 : Operation 45 [1/2] (1.23ns)   --->   "%conv1_float_255_255_float_1_9_9_float_float_255_255_ou_18 = load i12 %conv1_float_255_255_float_1_9_9_float_float_255_255_ou_10" [src/conv1.cpp:134]   --->   Operation 45 'load' 'conv1_float_255_255_float_1_9_9_float_float_255_255_ou_18' <Predicate = (!icmp_ln131)> <Delay = 1.23> <CoreInst = "RAM">   --->   Core 83 'RAM' <Latency = 1> <II = 1> <Delay = 1.23> <Storage> <Opcode : 'load' 'store'> <Ports = 2> <Width = 32> <Depth = 3825> <RAM>
ST_2 : Operation 46 [1/2] (1.23ns)   --->   "%conv1_float_255_255_float_1_9_9_float_float_255_255_ou_19 = load i12 %conv1_float_255_255_float_1_9_9_float_float_255_255_ou_11" [src/conv1.cpp:134]   --->   Operation 46 'load' 'conv1_float_255_255_float_1_9_9_float_float_255_255_ou_19' <Predicate = (!icmp_ln131)> <Delay = 1.23> <CoreInst = "RAM">   --->   Core 83 'RAM' <Latency = 1> <II = 1> <Delay = 1.23> <Storage> <Opcode : 'load' 'store'> <Ports = 2> <Width = 32> <Depth = 3825> <RAM>
ST_2 : Operation 47 [1/2] (1.23ns)   --->   "%conv1_float_255_255_float_1_9_9_float_float_255_255_ou_20 = load i12 %conv1_float_255_255_float_1_9_9_float_float_255_255_ou_12" [src/conv1.cpp:134]   --->   Operation 47 'load' 'conv1_float_255_255_float_1_9_9_float_float_255_255_ou_20' <Predicate = (!icmp_ln131)> <Delay = 1.23> <CoreInst = "RAM">   --->   Core 83 'RAM' <Latency = 1> <II = 1> <Delay = 1.23> <Storage> <Opcode : 'load' 'store'> <Ports = 2> <Width = 32> <Depth = 3825> <RAM>
ST_2 : Operation 48 [1/2] (1.23ns)   --->   "%conv1_float_255_255_float_1_9_9_float_float_255_255_ou_21 = load i12 %conv1_float_255_255_float_1_9_9_float_float_255_255_ou_13" [src/conv1.cpp:134]   --->   Operation 48 'load' 'conv1_float_255_255_float_1_9_9_float_float_255_255_ou_21' <Predicate = (!icmp_ln131)> <Delay = 1.23> <CoreInst = "RAM">   --->   Core 83 'RAM' <Latency = 1> <II = 1> <Delay = 1.23> <Storage> <Opcode : 'load' 'store'> <Ports = 2> <Width = 32> <Depth = 3825> <RAM>
ST_2 : Operation 49 [1/2] (1.23ns)   --->   "%conv1_float_255_255_float_1_9_9_float_float_255_255_ou_22 = load i12 %conv1_float_255_255_float_1_9_9_float_float_255_255_ou_14" [src/conv1.cpp:134]   --->   Operation 49 'load' 'conv1_float_255_255_float_1_9_9_float_float_255_255_ou_22' <Predicate = (!icmp_ln131)> <Delay = 1.23> <CoreInst = "RAM">   --->   Core 83 'RAM' <Latency = 1> <II = 1> <Delay = 1.23> <Storage> <Opcode : 'load' 'store'> <Ports = 2> <Width = 32> <Depth = 3825> <RAM>
ST_2 : Operation 50 [1/2] (1.23ns)   --->   "%conv1_float_255_255_float_1_9_9_float_float_255_255_ou_23 = load i12 %conv1_float_255_255_float_1_9_9_float_float_255_255_ou_15" [src/conv1.cpp:134]   --->   Operation 50 'load' 'conv1_float_255_255_float_1_9_9_float_float_255_255_ou_23' <Predicate = (!icmp_ln131)> <Delay = 1.23> <CoreInst = "RAM">   --->   Core 83 'RAM' <Latency = 1> <II = 1> <Delay = 1.23> <Storage> <Opcode : 'load' 'store'> <Ports = 2> <Width = 32> <Depth = 3825> <RAM>
ST_2 : Operation 51 [1/1] (0.72ns)   --->   "%tmp_2 = mux i32 @_ssdm_op_Mux.ap_auto.8f32.i3, i32 %conv1_float_255_255_float_1_9_9_float_float_255_255_ou_16, i32 %conv1_float_255_255_float_1_9_9_float_float_255_255_ou_17, i32 %conv1_float_255_255_float_1_9_9_float_float_255_255_ou_18, i32 %conv1_float_255_255_float_1_9_9_float_float_255_255_ou_19, i32 %conv1_float_255_255_float_1_9_9_float_float_255_255_ou_20, i32 %conv1_float_255_255_float_1_9_9_float_float_255_255_ou_21, i32 %conv1_float_255_255_float_1_9_9_float_float_255_255_ou_22, i32 %conv1_float_255_255_float_1_9_9_float_float_255_255_ou_23, i3 %trunc_ln127_1_read" [src/conv1.cpp:134]   --->   Operation 51 'mux' 'tmp_2' <Predicate = (!icmp_ln131)> <Delay = 0.72> <CoreInst = "Multiplexer">   --->   Core 76 'Multiplexer' <Latency = 0> <II = 1> <Delay = 0.72> <FuncUnit> <Opcode : 'mux'> <InPorts = 2> <OutPorts = 1>

State 3 <SV = 2> <Delay = 6.43>
ST_3 : [1/1] (0.77ns)   --->   Input mux for Operation 52 '%add15_1 = fadd i32 %tmp_2, i32 %tmp'
ST_3 : Operation 52 [4/4] (5.66ns)   --->   "%add15_1 = fadd i32 %tmp_2, i32 %tmp" [src/conv1.cpp:134]   --->   Operation 52 'fadd' 'add15_1' <Predicate = true> <Delay = 5.66> <CoreInst = "FAddSub_fulldsp">   --->   Core 18 'FAddSub_fulldsp' <Latency = 3> <II = 1> <Delay = 6.43> <FuncUnit> <Opcode : 'fadd' 'fsub'> <InPorts = 2> <OutPorts = 1>

State 4 <SV = 3> <Delay = 6.43>
ST_4 : Operation 53 [3/4] (6.43ns)   --->   "%add15_1 = fadd i32 %tmp_2, i32 %tmp" [src/conv1.cpp:134]   --->   Operation 53 'fadd' 'add15_1' <Predicate = true> <Delay = 6.43> <CoreInst = "FAddSub_fulldsp">   --->   Core 18 'FAddSub_fulldsp' <Latency = 3> <II = 1> <Delay = 6.43> <FuncUnit> <Opcode : 'fadd' 'fsub'> <InPorts = 2> <OutPorts = 1>

State 5 <SV = 4> <Delay = 6.43>
ST_5 : Operation 54 [2/4] (6.43ns)   --->   "%add15_1 = fadd i32 %tmp_2, i32 %tmp" [src/conv1.cpp:134]   --->   Operation 54 'fadd' 'add15_1' <Predicate = true> <Delay = 6.43> <CoreInst = "FAddSub_fulldsp">   --->   Core 18 'FAddSub_fulldsp' <Latency = 3> <II = 1> <Delay = 6.43> <FuncUnit> <Opcode : 'fadd' 'fsub'> <InPorts = 2> <OutPorts = 1>

State 6 <SV = 5> <Delay = 6.43>
ST_6 : Operation 55 [1/1] (0.00ns)   --->   "%specpipeline_ln132 = specpipeline void @_ssdm_op_SpecPipeline, i32 2, i32 0, i32 0, i32 0, void @empty_22" [src/conv1.cpp:132]   --->   Operation 55 'specpipeline' 'specpipeline_ln132' <Predicate = true> <Delay = 0.00>
ST_6 : Operation 56 [1/1] (0.00ns)   --->   "%speclooptripcount_ln131 = speclooptripcount void @_ssdm_op_SpecLoopTripCount, i64 255, i64 255, i64 255" [src/conv1.cpp:131]   --->   Operation 56 'speclooptripcount' 'speclooptripcount_ln131' <Predicate = true> <Delay = 0.00>
ST_6 : Operation 57 [1/1] (0.00ns)   --->   "%specloopname_ln131 = specloopname void @_ssdm_op_SpecLoopName, void @empty_2" [src/conv1.cpp:131]   --->   Operation 57 'specloopname' 'specloopname_ln131' <Predicate = true> <Delay = 0.00>
ST_6 : Operation 58 [1/4] (6.43ns)   --->   "%add15_1 = fadd i32 %tmp_2, i32 %tmp" [src/conv1.cpp:134]   --->   Operation 58 'fadd' 'add15_1' <Predicate = true> <Delay = 6.43> <CoreInst = "FAddSub_fulldsp">   --->   Core 18 'FAddSub_fulldsp' <Latency = 3> <II = 1> <Delay = 6.43> <FuncUnit> <Opcode : 'fadd' 'fsub'> <InPorts = 2> <OutPorts = 1>
ST_6 : Operation 59 [1/1] (0.00ns)   --->   "%br_ln134 = br void %arrayidx12412.1.exit" [src/conv1.cpp:134]   --->   Operation 59 'br' 'br_ln134' <Predicate = (trunc_ln127_1_read == 6)> <Delay = 0.00>
ST_6 : Operation 60 [1/1] (0.00ns)   --->   "%br_ln134 = br void %arrayidx12412.1.exit" [src/conv1.cpp:134]   --->   Operation 60 'br' 'br_ln134' <Predicate = (trunc_ln127_1_read == 5)> <Delay = 0.00>
ST_6 : Operation 61 [1/1] (0.00ns)   --->   "%br_ln134 = br void %arrayidx12412.1.exit" [src/conv1.cpp:134]   --->   Operation 61 'br' 'br_ln134' <Predicate = (trunc_ln127_1_read == 4)> <Delay = 0.00>
ST_6 : Operation 62 [1/1] (0.00ns)   --->   "%br_ln134 = br void %arrayidx12412.1.exit" [src/conv1.cpp:134]   --->   Operation 62 'br' 'br_ln134' <Predicate = (trunc_ln127_1_read == 3)> <Delay = 0.00>
ST_6 : Operation 63 [1/1] (0.00ns)   --->   "%br_ln134 = br void %arrayidx12412.1.exit" [src/conv1.cpp:134]   --->   Operation 63 'br' 'br_ln134' <Predicate = (trunc_ln127_1_read == 2)> <Delay = 0.00>
ST_6 : Operation 64 [1/1] (0.00ns)   --->   "%br_ln134 = br void %arrayidx12412.1.exit" [src/conv1.cpp:134]   --->   Operation 64 'br' 'br_ln134' <Predicate = (trunc_ln127_1_read == 1)> <Delay = 0.00>
ST_6 : Operation 65 [1/1] (0.00ns)   --->   "%br_ln134 = br void %arrayidx12412.1.exit" [src/conv1.cpp:134]   --->   Operation 65 'br' 'br_ln134' <Predicate = (trunc_ln127_1_read == 0)> <Delay = 0.00>
ST_6 : Operation 66 [1/1] (0.00ns)   --->   "%br_ln134 = br void %arrayidx12412.1.exit" [src/conv1.cpp:134]   --->   Operation 66 'br' 'br_ln134' <Predicate = (trunc_ln127_1_read == 7)> <Delay = 0.00>
ST_6 : Operation 103 [1/1] (0.00ns)   --->   "%ret_ln0 = ret"   --->   Operation 103 'ret' 'ret_ln0' <Predicate = (icmp_ln131)> <Delay = 0.00>

State 7 <SV = 6> <Delay = 2.78>
ST_7 : Operation 67 [1/1] (1.23ns)   --->   "%store_ln134 = store i32 %add15_1, i12 %conv1_float_255_255_float_1_9_9_float_float_255_255_ou_14" [src/conv1.cpp:134]   --->   Operation 67 'store' 'store_ln134' <Predicate = (trunc_ln127_1_read == 6)> <Delay = 1.23> <CoreInst = "RAM">   --->   Core 83 'RAM' <Latency = 1> <II = 1> <Delay = 1.23> <Storage> <Opcode : 'load' 'store'> <Ports = 2> <Width = 32> <Depth = 3825> <RAM>
ST_7 : Operation 68 [1/1] (1.23ns)   --->   "%store_ln134 = store i32 %add15_1, i12 %conv1_float_255_255_float_1_9_9_float_float_255_255_ou_13" [src/conv1.cpp:134]   --->   Operation 68 'store' 'store_ln134' <Predicate = (trunc_ln127_1_read == 5)> <Delay = 1.23> <CoreInst = "RAM">   --->   Core 83 'RAM' <Latency = 1> <II = 1> <Delay = 1.23> <Storage> <Opcode : 'load' 'store'> <Ports = 2> <Width = 32> <Depth = 3825> <RAM>
ST_7 : Operation 69 [1/1] (1.23ns)   --->   "%store_ln134 = store i32 %add15_1, i12 %conv1_float_255_255_float_1_9_9_float_float_255_255_ou_12" [src/conv1.cpp:134]   --->   Operation 69 'store' 'store_ln134' <Predicate = (trunc_ln127_1_read == 4)> <Delay = 1.23> <CoreInst = "RAM">   --->   Core 83 'RAM' <Latency = 1> <II = 1> <Delay = 1.23> <Storage> <Opcode : 'load' 'store'> <Ports = 2> <Width = 32> <Depth = 3825> <RAM>
ST_7 : Operation 70 [1/1] (1.23ns)   --->   "%store_ln134 = store i32 %add15_1, i12 %conv1_float_255_255_float_1_9_9_float_float_255_255_ou_11" [src/conv1.cpp:134]   --->   Operation 70 'store' 'store_ln134' <Predicate = (trunc_ln127_1_read == 3)> <Delay = 1.23> <CoreInst = "RAM">   --->   Core 83 'RAM' <Latency = 1> <II = 1> <Delay = 1.23> <Storage> <Opcode : 'load' 'store'> <Ports = 2> <Width = 32> <Depth = 3825> <RAM>
ST_7 : Operation 71 [1/1] (1.23ns)   --->   "%store_ln134 = store i32 %add15_1, i12 %conv1_float_255_255_float_1_9_9_float_float_255_255_ou_10" [src/conv1.cpp:134]   --->   Operation 71 'store' 'store_ln134' <Predicate = (trunc_ln127_1_read == 2)> <Delay = 1.23> <CoreInst = "RAM">   --->   Core 83 'RAM' <Latency = 1> <II = 1> <Delay = 1.23> <Storage> <Opcode : 'load' 'store'> <Ports = 2> <Width = 32> <Depth = 3825> <RAM>
ST_7 : Operation 72 [1/1] (1.23ns)   --->   "%store_ln134 = store i32 %add15_1, i12 %conv1_float_255_255_float_1_9_9_float_float_255_255_ou_9" [src/conv1.cpp:134]   --->   Operation 72 'store' 'store_ln134' <Predicate = (trunc_ln127_1_read == 1)> <Delay = 1.23> <CoreInst = "RAM">   --->   Core 83 'RAM' <Latency = 1> <II = 1> <Delay = 1.23> <Storage> <Opcode : 'load' 'store'> <Ports = 2> <Width = 32> <Depth = 3825> <RAM>
ST_7 : Operation 73 [1/1] (1.23ns)   --->   "%store_ln134 = store i32 %add15_1, i12 %conv1_float_255_255_float_1_9_9_float_float_255_255_ou_8" [src/conv1.cpp:134]   --->   Operation 73 'store' 'store_ln134' <Predicate = (trunc_ln127_1_read == 0)> <Delay = 1.23> <CoreInst = "RAM">   --->   Core 83 'RAM' <Latency = 1> <II = 1> <Delay = 1.23> <Storage> <Opcode : 'load' 'store'> <Ports = 2> <Width = 32> <Depth = 3825> <RAM>
ST_7 : Operation 74 [1/1] (1.23ns)   --->   "%store_ln134 = store i32 %add15_1, i12 %conv1_float_255_255_float_1_9_9_float_float_255_255_ou_15" [src/conv1.cpp:134]   --->   Operation 74 'store' 'store_ln134' <Predicate = (trunc_ln127_1_read == 7)> <Delay = 1.23> <CoreInst = "RAM">   --->   Core 83 'RAM' <Latency = 1> <II = 1> <Delay = 1.23> <Storage> <Opcode : 'load' 'store'> <Ports = 2> <Width = 32> <Depth = 3825> <RAM>
ST_7 : Operation 75 [1/1] (0.00ns)   --->   "%bitcast_ln136 = bitcast i32 %add15_1" [src/conv1.cpp:136]   --->   Operation 75 'bitcast' 'bitcast_ln136' <Predicate = true> <Delay = 0.00>
ST_7 : Operation 76 [1/1] (0.00ns)   --->   "%tmp_6 = partselect i8 @_ssdm_op_PartSelect.i8.i32.i32.i32, i32 %bitcast_ln136, i32 23, i32 30" [src/conv1.cpp:136]   --->   Operation 76 'partselect' 'tmp_6' <Predicate = true> <Delay = 0.00>
ST_7 : Operation 77 [1/1] (0.00ns)   --->   "%trunc_ln136 = trunc i32 %bitcast_ln136" [src/conv1.cpp:136]   --->   Operation 77 'trunc' 'trunc_ln136' <Predicate = true> <Delay = 0.00>
ST_7 : Operation 78 [1/1] (0.76ns)   --->   "%icmp_ln136 = icmp_ne  i8 %tmp_6, i8 255" [src/conv1.cpp:136]   --->   Operation 78 'icmp' 'icmp_ln136' <Predicate = true> <Delay = 0.76> <CoreInst = "Cmp">   --->   Core 9 'Cmp' <Latency = 0> <II = 1> <Delay = 0.76> <FuncUnit> <Opcode : 'icmp'> <InPorts = 2> <OutPorts = 1>
ST_7 : Operation 79 [1/1] (0.92ns)   --->   "%icmp_ln136_1 = icmp_eq  i23 %trunc_ln136, i23 0" [src/conv1.cpp:136]   --->   Operation 79 'icmp' 'icmp_ln136_1' <Predicate = true> <Delay = 0.92> <CoreInst = "Cmp">   --->   Core 9 'Cmp' <Latency = 0> <II = 1> <Delay = 0.92> <FuncUnit> <Opcode : 'icmp'> <InPorts = 2> <OutPorts = 1>
ST_7 : [1/1] (0.62ns)   --->   Input mux for Operation 80 '%tmp_7 = fcmp_olt  i32 %add15_1, i32 0'
ST_7 : Operation 80 [2/2] (2.15ns)   --->   "%tmp_7 = fcmp_olt  i32 %add15_1, i32 0" [src/conv1.cpp:136]   --->   Operation 80 'fcmp' 'tmp_7' <Predicate = true> <Delay = 2.15> <CoreInst = "FCompare">   --->   Core 19 'FCompare' <Latency = 1> <II = 1> <Delay = 2.78> <FuncUnit> <Opcode : 'fcmp'> <InPorts = 2> <OutPorts = 1>

State 8 <SV = 7> <Delay = 4.30>
ST_8 : Operation 81 [1/1] (0.00ns) (grouped into LUT with out node and_ln136)   --->   "%or_ln136 = or i1 %icmp_ln136_1, i1 %icmp_ln136" [src/conv1.cpp:136]   --->   Operation 81 'or' 'or_ln136' <Predicate = true> <Delay = 0.00> <CoreInst = "LogicGate">   --->   Core 74 'LogicGate' <Latency = 0> <II = 1> <Delay = 0.28> <FuncUnit> <Opcode : 'and' 'or' 'xor'> <InPorts = 2> <OutPorts = 1>
ST_8 : Operation 82 [1/2] (2.78ns)   --->   "%tmp_7 = fcmp_olt  i32 %add15_1, i32 0" [src/conv1.cpp:136]   --->   Operation 82 'fcmp' 'tmp_7' <Predicate = true> <Delay = 2.78> <CoreInst = "FCompare">   --->   Core 19 'FCompare' <Latency = 1> <II = 1> <Delay = 2.78> <FuncUnit> <Opcode : 'fcmp'> <InPorts = 2> <OutPorts = 1>
ST_8 : Operation 83 [1/1] (0.28ns) (out node of the LUT)   --->   "%and_ln136 = and i1 %or_ln136, i1 %tmp_7" [src/conv1.cpp:136]   --->   Operation 83 'and' 'and_ln136' <Predicate = true> <Delay = 0.28> <CoreInst = "LogicGate">   --->   Core 74 'LogicGate' <Latency = 0> <II = 1> <Delay = 0.28> <FuncUnit> <Opcode : 'and' 'or' 'xor'> <InPorts = 2> <OutPorts = 1>
ST_8 : Operation 84 [1/1] (0.00ns)   --->   "%br_ln136 = br i1 %and_ln136, void %for.inc.1, void %if.then.1" [src/conv1.cpp:136]   --->   Operation 84 'br' 'br_ln136' <Predicate = true> <Delay = 0.00>
ST_8 : Operation 85 [1/1] (0.73ns)   --->   "%switch_ln137 = switch i3 %trunc_ln127_1_read, void %arrayidx12412.1.case.759, i3 0, void %arrayidx12412.1.case.052, i3 1, void %arrayidx12412.1.case.153, i3 2, void %arrayidx12412.1.case.254, i3 3, void %arrayidx12412.1.case.355, i3 4, void %arrayidx12412.1.case.456, i3 5, void %arrayidx12412.1.case.557, i3 6, void %arrayidx12412.1.case.658" [src/conv1.cpp:137]   --->   Operation 85 'switch' 'switch_ln137' <Predicate = (and_ln136)> <Delay = 0.73>
ST_8 : Operation 86 [1/1] (1.23ns)   --->   "%store_ln137 = store i32 0, i12 %conv1_float_255_255_float_1_9_9_float_float_255_255_ou_14" [src/conv1.cpp:137]   --->   Operation 86 'store' 'store_ln137' <Predicate = (trunc_ln127_1_read == 6 & and_ln136)> <Delay = 1.23> <CoreInst = "RAM">   --->   Core 83 'RAM' <Latency = 1> <II = 1> <Delay = 1.23> <Storage> <Opcode : 'load' 'store'> <Ports = 2> <Width = 32> <Depth = 3825> <RAM>
ST_8 : Operation 87 [1/1] (0.00ns)   --->   "%br_ln137 = br void %arrayidx12412.1.exit51" [src/conv1.cpp:137]   --->   Operation 87 'br' 'br_ln137' <Predicate = (trunc_ln127_1_read == 6 & and_ln136)> <Delay = 0.00>
ST_8 : Operation 88 [1/1] (1.23ns)   --->   "%store_ln137 = store i32 0, i12 %conv1_float_255_255_float_1_9_9_float_float_255_255_ou_13" [src/conv1.cpp:137]   --->   Operation 88 'store' 'store_ln137' <Predicate = (trunc_ln127_1_read == 5 & and_ln136)> <Delay = 1.23> <CoreInst = "RAM">   --->   Core 83 'RAM' <Latency = 1> <II = 1> <Delay = 1.23> <Storage> <Opcode : 'load' 'store'> <Ports = 2> <Width = 32> <Depth = 3825> <RAM>
ST_8 : Operation 89 [1/1] (0.00ns)   --->   "%br_ln137 = br void %arrayidx12412.1.exit51" [src/conv1.cpp:137]   --->   Operation 89 'br' 'br_ln137' <Predicate = (trunc_ln127_1_read == 5 & and_ln136)> <Delay = 0.00>
ST_8 : Operation 90 [1/1] (1.23ns)   --->   "%store_ln137 = store i32 0, i12 %conv1_float_255_255_float_1_9_9_float_float_255_255_ou_12" [src/conv1.cpp:137]   --->   Operation 90 'store' 'store_ln137' <Predicate = (trunc_ln127_1_read == 4 & and_ln136)> <Delay = 1.23> <CoreInst = "RAM">   --->   Core 83 'RAM' <Latency = 1> <II = 1> <Delay = 1.23> <Storage> <Opcode : 'load' 'store'> <Ports = 2> <Width = 32> <Depth = 3825> <RAM>
ST_8 : Operation 91 [1/1] (0.00ns)   --->   "%br_ln137 = br void %arrayidx12412.1.exit51" [src/conv1.cpp:137]   --->   Operation 91 'br' 'br_ln137' <Predicate = (trunc_ln127_1_read == 4 & and_ln136)> <Delay = 0.00>
ST_8 : Operation 92 [1/1] (1.23ns)   --->   "%store_ln137 = store i32 0, i12 %conv1_float_255_255_float_1_9_9_float_float_255_255_ou_11" [src/conv1.cpp:137]   --->   Operation 92 'store' 'store_ln137' <Predicate = (trunc_ln127_1_read == 3 & and_ln136)> <Delay = 1.23> <CoreInst = "RAM">   --->   Core 83 'RAM' <Latency = 1> <II = 1> <Delay = 1.23> <Storage> <Opcode : 'load' 'store'> <Ports = 2> <Width = 32> <Depth = 3825> <RAM>
ST_8 : Operation 93 [1/1] (0.00ns)   --->   "%br_ln137 = br void %arrayidx12412.1.exit51" [src/conv1.cpp:137]   --->   Operation 93 'br' 'br_ln137' <Predicate = (trunc_ln127_1_read == 3 & and_ln136)> <Delay = 0.00>
ST_8 : Operation 94 [1/1] (1.23ns)   --->   "%store_ln137 = store i32 0, i12 %conv1_float_255_255_float_1_9_9_float_float_255_255_ou_10" [src/conv1.cpp:137]   --->   Operation 94 'store' 'store_ln137' <Predicate = (trunc_ln127_1_read == 2 & and_ln136)> <Delay = 1.23> <CoreInst = "RAM">   --->   Core 83 'RAM' <Latency = 1> <II = 1> <Delay = 1.23> <Storage> <Opcode : 'load' 'store'> <Ports = 2> <Width = 32> <Depth = 3825> <RAM>
ST_8 : Operation 95 [1/1] (0.00ns)   --->   "%br_ln137 = br void %arrayidx12412.1.exit51" [src/conv1.cpp:137]   --->   Operation 95 'br' 'br_ln137' <Predicate = (trunc_ln127_1_read == 2 & and_ln136)> <Delay = 0.00>
ST_8 : Operation 96 [1/1] (1.23ns)   --->   "%store_ln137 = store i32 0, i12 %conv1_float_255_255_float_1_9_9_float_float_255_255_ou_9" [src/conv1.cpp:137]   --->   Operation 96 'store' 'store_ln137' <Predicate = (trunc_ln127_1_read == 1 & and_ln136)> <Delay = 1.23> <CoreInst = "RAM">   --->   Core 83 'RAM' <Latency = 1> <II = 1> <Delay = 1.23> <Storage> <Opcode : 'load' 'store'> <Ports = 2> <Width = 32> <Depth = 3825> <RAM>
ST_8 : Operation 97 [1/1] (0.00ns)   --->   "%br_ln137 = br void %arrayidx12412.1.exit51" [src/conv1.cpp:137]   --->   Operation 97 'br' 'br_ln137' <Predicate = (trunc_ln127_1_read == 1 & and_ln136)> <Delay = 0.00>
ST_8 : Operation 98 [1/1] (1.23ns)   --->   "%store_ln137 = store i32 0, i12 %conv1_float_255_255_float_1_9_9_float_float_255_255_ou_8" [src/conv1.cpp:137]   --->   Operation 98 'store' 'store_ln137' <Predicate = (trunc_ln127_1_read == 0 & and_ln136)> <Delay = 1.23> <CoreInst = "RAM">   --->   Core 83 'RAM' <Latency = 1> <II = 1> <Delay = 1.23> <Storage> <Opcode : 'load' 'store'> <Ports = 2> <Width = 32> <Depth = 3825> <RAM>
ST_8 : Operation 99 [1/1] (0.00ns)   --->   "%br_ln137 = br void %arrayidx12412.1.exit51" [src/conv1.cpp:137]   --->   Operation 99 'br' 'br_ln137' <Predicate = (trunc_ln127_1_read == 0 & and_ln136)> <Delay = 0.00>
ST_8 : Operation 100 [1/1] (1.23ns)   --->   "%store_ln137 = store i32 0, i12 %conv1_float_255_255_float_1_9_9_float_float_255_255_ou_15" [src/conv1.cpp:137]   --->   Operation 100 'store' 'store_ln137' <Predicate = (trunc_ln127_1_read == 7 & and_ln136)> <Delay = 1.23> <CoreInst = "RAM">   --->   Core 83 'RAM' <Latency = 1> <II = 1> <Delay = 1.23> <Storage> <Opcode : 'load' 'store'> <Ports = 2> <Width = 32> <Depth = 3825> <RAM>
ST_8 : Operation 101 [1/1] (0.00ns)   --->   "%br_ln137 = br void %arrayidx12412.1.exit51" [src/conv1.cpp:137]   --->   Operation 101 'br' 'br_ln137' <Predicate = (trunc_ln127_1_read == 7 & and_ln136)> <Delay = 0.00>
ST_8 : Operation 102 [1/1] (0.00ns)   --->   "%br_ln138 = br void %for.inc.1" [src/conv1.cpp:138]   --->   Operation 102 'br' 'br_ln138' <Predicate = (and_ln136)> <Delay = 0.00>


============================================================
+ Verbose Summary: Timing violations
============================================================
Target clock period: 10.000ns, clock uncertainty: 2.700ns.

 <State 1>: 2.046ns
The critical path consists of the following:
	'alloca' operation ('bw') [12]  (0.000 ns)
	'load' operation ('bw', src/conv1.cpp:131) on local variable 'bw' [19]  (0.000 ns)
	'add' operation ('add_ln134', src/conv1.cpp:134) [25]  (0.809 ns)
	'getelementptr' operation ('conv1_float_255_255_float_1_9_9_float_float_255_255_ou_8', src/conv1.cpp:134) [27]  (0.000 ns)
	'load' operation ('conv1_float_255_255_float_1_9_9_float_float_255_255_ou_16', src/conv1.cpp:134) on array 'conv1_float_255_255_float_1_9_9_float_float_255_255_ou_7' [38]  (1.237 ns)

 <State 2>: 1.958ns
The critical path consists of the following:
	'load' operation ('conv1_float_255_255_float_1_9_9_float_float_255_255_ou_16', src/conv1.cpp:134) on array 'conv1_float_255_255_float_1_9_9_float_float_255_255_ou_7' [38]  (1.237 ns)
	'mux' operation ('tmp_2', src/conv1.cpp:134) [46]  (0.721 ns)

 <State 3>: 6.437ns
The critical path consists of the following:
	multiplexor before operation 'fadd' with delay (0.770 ns)
'fadd' operation ('add15_1', src/conv1.cpp:134) [47]  (5.667 ns)

 <State 4>: 6.437ns
The critical path consists of the following:
	'fadd' operation ('add15_1', src/conv1.cpp:134) [47]  (6.437 ns)

 <State 5>: 6.437ns
The critical path consists of the following:
	'fadd' operation ('add15_1', src/conv1.cpp:134) [47]  (6.437 ns)

 <State 6>: 6.437ns
The critical path consists of the following:
	'fadd' operation ('add15_1', src/conv1.cpp:134) [47]  (6.437 ns)

 <State 7>: 2.782ns
The critical path consists of the following:
	multiplexor before operation 'fcmp' with delay (0.623 ns)
'fcmp' operation ('tmp_7', src/conv1.cpp:136) [80]  (2.159 ns)

 <State 8>: 4.306ns
The critical path consists of the following:
	'fcmp' operation ('tmp_7', src/conv1.cpp:136) [80]  (2.782 ns)
	'and' operation ('and_ln136', src/conv1.cpp:136) [81]  (0.287 ns)
	blocking operation 1.237 ns on control path)


============================================================
+ Verbose Summary: Binding
============================================================
N/A
* FSMD analyzer results:
  - Output states:
 - Input state : 
  - Chain level:
	State 1
	State 2
	State 3
	State 4
	State 5
	State 6
	State 7
	State 8


============================================================
+ Verbose Summary: Datapath Resource usage 
============================================================
N/A
