

================================================================
== Vitis HLS Report for 'load_input_buffer_c2'
================================================================
* Date:           Fri Nov  3 02:32:02 2023

* Version:        2023.1 (Build 3854077 on May  4 2023)
* Project:        srcnn_hls
* Solution:       solution1 (Vivado IP Flow Target)
* Product family: zynquplus
* Target device:  xck24-ubva530-2LV-c


================================================================
== Performance Estimates
================================================================
+ Timing: 
    * Summary: 
    +--------+----------+----------+------------+
    |  Clock |  Target  | Estimated| Uncertainty|
    +--------+----------+----------+------------+
    |ap_clk  |  10.00 ns|  7.300 ns|     2.70 ns|
    +--------+----------+----------+------------+

+ Latency: 
    * Summary: 
    +---------+---------+----------+----------+-------+-------+---------+
    |  Latency (cycles) |  Latency (absolute) |    Interval   | Pipeline|
    |   min   |   max   |    min   |    max   |  min  |  max  |   Type  |
    +---------+---------+----------+----------+-------+-------+---------+
    |    49163|    49163|  0.492 ms|  0.492 ms|  49163|  49163|       no|
    +---------+---------+----------+----------+-------+-------+---------+

    + Detail: 
        * Instance: 
        +---------------------------------------------+----------------------------------+---------+---------+----------+----------+-------+-------+---------+
        |                                             |                                  |  Latency (cycles) |  Latency (absolute) |    Interval   | Pipeline|
        |                   Instance                  |              Module              |   min   |   max   |    min   |    max   |  min  |  max  |   Type  |
        +---------------------------------------------+----------------------------------+---------+---------+----------+----------+-------+-------+---------+
        |grp_load_input_buffer_c2_Pipeline_BH_fu_120  |load_input_buffer_c2_Pipeline_BH  |    49162|    49162|  0.492 ms|  0.492 ms|  49162|  49162|       no|
        +---------------------------------------------+----------------------------------+---------+---------+----------+----------+-------+-------+---------+

        * Loop: 
        N/A

============================================================
+ Verbose Summary: Synthesis Manager
============================================================
InlineROM: 1
ExposeGlobal: 0
============================================================
+ Verbose Summary: CDFG Model
============================================================
IsTopModel: 0
ResetActiveHigh: 1
IsCombinational: 0
IsDatapathOnly: 0
HasWiredReturn: 1
HasMFsm: 0
HasVarLatency: 1
IsPipeline: 0
IsRtlPipelined: 0
IsInstanceOverlapped: 0
IsDontTouch: 0
HasImplIP: 0
IsGatedGlobalClock: 0


============================================================
+ Verbose Summary: Schedule
============================================================
* Number of FSM states : 2
* Pipeline : 0
* Dataflow Pipeline: 0

* FSM state transitions: 
1 --> 2 
2 --> 

* FSM state operations: 

State 1 <SV = 0> <Delay = 1.69>
ST_1 : Operation 3 [1/1] (0.00ns)   --->   "%h_read = read i8 @_ssdm_op_Read.ap_auto.i8, i8 %h"   --->   Operation 3 'read' 'h_read' <Predicate = true> <Delay = 0.00>
ST_1 : Operation 4 [1/1] (0.00ns)   --->   "%input_ftmap_read = read i64 @_ssdm_op_Read.ap_auto.i64, i64 %input_ftmap"   --->   Operation 4 'read' 'input_ftmap_read' <Predicate = true> <Delay = 0.00>
ST_1 : Operation 5 [1/1] (0.00ns)   --->   "%shl_ln = bitconcatenate i18 @_ssdm_op_BitConcatenate.i18.i8.i10, i8 %h_read, i10 0" [src/conv2.cpp:74]   --->   Operation 5 'bitconcatenate' 'shl_ln' <Predicate = true> <Delay = 0.00>
ST_1 : Operation 6 [1/1] (0.00ns)   --->   "%zext_ln74 = zext i18 %shl_ln" [src/conv2.cpp:74]   --->   Operation 6 'zext' 'zext_ln74' <Predicate = true> <Delay = 0.00>
ST_1 : Operation 7 [1/1] (0.00ns)   --->   "%shl_ln74_1 = bitconcatenate i10 @_ssdm_op_BitConcatenate.i10.i8.i2, i8 %h_read, i2 0" [src/conv2.cpp:74]   --->   Operation 7 'bitconcatenate' 'shl_ln74_1' <Predicate = true> <Delay = 0.00>
ST_1 : Operation 8 [1/1] (0.00ns)   --->   "%zext_ln74_1 = zext i10 %shl_ln74_1" [src/conv2.cpp:74]   --->   Operation 8 'zext' 'zext_ln74_1' <Predicate = true> <Delay = 0.00>
ST_1 : Operation 9 [1/1] (0.87ns)   --->   "%sub_ln74 = sub i19 %zext_ln74, i19 %zext_ln74_1" [src/conv2.cpp:74]   --->   Operation 9 'sub' 'sub_ln74' <Predicate = true> <Delay = 0.87> <CoreInst = "Adder">   --->   Core 1 'Adder' <Latency = 0> <II = 1> <Delay = 0.87> <FuncUnit> <Opcode : 'add' 'sub'> <InPorts = 2> <OutPorts = 1>
ST_1 : Operation 10 [2/2] (0.81ns)   --->   "%call_ln74 = call void @load_input_buffer_c2_Pipeline_BH, i32 %i2, i64 %input_ftmap_read, i19 %sub_ln74, i32 %p_ZZ5conv2PA255_A255_8ap_fixedILi32ELi3EL9ap_q_mode5EL9ap_o_mode3ELi0EEPA64_A1_A1_34, i32 %p_ZZ5conv2PA255_A255_8ap_fixedILi32ELi3EL9ap_q_mode5EL9ap_o_mode3ELi0EEPA64_A1_A1_33, i32 %p_ZZ5conv2PA255_A255_8ap_fixedILi32ELi3EL9ap_q_mode5EL9ap_o_mode3ELi0EEPA64_A1_A1_27, i32 %p_ZZ5conv2PA255_A255_8ap_fixedILi32ELi3EL9ap_q_mode5EL9ap_o_mode3ELi0EEPA64_A1_A1_26, i32 %p_ZZ5conv2PA255_A255_8ap_fixedILi32ELi3EL9ap_q_mode5EL9ap_o_mode3ELi0EEPA64_A1_A1_25, i32 %p_ZZ5conv2PA255_A255_8ap_fixedILi32ELi3EL9ap_q_mode5EL9ap_o_mode3ELi0EEPA64_A1_A1_24, i32 %p_ZZ5conv2PA255_A255_8ap_fixedILi32ELi3EL9ap_q_mode5EL9ap_o_mode3ELi0EEPA64_A1_A1_23, i32 %p_ZZ5conv2PA255_A255_8ap_fixedILi32ELi3EL9ap_q_mode5EL9ap_o_mode3ELi0EEPA64_A1_A1_22, i32 %p_ZZ5conv2PA255_A255_8ap_fixedILi32ELi3EL9ap_q_mode5EL9ap_o_mode3ELi0EEPA64_A1_A1_21, i32 %p_ZZ5conv2PA255_A255_8ap_fixedILi32ELi3EL9ap_q_mode5EL9ap_o_mode3ELi0EEPA64_A1_A1_20, i32 %p_ZZ5conv2PA255_A255_8ap_fixedILi32ELi3EL9ap_q_mode5EL9ap_o_mode3ELi0EEPA64_A1_A1_32, i32 %p_ZZ5conv2PA255_A255_8ap_fixedILi32ELi3EL9ap_q_mode5EL9ap_o_mode3ELi0EEPA64_A1_A1_31, i32 %p_ZZ5conv2PA255_A255_8ap_fixedILi32ELi3EL9ap_q_mode5EL9ap_o_mode3ELi0EEPA64_A1_A1_30, i32 %p_ZZ5conv2PA255_A255_8ap_fixedILi32ELi3EL9ap_q_mode5EL9ap_o_mode3ELi0EEPA64_A1_A1_29, i32 %p_ZZ5conv2PA255_A255_8ap_fixedILi32ELi3EL9ap_q_mode5EL9ap_o_mode3ELi0EEPA64_A1_A1_28, i32 %p_ZZ5conv2PA255_A255_8ap_fixedILi32ELi3EL9ap_q_mode5EL9ap_o_mode3ELi0EEPA64_A1_A1_19, i32 %p_ZZ5conv2PA255_A255_8ap_fixedILi32ELi3EL9ap_q_mode5EL9ap_o_mode3ELi0EEPA64_A1_A1_18, i32 %p_ZZ5conv2PA255_A255_8ap_fixedILi32ELi3EL9ap_q_mode5EL9ap_o_mode3ELi0EEPA64_A1_A1_12, i32 %p_ZZ5conv2PA255_A255_8ap_fixedILi32ELi3EL9ap_q_mode5EL9ap_o_mode3ELi0EEPA64_A1_A1_11, i32 %p_ZZ5conv2PA255_A255_8ap_fixedILi32ELi3EL9ap_q_mode5EL9ap_o_mode3ELi0EEPA64_A1_A1_10, i32 %p_ZZ5conv2PA255_A255_8ap_fixedILi32ELi3EL9ap_q_mode5EL9ap_o_mode3ELi0EEPA64_A1_A1_9, i32 %p_ZZ5conv2PA255_A255_8ap_fixedILi32ELi3EL9ap_q_mode5EL9ap_o_mode3ELi0EEPA64_A1_A1_8, i32 %p_ZZ5conv2PA255_A255_8ap_fixedILi32ELi3EL9ap_q_mode5EL9ap_o_mode3ELi0EEPA64_A1_A1_7, i32 %p_ZZ5conv2PA255_A255_8ap_fixedILi32ELi3EL9ap_q_mode5EL9ap_o_mode3ELi0EEPA64_A1_A1_6, i32 %p_ZZ5conv2PA255_A255_8ap_fixedILi32ELi3EL9ap_q_mode5EL9ap_o_mode3ELi0EEPA64_A1_A1_5, i32 %p_ZZ5conv2PA255_A255_8ap_fixedILi32ELi3EL9ap_q_mode5EL9ap_o_mode3ELi0EEPA64_A1_A1_17, i32 %p_ZZ5conv2PA255_A255_8ap_fixedILi32ELi3EL9ap_q_mode5EL9ap_o_mode3ELi0EEPA64_A1_A1_16, i32 %p_ZZ5conv2PA255_A255_8ap_fixedILi32ELi3EL9ap_q_mode5EL9ap_o_mode3ELi0EEPA64_A1_A1_15, i32 %p_ZZ5conv2PA255_A255_8ap_fixedILi32ELi3EL9ap_q_mode5EL9ap_o_mode3ELi0EEPA64_A1_A1_14, i32 %p_ZZ5conv2PA255_A255_8ap_fixedILi32ELi3EL9ap_q_mode5EL9ap_o_mode3ELi0EEPA64_A1_A1_13" [src/conv2.cpp:74]   --->   Operation 10 'call' 'call_ln74' <Predicate = true> <Delay = 0.81> <CoreType = "Generic">   --->   Core 0 '' <Latency = 0> <II = 1> <Delay = 1.00> <Generic> <Opcode : >

State 2 <SV = 1> <Delay = 0.00>
ST_2 : Operation 11 [1/1] (0.00ns)   --->   "%specmemcore_ln0 = specmemcore void @_ssdm_op_SpecMemCore, i32 %p_ZZ5conv2PA255_A255_8ap_fixedILi32ELi3EL9ap_q_mode5EL9ap_o_mode3ELi0EEPA64_A1_A1_34, i64 666, i64 23, i64 18446744073709551615"   --->   Operation 11 'specmemcore' 'specmemcore_ln0' <Predicate = true> <Delay = 0.00>
ST_2 : Operation 12 [1/1] (0.00ns)   --->   "%specmemcore_ln0 = specmemcore void @_ssdm_op_SpecMemCore, i32 %p_ZZ5conv2PA255_A255_8ap_fixedILi32ELi3EL9ap_q_mode5EL9ap_o_mode3ELi0EEPA64_A1_A1_33, i64 666, i64 23, i64 18446744073709551615"   --->   Operation 12 'specmemcore' 'specmemcore_ln0' <Predicate = true> <Delay = 0.00>
ST_2 : Operation 13 [1/1] (0.00ns)   --->   "%specmemcore_ln0 = specmemcore void @_ssdm_op_SpecMemCore, i32 %p_ZZ5conv2PA255_A255_8ap_fixedILi32ELi3EL9ap_q_mode5EL9ap_o_mode3ELi0EEPA64_A1_A1_27, i64 666, i64 23, i64 18446744073709551615"   --->   Operation 13 'specmemcore' 'specmemcore_ln0' <Predicate = true> <Delay = 0.00>
ST_2 : Operation 14 [1/1] (0.00ns)   --->   "%specmemcore_ln0 = specmemcore void @_ssdm_op_SpecMemCore, i32 %p_ZZ5conv2PA255_A255_8ap_fixedILi32ELi3EL9ap_q_mode5EL9ap_o_mode3ELi0EEPA64_A1_A1_26, i64 666, i64 23, i64 18446744073709551615"   --->   Operation 14 'specmemcore' 'specmemcore_ln0' <Predicate = true> <Delay = 0.00>
ST_2 : Operation 15 [1/1] (0.00ns)   --->   "%specmemcore_ln0 = specmemcore void @_ssdm_op_SpecMemCore, i32 %p_ZZ5conv2PA255_A255_8ap_fixedILi32ELi3EL9ap_q_mode5EL9ap_o_mode3ELi0EEPA64_A1_A1_25, i64 666, i64 23, i64 18446744073709551615"   --->   Operation 15 'specmemcore' 'specmemcore_ln0' <Predicate = true> <Delay = 0.00>
ST_2 : Operation 16 [1/1] (0.00ns)   --->   "%specmemcore_ln0 = specmemcore void @_ssdm_op_SpecMemCore, i32 %p_ZZ5conv2PA255_A255_8ap_fixedILi32ELi3EL9ap_q_mode5EL9ap_o_mode3ELi0EEPA64_A1_A1_24, i64 666, i64 23, i64 18446744073709551615"   --->   Operation 16 'specmemcore' 'specmemcore_ln0' <Predicate = true> <Delay = 0.00>
ST_2 : Operation 17 [1/1] (0.00ns)   --->   "%specmemcore_ln0 = specmemcore void @_ssdm_op_SpecMemCore, i32 %p_ZZ5conv2PA255_A255_8ap_fixedILi32ELi3EL9ap_q_mode5EL9ap_o_mode3ELi0EEPA64_A1_A1_23, i64 666, i64 23, i64 18446744073709551615"   --->   Operation 17 'specmemcore' 'specmemcore_ln0' <Predicate = true> <Delay = 0.00>
ST_2 : Operation 18 [1/1] (0.00ns)   --->   "%specmemcore_ln0 = specmemcore void @_ssdm_op_SpecMemCore, i32 %p_ZZ5conv2PA255_A255_8ap_fixedILi32ELi3EL9ap_q_mode5EL9ap_o_mode3ELi0EEPA64_A1_A1_22, i64 666, i64 23, i64 18446744073709551615"   --->   Operation 18 'specmemcore' 'specmemcore_ln0' <Predicate = true> <Delay = 0.00>
ST_2 : Operation 19 [1/1] (0.00ns)   --->   "%specmemcore_ln0 = specmemcore void @_ssdm_op_SpecMemCore, i32 %p_ZZ5conv2PA255_A255_8ap_fixedILi32ELi3EL9ap_q_mode5EL9ap_o_mode3ELi0EEPA64_A1_A1_21, i64 666, i64 23, i64 18446744073709551615"   --->   Operation 19 'specmemcore' 'specmemcore_ln0' <Predicate = true> <Delay = 0.00>
ST_2 : Operation 20 [1/1] (0.00ns)   --->   "%specmemcore_ln0 = specmemcore void @_ssdm_op_SpecMemCore, i32 %p_ZZ5conv2PA255_A255_8ap_fixedILi32ELi3EL9ap_q_mode5EL9ap_o_mode3ELi0EEPA64_A1_A1_20, i64 666, i64 23, i64 18446744073709551615"   --->   Operation 20 'specmemcore' 'specmemcore_ln0' <Predicate = true> <Delay = 0.00>
ST_2 : Operation 21 [1/1] (0.00ns)   --->   "%specmemcore_ln0 = specmemcore void @_ssdm_op_SpecMemCore, i32 %p_ZZ5conv2PA255_A255_8ap_fixedILi32ELi3EL9ap_q_mode5EL9ap_o_mode3ELi0EEPA64_A1_A1_32, i64 666, i64 23, i64 18446744073709551615"   --->   Operation 21 'specmemcore' 'specmemcore_ln0' <Predicate = true> <Delay = 0.00>
ST_2 : Operation 22 [1/1] (0.00ns)   --->   "%specmemcore_ln0 = specmemcore void @_ssdm_op_SpecMemCore, i32 %p_ZZ5conv2PA255_A255_8ap_fixedILi32ELi3EL9ap_q_mode5EL9ap_o_mode3ELi0EEPA64_A1_A1_31, i64 666, i64 23, i64 18446744073709551615"   --->   Operation 22 'specmemcore' 'specmemcore_ln0' <Predicate = true> <Delay = 0.00>
ST_2 : Operation 23 [1/1] (0.00ns)   --->   "%specmemcore_ln0 = specmemcore void @_ssdm_op_SpecMemCore, i32 %p_ZZ5conv2PA255_A255_8ap_fixedILi32ELi3EL9ap_q_mode5EL9ap_o_mode3ELi0EEPA64_A1_A1_30, i64 666, i64 23, i64 18446744073709551615"   --->   Operation 23 'specmemcore' 'specmemcore_ln0' <Predicate = true> <Delay = 0.00>
ST_2 : Operation 24 [1/1] (0.00ns)   --->   "%specmemcore_ln0 = specmemcore void @_ssdm_op_SpecMemCore, i32 %p_ZZ5conv2PA255_A255_8ap_fixedILi32ELi3EL9ap_q_mode5EL9ap_o_mode3ELi0EEPA64_A1_A1_29, i64 666, i64 23, i64 18446744073709551615"   --->   Operation 24 'specmemcore' 'specmemcore_ln0' <Predicate = true> <Delay = 0.00>
ST_2 : Operation 25 [1/1] (0.00ns)   --->   "%specmemcore_ln0 = specmemcore void @_ssdm_op_SpecMemCore, i32 %p_ZZ5conv2PA255_A255_8ap_fixedILi32ELi3EL9ap_q_mode5EL9ap_o_mode3ELi0EEPA64_A1_A1_28, i64 666, i64 23, i64 18446744073709551615"   --->   Operation 25 'specmemcore' 'specmemcore_ln0' <Predicate = true> <Delay = 0.00>
ST_2 : Operation 26 [1/1] (0.00ns)   --->   "%specmemcore_ln0 = specmemcore void @_ssdm_op_SpecMemCore, i32 %p_ZZ5conv2PA255_A255_8ap_fixedILi32ELi3EL9ap_q_mode5EL9ap_o_mode3ELi0EEPA64_A1_A1_19, i64 666, i64 23, i64 18446744073709551615"   --->   Operation 26 'specmemcore' 'specmemcore_ln0' <Predicate = true> <Delay = 0.00>
ST_2 : Operation 27 [1/1] (0.00ns)   --->   "%specmemcore_ln0 = specmemcore void @_ssdm_op_SpecMemCore, i32 %p_ZZ5conv2PA255_A255_8ap_fixedILi32ELi3EL9ap_q_mode5EL9ap_o_mode3ELi0EEPA64_A1_A1_18, i64 666, i64 23, i64 18446744073709551615"   --->   Operation 27 'specmemcore' 'specmemcore_ln0' <Predicate = true> <Delay = 0.00>
ST_2 : Operation 28 [1/1] (0.00ns)   --->   "%specmemcore_ln0 = specmemcore void @_ssdm_op_SpecMemCore, i32 %p_ZZ5conv2PA255_A255_8ap_fixedILi32ELi3EL9ap_q_mode5EL9ap_o_mode3ELi0EEPA64_A1_A1_12, i64 666, i64 23, i64 18446744073709551615"   --->   Operation 28 'specmemcore' 'specmemcore_ln0' <Predicate = true> <Delay = 0.00>
ST_2 : Operation 29 [1/1] (0.00ns)   --->   "%specmemcore_ln0 = specmemcore void @_ssdm_op_SpecMemCore, i32 %p_ZZ5conv2PA255_A255_8ap_fixedILi32ELi3EL9ap_q_mode5EL9ap_o_mode3ELi0EEPA64_A1_A1_11, i64 666, i64 23, i64 18446744073709551615"   --->   Operation 29 'specmemcore' 'specmemcore_ln0' <Predicate = true> <Delay = 0.00>
ST_2 : Operation 30 [1/1] (0.00ns)   --->   "%specmemcore_ln0 = specmemcore void @_ssdm_op_SpecMemCore, i32 %p_ZZ5conv2PA255_A255_8ap_fixedILi32ELi3EL9ap_q_mode5EL9ap_o_mode3ELi0EEPA64_A1_A1_10, i64 666, i64 23, i64 18446744073709551615"   --->   Operation 30 'specmemcore' 'specmemcore_ln0' <Predicate = true> <Delay = 0.00>
ST_2 : Operation 31 [1/1] (0.00ns)   --->   "%specmemcore_ln0 = specmemcore void @_ssdm_op_SpecMemCore, i32 %p_ZZ5conv2PA255_A255_8ap_fixedILi32ELi3EL9ap_q_mode5EL9ap_o_mode3ELi0EEPA64_A1_A1_9, i64 666, i64 23, i64 18446744073709551615"   --->   Operation 31 'specmemcore' 'specmemcore_ln0' <Predicate = true> <Delay = 0.00>
ST_2 : Operation 32 [1/1] (0.00ns)   --->   "%specmemcore_ln0 = specmemcore void @_ssdm_op_SpecMemCore, i32 %p_ZZ5conv2PA255_A255_8ap_fixedILi32ELi3EL9ap_q_mode5EL9ap_o_mode3ELi0EEPA64_A1_A1_8, i64 666, i64 23, i64 18446744073709551615"   --->   Operation 32 'specmemcore' 'specmemcore_ln0' <Predicate = true> <Delay = 0.00>
ST_2 : Operation 33 [1/1] (0.00ns)   --->   "%specmemcore_ln0 = specmemcore void @_ssdm_op_SpecMemCore, i32 %p_ZZ5conv2PA255_A255_8ap_fixedILi32ELi3EL9ap_q_mode5EL9ap_o_mode3ELi0EEPA64_A1_A1_7, i64 666, i64 23, i64 18446744073709551615"   --->   Operation 33 'specmemcore' 'specmemcore_ln0' <Predicate = true> <Delay = 0.00>
ST_2 : Operation 34 [1/1] (0.00ns)   --->   "%specmemcore_ln0 = specmemcore void @_ssdm_op_SpecMemCore, i32 %p_ZZ5conv2PA255_A255_8ap_fixedILi32ELi3EL9ap_q_mode5EL9ap_o_mode3ELi0EEPA64_A1_A1_6, i64 666, i64 23, i64 18446744073709551615"   --->   Operation 34 'specmemcore' 'specmemcore_ln0' <Predicate = true> <Delay = 0.00>
ST_2 : Operation 35 [1/1] (0.00ns)   --->   "%specmemcore_ln0 = specmemcore void @_ssdm_op_SpecMemCore, i32 %p_ZZ5conv2PA255_A255_8ap_fixedILi32ELi3EL9ap_q_mode5EL9ap_o_mode3ELi0EEPA64_A1_A1_5, i64 666, i64 23, i64 18446744073709551615"   --->   Operation 35 'specmemcore' 'specmemcore_ln0' <Predicate = true> <Delay = 0.00>
ST_2 : Operation 36 [1/1] (0.00ns)   --->   "%specmemcore_ln0 = specmemcore void @_ssdm_op_SpecMemCore, i32 %p_ZZ5conv2PA255_A255_8ap_fixedILi32ELi3EL9ap_q_mode5EL9ap_o_mode3ELi0EEPA64_A1_A1_17, i64 666, i64 23, i64 18446744073709551615"   --->   Operation 36 'specmemcore' 'specmemcore_ln0' <Predicate = true> <Delay = 0.00>
ST_2 : Operation 37 [1/1] (0.00ns)   --->   "%specmemcore_ln0 = specmemcore void @_ssdm_op_SpecMemCore, i32 %p_ZZ5conv2PA255_A255_8ap_fixedILi32ELi3EL9ap_q_mode5EL9ap_o_mode3ELi0EEPA64_A1_A1_16, i64 666, i64 23, i64 18446744073709551615"   --->   Operation 37 'specmemcore' 'specmemcore_ln0' <Predicate = true> <Delay = 0.00>
ST_2 : Operation 38 [1/1] (0.00ns)   --->   "%specmemcore_ln0 = specmemcore void @_ssdm_op_SpecMemCore, i32 %p_ZZ5conv2PA255_A255_8ap_fixedILi32ELi3EL9ap_q_mode5EL9ap_o_mode3ELi0EEPA64_A1_A1_15, i64 666, i64 23, i64 18446744073709551615"   --->   Operation 38 'specmemcore' 'specmemcore_ln0' <Predicate = true> <Delay = 0.00>
ST_2 : Operation 39 [1/1] (0.00ns)   --->   "%specmemcore_ln0 = specmemcore void @_ssdm_op_SpecMemCore, i32 %p_ZZ5conv2PA255_A255_8ap_fixedILi32ELi3EL9ap_q_mode5EL9ap_o_mode3ELi0EEPA64_A1_A1_14, i64 666, i64 23, i64 18446744073709551615"   --->   Operation 39 'specmemcore' 'specmemcore_ln0' <Predicate = true> <Delay = 0.00>
ST_2 : Operation 40 [1/1] (0.00ns)   --->   "%specmemcore_ln0 = specmemcore void @_ssdm_op_SpecMemCore, i32 %p_ZZ5conv2PA255_A255_8ap_fixedILi32ELi3EL9ap_q_mode5EL9ap_o_mode3ELi0EEPA64_A1_A1_13, i64 666, i64 23, i64 18446744073709551615"   --->   Operation 40 'specmemcore' 'specmemcore_ln0' <Predicate = true> <Delay = 0.00>
ST_2 : Operation 41 [1/1] (0.00ns)   --->   "%specinterface_ln0 = specinterface void @_ssdm_op_SpecInterface, i32 %i2, void @empty_0, i32 0, i32 0, void @empty_2, i32 0, i32 512, void @empty_25, void @empty_33, void @empty_2, i32 16, i32 16, i32 256, i32 256, void @empty_2, void @empty_2, i32 4294967295, i32 0"   --->   Operation 41 'specinterface' 'specinterface_ln0' <Predicate = true> <Delay = 0.00>
ST_2 : Operation 42 [1/2] (0.00ns)   --->   "%call_ln74 = call void @load_input_buffer_c2_Pipeline_BH, i32 %i2, i64 %input_ftmap_read, i19 %sub_ln74, i32 %p_ZZ5conv2PA255_A255_8ap_fixedILi32ELi3EL9ap_q_mode5EL9ap_o_mode3ELi0EEPA64_A1_A1_34, i32 %p_ZZ5conv2PA255_A255_8ap_fixedILi32ELi3EL9ap_q_mode5EL9ap_o_mode3ELi0EEPA64_A1_A1_33, i32 %p_ZZ5conv2PA255_A255_8ap_fixedILi32ELi3EL9ap_q_mode5EL9ap_o_mode3ELi0EEPA64_A1_A1_27, i32 %p_ZZ5conv2PA255_A255_8ap_fixedILi32ELi3EL9ap_q_mode5EL9ap_o_mode3ELi0EEPA64_A1_A1_26, i32 %p_ZZ5conv2PA255_A255_8ap_fixedILi32ELi3EL9ap_q_mode5EL9ap_o_mode3ELi0EEPA64_A1_A1_25, i32 %p_ZZ5conv2PA255_A255_8ap_fixedILi32ELi3EL9ap_q_mode5EL9ap_o_mode3ELi0EEPA64_A1_A1_24, i32 %p_ZZ5conv2PA255_A255_8ap_fixedILi32ELi3EL9ap_q_mode5EL9ap_o_mode3ELi0EEPA64_A1_A1_23, i32 %p_ZZ5conv2PA255_A255_8ap_fixedILi32ELi3EL9ap_q_mode5EL9ap_o_mode3ELi0EEPA64_A1_A1_22, i32 %p_ZZ5conv2PA255_A255_8ap_fixedILi32ELi3EL9ap_q_mode5EL9ap_o_mode3ELi0EEPA64_A1_A1_21, i32 %p_ZZ5conv2PA255_A255_8ap_fixedILi32ELi3EL9ap_q_mode5EL9ap_o_mode3ELi0EEPA64_A1_A1_20, i32 %p_ZZ5conv2PA255_A255_8ap_fixedILi32ELi3EL9ap_q_mode5EL9ap_o_mode3ELi0EEPA64_A1_A1_32, i32 %p_ZZ5conv2PA255_A255_8ap_fixedILi32ELi3EL9ap_q_mode5EL9ap_o_mode3ELi0EEPA64_A1_A1_31, i32 %p_ZZ5conv2PA255_A255_8ap_fixedILi32ELi3EL9ap_q_mode5EL9ap_o_mode3ELi0EEPA64_A1_A1_30, i32 %p_ZZ5conv2PA255_A255_8ap_fixedILi32ELi3EL9ap_q_mode5EL9ap_o_mode3ELi0EEPA64_A1_A1_29, i32 %p_ZZ5conv2PA255_A255_8ap_fixedILi32ELi3EL9ap_q_mode5EL9ap_o_mode3ELi0EEPA64_A1_A1_28, i32 %p_ZZ5conv2PA255_A255_8ap_fixedILi32ELi3EL9ap_q_mode5EL9ap_o_mode3ELi0EEPA64_A1_A1_19, i32 %p_ZZ5conv2PA255_A255_8ap_fixedILi32ELi3EL9ap_q_mode5EL9ap_o_mode3ELi0EEPA64_A1_A1_18, i32 %p_ZZ5conv2PA255_A255_8ap_fixedILi32ELi3EL9ap_q_mode5EL9ap_o_mode3ELi0EEPA64_A1_A1_12, i32 %p_ZZ5conv2PA255_A255_8ap_fixedILi32ELi3EL9ap_q_mode5EL9ap_o_mode3ELi0EEPA64_A1_A1_11, i32 %p_ZZ5conv2PA255_A255_8ap_fixedILi32ELi3EL9ap_q_mode5EL9ap_o_mode3ELi0EEPA64_A1_A1_10, i32 %p_ZZ5conv2PA255_A255_8ap_fixedILi32ELi3EL9ap_q_mode5EL9ap_o_mode3ELi0EEPA64_A1_A1_9, i32 %p_ZZ5conv2PA255_A255_8ap_fixedILi32ELi3EL9ap_q_mode5EL9ap_o_mode3ELi0EEPA64_A1_A1_8, i32 %p_ZZ5conv2PA255_A255_8ap_fixedILi32ELi3EL9ap_q_mode5EL9ap_o_mode3ELi0EEPA64_A1_A1_7, i32 %p_ZZ5conv2PA255_A255_8ap_fixedILi32ELi3EL9ap_q_mode5EL9ap_o_mode3ELi0EEPA64_A1_A1_6, i32 %p_ZZ5conv2PA255_A255_8ap_fixedILi32ELi3EL9ap_q_mode5EL9ap_o_mode3ELi0EEPA64_A1_A1_5, i32 %p_ZZ5conv2PA255_A255_8ap_fixedILi32ELi3EL9ap_q_mode5EL9ap_o_mode3ELi0EEPA64_A1_A1_17, i32 %p_ZZ5conv2PA255_A255_8ap_fixedILi32ELi3EL9ap_q_mode5EL9ap_o_mode3ELi0EEPA64_A1_A1_16, i32 %p_ZZ5conv2PA255_A255_8ap_fixedILi32ELi3EL9ap_q_mode5EL9ap_o_mode3ELi0EEPA64_A1_A1_15, i32 %p_ZZ5conv2PA255_A255_8ap_fixedILi32ELi3EL9ap_q_mode5EL9ap_o_mode3ELi0EEPA64_A1_A1_14, i32 %p_ZZ5conv2PA255_A255_8ap_fixedILi32ELi3EL9ap_q_mode5EL9ap_o_mode3ELi0EEPA64_A1_A1_13" [src/conv2.cpp:74]   --->   Operation 42 'call' 'call_ln74' <Predicate = true> <Delay = 0.00> <CoreType = "Generic">   --->   Core 0 '' <Latency = 0> <II = 1> <Delay = 1.00> <Generic> <Opcode : >
ST_2 : Operation 43 [1/1] (0.00ns)   --->   "%ret_ln81 = ret" [src/conv2.cpp:81]   --->   Operation 43 'ret' 'ret_ln81' <Predicate = true> <Delay = 0.00>


============================================================
+ Verbose Summary: Binding
============================================================
STG Binding: 
---------------- STG Properties BEGIN ----------------
- Is combinational: 0
- Is one-state seq: 0
- Is datapath-only: 0
- Is pipelined: 0
- Is top level: 0
Port [ Return ] is wired: 1; IO mode=ap_ctrl_hs:ce=0
Port [ i2]:  wired=1; compound=1; hidden=0; nouse=0; global=0; static=0; extern=0; dir=0; type=4; pingpong=0; private_global=0; IO mode=m_axi:ce=0
Port [ input_ftmap]:  wired=1; compound=0; hidden=0; nouse=0; global=0; static=0; extern=0; dir=0; type=0; pingpong=0; private_global=0; IO mode=ap_none:ce=0
Port [ h]:  wired=1; compound=0; hidden=0; nouse=0; global=0; static=0; extern=0; dir=0; type=0; pingpong=0; private_global=0; IO mode=ap_none:ce=0
Port [ p_ZZ5conv2PA255_A255_8ap_fixedILi32ELi3EL9ap_q_mode5EL9ap_o_mode3ELi0EEPA64_A1_A1_34]:  wired=1; compound=1; hidden=0; nouse=0; global=1; static=1; extern=0; dir=1; type=1; pingpong=0; private_global=0; MemPort=[30]; IO mode=ap_memory:ce=0
Port [ p_ZZ5conv2PA255_A255_8ap_fixedILi32ELi3EL9ap_q_mode5EL9ap_o_mode3ELi0EEPA64_A1_A1_33]:  wired=1; compound=1; hidden=0; nouse=0; global=1; static=1; extern=0; dir=1; type=1; pingpong=0; private_global=0; MemPort=[30]; IO mode=ap_memory:ce=0
Port [ p_ZZ5conv2PA255_A255_8ap_fixedILi32ELi3EL9ap_q_mode5EL9ap_o_mode3ELi0EEPA64_A1_A1_27]:  wired=1; compound=1; hidden=0; nouse=0; global=1; static=1; extern=0; dir=1; type=1; pingpong=0; private_global=0; MemPort=[30]; IO mode=ap_memory:ce=0
Port [ p_ZZ5conv2PA255_A255_8ap_fixedILi32ELi3EL9ap_q_mode5EL9ap_o_mode3ELi0EEPA64_A1_A1_26]:  wired=1; compound=1; hidden=0; nouse=0; global=1; static=1; extern=0; dir=1; type=1; pingpong=0; private_global=0; MemPort=[30]; IO mode=ap_memory:ce=0
Port [ p_ZZ5conv2PA255_A255_8ap_fixedILi32ELi3EL9ap_q_mode5EL9ap_o_mode3ELi0EEPA64_A1_A1_25]:  wired=1; compound=1; hidden=0; nouse=0; global=1; static=1; extern=0; dir=1; type=1; pingpong=0; private_global=0; MemPort=[30]; IO mode=ap_memory:ce=0
Port [ p_ZZ5conv2PA255_A255_8ap_fixedILi32ELi3EL9ap_q_mode5EL9ap_o_mode3ELi0EEPA64_A1_A1_24]:  wired=1; compound=1; hidden=0; nouse=0; global=1; static=1; extern=0; dir=1; type=1; pingpong=0; private_global=0; MemPort=[30]; IO mode=ap_memory:ce=0
Port [ p_ZZ5conv2PA255_A255_8ap_fixedILi32ELi3EL9ap_q_mode5EL9ap_o_mode3ELi0EEPA64_A1_A1_23]:  wired=1; compound=1; hidden=0; nouse=0; global=1; static=1; extern=0; dir=1; type=1; pingpong=0; private_global=0; MemPort=[30]; IO mode=ap_memory:ce=0
Port [ p_ZZ5conv2PA255_A255_8ap_fixedILi32ELi3EL9ap_q_mode5EL9ap_o_mode3ELi0EEPA64_A1_A1_22]:  wired=1; compound=1; hidden=0; nouse=0; global=1; static=1; extern=0; dir=1; type=1; pingpong=0; private_global=0; MemPort=[30]; IO mode=ap_memory:ce=0
Port [ p_ZZ5conv2PA255_A255_8ap_fixedILi32ELi3EL9ap_q_mode5EL9ap_o_mode3ELi0EEPA64_A1_A1_21]:  wired=1; compound=1; hidden=0; nouse=0; global=1; static=1; extern=0; dir=1; type=1; pingpong=0; private_global=0; MemPort=[30]; IO mode=ap_memory:ce=0
Port [ p_ZZ5conv2PA255_A255_8ap_fixedILi32ELi3EL9ap_q_mode5EL9ap_o_mode3ELi0EEPA64_A1_A1_20]:  wired=1; compound=1; hidden=0; nouse=0; global=1; static=1; extern=0; dir=1; type=1; pingpong=0; private_global=0; MemPort=[30]; IO mode=ap_memory:ce=0
Port [ p_ZZ5conv2PA255_A255_8ap_fixedILi32ELi3EL9ap_q_mode5EL9ap_o_mode3ELi0EEPA64_A1_A1_32]:  wired=1; compound=1; hidden=0; nouse=0; global=1; static=1; extern=0; dir=1; type=1; pingpong=0; private_global=0; MemPort=[30]; IO mode=ap_memory:ce=0
Port [ p_ZZ5conv2PA255_A255_8ap_fixedILi32ELi3EL9ap_q_mode5EL9ap_o_mode3ELi0EEPA64_A1_A1_31]:  wired=1; compound=1; hidden=0; nouse=0; global=1; static=1; extern=0; dir=1; type=1; pingpong=0; private_global=0; MemPort=[30]; IO mode=ap_memory:ce=0
Port [ p_ZZ5conv2PA255_A255_8ap_fixedILi32ELi3EL9ap_q_mode5EL9ap_o_mode3ELi0EEPA64_A1_A1_30]:  wired=1; compound=1; hidden=0; nouse=0; global=1; static=1; extern=0; dir=1; type=1; pingpong=0; private_global=0; MemPort=[30]; IO mode=ap_memory:ce=0
Port [ p_ZZ5conv2PA255_A255_8ap_fixedILi32ELi3EL9ap_q_mode5EL9ap_o_mode3ELi0EEPA64_A1_A1_29]:  wired=1; compound=1; hidden=0; nouse=0; global=1; static=1; extern=0; dir=1; type=1; pingpong=0; private_global=0; MemPort=[30]; IO mode=ap_memory:ce=0
Port [ p_ZZ5conv2PA255_A255_8ap_fixedILi32ELi3EL9ap_q_mode5EL9ap_o_mode3ELi0EEPA64_A1_A1_28]:  wired=1; compound=1; hidden=0; nouse=0; global=1; static=1; extern=0; dir=1; type=1; pingpong=0; private_global=0; MemPort=[30]; IO mode=ap_memory:ce=0
Port [ p_ZZ5conv2PA255_A255_8ap_fixedILi32ELi3EL9ap_q_mode5EL9ap_o_mode3ELi0EEPA64_A1_A1_19]:  wired=1; compound=1; hidden=0; nouse=0; global=1; static=1; extern=0; dir=1; type=1; pingpong=0; private_global=0; MemPort=[30]; IO mode=ap_memory:ce=0
Port [ p_ZZ5conv2PA255_A255_8ap_fixedILi32ELi3EL9ap_q_mode5EL9ap_o_mode3ELi0EEPA64_A1_A1_18]:  wired=1; compound=1; hidden=0; nouse=0; global=1; static=1; extern=0; dir=1; type=1; pingpong=0; private_global=0; MemPort=[30]; IO mode=ap_memory:ce=0
Port [ p_ZZ5conv2PA255_A255_8ap_fixedILi32ELi3EL9ap_q_mode5EL9ap_o_mode3ELi0EEPA64_A1_A1_12]:  wired=1; compound=1; hidden=0; nouse=0; global=1; static=1; extern=0; dir=1; type=1; pingpong=0; private_global=0; MemPort=[30]; IO mode=ap_memory:ce=0
Port [ p_ZZ5conv2PA255_A255_8ap_fixedILi32ELi3EL9ap_q_mode5EL9ap_o_mode3ELi0EEPA64_A1_A1_11]:  wired=1; compound=1; hidden=0; nouse=0; global=1; static=1; extern=0; dir=1; type=1; pingpong=0; private_global=0; MemPort=[30]; IO mode=ap_memory:ce=0
Port [ p_ZZ5conv2PA255_A255_8ap_fixedILi32ELi3EL9ap_q_mode5EL9ap_o_mode3ELi0EEPA64_A1_A1_10]:  wired=1; compound=1; hidden=0; nouse=0; global=1; static=1; extern=0; dir=1; type=1; pingpong=0; private_global=0; MemPort=[30]; IO mode=ap_memory:ce=0
Port [ p_ZZ5conv2PA255_A255_8ap_fixedILi32ELi3EL9ap_q_mode5EL9ap_o_mode3ELi0EEPA64_A1_A1_9]:  wired=1; compound=1; hidden=0; nouse=0; global=1; static=1; extern=0; dir=1; type=1; pingpong=0; private_global=0; MemPort=[30]; IO mode=ap_memory:ce=0
Port [ p_ZZ5conv2PA255_A255_8ap_fixedILi32ELi3EL9ap_q_mode5EL9ap_o_mode3ELi0EEPA64_A1_A1_8]:  wired=1; compound=1; hidden=0; nouse=0; global=1; static=1; extern=0; dir=1; type=1; pingpong=0; private_global=0; MemPort=[30]; IO mode=ap_memory:ce=0
Port [ p_ZZ5conv2PA255_A255_8ap_fixedILi32ELi3EL9ap_q_mode5EL9ap_o_mode3ELi0EEPA64_A1_A1_7]:  wired=1; compound=1; hidden=0; nouse=0; global=1; static=1; extern=0; dir=1; type=1; pingpong=0; private_global=0; MemPort=[30]; IO mode=ap_memory:ce=0
Port [ p_ZZ5conv2PA255_A255_8ap_fixedILi32ELi3EL9ap_q_mode5EL9ap_o_mode3ELi0EEPA64_A1_A1_6]:  wired=1; compound=1; hidden=0; nouse=0; global=1; static=1; extern=0; dir=1; type=1; pingpong=0; private_global=0; MemPort=[30]; IO mode=ap_memory:ce=0
Port [ p_ZZ5conv2PA255_A255_8ap_fixedILi32ELi3EL9ap_q_mode5EL9ap_o_mode3ELi0EEPA64_A1_A1_5]:  wired=1; compound=1; hidden=0; nouse=0; global=1; static=1; extern=0; dir=1; type=1; pingpong=0; private_global=0; MemPort=[30]; IO mode=ap_memory:ce=0
Port [ p_ZZ5conv2PA255_A255_8ap_fixedILi32ELi3EL9ap_q_mode5EL9ap_o_mode3ELi0EEPA64_A1_A1_17]:  wired=1; compound=1; hidden=0; nouse=0; global=1; static=1; extern=0; dir=1; type=1; pingpong=0; private_global=0; MemPort=[30]; IO mode=ap_memory:ce=0
Port [ p_ZZ5conv2PA255_A255_8ap_fixedILi32ELi3EL9ap_q_mode5EL9ap_o_mode3ELi0EEPA64_A1_A1_16]:  wired=1; compound=1; hidden=0; nouse=0; global=1; static=1; extern=0; dir=1; type=1; pingpong=0; private_global=0; MemPort=[30]; IO mode=ap_memory:ce=0
Port [ p_ZZ5conv2PA255_A255_8ap_fixedILi32ELi3EL9ap_q_mode5EL9ap_o_mode3ELi0EEPA64_A1_A1_15]:  wired=1; compound=1; hidden=0; nouse=0; global=1; static=1; extern=0; dir=1; type=1; pingpong=0; private_global=0; MemPort=[30]; IO mode=ap_memory:ce=0
Port [ p_ZZ5conv2PA255_A255_8ap_fixedILi32ELi3EL9ap_q_mode5EL9ap_o_mode3ELi0EEPA64_A1_A1_14]:  wired=1; compound=1; hidden=0; nouse=0; global=1; static=1; extern=0; dir=1; type=1; pingpong=0; private_global=0; MemPort=[30]; IO mode=ap_memory:ce=0
Port [ p_ZZ5conv2PA255_A255_8ap_fixedILi32ELi3EL9ap_q_mode5EL9ap_o_mode3ELi0EEPA64_A1_A1_13]:  wired=1; compound=1; hidden=0; nouse=0; global=1; static=1; extern=0; dir=1; type=1; pingpong=0; private_global=0; MemPort=[30]; IO mode=ap_memory:ce=0
---------------- STG Properties END ------------------

---------------- Datapath Model BEGIN ----------------

<LifeTime>
<method=bitvector/>
h_read            (read          ) [ 000]
input_ftmap_read  (read          ) [ 001]
shl_ln            (bitconcatenate) [ 000]
zext_ln74         (zext          ) [ 000]
shl_ln74_1        (bitconcatenate) [ 000]
zext_ln74_1       (zext          ) [ 000]
sub_ln74          (sub           ) [ 001]
specmemcore_ln0   (specmemcore   ) [ 000]
specmemcore_ln0   (specmemcore   ) [ 000]
specmemcore_ln0   (specmemcore   ) [ 000]
specmemcore_ln0   (specmemcore   ) [ 000]
specmemcore_ln0   (specmemcore   ) [ 000]
specmemcore_ln0   (specmemcore   ) [ 000]
specmemcore_ln0   (specmemcore   ) [ 000]
specmemcore_ln0   (specmemcore   ) [ 000]
specmemcore_ln0   (specmemcore   ) [ 000]
specmemcore_ln0   (specmemcore   ) [ 000]
specmemcore_ln0   (specmemcore   ) [ 000]
specmemcore_ln0   (specmemcore   ) [ 000]
specmemcore_ln0   (specmemcore   ) [ 000]
specmemcore_ln0   (specmemcore   ) [ 000]
specmemcore_ln0   (specmemcore   ) [ 000]
specmemcore_ln0   (specmemcore   ) [ 000]
specmemcore_ln0   (specmemcore   ) [ 000]
specmemcore_ln0   (specmemcore   ) [ 000]
specmemcore_ln0   (specmemcore   ) [ 000]
specmemcore_ln0   (specmemcore   ) [ 000]
specmemcore_ln0   (specmemcore   ) [ 000]
specmemcore_ln0   (specmemcore   ) [ 000]
specmemcore_ln0   (specmemcore   ) [ 000]
specmemcore_ln0   (specmemcore   ) [ 000]
specmemcore_ln0   (specmemcore   ) [ 000]
specmemcore_ln0   (specmemcore   ) [ 000]
specmemcore_ln0   (specmemcore   ) [ 000]
specmemcore_ln0   (specmemcore   ) [ 000]
specmemcore_ln0   (specmemcore   ) [ 000]
specmemcore_ln0   (specmemcore   ) [ 000]
specinterface_ln0 (specinterface ) [ 000]
call_ln74         (call          ) [ 000]
ret_ln81          (ret           ) [ 000]
</LifeTime>

<model>

<comp_list>
<comp id="0" class="1000" name="i2">
<pin_list>
<pin id="1" dir="1" index="0" bw="1" slack="0"/>
</pin_list>
<bind>
<StgValue><ssdm name="i2"/></StgValue>
</bind>
</comp>

<comp id="2" class="1000" name="input_ftmap">
<pin_list>
<pin id="3" dir="1" index="0" bw="1" slack="0"/>
</pin_list>
<bind>
<StgValue><ssdm name="input_ftmap"/></StgValue>
</bind>
</comp>

<comp id="4" class="1000" name="h">
<pin_list>
<pin id="5" dir="1" index="0" bw="1" slack="0"/>
</pin_list>
<bind>
<StgValue><ssdm name="h"/></StgValue>
</bind>
</comp>

<comp id="6" class="1000" name="p_ZZ5conv2PA255_A255_8ap_fixedILi32ELi3EL9ap_q_mode5EL9ap_o_mode3ELi0EEPA64_A1_A1_34">
<pin_list>
<pin id="7" dir="1" index="0" bw="1" slack="0"/>
</pin_list>
<bind>
<StgValue><ssdm name="p_ZZ5conv2PA255_A255_8ap_fixedILi32ELi3EL9ap_q_mode5EL9ap_o_mode3ELi0EEPA64_A1_A1_34"/><MemPortTyVec>3 0 </MemPortTyVec>
</StgValue>
</bind>
</comp>

<comp id="8" class="1000" name="p_ZZ5conv2PA255_A255_8ap_fixedILi32ELi3EL9ap_q_mode5EL9ap_o_mode3ELi0EEPA64_A1_A1_33">
<pin_list>
<pin id="9" dir="1" index="0" bw="1" slack="0"/>
</pin_list>
<bind>
<StgValue><ssdm name="p_ZZ5conv2PA255_A255_8ap_fixedILi32ELi3EL9ap_q_mode5EL9ap_o_mode3ELi0EEPA64_A1_A1_33"/><MemPortTyVec>3 0 </MemPortTyVec>
</StgValue>
</bind>
</comp>

<comp id="10" class="1000" name="p_ZZ5conv2PA255_A255_8ap_fixedILi32ELi3EL9ap_q_mode5EL9ap_o_mode3ELi0EEPA64_A1_A1_27">
<pin_list>
<pin id="11" dir="1" index="0" bw="1" slack="0"/>
</pin_list>
<bind>
<StgValue><ssdm name="p_ZZ5conv2PA255_A255_8ap_fixedILi32ELi3EL9ap_q_mode5EL9ap_o_mode3ELi0EEPA64_A1_A1_27"/><MemPortTyVec>3 0 </MemPortTyVec>
</StgValue>
</bind>
</comp>

<comp id="12" class="1000" name="p_ZZ5conv2PA255_A255_8ap_fixedILi32ELi3EL9ap_q_mode5EL9ap_o_mode3ELi0EEPA64_A1_A1_26">
<pin_list>
<pin id="13" dir="1" index="0" bw="1" slack="0"/>
</pin_list>
<bind>
<StgValue><ssdm name="p_ZZ5conv2PA255_A255_8ap_fixedILi32ELi3EL9ap_q_mode5EL9ap_o_mode3ELi0EEPA64_A1_A1_26"/><MemPortTyVec>3 0 </MemPortTyVec>
</StgValue>
</bind>
</comp>

<comp id="14" class="1000" name="p_ZZ5conv2PA255_A255_8ap_fixedILi32ELi3EL9ap_q_mode5EL9ap_o_mode3ELi0EEPA64_A1_A1_25">
<pin_list>
<pin id="15" dir="1" index="0" bw="1" slack="0"/>
</pin_list>
<bind>
<StgValue><ssdm name="p_ZZ5conv2PA255_A255_8ap_fixedILi32ELi3EL9ap_q_mode5EL9ap_o_mode3ELi0EEPA64_A1_A1_25"/><MemPortTyVec>3 0 </MemPortTyVec>
</StgValue>
</bind>
</comp>

<comp id="16" class="1000" name="p_ZZ5conv2PA255_A255_8ap_fixedILi32ELi3EL9ap_q_mode5EL9ap_o_mode3ELi0EEPA64_A1_A1_24">
<pin_list>
<pin id="17" dir="1" index="0" bw="1" slack="0"/>
</pin_list>
<bind>
<StgValue><ssdm name="p_ZZ5conv2PA255_A255_8ap_fixedILi32ELi3EL9ap_q_mode5EL9ap_o_mode3ELi0EEPA64_A1_A1_24"/><MemPortTyVec>3 0 </MemPortTyVec>
</StgValue>
</bind>
</comp>

<comp id="18" class="1000" name="p_ZZ5conv2PA255_A255_8ap_fixedILi32ELi3EL9ap_q_mode5EL9ap_o_mode3ELi0EEPA64_A1_A1_23">
<pin_list>
<pin id="19" dir="1" index="0" bw="1" slack="0"/>
</pin_list>
<bind>
<StgValue><ssdm name="p_ZZ5conv2PA255_A255_8ap_fixedILi32ELi3EL9ap_q_mode5EL9ap_o_mode3ELi0EEPA64_A1_A1_23"/><MemPortTyVec>3 0 </MemPortTyVec>
</StgValue>
</bind>
</comp>

<comp id="20" class="1000" name="p_ZZ5conv2PA255_A255_8ap_fixedILi32ELi3EL9ap_q_mode5EL9ap_o_mode3ELi0EEPA64_A1_A1_22">
<pin_list>
<pin id="21" dir="1" index="0" bw="1" slack="0"/>
</pin_list>
<bind>
<StgValue><ssdm name="p_ZZ5conv2PA255_A255_8ap_fixedILi32ELi3EL9ap_q_mode5EL9ap_o_mode3ELi0EEPA64_A1_A1_22"/><MemPortTyVec>3 0 </MemPortTyVec>
</StgValue>
</bind>
</comp>

<comp id="22" class="1000" name="p_ZZ5conv2PA255_A255_8ap_fixedILi32ELi3EL9ap_q_mode5EL9ap_o_mode3ELi0EEPA64_A1_A1_21">
<pin_list>
<pin id="23" dir="1" index="0" bw="1" slack="0"/>
</pin_list>
<bind>
<StgValue><ssdm name="p_ZZ5conv2PA255_A255_8ap_fixedILi32ELi3EL9ap_q_mode5EL9ap_o_mode3ELi0EEPA64_A1_A1_21"/><MemPortTyVec>3 0 </MemPortTyVec>
</StgValue>
</bind>
</comp>

<comp id="24" class="1000" name="p_ZZ5conv2PA255_A255_8ap_fixedILi32ELi3EL9ap_q_mode5EL9ap_o_mode3ELi0EEPA64_A1_A1_20">
<pin_list>
<pin id="25" dir="1" index="0" bw="1" slack="0"/>
</pin_list>
<bind>
<StgValue><ssdm name="p_ZZ5conv2PA255_A255_8ap_fixedILi32ELi3EL9ap_q_mode5EL9ap_o_mode3ELi0EEPA64_A1_A1_20"/><MemPortTyVec>3 0 </MemPortTyVec>
</StgValue>
</bind>
</comp>

<comp id="26" class="1000" name="p_ZZ5conv2PA255_A255_8ap_fixedILi32ELi3EL9ap_q_mode5EL9ap_o_mode3ELi0EEPA64_A1_A1_32">
<pin_list>
<pin id="27" dir="1" index="0" bw="1" slack="0"/>
</pin_list>
<bind>
<StgValue><ssdm name="p_ZZ5conv2PA255_A255_8ap_fixedILi32ELi3EL9ap_q_mode5EL9ap_o_mode3ELi0EEPA64_A1_A1_32"/><MemPortTyVec>3 0 </MemPortTyVec>
</StgValue>
</bind>
</comp>

<comp id="28" class="1000" name="p_ZZ5conv2PA255_A255_8ap_fixedILi32ELi3EL9ap_q_mode5EL9ap_o_mode3ELi0EEPA64_A1_A1_31">
<pin_list>
<pin id="29" dir="1" index="0" bw="1" slack="0"/>
</pin_list>
<bind>
<StgValue><ssdm name="p_ZZ5conv2PA255_A255_8ap_fixedILi32ELi3EL9ap_q_mode5EL9ap_o_mode3ELi0EEPA64_A1_A1_31"/><MemPortTyVec>3 0 </MemPortTyVec>
</StgValue>
</bind>
</comp>

<comp id="30" class="1000" name="p_ZZ5conv2PA255_A255_8ap_fixedILi32ELi3EL9ap_q_mode5EL9ap_o_mode3ELi0EEPA64_A1_A1_30">
<pin_list>
<pin id="31" dir="1" index="0" bw="1" slack="0"/>
</pin_list>
<bind>
<StgValue><ssdm name="p_ZZ5conv2PA255_A255_8ap_fixedILi32ELi3EL9ap_q_mode5EL9ap_o_mode3ELi0EEPA64_A1_A1_30"/><MemPortTyVec>3 0 </MemPortTyVec>
</StgValue>
</bind>
</comp>

<comp id="32" class="1000" name="p_ZZ5conv2PA255_A255_8ap_fixedILi32ELi3EL9ap_q_mode5EL9ap_o_mode3ELi0EEPA64_A1_A1_29">
<pin_list>
<pin id="33" dir="1" index="0" bw="1" slack="0"/>
</pin_list>
<bind>
<StgValue><ssdm name="p_ZZ5conv2PA255_A255_8ap_fixedILi32ELi3EL9ap_q_mode5EL9ap_o_mode3ELi0EEPA64_A1_A1_29"/><MemPortTyVec>3 0 </MemPortTyVec>
</StgValue>
</bind>
</comp>

<comp id="34" class="1000" name="p_ZZ5conv2PA255_A255_8ap_fixedILi32ELi3EL9ap_q_mode5EL9ap_o_mode3ELi0EEPA64_A1_A1_28">
<pin_list>
<pin id="35" dir="1" index="0" bw="1" slack="0"/>
</pin_list>
<bind>
<StgValue><ssdm name="p_ZZ5conv2PA255_A255_8ap_fixedILi32ELi3EL9ap_q_mode5EL9ap_o_mode3ELi0EEPA64_A1_A1_28"/><MemPortTyVec>3 0 </MemPortTyVec>
</StgValue>
</bind>
</comp>

<comp id="36" class="1000" name="p_ZZ5conv2PA255_A255_8ap_fixedILi32ELi3EL9ap_q_mode5EL9ap_o_mode3ELi0EEPA64_A1_A1_19">
<pin_list>
<pin id="37" dir="1" index="0" bw="1" slack="0"/>
</pin_list>
<bind>
<StgValue><ssdm name="p_ZZ5conv2PA255_A255_8ap_fixedILi32ELi3EL9ap_q_mode5EL9ap_o_mode3ELi0EEPA64_A1_A1_19"/><MemPortTyVec>3 0 </MemPortTyVec>
</StgValue>
</bind>
</comp>

<comp id="38" class="1000" name="p_ZZ5conv2PA255_A255_8ap_fixedILi32ELi3EL9ap_q_mode5EL9ap_o_mode3ELi0EEPA64_A1_A1_18">
<pin_list>
<pin id="39" dir="1" index="0" bw="1" slack="0"/>
</pin_list>
<bind>
<StgValue><ssdm name="p_ZZ5conv2PA255_A255_8ap_fixedILi32ELi3EL9ap_q_mode5EL9ap_o_mode3ELi0EEPA64_A1_A1_18"/><MemPortTyVec>3 0 </MemPortTyVec>
</StgValue>
</bind>
</comp>

<comp id="40" class="1000" name="p_ZZ5conv2PA255_A255_8ap_fixedILi32ELi3EL9ap_q_mode5EL9ap_o_mode3ELi0EEPA64_A1_A1_12">
<pin_list>
<pin id="41" dir="1" index="0" bw="1" slack="0"/>
</pin_list>
<bind>
<StgValue><ssdm name="p_ZZ5conv2PA255_A255_8ap_fixedILi32ELi3EL9ap_q_mode5EL9ap_o_mode3ELi0EEPA64_A1_A1_12"/><MemPortTyVec>3 0 </MemPortTyVec>
</StgValue>
</bind>
</comp>

<comp id="42" class="1000" name="p_ZZ5conv2PA255_A255_8ap_fixedILi32ELi3EL9ap_q_mode5EL9ap_o_mode3ELi0EEPA64_A1_A1_11">
<pin_list>
<pin id="43" dir="1" index="0" bw="1" slack="0"/>
</pin_list>
<bind>
<StgValue><ssdm name="p_ZZ5conv2PA255_A255_8ap_fixedILi32ELi3EL9ap_q_mode5EL9ap_o_mode3ELi0EEPA64_A1_A1_11"/><MemPortTyVec>3 0 </MemPortTyVec>
</StgValue>
</bind>
</comp>

<comp id="44" class="1000" name="p_ZZ5conv2PA255_A255_8ap_fixedILi32ELi3EL9ap_q_mode5EL9ap_o_mode3ELi0EEPA64_A1_A1_10">
<pin_list>
<pin id="45" dir="1" index="0" bw="1" slack="0"/>
</pin_list>
<bind>
<StgValue><ssdm name="p_ZZ5conv2PA255_A255_8ap_fixedILi32ELi3EL9ap_q_mode5EL9ap_o_mode3ELi0EEPA64_A1_A1_10"/><MemPortTyVec>3 0 </MemPortTyVec>
</StgValue>
</bind>
</comp>

<comp id="46" class="1000" name="p_ZZ5conv2PA255_A255_8ap_fixedILi32ELi3EL9ap_q_mode5EL9ap_o_mode3ELi0EEPA64_A1_A1_9">
<pin_list>
<pin id="47" dir="1" index="0" bw="1" slack="0"/>
</pin_list>
<bind>
<StgValue><ssdm name="p_ZZ5conv2PA255_A255_8ap_fixedILi32ELi3EL9ap_q_mode5EL9ap_o_mode3ELi0EEPA64_A1_A1_9"/><MemPortTyVec>3 0 </MemPortTyVec>
</StgValue>
</bind>
</comp>

<comp id="48" class="1000" name="p_ZZ5conv2PA255_A255_8ap_fixedILi32ELi3EL9ap_q_mode5EL9ap_o_mode3ELi0EEPA64_A1_A1_8">
<pin_list>
<pin id="49" dir="1" index="0" bw="1" slack="0"/>
</pin_list>
<bind>
<StgValue><ssdm name="p_ZZ5conv2PA255_A255_8ap_fixedILi32ELi3EL9ap_q_mode5EL9ap_o_mode3ELi0EEPA64_A1_A1_8"/><MemPortTyVec>3 0 </MemPortTyVec>
</StgValue>
</bind>
</comp>

<comp id="50" class="1000" name="p_ZZ5conv2PA255_A255_8ap_fixedILi32ELi3EL9ap_q_mode5EL9ap_o_mode3ELi0EEPA64_A1_A1_7">
<pin_list>
<pin id="51" dir="1" index="0" bw="1" slack="0"/>
</pin_list>
<bind>
<StgValue><ssdm name="p_ZZ5conv2PA255_A255_8ap_fixedILi32ELi3EL9ap_q_mode5EL9ap_o_mode3ELi0EEPA64_A1_A1_7"/><MemPortTyVec>3 0 </MemPortTyVec>
</StgValue>
</bind>
</comp>

<comp id="52" class="1000" name="p_ZZ5conv2PA255_A255_8ap_fixedILi32ELi3EL9ap_q_mode5EL9ap_o_mode3ELi0EEPA64_A1_A1_6">
<pin_list>
<pin id="53" dir="1" index="0" bw="1" slack="0"/>
</pin_list>
<bind>
<StgValue><ssdm name="p_ZZ5conv2PA255_A255_8ap_fixedILi32ELi3EL9ap_q_mode5EL9ap_o_mode3ELi0EEPA64_A1_A1_6"/><MemPortTyVec>3 0 </MemPortTyVec>
</StgValue>
</bind>
</comp>

<comp id="54" class="1000" name="p_ZZ5conv2PA255_A255_8ap_fixedILi32ELi3EL9ap_q_mode5EL9ap_o_mode3ELi0EEPA64_A1_A1_5">
<pin_list>
<pin id="55" dir="1" index="0" bw="1" slack="0"/>
</pin_list>
<bind>
<StgValue><ssdm name="p_ZZ5conv2PA255_A255_8ap_fixedILi32ELi3EL9ap_q_mode5EL9ap_o_mode3ELi0EEPA64_A1_A1_5"/><MemPortTyVec>3 0 </MemPortTyVec>
</StgValue>
</bind>
</comp>

<comp id="56" class="1000" name="p_ZZ5conv2PA255_A255_8ap_fixedILi32ELi3EL9ap_q_mode5EL9ap_o_mode3ELi0EEPA64_A1_A1_17">
<pin_list>
<pin id="57" dir="1" index="0" bw="1" slack="0"/>
</pin_list>
<bind>
<StgValue><ssdm name="p_ZZ5conv2PA255_A255_8ap_fixedILi32ELi3EL9ap_q_mode5EL9ap_o_mode3ELi0EEPA64_A1_A1_17"/><MemPortTyVec>3 0 </MemPortTyVec>
</StgValue>
</bind>
</comp>

<comp id="58" class="1000" name="p_ZZ5conv2PA255_A255_8ap_fixedILi32ELi3EL9ap_q_mode5EL9ap_o_mode3ELi0EEPA64_A1_A1_16">
<pin_list>
<pin id="59" dir="1" index="0" bw="1" slack="0"/>
</pin_list>
<bind>
<StgValue><ssdm name="p_ZZ5conv2PA255_A255_8ap_fixedILi32ELi3EL9ap_q_mode5EL9ap_o_mode3ELi0EEPA64_A1_A1_16"/><MemPortTyVec>3 0 </MemPortTyVec>
</StgValue>
</bind>
</comp>

<comp id="60" class="1000" name="p_ZZ5conv2PA255_A255_8ap_fixedILi32ELi3EL9ap_q_mode5EL9ap_o_mode3ELi0EEPA64_A1_A1_15">
<pin_list>
<pin id="61" dir="1" index="0" bw="1" slack="0"/>
</pin_list>
<bind>
<StgValue><ssdm name="p_ZZ5conv2PA255_A255_8ap_fixedILi32ELi3EL9ap_q_mode5EL9ap_o_mode3ELi0EEPA64_A1_A1_15"/><MemPortTyVec>3 0 </MemPortTyVec>
</StgValue>
</bind>
</comp>

<comp id="62" class="1000" name="p_ZZ5conv2PA255_A255_8ap_fixedILi32ELi3EL9ap_q_mode5EL9ap_o_mode3ELi0EEPA64_A1_A1_14">
<pin_list>
<pin id="63" dir="1" index="0" bw="1" slack="0"/>
</pin_list>
<bind>
<StgValue><ssdm name="p_ZZ5conv2PA255_A255_8ap_fixedILi32ELi3EL9ap_q_mode5EL9ap_o_mode3ELi0EEPA64_A1_A1_14"/><MemPortTyVec>3 0 </MemPortTyVec>
</StgValue>
</bind>
</comp>

<comp id="64" class="1000" name="p_ZZ5conv2PA255_A255_8ap_fixedILi32ELi3EL9ap_q_mode5EL9ap_o_mode3ELi0EEPA64_A1_A1_13">
<pin_list>
<pin id="65" dir="1" index="0" bw="1" slack="0"/>
</pin_list>
<bind>
<StgValue><ssdm name="p_ZZ5conv2PA255_A255_8ap_fixedILi32ELi3EL9ap_q_mode5EL9ap_o_mode3ELi0EEPA64_A1_A1_13"/><MemPortTyVec>3 0 </MemPortTyVec>
</StgValue>
</bind>
</comp>

<comp id="66" class="1001" name="const_66">
<pin_list>
<pin id="67" dir="1" index="0" bw="1" slack="0"/>
</pin_list>
<bind>
<StgValue><ssdm name="_ssdm_op_Read.ap_auto.i8"/></StgValue>
</bind>
</comp>

<comp id="68" class="1001" name="const_68">
<pin_list>
<pin id="69" dir="1" index="0" bw="1" slack="0"/>
</pin_list>
<bind>
<StgValue><ssdm name="_ssdm_op_Read.ap_auto.i64"/></StgValue>
</bind>
</comp>

<comp id="70" class="1001" name="const_70">
<pin_list>
<pin id="71" dir="1" index="0" bw="1" slack="0"/>
</pin_list>
<bind>
<StgValue><ssdm name="_ssdm_op_BitConcatenate.i18.i8.i10"/></StgValue>
</bind>
</comp>

<comp id="72" class="1001" name="const_72">
<pin_list>
<pin id="73" dir="1" index="0" bw="1" slack="0"/>
</pin_list>
<bind>
<StgValue><ssdm name=""/></StgValue>
</bind>
</comp>

<comp id="74" class="1001" name="const_74">
<pin_list>
<pin id="75" dir="1" index="0" bw="1" slack="0"/>
</pin_list>
<bind>
<StgValue><ssdm name="_ssdm_op_BitConcatenate.i10.i8.i2"/></StgValue>
</bind>
</comp>

<comp id="76" class="1001" name="const_76">
<pin_list>
<pin id="77" dir="1" index="0" bw="1" slack="0"/>
</pin_list>
<bind>
<StgValue><ssdm name=""/></StgValue>
</bind>
</comp>

<comp id="78" class="1001" name="const_78">
<pin_list>
<pin id="79" dir="1" index="0" bw="1" slack="0"/>
</pin_list>
<bind>
<StgValue><ssdm name="load_input_buffer_c2_Pipeline_BH"/></StgValue>
</bind>
</comp>

<comp id="80" class="1001" name="const_80">
<pin_list>
<pin id="81" dir="1" index="0" bw="1" slack="2147483647"/>
</pin_list>
<bind>
<StgValue><ssdm name="_ssdm_op_SpecMemCore"/></StgValue>
</bind>
</comp>

<comp id="82" class="1001" name="const_82">
<pin_list>
<pin id="83" dir="1" index="0" bw="1" slack="2147483647"/>
</pin_list>
<bind>
<StgValue><ssdm name=""/></StgValue>
</bind>
</comp>

<comp id="84" class="1001" name="const_84">
<pin_list>
<pin id="85" dir="1" index="0" bw="1" slack="2147483647"/>
</pin_list>
<bind>
<StgValue><ssdm name=""/></StgValue>
</bind>
</comp>

<comp id="86" class="1001" name="const_86">
<pin_list>
<pin id="87" dir="1" index="0" bw="1" slack="2147483647"/>
</pin_list>
<bind>
<StgValue><ssdm name=""/></StgValue>
</bind>
</comp>

<comp id="88" class="1001" name="const_88">
<pin_list>
<pin id="89" dir="1" index="0" bw="1" slack="2147483647"/>
</pin_list>
<bind>
<StgValue><ssdm name="_ssdm_op_SpecInterface"/></StgValue>
</bind>
</comp>

<comp id="90" class="1001" name="const_90">
<pin_list>
<pin id="91" dir="1" index="0" bw="1" slack="2147483647"/>
</pin_list>
<bind>
<StgValue><ssdm name="empty_0"/></StgValue>
</bind>
</comp>

<comp id="92" class="1001" name="const_92">
<pin_list>
<pin id="93" dir="1" index="0" bw="1" slack="2147483647"/>
</pin_list>
<bind>
<StgValue><ssdm name=""/></StgValue>
</bind>
</comp>

<comp id="94" class="1001" name="const_94">
<pin_list>
<pin id="95" dir="1" index="0" bw="1" slack="2147483647"/>
</pin_list>
<bind>
<StgValue><ssdm name="empty_2"/></StgValue>
</bind>
</comp>

<comp id="96" class="1001" name="const_96">
<pin_list>
<pin id="97" dir="1" index="0" bw="1" slack="2147483647"/>
</pin_list>
<bind>
<StgValue><ssdm name=""/></StgValue>
</bind>
</comp>

<comp id="98" class="1001" name="const_98">
<pin_list>
<pin id="99" dir="1" index="0" bw="1" slack="2147483647"/>
</pin_list>
<bind>
<StgValue><ssdm name="empty_25"/></StgValue>
</bind>
</comp>

<comp id="100" class="1001" name="const_100">
<pin_list>
<pin id="101" dir="1" index="0" bw="1" slack="2147483647"/>
</pin_list>
<bind>
<StgValue><ssdm name="empty_33"/></StgValue>
</bind>
</comp>

<comp id="102" class="1001" name="const_102">
<pin_list>
<pin id="103" dir="1" index="0" bw="1" slack="2147483647"/>
</pin_list>
<bind>
<StgValue><ssdm name=""/></StgValue>
</bind>
</comp>

<comp id="104" class="1001" name="const_104">
<pin_list>
<pin id="105" dir="1" index="0" bw="1" slack="2147483647"/>
</pin_list>
<bind>
<StgValue><ssdm name=""/></StgValue>
</bind>
</comp>

<comp id="106" class="1001" name="const_106">
<pin_list>
<pin id="107" dir="1" index="0" bw="1" slack="2147483647"/>
</pin_list>
<bind>
<StgValue><ssdm name=""/></StgValue>
</bind>
</comp>

<comp id="108" class="1004" name="h_read_read_fu_108">
<pin_list>
<pin id="109" dir="0" index="0" bw="8" slack="0"/>
<pin id="110" dir="0" index="1" bw="8" slack="0"/>
<pin id="111" dir="1" index="2" bw="8" slack="0"/>
</pin_list>
<bind>
<opcode="read(1150) " fcode="read"/>
<opset="h_read/1 "/>
</bind>
</comp>

<comp id="114" class="1004" name="input_ftmap_read_read_fu_114">
<pin_list>
<pin id="115" dir="0" index="0" bw="64" slack="0"/>
<pin id="116" dir="0" index="1" bw="64" slack="0"/>
<pin id="117" dir="1" index="2" bw="64" slack="0"/>
</pin_list>
<bind>
<opcode="read(1150) " fcode="read"/>
<opset="input_ftmap_read/1 "/>
</bind>
</comp>

<comp id="120" class="1004" name="grp_load_input_buffer_c2_Pipeline_BH_fu_120">
<pin_list>
<pin id="121" dir="0" index="0" bw="0" slack="0"/>
<pin id="122" dir="0" index="1" bw="32" slack="0"/>
<pin id="123" dir="0" index="2" bw="64" slack="0"/>
<pin id="124" dir="0" index="3" bw="19" slack="0"/>
<pin id="125" dir="0" index="4" bw="32" slack="0"/>
<pin id="126" dir="0" index="5" bw="32" slack="0"/>
<pin id="127" dir="0" index="6" bw="32" slack="0"/>
<pin id="128" dir="0" index="7" bw="32" slack="0"/>
<pin id="129" dir="0" index="8" bw="32" slack="0"/>
<pin id="130" dir="0" index="9" bw="32" slack="0"/>
<pin id="131" dir="0" index="10" bw="32" slack="0"/>
<pin id="132" dir="0" index="11" bw="32" slack="0"/>
<pin id="133" dir="0" index="12" bw="32" slack="0"/>
<pin id="134" dir="0" index="13" bw="32" slack="0"/>
<pin id="135" dir="0" index="14" bw="32" slack="0"/>
<pin id="136" dir="0" index="15" bw="32" slack="0"/>
<pin id="137" dir="0" index="16" bw="32" slack="0"/>
<pin id="138" dir="0" index="17" bw="32" slack="0"/>
<pin id="139" dir="0" index="18" bw="32" slack="0"/>
<pin id="140" dir="0" index="19" bw="32" slack="0"/>
<pin id="141" dir="0" index="20" bw="32" slack="0"/>
<pin id="142" dir="0" index="21" bw="32" slack="0"/>
<pin id="143" dir="0" index="22" bw="32" slack="0"/>
<pin id="144" dir="0" index="23" bw="32" slack="0"/>
<pin id="145" dir="0" index="24" bw="32" slack="0"/>
<pin id="146" dir="0" index="25" bw="32" slack="0"/>
<pin id="147" dir="0" index="26" bw="32" slack="0"/>
<pin id="148" dir="0" index="27" bw="32" slack="0"/>
<pin id="149" dir="0" index="28" bw="32" slack="0"/>
<pin id="150" dir="0" index="29" bw="32" slack="0"/>
<pin id="151" dir="0" index="30" bw="32" slack="0"/>
<pin id="152" dir="0" index="31" bw="32" slack="0"/>
<pin id="153" dir="0" index="32" bw="32" slack="0"/>
<pin id="154" dir="0" index="33" bw="32" slack="0"/>
<pin id="155" dir="1" index="34" bw="0" slack="2147483647"/>
</pin_list>
<bind>
<opcode="call(48) " fcode="call"/>
<opset="call_ln74/1 "/>
</bind>
</comp>

<comp id="189" class="1004" name="shl_ln_fu_189">
<pin_list>
<pin id="190" dir="0" index="0" bw="18" slack="0"/>
<pin id="191" dir="0" index="1" bw="8" slack="0"/>
<pin id="192" dir="0" index="2" bw="1" slack="0"/>
<pin id="193" dir="1" index="3" bw="18" slack="0"/>
</pin_list>
<bind>
<opcode="bitconcatenate(1004) " fcode="bitconcatenate"/>
<opset="shl_ln/1 "/>
</bind>
</comp>

<comp id="197" class="1004" name="zext_ln74_fu_197">
<pin_list>
<pin id="198" dir="0" index="0" bw="18" slack="0"/>
<pin id="199" dir="1" index="1" bw="19" slack="0"/>
</pin_list>
<bind>
<opcode="zext(34) " fcode="zext"/>
<opset="zext_ln74/1 "/>
</bind>
</comp>

<comp id="201" class="1004" name="shl_ln74_1_fu_201">
<pin_list>
<pin id="202" dir="0" index="0" bw="10" slack="0"/>
<pin id="203" dir="0" index="1" bw="8" slack="0"/>
<pin id="204" dir="0" index="2" bw="1" slack="0"/>
<pin id="205" dir="1" index="3" bw="10" slack="0"/>
</pin_list>
<bind>
<opcode="bitconcatenate(1004) " fcode="bitconcatenate"/>
<opset="shl_ln74_1/1 "/>
</bind>
</comp>

<comp id="209" class="1004" name="zext_ln74_1_fu_209">
<pin_list>
<pin id="210" dir="0" index="0" bw="10" slack="0"/>
<pin id="211" dir="1" index="1" bw="19" slack="0"/>
</pin_list>
<bind>
<opcode="zext(34) " fcode="zext"/>
<opset="zext_ln74_1/1 "/>
</bind>
</comp>

<comp id="213" class="1004" name="sub_ln74_fu_213">
<pin_list>
<pin id="214" dir="0" index="0" bw="18" slack="0"/>
<pin id="215" dir="0" index="1" bw="10" slack="0"/>
<pin id="216" dir="1" index="2" bw="19" slack="0"/>
</pin_list>
<bind>
<opcode="sub(10) " fcode="sub"/>
<opset="sub_ln74/1 "/>
</bind>
</comp>

<comp id="220" class="1005" name="input_ftmap_read_reg_220">
<pin_list>
<pin id="221" dir="0" index="0" bw="64" slack="1"/>
<pin id="222" dir="1" index="1" bw="64" slack="1"/>
</pin_list>
<bind>
<opset="input_ftmap_read "/>
</bind>
</comp>

<comp id="225" class="1005" name="sub_ln74_reg_225">
<pin_list>
<pin id="226" dir="0" index="0" bw="19" slack="1"/>
<pin id="227" dir="1" index="1" bw="19" slack="1"/>
</pin_list>
<bind>
<opset="sub_ln74 "/>
</bind>
</comp>

</comp_list>

<net_list>
<net id="112"><net_src comp="66" pin="0"/><net_sink comp="108" pin=0"/></net>

<net id="113"><net_src comp="4" pin="0"/><net_sink comp="108" pin=1"/></net>

<net id="118"><net_src comp="68" pin="0"/><net_sink comp="114" pin=0"/></net>

<net id="119"><net_src comp="2" pin="0"/><net_sink comp="114" pin=1"/></net>

<net id="156"><net_src comp="78" pin="0"/><net_sink comp="120" pin=0"/></net>

<net id="157"><net_src comp="0" pin="0"/><net_sink comp="120" pin=1"/></net>

<net id="158"><net_src comp="114" pin="2"/><net_sink comp="120" pin=2"/></net>

<net id="159"><net_src comp="6" pin="0"/><net_sink comp="120" pin=4"/></net>

<net id="160"><net_src comp="8" pin="0"/><net_sink comp="120" pin=5"/></net>

<net id="161"><net_src comp="10" pin="0"/><net_sink comp="120" pin=6"/></net>

<net id="162"><net_src comp="12" pin="0"/><net_sink comp="120" pin=7"/></net>

<net id="163"><net_src comp="14" pin="0"/><net_sink comp="120" pin=8"/></net>

<net id="164"><net_src comp="16" pin="0"/><net_sink comp="120" pin=9"/></net>

<net id="165"><net_src comp="18" pin="0"/><net_sink comp="120" pin=10"/></net>

<net id="166"><net_src comp="20" pin="0"/><net_sink comp="120" pin=11"/></net>

<net id="167"><net_src comp="22" pin="0"/><net_sink comp="120" pin=12"/></net>

<net id="168"><net_src comp="24" pin="0"/><net_sink comp="120" pin=13"/></net>

<net id="169"><net_src comp="26" pin="0"/><net_sink comp="120" pin=14"/></net>

<net id="170"><net_src comp="28" pin="0"/><net_sink comp="120" pin=15"/></net>

<net id="171"><net_src comp="30" pin="0"/><net_sink comp="120" pin=16"/></net>

<net id="172"><net_src comp="32" pin="0"/><net_sink comp="120" pin=17"/></net>

<net id="173"><net_src comp="34" pin="0"/><net_sink comp="120" pin=18"/></net>

<net id="174"><net_src comp="36" pin="0"/><net_sink comp="120" pin=19"/></net>

<net id="175"><net_src comp="38" pin="0"/><net_sink comp="120" pin=20"/></net>

<net id="176"><net_src comp="40" pin="0"/><net_sink comp="120" pin=21"/></net>

<net id="177"><net_src comp="42" pin="0"/><net_sink comp="120" pin=22"/></net>

<net id="178"><net_src comp="44" pin="0"/><net_sink comp="120" pin=23"/></net>

<net id="179"><net_src comp="46" pin="0"/><net_sink comp="120" pin=24"/></net>

<net id="180"><net_src comp="48" pin="0"/><net_sink comp="120" pin=25"/></net>

<net id="181"><net_src comp="50" pin="0"/><net_sink comp="120" pin=26"/></net>

<net id="182"><net_src comp="52" pin="0"/><net_sink comp="120" pin=27"/></net>

<net id="183"><net_src comp="54" pin="0"/><net_sink comp="120" pin=28"/></net>

<net id="184"><net_src comp="56" pin="0"/><net_sink comp="120" pin=29"/></net>

<net id="185"><net_src comp="58" pin="0"/><net_sink comp="120" pin=30"/></net>

<net id="186"><net_src comp="60" pin="0"/><net_sink comp="120" pin=31"/></net>

<net id="187"><net_src comp="62" pin="0"/><net_sink comp="120" pin=32"/></net>

<net id="188"><net_src comp="64" pin="0"/><net_sink comp="120" pin=33"/></net>

<net id="194"><net_src comp="70" pin="0"/><net_sink comp="189" pin=0"/></net>

<net id="195"><net_src comp="108" pin="2"/><net_sink comp="189" pin=1"/></net>

<net id="196"><net_src comp="72" pin="0"/><net_sink comp="189" pin=2"/></net>

<net id="200"><net_src comp="189" pin="3"/><net_sink comp="197" pin=0"/></net>

<net id="206"><net_src comp="74" pin="0"/><net_sink comp="201" pin=0"/></net>

<net id="207"><net_src comp="108" pin="2"/><net_sink comp="201" pin=1"/></net>

<net id="208"><net_src comp="76" pin="0"/><net_sink comp="201" pin=2"/></net>

<net id="212"><net_src comp="201" pin="3"/><net_sink comp="209" pin=0"/></net>

<net id="217"><net_src comp="197" pin="1"/><net_sink comp="213" pin=0"/></net>

<net id="218"><net_src comp="209" pin="1"/><net_sink comp="213" pin=1"/></net>

<net id="219"><net_src comp="213" pin="2"/><net_sink comp="120" pin=3"/></net>

<net id="223"><net_src comp="114" pin="2"/><net_sink comp="220" pin=0"/></net>

<net id="224"><net_src comp="220" pin="1"/><net_sink comp="120" pin=2"/></net>

<net id="228"><net_src comp="213" pin="2"/><net_sink comp="225" pin=0"/></net>

<net id="229"><net_src comp="225" pin="1"/><net_sink comp="120" pin=3"/></net>

</net_list>

</model> 
---------------- Datapath Model END ------------------

* FSMD analyzer results:
  - Output states:
	Port: p_ZZ5conv2PA255_A255_8ap_fixedILi32ELi3EL9ap_q_mode5EL9ap_o_mode3ELi0EEPA64_A1_A1_34 | {1 2 }
	Port: p_ZZ5conv2PA255_A255_8ap_fixedILi32ELi3EL9ap_q_mode5EL9ap_o_mode3ELi0EEPA64_A1_A1_33 | {1 2 }
	Port: p_ZZ5conv2PA255_A255_8ap_fixedILi32ELi3EL9ap_q_mode5EL9ap_o_mode3ELi0EEPA64_A1_A1_27 | {1 2 }
	Port: p_ZZ5conv2PA255_A255_8ap_fixedILi32ELi3EL9ap_q_mode5EL9ap_o_mode3ELi0EEPA64_A1_A1_26 | {1 2 }
	Port: p_ZZ5conv2PA255_A255_8ap_fixedILi32ELi3EL9ap_q_mode5EL9ap_o_mode3ELi0EEPA64_A1_A1_25 | {1 2 }
	Port: p_ZZ5conv2PA255_A255_8ap_fixedILi32ELi3EL9ap_q_mode5EL9ap_o_mode3ELi0EEPA64_A1_A1_24 | {1 2 }
	Port: p_ZZ5conv2PA255_A255_8ap_fixedILi32ELi3EL9ap_q_mode5EL9ap_o_mode3ELi0EEPA64_A1_A1_23 | {1 2 }
	Port: p_ZZ5conv2PA255_A255_8ap_fixedILi32ELi3EL9ap_q_mode5EL9ap_o_mode3ELi0EEPA64_A1_A1_22 | {1 2 }
	Port: p_ZZ5conv2PA255_A255_8ap_fixedILi32ELi3EL9ap_q_mode5EL9ap_o_mode3ELi0EEPA64_A1_A1_21 | {1 2 }
	Port: p_ZZ5conv2PA255_A255_8ap_fixedILi32ELi3EL9ap_q_mode5EL9ap_o_mode3ELi0EEPA64_A1_A1_20 | {1 2 }
	Port: p_ZZ5conv2PA255_A255_8ap_fixedILi32ELi3EL9ap_q_mode5EL9ap_o_mode3ELi0EEPA64_A1_A1_32 | {1 2 }
	Port: p_ZZ5conv2PA255_A255_8ap_fixedILi32ELi3EL9ap_q_mode5EL9ap_o_mode3ELi0EEPA64_A1_A1_31 | {1 2 }
	Port: p_ZZ5conv2PA255_A255_8ap_fixedILi32ELi3EL9ap_q_mode5EL9ap_o_mode3ELi0EEPA64_A1_A1_30 | {1 2 }
	Port: p_ZZ5conv2PA255_A255_8ap_fixedILi32ELi3EL9ap_q_mode5EL9ap_o_mode3ELi0EEPA64_A1_A1_29 | {1 2 }
	Port: p_ZZ5conv2PA255_A255_8ap_fixedILi32ELi3EL9ap_q_mode5EL9ap_o_mode3ELi0EEPA64_A1_A1_28 | {1 2 }
	Port: p_ZZ5conv2PA255_A255_8ap_fixedILi32ELi3EL9ap_q_mode5EL9ap_o_mode3ELi0EEPA64_A1_A1_19 | {1 2 }
	Port: p_ZZ5conv2PA255_A255_8ap_fixedILi32ELi3EL9ap_q_mode5EL9ap_o_mode3ELi0EEPA64_A1_A1_18 | {1 2 }
	Port: p_ZZ5conv2PA255_A255_8ap_fixedILi32ELi3EL9ap_q_mode5EL9ap_o_mode3ELi0EEPA64_A1_A1_12 | {1 2 }
	Port: p_ZZ5conv2PA255_A255_8ap_fixedILi32ELi3EL9ap_q_mode5EL9ap_o_mode3ELi0EEPA64_A1_A1_11 | {1 2 }
	Port: p_ZZ5conv2PA255_A255_8ap_fixedILi32ELi3EL9ap_q_mode5EL9ap_o_mode3ELi0EEPA64_A1_A1_10 | {1 2 }
	Port: p_ZZ5conv2PA255_A255_8ap_fixedILi32ELi3EL9ap_q_mode5EL9ap_o_mode3ELi0EEPA64_A1_A1_9 | {1 2 }
	Port: p_ZZ5conv2PA255_A255_8ap_fixedILi32ELi3EL9ap_q_mode5EL9ap_o_mode3ELi0EEPA64_A1_A1_8 | {1 2 }
	Port: p_ZZ5conv2PA255_A255_8ap_fixedILi32ELi3EL9ap_q_mode5EL9ap_o_mode3ELi0EEPA64_A1_A1_7 | {1 2 }
	Port: p_ZZ5conv2PA255_A255_8ap_fixedILi32ELi3EL9ap_q_mode5EL9ap_o_mode3ELi0EEPA64_A1_A1_6 | {1 2 }
	Port: p_ZZ5conv2PA255_A255_8ap_fixedILi32ELi3EL9ap_q_mode5EL9ap_o_mode3ELi0EEPA64_A1_A1_5 | {1 2 }
	Port: p_ZZ5conv2PA255_A255_8ap_fixedILi32ELi3EL9ap_q_mode5EL9ap_o_mode3ELi0EEPA64_A1_A1_17 | {1 2 }
	Port: p_ZZ5conv2PA255_A255_8ap_fixedILi32ELi3EL9ap_q_mode5EL9ap_o_mode3ELi0EEPA64_A1_A1_16 | {1 2 }
	Port: p_ZZ5conv2PA255_A255_8ap_fixedILi32ELi3EL9ap_q_mode5EL9ap_o_mode3ELi0EEPA64_A1_A1_15 | {1 2 }
	Port: p_ZZ5conv2PA255_A255_8ap_fixedILi32ELi3EL9ap_q_mode5EL9ap_o_mode3ELi0EEPA64_A1_A1_14 | {1 2 }
	Port: p_ZZ5conv2PA255_A255_8ap_fixedILi32ELi3EL9ap_q_mode5EL9ap_o_mode3ELi0EEPA64_A1_A1_13 | {1 2 }
 - Input state : 
	Port: load_input_buffer_c2 : i2 | {1 2 }
	Port: load_input_buffer_c2 : input_ftmap | {1 }
	Port: load_input_buffer_c2 : h | {1 }
  - Chain level:
	State 1
		zext_ln74 : 1
		zext_ln74_1 : 1
		sub_ln74 : 2
		call_ln74 : 3
	State 2


============================================================
+ Verbose Summary: Datapath Resource usage 
============================================================

* Functional unit list:
|----------|---------------------------------------------|---------|---------|---------|---------|
| Operation|               Functional Unit               |   DSP   |  Delay  |    FF   |   LUT   |
|----------|---------------------------------------------|---------|---------|---------|---------|
|   call   | grp_load_input_buffer_c2_Pipeline_BH_fu_120 |    1    |  23.407 |   2103  |   2969  |
|----------|---------------------------------------------|---------|---------|---------|---------|
|    sub   |               sub_ln74_fu_213               |    0    |    0    |    0    |    25   |
|----------|---------------------------------------------|---------|---------|---------|---------|
|   read   |              h_read_read_fu_108             |    0    |    0    |    0    |    0    |
|          |         input_ftmap_read_read_fu_114        |    0    |    0    |    0    |    0    |
|----------|---------------------------------------------|---------|---------|---------|---------|
|bitconcatenate|                shl_ln_fu_189                |    0    |    0    |    0    |    0    |
|          |              shl_ln74_1_fu_201              |    0    |    0    |    0    |    0    |
|----------|---------------------------------------------|---------|---------|---------|---------|
|   zext   |               zext_ln74_fu_197              |    0    |    0    |    0    |    0    |
|          |              zext_ln74_1_fu_209             |    0    |    0    |    0    |    0    |
|----------|---------------------------------------------|---------|---------|---------|---------|
|   Total  |                                             |    1    |  23.407 |   2103  |   2994  |
|----------|---------------------------------------------|---------|---------|---------|---------|

Memories:
N/A

* Register list:
+------------------------+--------+
|                        |   FF   |
+------------------------+--------+
|input_ftmap_read_reg_220|   64   |
|    sub_ln74_reg_225    |   19   |
+------------------------+--------+
|          Total         |   83   |
+------------------------+--------+

* Multiplexer (MUX) list: 
|---------------------------------------------|------|------|------|--------||---------||---------|
|                     Comp                    |  Pin | Size |  BW  | S x BW ||  Delay  ||   LUT   |
|---------------------------------------------|------|------|------|--------||---------||---------|
| grp_load_input_buffer_c2_Pipeline_BH_fu_120 |  p2  |   2  |  64  |   128  ||    9    |
| grp_load_input_buffer_c2_Pipeline_BH_fu_120 |  p3  |   2  |  19  |   38   ||    9    |
|---------------------------------------------|------|------|------|--------||---------||---------|
|                    Total                    |      |      |      |   166  ||  0.854  ||    18   |
|---------------------------------------------|------|------|------|--------||---------||---------|



* Summary:
+-----------+--------+--------+--------+--------+
|           |   DSP  |  Delay |   FF   |   LUT  |
+-----------+--------+--------+--------+--------+
|  Function |    1   |   23   |  2103  |  2994  |
|   Memory  |    -   |    -   |    -   |    -   |
|Multiplexer|    -   |    0   |    -   |   18   |
|  Register |    -   |    -   |   83   |    -   |
+-----------+--------+--------+--------+--------+
|   Total   |    1   |   24   |  2186  |  3012  |
+-----------+--------+--------+--------+--------+
