

================================================================
== Vitis HLS Report for 'load_input_buffer_c2'
================================================================
* Date:           Fri Nov  3 02:32:02 2023

* Version:        2023.1 (Build 3854077 on May  4 2023)
* Project:        srcnn_hls
* Solution:       solution1 (Vivado IP Flow Target)
* Product family: zynquplus
* Target device:  xck24-ubva530-2LV-c


================================================================
== Performance Estimates
================================================================
+ Timing: 
    * Summary: 
    +--------+----------+----------+------------+
    |  Clock |  Target  | Estimated| Uncertainty|
    +--------+----------+----------+------------+
    |ap_clk  |  10.00 ns|  7.300 ns|     2.70 ns|
    +--------+----------+----------+------------+

+ Latency: 
    * Summary: 
    +---------+---------+----------+----------+-------+-------+---------+
    |  Latency (cycles) |  Latency (absolute) |    Interval   | Pipeline|
    |   min   |   max   |    min   |    max   |  min  |  max  |   Type  |
    +---------+---------+----------+----------+-------+-------+---------+
    |    49163|    49163|  0.492 ms|  0.492 ms|  49163|  49163|       no|
    +---------+---------+----------+----------+-------+-------+---------+

    + Detail: 
        * Instance: 
        N/A

        * Loop: 
        N/A

============================================================
+ Verbose Summary: Synthesis Manager
============================================================
InlineROM: 1
ExposeGlobal: 0
============================================================
+ Verbose Summary: CDFG Model
============================================================
IsTopModel: 0
ResetActiveHigh: 1
IsCombinational: 0
IsDatapathOnly: 0
HasWiredReturn: 1
HasMFsm: 0
HasVarLatency: 1
IsPipeline: 0
IsRtlPipelined: 0
IsInstanceOverlapped: 0
IsDontTouch: 0
HasImplIP: 0
IsGatedGlobalClock: 0


============================================================
+ Verbose Summary: Schedule
============================================================
* Number of FSM states : 2
* Pipeline : 0
* Dataflow Pipeline: 0

* FSM state transitions: 
1 --> 2 
2 --> 

* FSM state operations: 

State 1 <SV = 0> <Delay = 1.69>
ST_1 : Operation 3 [1/1] (0.00ns)   --->   "%h_read = read i8 @_ssdm_op_Read.ap_auto.i8, i8 %h"   --->   Operation 3 'read' 'h_read' <Predicate = true> <Delay = 0.00>
ST_1 : Operation 4 [1/1] (0.00ns)   --->   "%input_ftmap_read = read i64 @_ssdm_op_Read.ap_auto.i64, i64 %input_ftmap"   --->   Operation 4 'read' 'input_ftmap_read' <Predicate = true> <Delay = 0.00>
ST_1 : Operation 5 [1/1] (0.00ns)   --->   "%shl_ln = bitconcatenate i18 @_ssdm_op_BitConcatenate.i18.i8.i10, i8 %h_read, i10 0" [src/conv2.cpp:74]   --->   Operation 5 'bitconcatenate' 'shl_ln' <Predicate = true> <Delay = 0.00>
ST_1 : Operation 6 [1/1] (0.00ns)   --->   "%zext_ln74 = zext i18 %shl_ln" [src/conv2.cpp:74]   --->   Operation 6 'zext' 'zext_ln74' <Predicate = true> <Delay = 0.00>
ST_1 : Operation 7 [1/1] (0.00ns)   --->   "%shl_ln74_1 = bitconcatenate i10 @_ssdm_op_BitConcatenate.i10.i8.i2, i8 %h_read, i2 0" [src/conv2.cpp:74]   --->   Operation 7 'bitconcatenate' 'shl_ln74_1' <Predicate = true> <Delay = 0.00>
ST_1 : Operation 8 [1/1] (0.00ns)   --->   "%zext_ln74_1 = zext i10 %shl_ln74_1" [src/conv2.cpp:74]   --->   Operation 8 'zext' 'zext_ln74_1' <Predicate = true> <Delay = 0.00>
ST_1 : Operation 9 [1/1] (0.87ns)   --->   "%sub_ln74 = sub i19 %zext_ln74, i19 %zext_ln74_1" [src/conv2.cpp:74]   --->   Operation 9 'sub' 'sub_ln74' <Predicate = true> <Delay = 0.87> <CoreInst = "Adder">   --->   Core 1 'Adder' <Latency = 0> <II = 1> <Delay = 0.87> <FuncUnit> <Opcode : 'add' 'sub'> <InPorts = 2> <OutPorts = 1>
ST_1 : Operation 10 [2/2] (0.81ns)   --->   "%call_ln74 = call void @load_input_buffer_c2_Pipeline_BH, i32 %i2, i64 %input_ftmap_read, i19 %sub_ln74, i32 %p_ZZ5conv2PA255_A255_8ap_fixedILi32ELi3EL9ap_q_mode5EL9ap_o_mode3ELi0EEPA64_A1_A1_34, i32 %p_ZZ5conv2PA255_A255_8ap_fixedILi32ELi3EL9ap_q_mode5EL9ap_o_mode3ELi0EEPA64_A1_A1_33, i32 %p_ZZ5conv2PA255_A255_8ap_fixedILi32ELi3EL9ap_q_mode5EL9ap_o_mode3ELi0EEPA64_A1_A1_27, i32 %p_ZZ5conv2PA255_A255_8ap_fixedILi32ELi3EL9ap_q_mode5EL9ap_o_mode3ELi0EEPA64_A1_A1_26, i32 %p_ZZ5conv2PA255_A255_8ap_fixedILi32ELi3EL9ap_q_mode5EL9ap_o_mode3ELi0EEPA64_A1_A1_25, i32 %p_ZZ5conv2PA255_A255_8ap_fixedILi32ELi3EL9ap_q_mode5EL9ap_o_mode3ELi0EEPA64_A1_A1_24, i32 %p_ZZ5conv2PA255_A255_8ap_fixedILi32ELi3EL9ap_q_mode5EL9ap_o_mode3ELi0EEPA64_A1_A1_23, i32 %p_ZZ5conv2PA255_A255_8ap_fixedILi32ELi3EL9ap_q_mode5EL9ap_o_mode3ELi0EEPA64_A1_A1_22, i32 %p_ZZ5conv2PA255_A255_8ap_fixedILi32ELi3EL9ap_q_mode5EL9ap_o_mode3ELi0EEPA64_A1_A1_21, i32 %p_ZZ5conv2PA255_A255_8ap_fixedILi32ELi3EL9ap_q_mode5EL9ap_o_mode3ELi0EEPA64_A1_A1_20, i32 %p_ZZ5conv2PA255_A255_8ap_fixedILi32ELi3EL9ap_q_mode5EL9ap_o_mode3ELi0EEPA64_A1_A1_32, i32 %p_ZZ5conv2PA255_A255_8ap_fixedILi32ELi3EL9ap_q_mode5EL9ap_o_mode3ELi0EEPA64_A1_A1_31, i32 %p_ZZ5conv2PA255_A255_8ap_fixedILi32ELi3EL9ap_q_mode5EL9ap_o_mode3ELi0EEPA64_A1_A1_30, i32 %p_ZZ5conv2PA255_A255_8ap_fixedILi32ELi3EL9ap_q_mode5EL9ap_o_mode3ELi0EEPA64_A1_A1_29, i32 %p_ZZ5conv2PA255_A255_8ap_fixedILi32ELi3EL9ap_q_mode5EL9ap_o_mode3ELi0EEPA64_A1_A1_28, i32 %p_ZZ5conv2PA255_A255_8ap_fixedILi32ELi3EL9ap_q_mode5EL9ap_o_mode3ELi0EEPA64_A1_A1_19, i32 %p_ZZ5conv2PA255_A255_8ap_fixedILi32ELi3EL9ap_q_mode5EL9ap_o_mode3ELi0EEPA64_A1_A1_18, i32 %p_ZZ5conv2PA255_A255_8ap_fixedILi32ELi3EL9ap_q_mode5EL9ap_o_mode3ELi0EEPA64_A1_A1_12, i32 %p_ZZ5conv2PA255_A255_8ap_fixedILi32ELi3EL9ap_q_mode5EL9ap_o_mode3ELi0EEPA64_A1_A1_11, i32 %p_ZZ5conv2PA255_A255_8ap_fixedILi32ELi3EL9ap_q_mode5EL9ap_o_mode3ELi0EEPA64_A1_A1_10, i32 %p_ZZ5conv2PA255_A255_8ap_fixedILi32ELi3EL9ap_q_mode5EL9ap_o_mode3ELi0EEPA64_A1_A1_9, i32 %p_ZZ5conv2PA255_A255_8ap_fixedILi32ELi3EL9ap_q_mode5EL9ap_o_mode3ELi0EEPA64_A1_A1_8, i32 %p_ZZ5conv2PA255_A255_8ap_fixedILi32ELi3EL9ap_q_mode5EL9ap_o_mode3ELi0EEPA64_A1_A1_7, i32 %p_ZZ5conv2PA255_A255_8ap_fixedILi32ELi3EL9ap_q_mode5EL9ap_o_mode3ELi0EEPA64_A1_A1_6, i32 %p_ZZ5conv2PA255_A255_8ap_fixedILi32ELi3EL9ap_q_mode5EL9ap_o_mode3ELi0EEPA64_A1_A1_5, i32 %p_ZZ5conv2PA255_A255_8ap_fixedILi32ELi3EL9ap_q_mode5EL9ap_o_mode3ELi0EEPA64_A1_A1_17, i32 %p_ZZ5conv2PA255_A255_8ap_fixedILi32ELi3EL9ap_q_mode5EL9ap_o_mode3ELi0EEPA64_A1_A1_16, i32 %p_ZZ5conv2PA255_A255_8ap_fixedILi32ELi3EL9ap_q_mode5EL9ap_o_mode3ELi0EEPA64_A1_A1_15, i32 %p_ZZ5conv2PA255_A255_8ap_fixedILi32ELi3EL9ap_q_mode5EL9ap_o_mode3ELi0EEPA64_A1_A1_14, i32 %p_ZZ5conv2PA255_A255_8ap_fixedILi32ELi3EL9ap_q_mode5EL9ap_o_mode3ELi0EEPA64_A1_A1_13" [src/conv2.cpp:74]   --->   Operation 10 'call' 'call_ln74' <Predicate = true> <Delay = 0.81> <CoreType = "Generic">   --->   Core 0 '' <Latency = 0> <II = 1> <Delay = 1.00> <Generic> <Opcode : >

State 2 <SV = 1> <Delay = 0.00>
ST_2 : Operation 11 [1/1] (0.00ns)   --->   "%specmemcore_ln0 = specmemcore void @_ssdm_op_SpecMemCore, i32 %p_ZZ5conv2PA255_A255_8ap_fixedILi32ELi3EL9ap_q_mode5EL9ap_o_mode3ELi0EEPA64_A1_A1_34, i64 666, i64 23, i64 18446744073709551615"   --->   Operation 11 'specmemcore' 'specmemcore_ln0' <Predicate = true> <Delay = 0.00>
ST_2 : Operation 12 [1/1] (0.00ns)   --->   "%specmemcore_ln0 = specmemcore void @_ssdm_op_SpecMemCore, i32 %p_ZZ5conv2PA255_A255_8ap_fixedILi32ELi3EL9ap_q_mode5EL9ap_o_mode3ELi0EEPA64_A1_A1_33, i64 666, i64 23, i64 18446744073709551615"   --->   Operation 12 'specmemcore' 'specmemcore_ln0' <Predicate = true> <Delay = 0.00>
ST_2 : Operation 13 [1/1] (0.00ns)   --->   "%specmemcore_ln0 = specmemcore void @_ssdm_op_SpecMemCore, i32 %p_ZZ5conv2PA255_A255_8ap_fixedILi32ELi3EL9ap_q_mode5EL9ap_o_mode3ELi0EEPA64_A1_A1_27, i64 666, i64 23, i64 18446744073709551615"   --->   Operation 13 'specmemcore' 'specmemcore_ln0' <Predicate = true> <Delay = 0.00>
ST_2 : Operation 14 [1/1] (0.00ns)   --->   "%specmemcore_ln0 = specmemcore void @_ssdm_op_SpecMemCore, i32 %p_ZZ5conv2PA255_A255_8ap_fixedILi32ELi3EL9ap_q_mode5EL9ap_o_mode3ELi0EEPA64_A1_A1_26, i64 666, i64 23, i64 18446744073709551615"   --->   Operation 14 'specmemcore' 'specmemcore_ln0' <Predicate = true> <Delay = 0.00>
ST_2 : Operation 15 [1/1] (0.00ns)   --->   "%specmemcore_ln0 = specmemcore void @_ssdm_op_SpecMemCore, i32 %p_ZZ5conv2PA255_A255_8ap_fixedILi32ELi3EL9ap_q_mode5EL9ap_o_mode3ELi0EEPA64_A1_A1_25, i64 666, i64 23, i64 18446744073709551615"   --->   Operation 15 'specmemcore' 'specmemcore_ln0' <Predicate = true> <Delay = 0.00>
ST_2 : Operation 16 [1/1] (0.00ns)   --->   "%specmemcore_ln0 = specmemcore void @_ssdm_op_SpecMemCore, i32 %p_ZZ5conv2PA255_A255_8ap_fixedILi32ELi3EL9ap_q_mode5EL9ap_o_mode3ELi0EEPA64_A1_A1_24, i64 666, i64 23, i64 18446744073709551615"   --->   Operation 16 'specmemcore' 'specmemcore_ln0' <Predicate = true> <Delay = 0.00>
ST_2 : Operation 17 [1/1] (0.00ns)   --->   "%specmemcore_ln0 = specmemcore void @_ssdm_op_SpecMemCore, i32 %p_ZZ5conv2PA255_A255_8ap_fixedILi32ELi3EL9ap_q_mode5EL9ap_o_mode3ELi0EEPA64_A1_A1_23, i64 666, i64 23, i64 18446744073709551615"   --->   Operation 17 'specmemcore' 'specmemcore_ln0' <Predicate = true> <Delay = 0.00>
ST_2 : Operation 18 [1/1] (0.00ns)   --->   "%specmemcore_ln0 = specmemcore void @_ssdm_op_SpecMemCore, i32 %p_ZZ5conv2PA255_A255_8ap_fixedILi32ELi3EL9ap_q_mode5EL9ap_o_mode3ELi0EEPA64_A1_A1_22, i64 666, i64 23, i64 18446744073709551615"   --->   Operation 18 'specmemcore' 'specmemcore_ln0' <Predicate = true> <Delay = 0.00>
ST_2 : Operation 19 [1/1] (0.00ns)   --->   "%specmemcore_ln0 = specmemcore void @_ssdm_op_SpecMemCore, i32 %p_ZZ5conv2PA255_A255_8ap_fixedILi32ELi3EL9ap_q_mode5EL9ap_o_mode3ELi0EEPA64_A1_A1_21, i64 666, i64 23, i64 18446744073709551615"   --->   Operation 19 'specmemcore' 'specmemcore_ln0' <Predicate = true> <Delay = 0.00>
ST_2 : Operation 20 [1/1] (0.00ns)   --->   "%specmemcore_ln0 = specmemcore void @_ssdm_op_SpecMemCore, i32 %p_ZZ5conv2PA255_A255_8ap_fixedILi32ELi3EL9ap_q_mode5EL9ap_o_mode3ELi0EEPA64_A1_A1_20, i64 666, i64 23, i64 18446744073709551615"   --->   Operation 20 'specmemcore' 'specmemcore_ln0' <Predicate = true> <Delay = 0.00>
ST_2 : Operation 21 [1/1] (0.00ns)   --->   "%specmemcore_ln0 = specmemcore void @_ssdm_op_SpecMemCore, i32 %p_ZZ5conv2PA255_A255_8ap_fixedILi32ELi3EL9ap_q_mode5EL9ap_o_mode3ELi0EEPA64_A1_A1_32, i64 666, i64 23, i64 18446744073709551615"   --->   Operation 21 'specmemcore' 'specmemcore_ln0' <Predicate = true> <Delay = 0.00>
ST_2 : Operation 22 [1/1] (0.00ns)   --->   "%specmemcore_ln0 = specmemcore void @_ssdm_op_SpecMemCore, i32 %p_ZZ5conv2PA255_A255_8ap_fixedILi32ELi3EL9ap_q_mode5EL9ap_o_mode3ELi0EEPA64_A1_A1_31, i64 666, i64 23, i64 18446744073709551615"   --->   Operation 22 'specmemcore' 'specmemcore_ln0' <Predicate = true> <Delay = 0.00>
ST_2 : Operation 23 [1/1] (0.00ns)   --->   "%specmemcore_ln0 = specmemcore void @_ssdm_op_SpecMemCore, i32 %p_ZZ5conv2PA255_A255_8ap_fixedILi32ELi3EL9ap_q_mode5EL9ap_o_mode3ELi0EEPA64_A1_A1_30, i64 666, i64 23, i64 18446744073709551615"   --->   Operation 23 'specmemcore' 'specmemcore_ln0' <Predicate = true> <Delay = 0.00>
ST_2 : Operation 24 [1/1] (0.00ns)   --->   "%specmemcore_ln0 = specmemcore void @_ssdm_op_SpecMemCore, i32 %p_ZZ5conv2PA255_A255_8ap_fixedILi32ELi3EL9ap_q_mode5EL9ap_o_mode3ELi0EEPA64_A1_A1_29, i64 666, i64 23, i64 18446744073709551615"   --->   Operation 24 'specmemcore' 'specmemcore_ln0' <Predicate = true> <Delay = 0.00>
ST_2 : Operation 25 [1/1] (0.00ns)   --->   "%specmemcore_ln0 = specmemcore void @_ssdm_op_SpecMemCore, i32 %p_ZZ5conv2PA255_A255_8ap_fixedILi32ELi3EL9ap_q_mode5EL9ap_o_mode3ELi0EEPA64_A1_A1_28, i64 666, i64 23, i64 18446744073709551615"   --->   Operation 25 'specmemcore' 'specmemcore_ln0' <Predicate = true> <Delay = 0.00>
ST_2 : Operation 26 [1/1] (0.00ns)   --->   "%specmemcore_ln0 = specmemcore void @_ssdm_op_SpecMemCore, i32 %p_ZZ5conv2PA255_A255_8ap_fixedILi32ELi3EL9ap_q_mode5EL9ap_o_mode3ELi0EEPA64_A1_A1_19, i64 666, i64 23, i64 18446744073709551615"   --->   Operation 26 'specmemcore' 'specmemcore_ln0' <Predicate = true> <Delay = 0.00>
ST_2 : Operation 27 [1/1] (0.00ns)   --->   "%specmemcore_ln0 = specmemcore void @_ssdm_op_SpecMemCore, i32 %p_ZZ5conv2PA255_A255_8ap_fixedILi32ELi3EL9ap_q_mode5EL9ap_o_mode3ELi0EEPA64_A1_A1_18, i64 666, i64 23, i64 18446744073709551615"   --->   Operation 27 'specmemcore' 'specmemcore_ln0' <Predicate = true> <Delay = 0.00>
ST_2 : Operation 28 [1/1] (0.00ns)   --->   "%specmemcore_ln0 = specmemcore void @_ssdm_op_SpecMemCore, i32 %p_ZZ5conv2PA255_A255_8ap_fixedILi32ELi3EL9ap_q_mode5EL9ap_o_mode3ELi0EEPA64_A1_A1_12, i64 666, i64 23, i64 18446744073709551615"   --->   Operation 28 'specmemcore' 'specmemcore_ln0' <Predicate = true> <Delay = 0.00>
ST_2 : Operation 29 [1/1] (0.00ns)   --->   "%specmemcore_ln0 = specmemcore void @_ssdm_op_SpecMemCore, i32 %p_ZZ5conv2PA255_A255_8ap_fixedILi32ELi3EL9ap_q_mode5EL9ap_o_mode3ELi0EEPA64_A1_A1_11, i64 666, i64 23, i64 18446744073709551615"   --->   Operation 29 'specmemcore' 'specmemcore_ln0' <Predicate = true> <Delay = 0.00>
ST_2 : Operation 30 [1/1] (0.00ns)   --->   "%specmemcore_ln0 = specmemcore void @_ssdm_op_SpecMemCore, i32 %p_ZZ5conv2PA255_A255_8ap_fixedILi32ELi3EL9ap_q_mode5EL9ap_o_mode3ELi0EEPA64_A1_A1_10, i64 666, i64 23, i64 18446744073709551615"   --->   Operation 30 'specmemcore' 'specmemcore_ln0' <Predicate = true> <Delay = 0.00>
ST_2 : Operation 31 [1/1] (0.00ns)   --->   "%specmemcore_ln0 = specmemcore void @_ssdm_op_SpecMemCore, i32 %p_ZZ5conv2PA255_A255_8ap_fixedILi32ELi3EL9ap_q_mode5EL9ap_o_mode3ELi0EEPA64_A1_A1_9, i64 666, i64 23, i64 18446744073709551615"   --->   Operation 31 'specmemcore' 'specmemcore_ln0' <Predicate = true> <Delay = 0.00>
ST_2 : Operation 32 [1/1] (0.00ns)   --->   "%specmemcore_ln0 = specmemcore void @_ssdm_op_SpecMemCore, i32 %p_ZZ5conv2PA255_A255_8ap_fixedILi32ELi3EL9ap_q_mode5EL9ap_o_mode3ELi0EEPA64_A1_A1_8, i64 666, i64 23, i64 18446744073709551615"   --->   Operation 32 'specmemcore' 'specmemcore_ln0' <Predicate = true> <Delay = 0.00>
ST_2 : Operation 33 [1/1] (0.00ns)   --->   "%specmemcore_ln0 = specmemcore void @_ssdm_op_SpecMemCore, i32 %p_ZZ5conv2PA255_A255_8ap_fixedILi32ELi3EL9ap_q_mode5EL9ap_o_mode3ELi0EEPA64_A1_A1_7, i64 666, i64 23, i64 18446744073709551615"   --->   Operation 33 'specmemcore' 'specmemcore_ln0' <Predicate = true> <Delay = 0.00>
ST_2 : Operation 34 [1/1] (0.00ns)   --->   "%specmemcore_ln0 = specmemcore void @_ssdm_op_SpecMemCore, i32 %p_ZZ5conv2PA255_A255_8ap_fixedILi32ELi3EL9ap_q_mode5EL9ap_o_mode3ELi0EEPA64_A1_A1_6, i64 666, i64 23, i64 18446744073709551615"   --->   Operation 34 'specmemcore' 'specmemcore_ln0' <Predicate = true> <Delay = 0.00>
ST_2 : Operation 35 [1/1] (0.00ns)   --->   "%specmemcore_ln0 = specmemcore void @_ssdm_op_SpecMemCore, i32 %p_ZZ5conv2PA255_A255_8ap_fixedILi32ELi3EL9ap_q_mode5EL9ap_o_mode3ELi0EEPA64_A1_A1_5, i64 666, i64 23, i64 18446744073709551615"   --->   Operation 35 'specmemcore' 'specmemcore_ln0' <Predicate = true> <Delay = 0.00>
ST_2 : Operation 36 [1/1] (0.00ns)   --->   "%specmemcore_ln0 = specmemcore void @_ssdm_op_SpecMemCore, i32 %p_ZZ5conv2PA255_A255_8ap_fixedILi32ELi3EL9ap_q_mode5EL9ap_o_mode3ELi0EEPA64_A1_A1_17, i64 666, i64 23, i64 18446744073709551615"   --->   Operation 36 'specmemcore' 'specmemcore_ln0' <Predicate = true> <Delay = 0.00>
ST_2 : Operation 37 [1/1] (0.00ns)   --->   "%specmemcore_ln0 = specmemcore void @_ssdm_op_SpecMemCore, i32 %p_ZZ5conv2PA255_A255_8ap_fixedILi32ELi3EL9ap_q_mode5EL9ap_o_mode3ELi0EEPA64_A1_A1_16, i64 666, i64 23, i64 18446744073709551615"   --->   Operation 37 'specmemcore' 'specmemcore_ln0' <Predicate = true> <Delay = 0.00>
ST_2 : Operation 38 [1/1] (0.00ns)   --->   "%specmemcore_ln0 = specmemcore void @_ssdm_op_SpecMemCore, i32 %p_ZZ5conv2PA255_A255_8ap_fixedILi32ELi3EL9ap_q_mode5EL9ap_o_mode3ELi0EEPA64_A1_A1_15, i64 666, i64 23, i64 18446744073709551615"   --->   Operation 38 'specmemcore' 'specmemcore_ln0' <Predicate = true> <Delay = 0.00>
ST_2 : Operation 39 [1/1] (0.00ns)   --->   "%specmemcore_ln0 = specmemcore void @_ssdm_op_SpecMemCore, i32 %p_ZZ5conv2PA255_A255_8ap_fixedILi32ELi3EL9ap_q_mode5EL9ap_o_mode3ELi0EEPA64_A1_A1_14, i64 666, i64 23, i64 18446744073709551615"   --->   Operation 39 'specmemcore' 'specmemcore_ln0' <Predicate = true> <Delay = 0.00>
ST_2 : Operation 40 [1/1] (0.00ns)   --->   "%specmemcore_ln0 = specmemcore void @_ssdm_op_SpecMemCore, i32 %p_ZZ5conv2PA255_A255_8ap_fixedILi32ELi3EL9ap_q_mode5EL9ap_o_mode3ELi0EEPA64_A1_A1_13, i64 666, i64 23, i64 18446744073709551615"   --->   Operation 40 'specmemcore' 'specmemcore_ln0' <Predicate = true> <Delay = 0.00>
ST_2 : Operation 41 [1/1] (0.00ns)   --->   "%specinterface_ln0 = specinterface void @_ssdm_op_SpecInterface, i32 %i2, void @empty_0, i32 0, i32 0, void @empty_2, i32 0, i32 512, void @empty_25, void @empty_33, void @empty_2, i32 16, i32 16, i32 256, i32 256, void @empty_2, void @empty_2, i32 4294967295, i32 0"   --->   Operation 41 'specinterface' 'specinterface_ln0' <Predicate = true> <Delay = 0.00>
ST_2 : Operation 42 [1/2] (0.00ns)   --->   "%call_ln74 = call void @load_input_buffer_c2_Pipeline_BH, i32 %i2, i64 %input_ftmap_read, i19 %sub_ln74, i32 %p_ZZ5conv2PA255_A255_8ap_fixedILi32ELi3EL9ap_q_mode5EL9ap_o_mode3ELi0EEPA64_A1_A1_34, i32 %p_ZZ5conv2PA255_A255_8ap_fixedILi32ELi3EL9ap_q_mode5EL9ap_o_mode3ELi0EEPA64_A1_A1_33, i32 %p_ZZ5conv2PA255_A255_8ap_fixedILi32ELi3EL9ap_q_mode5EL9ap_o_mode3ELi0EEPA64_A1_A1_27, i32 %p_ZZ5conv2PA255_A255_8ap_fixedILi32ELi3EL9ap_q_mode5EL9ap_o_mode3ELi0EEPA64_A1_A1_26, i32 %p_ZZ5conv2PA255_A255_8ap_fixedILi32ELi3EL9ap_q_mode5EL9ap_o_mode3ELi0EEPA64_A1_A1_25, i32 %p_ZZ5conv2PA255_A255_8ap_fixedILi32ELi3EL9ap_q_mode5EL9ap_o_mode3ELi0EEPA64_A1_A1_24, i32 %p_ZZ5conv2PA255_A255_8ap_fixedILi32ELi3EL9ap_q_mode5EL9ap_o_mode3ELi0EEPA64_A1_A1_23, i32 %p_ZZ5conv2PA255_A255_8ap_fixedILi32ELi3EL9ap_q_mode5EL9ap_o_mode3ELi0EEPA64_A1_A1_22, i32 %p_ZZ5conv2PA255_A255_8ap_fixedILi32ELi3EL9ap_q_mode5EL9ap_o_mode3ELi0EEPA64_A1_A1_21, i32 %p_ZZ5conv2PA255_A255_8ap_fixedILi32ELi3EL9ap_q_mode5EL9ap_o_mode3ELi0EEPA64_A1_A1_20, i32 %p_ZZ5conv2PA255_A255_8ap_fixedILi32ELi3EL9ap_q_mode5EL9ap_o_mode3ELi0EEPA64_A1_A1_32, i32 %p_ZZ5conv2PA255_A255_8ap_fixedILi32ELi3EL9ap_q_mode5EL9ap_o_mode3ELi0EEPA64_A1_A1_31, i32 %p_ZZ5conv2PA255_A255_8ap_fixedILi32ELi3EL9ap_q_mode5EL9ap_o_mode3ELi0EEPA64_A1_A1_30, i32 %p_ZZ5conv2PA255_A255_8ap_fixedILi32ELi3EL9ap_q_mode5EL9ap_o_mode3ELi0EEPA64_A1_A1_29, i32 %p_ZZ5conv2PA255_A255_8ap_fixedILi32ELi3EL9ap_q_mode5EL9ap_o_mode3ELi0EEPA64_A1_A1_28, i32 %p_ZZ5conv2PA255_A255_8ap_fixedILi32ELi3EL9ap_q_mode5EL9ap_o_mode3ELi0EEPA64_A1_A1_19, i32 %p_ZZ5conv2PA255_A255_8ap_fixedILi32ELi3EL9ap_q_mode5EL9ap_o_mode3ELi0EEPA64_A1_A1_18, i32 %p_ZZ5conv2PA255_A255_8ap_fixedILi32ELi3EL9ap_q_mode5EL9ap_o_mode3ELi0EEPA64_A1_A1_12, i32 %p_ZZ5conv2PA255_A255_8ap_fixedILi32ELi3EL9ap_q_mode5EL9ap_o_mode3ELi0EEPA64_A1_A1_11, i32 %p_ZZ5conv2PA255_A255_8ap_fixedILi32ELi3EL9ap_q_mode5EL9ap_o_mode3ELi0EEPA64_A1_A1_10, i32 %p_ZZ5conv2PA255_A255_8ap_fixedILi32ELi3EL9ap_q_mode5EL9ap_o_mode3ELi0EEPA64_A1_A1_9, i32 %p_ZZ5conv2PA255_A255_8ap_fixedILi32ELi3EL9ap_q_mode5EL9ap_o_mode3ELi0EEPA64_A1_A1_8, i32 %p_ZZ5conv2PA255_A255_8ap_fixedILi32ELi3EL9ap_q_mode5EL9ap_o_mode3ELi0EEPA64_A1_A1_7, i32 %p_ZZ5conv2PA255_A255_8ap_fixedILi32ELi3EL9ap_q_mode5EL9ap_o_mode3ELi0EEPA64_A1_A1_6, i32 %p_ZZ5conv2PA255_A255_8ap_fixedILi32ELi3EL9ap_q_mode5EL9ap_o_mode3ELi0EEPA64_A1_A1_5, i32 %p_ZZ5conv2PA255_A255_8ap_fixedILi32ELi3EL9ap_q_mode5EL9ap_o_mode3ELi0EEPA64_A1_A1_17, i32 %p_ZZ5conv2PA255_A255_8ap_fixedILi32ELi3EL9ap_q_mode5EL9ap_o_mode3ELi0EEPA64_A1_A1_16, i32 %p_ZZ5conv2PA255_A255_8ap_fixedILi32ELi3EL9ap_q_mode5EL9ap_o_mode3ELi0EEPA64_A1_A1_15, i32 %p_ZZ5conv2PA255_A255_8ap_fixedILi32ELi3EL9ap_q_mode5EL9ap_o_mode3ELi0EEPA64_A1_A1_14, i32 %p_ZZ5conv2PA255_A255_8ap_fixedILi32ELi3EL9ap_q_mode5EL9ap_o_mode3ELi0EEPA64_A1_A1_13" [src/conv2.cpp:74]   --->   Operation 42 'call' 'call_ln74' <Predicate = true> <Delay = 0.00> <CoreType = "Generic">   --->   Core 0 '' <Latency = 0> <II = 1> <Delay = 1.00> <Generic> <Opcode : >
ST_2 : Operation 43 [1/1] (0.00ns)   --->   "%ret_ln81 = ret" [src/conv2.cpp:81]   --->   Operation 43 'ret' 'ret_ln81' <Predicate = true> <Delay = 0.00>


============================================================
+ Verbose Summary: Timing violations
============================================================
Target clock period: 10.000ns, clock uncertainty: 2.700ns.

 <State 1>: 1.692ns
The critical path consists of the following:
	wire read operation ('h_read') on port 'h' [34]  (0.000 ns)
	'sub' operation ('sub_ln74', src/conv2.cpp:74) [71]  (0.873 ns)
	'call' operation ('call_ln74', src/conv2.cpp:74) to 'load_input_buffer_c2_Pipeline_BH' [72]  (0.819 ns)

 <State 2>: 0.000ns
The critical path consists of the following:


============================================================
+ Verbose Summary: Binding
============================================================
N/A
* FSMD analyzer results:
  - Output states:
 - Input state : 
  - Chain level:
	State 1
	State 2


============================================================
+ Verbose Summary: Datapath Resource usage 
============================================================
N/A
