C:/SPB_Data/ELEN90096-Group-2/SRCNN/srcnn_hls/solution1/csynth.tcl:29:9: warning: HLS pragma dump _XLX_SEP_ PragmaIsValid=1_XLX_SEP_ PragmaType=top_XLX_SEP_ PragmaContext=directive_XLX_SEP_ PragmaFunction=srcnn_XLX_SEP_ PragmaOptions=name=srcnn_XLX_SEP_ [-Wdump-hls-pragmas]
#pragma HLSDIRECTIVE TOP name=srcnn
        ^
C:/SPB_Data/ELEN90096-Group-2/SRCNN/srcnn_hls/solution1/directives.tcl:7:9: warning: HLS pragma dump _XLX_SEP_ PragmaIsValid=1_XLX_SEP_ PragmaType=top_XLX_SEP_ PragmaContext=directive_XLX_SEP_ PragmaFunction=srcnn_XLX_SEP_ PragmaOptions=name=srcnn_XLX_SEP_ [-Wdump-hls-pragmas]
#pragma HLSDIRECTIVE TOP name=srcnn
        ^
src/srcnn.cpp:19:9: warning: HLS pragma dump _XLX_SEP_ PragmaIsValid=1_XLX_SEP_ PragmaType=pipeline_XLX_SEP_ PragmaContext=_XLX_SEP_ PragmaFunction=srcnn_XLX_SEP_ PragmaOptions=off_XLX_SEP_ [-Wdump-hls-pragmas]
#pragma HLS PIPELINE off
        ^
src/srcnn.cpp:22:9: warning: HLS pragma dump _XLX_SEP_ PragmaIsValid=1_XLX_SEP_ PragmaType=interface_XLX_SEP_ PragmaContext=_XLX_SEP_ PragmaFunction=srcnn_XLX_SEP_ PragmaOptions=m_axi port=input_ftmap offset=slave_XLX_SEP_ [-Wdump-hls-pragmas]
#pragma HLS INTERFACE m_axi port=input_ftmap offset=slave
        ^
src/srcnn.cpp:23:9: warning: HLS pragma dump _XLX_SEP_ PragmaIsValid=1_XLX_SEP_ PragmaType=interface_XLX_SEP_ PragmaContext=_XLX_SEP_ PragmaFunction=srcnn_XLX_SEP_ PragmaOptions=m_axi port=conv1_weights offset=slave depth=1_XLX_SEP_ [-Wdump-hls-pragmas]
#pragma HLS INTERFACE m_axi port=conv1_weights offset=slave depth=1
        ^
src/srcnn.cpp:24:9: warning: HLS pragma dump _XLX_SEP_ PragmaIsValid=1_XLX_SEP_ PragmaType=interface_XLX_SEP_ PragmaContext=_XLX_SEP_ PragmaFunction=srcnn_XLX_SEP_ PragmaOptions=m_axi port=conv1_biases offset=slave depth=1_XLX_SEP_ [-Wdump-hls-pragmas]
#pragma HLS INTERFACE m_axi port=conv1_biases offset=slave depth=1
        ^
src/srcnn.cpp:25:9: warning: HLS pragma dump _XLX_SEP_ PragmaIsValid=1_XLX_SEP_ PragmaType=interface_XLX_SEP_ PragmaContext=_XLX_SEP_ PragmaFunction=srcnn_XLX_SEP_ PragmaOptions=m_axi port=conv1_output_ftmap offset=slave_XLX_SEP_ [-Wdump-hls-pragmas]
#pragma HLS INTERFACE m_axi port=conv1_output_ftmap offset=slave
        ^
src/srcnn.cpp:26:9: warning: HLS pragma dump _XLX_SEP_ PragmaIsValid=1_XLX_SEP_ PragmaType=interface_XLX_SEP_ PragmaContext=_XLX_SEP_ PragmaFunction=srcnn_XLX_SEP_ PragmaOptions=m_axi port=conv2_weights offset=slave depth=1_XLX_SEP_ [-Wdump-hls-pragmas]
#pragma HLS INTERFACE m_axi port=conv2_weights offset=slave depth=1
        ^
src/srcnn.cpp:27:9: warning: HLS pragma dump _XLX_SEP_ PragmaIsValid=1_XLX_SEP_ PragmaType=interface_XLX_SEP_ PragmaContext=_XLX_SEP_ PragmaFunction=srcnn_XLX_SEP_ PragmaOptions=m_axi port=conv2_biases offset=slave depth=1_XLX_SEP_ [-Wdump-hls-pragmas]
#pragma HLS INTERFACE m_axi port=conv2_biases offset=slave depth=1
        ^
src/srcnn.cpp:28:9: warning: HLS pragma dump _XLX_SEP_ PragmaIsValid=1_XLX_SEP_ PragmaType=interface_XLX_SEP_ PragmaContext=_XLX_SEP_ PragmaFunction=srcnn_XLX_SEP_ PragmaOptions=m_axi port=conv2_output_ftmap offset=slave_XLX_SEP_ [-Wdump-hls-pragmas]
#pragma HLS INTERFACE m_axi port=conv2_output_ftmap offset=slave
        ^
src/srcnn.cpp:29:9: warning: HLS pragma dump _XLX_SEP_ PragmaIsValid=1_XLX_SEP_ PragmaType=interface_XLX_SEP_ PragmaContext=_XLX_SEP_ PragmaFunction=srcnn_XLX_SEP_ PragmaOptions=m_axi port=conv3_weights offset=slave depth=1_XLX_SEP_ [-Wdump-hls-pragmas]
#pragma HLS INTERFACE m_axi port=conv3_weights offset=slave depth=1
        ^
src/srcnn.cpp:30:9: warning: HLS pragma dump _XLX_SEP_ PragmaIsValid=1_XLX_SEP_ PragmaType=interface_XLX_SEP_ PragmaContext=_XLX_SEP_ PragmaFunction=srcnn_XLX_SEP_ PragmaOptions=m_axi port=conv3_biases offset=slave depth=1_XLX_SEP_ [-Wdump-hls-pragmas]
#pragma HLS INTERFACE m_axi port=conv3_biases offset=slave depth=1
        ^
src/srcnn.cpp:31:9: warning: HLS pragma dump _XLX_SEP_ PragmaIsValid=1_XLX_SEP_ PragmaType=interface_XLX_SEP_ PragmaContext=_XLX_SEP_ PragmaFunction=srcnn_XLX_SEP_ PragmaOptions=m_axi port=output_ftmap offset=slave_XLX_SEP_ [-Wdump-hls-pragmas]
#pragma HLS INTERFACE m_axi port=output_ftmap offset=slave
        ^
src/srcnn.cpp:32:9: warning: HLS pragma dump _XLX_SEP_ PragmaIsValid=1_XLX_SEP_ PragmaType=interface_XLX_SEP_ PragmaContext=_XLX_SEP_ PragmaFunction=srcnn_XLX_SEP_ PragmaOptions=s_axilite port=return_XLX_SEP_ [-Wdump-hls-pragmas]
#pragma HLS INTERFACE s_axilite port=return
        ^
14 warnings generated.
