

================================================================
== Vitis HLS Report for 'srcnn'
================================================================
* Date:           Wed Nov  1 16:45:13 2023

* Version:        2023.1 (Build 3854077 on May  4 2023)
* Project:        srcnn_hls
* Solution:       solution1 (Vivado IP Flow Target)
* Product family: zynquplus
* Target device:  xck24-ubva530-2LV-c


================================================================
== Performance Estimates
================================================================
+ Timing: 
    * Summary: 
    +--------+----------+----------+------------+
    |  Clock |  Target  | Estimated| Uncertainty|
    +--------+----------+----------+------------+
    |ap_clk  |  10.00 ns|  7.300 ns|     2.70 ns|
    +--------+----------+----------+------------+

+ Latency: 
    * Summary: 
    +------------+------------+------------+------------+------------+------------+---------+
    |     Latency (cycles)    |    Latency (absolute)   |         Interval        | Pipeline|
    |     min    |     max    |     min    |     max    |     min    |     max    |   Type  |
    +------------+------------+------------+------------+------------+------------+---------+
    |  3007571054|  3007575406|  30.076 sec|  30.076 sec|  3007571055|  3007575407|       no|
    +------------+------------+------------+------------+------------+------------+---------+

    + Detail: 
        * Instance: 
        +-----------------------------+------------------+------------+------------+------------+------------+------------+------------+---------+
        |                             |                  |     Latency (cycles)    |    Latency (absolute)   |         Interval        | Pipeline|
        |           Instance          |      Module      |     min    |     max    |     min    |     max    |     min    |     max    |   Type  |
        +-----------------------------+------------------+------------+------------+------------+------------+------------+------------+---------+
        |grp_srcnn_Pipeline_1_fu_240  |srcnn_Pipeline_1  |     2080802|     2080802|   20.808 ms|   20.808 ms|     2080802|     2080802|       no|
        |grp_srcnn_Pipeline_2_fu_247  |srcnn_Pipeline_2  |       65027|       65027|    0.650 ms|    0.650 ms|       65027|       65027|       no|
        |grp_conv1_fu_254             |conv1             |  2012500665|  2012505017|  20.125 sec|  20.125 sec|  2012500665|  2012505017|       no|
        |grp_conv2_fu_297             |conv2             |   691303951|   691303951|   6.913 sec|   6.913 sec|   691303951|   691303951|       no|
        |grp_conv3_fu_332             |conv3             |   303766426|   303766426|   3.038 sec|   3.038 sec|   303766426|   303766426|       no|
        +-----------------------------+------------------+------------+------------+------------+------------+------------+------------+---------+

        * Loop: 
        N/A

============================================================
+ Verbose Summary: Synthesis Manager
============================================================
InlineROM: 1
ExposeGlobal: 0
============================================================
+ Verbose Summary: CDFG Model
============================================================
IsTopModel: 1
ResetActiveHigh: 1
IsCombinational: 0
IsDatapathOnly: 0
HasWiredReturn: 1
HasMFsm: 0
HasVarLatency: 1
IsPipeline: 0
IsRtlPipelined: 0
IsInstanceOverlapped: 0
IsDontTouch: 0
HasImplIP: 0
IsGatedGlobalClock: 0


============================================================
+ Verbose Summary: Schedule
============================================================
* Number of FSM states : 13
* Pipeline : 0
* Dataflow Pipeline: 0

* FSM state transitions: 
1 --> 2 
2 --> 3 
3 --> 4 
4 --> 5 
5 --> 6 
6 --> 7 
7 --> 8 
8 --> 9 
9 --> 10 
10 --> 11 
11 --> 12 
12 --> 13 
13 --> 

* FSM state operations: 

State 1 <SV = 0> <Delay = 1.00>
ST_1 : Operation 14 [1/1] (1.00ns)   --->   "%output_ftmap_read = read i64 @_ssdm_op_Read.s_axilite.i64, i64 %output_ftmap" [src/srcnn.cpp:6]   --->   Operation 14 'read' 'output_ftmap_read' <Predicate = true> <Delay = 1.00> <CoreInst = "s_axilite">   --->   Core 122 's_axilite' <Latency = 0> <II = 1> <Delay = 1.00> <Adapter> <Opcode : 'read' 'write'>
ST_1 : Operation 15 [1/1] (1.00ns)   --->   "%conv3_weights_read = read i64 @_ssdm_op_Read.s_axilite.i64, i64 %conv3_weights" [src/srcnn.cpp:6]   --->   Operation 15 'read' 'conv3_weights_read' <Predicate = true> <Delay = 1.00> <CoreInst = "s_axilite">   --->   Core 122 's_axilite' <Latency = 0> <II = 1> <Delay = 1.00> <Adapter> <Opcode : 'read' 'write'>
ST_1 : Operation 16 [1/1] (1.00ns)   --->   "%conv2_output_ftmap_read = read i64 @_ssdm_op_Read.s_axilite.i64, i64 %conv2_output_ftmap" [src/srcnn.cpp:6]   --->   Operation 16 'read' 'conv2_output_ftmap_read' <Predicate = true> <Delay = 1.00> <CoreInst = "s_axilite">   --->   Core 122 's_axilite' <Latency = 0> <II = 1> <Delay = 1.00> <Adapter> <Opcode : 'read' 'write'>
ST_1 : Operation 17 [1/1] (1.00ns)   --->   "%conv2_weights_read = read i64 @_ssdm_op_Read.s_axilite.i64, i64 %conv2_weights" [src/srcnn.cpp:6]   --->   Operation 17 'read' 'conv2_weights_read' <Predicate = true> <Delay = 1.00> <CoreInst = "s_axilite">   --->   Core 122 's_axilite' <Latency = 0> <II = 1> <Delay = 1.00> <Adapter> <Opcode : 'read' 'write'>
ST_1 : Operation 18 [1/1] (1.00ns)   --->   "%conv1_output_ftmap_read = read i64 @_ssdm_op_Read.s_axilite.i64, i64 %conv1_output_ftmap" [src/srcnn.cpp:6]   --->   Operation 18 'read' 'conv1_output_ftmap_read' <Predicate = true> <Delay = 1.00> <CoreInst = "s_axilite">   --->   Core 122 's_axilite' <Latency = 0> <II = 1> <Delay = 1.00> <Adapter> <Opcode : 'read' 'write'>
ST_1 : Operation 19 [1/1] (1.00ns)   --->   "%conv1_weights_read = read i64 @_ssdm_op_Read.s_axilite.i64, i64 %conv1_weights" [src/srcnn.cpp:6]   --->   Operation 19 'read' 'conv1_weights_read' <Predicate = true> <Delay = 1.00> <CoreInst = "s_axilite">   --->   Core 122 's_axilite' <Latency = 0> <II = 1> <Delay = 1.00> <Adapter> <Opcode : 'read' 'write'>
ST_1 : Operation 20 [1/1] (1.00ns)   --->   "%input_ftmap_read = read i64 @_ssdm_op_Read.s_axilite.i64, i64 %input_ftmap" [src/srcnn.cpp:6]   --->   Operation 20 'read' 'input_ftmap_read' <Predicate = true> <Delay = 1.00> <CoreInst = "s_axilite">   --->   Core 122 's_axilite' <Latency = 0> <II = 1> <Delay = 1.00> <Adapter> <Opcode : 'read' 'write'>
ST_1 : Operation 21 [1/1] (0.00ns)   --->   "%trunc_ln = partselect i62 @_ssdm_op_PartSelect.i62.i64.i32.i32, i64 %conv2_output_ftmap_read, i32 2, i32 63" [src/srcnn.cpp:38]   --->   Operation 21 'partselect' 'trunc_ln' <Predicate = true> <Delay = 0.00>
ST_1 : Operation 22 [1/1] (0.00ns)   --->   "%trunc_ln1 = partselect i62 @_ssdm_op_PartSelect.i62.i64.i32.i32, i64 %output_ftmap_read, i32 2, i32 63" [src/srcnn.cpp:39]   --->   Operation 22 'partselect' 'trunc_ln1' <Predicate = true> <Delay = 0.00>

State 2 <SV = 1> <Delay = 7.30>
ST_2 : Operation 23 [1/1] (0.00ns)   --->   "%sext_ln38 = sext i62 %trunc_ln" [src/srcnn.cpp:38]   --->   Operation 23 'sext' 'sext_ln38' <Predicate = true> <Delay = 0.00>
ST_2 : Operation 24 [1/1] (0.00ns)   --->   "%i3_addr = getelementptr i32 %i3, i64 %sext_ln38" [src/srcnn.cpp:38]   --->   Operation 24 'getelementptr' 'i3_addr' <Predicate = true> <Delay = 0.00>
ST_2 : Operation 25 [1/1] (7.30ns)   --->   "%empty = writereq i1 @_ssdm_op_WriteReq.m_axi.p1i32, i32 %i3_addr, i32 2080800" [src/srcnn.cpp:38]   --->   Operation 25 'writereq' 'empty' <Predicate = true> <Delay = 7.30> <CoreInst = "m_axi">   --->   Core 121 'm_axi' <Latency = 0> <II = 1> <Delay = 1.00> <Adapter> <Opcode : 'read' 'write' 'readreq' 'writereq' 'writeresp'>
ST_2 : Operation 26 [1/1] (0.00ns)   --->   "%sext_ln39 = sext i62 %trunc_ln1" [src/srcnn.cpp:39]   --->   Operation 26 'sext' 'sext_ln39' <Predicate = true> <Delay = 0.00>
ST_2 : Operation 27 [1/1] (0.00ns)   --->   "%o_addr = getelementptr i32 %o, i64 %sext_ln39" [src/srcnn.cpp:39]   --->   Operation 27 'getelementptr' 'o_addr' <Predicate = true> <Delay = 0.00>
ST_2 : Operation 28 [1/1] (7.30ns)   --->   "%empty_63 = writereq i1 @_ssdm_op_WriteReq.m_axi.p1i32, i32 %o_addr, i32 65025" [src/srcnn.cpp:39]   --->   Operation 28 'writereq' 'empty_63' <Predicate = true> <Delay = 7.30> <CoreInst = "m_axi">   --->   Core 121 'm_axi' <Latency = 0> <II = 1> <Delay = 1.00> <Adapter> <Opcode : 'read' 'write' 'readreq' 'writereq' 'writeresp'>

State 3 <SV = 2> <Delay = 0.00>
ST_3 : Operation 29 [2/2] (0.00ns)   --->   "%call_ln38 = call void @srcnn_Pipeline_1, i32 %i3, i62 %trunc_ln" [src/srcnn.cpp:38]   --->   Operation 29 'call' 'call_ln38' <Predicate = true> <Delay = 0.00> <CoreType = "Generic">   --->   Core 0 '' <Latency = 0> <II = 1> <Delay = 1.00> <Generic> <Opcode : >
ST_3 : Operation 30 [2/2] (0.00ns)   --->   "%call_ln39 = call void @srcnn_Pipeline_2, i32 %o, i62 %trunc_ln1" [src/srcnn.cpp:39]   --->   Operation 30 'call' 'call_ln39' <Predicate = true> <Delay = 0.00> <CoreType = "Generic">   --->   Core 0 '' <Latency = 0> <II = 1> <Delay = 1.00> <Generic> <Opcode : >
ST_3 : Operation 31 [2/2] (0.00ns)   --->   "%call_ln42 = call void @conv1, i32 %i1, i64 %input_ftmap_read, i32 %w1, i64 %conv1_weights_read, i32 %conv1_biases, i32 %i2, i64 %conv1_output_ftmap_read, i32 %conv1_float_255_255_float_1_9_9_float_float_255_255_ou_7, i32 %conv1_float_255_255_float_1_9_9_float_float_255_255_ou_3, i32 %p_ZZ5conv1PA255_A255_fPA1_A9_A9_fPfS1_E13weight_buffer_0_0, i32 %p_ZZ5conv1PA255_A255_fPA1_A9_A9_fPfS1_E13weight_buffer_1_0, i32 %conv1_float_255_255_float_1_9_9_float_float_255_255_in_3, i32 %conv1_float_255_255_float_1_9_9_float_float_255_255_in_1, i32 %conv1_float_255_255_float_1_9_9_float_float_255_255_in, i32 %conv1_float_255_255_float_1_9_9_float_float_255_255_in_2, i32 %conv1_float_255_255_float_1_9_9_float_float_255_255_ou_6, i32 %conv1_float_255_255_float_1_9_9_float_float_255_255_ou_5, i32 %conv1_float_255_255_float_1_9_9_float_float_255_255_ou_4, i32 %conv1_float_255_255_float_1_9_9_float_float_255_255_ou_2, i32 %conv1_float_255_255_float_1_9_9_float_float_255_255_ou_1, i32 %conv1_float_255_255_float_1_9_9_float_float_255_255_ou" [src/srcnn.cpp:42]   --->   Operation 31 'call' 'call_ln42' <Predicate = true> <Delay = 0.00> <CoreType = "Generic">   --->   Core 0 '' <Latency = 0> <II = 1> <Delay = 1.00> <Generic> <Opcode : >

State 4 <SV = 3> <Delay = 0.00>
ST_4 : Operation 32 [1/2] (0.00ns)   --->   "%call_ln38 = call void @srcnn_Pipeline_1, i32 %i3, i62 %trunc_ln" [src/srcnn.cpp:38]   --->   Operation 32 'call' 'call_ln38' <Predicate = true> <Delay = 0.00> <CoreType = "Generic">   --->   Core 0 '' <Latency = 0> <II = 1> <Delay = 1.00> <Generic> <Opcode : >
ST_4 : Operation 33 [1/2] (0.00ns)   --->   "%call_ln39 = call void @srcnn_Pipeline_2, i32 %o, i62 %trunc_ln1" [src/srcnn.cpp:39]   --->   Operation 33 'call' 'call_ln39' <Predicate = true> <Delay = 0.00> <CoreType = "Generic">   --->   Core 0 '' <Latency = 0> <II = 1> <Delay = 1.00> <Generic> <Opcode : >
ST_4 : Operation 34 [1/2] (0.00ns)   --->   "%call_ln42 = call void @conv1, i32 %i1, i64 %input_ftmap_read, i32 %w1, i64 %conv1_weights_read, i32 %conv1_biases, i32 %i2, i64 %conv1_output_ftmap_read, i32 %conv1_float_255_255_float_1_9_9_float_float_255_255_ou_7, i32 %conv1_float_255_255_float_1_9_9_float_float_255_255_ou_3, i32 %p_ZZ5conv1PA255_A255_fPA1_A9_A9_fPfS1_E13weight_buffer_0_0, i32 %p_ZZ5conv1PA255_A255_fPA1_A9_A9_fPfS1_E13weight_buffer_1_0, i32 %conv1_float_255_255_float_1_9_9_float_float_255_255_in_3, i32 %conv1_float_255_255_float_1_9_9_float_float_255_255_in_1, i32 %conv1_float_255_255_float_1_9_9_float_float_255_255_in, i32 %conv1_float_255_255_float_1_9_9_float_float_255_255_in_2, i32 %conv1_float_255_255_float_1_9_9_float_float_255_255_ou_6, i32 %conv1_float_255_255_float_1_9_9_float_float_255_255_ou_5, i32 %conv1_float_255_255_float_1_9_9_float_float_255_255_ou_4, i32 %conv1_float_255_255_float_1_9_9_float_float_255_255_ou_2, i32 %conv1_float_255_255_float_1_9_9_float_float_255_255_ou_1, i32 %conv1_float_255_255_float_1_9_9_float_float_255_255_ou" [src/srcnn.cpp:42]   --->   Operation 34 'call' 'call_ln42' <Predicate = true> <Delay = 0.00> <CoreType = "Generic">   --->   Core 0 '' <Latency = 0> <II = 1> <Delay = 1.00> <Generic> <Opcode : >

State 5 <SV = 4> <Delay = 7.30>
ST_5 : Operation 35 [5/5] (7.30ns)   --->   "%empty_62 = writeresp i1 @_ssdm_op_WriteResp.m_axi.p1i32, i32 %i3_addr" [src/srcnn.cpp:39]   --->   Operation 35 'writeresp' 'empty_62' <Predicate = true> <Delay = 7.30> <CoreInst = "m_axi">   --->   Core 121 'm_axi' <Latency = 0> <II = 1> <Delay = 1.00> <Adapter> <Opcode : 'read' 'write' 'readreq' 'writereq' 'writeresp'>
ST_5 : Operation 36 [5/5] (7.30ns)   --->   "%empty_64 = writeresp i1 @_ssdm_op_WriteResp.m_axi.p1i32, i32 %o_addr" [src/srcnn.cpp:42]   --->   Operation 36 'writeresp' 'empty_64' <Predicate = true> <Delay = 7.30> <CoreInst = "m_axi">   --->   Core 121 'm_axi' <Latency = 0> <II = 1> <Delay = 1.00> <Adapter> <Opcode : 'read' 'write' 'readreq' 'writereq' 'writeresp'>

State 6 <SV = 5> <Delay = 7.30>
ST_6 : Operation 37 [4/5] (7.30ns)   --->   "%empty_62 = writeresp i1 @_ssdm_op_WriteResp.m_axi.p1i32, i32 %i3_addr" [src/srcnn.cpp:39]   --->   Operation 37 'writeresp' 'empty_62' <Predicate = true> <Delay = 7.30> <CoreInst = "m_axi">   --->   Core 121 'm_axi' <Latency = 0> <II = 1> <Delay = 1.00> <Adapter> <Opcode : 'read' 'write' 'readreq' 'writereq' 'writeresp'>
ST_6 : Operation 38 [4/5] (7.30ns)   --->   "%empty_64 = writeresp i1 @_ssdm_op_WriteResp.m_axi.p1i32, i32 %o_addr" [src/srcnn.cpp:42]   --->   Operation 38 'writeresp' 'empty_64' <Predicate = true> <Delay = 7.30> <CoreInst = "m_axi">   --->   Core 121 'm_axi' <Latency = 0> <II = 1> <Delay = 1.00> <Adapter> <Opcode : 'read' 'write' 'readreq' 'writereq' 'writeresp'>

State 7 <SV = 6> <Delay = 7.30>
ST_7 : Operation 39 [3/5] (7.30ns)   --->   "%empty_62 = writeresp i1 @_ssdm_op_WriteResp.m_axi.p1i32, i32 %i3_addr" [src/srcnn.cpp:39]   --->   Operation 39 'writeresp' 'empty_62' <Predicate = true> <Delay = 7.30> <CoreInst = "m_axi">   --->   Core 121 'm_axi' <Latency = 0> <II = 1> <Delay = 1.00> <Adapter> <Opcode : 'read' 'write' 'readreq' 'writereq' 'writeresp'>
ST_7 : Operation 40 [3/5] (7.30ns)   --->   "%empty_64 = writeresp i1 @_ssdm_op_WriteResp.m_axi.p1i32, i32 %o_addr" [src/srcnn.cpp:42]   --->   Operation 40 'writeresp' 'empty_64' <Predicate = true> <Delay = 7.30> <CoreInst = "m_axi">   --->   Core 121 'm_axi' <Latency = 0> <II = 1> <Delay = 1.00> <Adapter> <Opcode : 'read' 'write' 'readreq' 'writereq' 'writeresp'>

State 8 <SV = 7> <Delay = 7.30>
ST_8 : Operation 41 [2/5] (7.30ns)   --->   "%empty_62 = writeresp i1 @_ssdm_op_WriteResp.m_axi.p1i32, i32 %i3_addr" [src/srcnn.cpp:39]   --->   Operation 41 'writeresp' 'empty_62' <Predicate = true> <Delay = 7.30> <CoreInst = "m_axi">   --->   Core 121 'm_axi' <Latency = 0> <II = 1> <Delay = 1.00> <Adapter> <Opcode : 'read' 'write' 'readreq' 'writereq' 'writeresp'>
ST_8 : Operation 42 [2/5] (7.30ns)   --->   "%empty_64 = writeresp i1 @_ssdm_op_WriteResp.m_axi.p1i32, i32 %o_addr" [src/srcnn.cpp:42]   --->   Operation 42 'writeresp' 'empty_64' <Predicate = true> <Delay = 7.30> <CoreInst = "m_axi">   --->   Core 121 'm_axi' <Latency = 0> <II = 1> <Delay = 1.00> <Adapter> <Opcode : 'read' 'write' 'readreq' 'writereq' 'writeresp'>

State 9 <SV = 8> <Delay = 7.30>
ST_9 : Operation 43 [1/5] (7.30ns)   --->   "%empty_62 = writeresp i1 @_ssdm_op_WriteResp.m_axi.p1i32, i32 %i3_addr" [src/srcnn.cpp:39]   --->   Operation 43 'writeresp' 'empty_62' <Predicate = true> <Delay = 7.30> <CoreInst = "m_axi">   --->   Core 121 'm_axi' <Latency = 0> <II = 1> <Delay = 1.00> <Adapter> <Opcode : 'read' 'write' 'readreq' 'writereq' 'writeresp'>
ST_9 : Operation 44 [1/5] (7.30ns)   --->   "%empty_64 = writeresp i1 @_ssdm_op_WriteResp.m_axi.p1i32, i32 %o_addr" [src/srcnn.cpp:42]   --->   Operation 44 'writeresp' 'empty_64' <Predicate = true> <Delay = 7.30> <CoreInst = "m_axi">   --->   Core 121 'm_axi' <Latency = 0> <II = 1> <Delay = 1.00> <Adapter> <Opcode : 'read' 'write' 'readreq' 'writereq' 'writeresp'>

State 10 <SV = 9> <Delay = 0.00>
ST_10 : Operation 45 [2/2] (0.00ns)   --->   "%call_ln45 = call void @conv2, i32 %i2, i64 %conv1_output_ftmap_read, i32 %w2, i64 %conv2_weights_read, i32 %conv2_biases, i32 %i3, i64 %conv2_output_ftmap_read, i32 %input_fm_buffer_1, i32 %weights_buffer_0_0_0, i32 %weights_buffer_0_0_1, i32 %weights_buffer_0_0_2, i32 %weights_buffer_0_0_3, i32 %weights_buffer_0_0_4, i32 %weights_buffer_0_0_5, i32 %weights_buffer_0_0_6, i32 %weights_buffer_0_0_7, i32 %output_fm_buffer" [src/srcnn.cpp:45]   --->   Operation 45 'call' 'call_ln45' <Predicate = true> <Delay = 0.00> <CoreType = "Generic">   --->   Core 0 '' <Latency = 0> <II = 1> <Delay = 1.00> <Generic> <Opcode : >

State 11 <SV = 10> <Delay = 0.00>
ST_11 : Operation 46 [1/2] (0.00ns)   --->   "%call_ln45 = call void @conv2, i32 %i2, i64 %conv1_output_ftmap_read, i32 %w2, i64 %conv2_weights_read, i32 %conv2_biases, i32 %i3, i64 %conv2_output_ftmap_read, i32 %input_fm_buffer_1, i32 %weights_buffer_0_0_0, i32 %weights_buffer_0_0_1, i32 %weights_buffer_0_0_2, i32 %weights_buffer_0_0_3, i32 %weights_buffer_0_0_4, i32 %weights_buffer_0_0_5, i32 %weights_buffer_0_0_6, i32 %weights_buffer_0_0_7, i32 %output_fm_buffer" [src/srcnn.cpp:45]   --->   Operation 46 'call' 'call_ln45' <Predicate = true> <Delay = 0.00> <CoreType = "Generic">   --->   Core 0 '' <Latency = 0> <II = 1> <Delay = 1.00> <Generic> <Opcode : >

State 12 <SV = 11> <Delay = 0.00>
ST_12 : Operation 47 [1/1] (0.00ns)   --->   "%conv3_biases_read = read i32 @_ssdm_op_Read.ap_auto.i32P0A, i32 %conv3_biases"   --->   Operation 47 'read' 'conv3_biases_read' <Predicate = true> <Delay = 0.00>
ST_12 : Operation 48 [1/1] (0.00ns)   --->   "%empty_65 = bitcast i32 %conv3_biases_read"   --->   Operation 48 'bitcast' 'empty_65' <Predicate = true> <Delay = 0.00>
ST_12 : Operation 49 [2/2] (0.00ns)   --->   "%call_ln48 = call void @conv3, i32 %i3, i64 %conv2_output_ftmap_read, i32 %w3, i64 %conv3_weights_read, i32 %empty_65, i32 %o, i64 %output_ftmap_read, i32 %input_fm_buffer, i32 %output_fm_buffer_0" [src/srcnn.cpp:48]   --->   Operation 49 'call' 'call_ln48' <Predicate = true> <Delay = 0.00> <CoreType = "Generic">   --->   Core 0 '' <Latency = 0> <II = 1> <Delay = 1.00> <Generic> <Opcode : >

State 13 <SV = 12> <Delay = 0.00>
ST_13 : Operation 50 [1/1] (0.00ns)   --->   "%spectopmodule_ln6 = spectopmodule void @_ssdm_op_SpecTopModule, void @empty_33" [src/srcnn.cpp:6]   --->   Operation 50 'spectopmodule' 'spectopmodule_ln6' <Predicate = true> <Delay = 0.00>
ST_13 : Operation 51 [1/1] (0.00ns)   --->   "%specinterface_ln0 = specinterface void @_ssdm_op_SpecInterface, i32 %i1, void @empty_13, i32 0, i32 0, void @empty_14, i32 0, i32 512, void @empty_25, void @empty_15, void @empty_14, i32 16, i32 16, i32 256, i32 256, void @empty_14, void @empty_14, i32 4294967295, i32 0"   --->   Operation 51 'specinterface' 'specinterface_ln0' <Predicate = true> <Delay = 0.00>
ST_13 : Operation 52 [1/1] (0.00ns)   --->   "%specbitsmap_ln0 = specbitsmap void @_ssdm_op_SpecBitsMap, i32 %i1"   --->   Operation 52 'specbitsmap' 'specbitsmap_ln0' <Predicate = true> <Delay = 0.00>
ST_13 : Operation 53 [1/1] (0.00ns)   --->   "%specinterface_ln0 = specinterface void @_ssdm_op_SpecInterface, i32 %w1, void @empty_13, i32 0, i32 0, void @empty_14, i32 0, i32 512, void @empty_5, void @empty_15, void @empty_14, i32 16, i32 16, i32 256, i32 256, void @empty_14, void @empty_14, i32 4294967295, i32 0"   --->   Operation 53 'specinterface' 'specinterface_ln0' <Predicate = true> <Delay = 0.00>
ST_13 : Operation 54 [1/1] (0.00ns)   --->   "%specbitsmap_ln0 = specbitsmap void @_ssdm_op_SpecBitsMap, i32 %w1"   --->   Operation 54 'specbitsmap' 'specbitsmap_ln0' <Predicate = true> <Delay = 0.00>
ST_13 : Operation 55 [1/1] (0.00ns)   --->   "%specinterface_ln0 = specinterface void @_ssdm_op_SpecInterface, i32 %i2, void @empty_13, i32 0, i32 0, void @empty_14, i32 0, i32 512, void @empty_16, void @empty_15, void @empty_14, i32 16, i32 16, i32 256, i32 256, void @empty_14, void @empty_14, i32 4294967295, i32 0"   --->   Operation 55 'specinterface' 'specinterface_ln0' <Predicate = true> <Delay = 0.00>
ST_13 : Operation 56 [1/1] (0.00ns)   --->   "%specbitsmap_ln0 = specbitsmap void @_ssdm_op_SpecBitsMap, i32 %i2"   --->   Operation 56 'specbitsmap' 'specbitsmap_ln0' <Predicate = true> <Delay = 0.00>
ST_13 : Operation 57 [1/1] (0.00ns)   --->   "%specinterface_ln0 = specinterface void @_ssdm_op_SpecInterface, i32 %w2, void @empty_13, i32 0, i32 0, void @empty_14, i32 0, i32 512, void @empty_17, void @empty_15, void @empty_14, i32 16, i32 16, i32 256, i32 256, void @empty_14, void @empty_14, i32 4294967295, i32 0"   --->   Operation 57 'specinterface' 'specinterface_ln0' <Predicate = true> <Delay = 0.00>
ST_13 : Operation 58 [1/1] (0.00ns)   --->   "%specbitsmap_ln0 = specbitsmap void @_ssdm_op_SpecBitsMap, i32 %w2"   --->   Operation 58 'specbitsmap' 'specbitsmap_ln0' <Predicate = true> <Delay = 0.00>
ST_13 : Operation 59 [1/1] (0.00ns)   --->   "%specinterface_ln0 = specinterface void @_ssdm_op_SpecInterface, i32 %i3, void @empty_13, i32 0, i32 0, void @empty_14, i32 0, i32 512, void @empty_18, void @empty_15, void @empty_14, i32 16, i32 16, i32 256, i32 256, void @empty_14, void @empty_14, i32 4294967295, i32 0"   --->   Operation 59 'specinterface' 'specinterface_ln0' <Predicate = true> <Delay = 0.00>
ST_13 : Operation 60 [1/1] (0.00ns)   --->   "%specbitsmap_ln0 = specbitsmap void @_ssdm_op_SpecBitsMap, i32 %i3"   --->   Operation 60 'specbitsmap' 'specbitsmap_ln0' <Predicate = true> <Delay = 0.00>
ST_13 : Operation 61 [1/1] (0.00ns)   --->   "%specinterface_ln0 = specinterface void @_ssdm_op_SpecInterface, i32 %w3, void @empty_13, i32 0, i32 0, void @empty_14, i32 0, i32 512, void @empty_19, void @empty_15, void @empty_14, i32 16, i32 16, i32 256, i32 256, void @empty_14, void @empty_14, i32 4294967295, i32 0"   --->   Operation 61 'specinterface' 'specinterface_ln0' <Predicate = true> <Delay = 0.00>
ST_13 : Operation 62 [1/1] (0.00ns)   --->   "%specbitsmap_ln0 = specbitsmap void @_ssdm_op_SpecBitsMap, i32 %w3"   --->   Operation 62 'specbitsmap' 'specbitsmap_ln0' <Predicate = true> <Delay = 0.00>
ST_13 : Operation 63 [1/1] (0.00ns)   --->   "%specinterface_ln0 = specinterface void @_ssdm_op_SpecInterface, i32 %o, void @empty_13, i32 0, i32 0, void @empty_14, i32 0, i32 512, void @empty_20, void @empty_15, void @empty_14, i32 16, i32 16, i32 256, i32 256, void @empty_14, void @empty_14, i32 4294967295, i32 0"   --->   Operation 63 'specinterface' 'specinterface_ln0' <Predicate = true> <Delay = 0.00>
ST_13 : Operation 64 [1/1] (0.00ns)   --->   "%specbitsmap_ln0 = specbitsmap void @_ssdm_op_SpecBitsMap, i32 %o"   --->   Operation 64 'specbitsmap' 'specbitsmap_ln0' <Predicate = true> <Delay = 0.00>
ST_13 : Operation 65 [1/1] (0.00ns)   --->   "%specinterface_ln0 = specinterface void @_ssdm_op_SpecInterface, i64 %input_ftmap, void @empty_21, i32 0, i32 0, void @empty_14, i32 0, i32 0, void @empty_22, void @empty_23, void @empty_14, i32 0, i32 0, i32 0, i32 0, void @empty_14, void @empty_24, i32 4294967295, i32 0"   --->   Operation 65 'specinterface' 'specinterface_ln0' <Predicate = true> <Delay = 0.00>
ST_13 : Operation 66 [1/1] (0.00ns)   --->   "%specinterface_ln0 = specinterface void @_ssdm_op_SpecInterface, i64 %input_ftmap, void @empty_3, i32 0, i32 0, void @empty_14, i32 0, i32 0, void @empty_14, void @empty_14, void @empty_14, i32 0, i32 0, i32 0, i32 0, void @empty_14, void @empty_24, i32 4294967295, i32 0"   --->   Operation 66 'specinterface' 'specinterface_ln0' <Predicate = true> <Delay = 0.00>
ST_13 : Operation 67 [1/1] (0.00ns)   --->   "%specinterface_ln0 = specinterface void @_ssdm_op_SpecInterface, i64 %conv1_weights, void @empty_21, i32 0, i32 0, void @empty_14, i32 0, i32 0, void @empty_22, void @empty_11, void @empty_14, i32 0, i32 0, i32 0, i32 0, void @empty_14, void @empty_24, i32 4294967295, i32 0"   --->   Operation 67 'specinterface' 'specinterface_ln0' <Predicate = true> <Delay = 0.00>
ST_13 : Operation 68 [1/1] (0.00ns)   --->   "%specinterface_ln0 = specinterface void @_ssdm_op_SpecInterface, i64 %conv1_weights, void @empty_3, i32 0, i32 0, void @empty_14, i32 0, i32 0, void @empty_14, void @empty_14, void @empty_14, i32 0, i32 0, i32 0, i32 0, void @empty_14, void @empty_24, i32 4294967295, i32 0"   --->   Operation 68 'specinterface' 'specinterface_ln0' <Predicate = true> <Delay = 0.00>
ST_13 : Operation 69 [1/1] (0.00ns)   --->   "%specinterface_ln0 = specinterface void @_ssdm_op_SpecInterface, i32 %conv1_biases, void @empty_26, i32 0, i32 0, void @empty_14, i32 4294967295, i32 0, void @empty_14, void @empty_14, void @empty_14, i32 0, i32 0, i32 0, i32 0, void @empty_14, void @empty_14, i32 4294967295, i32 0"   --->   Operation 69 'specinterface' 'specinterface_ln0' <Predicate = true> <Delay = 0.00>
ST_13 : Operation 70 [1/1] (0.00ns)   --->   "%specbitsmap_ln0 = specbitsmap void @_ssdm_op_SpecBitsMap, i32 %conv1_biases"   --->   Operation 70 'specbitsmap' 'specbitsmap_ln0' <Predicate = true> <Delay = 0.00>
ST_13 : Operation 71 [1/1] (0.00ns)   --->   "%specinterface_ln0 = specinterface void @_ssdm_op_SpecInterface, i64 %conv1_output_ftmap, void @empty_21, i32 0, i32 0, void @empty_14, i32 0, i32 0, void @empty_22, void @empty_27, void @empty_14, i32 0, i32 0, i32 0, i32 0, void @empty_14, void @empty_24, i32 4294967295, i32 0"   --->   Operation 71 'specinterface' 'specinterface_ln0' <Predicate = true> <Delay = 0.00>
ST_13 : Operation 72 [1/1] (0.00ns)   --->   "%specinterface_ln0 = specinterface void @_ssdm_op_SpecInterface, i64 %conv1_output_ftmap, void @empty_3, i32 0, i32 0, void @empty_14, i32 0, i32 0, void @empty_14, void @empty_14, void @empty_14, i32 0, i32 0, i32 0, i32 0, void @empty_14, void @empty_24, i32 4294967295, i32 0"   --->   Operation 72 'specinterface' 'specinterface_ln0' <Predicate = true> <Delay = 0.00>
ST_13 : Operation 73 [1/1] (0.00ns)   --->   "%specinterface_ln0 = specinterface void @_ssdm_op_SpecInterface, i64 %conv2_weights, void @empty_21, i32 0, i32 0, void @empty_14, i32 0, i32 0, void @empty_22, void @empty_29, void @empty_14, i32 0, i32 0, i32 0, i32 0, void @empty_14, void @empty_24, i32 4294967295, i32 0"   --->   Operation 73 'specinterface' 'specinterface_ln0' <Predicate = true> <Delay = 0.00>
ST_13 : Operation 74 [1/1] (0.00ns)   --->   "%specinterface_ln0 = specinterface void @_ssdm_op_SpecInterface, i64 %conv2_weights, void @empty_3, i32 0, i32 0, void @empty_14, i32 0, i32 0, void @empty_14, void @empty_14, void @empty_14, i32 0, i32 0, i32 0, i32 0, void @empty_14, void @empty_24, i32 4294967295, i32 0"   --->   Operation 74 'specinterface' 'specinterface_ln0' <Predicate = true> <Delay = 0.00>
ST_13 : Operation 75 [1/1] (0.00ns)   --->   "%specinterface_ln0 = specinterface void @_ssdm_op_SpecInterface, i32 %conv2_biases, void @empty_26, i32 0, i32 0, void @empty_14, i32 4294967295, i32 0, void @empty_14, void @empty_14, void @empty_14, i32 0, i32 0, i32 0, i32 0, void @empty_14, void @empty_14, i32 4294967295, i32 0"   --->   Operation 75 'specinterface' 'specinterface_ln0' <Predicate = true> <Delay = 0.00>
ST_13 : Operation 76 [1/1] (0.00ns)   --->   "%specbitsmap_ln0 = specbitsmap void @_ssdm_op_SpecBitsMap, i32 %conv2_biases"   --->   Operation 76 'specbitsmap' 'specbitsmap_ln0' <Predicate = true> <Delay = 0.00>
ST_13 : Operation 77 [1/1] (0.00ns)   --->   "%specinterface_ln0 = specinterface void @_ssdm_op_SpecInterface, i64 %conv2_output_ftmap, void @empty_21, i32 0, i32 0, void @empty_14, i32 0, i32 0, void @empty_22, void @empty_28, void @empty_14, i32 0, i32 0, i32 0, i32 0, void @empty_14, void @empty_24, i32 4294967295, i32 0"   --->   Operation 77 'specinterface' 'specinterface_ln0' <Predicate = true> <Delay = 0.00>
ST_13 : Operation 78 [1/1] (0.00ns)   --->   "%specinterface_ln0 = specinterface void @_ssdm_op_SpecInterface, i64 %conv2_output_ftmap, void @empty_3, i32 0, i32 0, void @empty_14, i32 0, i32 0, void @empty_14, void @empty_14, void @empty_14, i32 0, i32 0, i32 0, i32 0, void @empty_14, void @empty_24, i32 4294967295, i32 0"   --->   Operation 78 'specinterface' 'specinterface_ln0' <Predicate = true> <Delay = 0.00>
ST_13 : Operation 79 [1/1] (0.00ns)   --->   "%specinterface_ln0 = specinterface void @_ssdm_op_SpecInterface, i64 %conv3_weights, void @empty_21, i32 0, i32 0, void @empty_14, i32 0, i32 0, void @empty_22, void @empty_30, void @empty_14, i32 0, i32 0, i32 0, i32 0, void @empty_14, void @empty_24, i32 4294967295, i32 0"   --->   Operation 79 'specinterface' 'specinterface_ln0' <Predicate = true> <Delay = 0.00>
ST_13 : Operation 80 [1/1] (0.00ns)   --->   "%specinterface_ln0 = specinterface void @_ssdm_op_SpecInterface, i64 %conv3_weights, void @empty_3, i32 0, i32 0, void @empty_14, i32 0, i32 0, void @empty_14, void @empty_14, void @empty_14, i32 0, i32 0, i32 0, i32 0, void @empty_14, void @empty_24, i32 4294967295, i32 0"   --->   Operation 80 'specinterface' 'specinterface_ln0' <Predicate = true> <Delay = 0.00>
ST_13 : Operation 81 [1/1] (0.00ns)   --->   "%specbitsmap_ln0 = specbitsmap void @_ssdm_op_SpecBitsMap, i32 %conv3_biases"   --->   Operation 81 'specbitsmap' 'specbitsmap_ln0' <Predicate = true> <Delay = 0.00>
ST_13 : Operation 82 [1/1] (0.00ns)   --->   "%specinterface_ln0 = specinterface void @_ssdm_op_SpecInterface, i32 %conv3_biases, void @empty_3, i32 0, i32 0, void @empty_14, i32 0, i32 0, void @empty_14, void @empty_14, void @empty_14, i32 0, i32 0, i32 0, i32 0, void @empty_14, void @empty_14, i32 4294967295, i32 0"   --->   Operation 82 'specinterface' 'specinterface_ln0' <Predicate = true> <Delay = 0.00>
ST_13 : Operation 83 [1/1] (0.00ns)   --->   "%specinterface_ln0 = specinterface void @_ssdm_op_SpecInterface, i64 %output_ftmap, void @empty_21, i32 0, i32 0, void @empty_14, i32 0, i32 0, void @empty_22, void @empty_31, void @empty_14, i32 0, i32 0, i32 0, i32 0, void @empty_14, void @empty_24, i32 4294967295, i32 0"   --->   Operation 83 'specinterface' 'specinterface_ln0' <Predicate = true> <Delay = 0.00>
ST_13 : Operation 84 [1/1] (0.00ns)   --->   "%specinterface_ln0 = specinterface void @_ssdm_op_SpecInterface, i64 %output_ftmap, void @empty_3, i32 0, i32 0, void @empty_14, i32 0, i32 0, void @empty_14, void @empty_14, void @empty_14, i32 0, i32 0, i32 0, i32 0, void @empty_14, void @empty_24, i32 4294967295, i32 0"   --->   Operation 84 'specinterface' 'specinterface_ln0' <Predicate = true> <Delay = 0.00>
ST_13 : Operation 85 [1/1] (0.00ns)   --->   "%specinterface_ln0 = specinterface void @_ssdm_op_SpecInterface, i32 0, void @empty_21, i32 0, i32 0, void @empty_14, i32 0, i32 0, void @empty_22, void @empty_14, void @empty_14, i32 0, i32 0, i32 0, i32 0, void @empty_14, void @empty_14, i32 4294967295, i32 0"   --->   Operation 85 'specinterface' 'specinterface_ln0' <Predicate = true> <Delay = 0.00>
ST_13 : Operation 86 [1/2] (0.00ns)   --->   "%call_ln48 = call void @conv3, i32 %i3, i64 %conv2_output_ftmap_read, i32 %w3, i64 %conv3_weights_read, i32 %empty_65, i32 %o, i64 %output_ftmap_read, i32 %input_fm_buffer, i32 %output_fm_buffer_0" [src/srcnn.cpp:48]   --->   Operation 86 'call' 'call_ln48' <Predicate = true> <Delay = 0.00> <CoreType = "Generic">   --->   Core 0 '' <Latency = 0> <II = 1> <Delay = 1.00> <Generic> <Opcode : >
ST_13 : Operation 87 [1/1] (0.00ns)   --->   "%ret_ln50 = ret" [src/srcnn.cpp:50]   --->   Operation 87 'ret' 'ret_ln50' <Predicate = true> <Delay = 0.00>


============================================================
+ Verbose Summary: Binding
============================================================
STG Binding: 
---------------- STG Properties BEGIN ----------------
- Is combinational: 0
- Is one-state seq: 0
- Is datapath-only: 0
- Is pipelined: 0
- Is top level: 1
Port [ Return ] is wired: 1; IO mode=ap_ctrl_hs:ce=0
Port [ i1]:  wired=1; compound=1; hidden=0; nouse=0; global=0; static=0; extern=0; dir=0; type=4; pingpong=0; private_global=0; IO mode=m_axi:ce=0
Port [ w1]:  wired=1; compound=1; hidden=0; nouse=0; global=0; static=0; extern=0; dir=0; type=4; pingpong=0; private_global=0; IO mode=m_axi:ce=0
Port [ i2]:  wired=1; compound=1; hidden=0; nouse=0; global=0; static=0; extern=0; dir=2; type=4; pingpong=0; private_global=0; IO mode=m_axi:ce=0
Port [ w2]:  wired=1; compound=1; hidden=0; nouse=0; global=0; static=0; extern=0; dir=0; type=4; pingpong=0; private_global=0; IO mode=m_axi:ce=0
Port [ i3]:  wired=1; compound=1; hidden=0; nouse=0; global=0; static=0; extern=0; dir=2; type=4; pingpong=0; private_global=0; IO mode=m_axi:ce=0
Port [ w3]:  wired=1; compound=1; hidden=0; nouse=0; global=0; static=0; extern=0; dir=0; type=4; pingpong=0; private_global=0; IO mode=m_axi:ce=0
Port [ o]:  wired=1; compound=1; hidden=0; nouse=0; global=0; static=0; extern=0; dir=2; type=4; pingpong=0; private_global=0; IO mode=m_axi:ce=0
Port [ input_ftmap]:  wired=1; compound=0; hidden=0; nouse=0; global=0; static=0; extern=0; dir=0; type=0; pingpong=0; private_global=0; IO mode=ap_none:ce=0
Port [ conv1_weights]:  wired=1; compound=0; hidden=0; nouse=0; global=0; static=0; extern=0; dir=0; type=0; pingpong=0; private_global=0; IO mode=ap_none:ce=0
Port [ conv1_biases]:  wired=1; compound=1; hidden=0; nouse=0; global=0; static=0; extern=0; dir=0; type=1; pingpong=0; private_global=0; MemPort=[13]; IO mode=ap_memory:ce=0
Port [ conv1_output_ftmap]:  wired=1; compound=0; hidden=0; nouse=0; global=0; static=0; extern=0; dir=0; type=0; pingpong=0; private_global=0; IO mode=ap_none:ce=0
Port [ conv2_weights]:  wired=1; compound=0; hidden=0; nouse=0; global=0; static=0; extern=0; dir=0; type=0; pingpong=0; private_global=0; IO mode=ap_none:ce=0
Port [ conv2_biases]:  wired=1; compound=1; hidden=0; nouse=0; global=0; static=0; extern=0; dir=0; type=1; pingpong=0; private_global=0; MemPort=[13]; IO mode=ap_memory:ce=0
Port [ conv2_output_ftmap]:  wired=1; compound=0; hidden=0; nouse=0; global=0; static=0; extern=0; dir=0; type=0; pingpong=0; private_global=0; IO mode=ap_none:ce=0
Port [ conv3_weights]:  wired=1; compound=0; hidden=0; nouse=0; global=0; static=0; extern=0; dir=0; type=0; pingpong=0; private_global=0; IO mode=ap_none:ce=0
Port [ conv3_biases]:  wired=1; compound=0; hidden=0; nouse=0; global=0; static=0; extern=0; dir=0; type=0; pingpong=0; private_global=0; IO mode=ap_none:ce=0
Port [ output_ftmap]:  wired=1; compound=0; hidden=0; nouse=0; global=0; static=0; extern=0; dir=0; type=0; pingpong=0; private_global=0; IO mode=ap_none:ce=0
Port [ conv1_float_255_255_float_1_9_9_float_float_255_255_ou_7]:  wired=0; compound=1; hidden=1; nouse=1; global=1; static=1; extern=0; dir=2; type=1; pingpong=0; private_global=0; MemPort=[21]; IO mode=ap_memory:ce=0
Port [ conv1_float_255_255_float_1_9_9_float_float_255_255_ou_3]:  wired=0; compound=1; hidden=1; nouse=1; global=1; static=1; extern=0; dir=2; type=1; pingpong=0; private_global=0; MemPort=[21]; IO mode=ap_memory:ce=0
Port [ p_ZZ5conv1PA255_A255_fPA1_A9_A9_fPfS1_E13weight_buffer_0_0]:  wired=0; compound=1; hidden=1; nouse=1; global=1; static=1; extern=0; dir=2; type=1; pingpong=0; private_global=0; MemPort=[21]; IO mode=ap_memory:ce=0
Port [ p_ZZ5conv1PA255_A255_fPA1_A9_A9_fPfS1_E13weight_buffer_1_0]:  wired=0; compound=1; hidden=1; nouse=1; global=1; static=1; extern=0; dir=2; type=1; pingpong=0; private_global=0; MemPort=[21]; IO mode=ap_memory:ce=0
Port [ conv1_float_255_255_float_1_9_9_float_float_255_255_in_3]:  wired=0; compound=1; hidden=1; nouse=1; global=1; static=1; extern=0; dir=2; type=1; pingpong=0; private_global=0; MemPort=[20]; IO mode=ap_memory:ce=0
Port [ conv1_float_255_255_float_1_9_9_float_float_255_255_in_1]:  wired=0; compound=1; hidden=1; nouse=1; global=1; static=1; extern=0; dir=2; type=1; pingpong=0; private_global=0; MemPort=[20]; IO mode=ap_memory:ce=0
Port [ conv1_float_255_255_float_1_9_9_float_float_255_255_in]:  wired=0; compound=1; hidden=1; nouse=1; global=1; static=1; extern=0; dir=2; type=1; pingpong=0; private_global=0; MemPort=[20]; IO mode=ap_memory:ce=0
Port [ conv1_float_255_255_float_1_9_9_float_float_255_255_in_2]:  wired=0; compound=1; hidden=1; nouse=1; global=1; static=1; extern=0; dir=2; type=1; pingpong=0; private_global=0; MemPort=[20]; IO mode=ap_memory:ce=0
Port [ conv1_float_255_255_float_1_9_9_float_float_255_255_ou_6]:  wired=0; compound=1; hidden=1; nouse=1; global=1; static=1; extern=0; dir=2; type=1; pingpong=0; private_global=0; MemPort=[21]; IO mode=ap_memory:ce=0
Port [ conv1_float_255_255_float_1_9_9_float_float_255_255_ou_5]:  wired=0; compound=1; hidden=1; nouse=1; global=1; static=1; extern=0; dir=2; type=1; pingpong=0; private_global=0; MemPort=[21]; IO mode=ap_memory:ce=0
Port [ conv1_float_255_255_float_1_9_9_float_float_255_255_ou_4]:  wired=0; compound=1; hidden=1; nouse=1; global=1; static=1; extern=0; dir=2; type=1; pingpong=0; private_global=0; MemPort=[21]; IO mode=ap_memory:ce=0
Port [ conv1_float_255_255_float_1_9_9_float_float_255_255_ou_2]:  wired=0; compound=1; hidden=1; nouse=1; global=1; static=1; extern=0; dir=2; type=1; pingpong=0; private_global=0; MemPort=[21]; IO mode=ap_memory:ce=0
Port [ conv1_float_255_255_float_1_9_9_float_float_255_255_ou_1]:  wired=0; compound=1; hidden=1; nouse=1; global=1; static=1; extern=0; dir=2; type=1; pingpong=0; private_global=0; MemPort=[21]; IO mode=ap_memory:ce=0
Port [ conv1_float_255_255_float_1_9_9_float_float_255_255_ou]:  wired=0; compound=1; hidden=1; nouse=1; global=1; static=1; extern=0; dir=2; type=1; pingpong=0; private_global=0; MemPort=[21]; IO mode=ap_memory:ce=0
Port [ input_fm_buffer_1]:  wired=0; compound=1; hidden=1; nouse=1; global=1; static=1; extern=0; dir=2; type=1; pingpong=0; private_global=0; MemPort=[21]; IO mode=ap_memory:ce=0
Port [ weights_buffer_0_0_0]:  wired=0; compound=1; hidden=1; nouse=1; global=1; static=1; extern=0; dir=2; type=1; pingpong=0; private_global=0; MemPort=[23]; IO mode=ap_memory:ce=0
Port [ weights_buffer_0_0_1]:  wired=0; compound=1; hidden=1; nouse=1; global=1; static=1; extern=0; dir=2; type=1; pingpong=0; private_global=0; MemPort=[23]; IO mode=ap_memory:ce=0
Port [ weights_buffer_0_0_2]:  wired=0; compound=1; hidden=1; nouse=1; global=1; static=1; extern=0; dir=2; type=1; pingpong=0; private_global=0; MemPort=[23]; IO mode=ap_memory:ce=0
Port [ weights_buffer_0_0_3]:  wired=0; compound=1; hidden=1; nouse=1; global=1; static=1; extern=0; dir=2; type=1; pingpong=0; private_global=0; MemPort=[23]; IO mode=ap_memory:ce=0
Port [ weights_buffer_0_0_4]:  wired=0; compound=1; hidden=1; nouse=1; global=1; static=1; extern=0; dir=2; type=1; pingpong=0; private_global=0; MemPort=[23]; IO mode=ap_memory:ce=0
Port [ weights_buffer_0_0_5]:  wired=0; compound=1; hidden=1; nouse=1; global=1; static=1; extern=0; dir=2; type=1; pingpong=0; private_global=0; MemPort=[23]; IO mode=ap_memory:ce=0
Port [ weights_buffer_0_0_6]:  wired=0; compound=1; hidden=1; nouse=1; global=1; static=1; extern=0; dir=2; type=1; pingpong=0; private_global=0; MemPort=[23]; IO mode=ap_memory:ce=0
Port [ weights_buffer_0_0_7]:  wired=0; compound=1; hidden=1; nouse=1; global=1; static=1; extern=0; dir=2; type=1; pingpong=0; private_global=0; MemPort=[23]; IO mode=ap_memory:ce=0
Port [ output_fm_buffer]:  wired=0; compound=1; hidden=1; nouse=1; global=1; static=1; extern=0; dir=2; type=1; pingpong=0; private_global=0; MemPort=[23]; IO mode=ap_memory:ce=0
Port [ input_fm_buffer]:  wired=0; compound=1; hidden=1; nouse=1; global=1; static=1; extern=0; dir=2; type=1; pingpong=0; private_global=0; MemPort=[23]; IO mode=ap_memory:ce=0
Port [ output_fm_buffer_0]:  wired=0; compound=1; hidden=1; nouse=1; global=1; static=1; extern=0; dir=2; type=1; pingpong=0; private_global=0; MemPort=[23]; IO mode=ap_memory:ce=0
---------------- STG Properties END ------------------

---------------- Datapath Model BEGIN ----------------

<LifeTime>
<method=bitvector/>
output_ftmap_read       (read         ) [ 00111111111111]
conv3_weights_read      (read         ) [ 00111111111111]
conv2_output_ftmap_read (read         ) [ 00111111111111]
conv2_weights_read      (read         ) [ 00111111111100]
conv1_output_ftmap_read (read         ) [ 00111111111100]
conv1_weights_read      (read         ) [ 00111000000000]
input_ftmap_read        (read         ) [ 00111000000000]
trunc_ln                (partselect   ) [ 00111000000000]
trunc_ln1               (partselect   ) [ 00111000000000]
sext_ln38               (sext         ) [ 00000000000000]
i3_addr                 (getelementptr) [ 00011111110000]
empty                   (writereq     ) [ 00000000000000]
sext_ln39               (sext         ) [ 00000000000000]
o_addr                  (getelementptr) [ 00011111110000]
empty_63                (writereq     ) [ 00000000000000]
call_ln38               (call         ) [ 00000000000000]
call_ln39               (call         ) [ 00000000000000]
call_ln42               (call         ) [ 00000000000000]
empty_62                (writeresp    ) [ 00000000000000]
empty_64                (writeresp    ) [ 00000000000000]
call_ln45               (call         ) [ 00000000000000]
conv3_biases_read       (read         ) [ 00000000000000]
empty_65                (bitcast      ) [ 00000000000001]
spectopmodule_ln6       (spectopmodule) [ 00000000000000]
specinterface_ln0       (specinterface) [ 00000000000000]
specbitsmap_ln0         (specbitsmap  ) [ 00000000000000]
specinterface_ln0       (specinterface) [ 00000000000000]
specbitsmap_ln0         (specbitsmap  ) [ 00000000000000]
specinterface_ln0       (specinterface) [ 00000000000000]
specbitsmap_ln0         (specbitsmap  ) [ 00000000000000]
specinterface_ln0       (specinterface) [ 00000000000000]
specbitsmap_ln0         (specbitsmap  ) [ 00000000000000]
specinterface_ln0       (specinterface) [ 00000000000000]
specbitsmap_ln0         (specbitsmap  ) [ 00000000000000]
specinterface_ln0       (specinterface) [ 00000000000000]
specbitsmap_ln0         (specbitsmap  ) [ 00000000000000]
specinterface_ln0       (specinterface) [ 00000000000000]
specbitsmap_ln0         (specbitsmap  ) [ 00000000000000]
specinterface_ln0       (specinterface) [ 00000000000000]
specinterface_ln0       (specinterface) [ 00000000000000]
specinterface_ln0       (specinterface) [ 00000000000000]
specinterface_ln0       (specinterface) [ 00000000000000]
specinterface_ln0       (specinterface) [ 00000000000000]
specbitsmap_ln0         (specbitsmap  ) [ 00000000000000]
specinterface_ln0       (specinterface) [ 00000000000000]
specinterface_ln0       (specinterface) [ 00000000000000]
specinterface_ln0       (specinterface) [ 00000000000000]
specinterface_ln0       (specinterface) [ 00000000000000]
specinterface_ln0       (specinterface) [ 00000000000000]
specbitsmap_ln0         (specbitsmap  ) [ 00000000000000]
specinterface_ln0       (specinterface) [ 00000000000000]
specinterface_ln0       (specinterface) [ 00000000000000]
specinterface_ln0       (specinterface) [ 00000000000000]
specinterface_ln0       (specinterface) [ 00000000000000]
specbitsmap_ln0         (specbitsmap  ) [ 00000000000000]
specinterface_ln0       (specinterface) [ 00000000000000]
specinterface_ln0       (specinterface) [ 00000000000000]
specinterface_ln0       (specinterface) [ 00000000000000]
specinterface_ln0       (specinterface) [ 00000000000000]
call_ln48               (call         ) [ 00000000000000]
ret_ln50                (ret          ) [ 00000000000000]
</LifeTime>

<model>

<comp_list>
<comp id="0" class="1000" name="i1">
<pin_list>
<pin id="1" dir="1" index="0" bw="1" slack="0"/>
</pin_list>
<bind>
<StgValue><ssdm name="i1"/></StgValue>
</bind>
</comp>

<comp id="2" class="1000" name="w1">
<pin_list>
<pin id="3" dir="1" index="0" bw="1" slack="0"/>
</pin_list>
<bind>
<StgValue><ssdm name="w1"/></StgValue>
</bind>
</comp>

<comp id="4" class="1000" name="i2">
<pin_list>
<pin id="5" dir="1" index="0" bw="1" slack="0"/>
</pin_list>
<bind>
<StgValue><ssdm name="i2"/></StgValue>
</bind>
</comp>

<comp id="6" class="1000" name="w2">
<pin_list>
<pin id="7" dir="1" index="0" bw="1" slack="0"/>
</pin_list>
<bind>
<StgValue><ssdm name="w2"/></StgValue>
</bind>
</comp>

<comp id="8" class="1000" name="i3">
<pin_list>
<pin id="9" dir="1" index="0" bw="1" slack="0"/>
</pin_list>
<bind>
<StgValue><ssdm name="i3"/></StgValue>
</bind>
</comp>

<comp id="10" class="1000" name="w3">
<pin_list>
<pin id="11" dir="1" index="0" bw="1" slack="0"/>
</pin_list>
<bind>
<StgValue><ssdm name="w3"/></StgValue>
</bind>
</comp>

<comp id="12" class="1000" name="o">
<pin_list>
<pin id="13" dir="1" index="0" bw="1" slack="0"/>
</pin_list>
<bind>
<StgValue><ssdm name="o"/></StgValue>
</bind>
</comp>

<comp id="14" class="1000" name="input_ftmap">
<pin_list>
<pin id="15" dir="1" index="0" bw="1" slack="0"/>
</pin_list>
<bind>
<StgValue><ssdm name="input_ftmap"/></StgValue>
</bind>
</comp>

<comp id="16" class="1000" name="conv1_weights">
<pin_list>
<pin id="17" dir="1" index="0" bw="1" slack="0"/>
</pin_list>
<bind>
<StgValue><ssdm name="conv1_weights"/></StgValue>
</bind>
</comp>

<comp id="18" class="1000" name="conv1_biases">
<pin_list>
<pin id="19" dir="1" index="0" bw="1" slack="0"/>
</pin_list>
<bind>
<StgValue><ssdm name="conv1_biases"/><MemPortTyVec>1 3 </MemPortTyVec>
</StgValue>
</bind>
</comp>

<comp id="20" class="1000" name="conv1_output_ftmap">
<pin_list>
<pin id="21" dir="1" index="0" bw="1" slack="0"/>
</pin_list>
<bind>
<StgValue><ssdm name="conv1_output_ftmap"/></StgValue>
</bind>
</comp>

<comp id="22" class="1000" name="conv2_weights">
<pin_list>
<pin id="23" dir="1" index="0" bw="1" slack="0"/>
</pin_list>
<bind>
<StgValue><ssdm name="conv2_weights"/></StgValue>
</bind>
</comp>

<comp id="24" class="1000" name="conv2_biases">
<pin_list>
<pin id="25" dir="1" index="0" bw="1" slack="0"/>
</pin_list>
<bind>
<StgValue><ssdm name="conv2_biases"/><MemPortTyVec>1 3 </MemPortTyVec>
</StgValue>
</bind>
</comp>

<comp id="26" class="1000" name="conv2_output_ftmap">
<pin_list>
<pin id="27" dir="1" index="0" bw="1" slack="0"/>
</pin_list>
<bind>
<StgValue><ssdm name="conv2_output_ftmap"/></StgValue>
</bind>
</comp>

<comp id="28" class="1000" name="conv3_weights">
<pin_list>
<pin id="29" dir="1" index="0" bw="1" slack="0"/>
</pin_list>
<bind>
<StgValue><ssdm name="conv3_weights"/></StgValue>
</bind>
</comp>

<comp id="30" class="1000" name="conv3_biases">
<pin_list>
<pin id="31" dir="1" index="0" bw="1" slack="0"/>
</pin_list>
<bind>
<StgValue><ssdm name="conv3_biases"/></StgValue>
</bind>
</comp>

<comp id="32" class="1000" name="output_ftmap">
<pin_list>
<pin id="33" dir="1" index="0" bw="1" slack="0"/>
</pin_list>
<bind>
<StgValue><ssdm name="output_ftmap"/></StgValue>
</bind>
</comp>

<comp id="34" class="1000" name="conv1_float_255_255_float_1_9_9_float_float_255_255_ou_7">
<pin_list>
<pin id="35" dir="1" index="0" bw="1" slack="0"/>
</pin_list>
<bind>
<StgValue><ssdm name="conv1_float_255_255_float_1_9_9_float_float_255_255_ou_7"/><MemPortTyVec>2 1 </MemPortTyVec>
</StgValue>
</bind>
</comp>

<comp id="36" class="1000" name="conv1_float_255_255_float_1_9_9_float_float_255_255_ou_3">
<pin_list>
<pin id="37" dir="1" index="0" bw="1" slack="0"/>
</pin_list>
<bind>
<StgValue><ssdm name="conv1_float_255_255_float_1_9_9_float_float_255_255_ou_3"/><MemPortTyVec>2 1 </MemPortTyVec>
</StgValue>
</bind>
</comp>

<comp id="38" class="1000" name="p_ZZ5conv1PA255_A255_fPA1_A9_A9_fPfS1_E13weight_buffer_0_0">
<pin_list>
<pin id="39" dir="1" index="0" bw="1" slack="0"/>
</pin_list>
<bind>
<StgValue><ssdm name="p_ZZ5conv1PA255_A255_fPA1_A9_A9_fPfS1_E13weight_buffer_0_0"/><MemPortTyVec>2 1 </MemPortTyVec>
</StgValue>
</bind>
</comp>

<comp id="40" class="1000" name="p_ZZ5conv1PA255_A255_fPA1_A9_A9_fPfS1_E13weight_buffer_1_0">
<pin_list>
<pin id="41" dir="1" index="0" bw="1" slack="0"/>
</pin_list>
<bind>
<StgValue><ssdm name="p_ZZ5conv1PA255_A255_fPA1_A9_A9_fPfS1_E13weight_buffer_1_0"/><MemPortTyVec>2 1 </MemPortTyVec>
</StgValue>
</bind>
</comp>

<comp id="42" class="1000" name="conv1_float_255_255_float_1_9_9_float_float_255_255_in_3">
<pin_list>
<pin id="43" dir="1" index="0" bw="1" slack="0"/>
</pin_list>
<bind>
<StgValue><ssdm name="conv1_float_255_255_float_1_9_9_float_float_255_255_in_3"/><MemPortTyVec>2 0 </MemPortTyVec>
</StgValue>
</bind>
</comp>

<comp id="44" class="1000" name="conv1_float_255_255_float_1_9_9_float_float_255_255_in_1">
<pin_list>
<pin id="45" dir="1" index="0" bw="1" slack="0"/>
</pin_list>
<bind>
<StgValue><ssdm name="conv1_float_255_255_float_1_9_9_float_float_255_255_in_1"/><MemPortTyVec>2 0 </MemPortTyVec>
</StgValue>
</bind>
</comp>

<comp id="46" class="1000" name="conv1_float_255_255_float_1_9_9_float_float_255_255_in">
<pin_list>
<pin id="47" dir="1" index="0" bw="1" slack="0"/>
</pin_list>
<bind>
<StgValue><ssdm name="conv1_float_255_255_float_1_9_9_float_float_255_255_in"/><MemPortTyVec>2 0 </MemPortTyVec>
</StgValue>
</bind>
</comp>

<comp id="48" class="1000" name="conv1_float_255_255_float_1_9_9_float_float_255_255_in_2">
<pin_list>
<pin id="49" dir="1" index="0" bw="1" slack="0"/>
</pin_list>
<bind>
<StgValue><ssdm name="conv1_float_255_255_float_1_9_9_float_float_255_255_in_2"/><MemPortTyVec>2 0 </MemPortTyVec>
</StgValue>
</bind>
</comp>

<comp id="50" class="1000" name="conv1_float_255_255_float_1_9_9_float_float_255_255_ou_6">
<pin_list>
<pin id="51" dir="1" index="0" bw="1" slack="0"/>
</pin_list>
<bind>
<StgValue><ssdm name="conv1_float_255_255_float_1_9_9_float_float_255_255_ou_6"/><MemPortTyVec>2 1 </MemPortTyVec>
</StgValue>
</bind>
</comp>

<comp id="52" class="1000" name="conv1_float_255_255_float_1_9_9_float_float_255_255_ou_5">
<pin_list>
<pin id="53" dir="1" index="0" bw="1" slack="0"/>
</pin_list>
<bind>
<StgValue><ssdm name="conv1_float_255_255_float_1_9_9_float_float_255_255_ou_5"/><MemPortTyVec>2 1 </MemPortTyVec>
</StgValue>
</bind>
</comp>

<comp id="54" class="1000" name="conv1_float_255_255_float_1_9_9_float_float_255_255_ou_4">
<pin_list>
<pin id="55" dir="1" index="0" bw="1" slack="0"/>
</pin_list>
<bind>
<StgValue><ssdm name="conv1_float_255_255_float_1_9_9_float_float_255_255_ou_4"/><MemPortTyVec>2 1 </MemPortTyVec>
</StgValue>
</bind>
</comp>

<comp id="56" class="1000" name="conv1_float_255_255_float_1_9_9_float_float_255_255_ou_2">
<pin_list>
<pin id="57" dir="1" index="0" bw="1" slack="0"/>
</pin_list>
<bind>
<StgValue><ssdm name="conv1_float_255_255_float_1_9_9_float_float_255_255_ou_2"/><MemPortTyVec>2 1 </MemPortTyVec>
</StgValue>
</bind>
</comp>

<comp id="58" class="1000" name="conv1_float_255_255_float_1_9_9_float_float_255_255_ou_1">
<pin_list>
<pin id="59" dir="1" index="0" bw="1" slack="0"/>
</pin_list>
<bind>
<StgValue><ssdm name="conv1_float_255_255_float_1_9_9_float_float_255_255_ou_1"/><MemPortTyVec>2 1 </MemPortTyVec>
</StgValue>
</bind>
</comp>

<comp id="60" class="1000" name="conv1_float_255_255_float_1_9_9_float_float_255_255_ou">
<pin_list>
<pin id="61" dir="1" index="0" bw="1" slack="0"/>
</pin_list>
<bind>
<StgValue><ssdm name="conv1_float_255_255_float_1_9_9_float_float_255_255_ou"/><MemPortTyVec>2 1 </MemPortTyVec>
</StgValue>
</bind>
</comp>

<comp id="62" class="1000" name="input_fm_buffer_1">
<pin_list>
<pin id="63" dir="1" index="0" bw="1" slack="0"/>
</pin_list>
<bind>
<StgValue><ssdm name="input_fm_buffer_1"/><MemPortTyVec>2 1 </MemPortTyVec>
</StgValue>
</bind>
</comp>

<comp id="64" class="1000" name="weights_buffer_0_0_0">
<pin_list>
<pin id="65" dir="1" index="0" bw="1" slack="0"/>
</pin_list>
<bind>
<StgValue><ssdm name="weights_buffer_0_0_0"/><MemPortTyVec>2 3 </MemPortTyVec>
</StgValue>
</bind>
</comp>

<comp id="66" class="1000" name="weights_buffer_0_0_1">
<pin_list>
<pin id="67" dir="1" index="0" bw="1" slack="0"/>
</pin_list>
<bind>
<StgValue><ssdm name="weights_buffer_0_0_1"/><MemPortTyVec>2 3 </MemPortTyVec>
</StgValue>
</bind>
</comp>

<comp id="68" class="1000" name="weights_buffer_0_0_2">
<pin_list>
<pin id="69" dir="1" index="0" bw="1" slack="0"/>
</pin_list>
<bind>
<StgValue><ssdm name="weights_buffer_0_0_2"/><MemPortTyVec>2 3 </MemPortTyVec>
</StgValue>
</bind>
</comp>

<comp id="70" class="1000" name="weights_buffer_0_0_3">
<pin_list>
<pin id="71" dir="1" index="0" bw="1" slack="0"/>
</pin_list>
<bind>
<StgValue><ssdm name="weights_buffer_0_0_3"/><MemPortTyVec>2 3 </MemPortTyVec>
</StgValue>
</bind>
</comp>

<comp id="72" class="1000" name="weights_buffer_0_0_4">
<pin_list>
<pin id="73" dir="1" index="0" bw="1" slack="0"/>
</pin_list>
<bind>
<StgValue><ssdm name="weights_buffer_0_0_4"/><MemPortTyVec>2 3 </MemPortTyVec>
</StgValue>
</bind>
</comp>

<comp id="74" class="1000" name="weights_buffer_0_0_5">
<pin_list>
<pin id="75" dir="1" index="0" bw="1" slack="0"/>
</pin_list>
<bind>
<StgValue><ssdm name="weights_buffer_0_0_5"/><MemPortTyVec>2 3 </MemPortTyVec>
</StgValue>
</bind>
</comp>

<comp id="76" class="1000" name="weights_buffer_0_0_6">
<pin_list>
<pin id="77" dir="1" index="0" bw="1" slack="0"/>
</pin_list>
<bind>
<StgValue><ssdm name="weights_buffer_0_0_6"/><MemPortTyVec>2 3 </MemPortTyVec>
</StgValue>
</bind>
</comp>

<comp id="78" class="1000" name="weights_buffer_0_0_7">
<pin_list>
<pin id="79" dir="1" index="0" bw="1" slack="0"/>
</pin_list>
<bind>
<StgValue><ssdm name="weights_buffer_0_0_7"/><MemPortTyVec>2 3 </MemPortTyVec>
</StgValue>
</bind>
</comp>

<comp id="80" class="1000" name="output_fm_buffer">
<pin_list>
<pin id="81" dir="1" index="0" bw="1" slack="0"/>
</pin_list>
<bind>
<StgValue><ssdm name="output_fm_buffer"/><MemPortTyVec>2 3 </MemPortTyVec>
</StgValue>
</bind>
</comp>

<comp id="82" class="1000" name="input_fm_buffer">
<pin_list>
<pin id="83" dir="1" index="0" bw="1" slack="0"/>
</pin_list>
<bind>
<StgValue><ssdm name="input_fm_buffer"/><MemPortTyVec>2 3 </MemPortTyVec>
</StgValue>
</bind>
</comp>

<comp id="84" class="1000" name="output_fm_buffer_0">
<pin_list>
<pin id="85" dir="1" index="0" bw="1" slack="0"/>
</pin_list>
<bind>
<StgValue><ssdm name="output_fm_buffer_0"/><MemPortTyVec>2 3 </MemPortTyVec>
</StgValue>
</bind>
</comp>

<comp id="86" class="1001" name="const_86">
<pin_list>
<pin id="87" dir="1" index="0" bw="1" slack="0"/>
</pin_list>
<bind>
<StgValue><ssdm name="_ssdm_op_Read.s_axilite.i64"/></StgValue>
</bind>
</comp>

<comp id="88" class="1001" name="const_88">
<pin_list>
<pin id="89" dir="1" index="0" bw="1" slack="0"/>
</pin_list>
<bind>
<StgValue><ssdm name="_ssdm_op_PartSelect.i62.i64.i32.i32"/></StgValue>
</bind>
</comp>

<comp id="90" class="1001" name="const_90">
<pin_list>
<pin id="91" dir="1" index="0" bw="1" slack="0"/>
</pin_list>
<bind>
<StgValue><ssdm name=""/></StgValue>
</bind>
</comp>

<comp id="92" class="1001" name="const_92">
<pin_list>
<pin id="93" dir="1" index="0" bw="1" slack="0"/>
</pin_list>
<bind>
<StgValue><ssdm name=""/></StgValue>
</bind>
</comp>

<comp id="94" class="1001" name="const_94">
<pin_list>
<pin id="95" dir="1" index="0" bw="1" slack="0"/>
</pin_list>
<bind>
<StgValue><ssdm name="_ssdm_op_WriteReq.m_axi.p1i32"/></StgValue>
</bind>
</comp>

<comp id="96" class="1001" name="const_96">
<pin_list>
<pin id="97" dir="1" index="0" bw="1" slack="0"/>
</pin_list>
<bind>
<StgValue><ssdm name=""/></StgValue>
</bind>
</comp>

<comp id="98" class="1001" name="const_98">
<pin_list>
<pin id="99" dir="1" index="0" bw="1" slack="0"/>
</pin_list>
<bind>
<StgValue><ssdm name=""/></StgValue>
</bind>
</comp>

<comp id="100" class="1001" name="const_100">
<pin_list>
<pin id="101" dir="1" index="0" bw="1" slack="0"/>
</pin_list>
<bind>
<StgValue><ssdm name="srcnn_Pipeline_1"/></StgValue>
</bind>
</comp>

<comp id="102" class="1001" name="const_102">
<pin_list>
<pin id="103" dir="1" index="0" bw="1" slack="0"/>
</pin_list>
<bind>
<StgValue><ssdm name="srcnn_Pipeline_2"/></StgValue>
</bind>
</comp>

<comp id="104" class="1001" name="const_104">
<pin_list>
<pin id="105" dir="1" index="0" bw="1" slack="0"/>
</pin_list>
<bind>
<StgValue><ssdm name="conv1"/></StgValue>
</bind>
</comp>

<comp id="106" class="1001" name="const_106">
<pin_list>
<pin id="107" dir="1" index="0" bw="1" slack="0"/>
</pin_list>
<bind>
<StgValue><ssdm name="_ssdm_op_WriteResp.m_axi.p1i32"/></StgValue>
</bind>
</comp>

<comp id="108" class="1001" name="const_108">
<pin_list>
<pin id="109" dir="1" index="0" bw="1" slack="0"/>
</pin_list>
<bind>
<StgValue><ssdm name="conv2"/></StgValue>
</bind>
</comp>

<comp id="110" class="1001" name="const_110">
<pin_list>
<pin id="111" dir="1" index="0" bw="1" slack="0"/>
</pin_list>
<bind>
<StgValue><ssdm name="_ssdm_op_Read.ap_auto.i32P0A"/></StgValue>
</bind>
</comp>

<comp id="112" class="1001" name="const_112">
<pin_list>
<pin id="113" dir="1" index="0" bw="1" slack="0"/>
</pin_list>
<bind>
<StgValue><ssdm name="conv3"/></StgValue>
</bind>
</comp>

<comp id="114" class="1001" name="const_114">
<pin_list>
<pin id="115" dir="1" index="0" bw="1" slack="2147483647"/>
</pin_list>
<bind>
<StgValue><ssdm name="_ssdm_op_SpecTopModule"/></StgValue>
</bind>
</comp>

<comp id="116" class="1001" name="const_116">
<pin_list>
<pin id="117" dir="1" index="0" bw="1" slack="2147483647"/>
</pin_list>
<bind>
<StgValue><ssdm name="empty_33"/></StgValue>
</bind>
</comp>

<comp id="118" class="1001" name="const_118">
<pin_list>
<pin id="119" dir="1" index="0" bw="1" slack="2147483647"/>
</pin_list>
<bind>
<StgValue><ssdm name="_ssdm_op_SpecInterface"/></StgValue>
</bind>
</comp>

<comp id="120" class="1001" name="const_120">
<pin_list>
<pin id="121" dir="1" index="0" bw="1" slack="2147483647"/>
</pin_list>
<bind>
<StgValue><ssdm name="empty_13"/></StgValue>
</bind>
</comp>

<comp id="122" class="1001" name="const_122">
<pin_list>
<pin id="123" dir="1" index="0" bw="1" slack="2147483647"/>
</pin_list>
<bind>
<StgValue><ssdm name=""/></StgValue>
</bind>
</comp>

<comp id="124" class="1001" name="const_124">
<pin_list>
<pin id="125" dir="1" index="0" bw="1" slack="2147483647"/>
</pin_list>
<bind>
<StgValue><ssdm name="empty_14"/></StgValue>
</bind>
</comp>

<comp id="126" class="1001" name="const_126">
<pin_list>
<pin id="127" dir="1" index="0" bw="1" slack="2147483647"/>
</pin_list>
<bind>
<StgValue><ssdm name=""/></StgValue>
</bind>
</comp>

<comp id="128" class="1001" name="const_128">
<pin_list>
<pin id="129" dir="1" index="0" bw="1" slack="2147483647"/>
</pin_list>
<bind>
<StgValue><ssdm name="empty_25"/></StgValue>
</bind>
</comp>

<comp id="130" class="1001" name="const_130">
<pin_list>
<pin id="131" dir="1" index="0" bw="1" slack="2147483647"/>
</pin_list>
<bind>
<StgValue><ssdm name="empty_15"/></StgValue>
</bind>
</comp>

<comp id="132" class="1001" name="const_132">
<pin_list>
<pin id="133" dir="1" index="0" bw="1" slack="2147483647"/>
</pin_list>
<bind>
<StgValue><ssdm name=""/></StgValue>
</bind>
</comp>

<comp id="134" class="1001" name="const_134">
<pin_list>
<pin id="135" dir="1" index="0" bw="1" slack="2147483647"/>
</pin_list>
<bind>
<StgValue><ssdm name=""/></StgValue>
</bind>
</comp>

<comp id="136" class="1001" name="const_136">
<pin_list>
<pin id="137" dir="1" index="0" bw="1" slack="2147483647"/>
</pin_list>
<bind>
<StgValue><ssdm name=""/></StgValue>
</bind>
</comp>

<comp id="138" class="1001" name="const_138">
<pin_list>
<pin id="139" dir="1" index="0" bw="1" slack="2147483647"/>
</pin_list>
<bind>
<StgValue><ssdm name="_ssdm_op_SpecBitsMap"/></StgValue>
</bind>
</comp>

<comp id="140" class="1001" name="const_140">
<pin_list>
<pin id="141" dir="1" index="0" bw="1" slack="2147483647"/>
</pin_list>
<bind>
<StgValue><ssdm name="empty_5"/></StgValue>
</bind>
</comp>

<comp id="142" class="1001" name="const_142">
<pin_list>
<pin id="143" dir="1" index="0" bw="1" slack="2147483647"/>
</pin_list>
<bind>
<StgValue><ssdm name="empty_16"/></StgValue>
</bind>
</comp>

<comp id="144" class="1001" name="const_144">
<pin_list>
<pin id="145" dir="1" index="0" bw="1" slack="2147483647"/>
</pin_list>
<bind>
<StgValue><ssdm name="empty_17"/></StgValue>
</bind>
</comp>

<comp id="146" class="1001" name="const_146">
<pin_list>
<pin id="147" dir="1" index="0" bw="1" slack="2147483647"/>
</pin_list>
<bind>
<StgValue><ssdm name="empty_18"/></StgValue>
</bind>
</comp>

<comp id="148" class="1001" name="const_148">
<pin_list>
<pin id="149" dir="1" index="0" bw="1" slack="2147483647"/>
</pin_list>
<bind>
<StgValue><ssdm name="empty_19"/></StgValue>
</bind>
</comp>

<comp id="150" class="1001" name="const_150">
<pin_list>
<pin id="151" dir="1" index="0" bw="1" slack="2147483647"/>
</pin_list>
<bind>
<StgValue><ssdm name="empty_20"/></StgValue>
</bind>
</comp>

<comp id="152" class="1001" name="const_152">
<pin_list>
<pin id="153" dir="1" index="0" bw="1" slack="2147483647"/>
</pin_list>
<bind>
<StgValue><ssdm name="empty_21"/></StgValue>
</bind>
</comp>

<comp id="154" class="1001" name="const_154">
<pin_list>
<pin id="155" dir="1" index="0" bw="1" slack="2147483647"/>
</pin_list>
<bind>
<StgValue><ssdm name="empty_22"/></StgValue>
</bind>
</comp>

<comp id="156" class="1001" name="const_156">
<pin_list>
<pin id="157" dir="1" index="0" bw="1" slack="2147483647"/>
</pin_list>
<bind>
<StgValue><ssdm name="empty_23"/></StgValue>
</bind>
</comp>

<comp id="158" class="1001" name="const_158">
<pin_list>
<pin id="159" dir="1" index="0" bw="1" slack="2147483647"/>
</pin_list>
<bind>
<StgValue><ssdm name="empty_24"/></StgValue>
</bind>
</comp>

<comp id="160" class="1001" name="const_160">
<pin_list>
<pin id="161" dir="1" index="0" bw="1" slack="2147483647"/>
</pin_list>
<bind>
<StgValue><ssdm name="empty_3"/></StgValue>
</bind>
</comp>

<comp id="162" class="1001" name="const_162">
<pin_list>
<pin id="163" dir="1" index="0" bw="1" slack="2147483647"/>
</pin_list>
<bind>
<StgValue><ssdm name="empty_11"/></StgValue>
</bind>
</comp>

<comp id="164" class="1001" name="const_164">
<pin_list>
<pin id="165" dir="1" index="0" bw="1" slack="2147483647"/>
</pin_list>
<bind>
<StgValue><ssdm name="empty_26"/></StgValue>
</bind>
</comp>

<comp id="166" class="1001" name="const_166">
<pin_list>
<pin id="167" dir="1" index="0" bw="1" slack="2147483647"/>
</pin_list>
<bind>
<StgValue><ssdm name="empty_27"/></StgValue>
</bind>
</comp>

<comp id="168" class="1001" name="const_168">
<pin_list>
<pin id="169" dir="1" index="0" bw="1" slack="2147483647"/>
</pin_list>
<bind>
<StgValue><ssdm name="empty_29"/></StgValue>
</bind>
</comp>

<comp id="170" class="1001" name="const_170">
<pin_list>
<pin id="171" dir="1" index="0" bw="1" slack="2147483647"/>
</pin_list>
<bind>
<StgValue><ssdm name="empty_28"/></StgValue>
</bind>
</comp>

<comp id="172" class="1001" name="const_172">
<pin_list>
<pin id="173" dir="1" index="0" bw="1" slack="2147483647"/>
</pin_list>
<bind>
<StgValue><ssdm name="empty_30"/></StgValue>
</bind>
</comp>

<comp id="174" class="1001" name="const_174">
<pin_list>
<pin id="175" dir="1" index="0" bw="1" slack="2147483647"/>
</pin_list>
<bind>
<StgValue><ssdm name="empty_31"/></StgValue>
</bind>
</comp>

<comp id="176" class="1004" name="output_ftmap_read_read_fu_176">
<pin_list>
<pin id="177" dir="0" index="0" bw="64" slack="0"/>
<pin id="178" dir="0" index="1" bw="64" slack="0"/>
<pin id="179" dir="1" index="2" bw="64" slack="0"/>
</pin_list>
<bind>
<opcode="read(1150) " fcode="read"/>
<opset="output_ftmap_read/1 "/>
</bind>
</comp>

<comp id="182" class="1004" name="conv3_weights_read_read_fu_182">
<pin_list>
<pin id="183" dir="0" index="0" bw="64" slack="0"/>
<pin id="184" dir="0" index="1" bw="64" slack="0"/>
<pin id="185" dir="1" index="2" bw="64" slack="11"/>
</pin_list>
<bind>
<opcode="read(1150) " fcode="read"/>
<opset="conv3_weights_read/1 "/>
</bind>
</comp>

<comp id="188" class="1004" name="conv2_output_ftmap_read_read_fu_188">
<pin_list>
<pin id="189" dir="0" index="0" bw="64" slack="0"/>
<pin id="190" dir="0" index="1" bw="64" slack="0"/>
<pin id="191" dir="1" index="2" bw="64" slack="0"/>
</pin_list>
<bind>
<opcode="read(1150) " fcode="read"/>
<opset="conv2_output_ftmap_read/1 "/>
</bind>
</comp>

<comp id="194" class="1004" name="conv2_weights_read_read_fu_194">
<pin_list>
<pin id="195" dir="0" index="0" bw="64" slack="0"/>
<pin id="196" dir="0" index="1" bw="64" slack="0"/>
<pin id="197" dir="1" index="2" bw="64" slack="9"/>
</pin_list>
<bind>
<opcode="read(1150) " fcode="read"/>
<opset="conv2_weights_read/1 "/>
</bind>
</comp>

<comp id="200" class="1004" name="conv1_output_ftmap_read_read_fu_200">
<pin_list>
<pin id="201" dir="0" index="0" bw="64" slack="0"/>
<pin id="202" dir="0" index="1" bw="64" slack="0"/>
<pin id="203" dir="1" index="2" bw="64" slack="2"/>
</pin_list>
<bind>
<opcode="read(1150) " fcode="read"/>
<opset="conv1_output_ftmap_read/1 "/>
</bind>
</comp>

<comp id="206" class="1004" name="conv1_weights_read_read_fu_206">
<pin_list>
<pin id="207" dir="0" index="0" bw="64" slack="0"/>
<pin id="208" dir="0" index="1" bw="64" slack="0"/>
<pin id="209" dir="1" index="2" bw="64" slack="2"/>
</pin_list>
<bind>
<opcode="read(1150) " fcode="read"/>
<opset="conv1_weights_read/1 "/>
</bind>
</comp>

<comp id="212" class="1004" name="input_ftmap_read_read_fu_212">
<pin_list>
<pin id="213" dir="0" index="0" bw="64" slack="0"/>
<pin id="214" dir="0" index="1" bw="64" slack="0"/>
<pin id="215" dir="1" index="2" bw="64" slack="2"/>
</pin_list>
<bind>
<opcode="read(1150) " fcode="read"/>
<opset="input_ftmap_read/1 "/>
</bind>
</comp>

<comp id="218" class="1004" name="grp_writeresp_fu_218">
<pin_list>
<pin id="219" dir="0" index="0" bw="1" slack="0"/>
<pin id="220" dir="0" index="1" bw="32" slack="0"/>
<pin id="221" dir="0" index="2" bw="22" slack="0"/>
<pin id="222" dir="1" index="3" bw="1" slack="2147483647"/>
</pin_list>
<bind>
<opcode="writereq(1155) writeresp(1158) " fcode="writeresp"/>
<opset="empty/2 empty_62/5 "/>
</bind>
</comp>

<comp id="225" class="1004" name="grp_writeresp_fu_225">
<pin_list>
<pin id="226" dir="0" index="0" bw="1" slack="0"/>
<pin id="227" dir="0" index="1" bw="32" slack="0"/>
<pin id="228" dir="0" index="2" bw="17" slack="0"/>
<pin id="229" dir="1" index="3" bw="1" slack="2147483647"/>
</pin_list>
<bind>
<opcode="writereq(1155) writeresp(1158) " fcode="writeresp"/>
<opset="empty_63/2 empty_64/5 "/>
</bind>
</comp>

<comp id="234" class="1004" name="conv3_biases_read_read_fu_234">
<pin_list>
<pin id="235" dir="0" index="0" bw="32" slack="0"/>
<pin id="236" dir="0" index="1" bw="32" slack="0"/>
<pin id="237" dir="1" index="2" bw="32" slack="0"/>
</pin_list>
<bind>
<opcode="read(1150) " fcode="read"/>
<opset="conv3_biases_read/12 "/>
</bind>
</comp>

<comp id="240" class="1004" name="grp_srcnn_Pipeline_1_fu_240">
<pin_list>
<pin id="241" dir="0" index="0" bw="0" slack="0"/>
<pin id="242" dir="0" index="1" bw="32" slack="0"/>
<pin id="243" dir="0" index="2" bw="62" slack="2"/>
<pin id="244" dir="1" index="3" bw="0" slack="2147483647"/>
</pin_list>
<bind>
<opcode="call(48) " fcode="call"/>
<opset="call_ln38/3 "/>
</bind>
</comp>

<comp id="247" class="1004" name="grp_srcnn_Pipeline_2_fu_247">
<pin_list>
<pin id="248" dir="0" index="0" bw="0" slack="0"/>
<pin id="249" dir="0" index="1" bw="32" slack="0"/>
<pin id="250" dir="0" index="2" bw="62" slack="2"/>
<pin id="251" dir="1" index="3" bw="0" slack="2147483647"/>
</pin_list>
<bind>
<opcode="call(48) " fcode="call"/>
<opset="call_ln39/3 "/>
</bind>
</comp>

<comp id="254" class="1004" name="grp_conv1_fu_254">
<pin_list>
<pin id="255" dir="0" index="0" bw="0" slack="0"/>
<pin id="256" dir="0" index="1" bw="32" slack="0"/>
<pin id="257" dir="0" index="2" bw="64" slack="2"/>
<pin id="258" dir="0" index="3" bw="32" slack="0"/>
<pin id="259" dir="0" index="4" bw="64" slack="2"/>
<pin id="260" dir="0" index="5" bw="32" slack="0"/>
<pin id="261" dir="0" index="6" bw="32" slack="0"/>
<pin id="262" dir="0" index="7" bw="64" slack="2"/>
<pin id="263" dir="0" index="8" bw="32" slack="0"/>
<pin id="264" dir="0" index="9" bw="32" slack="0"/>
<pin id="265" dir="0" index="10" bw="32" slack="0"/>
<pin id="266" dir="0" index="11" bw="32" slack="0"/>
<pin id="267" dir="0" index="12" bw="32" slack="0"/>
<pin id="268" dir="0" index="13" bw="32" slack="0"/>
<pin id="269" dir="0" index="14" bw="32" slack="0"/>
<pin id="270" dir="0" index="15" bw="32" slack="0"/>
<pin id="271" dir="0" index="16" bw="32" slack="0"/>
<pin id="272" dir="0" index="17" bw="32" slack="0"/>
<pin id="273" dir="0" index="18" bw="32" slack="0"/>
<pin id="274" dir="0" index="19" bw="32" slack="0"/>
<pin id="275" dir="0" index="20" bw="32" slack="0"/>
<pin id="276" dir="0" index="21" bw="32" slack="0"/>
<pin id="277" dir="1" index="22" bw="0" slack="2147483647"/>
</pin_list>
<bind>
<opcode="call(48) " fcode="call"/>
<opset="call_ln42/3 "/>
</bind>
</comp>

<comp id="297" class="1004" name="grp_conv2_fu_297">
<pin_list>
<pin id="298" dir="0" index="0" bw="0" slack="0"/>
<pin id="299" dir="0" index="1" bw="32" slack="0"/>
<pin id="300" dir="0" index="2" bw="64" slack="9"/>
<pin id="301" dir="0" index="3" bw="32" slack="0"/>
<pin id="302" dir="0" index="4" bw="64" slack="9"/>
<pin id="303" dir="0" index="5" bw="32" slack="0"/>
<pin id="304" dir="0" index="6" bw="32" slack="0"/>
<pin id="305" dir="0" index="7" bw="64" slack="9"/>
<pin id="306" dir="0" index="8" bw="32" slack="0"/>
<pin id="307" dir="0" index="9" bw="32" slack="0"/>
<pin id="308" dir="0" index="10" bw="32" slack="0"/>
<pin id="309" dir="0" index="11" bw="32" slack="0"/>
<pin id="310" dir="0" index="12" bw="32" slack="0"/>
<pin id="311" dir="0" index="13" bw="32" slack="0"/>
<pin id="312" dir="0" index="14" bw="32" slack="0"/>
<pin id="313" dir="0" index="15" bw="32" slack="0"/>
<pin id="314" dir="0" index="16" bw="32" slack="0"/>
<pin id="315" dir="0" index="17" bw="32" slack="0"/>
<pin id="316" dir="1" index="18" bw="0" slack="2147483647"/>
</pin_list>
<bind>
<opcode="call(48) " fcode="call"/>
<opset="call_ln45/10 "/>
</bind>
</comp>

<comp id="332" class="1004" name="grp_conv3_fu_332">
<pin_list>
<pin id="333" dir="0" index="0" bw="0" slack="0"/>
<pin id="334" dir="0" index="1" bw="32" slack="0"/>
<pin id="335" dir="0" index="2" bw="64" slack="11"/>
<pin id="336" dir="0" index="3" bw="32" slack="0"/>
<pin id="337" dir="0" index="4" bw="64" slack="11"/>
<pin id="338" dir="0" index="5" bw="32" slack="0"/>
<pin id="339" dir="0" index="6" bw="32" slack="0"/>
<pin id="340" dir="0" index="7" bw="64" slack="11"/>
<pin id="341" dir="0" index="8" bw="32" slack="0"/>
<pin id="342" dir="0" index="9" bw="32" slack="0"/>
<pin id="343" dir="1" index="10" bw="0" slack="2147483647"/>
</pin_list>
<bind>
<opcode="call(48) " fcode="call"/>
<opset="call_ln48/12 "/>
</bind>
</comp>

<comp id="350" class="1004" name="trunc_ln_fu_350">
<pin_list>
<pin id="351" dir="0" index="0" bw="62" slack="0"/>
<pin id="352" dir="0" index="1" bw="64" slack="0"/>
<pin id="353" dir="0" index="2" bw="3" slack="0"/>
<pin id="354" dir="0" index="3" bw="7" slack="0"/>
<pin id="355" dir="1" index="4" bw="62" slack="1"/>
</pin_list>
<bind>
<opcode="partselect(1002) " fcode="partselect"/>
<opset="trunc_ln/1 "/>
</bind>
</comp>

<comp id="360" class="1004" name="trunc_ln1_fu_360">
<pin_list>
<pin id="361" dir="0" index="0" bw="62" slack="0"/>
<pin id="362" dir="0" index="1" bw="64" slack="0"/>
<pin id="363" dir="0" index="2" bw="3" slack="0"/>
<pin id="364" dir="0" index="3" bw="7" slack="0"/>
<pin id="365" dir="1" index="4" bw="62" slack="1"/>
</pin_list>
<bind>
<opcode="partselect(1002) " fcode="partselect"/>
<opset="trunc_ln1/1 "/>
</bind>
</comp>

<comp id="370" class="1004" name="sext_ln38_fu_370">
<pin_list>
<pin id="371" dir="0" index="0" bw="62" slack="1"/>
<pin id="372" dir="1" index="1" bw="64" slack="0"/>
</pin_list>
<bind>
<opcode="sext(35) " fcode="sext"/>
<opset="sext_ln38/2 "/>
</bind>
</comp>

<comp id="373" class="1004" name="i3_addr_fu_373">
<pin_list>
<pin id="374" dir="0" index="0" bw="32" slack="0"/>
<pin id="375" dir="0" index="1" bw="62" slack="0"/>
<pin id="376" dir="1" index="2" bw="32" slack="0"/>
</pin_list>
<bind>
<opcode="getelementptr(29) " fcode="getelementptr"/>
<opset="i3_addr/2 "/>
</bind>
</comp>

<comp id="380" class="1004" name="sext_ln39_fu_380">
<pin_list>
<pin id="381" dir="0" index="0" bw="62" slack="1"/>
<pin id="382" dir="1" index="1" bw="64" slack="0"/>
</pin_list>
<bind>
<opcode="sext(35) " fcode="sext"/>
<opset="sext_ln39/2 "/>
</bind>
</comp>

<comp id="383" class="1004" name="o_addr_fu_383">
<pin_list>
<pin id="384" dir="0" index="0" bw="32" slack="0"/>
<pin id="385" dir="0" index="1" bw="62" slack="0"/>
<pin id="386" dir="1" index="2" bw="32" slack="0"/>
</pin_list>
<bind>
<opcode="getelementptr(29) " fcode="getelementptr"/>
<opset="o_addr/2 "/>
</bind>
</comp>

<comp id="390" class="1004" name="empty_65_fu_390">
<pin_list>
<pin id="391" dir="0" index="0" bw="32" slack="0"/>
<pin id="392" dir="1" index="1" bw="32" slack="0"/>
</pin_list>
<bind>
<opcode="bitcast(44) " fcode="bitcast"/>
<opset="empty_65/12 "/>
</bind>
</comp>

<comp id="395" class="1005" name="output_ftmap_read_reg_395">
<pin_list>
<pin id="396" dir="0" index="0" bw="64" slack="11"/>
<pin id="397" dir="1" index="1" bw="64" slack="11"/>
</pin_list>
<bind>
<opset="output_ftmap_read "/>
</bind>
</comp>

<comp id="400" class="1005" name="conv3_weights_read_reg_400">
<pin_list>
<pin id="401" dir="0" index="0" bw="64" slack="11"/>
<pin id="402" dir="1" index="1" bw="64" slack="11"/>
</pin_list>
<bind>
<opset="conv3_weights_read "/>
</bind>
</comp>

<comp id="405" class="1005" name="conv2_output_ftmap_read_reg_405">
<pin_list>
<pin id="406" dir="0" index="0" bw="64" slack="9"/>
<pin id="407" dir="1" index="1" bw="64" slack="9"/>
</pin_list>
<bind>
<opset="conv2_output_ftmap_read "/>
</bind>
</comp>

<comp id="411" class="1005" name="conv2_weights_read_reg_411">
<pin_list>
<pin id="412" dir="0" index="0" bw="64" slack="9"/>
<pin id="413" dir="1" index="1" bw="64" slack="9"/>
</pin_list>
<bind>
<opset="conv2_weights_read "/>
</bind>
</comp>

<comp id="416" class="1005" name="conv1_output_ftmap_read_reg_416">
<pin_list>
<pin id="417" dir="0" index="0" bw="64" slack="2"/>
<pin id="418" dir="1" index="1" bw="64" slack="2"/>
</pin_list>
<bind>
<opset="conv1_output_ftmap_read "/>
</bind>
</comp>

<comp id="422" class="1005" name="conv1_weights_read_reg_422">
<pin_list>
<pin id="423" dir="0" index="0" bw="64" slack="2"/>
<pin id="424" dir="1" index="1" bw="64" slack="2"/>
</pin_list>
<bind>
<opset="conv1_weights_read "/>
</bind>
</comp>

<comp id="427" class="1005" name="input_ftmap_read_reg_427">
<pin_list>
<pin id="428" dir="0" index="0" bw="64" slack="2"/>
<pin id="429" dir="1" index="1" bw="64" slack="2"/>
</pin_list>
<bind>
<opset="input_ftmap_read "/>
</bind>
</comp>

<comp id="432" class="1005" name="trunc_ln_reg_432">
<pin_list>
<pin id="433" dir="0" index="0" bw="62" slack="1"/>
<pin id="434" dir="1" index="1" bw="62" slack="1"/>
</pin_list>
<bind>
<opset="trunc_ln "/>
</bind>
</comp>

<comp id="438" class="1005" name="trunc_ln1_reg_438">
<pin_list>
<pin id="439" dir="0" index="0" bw="62" slack="1"/>
<pin id="440" dir="1" index="1" bw="62" slack="1"/>
</pin_list>
<bind>
<opset="trunc_ln1 "/>
</bind>
</comp>

<comp id="444" class="1005" name="i3_addr_reg_444">
<pin_list>
<pin id="445" dir="0" index="0" bw="32" slack="3"/>
<pin id="446" dir="1" index="1" bw="32" slack="3"/>
</pin_list>
<bind>
<opset="i3_addr "/>
</bind>
</comp>

<comp id="449" class="1005" name="o_addr_reg_449">
<pin_list>
<pin id="450" dir="0" index="0" bw="32" slack="3"/>
<pin id="451" dir="1" index="1" bw="32" slack="3"/>
</pin_list>
<bind>
<opset="o_addr "/>
</bind>
</comp>

<comp id="454" class="1005" name="empty_65_reg_454">
<pin_list>
<pin id="455" dir="0" index="0" bw="32" slack="1"/>
<pin id="456" dir="1" index="1" bw="32" slack="1"/>
</pin_list>
<bind>
<opset="empty_65 "/>
</bind>
</comp>

</comp_list>

<net_list>
<net id="180"><net_src comp="86" pin="0"/><net_sink comp="176" pin=0"/></net>

<net id="181"><net_src comp="32" pin="0"/><net_sink comp="176" pin=1"/></net>

<net id="186"><net_src comp="86" pin="0"/><net_sink comp="182" pin=0"/></net>

<net id="187"><net_src comp="28" pin="0"/><net_sink comp="182" pin=1"/></net>

<net id="192"><net_src comp="86" pin="0"/><net_sink comp="188" pin=0"/></net>

<net id="193"><net_src comp="26" pin="0"/><net_sink comp="188" pin=1"/></net>

<net id="198"><net_src comp="86" pin="0"/><net_sink comp="194" pin=0"/></net>

<net id="199"><net_src comp="22" pin="0"/><net_sink comp="194" pin=1"/></net>

<net id="204"><net_src comp="86" pin="0"/><net_sink comp="200" pin=0"/></net>

<net id="205"><net_src comp="20" pin="0"/><net_sink comp="200" pin=1"/></net>

<net id="210"><net_src comp="86" pin="0"/><net_sink comp="206" pin=0"/></net>

<net id="211"><net_src comp="16" pin="0"/><net_sink comp="206" pin=1"/></net>

<net id="216"><net_src comp="86" pin="0"/><net_sink comp="212" pin=0"/></net>

<net id="217"><net_src comp="14" pin="0"/><net_sink comp="212" pin=1"/></net>

<net id="223"><net_src comp="94" pin="0"/><net_sink comp="218" pin=0"/></net>

<net id="224"><net_src comp="96" pin="0"/><net_sink comp="218" pin=2"/></net>

<net id="230"><net_src comp="94" pin="0"/><net_sink comp="225" pin=0"/></net>

<net id="231"><net_src comp="98" pin="0"/><net_sink comp="225" pin=2"/></net>

<net id="232"><net_src comp="106" pin="0"/><net_sink comp="218" pin=0"/></net>

<net id="233"><net_src comp="106" pin="0"/><net_sink comp="225" pin=0"/></net>

<net id="238"><net_src comp="110" pin="0"/><net_sink comp="234" pin=0"/></net>

<net id="239"><net_src comp="30" pin="0"/><net_sink comp="234" pin=1"/></net>

<net id="245"><net_src comp="100" pin="0"/><net_sink comp="240" pin=0"/></net>

<net id="246"><net_src comp="8" pin="0"/><net_sink comp="240" pin=1"/></net>

<net id="252"><net_src comp="102" pin="0"/><net_sink comp="247" pin=0"/></net>

<net id="253"><net_src comp="12" pin="0"/><net_sink comp="247" pin=1"/></net>

<net id="278"><net_src comp="104" pin="0"/><net_sink comp="254" pin=0"/></net>

<net id="279"><net_src comp="0" pin="0"/><net_sink comp="254" pin=1"/></net>

<net id="280"><net_src comp="2" pin="0"/><net_sink comp="254" pin=3"/></net>

<net id="281"><net_src comp="18" pin="0"/><net_sink comp="254" pin=5"/></net>

<net id="282"><net_src comp="4" pin="0"/><net_sink comp="254" pin=6"/></net>

<net id="283"><net_src comp="34" pin="0"/><net_sink comp="254" pin=8"/></net>

<net id="284"><net_src comp="36" pin="0"/><net_sink comp="254" pin=9"/></net>

<net id="285"><net_src comp="38" pin="0"/><net_sink comp="254" pin=10"/></net>

<net id="286"><net_src comp="40" pin="0"/><net_sink comp="254" pin=11"/></net>

<net id="287"><net_src comp="42" pin="0"/><net_sink comp="254" pin=12"/></net>

<net id="288"><net_src comp="44" pin="0"/><net_sink comp="254" pin=13"/></net>

<net id="289"><net_src comp="46" pin="0"/><net_sink comp="254" pin=14"/></net>

<net id="290"><net_src comp="48" pin="0"/><net_sink comp="254" pin=15"/></net>

<net id="291"><net_src comp="50" pin="0"/><net_sink comp="254" pin=16"/></net>

<net id="292"><net_src comp="52" pin="0"/><net_sink comp="254" pin=17"/></net>

<net id="293"><net_src comp="54" pin="0"/><net_sink comp="254" pin=18"/></net>

<net id="294"><net_src comp="56" pin="0"/><net_sink comp="254" pin=19"/></net>

<net id="295"><net_src comp="58" pin="0"/><net_sink comp="254" pin=20"/></net>

<net id="296"><net_src comp="60" pin="0"/><net_sink comp="254" pin=21"/></net>

<net id="317"><net_src comp="108" pin="0"/><net_sink comp="297" pin=0"/></net>

<net id="318"><net_src comp="4" pin="0"/><net_sink comp="297" pin=1"/></net>

<net id="319"><net_src comp="6" pin="0"/><net_sink comp="297" pin=3"/></net>

<net id="320"><net_src comp="24" pin="0"/><net_sink comp="297" pin=5"/></net>

<net id="321"><net_src comp="8" pin="0"/><net_sink comp="297" pin=6"/></net>

<net id="322"><net_src comp="62" pin="0"/><net_sink comp="297" pin=8"/></net>

<net id="323"><net_src comp="64" pin="0"/><net_sink comp="297" pin=9"/></net>

<net id="324"><net_src comp="66" pin="0"/><net_sink comp="297" pin=10"/></net>

<net id="325"><net_src comp="68" pin="0"/><net_sink comp="297" pin=11"/></net>

<net id="326"><net_src comp="70" pin="0"/><net_sink comp="297" pin=12"/></net>

<net id="327"><net_src comp="72" pin="0"/><net_sink comp="297" pin=13"/></net>

<net id="328"><net_src comp="74" pin="0"/><net_sink comp="297" pin=14"/></net>

<net id="329"><net_src comp="76" pin="0"/><net_sink comp="297" pin=15"/></net>

<net id="330"><net_src comp="78" pin="0"/><net_sink comp="297" pin=16"/></net>

<net id="331"><net_src comp="80" pin="0"/><net_sink comp="297" pin=17"/></net>

<net id="344"><net_src comp="112" pin="0"/><net_sink comp="332" pin=0"/></net>

<net id="345"><net_src comp="8" pin="0"/><net_sink comp="332" pin=1"/></net>

<net id="346"><net_src comp="10" pin="0"/><net_sink comp="332" pin=3"/></net>

<net id="347"><net_src comp="12" pin="0"/><net_sink comp="332" pin=6"/></net>

<net id="348"><net_src comp="82" pin="0"/><net_sink comp="332" pin=8"/></net>

<net id="349"><net_src comp="84" pin="0"/><net_sink comp="332" pin=9"/></net>

<net id="356"><net_src comp="88" pin="0"/><net_sink comp="350" pin=0"/></net>

<net id="357"><net_src comp="188" pin="2"/><net_sink comp="350" pin=1"/></net>

<net id="358"><net_src comp="90" pin="0"/><net_sink comp="350" pin=2"/></net>

<net id="359"><net_src comp="92" pin="0"/><net_sink comp="350" pin=3"/></net>

<net id="366"><net_src comp="88" pin="0"/><net_sink comp="360" pin=0"/></net>

<net id="367"><net_src comp="176" pin="2"/><net_sink comp="360" pin=1"/></net>

<net id="368"><net_src comp="90" pin="0"/><net_sink comp="360" pin=2"/></net>

<net id="369"><net_src comp="92" pin="0"/><net_sink comp="360" pin=3"/></net>

<net id="377"><net_src comp="8" pin="0"/><net_sink comp="373" pin=0"/></net>

<net id="378"><net_src comp="370" pin="1"/><net_sink comp="373" pin=1"/></net>

<net id="379"><net_src comp="373" pin="2"/><net_sink comp="218" pin=1"/></net>

<net id="387"><net_src comp="12" pin="0"/><net_sink comp="383" pin=0"/></net>

<net id="388"><net_src comp="380" pin="1"/><net_sink comp="383" pin=1"/></net>

<net id="389"><net_src comp="383" pin="2"/><net_sink comp="225" pin=1"/></net>

<net id="393"><net_src comp="234" pin="2"/><net_sink comp="390" pin=0"/></net>

<net id="394"><net_src comp="390" pin="1"/><net_sink comp="332" pin=5"/></net>

<net id="398"><net_src comp="176" pin="2"/><net_sink comp="395" pin=0"/></net>

<net id="399"><net_src comp="395" pin="1"/><net_sink comp="332" pin=7"/></net>

<net id="403"><net_src comp="182" pin="2"/><net_sink comp="400" pin=0"/></net>

<net id="404"><net_src comp="400" pin="1"/><net_sink comp="332" pin=4"/></net>

<net id="408"><net_src comp="188" pin="2"/><net_sink comp="405" pin=0"/></net>

<net id="409"><net_src comp="405" pin="1"/><net_sink comp="297" pin=7"/></net>

<net id="410"><net_src comp="405" pin="1"/><net_sink comp="332" pin=2"/></net>

<net id="414"><net_src comp="194" pin="2"/><net_sink comp="411" pin=0"/></net>

<net id="415"><net_src comp="411" pin="1"/><net_sink comp="297" pin=4"/></net>

<net id="419"><net_src comp="200" pin="2"/><net_sink comp="416" pin=0"/></net>

<net id="420"><net_src comp="416" pin="1"/><net_sink comp="254" pin=7"/></net>

<net id="421"><net_src comp="416" pin="1"/><net_sink comp="297" pin=2"/></net>

<net id="425"><net_src comp="206" pin="2"/><net_sink comp="422" pin=0"/></net>

<net id="426"><net_src comp="422" pin="1"/><net_sink comp="254" pin=4"/></net>

<net id="430"><net_src comp="212" pin="2"/><net_sink comp="427" pin=0"/></net>

<net id="431"><net_src comp="427" pin="1"/><net_sink comp="254" pin=2"/></net>

<net id="435"><net_src comp="350" pin="4"/><net_sink comp="432" pin=0"/></net>

<net id="436"><net_src comp="432" pin="1"/><net_sink comp="370" pin=0"/></net>

<net id="437"><net_src comp="432" pin="1"/><net_sink comp="240" pin=2"/></net>

<net id="441"><net_src comp="360" pin="4"/><net_sink comp="438" pin=0"/></net>

<net id="442"><net_src comp="438" pin="1"/><net_sink comp="380" pin=0"/></net>

<net id="443"><net_src comp="438" pin="1"/><net_sink comp="247" pin=2"/></net>

<net id="447"><net_src comp="373" pin="2"/><net_sink comp="444" pin=0"/></net>

<net id="448"><net_src comp="444" pin="1"/><net_sink comp="218" pin=1"/></net>

<net id="452"><net_src comp="383" pin="2"/><net_sink comp="449" pin=0"/></net>

<net id="453"><net_src comp="449" pin="1"/><net_sink comp="225" pin=1"/></net>

<net id="457"><net_src comp="390" pin="1"/><net_sink comp="454" pin=0"/></net>

<net id="458"><net_src comp="454" pin="1"/><net_sink comp="332" pin=5"/></net>

</net_list>

</model> 
---------------- Datapath Model END ------------------

* FSMD analyzer results:
  - Output states:
	Port: i2 | {3 4 }
	Port: i3 | {2 3 4 5 6 7 8 9 10 11 }
	Port: o | {2 3 4 5 6 7 8 9 12 13 }
	Port: conv1_float_255_255_float_1_9_9_float_float_255_255_ou_7 | {3 4 }
	Port: conv1_float_255_255_float_1_9_9_float_float_255_255_ou_3 | {3 4 }
	Port: p_ZZ5conv1PA255_A255_fPA1_A9_A9_fPfS1_E13weight_buffer_0_0 | {3 4 }
	Port: p_ZZ5conv1PA255_A255_fPA1_A9_A9_fPfS1_E13weight_buffer_1_0 | {3 4 }
	Port: conv1_float_255_255_float_1_9_9_float_float_255_255_in_3 | {3 4 }
	Port: conv1_float_255_255_float_1_9_9_float_float_255_255_in_1 | {3 4 }
	Port: conv1_float_255_255_float_1_9_9_float_float_255_255_in | {3 4 }
	Port: conv1_float_255_255_float_1_9_9_float_float_255_255_in_2 | {3 4 }
	Port: conv1_float_255_255_float_1_9_9_float_float_255_255_ou_6 | {3 4 }
	Port: conv1_float_255_255_float_1_9_9_float_float_255_255_ou_5 | {3 4 }
	Port: conv1_float_255_255_float_1_9_9_float_float_255_255_ou_4 | {3 4 }
	Port: conv1_float_255_255_float_1_9_9_float_float_255_255_ou_2 | {3 4 }
	Port: conv1_float_255_255_float_1_9_9_float_float_255_255_ou_1 | {3 4 }
	Port: conv1_float_255_255_float_1_9_9_float_float_255_255_ou | {3 4 }
	Port: input_fm_buffer_1 | {10 11 }
	Port: weights_buffer_0_0_0 | {10 11 }
	Port: weights_buffer_0_0_1 | {10 11 }
	Port: weights_buffer_0_0_2 | {10 11 }
	Port: weights_buffer_0_0_3 | {10 11 }
	Port: weights_buffer_0_0_4 | {10 11 }
	Port: weights_buffer_0_0_5 | {10 11 }
	Port: weights_buffer_0_0_6 | {10 11 }
	Port: weights_buffer_0_0_7 | {10 11 }
	Port: output_fm_buffer | {10 11 }
	Port: input_fm_buffer | {12 13 }
	Port: output_fm_buffer_0 | {12 13 }
 - Input state : 
	Port: srcnn : i1 | {3 4 }
	Port: srcnn : w1 | {3 4 }
	Port: srcnn : i2 | {10 11 }
	Port: srcnn : w2 | {10 11 }
	Port: srcnn : i3 | {10 11 12 13 }
	Port: srcnn : w3 | {12 13 }
	Port: srcnn : o | {12 13 }
	Port: srcnn : input_ftmap | {1 }
	Port: srcnn : conv1_weights | {1 }
	Port: srcnn : conv1_biases | {3 4 }
	Port: srcnn : conv1_output_ftmap | {1 }
	Port: srcnn : conv2_weights | {1 }
	Port: srcnn : conv2_biases | {10 11 }
	Port: srcnn : conv2_output_ftmap | {1 }
	Port: srcnn : conv3_weights | {1 }
	Port: srcnn : conv3_biases | {12 }
	Port: srcnn : output_ftmap | {1 }
	Port: srcnn : conv1_float_255_255_float_1_9_9_float_float_255_255_ou_7 | {3 4 }
	Port: srcnn : conv1_float_255_255_float_1_9_9_float_float_255_255_ou_3 | {3 4 }
	Port: srcnn : p_ZZ5conv1PA255_A255_fPA1_A9_A9_fPfS1_E13weight_buffer_0_0 | {3 4 }
	Port: srcnn : p_ZZ5conv1PA255_A255_fPA1_A9_A9_fPfS1_E13weight_buffer_1_0 | {3 4 }
	Port: srcnn : conv1_float_255_255_float_1_9_9_float_float_255_255_in_3 | {3 4 }
	Port: srcnn : conv1_float_255_255_float_1_9_9_float_float_255_255_in_1 | {3 4 }
	Port: srcnn : conv1_float_255_255_float_1_9_9_float_float_255_255_in | {3 4 }
	Port: srcnn : conv1_float_255_255_float_1_9_9_float_float_255_255_in_2 | {3 4 }
	Port: srcnn : conv1_float_255_255_float_1_9_9_float_float_255_255_ou_6 | {3 4 }
	Port: srcnn : conv1_float_255_255_float_1_9_9_float_float_255_255_ou_5 | {3 4 }
	Port: srcnn : conv1_float_255_255_float_1_9_9_float_float_255_255_ou_4 | {3 4 }
	Port: srcnn : conv1_float_255_255_float_1_9_9_float_float_255_255_ou_2 | {3 4 }
	Port: srcnn : conv1_float_255_255_float_1_9_9_float_float_255_255_ou_1 | {3 4 }
	Port: srcnn : conv1_float_255_255_float_1_9_9_float_float_255_255_ou | {3 4 }
	Port: srcnn : input_fm_buffer_1 | {10 11 }
	Port: srcnn : weights_buffer_0_0_0 | {10 11 }
	Port: srcnn : weights_buffer_0_0_1 | {10 11 }
	Port: srcnn : weights_buffer_0_0_2 | {10 11 }
	Port: srcnn : weights_buffer_0_0_3 | {10 11 }
	Port: srcnn : weights_buffer_0_0_4 | {10 11 }
	Port: srcnn : weights_buffer_0_0_5 | {10 11 }
	Port: srcnn : weights_buffer_0_0_6 | {10 11 }
	Port: srcnn : weights_buffer_0_0_7 | {10 11 }
	Port: srcnn : output_fm_buffer | {10 11 }
	Port: srcnn : input_fm_buffer | {12 13 }
	Port: srcnn : output_fm_buffer_0 | {12 13 }
  - Chain level:
	State 1
	State 2
		i3_addr : 1
		empty : 2
		o_addr : 1
		empty_63 : 2
	State 3
	State 4
	State 5
	State 6
	State 7
	State 8
	State 9
	State 10
	State 11
	State 12
		call_ln48 : 1
	State 13


============================================================
+ Verbose Summary: Datapath Resource usage 
============================================================

* Functional unit list:
|----------|-------------------------------------|---------|---------|---------|---------|
| Operation|           Functional Unit           |   DSP   |  Delay  |    FF   |   LUT   |
|----------|-------------------------------------|---------|---------|---------|---------|
|          |     grp_srcnn_Pipeline_1_fu_240     |    0    |    0    |    53   |    56   |
|          |     grp_srcnn_Pipeline_2_fu_247     |    0    |    0    |    48   |    46   |
|   call   |           grp_conv1_fu_254          |    39   |  80.85  |   8040  |   9157  |
|          |           grp_conv2_fu_297          |    9    | 28.6278 |  23826  |  33721  |
|          |           grp_conv3_fu_332          |    7    |  6.361  |   3440  |   3707  |
|----------|-------------------------------------|---------|---------|---------|---------|
|          |    output_ftmap_read_read_fu_176    |    0    |    0    |    0    |    0    |
|          |    conv3_weights_read_read_fu_182   |    0    |    0    |    0    |    0    |
|          | conv2_output_ftmap_read_read_fu_188 |    0    |    0    |    0    |    0    |
|   read   |    conv2_weights_read_read_fu_194   |    0    |    0    |    0    |    0    |
|          | conv1_output_ftmap_read_read_fu_200 |    0    |    0    |    0    |    0    |
|          |    conv1_weights_read_read_fu_206   |    0    |    0    |    0    |    0    |
|          |     input_ftmap_read_read_fu_212    |    0    |    0    |    0    |    0    |
|          |    conv3_biases_read_read_fu_234    |    0    |    0    |    0    |    0    |
|----------|-------------------------------------|---------|---------|---------|---------|
| writeresp|         grp_writeresp_fu_218        |    0    |    0    |    0    |    0    |
|          |         grp_writeresp_fu_225        |    0    |    0    |    0    |    0    |
|----------|-------------------------------------|---------|---------|---------|---------|
|partselect|           trunc_ln_fu_350           |    0    |    0    |    0    |    0    |
|          |           trunc_ln1_fu_360          |    0    |    0    |    0    |    0    |
|----------|-------------------------------------|---------|---------|---------|---------|
|   sext   |           sext_ln38_fu_370          |    0    |    0    |    0    |    0    |
|          |           sext_ln39_fu_380          |    0    |    0    |    0    |    0    |
|----------|-------------------------------------|---------|---------|---------|---------|
|   Total  |                                     |    55   | 115.839 |  35407  |  46687  |
|----------|-------------------------------------|---------|---------|---------|---------|

Memories:
+----------------------------------------------------------+--------+--------+--------+--------+
|                                                          |  BRAM  |   FF   |   LUT  |  URAM  |
+----------------------------------------------------------+--------+--------+--------+--------+
|  conv1_float_255_255_float_1_9_9_float_float_255_255_in  |    4   |    0   |    0   |    0   |
| conv1_float_255_255_float_1_9_9_float_float_255_255_in_1 |    4   |    0   |    0   |    0   |
| conv1_float_255_255_float_1_9_9_float_float_255_255_in_2 |    4   |    0   |    0   |    0   |
| conv1_float_255_255_float_1_9_9_float_float_255_255_in_3 |    4   |    0   |    0   |    0   |
|  conv1_float_255_255_float_1_9_9_float_float_255_255_ou  |    8   |    0   |    0   |    0   |
| conv1_float_255_255_float_1_9_9_float_float_255_255_ou_1 |    8   |    0   |    0   |    0   |
| conv1_float_255_255_float_1_9_9_float_float_255_255_ou_2 |    8   |    0   |    0   |    0   |
| conv1_float_255_255_float_1_9_9_float_float_255_255_ou_3 |    8   |    0   |    0   |    0   |
| conv1_float_255_255_float_1_9_9_float_float_255_255_ou_4 |    8   |    0   |    0   |    0   |
| conv1_float_255_255_float_1_9_9_float_float_255_255_ou_5 |    8   |    0   |    0   |    0   |
| conv1_float_255_255_float_1_9_9_float_float_255_255_ou_6 |    8   |    0   |    0   |    0   |
| conv1_float_255_255_float_1_9_9_float_float_255_255_ou_7 |    8   |    0   |    0   |    0   |
|                      input_fm_buffer                     |    8   |    0   |    0   |    0   |
|                     input_fm_buffer_1                    |    8   |    0   |    0   |    0   |
|                     output_fm_buffer                     |   22   |    0   |    0   |    0   |
|                    output_fm_buffer_0                    |    1   |    0   |    0   |    0   |
|p_ZZ5conv1PA255_A255_fPA1_A9_A9_fPfS1_E13weight_buffer_0_0|    2   |    0   |    0   |    0   |
|p_ZZ5conv1PA255_A255_fPA1_A9_A9_fPfS1_E13weight_buffer_1_0|    2   |    0   |    0   |    0   |
|                   weights_buffer_0_0_0                   |    1   |    0   |    0   |    0   |
|                   weights_buffer_0_0_1                   |    1   |    0   |    0   |    0   |
|                   weights_buffer_0_0_2                   |    1   |    0   |    0   |    0   |
|                   weights_buffer_0_0_3                   |    1   |    0   |    0   |    0   |
|                   weights_buffer_0_0_4                   |    1   |    0   |    0   |    0   |
|                   weights_buffer_0_0_5                   |    1   |    0   |    0   |    0   |
|                   weights_buffer_0_0_6                   |    1   |    0   |    0   |    0   |
|                   weights_buffer_0_0_7                   |    1   |    0   |    0   |    0   |
+----------------------------------------------------------+--------+--------+--------+--------+
|                           Total                          |   131  |    0   |    0   |    0   |
+----------------------------------------------------------+--------+--------+--------+--------+

* Register list:
+-------------------------------+--------+
|                               |   FF   |
+-------------------------------+--------+
|conv1_output_ftmap_read_reg_416|   64   |
|   conv1_weights_read_reg_422  |   64   |
|conv2_output_ftmap_read_reg_405|   64   |
|   conv2_weights_read_reg_411  |   64   |
|   conv3_weights_read_reg_400  |   64   |
|        empty_65_reg_454       |   32   |
|        i3_addr_reg_444        |   32   |
|    input_ftmap_read_reg_427   |   64   |
|         o_addr_reg_449        |   32   |
|   output_ftmap_read_reg_395   |   64   |
|       trunc_ln1_reg_438       |   62   |
|        trunc_ln_reg_432       |   62   |
+-------------------------------+--------+
|             Total             |   668  |
+-------------------------------+--------+

* Multiplexer (MUX) list: 
|----------------------|------|------|------|--------||---------||---------|
|         Comp         |  Pin | Size |  BW  | S x BW ||  Delay  ||   LUT   |
|----------------------|------|------|------|--------||---------||---------|
| grp_writeresp_fu_218 |  p0  |   2  |   1  |    2   |
| grp_writeresp_fu_218 |  p1  |   2  |  32  |   64   ||    9    |
| grp_writeresp_fu_225 |  p0  |   2  |   1  |    2   |
| grp_writeresp_fu_225 |  p1  |   2  |  32  |   64   ||    9    |
|   grp_conv3_fu_332   |  p5  |   2  |  32  |   64   ||    9    |
|----------------------|------|------|------|--------||---------||---------|
|         Total        |      |      |      |   196  ||  2.135  ||    27   |
|----------------------|------|------|------|--------||---------||---------|



* Summary:
+-----------+--------+--------+--------+--------+--------+--------+
|           |  BRAM  |   DSP  |  Delay |   FF   |   LUT  |  URAM  |
+-----------+--------+--------+--------+--------+--------+--------+
|  Function |    -   |   55   |   115  |  35407 |  46687 |    -   |
|   Memory  |   131  |    -   |    -   |    0   |    0   |    0   |
|Multiplexer|    -   |    -   |    2   |    -   |   27   |    -   |
|  Register |    -   |    -   |    -   |   668  |    -   |    -   |
+-----------+--------+--------+--------+--------+--------+--------+
|   Total   |   131  |   55   |   117  |  36075 |  46714 |    0   |
+-----------+--------+--------+--------+--------+--------+--------+
