INFO-FLOW: Workspace C:/SPB_Data/ELEN90096-Group-2/golden/srcnn_hls/solution1 opened at Mon Oct 09 14:51:09 +1100 2023
Execute     ap_set_clock -name default -period 10 -default=false 
INFO: [SYN 201-201] Setting up clock 'default' with a period of 10ns.
Execute     set_part xck26-sfvc784-2LV-c 
Execute       create_platform xck26-sfvc784-2LV-c -board  
DBG:HLSDevice: Trying to load device library: C:/Xilinx/Vitis_HLS/2023.1\lib\win64.o\xv_hlsvwrap.dll
DBG:HLSDevice: first parts/arch.xml in RDI_DATADIR: C:/Xilinx/Vivado/2023.1/data/parts/arch.xml
DBG:HLSDevice: init success
INFO: [HLS 200-1611] Setting target device to 'xck26-sfvc784-2LV-c'
Command       create_platform done; 0.586 sec.
Execute       source C:/Xilinx/Vitis_HLS/2023.1/common/technology/xilinx/common/xilinx.gen 
Execute         source C:/Xilinx/Vitis_HLS/2023.1/common/technology/xilinx/interface/plb46.gen 
Execute         source C:/Xilinx/Vitis_HLS/2023.1/common/technology/xilinx/interface/axi4.gen 
Execute         source C:/Xilinx/Vitis_HLS/2023.1/common/technology/xilinx/interface/nativeAXI4.gen 
Execute           source C:/Xilinx/Vitis_HLS/2023.1/common/technology/xilinx/interface/saxilite.gen 
Execute         source C:/Xilinx/Vitis_HLS/2023.1/common/technology/xilinx/scripts/xilinxcoregen.gen 
Execute         source C:/Xilinx/Vitis_HLS/2023.1/common/technology/xilinx/interface/XilEDKCoreGen.gen 
Execute         source C:/Xilinx/Vitis_HLS/2023.1/common/technology/xilinx/ip/dds_compiler.gen 
Execute         source C:/Xilinx/Vitis_HLS/2023.1/common/technology/xilinx/ip/util.gen 
Execute         source C:/Xilinx/Vitis_HLS/2023.1/common/technology/xilinx/ip/xfft.gen 
Execute         source C:/Xilinx/Vitis_HLS/2023.1/common/technology/xilinx/ip/xfir.gen 
Execute         source C:/Xilinx/Vitis_HLS/2023.1/common/technology/xilinx/DSP48/dsp48.gen 
Command       ap_source done; 0.101 sec.
Execute       ap_part_info -name xck26-sfvc784-2LV-c -data info 
Execute       config_compile -quiet -complex-mul-dsp=0 
Command     set_part done; 0.697 sec.
Execute     send_msg_by_id INFO @200-1505@%s%s  vivado 
INFO: [HLS 200-1505] Using flow_target 'vivado'
Command   open_solution done; 0.81 sec.
Execute   set_part xck26-sfvc784-2LV-c 
INFO: [HLS 200-1510] Running: set_part xck26-sfvc784-2LV-c 
Execute     create_platform xck26-sfvc784-2LV-c -board  
Execute     source C:/Xilinx/Vitis_HLS/2023.1/common/technology/xilinx/common/xilinx.gen 
Execute       source C:/Xilinx/Vitis_HLS/2023.1/common/technology/xilinx/interface/plb46.gen 
Execute       source C:/Xilinx/Vitis_HLS/2023.1/common/technology/xilinx/interface/axi4.gen 
Execute       source C:/Xilinx/Vitis_HLS/2023.1/common/technology/xilinx/interface/nativeAXI4.gen 
Execute         source C:/Xilinx/Vitis_HLS/2023.1/common/technology/xilinx/interface/saxilite.gen 
Execute       source C:/Xilinx/Vitis_HLS/2023.1/common/technology/xilinx/scripts/xilinxcoregen.gen 
Execute       source C:/Xilinx/Vitis_HLS/2023.1/common/technology/xilinx/interface/XilEDKCoreGen.gen 
Execute       source C:/Xilinx/Vitis_HLS/2023.1/common/technology/xilinx/ip/dds_compiler.gen 
Execute       source C:/Xilinx/Vitis_HLS/2023.1/common/technology/xilinx/ip/util.gen 
Execute       source C:/Xilinx/Vitis_HLS/2023.1/common/technology/xilinx/ip/xfft.gen 
Execute       source C:/Xilinx/Vitis_HLS/2023.1/common/technology/xilinx/ip/xfir.gen 
Execute       source C:/Xilinx/Vitis_HLS/2023.1/common/technology/xilinx/DSP48/dsp48.gen 
Execute     ap_part_info -name xck26-sfvc784-2LV-c -data info 
Execute     config_compile -quiet -complex-mul-dsp=0 
Command   set_part done; 0.11 sec.
Execute   create_clock -period 10 -name default 
INFO: [HLS 200-1510] Running: create_clock -period 10 -name default 
Execute   csynth_design 
INFO: [HLS 200-1510] Running: csynth_design 
INFO-FLOW: Running SLX 'csynth' proc: ::SLX::run_csynth
Execute     elaborate -effort=medium -skip_syncheck=0 -keep_printf=0 -skip_cdt=0 -skip_transform=0 -ng=0 -g=0 -opt_fp=0 -from_csynth_design=1 
INFO: [HLS 200-111] Finished File checks and directory preparation: CPU user time: 0 seconds. CPU system time: 0 seconds. Elapsed time: 0.176 seconds; current allocated memory: 91.770 MB.
Execute       set_directive_top srcnn -name=srcnn 
Execute       source C:/Xilinx/Vitis_HLS/2023.1/tps/tcl/tcllib1.11.1/yaml/huddle.tcl 
Execute       source C:/Xilinx/Vitis_HLS/2023.1/tps/tcl/tcllib1.11.1/yaml/json2huddle.tcl 
Execute         source C:/Xilinx/Vitis_HLS/2023.1/tps/tcl/tcllib1.11.1/try/try.tcl 
INFO: [HLS 200-10] Analyzing design file 'src/conv1.cpp' ... 
INFO-FLOW: Compiling one TU...
INFO-FLOW: Handling src/conv1.cpp as C++
Execute       ap_part_info -name xck26-sfvc784-2LV-c -data info 
INFO-FLOW: Running: GCC PP 39
INFO-FLOW: Source preprocessing
INFO-FLOW: run_clang exec: C:/Xilinx/Vitis_HLS/2023.1/win64/tools/clang-3.9-csynth/bin/clang src/conv1.cpp -foptimization-record-file=C:/SPB_Data/ELEN90096-Group-2/golden/srcnn_hls/solution1/.autopilot/db/conv1.cpp.clang.diag.yml -mllvm -pass-remarks-missed=reflow|pasta|unroll -mllvm -pass-remarks=reflow|pasta|unroll|inline -fno-limit-debug-info --sysroot C:/Xilinx/Vitis_HLS/2023.1/tps/mingw/8.3.0/win64.o/nt -fhls -fno-exceptions -insert-hls-directive=C:/SPB_Data/ELEN90096-Group-2/golden/srcnn_hls/solution1/.autopilot/db/all.directive.json -E -fno-math-errno -c -emit-llvm -mllvm -disable-llvm-optzns -Werror=implicit-function-declaration -Werror=implicit-hls-streams -Werror=return-type -Wpragmas -Wunused-parameter -Wdump-hls-pragmas -Wno-error=dump-hls-pragmas -fno-threadsafe-statics -fno-use-cxa-atexit -std=gnu++14 -target fpga64-xilinx-mingw32 -fno-threadsafe-statics -fno-use-cxa-atexit -D__VITIS_HLS__ -DAESL_SYN -D__SYNTHESIS__ -D__HLS_SYN__ -I C:/Xilinx/Vitis_HLS/2023.1/common/technology/autopilot -I C:/Xilinx/Vitis_HLS/2023.1/common/technology/autopilot/ap_sysc -include etc/autopilot_ssdm_op.h -D__DSP48E2__ -I /usr/include/x86_64-linux-gnu -o C:/SPB_Data/ELEN90096-Group-2/golden/srcnn_hls/solution1/.autopilot/db/conv1.pp.0.cpp {-hls-platform-db-name=C:/Xilinx/Vitis_HLS/2023.1/common/technology\xilinx/common/platform.db} -hls-platform-name=zynquplus_medium -device-resource-info=BRAM_288.000000_DSP_1248.000000_FF_234240.000000_LUT_117120.000000_SLICE_14640.000000_URAM_64.000000 -device-name-info=xck26-sfvc784-2LV-c > C:/SPB_Data/ELEN90096-Group-2/golden/srcnn_hls/solution1/.autopilot/db/conv1.cpp.clang.out.log 2> C:/SPB_Data/ELEN90096-Group-2/golden/srcnn_hls/solution1/.autopilot/db/conv1.cpp.clang.err.log
INFO-FLOW: Done: GCC PP 39 time: 0.4 seconds per iteration
INFO-FLOW: Source syntax check for synthesis
INFO-FLOW: run_clang exec: C:/Xilinx/Vitis_HLS/2023.1/win64/tools/clang-3.9-csynth/bin/clang -foptimization-record-file=C:/SPB_Data/ELEN90096-Group-2/golden/srcnn_hls/solution1/.autopilot/db/clang.diag.yml -mllvm -pass-remarks-missed=reflow|pasta|unroll -mllvm -pass-remarks=reflow|pasta|unroll|inline -fsyntax-only -fhls -target fpga64-xilinx-linux-gnu C:/SPB_Data/ELEN90096-Group-2/golden/srcnn_hls/solution1/.autopilot/db/conv1.pp.0.cpp {-hls-platform-db-name=C:/Xilinx/Vitis_HLS/2023.1/common/technology\xilinx/common/platform.db} -hls-platform-name=zynquplus_medium -device-resource-info=BRAM_288.000000_DSP_1248.000000_FF_234240.000000_LUT_117120.000000_SLICE_14640.000000_URAM_64.000000 -device-name-info=xck26-sfvc784-2LV-c > C:/SPB_Data/ELEN90096-Group-2/golden/srcnn_hls/solution1/.autopilot/db/clang.out.log 2> C:/SPB_Data/ELEN90096-Group-2/golden/srcnn_hls/solution1/.autopilot/db/clang.err.log
Execute       clang_tidy xilinx-systemc-detector -desc systemc-detector C:/SPB_Data/ELEN90096-Group-2/golden/srcnn_hls/solution1/.autopilot/db/conv1.pp.0.cpp std=gnu++14 -target fpga  -directive=C:/SPB_Data/ELEN90096-Group-2/golden/srcnn_hls/solution1/.autopilot/db/.systemc_flag 
INFO-FLOW: exec C:/Xilinx/Vitis_HLS/2023.1/win64/tools/clang-3.9-csynth/bin/clang-tidy -header-filter=.* --checks=-*,xilinx-systemc-detector -import-directive=C:/SPB_Data/ELEN90096-Group-2/golden/srcnn_hls/solution1/.autopilot/db/.systemc_flag -fix-errors C:/SPB_Data/ELEN90096-Group-2/golden/srcnn_hls/solution1/.autopilot/db/conv1.pp.0.cpp -- -std=gnu++14 -target fpga -fhls -ferror-limit=0
Command       clang_tidy done; 0.313 sec.
INFO-FLOW: Running: clang-tidy CDT preprocess 39
Execute       clang_tidy xilinx-directive2pragma -desc directive2pragma C:/SPB_Data/ELEN90096-Group-2/golden/srcnn_hls/solution1/.autopilot/db/conv1.pp.0.cpp std=gnu++14 -target fpga  -directive=C:/SPB_Data/ELEN90096-Group-2/golden/srcnn_hls/solution1/.autopilot/db/all.directive.json 
INFO-FLOW: exec C:/Xilinx/Vitis_HLS/2023.1/win64/tools/clang-3.9-csynth/bin/clang-tidy -header-filter=.* --checks=-*,xilinx-directive2pragma -import-directive=C:/SPB_Data/ELEN90096-Group-2/golden/srcnn_hls/solution1/.autopilot/db/all.directive.json -fix-errors C:/SPB_Data/ELEN90096-Group-2/golden/srcnn_hls/solution1/.autopilot/db/conv1.pp.0.cpp -- -std=gnu++14 -target fpga -fhls -ferror-limit=0
Command       clang_tidy done; 0.314 sec.
INFO-FLOW: Done: clang-tidy CDT preprocess 39 time: 0.3 seconds per iteration
INFO-FLOW: Calling xilinx-label-all-loops ... 
INFO-FLOW: Calling xilinx-aggregate-on-hls-vector ... 
Execute       clang_tidy -errorcheck -desc loop-label xilinx-label-all-loops,xilinx-aggregate-on-hls-vector,,xilinx-warn-mayneed-no-ctor-attribute C:/SPB_Data/ELEN90096-Group-2/golden/srcnn_hls/solution1/.autopilot/db/conv1.pp.0.cpp std=gnu++14 -target fpga  
INFO-FLOW: run_clang exec: C:/Xilinx/Vitis_HLS/2023.1/win64/tools/clang-3.9-csynth/bin/clang-tidy -export-fixes=C:/SPB_Data/ELEN90096-Group-2/golden/srcnn_hls/solution1/.autopilot/db/conv1.pp.0.cpp.clang-tidy.loop-label.diag.yml -header-filter=.* --checks=-*,xilinx-label-all-loops,xilinx-aggregate-on-hls-vector,,xilinx-warn-mayneed-no-ctor-attribute -fix-errors C:/SPB_Data/ELEN90096-Group-2/golden/srcnn_hls/solution1/.autopilot/db/conv1.pp.0.cpp -- -std=gnu++14 -target fpga -fhls -ferror-limit=0 > C:/SPB_Data/ELEN90096-Group-2/golden/srcnn_hls/solution1/.autopilot/db/conv1.pp.0.cpp.clang-tidy.loop-label.out.log 2> C:/SPB_Data/ELEN90096-Group-2/golden/srcnn_hls/solution1/.autopilot/db/conv1.pp.0.cpp.clang-tidy.loop-label.err.log
Execute         source C:/Xilinx/Vitis_HLS/2023.1/tps/tcl/tcllib1.11.1/yaml/yaml.tcl 
Command       clang_tidy done; 0.563 sec.
INFO-FLOW: run_clang exec: C:/Xilinx/Vitis_HLS/2023.1/win64/tools/clang-3.9-csynth/bin/xilinx-dataflow-lawyer -export-fixes=C:/SPB_Data/ELEN90096-Group-2/golden/srcnn_hls/solution1/.autopilot/db/conv1.pp.0.cpp.xilinx-dataflow-lawyer.diag.yml C:/SPB_Data/ELEN90096-Group-2/golden/srcnn_hls/solution1/.autopilot/db/conv1.pp.0.cpp -- -std=gnu++14 -target fpga -fhls -ferror-limit=0 -fstrict-dataflow > C:/SPB_Data/ELEN90096-Group-2/golden/srcnn_hls/solution1/.autopilot/db/conv1.pp.0.cpp.xilinx-dataflow-lawyer.out.log 2> C:/SPB_Data/ELEN90096-Group-2/golden/srcnn_hls/solution1/.autopilot/db/conv1.pp.0.cpp.xilinx-dataflow-lawyer.err.log
Execute       ap_part_info -name xck26-sfvc784-2LV-c -data info 
INFO-FLOW: compiling source code to llvm bc
INFO-FLOW: run_clang exec: C:/Xilinx/Vitis_HLS/2023.1/win64/tools/clang-3.9-csynth/bin/clang -foptimization-record-file=C:/SPB_Data/ELEN90096-Group-2/golden/srcnn_hls/solution1/.autopilot/db/conv1.pp.0.cpp.clang.diag.yml -mllvm -pass-remarks-missed=reflow|pasta|unroll -mllvm -pass-remarks=reflow|pasta|unroll|inline -fno-limit-debug-info -fhls -flto -fno-exceptions -Wno-error=c++11-narrowing C:/SPB_Data/ELEN90096-Group-2/golden/srcnn_hls/solution1/.autopilot/db/conv1.pp.0.cpp -fno-math-errno -c -emit-llvm -mllvm -disable-llvm-optzns -Werror=implicit-function-declaration -Werror=implicit-hls-streams -Werror=return-type -Wpragmas -Wunused-parameter -Wdump-hls-pragmas -Wno-error=dump-hls-pragmas -fno-threadsafe-statics -fno-use-cxa-atexit -std=gnu++14 -target fpga64-xilinx-linux-gnu -D__VITIS_HLS__ -DAESL_SYN -D__SYNTHESIS__ -D__HLS_SYN__ -I C:/Xilinx/Vitis_HLS/2023.1/common/technology/autopilot -I C:/Xilinx/Vitis_HLS/2023.1/common/technology/autopilot/ap_sysc -include etc/autopilot_ssdm_op.h -D__DSP48E2__ -g -o C:/SPB_Data/ELEN90096-Group-2/golden/srcnn_hls/solution1/.autopilot/db/conv1.bc {-hls-platform-db-name=C:/Xilinx/Vitis_HLS/2023.1/common/technology\xilinx/common/platform.db} -hls-platform-name=zynquplus_medium -device-resource-info=BRAM_288.000000_DSP_1248.000000_FF_234240.000000_LUT_117120.000000_SLICE_14640.000000_URAM_64.000000 -device-name-info=xck26-sfvc784-2LV-c > C:/SPB_Data/ELEN90096-Group-2/golden/srcnn_hls/solution1/.autopilot/db/conv1.pp.0.cpp.clang.out.log 2> C:/SPB_Data/ELEN90096-Group-2/golden/srcnn_hls/solution1/.autopilot/db/conv1.pp.0.cpp.clang.err.log
INFO: [HLS 200-10] Analyzing design file 'src/conv2.cpp' ... 
INFO-FLOW: Compiling one TU...
INFO-FLOW: Handling src/conv2.cpp as C++
Execute       ap_part_info -name xck26-sfvc784-2LV-c -data info 
INFO-FLOW: Running: GCC PP 39
INFO-FLOW: Source preprocessing
INFO-FLOW: run_clang exec: C:/Xilinx/Vitis_HLS/2023.1/win64/tools/clang-3.9-csynth/bin/clang src/conv2.cpp -foptimization-record-file=C:/SPB_Data/ELEN90096-Group-2/golden/srcnn_hls/solution1/.autopilot/db/conv2.cpp.clang.diag.yml -mllvm -pass-remarks-missed=reflow|pasta|unroll -mllvm -pass-remarks=reflow|pasta|unroll|inline -fno-limit-debug-info --sysroot C:/Xilinx/Vitis_HLS/2023.1/tps/mingw/8.3.0/win64.o/nt -fhls -fno-exceptions -insert-hls-directive=C:/SPB_Data/ELEN90096-Group-2/golden/srcnn_hls/solution1/.autopilot/db/all.directive.json -E -fno-math-errno -c -emit-llvm -mllvm -disable-llvm-optzns -Werror=implicit-function-declaration -Werror=implicit-hls-streams -Werror=return-type -Wpragmas -Wunused-parameter -Wdump-hls-pragmas -Wno-error=dump-hls-pragmas -fno-threadsafe-statics -fno-use-cxa-atexit -std=gnu++14 -target fpga64-xilinx-mingw32 -fno-threadsafe-statics -fno-use-cxa-atexit -D__VITIS_HLS__ -DAESL_SYN -D__SYNTHESIS__ -D__HLS_SYN__ -I C:/Xilinx/Vitis_HLS/2023.1/common/technology/autopilot -I C:/Xilinx/Vitis_HLS/2023.1/common/technology/autopilot/ap_sysc -include etc/autopilot_ssdm_op.h -D__DSP48E2__ -I /usr/include/x86_64-linux-gnu -o C:/SPB_Data/ELEN90096-Group-2/golden/srcnn_hls/solution1/.autopilot/db/conv2.pp.0.cpp {-hls-platform-db-name=C:/Xilinx/Vitis_HLS/2023.1/common/technology\xilinx/common/platform.db} -hls-platform-name=zynquplus_medium -device-resource-info=BRAM_288.000000_DSP_1248.000000_FF_234240.000000_LUT_117120.000000_SLICE_14640.000000_URAM_64.000000 -device-name-info=xck26-sfvc784-2LV-c > C:/SPB_Data/ELEN90096-Group-2/golden/srcnn_hls/solution1/.autopilot/db/conv2.cpp.clang.out.log 2> C:/SPB_Data/ELEN90096-Group-2/golden/srcnn_hls/solution1/.autopilot/db/conv2.cpp.clang.err.log
INFO-FLOW: Done: GCC PP 39 time: 0.4 seconds per iteration
INFO-FLOW: Source syntax check for synthesis
INFO-FLOW: run_clang exec: C:/Xilinx/Vitis_HLS/2023.1/win64/tools/clang-3.9-csynth/bin/clang -foptimization-record-file=C:/SPB_Data/ELEN90096-Group-2/golden/srcnn_hls/solution1/.autopilot/db/clang.diag.yml -mllvm -pass-remarks-missed=reflow|pasta|unroll -mllvm -pass-remarks=reflow|pasta|unroll|inline -fsyntax-only -fhls -target fpga64-xilinx-linux-gnu C:/SPB_Data/ELEN90096-Group-2/golden/srcnn_hls/solution1/.autopilot/db/conv2.pp.0.cpp {-hls-platform-db-name=C:/Xilinx/Vitis_HLS/2023.1/common/technology\xilinx/common/platform.db} -hls-platform-name=zynquplus_medium -device-resource-info=BRAM_288.000000_DSP_1248.000000_FF_234240.000000_LUT_117120.000000_SLICE_14640.000000_URAM_64.000000 -device-name-info=xck26-sfvc784-2LV-c > C:/SPB_Data/ELEN90096-Group-2/golden/srcnn_hls/solution1/.autopilot/db/clang.out.log 2> C:/SPB_Data/ELEN90096-Group-2/golden/srcnn_hls/solution1/.autopilot/db/clang.err.log
Execute       clang_tidy xilinx-systemc-detector -desc systemc-detector C:/SPB_Data/ELEN90096-Group-2/golden/srcnn_hls/solution1/.autopilot/db/conv2.pp.0.cpp std=gnu++14 -target fpga  -directive=C:/SPB_Data/ELEN90096-Group-2/golden/srcnn_hls/solution1/.autopilot/db/.systemc_flag 
INFO-FLOW: exec C:/Xilinx/Vitis_HLS/2023.1/win64/tools/clang-3.9-csynth/bin/clang-tidy -header-filter=.* --checks=-*,xilinx-systemc-detector -import-directive=C:/SPB_Data/ELEN90096-Group-2/golden/srcnn_hls/solution1/.autopilot/db/.systemc_flag -fix-errors C:/SPB_Data/ELEN90096-Group-2/golden/srcnn_hls/solution1/.autopilot/db/conv2.pp.0.cpp -- -std=gnu++14 -target fpga -fhls -ferror-limit=0
Command       clang_tidy done; 0.262 sec.
INFO-FLOW: Running: clang-tidy CDT preprocess 39
Execute       clang_tidy xilinx-directive2pragma -desc directive2pragma C:/SPB_Data/ELEN90096-Group-2/golden/srcnn_hls/solution1/.autopilot/db/conv2.pp.0.cpp std=gnu++14 -target fpga  -directive=C:/SPB_Data/ELEN90096-Group-2/golden/srcnn_hls/solution1/.autopilot/db/all.directive.json 
INFO-FLOW: exec C:/Xilinx/Vitis_HLS/2023.1/win64/tools/clang-3.9-csynth/bin/clang-tidy -header-filter=.* --checks=-*,xilinx-directive2pragma -import-directive=C:/SPB_Data/ELEN90096-Group-2/golden/srcnn_hls/solution1/.autopilot/db/all.directive.json -fix-errors C:/SPB_Data/ELEN90096-Group-2/golden/srcnn_hls/solution1/.autopilot/db/conv2.pp.0.cpp -- -std=gnu++14 -target fpga -fhls -ferror-limit=0
Command       clang_tidy done; 0.257 sec.
INFO-FLOW: Done: clang-tidy CDT preprocess 39 time: 0.3 seconds per iteration
INFO-FLOW: Calling xilinx-label-all-loops ... 
INFO-FLOW: Calling xilinx-aggregate-on-hls-vector ... 
Execute       clang_tidy -errorcheck -desc loop-label xilinx-label-all-loops,xilinx-aggregate-on-hls-vector,,xilinx-warn-mayneed-no-ctor-attribute C:/SPB_Data/ELEN90096-Group-2/golden/srcnn_hls/solution1/.autopilot/db/conv2.pp.0.cpp std=gnu++14 -target fpga  
INFO-FLOW: run_clang exec: C:/Xilinx/Vitis_HLS/2023.1/win64/tools/clang-3.9-csynth/bin/clang-tidy -export-fixes=C:/SPB_Data/ELEN90096-Group-2/golden/srcnn_hls/solution1/.autopilot/db/conv2.pp.0.cpp.clang-tidy.loop-label.diag.yml -header-filter=.* --checks=-*,xilinx-label-all-loops,xilinx-aggregate-on-hls-vector,,xilinx-warn-mayneed-no-ctor-attribute -fix-errors C:/SPB_Data/ELEN90096-Group-2/golden/srcnn_hls/solution1/.autopilot/db/conv2.pp.0.cpp -- -std=gnu++14 -target fpga -fhls -ferror-limit=0 > C:/SPB_Data/ELEN90096-Group-2/golden/srcnn_hls/solution1/.autopilot/db/conv2.pp.0.cpp.clang-tidy.loop-label.out.log 2> C:/SPB_Data/ELEN90096-Group-2/golden/srcnn_hls/solution1/.autopilot/db/conv2.pp.0.cpp.clang-tidy.loop-label.err.log
Command       clang_tidy done; 0.436 sec.
INFO-FLOW: run_clang exec: C:/Xilinx/Vitis_HLS/2023.1/win64/tools/clang-3.9-csynth/bin/xilinx-dataflow-lawyer -export-fixes=C:/SPB_Data/ELEN90096-Group-2/golden/srcnn_hls/solution1/.autopilot/db/conv2.pp.0.cpp.xilinx-dataflow-lawyer.diag.yml C:/SPB_Data/ELEN90096-Group-2/golden/srcnn_hls/solution1/.autopilot/db/conv2.pp.0.cpp -- -std=gnu++14 -target fpga -fhls -ferror-limit=0 -fstrict-dataflow > C:/SPB_Data/ELEN90096-Group-2/golden/srcnn_hls/solution1/.autopilot/db/conv2.pp.0.cpp.xilinx-dataflow-lawyer.out.log 2> C:/SPB_Data/ELEN90096-Group-2/golden/srcnn_hls/solution1/.autopilot/db/conv2.pp.0.cpp.xilinx-dataflow-lawyer.err.log
Execute       ap_part_info -name xck26-sfvc784-2LV-c -data info 
INFO-FLOW: compiling source code to llvm bc
INFO-FLOW: run_clang exec: C:/Xilinx/Vitis_HLS/2023.1/win64/tools/clang-3.9-csynth/bin/clang -foptimization-record-file=C:/SPB_Data/ELEN90096-Group-2/golden/srcnn_hls/solution1/.autopilot/db/conv2.pp.0.cpp.clang.diag.yml -mllvm -pass-remarks-missed=reflow|pasta|unroll -mllvm -pass-remarks=reflow|pasta|unroll|inline -fno-limit-debug-info -fhls -flto -fno-exceptions -Wno-error=c++11-narrowing C:/SPB_Data/ELEN90096-Group-2/golden/srcnn_hls/solution1/.autopilot/db/conv2.pp.0.cpp -fno-math-errno -c -emit-llvm -mllvm -disable-llvm-optzns -Werror=implicit-function-declaration -Werror=implicit-hls-streams -Werror=return-type -Wpragmas -Wunused-parameter -Wdump-hls-pragmas -Wno-error=dump-hls-pragmas -fno-threadsafe-statics -fno-use-cxa-atexit -std=gnu++14 -target fpga64-xilinx-linux-gnu -D__VITIS_HLS__ -DAESL_SYN -D__SYNTHESIS__ -D__HLS_SYN__ -I C:/Xilinx/Vitis_HLS/2023.1/common/technology/autopilot -I C:/Xilinx/Vitis_HLS/2023.1/common/technology/autopilot/ap_sysc -include etc/autopilot_ssdm_op.h -D__DSP48E2__ -g -o C:/SPB_Data/ELEN90096-Group-2/golden/srcnn_hls/solution1/.autopilot/db/conv2.bc {-hls-platform-db-name=C:/Xilinx/Vitis_HLS/2023.1/common/technology\xilinx/common/platform.db} -hls-platform-name=zynquplus_medium -device-resource-info=BRAM_288.000000_DSP_1248.000000_FF_234240.000000_LUT_117120.000000_SLICE_14640.000000_URAM_64.000000 -device-name-info=xck26-sfvc784-2LV-c > C:/SPB_Data/ELEN90096-Group-2/golden/srcnn_hls/solution1/.autopilot/db/conv2.pp.0.cpp.clang.out.log 2> C:/SPB_Data/ELEN90096-Group-2/golden/srcnn_hls/solution1/.autopilot/db/conv2.pp.0.cpp.clang.err.log
INFO: [HLS 200-10] Analyzing design file 'src/conv3.cpp' ... 
INFO-FLOW: Compiling one TU...
INFO-FLOW: Handling src/conv3.cpp as C++
Execute       ap_part_info -name xck26-sfvc784-2LV-c -data info 
INFO-FLOW: Running: GCC PP 39
INFO-FLOW: Source preprocessing
INFO-FLOW: run_clang exec: C:/Xilinx/Vitis_HLS/2023.1/win64/tools/clang-3.9-csynth/bin/clang src/conv3.cpp -foptimization-record-file=C:/SPB_Data/ELEN90096-Group-2/golden/srcnn_hls/solution1/.autopilot/db/conv3.cpp.clang.diag.yml -mllvm -pass-remarks-missed=reflow|pasta|unroll -mllvm -pass-remarks=reflow|pasta|unroll|inline -fno-limit-debug-info --sysroot C:/Xilinx/Vitis_HLS/2023.1/tps/mingw/8.3.0/win64.o/nt -fhls -fno-exceptions -insert-hls-directive=C:/SPB_Data/ELEN90096-Group-2/golden/srcnn_hls/solution1/.autopilot/db/all.directive.json -E -fno-math-errno -c -emit-llvm -mllvm -disable-llvm-optzns -Werror=implicit-function-declaration -Werror=implicit-hls-streams -Werror=return-type -Wpragmas -Wunused-parameter -Wdump-hls-pragmas -Wno-error=dump-hls-pragmas -fno-threadsafe-statics -fno-use-cxa-atexit -std=gnu++14 -target fpga64-xilinx-mingw32 -fno-threadsafe-statics -fno-use-cxa-atexit -D__VITIS_HLS__ -DAESL_SYN -D__SYNTHESIS__ -D__HLS_SYN__ -I C:/Xilinx/Vitis_HLS/2023.1/common/technology/autopilot -I C:/Xilinx/Vitis_HLS/2023.1/common/technology/autopilot/ap_sysc -include etc/autopilot_ssdm_op.h -D__DSP48E2__ -I /usr/include/x86_64-linux-gnu -o C:/SPB_Data/ELEN90096-Group-2/golden/srcnn_hls/solution1/.autopilot/db/conv3.pp.0.cpp {-hls-platform-db-name=C:/Xilinx/Vitis_HLS/2023.1/common/technology\xilinx/common/platform.db} -hls-platform-name=zynquplus_medium -device-resource-info=BRAM_288.000000_DSP_1248.000000_FF_234240.000000_LUT_117120.000000_SLICE_14640.000000_URAM_64.000000 -device-name-info=xck26-sfvc784-2LV-c > C:/SPB_Data/ELEN90096-Group-2/golden/srcnn_hls/solution1/.autopilot/db/conv3.cpp.clang.out.log 2> C:/SPB_Data/ELEN90096-Group-2/golden/srcnn_hls/solution1/.autopilot/db/conv3.cpp.clang.err.log
INFO-FLOW: Done: GCC PP 39 time: 0.4 seconds per iteration
INFO-FLOW: Source syntax check for synthesis
INFO-FLOW: run_clang exec: C:/Xilinx/Vitis_HLS/2023.1/win64/tools/clang-3.9-csynth/bin/clang -foptimization-record-file=C:/SPB_Data/ELEN90096-Group-2/golden/srcnn_hls/solution1/.autopilot/db/clang.diag.yml -mllvm -pass-remarks-missed=reflow|pasta|unroll -mllvm -pass-remarks=reflow|pasta|unroll|inline -fsyntax-only -fhls -target fpga64-xilinx-linux-gnu C:/SPB_Data/ELEN90096-Group-2/golden/srcnn_hls/solution1/.autopilot/db/conv3.pp.0.cpp {-hls-platform-db-name=C:/Xilinx/Vitis_HLS/2023.1/common/technology\xilinx/common/platform.db} -hls-platform-name=zynquplus_medium -device-resource-info=BRAM_288.000000_DSP_1248.000000_FF_234240.000000_LUT_117120.000000_SLICE_14640.000000_URAM_64.000000 -device-name-info=xck26-sfvc784-2LV-c > C:/SPB_Data/ELEN90096-Group-2/golden/srcnn_hls/solution1/.autopilot/db/clang.out.log 2> C:/SPB_Data/ELEN90096-Group-2/golden/srcnn_hls/solution1/.autopilot/db/clang.err.log
Execute       clang_tidy xilinx-systemc-detector -desc systemc-detector C:/SPB_Data/ELEN90096-Group-2/golden/srcnn_hls/solution1/.autopilot/db/conv3.pp.0.cpp std=gnu++14 -target fpga  -directive=C:/SPB_Data/ELEN90096-Group-2/golden/srcnn_hls/solution1/.autopilot/db/.systemc_flag 
INFO-FLOW: exec C:/Xilinx/Vitis_HLS/2023.1/win64/tools/clang-3.9-csynth/bin/clang-tidy -header-filter=.* --checks=-*,xilinx-systemc-detector -import-directive=C:/SPB_Data/ELEN90096-Group-2/golden/srcnn_hls/solution1/.autopilot/db/.systemc_flag -fix-errors C:/SPB_Data/ELEN90096-Group-2/golden/srcnn_hls/solution1/.autopilot/db/conv3.pp.0.cpp -- -std=gnu++14 -target fpga -fhls -ferror-limit=0
Command       clang_tidy done; 0.259 sec.
INFO-FLOW: Running: clang-tidy CDT preprocess 39
Execute       clang_tidy xilinx-directive2pragma -desc directive2pragma C:/SPB_Data/ELEN90096-Group-2/golden/srcnn_hls/solution1/.autopilot/db/conv3.pp.0.cpp std=gnu++14 -target fpga  -directive=C:/SPB_Data/ELEN90096-Group-2/golden/srcnn_hls/solution1/.autopilot/db/all.directive.json 
INFO-FLOW: exec C:/Xilinx/Vitis_HLS/2023.1/win64/tools/clang-3.9-csynth/bin/clang-tidy -header-filter=.* --checks=-*,xilinx-directive2pragma -import-directive=C:/SPB_Data/ELEN90096-Group-2/golden/srcnn_hls/solution1/.autopilot/db/all.directive.json -fix-errors C:/SPB_Data/ELEN90096-Group-2/golden/srcnn_hls/solution1/.autopilot/db/conv3.pp.0.cpp -- -std=gnu++14 -target fpga -fhls -ferror-limit=0
Command       clang_tidy done; 0.256 sec.
INFO-FLOW: Done: clang-tidy CDT preprocess 39 time: 0.3 seconds per iteration
INFO-FLOW: Calling xilinx-label-all-loops ... 
INFO-FLOW: Calling xilinx-aggregate-on-hls-vector ... 
Execute       clang_tidy -errorcheck -desc loop-label xilinx-label-all-loops,xilinx-aggregate-on-hls-vector,,xilinx-warn-mayneed-no-ctor-attribute C:/SPB_Data/ELEN90096-Group-2/golden/srcnn_hls/solution1/.autopilot/db/conv3.pp.0.cpp std=gnu++14 -target fpga  
INFO-FLOW: run_clang exec: C:/Xilinx/Vitis_HLS/2023.1/win64/tools/clang-3.9-csynth/bin/clang-tidy -export-fixes=C:/SPB_Data/ELEN90096-Group-2/golden/srcnn_hls/solution1/.autopilot/db/conv3.pp.0.cpp.clang-tidy.loop-label.diag.yml -header-filter=.* --checks=-*,xilinx-label-all-loops,xilinx-aggregate-on-hls-vector,,xilinx-warn-mayneed-no-ctor-attribute -fix-errors C:/SPB_Data/ELEN90096-Group-2/golden/srcnn_hls/solution1/.autopilot/db/conv3.pp.0.cpp -- -std=gnu++14 -target fpga -fhls -ferror-limit=0 > C:/SPB_Data/ELEN90096-Group-2/golden/srcnn_hls/solution1/.autopilot/db/conv3.pp.0.cpp.clang-tidy.loop-label.out.log 2> C:/SPB_Data/ELEN90096-Group-2/golden/srcnn_hls/solution1/.autopilot/db/conv3.pp.0.cpp.clang-tidy.loop-label.err.log
Command       clang_tidy done; 0.443 sec.
INFO-FLOW: run_clang exec: C:/Xilinx/Vitis_HLS/2023.1/win64/tools/clang-3.9-csynth/bin/xilinx-dataflow-lawyer -export-fixes=C:/SPB_Data/ELEN90096-Group-2/golden/srcnn_hls/solution1/.autopilot/db/conv3.pp.0.cpp.xilinx-dataflow-lawyer.diag.yml C:/SPB_Data/ELEN90096-Group-2/golden/srcnn_hls/solution1/.autopilot/db/conv3.pp.0.cpp -- -std=gnu++14 -target fpga -fhls -ferror-limit=0 -fstrict-dataflow > C:/SPB_Data/ELEN90096-Group-2/golden/srcnn_hls/solution1/.autopilot/db/conv3.pp.0.cpp.xilinx-dataflow-lawyer.out.log 2> C:/SPB_Data/ELEN90096-Group-2/golden/srcnn_hls/solution1/.autopilot/db/conv3.pp.0.cpp.xilinx-dataflow-lawyer.err.log
Execute       ap_part_info -name xck26-sfvc784-2LV-c -data info 
INFO-FLOW: compiling source code to llvm bc
INFO-FLOW: run_clang exec: C:/Xilinx/Vitis_HLS/2023.1/win64/tools/clang-3.9-csynth/bin/clang -foptimization-record-file=C:/SPB_Data/ELEN90096-Group-2/golden/srcnn_hls/solution1/.autopilot/db/conv3.pp.0.cpp.clang.diag.yml -mllvm -pass-remarks-missed=reflow|pasta|unroll -mllvm -pass-remarks=reflow|pasta|unroll|inline -fno-limit-debug-info -fhls -flto -fno-exceptions -Wno-error=c++11-narrowing C:/SPB_Data/ELEN90096-Group-2/golden/srcnn_hls/solution1/.autopilot/db/conv3.pp.0.cpp -fno-math-errno -c -emit-llvm -mllvm -disable-llvm-optzns -Werror=implicit-function-declaration -Werror=implicit-hls-streams -Werror=return-type -Wpragmas -Wunused-parameter -Wdump-hls-pragmas -Wno-error=dump-hls-pragmas -fno-threadsafe-statics -fno-use-cxa-atexit -std=gnu++14 -target fpga64-xilinx-linux-gnu -D__VITIS_HLS__ -DAESL_SYN -D__SYNTHESIS__ -D__HLS_SYN__ -I C:/Xilinx/Vitis_HLS/2023.1/common/technology/autopilot -I C:/Xilinx/Vitis_HLS/2023.1/common/technology/autopilot/ap_sysc -include etc/autopilot_ssdm_op.h -D__DSP48E2__ -g -o C:/SPB_Data/ELEN90096-Group-2/golden/srcnn_hls/solution1/.autopilot/db/conv3.bc {-hls-platform-db-name=C:/Xilinx/Vitis_HLS/2023.1/common/technology\xilinx/common/platform.db} -hls-platform-name=zynquplus_medium -device-resource-info=BRAM_288.000000_DSP_1248.000000_FF_234240.000000_LUT_117120.000000_SLICE_14640.000000_URAM_64.000000 -device-name-info=xck26-sfvc784-2LV-c > C:/SPB_Data/ELEN90096-Group-2/golden/srcnn_hls/solution1/.autopilot/db/conv3.pp.0.cpp.clang.out.log 2> C:/SPB_Data/ELEN90096-Group-2/golden/srcnn_hls/solution1/.autopilot/db/conv3.pp.0.cpp.clang.err.log
INFO: [HLS 200-10] Analyzing design file 'src/srcnn.cpp' ... 
INFO-FLOW: Compiling one TU...
INFO-FLOW: Handling src/srcnn.cpp as C++
Execute       ap_part_info -name xck26-sfvc784-2LV-c -data info 
INFO-FLOW: Running: GCC PP 39
INFO-FLOW: Source preprocessing
INFO-FLOW: run_clang exec: C:/Xilinx/Vitis_HLS/2023.1/win64/tools/clang-3.9-csynth/bin/clang src/srcnn.cpp -foptimization-record-file=C:/SPB_Data/ELEN90096-Group-2/golden/srcnn_hls/solution1/.autopilot/db/srcnn.cpp.clang.diag.yml -mllvm -pass-remarks-missed=reflow|pasta|unroll -mllvm -pass-remarks=reflow|pasta|unroll|inline -fno-limit-debug-info --sysroot C:/Xilinx/Vitis_HLS/2023.1/tps/mingw/8.3.0/win64.o/nt -fhls -fno-exceptions -insert-hls-directive=C:/SPB_Data/ELEN90096-Group-2/golden/srcnn_hls/solution1/.autopilot/db/all.directive.json -E -fno-math-errno -c -emit-llvm -mllvm -disable-llvm-optzns -Werror=implicit-function-declaration -Werror=implicit-hls-streams -Werror=return-type -Wpragmas -Wunused-parameter -Wdump-hls-pragmas -Wno-error=dump-hls-pragmas -fno-threadsafe-statics -fno-use-cxa-atexit -std=gnu++14 -target fpga64-xilinx-mingw32 -fno-threadsafe-statics -fno-use-cxa-atexit -D__VITIS_HLS__ -DAESL_SYN -D__SYNTHESIS__ -D__HLS_SYN__ -I C:/Xilinx/Vitis_HLS/2023.1/common/technology/autopilot -I C:/Xilinx/Vitis_HLS/2023.1/common/technology/autopilot/ap_sysc -include etc/autopilot_ssdm_op.h -D__DSP48E2__ -I /usr/include/x86_64-linux-gnu -o C:/SPB_Data/ELEN90096-Group-2/golden/srcnn_hls/solution1/.autopilot/db/srcnn.pp.0.cpp {-hls-platform-db-name=C:/Xilinx/Vitis_HLS/2023.1/common/technology\xilinx/common/platform.db} -hls-platform-name=zynquplus_medium -device-resource-info=BRAM_288.000000_DSP_1248.000000_FF_234240.000000_LUT_117120.000000_SLICE_14640.000000_URAM_64.000000 -device-name-info=xck26-sfvc784-2LV-c > C:/SPB_Data/ELEN90096-Group-2/golden/srcnn_hls/solution1/.autopilot/db/srcnn.cpp.clang.out.log 2> C:/SPB_Data/ELEN90096-Group-2/golden/srcnn_hls/solution1/.autopilot/db/srcnn.cpp.clang.err.log
INFO-FLOW: Done: GCC PP 39 time: 0.4 seconds per iteration
INFO-FLOW: Source syntax check for synthesis
INFO-FLOW: run_clang exec: C:/Xilinx/Vitis_HLS/2023.1/win64/tools/clang-3.9-csynth/bin/clang -foptimization-record-file=C:/SPB_Data/ELEN90096-Group-2/golden/srcnn_hls/solution1/.autopilot/db/clang.diag.yml -mllvm -pass-remarks-missed=reflow|pasta|unroll -mllvm -pass-remarks=reflow|pasta|unroll|inline -fsyntax-only -fhls -target fpga64-xilinx-linux-gnu C:/SPB_Data/ELEN90096-Group-2/golden/srcnn_hls/solution1/.autopilot/db/srcnn.pp.0.cpp {-hls-platform-db-name=C:/Xilinx/Vitis_HLS/2023.1/common/technology\xilinx/common/platform.db} -hls-platform-name=zynquplus_medium -device-resource-info=BRAM_288.000000_DSP_1248.000000_FF_234240.000000_LUT_117120.000000_SLICE_14640.000000_URAM_64.000000 -device-name-info=xck26-sfvc784-2LV-c > C:/SPB_Data/ELEN90096-Group-2/golden/srcnn_hls/solution1/.autopilot/db/clang.out.log 2> C:/SPB_Data/ELEN90096-Group-2/golden/srcnn_hls/solution1/.autopilot/db/clang.err.log
Execute       clang_tidy xilinx-systemc-detector -desc systemc-detector C:/SPB_Data/ELEN90096-Group-2/golden/srcnn_hls/solution1/.autopilot/db/srcnn.pp.0.cpp std=gnu++14 -target fpga  -directive=C:/SPB_Data/ELEN90096-Group-2/golden/srcnn_hls/solution1/.autopilot/db/.systemc_flag 
INFO-FLOW: exec C:/Xilinx/Vitis_HLS/2023.1/win64/tools/clang-3.9-csynth/bin/clang-tidy -header-filter=.* --checks=-*,xilinx-systemc-detector -import-directive=C:/SPB_Data/ELEN90096-Group-2/golden/srcnn_hls/solution1/.autopilot/db/.systemc_flag -fix-errors C:/SPB_Data/ELEN90096-Group-2/golden/srcnn_hls/solution1/.autopilot/db/srcnn.pp.0.cpp -- -std=gnu++14 -target fpga -fhls -ferror-limit=0
Command       clang_tidy done; 0.254 sec.
INFO-FLOW: Running: clang-tidy CDT preprocess 39
Execute       clang_tidy xilinx-directive2pragma -desc directive2pragma C:/SPB_Data/ELEN90096-Group-2/golden/srcnn_hls/solution1/.autopilot/db/srcnn.pp.0.cpp std=gnu++14 -target fpga  -directive=C:/SPB_Data/ELEN90096-Group-2/golden/srcnn_hls/solution1/.autopilot/db/all.directive.json 
INFO-FLOW: exec C:/Xilinx/Vitis_HLS/2023.1/win64/tools/clang-3.9-csynth/bin/clang-tidy -header-filter=.* --checks=-*,xilinx-directive2pragma -import-directive=C:/SPB_Data/ELEN90096-Group-2/golden/srcnn_hls/solution1/.autopilot/db/all.directive.json -fix-errors C:/SPB_Data/ELEN90096-Group-2/golden/srcnn_hls/solution1/.autopilot/db/srcnn.pp.0.cpp -- -std=gnu++14 -target fpga -fhls -ferror-limit=0
Command       clang_tidy done; 0.352 sec.
INFO-FLOW: Done: clang-tidy CDT preprocess 39 time: 0.4 seconds per iteration
INFO-FLOW: Calling xilinx-label-all-loops ... 
INFO-FLOW: Calling xilinx-aggregate-on-hls-vector ... 
Execute       clang_tidy -errorcheck -desc loop-label xilinx-label-all-loops,xilinx-aggregate-on-hls-vector,,xilinx-warn-mayneed-no-ctor-attribute C:/SPB_Data/ELEN90096-Group-2/golden/srcnn_hls/solution1/.autopilot/db/srcnn.pp.0.cpp std=gnu++14 -target fpga  
INFO-FLOW: run_clang exec: C:/Xilinx/Vitis_HLS/2023.1/win64/tools/clang-3.9-csynth/bin/clang-tidy -export-fixes=C:/SPB_Data/ELEN90096-Group-2/golden/srcnn_hls/solution1/.autopilot/db/srcnn.pp.0.cpp.clang-tidy.loop-label.diag.yml -header-filter=.* --checks=-*,xilinx-label-all-loops,xilinx-aggregate-on-hls-vector,,xilinx-warn-mayneed-no-ctor-attribute -fix-errors C:/SPB_Data/ELEN90096-Group-2/golden/srcnn_hls/solution1/.autopilot/db/srcnn.pp.0.cpp -- -std=gnu++14 -target fpga -fhls -ferror-limit=0 > C:/SPB_Data/ELEN90096-Group-2/golden/srcnn_hls/solution1/.autopilot/db/srcnn.pp.0.cpp.clang-tidy.loop-label.out.log 2> C:/SPB_Data/ELEN90096-Group-2/golden/srcnn_hls/solution1/.autopilot/db/srcnn.pp.0.cpp.clang-tidy.loop-label.err.log
Command       clang_tidy done; 0.274 sec.
INFO-FLOW: run_clang exec: C:/Xilinx/Vitis_HLS/2023.1/win64/tools/clang-3.9-csynth/bin/xilinx-dataflow-lawyer -export-fixes=C:/SPB_Data/ELEN90096-Group-2/golden/srcnn_hls/solution1/.autopilot/db/srcnn.pp.0.cpp.xilinx-dataflow-lawyer.diag.yml C:/SPB_Data/ELEN90096-Group-2/golden/srcnn_hls/solution1/.autopilot/db/srcnn.pp.0.cpp -- -std=gnu++14 -target fpga -fhls -ferror-limit=0 -fstrict-dataflow > C:/SPB_Data/ELEN90096-Group-2/golden/srcnn_hls/solution1/.autopilot/db/srcnn.pp.0.cpp.xilinx-dataflow-lawyer.out.log 2> C:/SPB_Data/ELEN90096-Group-2/golden/srcnn_hls/solution1/.autopilot/db/srcnn.pp.0.cpp.xilinx-dataflow-lawyer.err.log
Execute       ap_part_info -name xck26-sfvc784-2LV-c -data info 
INFO-FLOW: compiling source code to llvm bc
INFO-FLOW: run_clang exec: C:/Xilinx/Vitis_HLS/2023.1/win64/tools/clang-3.9-csynth/bin/clang -foptimization-record-file=C:/SPB_Data/ELEN90096-Group-2/golden/srcnn_hls/solution1/.autopilot/db/srcnn.pp.0.cpp.clang.diag.yml -mllvm -pass-remarks-missed=reflow|pasta|unroll -mllvm -pass-remarks=reflow|pasta|unroll|inline -fno-limit-debug-info -fhls -flto -fno-exceptions -Wno-error=c++11-narrowing C:/SPB_Data/ELEN90096-Group-2/golden/srcnn_hls/solution1/.autopilot/db/srcnn.pp.0.cpp -fno-math-errno -c -emit-llvm -mllvm -disable-llvm-optzns -Werror=implicit-function-declaration -Werror=implicit-hls-streams -Werror=return-type -Wpragmas -Wunused-parameter -Wdump-hls-pragmas -Wno-error=dump-hls-pragmas -fno-threadsafe-statics -fno-use-cxa-atexit -std=gnu++14 -target fpga64-xilinx-linux-gnu -D__VITIS_HLS__ -DAESL_SYN -D__SYNTHESIS__ -D__HLS_SYN__ -I C:/Xilinx/Vitis_HLS/2023.1/common/technology/autopilot -I C:/Xilinx/Vitis_HLS/2023.1/common/technology/autopilot/ap_sysc -include etc/autopilot_ssdm_op.h -D__DSP48E2__ -g -o C:/SPB_Data/ELEN90096-Group-2/golden/srcnn_hls/solution1/.autopilot/db/srcnn.bc {-hls-platform-db-name=C:/Xilinx/Vitis_HLS/2023.1/common/technology\xilinx/common/platform.db} -hls-platform-name=zynquplus_medium -device-resource-info=BRAM_288.000000_DSP_1248.000000_FF_234240.000000_LUT_117120.000000_SLICE_14640.000000_URAM_64.000000 -device-name-info=xck26-sfvc784-2LV-c > C:/SPB_Data/ELEN90096-Group-2/golden/srcnn_hls/solution1/.autopilot/db/srcnn.pp.0.cpp.clang.out.log 2> C:/SPB_Data/ELEN90096-Group-2/golden/srcnn_hls/solution1/.autopilot/db/srcnn.pp.0.cpp.clang.err.log
INFO: [HLS 200-10] Analyzing design file 'src/util.cpp' ... 
INFO-FLOW: Compiling one TU...
INFO-FLOW: Handling src/util.cpp as C++
Execute       ap_part_info -name xck26-sfvc784-2LV-c -data info 
INFO-FLOW: Running: GCC PP 39
INFO-FLOW: Source preprocessing
INFO-FLOW: run_clang exec: C:/Xilinx/Vitis_HLS/2023.1/win64/tools/clang-3.9-csynth/bin/clang src/util.cpp -foptimization-record-file=C:/SPB_Data/ELEN90096-Group-2/golden/srcnn_hls/solution1/.autopilot/db/util.cpp.clang.diag.yml -mllvm -pass-remarks-missed=reflow|pasta|unroll -mllvm -pass-remarks=reflow|pasta|unroll|inline -fno-limit-debug-info --sysroot C:/Xilinx/Vitis_HLS/2023.1/tps/mingw/8.3.0/win64.o/nt -fhls -fno-exceptions -insert-hls-directive=C:/SPB_Data/ELEN90096-Group-2/golden/srcnn_hls/solution1/.autopilot/db/all.directive.json -E -fno-math-errno -c -emit-llvm -mllvm -disable-llvm-optzns -Werror=implicit-function-declaration -Werror=implicit-hls-streams -Werror=return-type -Wpragmas -Wunused-parameter -Wdump-hls-pragmas -Wno-error=dump-hls-pragmas -fno-threadsafe-statics -fno-use-cxa-atexit -std=gnu++14 -target fpga64-xilinx-mingw32 -fno-threadsafe-statics -fno-use-cxa-atexit -D__VITIS_HLS__ -DAESL_SYN -D__SYNTHESIS__ -D__HLS_SYN__ -I C:/Xilinx/Vitis_HLS/2023.1/common/technology/autopilot -I C:/Xilinx/Vitis_HLS/2023.1/common/technology/autopilot/ap_sysc -include etc/autopilot_ssdm_op.h -D__DSP48E2__ -I /usr/include/x86_64-linux-gnu -o C:/SPB_Data/ELEN90096-Group-2/golden/srcnn_hls/solution1/.autopilot/db/util.pp.0.cpp {-hls-platform-db-name=C:/Xilinx/Vitis_HLS/2023.1/common/technology\xilinx/common/platform.db} -hls-platform-name=zynquplus_medium -device-resource-info=BRAM_288.000000_DSP_1248.000000_FF_234240.000000_LUT_117120.000000_SLICE_14640.000000_URAM_64.000000 -device-name-info=xck26-sfvc784-2LV-c > C:/SPB_Data/ELEN90096-Group-2/golden/srcnn_hls/solution1/.autopilot/db/util.cpp.clang.out.log 2> C:/SPB_Data/ELEN90096-Group-2/golden/srcnn_hls/solution1/.autopilot/db/util.cpp.clang.err.log
INFO-FLOW: Done: GCC PP 39 time: 0.4 seconds per iteration
INFO-FLOW: Source syntax check for synthesis
INFO-FLOW: run_clang exec: C:/Xilinx/Vitis_HLS/2023.1/win64/tools/clang-3.9-csynth/bin/clang -foptimization-record-file=C:/SPB_Data/ELEN90096-Group-2/golden/srcnn_hls/solution1/.autopilot/db/clang.diag.yml -mllvm -pass-remarks-missed=reflow|pasta|unroll -mllvm -pass-remarks=reflow|pasta|unroll|inline -fsyntax-only -fhls -target fpga64-xilinx-linux-gnu C:/SPB_Data/ELEN90096-Group-2/golden/srcnn_hls/solution1/.autopilot/db/util.pp.0.cpp {-hls-platform-db-name=C:/Xilinx/Vitis_HLS/2023.1/common/technology\xilinx/common/platform.db} -hls-platform-name=zynquplus_medium -device-resource-info=BRAM_288.000000_DSP_1248.000000_FF_234240.000000_LUT_117120.000000_SLICE_14640.000000_URAM_64.000000 -device-name-info=xck26-sfvc784-2LV-c > C:/SPB_Data/ELEN90096-Group-2/golden/srcnn_hls/solution1/.autopilot/db/clang.out.log 2> C:/SPB_Data/ELEN90096-Group-2/golden/srcnn_hls/solution1/.autopilot/db/clang.err.log
Execute       clang_tidy xilinx-systemc-detector -desc systemc-detector C:/SPB_Data/ELEN90096-Group-2/golden/srcnn_hls/solution1/.autopilot/db/util.pp.0.cpp std=gnu++14 -target fpga  -directive=C:/SPB_Data/ELEN90096-Group-2/golden/srcnn_hls/solution1/.autopilot/db/.systemc_flag 
INFO-FLOW: exec C:/Xilinx/Vitis_HLS/2023.1/win64/tools/clang-3.9-csynth/bin/clang-tidy -header-filter=.* --checks=-*,xilinx-systemc-detector -import-directive=C:/SPB_Data/ELEN90096-Group-2/golden/srcnn_hls/solution1/.autopilot/db/.systemc_flag -fix-errors C:/SPB_Data/ELEN90096-Group-2/golden/srcnn_hls/solution1/.autopilot/db/util.pp.0.cpp -- -std=gnu++14 -target fpga -fhls -ferror-limit=0
Command       clang_tidy done; 0.337 sec.
INFO-FLOW: Running: clang-tidy CDT preprocess 39
Execute       clang_tidy xilinx-directive2pragma -desc directive2pragma C:/SPB_Data/ELEN90096-Group-2/golden/srcnn_hls/solution1/.autopilot/db/util.pp.0.cpp std=gnu++14 -target fpga  -directive=C:/SPB_Data/ELEN90096-Group-2/golden/srcnn_hls/solution1/.autopilot/db/all.directive.json 
INFO-FLOW: exec C:/Xilinx/Vitis_HLS/2023.1/win64/tools/clang-3.9-csynth/bin/clang-tidy -header-filter=.* --checks=-*,xilinx-directive2pragma -import-directive=C:/SPB_Data/ELEN90096-Group-2/golden/srcnn_hls/solution1/.autopilot/db/all.directive.json -fix-errors C:/SPB_Data/ELEN90096-Group-2/golden/srcnn_hls/solution1/.autopilot/db/util.pp.0.cpp -- -std=gnu++14 -target fpga -fhls -ferror-limit=0
Command       clang_tidy done; 0.329 sec.
INFO-FLOW: Done: clang-tidy CDT preprocess 39 time: 0.3 seconds per iteration
INFO-FLOW: Calling xilinx-label-all-loops ... 
INFO-FLOW: Calling xilinx-aggregate-on-hls-vector ... 
Execute       clang_tidy -errorcheck -desc loop-label xilinx-label-all-loops,xilinx-aggregate-on-hls-vector,,xilinx-warn-mayneed-no-ctor-attribute C:/SPB_Data/ELEN90096-Group-2/golden/srcnn_hls/solution1/.autopilot/db/util.pp.0.cpp std=gnu++14 -target fpga  
INFO-FLOW: run_clang exec: C:/Xilinx/Vitis_HLS/2023.1/win64/tools/clang-3.9-csynth/bin/clang-tidy -export-fixes=C:/SPB_Data/ELEN90096-Group-2/golden/srcnn_hls/solution1/.autopilot/db/util.pp.0.cpp.clang-tidy.loop-label.diag.yml -header-filter=.* --checks=-*,xilinx-label-all-loops,xilinx-aggregate-on-hls-vector,,xilinx-warn-mayneed-no-ctor-attribute -fix-errors C:/SPB_Data/ELEN90096-Group-2/golden/srcnn_hls/solution1/.autopilot/db/util.pp.0.cpp -- -std=gnu++14 -target fpga -fhls -ferror-limit=0 > C:/SPB_Data/ELEN90096-Group-2/golden/srcnn_hls/solution1/.autopilot/db/util.pp.0.cpp.clang-tidy.loop-label.out.log 2> C:/SPB_Data/ELEN90096-Group-2/golden/srcnn_hls/solution1/.autopilot/db/util.pp.0.cpp.clang-tidy.loop-label.err.log
Command       clang_tidy done; 0.596 sec.
INFO-FLOW: run_clang exec: C:/Xilinx/Vitis_HLS/2023.1/win64/tools/clang-3.9-csynth/bin/xilinx-dataflow-lawyer -export-fixes=C:/SPB_Data/ELEN90096-Group-2/golden/srcnn_hls/solution1/.autopilot/db/util.pp.0.cpp.xilinx-dataflow-lawyer.diag.yml C:/SPB_Data/ELEN90096-Group-2/golden/srcnn_hls/solution1/.autopilot/db/util.pp.0.cpp -- -std=gnu++14 -target fpga -fhls -ferror-limit=0 -fstrict-dataflow > C:/SPB_Data/ELEN90096-Group-2/golden/srcnn_hls/solution1/.autopilot/db/util.pp.0.cpp.xilinx-dataflow-lawyer.out.log 2> C:/SPB_Data/ELEN90096-Group-2/golden/srcnn_hls/solution1/.autopilot/db/util.pp.0.cpp.xilinx-dataflow-lawyer.err.log
Execute       ap_part_info -name xck26-sfvc784-2LV-c -data info 
INFO-FLOW: compiling source code to llvm bc
INFO-FLOW: run_clang exec: C:/Xilinx/Vitis_HLS/2023.1/win64/tools/clang-3.9-csynth/bin/clang -foptimization-record-file=C:/SPB_Data/ELEN90096-Group-2/golden/srcnn_hls/solution1/.autopilot/db/util.pp.0.cpp.clang.diag.yml -mllvm -pass-remarks-missed=reflow|pasta|unroll -mllvm -pass-remarks=reflow|pasta|unroll|inline -fno-limit-debug-info -fhls -flto -fno-exceptions -Wno-error=c++11-narrowing C:/SPB_Data/ELEN90096-Group-2/golden/srcnn_hls/solution1/.autopilot/db/util.pp.0.cpp -fno-math-errno -c -emit-llvm -mllvm -disable-llvm-optzns -Werror=implicit-function-declaration -Werror=implicit-hls-streams -Werror=return-type -Wpragmas -Wunused-parameter -Wdump-hls-pragmas -Wno-error=dump-hls-pragmas -fno-threadsafe-statics -fno-use-cxa-atexit -std=gnu++14 -target fpga64-xilinx-linux-gnu -D__VITIS_HLS__ -DAESL_SYN -D__SYNTHESIS__ -D__HLS_SYN__ -I C:/Xilinx/Vitis_HLS/2023.1/common/technology/autopilot -I C:/Xilinx/Vitis_HLS/2023.1/common/technology/autopilot/ap_sysc -include etc/autopilot_ssdm_op.h -D__DSP48E2__ -g -o C:/SPB_Data/ELEN90096-Group-2/golden/srcnn_hls/solution1/.autopilot/db/util.bc {-hls-platform-db-name=C:/Xilinx/Vitis_HLS/2023.1/common/technology\xilinx/common/platform.db} -hls-platform-name=zynquplus_medium -device-resource-info=BRAM_288.000000_DSP_1248.000000_FF_234240.000000_LUT_117120.000000_SLICE_14640.000000_URAM_64.000000 -device-name-info=xck26-sfvc784-2LV-c > C:/SPB_Data/ELEN90096-Group-2/golden/srcnn_hls/solution1/.autopilot/db/util.pp.0.cpp.clang.out.log 2> C:/SPB_Data/ELEN90096-Group-2/golden/srcnn_hls/solution1/.autopilot/db/util.pp.0.cpp.clang.err.log
INFO: [HLS 200-111] Finished Source Code Analysis and Preprocessing: CPU user time: 0 seconds. CPU system time: 1 seconds. Elapsed time: 13.864 seconds; current allocated memory: 93.582 MB.
INFO-FLOW: Linking Debug ...
INFO-FLOW: Linking dut bc code.
Execute       run_link_or_opt -out C:/SPB_Data/ELEN90096-Group-2/golden/srcnn_hls/solution1/.autopilot/db/a.g.ld.0.bc -args  "C:/SPB_Data/ELEN90096-Group-2/golden/srcnn_hls/solution1/.autopilot/db/conv1.g.bc" "C:/SPB_Data/ELEN90096-Group-2/golden/srcnn_hls/solution1/.autopilot/db/conv2.g.bc" "C:/SPB_Data/ELEN90096-Group-2/golden/srcnn_hls/solution1/.autopilot/db/conv3.g.bc" "C:/SPB_Data/ELEN90096-Group-2/golden/srcnn_hls/solution1/.autopilot/db/srcnn.g.bc" "C:/SPB_Data/ELEN90096-Group-2/golden/srcnn_hls/solution1/.autopilot/db/util.g.bc"  
INFO-FLOW: run_clang exec: C:/Xilinx/Vitis_HLS/2023.1/win64/tools/clang-3.9-csynth/bin/llvm-link C:/SPB_Data/ELEN90096-Group-2/golden/srcnn_hls/solution1/.autopilot/db/conv1.g.bc C:/SPB_Data/ELEN90096-Group-2/golden/srcnn_hls/solution1/.autopilot/db/conv2.g.bc C:/SPB_Data/ELEN90096-Group-2/golden/srcnn_hls/solution1/.autopilot/db/conv3.g.bc C:/SPB_Data/ELEN90096-Group-2/golden/srcnn_hls/solution1/.autopilot/db/srcnn.g.bc C:/SPB_Data/ELEN90096-Group-2/golden/srcnn_hls/solution1/.autopilot/db/util.g.bc -o C:/SPB_Data/ELEN90096-Group-2/golden/srcnn_hls/solution1/.autopilot/db/a.g.ld.0.bc > C:/SPB_Data/ELEN90096-Group-2/golden/srcnn_hls/solution1/.autopilot/db/a.g.ld.0.bc.llvm-link.out.log 2> C:/SPB_Data/ELEN90096-Group-2/golden/srcnn_hls/solution1/.autopilot/db/a.g.ld.0.bc.llvm-link.err.log
INFO-FLOW: 
Command       run_link_or_opt done; 0.113 sec.
Execute       run_link_or_opt -opt -out C:/SPB_Data/ELEN90096-Group-2/golden/srcnn_hls/solution1/.autopilot/db/a.g.ld.1.lower.bc -args C:/SPB_Data/ELEN90096-Group-2/golden/srcnn_hls/solution1/.autopilot/db/a.g.ld.0.bc -reflow-lower-math-intrinsics 
INFO-FLOW: run_clang exec: C:/Xilinx/Vitis_HLS/2023.1/win64/tools/clang-3.9-csynth/bin/opt -pass-remarks-missed=reflow|pasta|unroll -pass-remarks=reflow|pasta|unroll|inline -pass-remarks-output=C:/SPB_Data/ELEN90096-Group-2/golden/srcnn_hls/solution1/.autopilot/db/a.g.ld.1.lower.bc.opt.diag.yml C:/SPB_Data/ELEN90096-Group-2/golden/srcnn_hls/solution1/.autopilot/db/a.g.ld.0.bc -reflow-lower-math-intrinsics -o C:/SPB_Data/ELEN90096-Group-2/golden/srcnn_hls/solution1/.autopilot/db/a.g.ld.1.lower.bc > C:/SPB_Data/ELEN90096-Group-2/golden/srcnn_hls/solution1/.autopilot/db/a.g.ld.1.lower.bc.opt.out.log 2> C:/SPB_Data/ELEN90096-Group-2/golden/srcnn_hls/solution1/.autopilot/db/a.g.ld.1.lower.bc.opt.err.log
INFO-FLOW: 
INFO-FLOW: Running: gen_design_size_report post-opt
INFO-FLOW: Done: gen_design_size_report post-opt time: 0 seconds per iteration
Command       run_link_or_opt done; 0.114 sec.
INFO-FLOW: Linking math bc lib
Execute       run_link_or_opt -out C:/SPB_Data/ELEN90096-Group-2/golden/srcnn_hls/solution1/.autopilot/db/a.g.ld.2.m1.bc -args C:/SPB_Data/ELEN90096-Group-2/golden/srcnn_hls/solution1/.autopilot/db/a.g.ld.1.lower.bc -only-needed C:/Xilinx/Vitis_HLS/2023.1/win64/lib/libhlsm_39.bc C:/Xilinx/Vitis_HLS/2023.1/win64/lib/libhlsmc++_39.bc 
INFO-FLOW: run_clang exec: C:/Xilinx/Vitis_HLS/2023.1/win64/tools/clang-3.9-csynth/bin/llvm-link C:/SPB_Data/ELEN90096-Group-2/golden/srcnn_hls/solution1/.autopilot/db/a.g.ld.1.lower.bc -only-needed C:/Xilinx/Vitis_HLS/2023.1/win64/lib/libhlsm_39.bc C:/Xilinx/Vitis_HLS/2023.1/win64/lib/libhlsmc++_39.bc -o C:/SPB_Data/ELEN90096-Group-2/golden/srcnn_hls/solution1/.autopilot/db/a.g.ld.2.m1.bc > C:/SPB_Data/ELEN90096-Group-2/golden/srcnn_hls/solution1/.autopilot/db/a.g.ld.2.m1.bc.llvm-link.out.log 2> C:/SPB_Data/ELEN90096-Group-2/golden/srcnn_hls/solution1/.autopilot/db/a.g.ld.2.m1.bc.llvm-link.err.log
INFO-FLOW: 
Command       run_link_or_opt done; 1.709 sec.
Execute       run_link_or_opt -opt -out C:/SPB_Data/ELEN90096-Group-2/golden/srcnn_hls/solution1/.autopilot/db/a.g.ld.3.fpc.bc -args C:/SPB_Data/ELEN90096-Group-2/golden/srcnn_hls/solution1/.autopilot/db/a.g.ld.2.m1.bc -reflow-globaldce -hls-top-function-name=srcnn -reflow-float-conversion 
INFO-FLOW: run_clang exec: C:/Xilinx/Vitis_HLS/2023.1/win64/tools/clang-3.9-csynth/bin/opt -pass-remarks-missed=reflow|pasta|unroll -pass-remarks=reflow|pasta|unroll|inline -pass-remarks-output=C:/SPB_Data/ELEN90096-Group-2/golden/srcnn_hls/solution1/.autopilot/db/a.g.ld.3.fpc.bc.opt.diag.yml C:/SPB_Data/ELEN90096-Group-2/golden/srcnn_hls/solution1/.autopilot/db/a.g.ld.2.m1.bc -reflow-globaldce -hls-top-function-name=srcnn -reflow-float-conversion -o C:/SPB_Data/ELEN90096-Group-2/golden/srcnn_hls/solution1/.autopilot/db/a.g.ld.3.fpc.bc > C:/SPB_Data/ELEN90096-Group-2/golden/srcnn_hls/solution1/.autopilot/db/a.g.ld.3.fpc.bc.opt.out.log 2> C:/SPB_Data/ELEN90096-Group-2/golden/srcnn_hls/solution1/.autopilot/db/a.g.ld.3.fpc.bc.opt.err.log
INFO-FLOW: 
INFO-FLOW: Running: gen_design_size_report post-opt
INFO-FLOW: Done: gen_design_size_report post-opt time: 0 seconds per iteration
Command       run_link_or_opt done; 0.875 sec.
Execute       run_link_or_opt -out C:/SPB_Data/ELEN90096-Group-2/golden/srcnn_hls/solution1/.autopilot/db/a.g.ld.4.m2.bc -args C:/SPB_Data/ELEN90096-Group-2/golden/srcnn_hls/solution1/.autopilot/db/a.g.ld.3.fpc.bc -only-needed C:/Xilinx/Vitis_HLS/2023.1/win64/lib/libfloatconversion_39.bc 
INFO-FLOW: run_clang exec: C:/Xilinx/Vitis_HLS/2023.1/win64/tools/clang-3.9-csynth/bin/llvm-link C:/SPB_Data/ELEN90096-Group-2/golden/srcnn_hls/solution1/.autopilot/db/a.g.ld.3.fpc.bc -only-needed C:/Xilinx/Vitis_HLS/2023.1/win64/lib/libfloatconversion_39.bc -o C:/SPB_Data/ELEN90096-Group-2/golden/srcnn_hls/solution1/.autopilot/db/a.g.ld.4.m2.bc > C:/SPB_Data/ELEN90096-Group-2/golden/srcnn_hls/solution1/.autopilot/db/a.g.ld.4.m2.bc.llvm-link.out.log 2> C:/SPB_Data/ELEN90096-Group-2/golden/srcnn_hls/solution1/.autopilot/db/a.g.ld.4.m2.bc.llvm-link.err.log
INFO-FLOW: 
Command       run_link_or_opt done; 0.112 sec.
Execute       run_link_or_opt -opt -out C:/SPB_Data/ELEN90096-Group-2/golden/srcnn_hls/solution1/.autopilot/db/a.g.ld.5.gdce.bc -args C:/SPB_Data/ELEN90096-Group-2/golden/srcnn_hls/solution1/.autopilot/db/a.g.ld.4.m2.bc -reflow-globaldce -hls-top-function-name=srcnn 
INFO-FLOW: run_clang exec: C:/Xilinx/Vitis_HLS/2023.1/win64/tools/clang-3.9-csynth/bin/opt -pass-remarks-missed=reflow|pasta|unroll -pass-remarks=reflow|pasta|unroll|inline -pass-remarks-output=C:/SPB_Data/ELEN90096-Group-2/golden/srcnn_hls/solution1/.autopilot/db/a.g.ld.5.gdce.bc.opt.diag.yml C:/SPB_Data/ELEN90096-Group-2/golden/srcnn_hls/solution1/.autopilot/db/a.g.ld.4.m2.bc -reflow-globaldce -hls-top-function-name=srcnn -o C:/SPB_Data/ELEN90096-Group-2/golden/srcnn_hls/solution1/.autopilot/db/a.g.ld.5.gdce.bc > C:/SPB_Data/ELEN90096-Group-2/golden/srcnn_hls/solution1/.autopilot/db/a.g.ld.5.gdce.bc.opt.out.log 2> C:/SPB_Data/ELEN90096-Group-2/golden/srcnn_hls/solution1/.autopilot/db/a.g.ld.5.gdce.bc.opt.err.log
INFO-FLOW: 
INFO-FLOW: Running: gen_design_size_report post-opt
INFO-FLOW: Done: gen_design_size_report post-opt time: 0 seconds per iteration
Command       run_link_or_opt done; 0.113 sec.
Execute       send_msg_by_id INFO @200-777@%s Vivado 
INFO: [HLS 200-777] Using interface defaults for 'Vivado' flow target.
Execute       is_m_axi_addr64 
INFO-FLOW: Doing LTO.
INFO-FLOW: run_clang exec: C:/Xilinx/Vitis_HLS/2023.1/win64/tools/clang-3.9-csynth/bin/clang -foptimization-record-file=C:/SPB_Data/ELEN90096-Group-2/golden/srcnn_hls/solution1/.autopilot/db/a.g.ld.0.bc.clang.reflow.diag.yml -mllvm -pass-remarks-missed=reflow|pasta|unroll -mllvm -pass-remarks=reflow|pasta|unroll|inline -fhls -mllvm -hls-top-function-name=srcnn -mllvm -hls-db-dir -mllvm C:/SPB_Data/ELEN90096-Group-2/golden/srcnn_hls/solution1/.autopilot/db -emit-llvm -c -target fpga64-xilinx-none -mllvm -xcl-xmlinfo=C:/SPB_Data/ELEN90096-Group-2/golden/srcnn_hls/solution1/.autopilot/db/kernel.internal.xml -mllvm -top-io-mapping-info=C:/SPB_Data/ELEN90096-Group-2/golden/srcnn_hls/solution1/.autopilot/db/top-io-fe.xml -mllvm -hls-bitcode-version=3.1 -mllvm -reflow-enable-slave-interface-default-setting=true -mllvm -gen-kernel-xml=false -mllvm -default-maxi-offset=slave -mllvm -maxi-latency=0 -mllvm -hls-maxi-data-size-in-bits=8 -mllvm -hls-maxi-max-data-size-in-bits=1024 -mllvm -hls-max-widen-size-in-bits=0 -mllvm -xcl-kernel-max-mem-ports=0 -mllvm -maxi-read-trans=16 -mllvm -maxi-write-trans=16 -mllvm -maxi-read-burst-len=16 -mllvm -maxi-write-burst-len=16 -mllvm -reflow-enable-saxi-64bits=0 -mllvm -reflow-basic-block-instr-threshold=200000 -mllvm -reflow-auto-pipeline-threshold=64 -mllvm -reflow-enable-maxi-auto-id-channel=0 -mllvm -enable-fp-thr=0 -mllvm -reflow-bdd-simplify-threshold=1024 -mllvm -reflow-fanout-threshold=16 -mllvm -assume-maxi-align=1 -mllvm -reflow-pipeline-style-llvm-setting=2 -mllvm -reflow-enable-dataflow-strict-mode-checking=1 -ftime-report -mllvm -time-passes -mllvm -reflow-auto-array-partition-mode=default -mllvm -reflow-enable-auto-array-partition=true -mllvm -reflow-enable-auto-parallel-performance-driven=true -mllvm -reflow-enable-partition-for-automation=true -mllvm -reflow-aggregate-bitwidth-threshold=4096 -mllvm -reflow-reserved-saxilite-registers=1024 -mllvm -reflow-assume-no-address-wrap=true -mllvm -reflow-enable-occurrence-inference=true -mllvm -hls -mllvm -disable-inlined-alloca-merging=true -mllvm -default-clock-period=10 -x ir C:/SPB_Data/ELEN90096-Group-2/golden/srcnn_hls/solution1/.autopilot/db/a.g.ld.5.gdce.bc -o C:/SPB_Data/ELEN90096-Group-2/golden/srcnn_hls/solution1/.autopilot/db/a.g.lto.bc {-hls-platform-db-name=C:/Xilinx/Vitis_HLS/2023.1/common/technology\xilinx/common/platform.db} -hls-platform-name=zynquplus_medium -device-resource-info=BRAM_288.000000_DSP_1248.000000_FF_234240.000000_LUT_117120.000000_SLICE_14640.000000_URAM_64.000000 -device-name-info=xck26-sfvc784-2LV-c > C:/SPB_Data/ELEN90096-Group-2/golden/srcnn_hls/solution1/.autopilot/db/a.g.ld.0.bc.clang.reflow.out.log 2> C:/SPB_Data/ELEN90096-Group-2/golden/srcnn_hls/solution1/.autopilot/db/a.g.ld.0.bc.clang.reflow.err.log
INFO: [HLS 214-178] Inlining function 'clamp(int, int, int)' into 'conv1(float (*) [255][255], float (*) [1][9][9], float*, float (*) [255][255])' (src/conv1.cpp:13:0)
INFO: [HLS 214-178] Inlining function 'clamp(int, int, int)' into 'conv2(float (*) [255][255], float (*) [64][1][1], float*, float (*) [255][255])' (src/conv2.cpp:12:0)
INFO: [HLS 214-178] Inlining function 'clamp(int, int, int)' into 'conv3(float (*) [255][255], float (*) [32][5][5], float*, float (*) [255][255])' (src/conv3.cpp:12:0)
INFO: [HLS 214-178] Inlining function 'conv1(float (*) [255][255], float (*) [1][9][9], float*, float (*) [255][255])' into 'srcnn(float (*) [255][255], float (*) [1][9][9], float*, float (*) [64][1][1], float*, float (*) [32][5][5], float*, float (*) [255][255])' (src/srcnn.cpp:12:0)
INFO: [HLS 214-178] Inlining function 'conv2(float (*) [255][255], float (*) [64][1][1], float*, float (*) [255][255])' into 'srcnn(float (*) [255][255], float (*) [1][9][9], float*, float (*) [64][1][1], float*, float (*) [32][5][5], float*, float (*) [255][255])' (src/srcnn.cpp:12:0)
INFO: [HLS 214-178] Inlining function 'conv3(float (*) [255][255], float (*) [32][5][5], float*, float (*) [255][255])' into 'srcnn(float (*) [255][255], float (*) [1][9][9], float*, float (*) [64][1][1], float*, float (*) [32][5][5], float*, float (*) [255][255])' (src/srcnn.cpp:12:0)
INFO-FLOW: DBG:PUTS: copy_raw_kernel_xml ap_link_39: kernel.xml not generated: C:/SPB_Data/ELEN90096-Group-2/golden/srcnn_hls/solution1/.autopilot/db/kernel.internal.xml
INFO: [HLS 200-111] Finished Compiling Optimization and Transform: CPU user time: 0 seconds. CPU system time: 0 seconds. Elapsed time: 4.11 seconds; current allocated memory: 93.582 MB.
INFO: [HLS 200-111] Finished Checking Pragmas: CPU user time: 0 seconds. CPU system time: 0 seconds. Elapsed time: 0.016 seconds; current allocated memory: 93.582 MB.
Execute       opt_and_import_c a -opt_level=2 -skip_syncheck=0 -ng=0 -keep_printf=0 
Execute         cleanup_all_models 
INFO: [HLS 200-10] Starting code transformations ...
INFO-FLOW: Running Standard Transforms...
Execute         transform -hls -share-std-xform -demangle-name -inline-byval-memcpy -always-inline -promote-dbg-pointer -interface-preproc -mem2reg -scalarrepl -mem2reg -keep-read-access -instcombine -dce -promote-dbg-pointer -bitop-raise -loop-simplify -indvarspre -indvars -loop-simplify -xunroll -constprop -instcombine -simplifycfg -indvars -simplifycfg -dce -globaldce -basicaa -simplifycfg -mem2reg -globalopt -global-constprop -deadargelim -instcombine -simplifycfg -scalarrepl -instcombine -reassociate -licm -simplifycfg -loop-simplify -indvars -instcombine -simplifycfg -mem2reg -loop-simplify -indvars -instcombine -gvn -gvn -instcombine -adce -break-crit-edges -simplifycfg -loop-delete -global-array-opt -dce -dse -adce -find-syn-modules -top srcnn -deadargelim -mem2reg -instcombine -dce -presyn-prepare -auto-rom-infer -interface-preproc -syn-check -check-rec-only -find-region -simplifycfg -func-extr -function-inline -globaldce -mem2reg -instcombine -dce -gvn -globaldce -adce -adse -constprop -instcombine -bit-constprop -instcombine -dce -simplifycfg -bitop-raise -simplifycfg -dce -loop-delete -reassociate -globalopt -global-privatize -mem2reg -dce -global-constprop -pointer-simplify -constprop -dce -auto-shift-reg-idiom -promote-dbg-pointer -norm-name C:/SPB_Data/ELEN90096-Group-2/golden/srcnn_hls/solution1/.autopilot/db/a.g.0.bc -o C:/SPB_Data/ELEN90096-Group-2/golden/srcnn_hls/solution1/.autopilot/db/a.g.1.bc -f -phase std-opt 
INFO: [HLS 200-111] Finished Standard Transforms: CPU user time: 0 seconds. CPU system time: 0 seconds. Elapsed time: 0.041 seconds; current allocated memory: 93.582 MB.
INFO: [HLS 200-10] Checking synthesizability ...
INFO-FLOW: Checking Synthesizability 1/2..
Execute         transform -hls -syn-check -check-rec-only -scalarrepl -norm-name -dce -mem2reg -instcombine -directive-preproc -mem2reg -dse -dce -auto-rom-infer -dce -pag -array-normalize -instcombine -dce -array-seg-normalize -instcombine -dce -data-pack -instcombine -dce -inst-simplify -array-flatten -instcombine -dce -array-burst -dce -deadargelim -promote-global-argument -simplifycfg -mem2reg -globaldce -dce -deadargelim -dce -instcombine -function-inline -globaldce -dce -doublePtrSimplify -doublePtrElim -dce -doublePtrSimplify -promote-dbg-pointer -dce -scalarrepl -dse -adse -instcombine -ptrLegalization -simplifycfg -dce -instcombine -pointer-simplify -ptrArgReplace -dce -instcombine -resolve-double-ptr -scalarrepl -norm-name -dce -mem2reg -instcombine -ptrLegalization -simplifycfg -deadargelim -instcombine -dce -inst-simplify -directive-preproc -mem2reg -dse -dce -globaldce C:/SPB_Data/ELEN90096-Group-2/golden/srcnn_hls/solution1/.autopilot/db/a.g.1.bc -o C:/SPB_Data/ELEN90096-Group-2/golden/srcnn_hls/solution1/.autopilot/db/a.g.2.prechk.bc -f 
INFO-FLOW: Checking Synthesizability 2/2..
Execute         transform -syn-check C:/SPB_Data/ELEN90096-Group-2/golden/srcnn_hls/solution1/.autopilot/db/a.g.2.prechk.bc -o C:/SPB_Data/ELEN90096-Group-2/golden/srcnn_hls/solution1/.autopilot/db/a.g.2.bc -f -phase syn-check 
INFO: [HLS 200-111] Finished Checking Synthesizability: CPU user time: 0 seconds. CPU system time: 0 seconds. Elapsed time: 0.029 seconds; current allocated memory: 93.582 MB.
INFO-FLOW: Compiler optimizing ...
INFO-FLOW: Share syncheck's 1.bc for syn flow: copy C:/SPB_Data/ELEN90096-Group-2/golden/srcnn_hls/solution1/.autopilot/db/a.g.1.bc to C:/SPB_Data/ELEN90096-Group-2/golden/srcnn_hls/solution1/.autopilot/db/a.o.1.bc
INFO-FLOW: Presyn 1...
Execute         transform -hls -tmp C:/SPB_Data/ELEN90096-Group-2/golden/srcnn_hls/solution1/.autopilot/db -interface-port-rename -directive-preproc -mem2reg -dse -dce -scalarrepl -norm-name -deadargelim -mem2reg -instcombine -dce -simplifycfg -auto-rom-infer -dce -resource-proc -clib-intrinsic-prepare -dce -func-buffer -dce -pag -array-normalize -func-legal -instcombine -gvn -constprop -dce -simplifycfg -mem2reg -globaldce -resolve-double-ptr -dce -deadargelim -dce -instcombine -ptrArgReplace -mem2reg -dce -array-seg-normalize -deadargelim -instcombine -dce -directive-preproc -mem2reg -dse -dce -pointer-simplify -dce -port-alignment -dce -interface-preproc -data-pack -instcombine -dce -basicaa -aggr-aa -aggrmodref-aa -aggr-aa -gvn -gvn -basicaa -aggr-aa -aggrmodref-aa -aggr-aa -dse -adse -adce -loop-simplify -indvars -instcombine -gvn -loop-simplify -mem2reg -dce -find-region -instcombine -auto-loop-pipeline -inst-simplify -interface-preproc -cfgopt -instcombine -indvars -auto-loop-unroll -loop-simplify -loop-bound -xunroll -constprop -instcombine -simplifycfg -indvars -simplifycfg -dce -globaldce -clean-region -attach-range -gvn -inst-simplify -constprop -simplifycfg -dce -pointer-simplify -dce -globalopt -constprop -dce -array-promote -scalar-auto-dep-elim -constprop -dce -ptrArgReplace -mem2reg -simplifycfg -dce -instcombine -dce -array-transform-check -array-reshape -instcombine -simplifycfg -dce -ptrArgReplace -deadargelim -mem2reg -instcombine -simplifycfg -dce -indvars -loop-simplify -loop-bound -xunroll -constprop -instcombine -simplifycfg -indvars -simplifycfg -dce -globaldce -basicaa -aggr-aa -aggrmodref-aa -aggr-aa -dse -duplicate-dataflow-processes -globaldce -instcombine -array-partition -prepare-dynamic-array-partition -instcombine -simplifycfg -dce -ptrArgReplace -global-constprop -deadargelim -mem2reg -func-legal -dce -global-constprop -deadargelim -mem2reg -simplifycfg -dce -merge-param -deadargelim -globalopt -constprop -dce -array-promote -scalar-auto-dep-elim -constprop -dce -ptrArgReplace -mem2reg -simplifycfg -dce -mem-intrinsic-preproc -dce -global-internalize -global-privatize -mem2reg -globaldce -promote-global-argument -ptrArgReplace -mem2reg -dce -globalopt -mergereturn -simplify-global-access -mem2reg -dce -pointer-simplify -dce -functionattrs -basicaa -aggr-aa -aggrmodref-aa -aggr-aa -gvn -gvn -basicaa -aggr-aa -aggrmodref-aa -aggr-aa -dse -adse -adce -dce -norm-name -basicaa -aggr-aa -aggrmodref-aa -aggr-aa -accesses-merge -function-inline -complex-op-raise -inst-simplify -globaldce -func-legal -dce -loop-bound -arraycheck -bitwidthmin2 -bitwidthmin2 -on-by-dataflow -loop-delete -instcombine -simplifycfg -globaldce -dce -gvn -deadargelim -dce -loop-simplify -clean-region -simplifycfg -propagate-stable-arguments -loop-stream -instcombine -simplifycfg -dce -globaldce -duplicate-dataflow-processes -stream-intrinsic-preproc -dce -check-ap-stream -loop-simplify -eliminate-keepreads -extract-dataflow-in-loop -loop-simplify -dce -gvn -deadargelim -dse -duplicate-dataflow-processes -check-dataflow-syntax -legalize-stream-variable -globaldce -legalize-global -extract-subproc -dce -dead-channel-elimination -canonicalize-gep -globaldce -dce -gvn -hls-dead-arg-elim -deadargelim -directive-preproc -canonicalize-dataflow -dce -globaldce -scalar-preprocessing -scalar-propagation2 -deadargelim -globaldce -mem2reg -check-dataflow-channels -function-stream -dce -globaldce -prop-fifo-spec -internal-stream-gen -canonicalize-gep -globaldce -dce -gvn -deadargelim -mergereturn -indvars -loop-simplify -instcombine -array-stream -array-seg-normalize -array-partition -func-legal -instcombine -simplifycfg -dce -bundle-memfifo-ops -deadargelim -directive-preproc -mem2reg -dse -dce -group-axi-access -licm -simplifycfg -dce -loop-delete -hls-display -norm-name C:/SPB_Data/ELEN90096-Group-2/golden/srcnn_hls/solution1/.autopilot/db/a.o.1.bc -o C:/SPB_Data/ELEN90096-Group-2/golden/srcnn_hls/solution1/.autopilot/db/a.o.1.tmp.bc -f 
INFO-FLOW: Presyn 2...
Execute         transform -hls -keep-callgraph -scalarrepl -mem2reg -port-alignment -attach-range -dce -pipe-mux-gen -indvars -loop-bound -inst-simplify -instcombine -dce -merge-array-access -mem2reg -dce -clean-region -mergereturn -if-conv -instcombine -dce -constprop -basicaa -aggr-aa -aggrmodref-aa -aggr-aa -gvn -gvn -basicaa -aggr-aa -aggrmodref-aa -aggr-aa -dse -adse -adce -scalarrepl -mem2reg -global-constprop -deadargelim -deadargelim -instcombine -dce -simplifycfg -ptrArgReplace -mem2reg -function-inline -globaldce -mem2reg -instcombine -dce -expr-balance -instcombine -dce -bitwidthmin2 -bitwidthmin2 -interface-preproc -directive-preproc -inst-rectify -instcombine -dce -functionattrs -constprop -instcombine -bit-constprop -simplify-global-access -globalopt -globaldce -inst-simplify -instcombine -elimdeaddata -dce -loop-delete -simplifycfg -loop-simplify -barrier -norm-name C:/SPB_Data/ELEN90096-Group-2/golden/srcnn_hls/solution1/.autopilot/db/a.o.1.tmp.bc -o C:/SPB_Data/ELEN90096-Group-2/golden/srcnn_hls/solution1/.autopilot/db/a.o.2.bc -f -phase presyn 
INFO: [HLS 200-111] Finished Loop, function and other optimizations: CPU user time: 0 seconds. CPU system time: 0 seconds. Elapsed time: 0.133 seconds; current allocated memory: 93.582 MB.
INFO-FLOW: Building ssdm...
Execute         transform -hls -auto-function-inline -globaldce -ptrArgReplace -mem2reg -dce -reset-lda -loop-simplify -indvars -aggr-aa -licm -loop-dep -loop-bound -licm -loop-simplify -loop-sink-hoist -flattenloopnest -array-flatten -gvn -instcombine -dce -array-map -dce -func-legal -gvn -adce -instcombine -cfgopt -simplifycfg-lite -loop-simplify -array-burst -promote-global-argument -dce -array-seg-normalize -basicaa -aggrmodref-aa -globalsmodref-aa -aggr-aa -gvn -gvn -basicaa -aggrmodref-aa -globalsmodref-aa -aggr-aa -dse -adse -adce -licm -inst-simplify -dce -globaldce -instcombine -array-stream -eliminate-keepreads -instcombine -dce -deadargelim -doublePtrSimplify -doublePtrElim -dce -doublePtrSimplify -promote-dbg-pointer -dce -scalarrepl -mem2reg -norm-name -mem2reg -instcombine -dse -adse -adce -ptrLegalization -dce -auto-rom-infer -array-flatten -dce -instcombine -check-doubleptr -loop-rot -constprop -cfgopt -simplifycfg-lite -loop-simplify -indvars -pointer-simplify -dce -loop-bound -loop-simplify -loop-preproc -constprop -global-constprop -gvn -mem2reg -instcombine -dce -loop-bound -loop-merge -dce -deadargelim -dce -canonicalize-dataflow -dce -deadargelim -globaldce -mem2reg -bram-byte-enable -load-elim -read-loop-dep -loop-simplify -loop-extract-inner -directive-preproc -bitwidthmin2 -bitwidthmin2 -read-loop-dep -interface-preproc -directive-preproc -interface-gen -bram-byte-enable-spec-prop -deadargelim -inst-simplify -dce -gvn -mem2reg -instcombine -dce -adse -loop-bound -instcombine -cfgopt -simplifycfg-lite -loop-simplify -clean-region -io-protocol -find-region -mem2reg -bitop-raise -complex-op-raise -inst-simplify -inst-rectify -instcombine -adce -deadargelim -float-op-raise -loop-simplify -phi-opt -bitop-raise -cfgopt -simplifycfg-lite -strip-dead-prototypes -interface-lower -bitop-lower -intrinsic-lower -auto-function-inline -basicaa -aggrmodref-aa -globalsmodref-aa -aggr-aa -inst-simplify -simplifycfg-lite -loop-simplify -mergereturn -inst-simplify -inst-rectify -globaldce -dce -load-elim -bitop-lower -float-op-raise -fma-raise -loop-rewind -pointer-simplify -dce -cfgopt -dce -loop-bound -loop-dep -read-loop-dep -dce -dyn-mem-reuse -dce -recurrence-min -dce -share-scalar-alloca -deadargelim -dce -check-stream -norm-name -legalize -validate-dataflow -inst-clarity -bitwidth -dce -dump-loop-dep-to-ir -check-all-ssdm -dump-complexity-metric -cdfg-build C:/SPB_Data/ELEN90096-Group-2/golden/srcnn_hls/solution1/.autopilot/db/a.o.2.bc -o C:/SPB_Data/ELEN90096-Group-2/golden/srcnn_hls/solution1/.autopilot/db/a.o.3.bc -f -phase build-ssdm 
Execute           auto_get_db
INFO: [HLS 200-111] Finished Architecture Synthesis: CPU user time: 1 seconds. CPU system time: 0 seconds. Elapsed time: 0.098 seconds; current allocated memory: 93.582 MB.
INFO-FLOW: Finish building internal data model.
Command       opt_and_import_c done; 0.31 sec.
Command     elaborate done; 18.37 sec.
Execute     ap_eval exec zip -j C:/SPB_Data/ELEN90096-Group-2/golden/srcnn_hls/solution1/.autopilot/db/dut.hcp $dbDir/a.o.3.bc $dbDir/${topname}.rtl_wrap.cfg.tcl $dbDir/apatb_${topname}.cpp $dbDir/apatb_${topname}_util.cpp $dbDir/apatb_${topname}_ir.ll $dbDir/mapper_${topname}.cpp $dbDir/top-io-fe.xml $dbDir/kernel.internal.xml $workdir/../hls.app 
Command     ap_eval done; 0.189 sec.
Execute     autosyn -from_csynth_design=1 
INFO: [HLS 200-10] Starting hardware synthesis ...
INFO-FLOW: Synthesizing C/C++ design ...
INFO: [HLS 200-10] Synthesizing 'srcnn' ...
Execute       ap_set_top_model srcnn 
Execute       get_model_list srcnn -filter all-wo-channel -topdown 
Execute       preproc_iomode -model srcnn 
Execute       get_model_list srcnn -filter all-wo-channel 
INFO-FLOW: Model list for configure: srcnn
INFO-FLOW: Configuring Module : srcnn ...
Execute       set_default_model srcnn 
Execute       apply_spec_resource_limit srcnn 
INFO-FLOW: Model list for preprocess: srcnn
INFO-FLOW: Preprocessing Module: srcnn ...
Execute       set_default_model srcnn 
Execute       cdfg_preprocess -model srcnn 
Execute       rtl_gen_preprocess srcnn 
INFO-FLOW: Model list for synthesis: srcnn
INFO: [HLS 200-10] ----------------------------------------------------------------
INFO: [HLS 200-42] -- Implementing module 'srcnn' 
INFO: [HLS 200-10] ----------------------------------------------------------------
Execute       set_default_model srcnn 
Execute       schedule -model srcnn 
INFO: [SCHED 204-11] Starting scheduling ...
INFO: [SCHED 204-11] Finished scheduling.
Command       schedule done; 0.909 sec.
INFO: [HLS 200-111] Finished Scheduling: CPU user time: 1 seconds. CPU system time: 0 seconds. Elapsed time: 1.119 seconds; current allocated memory: 93.582 MB.
Execute       syn_report -verbosereport -o C:/SPB_Data/ELEN90096-Group-2/golden/srcnn_hls/solution1/.autopilot/db/srcnn.verbose.sched.rpt 
Execute         list_part -family xck26-sfvc784-2LV-c 
Execute           ap_family_info -name xck26-sfvc784-2LV-c -data names 
Execute           ap_part_info -quiet -name xck26-sfvc784-2LV-c -data family 
Command       syn_report done; 0.427 sec.
Execute       db_write -o C:/SPB_Data/ELEN90096-Group-2/golden/srcnn_hls/solution1/.autopilot/db/srcnn.sched.adb -f 
INFO-FLOW: Finish scheduling srcnn.
Execute       set_default_model srcnn 
Execute       bind -model srcnn 
INFO: [BIND 205-100] Starting micro-architecture generation ...
INFO: [BIND 205-101] Performing variable lifetime analysis.
INFO: [BIND 205-101] Exploring resource sharing.
INFO: [BIND 205-101] Binding ...
INFO: [BIND 205-100] Finished micro-architecture generation.
Command       bind done; 0.292 sec.
INFO: [HLS 200-111] Finished Binding: CPU user time: 0 seconds. CPU system time: 0 seconds. Elapsed time: 0.773 seconds; current allocated memory: 93.582 MB.
Execute       syn_report -verbosereport -o C:/SPB_Data/ELEN90096-Group-2/golden/srcnn_hls/solution1/.autopilot/db/srcnn.verbose.bind.rpt 
Execute         list_part -family xck26-sfvc784-2LV-c 
Execute           ap_family_info -name xck26-sfvc784-2LV-c -data names 
Execute           ap_part_info -quiet -name xck26-sfvc784-2LV-c -data family 
Command       syn_report done; 0.141 sec.
Execute       db_write -o C:/SPB_Data/ELEN90096-Group-2/golden/srcnn_hls/solution1/.autopilot/db/srcnn.bind.adb -f 
INFO-FLOW: Finish binding srcnn.
Execute       get_model_list srcnn -filter all-wo-channel 
INFO-FLOW: Preprocessing for RTLGen ...
Execute       rtl_gen_preprocess srcnn 
INFO-FLOW: Model list for RTL generation: srcnn
INFO: [HLS 200-10] ----------------------------------------------------------------
INFO: [HLS 200-10] -- Generating RTL for module 'srcnn' 
INFO: [HLS 200-10] ----------------------------------------------------------------
Execute       create_rtl_model srcnn -top_prefix  -sub_prefix srcnn_ -mg_file C:/SPB_Data/ELEN90096-Group-2/golden/srcnn_hls/solution1/.autopilot/db/srcnn.compgen.tcl 
INFO: [RTGEN 206-500] Setting interface mode on port 'srcnn/input_ftmap' to 'ap_memory'.
INFO: [RTGEN 206-500] Setting interface mode on port 'srcnn/conv1_weights' to 'ap_memory'.
INFO: [RTGEN 206-500] Setting interface mode on port 'srcnn/conv1_biases' to 'ap_memory'.
INFO: [RTGEN 206-500] Setting interface mode on port 'srcnn/conv2_weights' to 'ap_memory'.
INFO: [RTGEN 206-500] Setting interface mode on port 'srcnn/conv2_biases' to 'ap_memory'.
INFO: [RTGEN 206-500] Setting interface mode on port 'srcnn/conv3_weights' to 'ap_memory'.
INFO: [RTGEN 206-500] Setting interface mode on port 'srcnn/conv3_biases' to 'ap_none'.
INFO: [RTGEN 206-500] Setting interface mode on port 'srcnn/output_ftmap' to 'ap_memory'.
INFO: [RTGEN 206-500] Setting interface mode on function 'srcnn' to 'ap_ctrl_hs'.
INFO: [RTGEN 206-100] Generating core module 'fadd_32ns_32ns_32_4_full_dsp_1': 1 instance(s).
INFO: [RTGEN 206-100] Generating core module 'fcmp_32ns_32ns_1_2_no_dsp_1': 1 instance(s).
INFO: [RTGEN 206-100] Generating core module 'fmul_32ns_32ns_32_3_max_dsp_1': 1 instance(s).
INFO: [RTGEN 206-100] Finished creating RTL model for 'srcnn'.
INFO: [RTMG 210-278] Implementing memory 'srcnn_conv1_output_ftmap_RAM_AUTO_1R1W' using auto RAMs.
INFO: [RTMG 210-278] Implementing memory 'srcnn_conv2_output_ftmap_RAM_AUTO_1R1W' using auto RAMs.
Command       create_rtl_model done; 1.792 sec.
INFO: [HLS 200-111] Finished Creating RTL model: CPU user time: 2 seconds. CPU system time: 0 seconds. Elapsed time: 2.02 seconds; current allocated memory: 93.582 MB.
Execute       source C:/SPB_Data/ELEN90096-Group-2/golden/srcnn_hls/solution1/.autopilot/db/srcnn.rtl_wrap.cfg.tcl 
Execute       gen_rtl srcnn -istop -style xilinx -f -lang vhdl -o C:/SPB_Data/ELEN90096-Group-2/golden/srcnn_hls/solution1/syn/vhdl/srcnn 
Command       gen_rtl done; 0.112 sec.
Execute       gen_rtl srcnn -istop -style xilinx -f -lang vlog -o C:/SPB_Data/ELEN90096-Group-2/golden/srcnn_hls/solution1/syn/verilog/srcnn 
Execute       syn_report -csynth -model srcnn -o C:/SPB_Data/ELEN90096-Group-2/golden/srcnn_hls/solution1/syn/report/srcnn_csynth.rpt 
Execute         list_part -family xck26-sfvc784-2LV-c 
Execute           ap_family_info -name xck26-sfvc784-2LV-c -data names 
Execute           ap_part_info -quiet -name xck26-sfvc784-2LV-c -data family 
Execute       syn_report -rtlxml -model srcnn -o C:/SPB_Data/ELEN90096-Group-2/golden/srcnn_hls/solution1/syn/report/srcnn_csynth.xml 
Execute         list_part -family xck26-sfvc784-2LV-c 
Execute           ap_family_info -name xck26-sfvc784-2LV-c -data names 
Execute           ap_part_info -quiet -name xck26-sfvc784-2LV-c -data family 
Execute       syn_report -verbosereport -model srcnn -o C:/SPB_Data/ELEN90096-Group-2/golden/srcnn_hls/solution1/.autopilot/db/srcnn.verbose.rpt 
Execute         list_part -family xck26-sfvc784-2LV-c 
Execute           ap_family_info -name xck26-sfvc784-2LV-c -data names 
Execute           ap_part_info -quiet -name xck26-sfvc784-2LV-c -data family 
Command       syn_report done; 0.255 sec.
Execute       db_write -model srcnn -f -o C:/SPB_Data/ELEN90096-Group-2/golden/srcnn_hls/solution1/.autopilot/db/srcnn.adb 
Command       db_write done; 0.17 sec.
Execute       db_write -model srcnn -bindview -o C:/SPB_Data/ELEN90096-Group-2/golden/srcnn_hls/solution1/.autopilot/db/design.bindinfo.xml 
Execute       gen_tb_info srcnn -p C:/SPB_Data/ELEN90096-Group-2/golden/srcnn_hls/solution1/.autopilot/db -o C:/SPB_Data/ELEN90096-Group-2/golden/srcnn_hls/solution1/.autopilot/db/srcnn 
Execute       export_constraint_db -f -tool general -o C:/SPB_Data/ELEN90096-Group-2/golden/srcnn_hls/solution1/.autopilot/db/srcnn.constraint.tcl 
Execute       syn_report -designview -model srcnn -o C:/SPB_Data/ELEN90096-Group-2/golden/srcnn_hls/solution1/.autopilot/db/srcnn.design.xml 
Execute       syn_report -csynthDesign -model srcnn -o C:/SPB_Data/ELEN90096-Group-2/golden/srcnn_hls/solution1/syn/report/csynth.rpt -MHOut C:/SPB_Data/ELEN90096-Group-2/golden/srcnn_hls/solution1/.autopilot/db/kernel_module_hierarchy.tcl 
Execute         list_part -family xck26-sfvc784-2LV-c 
Execute           ap_family_info -name xck26-sfvc784-2LV-c -data names 
Execute           ap_part_info -quiet -name xck26-sfvc784-2LV-c -data family 
Execute       syn_report -wcfg -model srcnn -o C:/SPB_Data/ELEN90096-Group-2/golden/srcnn_hls/solution1/.autopilot/db/srcnn_dataflow_ana.wcfg 
Execute       syn_report -protoinst -model srcnn -o C:/SPB_Data/ELEN90096-Group-2/golden/srcnn_hls/solution1/.autopilot/db/srcnn.protoinst 
Execute       sc_get_clocks srcnn 
Execute       sc_get_portdomain srcnn 
INFO-FLOW: Model list for RTL component generation: srcnn
INFO-FLOW: Handling components in module [srcnn] ... 
Execute       source C:/SPB_Data/ELEN90096-Group-2/golden/srcnn_hls/solution1/.autopilot/db/srcnn.compgen.tcl 
INFO-FLOW: Found component srcnn_fadd_32ns_32ns_32_4_full_dsp_1.
INFO-FLOW: Append model srcnn_fadd_32ns_32ns_32_4_full_dsp_1
INFO-FLOW: Found component srcnn_fmul_32ns_32ns_32_3_max_dsp_1.
INFO-FLOW: Append model srcnn_fmul_32ns_32ns_32_3_max_dsp_1
INFO-FLOW: Found component srcnn_fcmp_32ns_32ns_1_2_no_dsp_1.
INFO-FLOW: Append model srcnn_fcmp_32ns_32ns_1_2_no_dsp_1
INFO-FLOW: Found component srcnn_conv1_output_ftmap_RAM_AUTO_1R1W.
INFO-FLOW: Append model srcnn_conv1_output_ftmap_RAM_AUTO_1R1W
INFO-FLOW: Found component srcnn_conv2_output_ftmap_RAM_AUTO_1R1W.
INFO-FLOW: Append model srcnn_conv2_output_ftmap_RAM_AUTO_1R1W
INFO-FLOW: Append model srcnn
INFO-FLOW: Generating RTL model list ...
INFO-FLOW: All models in this session: srcnn_fadd_32ns_32ns_32_4_full_dsp_1 srcnn_fmul_32ns_32ns_32_3_max_dsp_1 srcnn_fcmp_32ns_32ns_1_2_no_dsp_1 srcnn_conv1_output_ftmap_RAM_AUTO_1R1W srcnn_conv2_output_ftmap_RAM_AUTO_1R1W srcnn
INFO-FLOW: Generating C:/SPB_Data/ELEN90096-Group-2/golden/srcnn_hls/solution1/.autopilot/db/autopilot.rtl.models.txt file...
INFO-FLOW: To file: write model srcnn_fadd_32ns_32ns_32_4_full_dsp_1
INFO-FLOW: To file: write model srcnn_fmul_32ns_32ns_32_3_max_dsp_1
INFO-FLOW: To file: write model srcnn_fcmp_32ns_32ns_1_2_no_dsp_1
INFO-FLOW: To file: write model srcnn_conv1_output_ftmap_RAM_AUTO_1R1W
INFO-FLOW: To file: write model srcnn_conv2_output_ftmap_RAM_AUTO_1R1W
INFO-FLOW: To file: write model srcnn
INFO-FLOW: Generating C:/SPB_Data/ELEN90096-Group-2/golden/srcnn_hls/solution1/.autopilot/db/autopilot.rtl.models.tcl file...
INFO-FLOW: Finished generating RTL model list.


INFO-FLOW: RTL Generation done.
INFO-FLOW: CAS Generation done.
INFO-FLOW: CBC Generation done.
INFO-FLOW: DBG:PROC: ::AESL_AUTOMG::auto_generate_csynth_design
INFO-FLOW: DBG:PUTS: read_platform_lib C:/SPB_Data/ELEN90096-Group-2/golden/srcnn_hls/solution1/.autopilot/db/global.setting.tcl
Execute       source C:/Xilinx/Vitis_HLS/2023.1/common/technology/generic/autopilot/common.gen 
Execute         source C:/Xilinx/Vitis_HLS/2023.1/common/technology/generic/autopilot/APCoreGen.gen 
Execute       source C:/Xilinx/Vitis_HLS/2023.1/common/technology/generic/autopilot/op.gen 
Execute       source C:/Xilinx/Vitis_HLS/2023.1/common/technology/generic/autopilot/op_simcore.gen 
Execute       source C:/Xilinx/Vitis_HLS/2023.1/common/technology/generic/autopilot/interface.gen 
Execute       source C:/SPB_Data/ELEN90096-Group-2/golden/srcnn_hls/solution1/.autopilot/db/global.setting.tcl 
Execute       source C:/Xilinx/Vitis_HLS/2023.1/common/technology/xilinx/common/xilinx.gen 
Execute         source C:/Xilinx/Vitis_HLS/2023.1/common/technology/xilinx/interface/plb46.gen 
Execute         source C:/Xilinx/Vitis_HLS/2023.1/common/technology/xilinx/interface/axi4.gen 
Execute         source C:/Xilinx/Vitis_HLS/2023.1/common/technology/xilinx/interface/nativeAXI4.gen 
Execute           source C:/Xilinx/Vitis_HLS/2023.1/common/technology/xilinx/interface/saxilite.gen 
Execute         source C:/Xilinx/Vitis_HLS/2023.1/common/technology/xilinx/scripts/xilinxcoregen.gen 
Execute         source C:/Xilinx/Vitis_HLS/2023.1/common/technology/xilinx/interface/XilEDKCoreGen.gen 
Execute         source C:/Xilinx/Vitis_HLS/2023.1/common/technology/xilinx/ip/dds_compiler.gen 
Execute         source C:/Xilinx/Vitis_HLS/2023.1/common/technology/xilinx/ip/util.gen 
Execute         source C:/Xilinx/Vitis_HLS/2023.1/common/technology/xilinx/ip/xfft.gen 
Execute         source C:/Xilinx/Vitis_HLS/2023.1/common/technology/xilinx/ip/xfir.gen 
Execute         source C:/Xilinx/Vitis_HLS/2023.1/common/technology/xilinx/DSP48/dsp48.gen 
Command       ap_source done; 0.102 sec.
INFO-FLOW: DBG:PUTS:   using AESL_AUTOCG::g_clock_period=10.000 (was NA)
INFO-FLOW: DBG:PROC: ::AESL_AUTOMG::generate_ip_cores gen_sim_model='1' gen_fp_models='0' gen_for_export='0' dstSCDir='' dstVhdlDir='C:/SPB_Data/ELEN90096-Group-2/golden/srcnn_hls/solution1/.autopilot/db/vhdl' dstVlogDir='C:/SPB_Data/ELEN90096-Group-2/golden/srcnn_hls/solution1/.autopilot/db/vlog' tclDir='C:/SPB_Data/ELEN90096-Group-2/golden/srcnn_hls/solution1/.autopilot/db' modelList='srcnn_fadd_32ns_32ns_32_4_full_dsp_1
srcnn_fmul_32ns_32ns_32_3_max_dsp_1
srcnn_fcmp_32ns_32ns_1_2_no_dsp_1
srcnn_conv1_output_ftmap_RAM_AUTO_1R1W
srcnn_conv2_output_ftmap_RAM_AUTO_1R1W
srcnn
' expOnly='0'
Execute       source C:/SPB_Data/ELEN90096-Group-2/golden/srcnn_hls/solution1/.autopilot/db/global.setting.tcl 
Execute       ap_part_info -name xck26-sfvc784-2LV-c -data names -quiet 
Execute       ap_part_info -name xck26-sfvc784-2LV-c -data info -quiet 
Execute       source C:/SPB_Data/ELEN90096-Group-2/golden/srcnn_hls/solution1/.autopilot/db/global.setting.tcl 
Execute       source C:/SPB_Data/ELEN90096-Group-2/golden/srcnn_hls/solution1/.autopilot/db/global.setting.tcl 
Execute       source C:/SPB_Data/ELEN90096-Group-2/golden/srcnn_hls/solution1/.autopilot/db/srcnn.compgen.tcl 
INFO: [HLS 200-111] Finished Generating all RTL models: CPU user time: 1 seconds. CPU system time: 1 seconds. Elapsed time: 1.382 seconds; current allocated memory: 93.582 MB.
INFO-FLOW: DBG:PROC: ::HLSREPORTS::create_csynth_xml bind_info_var='bind_info' RtlSubPrefix='srcnn_' outfile=''
INFO-FLOW: Running: create_csynth_xml read xml data
INFO-FLOW: Done: create_csynth_xml read xml data time: 0 seconds per iteration
INFO-FLOW: Running: create_csynth_xml bind info
INFO-FLOW: Done: create_csynth_xml bind info time: 0 seconds per iteration
INFO-FLOW: Running: create_csynth_xml config info
INFO-FLOW: Done: create_csynth_xml config info time: 0.4 seconds per iteration
INFO-FLOW: Running: create_csynth_xml write xml
INFO-FLOW: Done: create_csynth_xml write xml time: 0 seconds per iteration
INFO-FLOW: DBG:PUTS:      create_csynth_xml wrote csynth_xml=C:/SPB_Data/ELEN90096-Group-2/golden/srcnn_hls/solution1/syn/report/csynth.xml
INFO-FLOW: DBG:PROC: ::AP::DESIGN_DATA::generate_json generate_bd_files='0' generate_xo_files='0' modelList='srcnn_fadd_32ns_32ns_32_4_full_dsp_1
srcnn_fmul_32ns_32ns_32_3_max_dsp_1
srcnn_fcmp_32ns_32ns_1_2_no_dsp_1
srcnn_conv1_output_ftmap_RAM_AUTO_1R1W
srcnn_conv2_output_ftmap_RAM_AUTO_1R1W
srcnn
' rtl_lang='both' bootstrap_tcl='false' outdir='' outfilename=''
Execute       source C:/SPB_Data/ELEN90096-Group-2/golden/srcnn_hls/solution1/.autopilot/db/global.setting.tcl 
Execute       source C:/SPB_Data/ELEN90096-Group-2/golden/srcnn_hls/solution1/.autopilot/db/global.setting.tcl 
Execute       source C:/SPB_Data/ELEN90096-Group-2/golden/srcnn_hls/solution1/.autopilot/db/top-io-be.tcl 
Execute       source C:/SPB_Data/ELEN90096-Group-2/golden/srcnn_hls/solution1/.autopilot/db/srcnn.tbgen.tcl 
Execute       source C:/SPB_Data/ELEN90096-Group-2/golden/srcnn_hls/solution1/.autopilot/db/srcnn.rtl_wrap.cfg.tcl 
Execute       source C:/SPB_Data/ELEN90096-Group-2/golden/srcnn_hls/solution1/.autopilot/db/srcnn.compgen.dataonly.tcl 
Execute       source C:/SPB_Data/ELEN90096-Group-2/golden/srcnn_hls/solution1/.autopilot/db/srcnn.tbgen.tcl 
Execute       source C:/SPB_Data/ELEN90096-Group-2/golden/srcnn_hls/solution1/.autopilot/db/global.setting.tcl 
Execute       ap_part_info -name xck26-sfvc784-2LV-c -data names -quiet 
Execute       ap_part_info -name xck26-sfvc784-2LV-c -data info -quiet 
Execute       source C:/SPB_Data/ELEN90096-Group-2/golden/srcnn_hls/solution1/.autopilot/db/srcnn.constraint.tcl 
Execute       sc_get_clocks srcnn 
Execute       source C:/SPB_Data/ELEN90096-Group-2/golden/srcnn_hls/solution1/.autopilot/db/global.setting.tcl 
Execute       source C:/SPB_Data/ELEN90096-Group-2/golden/srcnn_hls/solution1/impl/misc/srcnn_fadd_32ns_32ns_32_4_full_dsp_1_ip.tcl 
Execute       source C:/SPB_Data/ELEN90096-Group-2/golden/srcnn_hls/solution1/impl/misc/srcnn_fcmp_32ns_32ns_1_2_no_dsp_1_ip.tcl 
Execute       source C:/SPB_Data/ELEN90096-Group-2/golden/srcnn_hls/solution1/impl/misc/srcnn_fmul_32ns_32ns_32_3_max_dsp_1_ip.tcl 
INFO-FLOW: DBG:PROC: ::HLSREPORTS::add_csynth_report_sections bind_info_dict='adapter_nodes {} report_dict {TOPINST srcnn MODULE2INSTS {srcnn srcnn} INST2MODULE {srcnn srcnn} INSTDATA {srcnn {DEPTH 1 CHILDREN {}}} MODULEDATA {srcnn {BINDINFO {{BINDTYPE op ID {} IMPL fabric LATENCY 0 OPTYPE sub PRAGMA {} RTLNAME empty_fu_576_p2 SOURCE src/conv1.cpp:18 VARIABLE empty LOOP VITIS_LOOP_18_1 BUNDLEDNAME {} DSP 0 BRAM 0 URAM 0 DISPNAME {bind_op sub}} {BINDTYPE op ID {} IMPL fabric LATENCY 0 OPTYPE add PRAGMA {} RTLNAME add_ln35_fu_598_p2 SOURCE src/conv1.cpp:35 VARIABLE add_ln35 LOOP VITIS_LOOP_18_1 BUNDLEDNAME {} DSP 0 BRAM 0 URAM 0 DISPNAME {bind_op add}} {BINDTYPE op ID {} IMPL fabric LATENCY 0 OPTYPE add PRAGMA {} RTLNAME add_ln18_fu_610_p2 SOURCE src/conv1.cpp:18 VARIABLE add_ln18 LOOP VITIS_LOOP_18_1 BUNDLEDNAME {} DSP 0 BRAM 0 URAM 0 DISPNAME {bind_op add}} {BINDTYPE op ID {} IMPL fabric LATENCY 0 OPTYPE add PRAGMA {} RTLNAME empty_20_fu_629_p2 SOURCE src/conv1.cpp:35 VARIABLE empty_20 LOOP VITIS_LOOP_22_2 BUNDLEDNAME {} DSP 0 BRAM 0 URAM 0 DISPNAME {bind_op add}} {BINDTYPE op ID {} IMPL fabric LATENCY 0 OPTYPE sub PRAGMA {} RTLNAME empty_22_fu_650_p2 SOURCE src/conv1.cpp:35 VARIABLE empty_22 LOOP VITIS_LOOP_22_2 BUNDLEDNAME {} DSP 0 BRAM 0 URAM 0 DISPNAME {bind_op sub}} {BINDTYPE op ID {} IMPL fabric LATENCY 0 OPTYPE add PRAGMA {} RTLNAME add_ln22_fu_666_p2 SOURCE src/conv1.cpp:22 VARIABLE add_ln22 LOOP VITIS_LOOP_22_2 BUNDLEDNAME {} DSP 0 BRAM 0 URAM 0 DISPNAME {bind_op add}} {BINDTYPE op ID {} IMPL fabric LATENCY 0 OPTYPE add PRAGMA {} RTLNAME empty_23_fu_680_p2 SOURCE src/conv1.cpp:35 VARIABLE empty_23 LOOP VITIS_LOOP_23_3 BUNDLEDNAME {} DSP 0 BRAM 0 URAM 0 DISPNAME {bind_op add}} {BINDTYPE op ID {} IMPL fabric LATENCY 0 OPTYPE add PRAGMA {} RTLNAME add_ln23_fu_700_p2 SOURCE src/conv1.cpp:23 VARIABLE add_ln23 LOOP VITIS_LOOP_23_3 BUNDLEDNAME {} DSP 0 BRAM 0 URAM 0 DISPNAME {bind_op add}} {BINDTYPE op ID {} IMPL fabric LATENCY 0 OPTYPE add PRAGMA {} RTLNAME add_ln35_1_fu_710_p2 SOURCE src/conv1.cpp:35 VARIABLE add_ln35_1 LOOP VITIS_LOOP_26_4 BUNDLEDNAME {} DSP 0 BRAM 0 URAM 0 DISPNAME {bind_op add}} {BINDTYPE op ID {} IMPL fabric LATENCY 0 OPTYPE add PRAGMA {} RTLNAME add_ln35_2_fu_731_p2 SOURCE src/conv1.cpp:35 VARIABLE add_ln35_2 LOOP VITIS_LOOP_26_4 BUNDLEDNAME {} DSP 0 BRAM 0 URAM 0 DISPNAME {bind_op add}} {BINDTYPE op ID {} IMPL fabric LATENCY 0 OPTYPE add PRAGMA {} RTLNAME add_ln26_fu_743_p2 SOURCE src/conv1.cpp:26 VARIABLE add_ln26 LOOP VITIS_LOOP_26_4 BUNDLEDNAME {} DSP 0 BRAM 0 URAM 0 DISPNAME {bind_op add}} {BINDTYPE op ID {} IMPL fabric LATENCY 0 OPTYPE add PRAGMA {} RTLNAME tmp_fu_749_p2 SOURCE src/conv1.cpp:26 VARIABLE tmp LOOP VITIS_LOOP_26_4 BUNDLEDNAME {} DSP 0 BRAM 0 URAM 0 DISPNAME {bind_op add}} {BINDTYPE op ID {} IMPL fabric LATENCY 0 OPTYPE add PRAGMA {} RTLNAME empty_24_fu_759_p2 SOURCE src/conv1.cpp:26 VARIABLE empty_24 LOOP VITIS_LOOP_26_4 BUNDLEDNAME {} DSP 0 BRAM 0 URAM 0 DISPNAME {bind_op add}} {BINDTYPE op ID {} IMPL fabric LATENCY 0 OPTYPE add PRAGMA {} RTLNAME add_ln84_fu_782_p2 SOURCE src/util.cpp:84 VARIABLE add_ln84 LOOP VITIS_LOOP_26_4 BUNDLEDNAME {} DSP 0 BRAM 0 URAM 0 DISPNAME {bind_op add}} {BINDTYPE op ID {} IMPL fabric LATENCY 0 OPTYPE sub PRAGMA {} RTLNAME sub_ln35_fu_822_p2 SOURCE src/conv1.cpp:35 VARIABLE sub_ln35 LOOP VITIS_LOOP_26_4 BUNDLEDNAME {} DSP 0 BRAM 0 URAM 0 DISPNAME {bind_op sub}} {BINDTYPE op ID {} IMPL fabric LATENCY 0 OPTYPE add PRAGMA {} RTLNAME add_ln35_3_fu_832_p2 SOURCE src/conv1.cpp:35 VARIABLE add_ln35_3 LOOP VITIS_LOOP_27_5 BUNDLEDNAME {} DSP 0 BRAM 0 URAM 0 DISPNAME {bind_op add}} {BINDTYPE op ID {} IMPL fabric LATENCY 0 OPTYPE add PRAGMA {} RTLNAME add_ln27_fu_848_p2 SOURCE src/conv1.cpp:27 VARIABLE add_ln27 LOOP VITIS_LOOP_27_5 BUNDLEDNAME {} DSP 0 BRAM 0 URAM 0 DISPNAME {bind_op add}} {BINDTYPE op ID {} IMPL fabric LATENCY 0 OPTYPE add PRAGMA {} RTLNAME add_ln31_fu_854_p2 SOURCE src/conv1.cpp:31 VARIABLE add_ln31 LOOP VITIS_LOOP_27_5 BUNDLEDNAME {} DSP 0 BRAM 0 URAM 0 DISPNAME {bind_op add}} {BINDTYPE op ID {} IMPL fabric LATENCY 0 OPTYPE add PRAGMA {} RTLNAME add_ln31_1_fu_864_p2 SOURCE src/conv1.cpp:31 VARIABLE add_ln31_1 LOOP VITIS_LOOP_27_5 BUNDLEDNAME {} DSP 0 BRAM 0 URAM 0 DISPNAME {bind_op add}} {BINDTYPE op ID {} IMPL fabric LATENCY 0 OPTYPE add PRAGMA {} RTLNAME add_ln35_4_fu_917_p2 SOURCE src/conv1.cpp:35 VARIABLE add_ln35_4 LOOP VITIS_LOOP_27_5 BUNDLEDNAME {} DSP 0 BRAM 0 URAM 0 DISPNAME {bind_op add}} {BINDTYPE op ID {} IMPL maxdsp LATENCY 2 OPTYPE fmul PRAGMA {} RTLNAME fmul_32ns_32ns_32_3_max_dsp_1_U2 SOURCE src/conv1.cpp:35 VARIABLE mul_i LOOP VITIS_LOOP_27_5 BUNDLEDNAME {} DSP 3 BRAM 0 URAM 0 DISPNAME {bind_op fmul}} {BINDTYPE op ID {} IMPL fulldsp LATENCY 3 OPTYPE fadd PRAGMA {} RTLNAME fadd_32ns_32ns_32_4_full_dsp_1_U1 SOURCE src/conv1.cpp:35 VARIABLE add42_i LOOP VITIS_LOOP_27_5 BUNDLEDNAME {} DSP 2 BRAM 0 URAM 0 DISPNAME {bind_op fadd}} {BINDTYPE op ID {} IMPL fulldsp LATENCY 3 OPTYPE fadd PRAGMA {} RTLNAME fadd_32ns_32ns_32_4_full_dsp_1_U1 SOURCE src/conv1.cpp:41 VARIABLE add57_i LOOP VITIS_LOOP_23_3 BUNDLEDNAME {} DSP 2 BRAM 0 URAM 0 DISPNAME {bind_op fadd}} {BINDTYPE op ID {} IMPL fabric LATENCY 0 OPTYPE sub PRAGMA {} RTLNAME empty_25_fu_1014_p2 SOURCE src/conv2.cpp:17 VARIABLE empty_25 LOOP VITIS_LOOP_17_1 BUNDLEDNAME {} DSP 0 BRAM 0 URAM 0 DISPNAME {bind_op sub}} {BINDTYPE op ID {} IMPL fabric LATENCY 0 OPTYPE add PRAGMA {} RTLNAME add_ln17_fu_1038_p2 SOURCE src/conv2.cpp:17 VARIABLE add_ln17 LOOP VITIS_LOOP_17_1 BUNDLEDNAME {} DSP 0 BRAM 0 URAM 0 DISPNAME {bind_op add}} {BINDTYPE op ID {} IMPL fabric LATENCY 0 OPTYPE add PRAGMA {} RTLNAME empty_27_fu_1065_p2 SOURCE src/conv2.cpp:34 VARIABLE empty_27 LOOP VITIS_LOOP_21_2 BUNDLEDNAME {} DSP 0 BRAM 0 URAM 0 DISPNAME {bind_op add}} {BINDTYPE op ID {} IMPL fabric LATENCY 0 OPTYPE sub PRAGMA {} RTLNAME empty_29_fu_1086_p2 SOURCE src/conv2.cpp:34 VARIABLE empty_29 LOOP VITIS_LOOP_21_2 BUNDLEDNAME {} DSP 0 BRAM 0 URAM 0 DISPNAME {bind_op sub}} {BINDTYPE op ID {} IMPL fabric LATENCY 0 OPTYPE add PRAGMA {} RTLNAME add_ln21_1_fu_1098_p2 SOURCE src/conv2.cpp:21 VARIABLE add_ln21_1 LOOP VITIS_LOOP_21_2 BUNDLEDNAME {} DSP 0 BRAM 0 URAM 0 DISPNAME {bind_op add}} {BINDTYPE op ID {} IMPL fabric LATENCY 0 OPTYPE add PRAGMA {} RTLNAME empty_30_fu_1116_p2 SOURCE src/conv2.cpp:34 VARIABLE empty_30 LOOP VITIS_LOOP_22_3 BUNDLEDNAME {} DSP 0 BRAM 0 URAM 0 DISPNAME {bind_op add}} {BINDTYPE op ID {} IMPL fabric LATENCY 0 OPTYPE add PRAGMA {} RTLNAME add_ln22_2_fu_1132_p2 SOURCE src/conv2.cpp:22 VARIABLE add_ln22_2 LOOP VITIS_LOOP_22_3 BUNDLEDNAME {} DSP 0 BRAM 0 URAM 0 DISPNAME {bind_op add}} {BINDTYPE op ID {} IMPL fabric LATENCY 0 OPTYPE sub PRAGMA {} RTLNAME sub_ln34_1_fu_1158_p2 SOURCE src/conv2.cpp:34 VARIABLE sub_ln34_1 LOOP VITIS_LOOP_33_6 BUNDLEDNAME {} DSP 0 BRAM 0 URAM 0 DISPNAME {bind_op sub}} {BINDTYPE op ID {} IMPL fabric LATENCY 0 OPTYPE add PRAGMA {} RTLNAME add_ln34_1_fu_1168_p2 SOURCE src/conv2.cpp:34 VARIABLE add_ln34_1 LOOP VITIS_LOOP_33_6 BUNDLEDNAME {} DSP 0 BRAM 0 URAM 0 DISPNAME {bind_op add}} {BINDTYPE op ID {} IMPL fabric LATENCY 0 OPTYPE add PRAGMA {} RTLNAME add_ln34_3_fu_1205_p2 SOURCE src/conv2.cpp:34 VARIABLE add_ln34_3 LOOP VITIS_LOOP_33_6 BUNDLEDNAME {} DSP 0 BRAM 0 URAM 0 DISPNAME {bind_op add}} {BINDTYPE op ID {} IMPL fabric LATENCY 0 OPTYPE add PRAGMA {} RTLNAME add_ln33_fu_1221_p2 SOURCE src/conv2.cpp:33 VARIABLE add_ln33 LOOP VITIS_LOOP_33_6 BUNDLEDNAME {} DSP 0 BRAM 0 URAM 0 DISPNAME {bind_op add}} {BINDTYPE op ID {} IMPL maxdsp LATENCY 2 OPTYPE fmul PRAGMA {} RTLNAME fmul_32ns_32ns_32_3_max_dsp_1_U2 SOURCE src/conv2.cpp:34 VARIABLE mul_i1 LOOP VITIS_LOOP_33_6 BUNDLEDNAME {} DSP 3 BRAM 0 URAM 0 DISPNAME {bind_op fmul}} {BINDTYPE op ID {} IMPL fulldsp LATENCY 3 OPTYPE fadd PRAGMA {} RTLNAME fadd_32ns_32ns_32_4_full_dsp_1_U1 SOURCE src/conv2.cpp:34 VARIABLE add42_i1 LOOP VITIS_LOOP_33_6 BUNDLEDNAME {} DSP 2 BRAM 0 URAM 0 DISPNAME {bind_op fadd}} {BINDTYPE op ID {} IMPL fulldsp LATENCY 3 OPTYPE fadd PRAGMA {} RTLNAME fadd_32ns_32ns_32_4_full_dsp_1_U1 SOURCE src/conv2.cpp:40 VARIABLE add57_i2 LOOP VITIS_LOOP_22_3 BUNDLEDNAME {} DSP 2 BRAM 0 URAM 0 DISPNAME {bind_op fadd}} {BINDTYPE op ID {} IMPL fabric LATENCY 0 OPTYPE sub PRAGMA {} RTLNAME sub_ln34_fu_1297_p2 SOURCE src/conv3.cpp:34 VARIABLE sub_ln34 LOOP VITIS_LOOP_21_2 BUNDLEDNAME {} DSP 0 BRAM 0 URAM 0 DISPNAME {bind_op sub}} {BINDTYPE op ID {} IMPL fabric LATENCY 0 OPTYPE add PRAGMA {} RTLNAME add_ln21_fu_1313_p2 SOURCE src/conv3.cpp:21 VARIABLE add_ln21 LOOP VITIS_LOOP_21_2 BUNDLEDNAME {} DSP 0 BRAM 0 URAM 0 DISPNAME {bind_op add}} {BINDTYPE op ID {} IMPL fabric LATENCY 0 OPTYPE add PRAGMA {} RTLNAME add_ln34_fu_1323_p2 SOURCE src/conv3.cpp:34 VARIABLE add_ln34 LOOP VITIS_LOOP_22_3 BUNDLEDNAME {} DSP 0 BRAM 0 URAM 0 DISPNAME {bind_op add}} {BINDTYPE op ID {} IMPL fabric LATENCY 0 OPTYPE add PRAGMA {} RTLNAME add_ln22_1_fu_1343_p2 SOURCE src/conv3.cpp:22 VARIABLE add_ln22_1 LOOP VITIS_LOOP_22_3 BUNDLEDNAME {} DSP 0 BRAM 0 URAM 0 DISPNAME {bind_op add}} {BINDTYPE op ID {} IMPL fabric LATENCY 0 OPTYPE add PRAGMA {} RTLNAME add_ln25_fu_1367_p2 SOURCE src/conv3.cpp:25 VARIABLE add_ln25 LOOP VITIS_LOOP_25_4 BUNDLEDNAME {} DSP 0 BRAM 0 URAM 0 DISPNAME {bind_op add}} {BINDTYPE op ID {} IMPL fabric LATENCY 0 OPTYPE add PRAGMA {} RTLNAME tmp4_fu_1373_p2 SOURCE src/conv3.cpp:25 VARIABLE tmp4 LOOP VITIS_LOOP_25_4 BUNDLEDNAME {} DSP 0 BRAM 0 URAM 0 DISPNAME {bind_op add}} {BINDTYPE op ID {} IMPL fabric LATENCY 0 OPTYPE add PRAGMA {} RTLNAME empty_32_fu_1383_p2 SOURCE src/conv3.cpp:25 VARIABLE empty_32 LOOP VITIS_LOOP_25_4 BUNDLEDNAME {} DSP 0 BRAM 0 URAM 0 DISPNAME {bind_op add}} {BINDTYPE op ID {} IMPL fabric LATENCY 0 OPTYPE add PRAGMA {} RTLNAME add_ln26_1_fu_1446_p2 SOURCE src/conv3.cpp:26 VARIABLE add_ln26_1 LOOP VITIS_LOOP_26_5 BUNDLEDNAME {} DSP 0 BRAM 0 URAM 0 DISPNAME {bind_op add}} {BINDTYPE op ID {} IMPL fabric LATENCY 0 OPTYPE add PRAGMA {} RTLNAME add_ln30_fu_1452_p2 SOURCE src/conv3.cpp:30 VARIABLE add_ln30 LOOP VITIS_LOOP_26_5 BUNDLEDNAME {} DSP 0 BRAM 0 URAM 0 DISPNAME {bind_op add}} {BINDTYPE op ID {} IMPL fabric LATENCY 0 OPTYPE add PRAGMA {} RTLNAME add_ln30_1_fu_1462_p2 SOURCE src/conv3.cpp:30 VARIABLE add_ln30_1 LOOP VITIS_LOOP_26_5 BUNDLEDNAME {} DSP 0 BRAM 0 URAM 0 DISPNAME {bind_op add}} {BINDTYPE op ID {} IMPL fabric LATENCY 0 OPTYPE sub PRAGMA {} RTLNAME sub_ln34_3_fu_1535_p2 SOURCE src/conv3.cpp:34 VARIABLE sub_ln34_3 LOOP VITIS_LOOP_33_6 BUNDLEDNAME {} DSP 0 BRAM 0 URAM 0 DISPNAME {bind_op sub}} {BINDTYPE op ID {} IMPL fabric LATENCY 0 OPTYPE add PRAGMA {} RTLNAME add_ln34_4_fu_1545_p2 SOURCE src/conv3.cpp:34 VARIABLE add_ln34_4 LOOP VITIS_LOOP_33_6 BUNDLEDNAME {} DSP 0 BRAM 0 URAM 0 DISPNAME {bind_op add}} {BINDTYPE op ID {} IMPL fabric LATENCY 0 OPTYPE add PRAGMA {} RTLNAME add_ln33_1_fu_1643_p2 SOURCE src/conv3.cpp:33 VARIABLE add_ln33_1 LOOP VITIS_LOOP_33_6 BUNDLEDNAME {} DSP 0 BRAM 0 URAM 0 DISPNAME {bind_op add}} {BINDTYPE op ID {} IMPL maxdsp LATENCY 2 OPTYPE fmul PRAGMA {} RTLNAME fmul_32ns_32ns_32_3_max_dsp_1_U2 SOURCE src/conv3.cpp:34 VARIABLE mul_i2 LOOP VITIS_LOOP_33_6 BUNDLEDNAME {} DSP 3 BRAM 0 URAM 0 DISPNAME {bind_op fmul}} {BINDTYPE op ID {} IMPL fulldsp LATENCY 3 OPTYPE fadd PRAGMA {} RTLNAME fadd_32ns_32ns_32_4_full_dsp_1_U1 SOURCE src/conv3.cpp:34 VARIABLE add42_i2 LOOP VITIS_LOOP_33_6 BUNDLEDNAME {} DSP 2 BRAM 0 URAM 0 DISPNAME {bind_op fadd}} {BINDTYPE op ID {} IMPL fulldsp LATENCY 3 OPTYPE fadd PRAGMA {} RTLNAME fadd_32ns_32ns_32_4_full_dsp_1_U1 SOURCE src/conv3.cpp:40 VARIABLE add57_i1 LOOP VITIS_LOOP_22_3 BUNDLEDNAME {} DSP 2 BRAM 0 URAM 0 DISPNAME {bind_op fadd}} {BINDTYPE storage ID {} IMPL auto LATENCY 1 OPTYPE ram_1p PRAGMA {} RTLNAME conv1_output_ftmap_U SOURCE {} VARIABLE conv1_output_ftmap LOOP {} BUNDLEDNAME {} DSP 0 BRAM 7374 URAM 0 DISPNAME {bind_storage ram_1p}} {BINDTYPE storage ID {} IMPL auto LATENCY 1 OPTYPE ram_1p PRAGMA {} RTLNAME conv2_output_ftmap_U SOURCE {} VARIABLE conv2_output_ftmap LOOP {} BUNDLEDNAME {} DSP 0 BRAM 3690 URAM 0 DISPNAME {bind_storage ram_1p}}} AREA {DSP 5 BRAM 11064 URAM 0}}}}'
INFO-FLOW: DBG:PUTS:      update_csynth_reports json2rpt_hw_sw_interfaces
INFO-FLOW: Running: gen_csynth_sec_pragma
INFO-FLOW: Done: gen_csynth_sec_pragma time: 0 seconds per iteration
INFO-FLOW: DBG:PUTS:      update_csynth_reports wrote xml
INFO-FLOW: DBG:PUTS:      update_csynth_reports appended to csynth rpt file
INFO: [HLS 200-111] Finished Updating report files: CPU user time: 0 seconds. CPU system time: 0 seconds. Elapsed time: 0.805 seconds; current allocated memory: 93.582 MB.
INFO: [VHDL 208-304] Generating VHDL RTL for srcnn.
INFO: [VLOG 209-307] Generating Verilog RTL for srcnn.
Execute       syn_report -model srcnn -printsummary 
INFO: [HLS 200-790] **** Loop Constraint Status: All loop constraints were satisfied.
INFO: [HLS 200-789] **** Estimated Fmax: 142.53 MHz
Command     autosyn done; 5.934 sec.
Command   csynth_design done; 24.602 sec.
INFO: [HLS 200-111] Finished Command csynth_design CPU user time: 5 seconds. CPU system time: 2 seconds. Elapsed time: 24.602 seconds; current allocated memory: 1.922 MB.
Command ap_source done; 25.631 sec.
Execute cleanup_all 
