

================================================================
== Vitis HLS Report for 'conv2_Pipeline_OUT_ROW_COL'
================================================================
* Date:           Mon Nov  6 22:46:57 2023

* Version:        2023.1 (Build 3854077 on May  4 2023)
* Project:        srcnn_hls
* Solution:       solution1 (Vivado IP Flow Target)
* Product family: zynquplus
* Target device:  xck24-ubva530-2LV-c


================================================================
== Performance Estimates
================================================================
+ Timing: 
    * Summary: 
    +--------+----------+----------+------------+
    |  Clock |  Target  | Estimated| Uncertainty|
    +--------+----------+----------+------------+
    |ap_clk  |  10.00 ns|  6.185 ns|     2.70 ns|
    +--------+----------+----------+------------+

+ Latency: 
    * Summary: 
    +---------+---------+----------+----------+--------+--------+---------+
    |  Latency (cycles) |  Latency (absolute) |     Interval    | Pipeline|
    |   min   |   max   |    min   |    max   |   min  |   max  |   Type  |
    +---------+---------+----------+----------+--------+--------+---------+
    |   208898|   208898|  2.089 ms|  2.089 ms|  208898|  208898|       no|
    +---------+---------+----------+----------+--------+--------+---------+

    + Detail: 
        * Instance: 
        N/A

        * Loop: 
        +---------------+---------+---------+----------+-----------+-----------+-------+----------+
        |               |  Latency (cycles) | Iteration|  Initiation Interval  |  Trip |          |
        |   Loop Name   |   min   |   max   |  Latency |  achieved |   target  | Count | Pipelined|
        +---------------+---------+---------+----------+-----------+-----------+-------+----------+
        |- OUT_ROW_COL  |   208896|   208896|        16|         16|         19|  13056|       yes|
        +---------------+---------+---------+----------+-----------+-----------+-------+----------+



================================================================
== Utilization Estimates
================================================================
* Summary: 
+-----------------+---------+-----+--------+-------+-----+
|       Name      | BRAM_18K| DSP |   FF   |  LUT  | URAM|
+-----------------+---------+-----+--------+-------+-----+
|DSP              |        -|    -|       -|      -|    -|
|Expression       |        -|    -|       0|   1178|    -|
|FIFO             |        -|    -|       -|      -|    -|
|Instance         |        -|    2|       0|    217|    -|
|Memory           |        -|    -|       -|      -|    -|
|Multiplexer      |        -|    -|       -|    469|    -|
|Register         |        -|    -|     705|      -|    -|
+-----------------+---------+-----+--------+-------+-----+
|Total            |        0|    2|     705|   1864|    0|
+-----------------+---------+-----+--------+-------+-----+
|Available        |      432|  360|  141120|  70560|    0|
+-----------------+---------+-----+--------+-------+-----+
|Utilization (%)  |        0|   ~0|      ~0|      2|    0|
+-----------------+---------+-----+--------+-------+-----+

+ Detail: 
    * Instance: 
    +--------------------------+---------------------+---------+----+---+----+-----+
    |         Instance         |        Module       | BRAM_18K| DSP| FF| LUT| URAM|
    +--------------------------+---------------------+---------+----+---+----+-----+
    |mul_32s_16s_47_1_1_U177   |mul_32s_16s_47_1_1   |        0|   2|  0|  20|    0|
    |mul_8ns_10ns_17_1_1_U178  |mul_8ns_10ns_17_1_1  |        0|   0|  0|  62|    0|
    |mux_2_1_16_1_1_U179       |mux_2_1_16_1_1       |        0|   0|  0|   9|    0|
    |mux_2_1_16_1_1_U180       |mux_2_1_16_1_1       |        0|   0|  0|   9|    0|
    |mux_2_1_16_1_1_U181       |mux_2_1_16_1_1       |        0|   0|  0|   9|    0|
    |mux_2_1_16_1_1_U182       |mux_2_1_16_1_1       |        0|   0|  0|   9|    0|
    |mux_2_1_16_1_1_U183       |mux_2_1_16_1_1       |        0|   0|  0|   9|    0|
    |mux_2_1_16_1_1_U184       |mux_2_1_16_1_1       |        0|   0|  0|   9|    0|
    |mux_2_1_16_1_1_U185       |mux_2_1_16_1_1       |        0|   0|  0|   9|    0|
    |mux_2_1_16_1_1_U186       |mux_2_1_16_1_1       |        0|   0|  0|   9|    0|
    |mux_2_1_16_1_1_U187       |mux_2_1_16_1_1       |        0|   0|  0|   9|    0|
    |mux_2_1_16_1_1_U188       |mux_2_1_16_1_1       |        0|   0|  0|   9|    0|
    |mux_2_1_16_1_1_U189       |mux_2_1_16_1_1       |        0|   0|  0|   9|    0|
    |mux_2_1_16_1_1_U190       |mux_2_1_16_1_1       |        0|   0|  0|   9|    0|
    |mux_2_1_16_1_1_U191       |mux_2_1_16_1_1       |        0|   0|  0|   9|    0|
    |mux_2_1_16_1_1_U192       |mux_2_1_16_1_1       |        0|   0|  0|   9|    0|
    |mux_2_1_16_1_1_U193       |mux_2_1_16_1_1       |        0|   0|  0|   9|    0|
    +--------------------------+---------------------+---------+----+---+----+-----+
    |Total                     |                     |        0|   2|  0| 217|    0|
    +--------------------------+---------------------+---------+----+---+----+-----+

    * DSP: 
    N/A

    * Memory: 
    N/A

    * FIFO: 
    N/A

    * Expression: 
    +--------------------------+----------+----+---+----+------------+------------+
    |       Variable Name      | Operation| DSP| FF| LUT| Bitwidth P0| Bitwidth P1|
    +--------------------------+----------+----+---+----+------------+------------+
    |add_ln38_1_fu_909_p2      |         +|   0|  0|  21|          14|           1|
    |add_ln38_fu_924_p2        |         +|   0|  0|  10|           3|           1|
    |add_ln39_26_fu_1362_p2    |         +|   0|  0|  20|          13|           1|
    |add_ln39_fu_1028_p2       |         +|   0|  0|  14|           7|           1|
    |add_ln43_1_fu_1348_p2     |         +|   0|  0|  14|           7|           1|
    |add_ln43_fu_1127_p2       |         +|   0|  0|   9|           2|           1|
    |add_ln44_fu_1342_p2       |         +|   0|  0|  15|           8|           4|
    |add_ln48_10_fu_1843_p2    |         +|   0|  0|  54|          47|          47|
    |add_ln48_11_fu_1871_p2    |         +|   0|  0|  54|          47|          47|
    |add_ln48_12_fu_1899_p2    |         +|   0|  0|  54|          47|          47|
    |add_ln48_13_fu_1927_p2    |         +|   0|  0|  54|          47|          47|
    |add_ln48_14_fu_1955_p2    |         +|   0|  0|  54|          47|          47|
    |add_ln48_15_fu_1165_p2    |         +|   0|  0|  14|           7|           7|
    |add_ln48_16_fu_1187_p2    |         +|   0|  0|  19|           8|           8|
    |add_ln48_17_fu_1243_p2    |         +|   0|  0|  17|          12|          12|
    |add_ln48_18_fu_1277_p2    |         +|   0|  0|  17|          12|          12|
    |add_ln48_19_fu_1317_p2    |         +|   0|  0|  19|           8|           8|
    |add_ln48_1_fu_1591_p2     |         +|   0|  0|  54|          47|          47|
    |add_ln48_2_fu_1619_p2     |         +|   0|  0|  54|          47|          47|
    |add_ln48_3_fu_1647_p2     |         +|   0|  0|  54|          47|          47|
    |add_ln48_4_fu_1675_p2     |         +|   0|  0|  54|          47|          47|
    |add_ln48_5_fu_1703_p2     |         +|   0|  0|  54|          47|          47|
    |add_ln48_6_fu_1731_p2     |         +|   0|  0|  54|          47|          47|
    |add_ln48_7_fu_1759_p2     |         +|   0|  0|  54|          47|          47|
    |add_ln48_8_fu_1787_p2     |         +|   0|  0|  54|          47|          47|
    |add_ln48_9_fu_1815_p2     |         +|   0|  0|  54|          47|          47|
    |add_ln48_fu_1438_p2       |         +|   0|  0|  54|          47|          47|
    |sub_ln48_fu_968_p2        |         -|   0|  0|  13|           6|           6|
    |and_ln38_1_fu_1115_p2     |       and|   0|  0|   2|           1|           1|
    |and_ln38_2_fu_1022_p2     |       and|   0|  0|   2|           1|           1|
    |and_ln38_fu_1004_p2       |       and|   0|  0|   2|           1|           1|
    |and_ln39_1_fu_1121_p2     |       and|   0|  0|   2|           1|           1|
    |and_ln39_2_fu_1109_p2     |       and|   0|  0|   2|           1|           1|
    |and_ln39_fu_1097_p2       |       and|   0|  0|   2|           1|           1|
    |icmp_ln38_fu_903_p2       |      icmp|   0|  0|  21|          14|          13|
    |icmp_ln39_fu_930_p2       |      icmp|   0|  0|  20|          13|          12|
    |icmp_ln43_fu_1016_p2      |      icmp|   0|  0|  14|           7|           6|
    |icmp_ln44_fu_1010_p2      |      icmp|   0|  0|  15|           8|           2|
    |or_ln39_1_fu_1091_p2      |        or|   0|  0|   2|           1|           1|
    |or_ln39_fu_1034_p2        |        or|   0|  0|   2|           1|           1|
    |or_ln43_1_fu_1139_p2      |        or|   0|  0|   2|           1|           1|
    |or_ln43_fu_1133_p2        |        or|   0|  0|   2|           1|           1|
    |select_ln38_1_fu_944_p3   |    select|   0|  0|   3|           1|           3|
    |select_ln38_2_fu_990_p3   |    select|   0|  0|   8|           1|           8|
    |select_ln38_fu_936_p3     |    select|   0|  0|   7|           1|           1|
    |select_ln39_6_fu_1048_p3  |    select|   0|  0|   7|           1|           7|
    |select_ln39_7_fu_1072_p3  |    select|   0|  0|   8|           1|           8|
    |select_ln39_8_fu_1368_p3  |    select|   0|  0|  12|           1|           1|
    |select_ln39_fu_1040_p3    |    select|   0|  0|   2|           1|           1|
    |select_ln43_1_fu_1153_p3  |    select|   0|  0|   2|           1|           2|
    |select_ln43_2_fu_1197_p3  |    select|   0|  0|   2|           1|           1|
    |select_ln43_3_fu_1213_p3  |    select|   0|  0|   2|           1|           1|
    |select_ln43_4_fu_1354_p3  |    select|   0|  0|   7|           1|           1|
    |select_ln43_fu_1145_p3    |    select|   0|  0|   8|           1|           1|
    |ap_enable_pp0             |       xor|   0|  0|   2|           1|           2|
    |xor_ln38_fu_998_p2        |       xor|   0|  0|   2|           1|           2|
    |xor_ln39_1_fu_1103_p2     |       xor|   0|  0|   2|           1|           2|
    |xor_ln39_fu_1085_p2       |       xor|   0|  0|   2|           1|           2|
    +--------------------------+----------+----+---+----+------------+------------+
    |Total                     |          |   0|  0|1178|         880|         854|
    +--------------------------+----------+----+---+----+------------+------------+

    * Multiplexer: 
    +----------------------------------------------------------------------------------------------+----+-----------+-----+-----------+
    |                                             Name                                             | LUT| Input Size| Bits| Total Bits|
    +----------------------------------------------------------------------------------------------+----+-----------+-----+-----------+
    |ap_NS_fsm                                                                                     |  81|         17|    1|         17|
    |ap_done_int                                                                                   |   9|          2|    1|          2|
    |ap_enable_reg_pp0_iter0                                                                       |   9|          2|    1|          2|
    |ap_enable_reg_pp0_iter0_reg                                                                   |   9|          2|    1|          2|
    |ap_enable_reg_pp0_iter1                                                                       |   9|          2|    1|          2|
    |c_fu_198                                                                                      |   9|          2|    8|         16|
    |conv2_ap_fixed_255_255_ap_fixed_64_1_1_ap_fixed_ap_fixed_255_1_address0                       |  14|          3|    8|         24|
    |conv2_ap_fixed_255_255_ap_fixed_64_1_1_ap_fixed_ap_fixed_255_2_address0                       |  14|          3|    8|         24|
    |conv2_ap_fixed_255_255_ap_fixed_64_1_1_ap_fixed_ap_fixed_255_3_address0                       |  14|          3|    8|         24|
    |conv2_ap_fixed_255_255_ap_fixed_64_1_1_ap_fixed_ap_fixed_255_4_address0                       |  14|          3|    8|         24|
    |conv2_ap_fixed_255_255_ap_fixed_64_1_1_ap_fixed_ap_fixed_255_5_address0                       |  14|          3|    8|         24|
    |conv2_ap_fixed_255_255_ap_fixed_64_1_1_ap_fixed_ap_fixed_255_6_address0                       |  14|          3|    8|         24|
    |conv2_ap_fixed_255_255_ap_fixed_64_1_1_ap_fixed_ap_fixed_255_7_address0                       |  14|          3|    8|         24|
    |conv2_ap_fixed_255_255_ap_fixed_64_1_1_ap_fixed_ap_fixed_255_8_address0                       |  14|          3|    8|         24|
    |conv2_ap_fixed_255_255_ap_fixed_64_1_1_ap_fixed_ap_fixed_255_9_address0                       |  14|          3|    8|         24|
    |conv2_mulmulmulmulap_fixed_255_255_ap_fixed_64_1_1_ap_fixed_ap_fixed_255_address0             |  14|          3|    8|         24|
    |grp_fu_824_p0                                                                                 |  14|          3|   32|         96|
    |grp_fu_824_p1                                                                                 |  65|         16|   16|        256|
    |i_fu_210                                                                                      |   9|          2|    7|         14|
    |indvar_flatten101_fu_222                                                                      |   9|          2|   14|         28|
    |indvar_flatten26_fu_214                                                                       |   9|          2|   13|         26|
    |indvar_flatten6_fu_206                                                                        |   9|          2|    7|         14|
    |o_fu_218                                                                                      |   9|          2|    3|          6|
    |p_ZZ5conv2PA255_A255_8ap_fixedILi16ELi3EL9ap_q_mode5EL9ap_o_mode3ELi0EEPA64_A1_A1_1_address0  |  14|          3|    8|         24|
    |p_ZZ5conv2PA255_A255_8ap_fixedILi16ELi3EL9ap_q_mode5EL9ap_o_mode3ELi0EEPA64_A1_A1_2_address0  |  14|          3|    8|         24|
    |p_ZZ5conv2PA255_A255_8ap_fixedILi16ELi3EL9ap_q_mode5EL9ap_o_mode3ELi0EEPA64_A1_A1_3_address0  |  14|          3|    8|         24|
    |p_ZZ5conv2PA255_A255_8ap_fixedILi16ELi3EL9ap_q_mode5EL9ap_o_mode3ELi0EEPA64_A1_A1_4_address0  |  14|          3|    8|         24|
    |p_ZZ5conv2PA255_A255_8ap_fixedILi16ELi3EL9ap_q_mode5EL9ap_o_mode3ELi0EEPA64_A1_A1_address0    |  14|          3|    8|         24|
    |r_fu_202                                                                                      |   9|          2|    2|          4|
    +----------------------------------------------------------------------------------------------+----+-----------+-----+-----------+
    |Total                                                                                         | 469|        103|  227|        845|
    +----------------------------------------------------------------------------------------------+----+-----------+-----+-----------+

    * Register: 
    +------------------------------------------------------------------------------------------------+----+----+-----+-----------+
    |                                              Name                                              | FF | LUT| Bits| Const Bits|
    +------------------------------------------------------------------------------------------------+----+----+-----+-----------+
    |ap_CS_fsm                                                                                       |  16|   0|   16|          0|
    |ap_done_reg                                                                                     |   1|   0|    1|          0|
    |ap_enable_reg_pp0_iter0_reg                                                                     |   1|   0|    1|          0|
    |ap_enable_reg_pp0_iter1                                                                         |   1|   0|    1|          0|
    |c_fu_198                                                                                        |   8|   0|    8|          0|
    |conv2_ap_fixed_255_255_ap_fixed_64_1_1_ap_fixed_ap_fixed_255_50_reg_2223                        |   8|   0|    8|          0|
    |conv2_ap_fixed_255_255_ap_fixed_64_1_1_ap_fixed_ap_fixed_255_51_reg_2228                        |   8|   0|    8|          0|
    |conv2_ap_fixed_255_255_ap_fixed_64_1_1_ap_fixed_ap_fixed_255_52_reg_2233                        |   8|   0|    8|          0|
    |conv2_ap_fixed_255_255_ap_fixed_64_1_1_ap_fixed_ap_fixed_255_53_reg_2238                        |   8|   0|    8|          0|
    |conv2_ap_fixed_255_255_ap_fixed_64_1_1_ap_fixed_ap_fixed_255_54_reg_2243                        |   8|   0|    8|          0|
    |conv2_ap_fixed_255_255_ap_fixed_64_1_1_ap_fixed_ap_fixed_255_55_reg_2248                        |   8|   0|    8|          0|
    |conv2_ap_fixed_255_255_ap_fixed_64_1_1_ap_fixed_ap_fixed_255_56_reg_2253                        |   8|   0|    8|          0|
    |conv2_ap_fixed_255_255_ap_fixed_64_1_1_ap_fixed_ap_fixed_255_57_reg_2258                        |   8|   0|    8|          0|
    |conv2_ap_fixed_255_255_ap_fixed_64_1_1_ap_fixed_ap_fixed_255_58_reg_2263                        |   8|   0|    8|          0|
    |conv2_ap_fixed_255_255_ap_fixed_64_1_1_ap_fixed_ap_fixed_255_59_reg_2268                        |   8|   0|    8|          0|
    |conv2_ap_fixed_255_255_ap_fixed_64_1_1_ap_fixed_ap_fixed_255_61_reg_2288                        |  16|   0|   16|          0|
    |conv2_ap_fixed_255_255_ap_fixed_64_1_1_ap_fixed_ap_fixed_255_62_reg_2298                        |  16|   0|   16|          0|
    |conv2_ap_fixed_255_255_ap_fixed_64_1_1_ap_fixed_ap_fixed_255_63_reg_2308                        |  16|   0|   16|          0|
    |conv2_ap_fixed_255_255_ap_fixed_64_1_1_ap_fixed_ap_fixed_255_64_reg_2318                        |  16|   0|   16|          0|
    |conv2_ap_fixed_255_255_ap_fixed_64_1_1_ap_fixed_ap_fixed_255_65_reg_2328                        |  16|   0|   16|          0|
    |conv2_ap_fixed_255_255_ap_fixed_64_1_1_ap_fixed_ap_fixed_255_66_reg_2338                        |  16|   0|   16|          0|
    |conv2_ap_fixed_255_255_ap_fixed_64_1_1_ap_fixed_ap_fixed_255_67_reg_2348                        |  16|   0|   16|          0|
    |conv2_ap_fixed_255_255_ap_fixed_64_1_1_ap_fixed_ap_fixed_255_68_reg_2358                        |  16|   0|   16|          0|
    |conv2_ap_fixed_255_255_ap_fixed_64_1_1_ap_fixed_ap_fixed_255_69_reg_2368                        |  16|   0|   16|          0|
    |i_fu_210                                                                                        |   7|   0|    7|          0|
    |indvar_flatten101_fu_222                                                                        |  14|   0|   14|          0|
    |indvar_flatten26_fu_214                                                                         |  13|   0|   13|          0|
    |indvar_flatten6_fu_206                                                                          |   7|   0|    7|          0|
    |o_fu_218                                                                                        |   3|   0|    3|          0|
    |p_ZZ5conv2PA255_A255_8ap_fixedILi16ELi3EL9ap_q_mode5EL9ap_o_mode3ELi0EEPA64_A1_A1_595_reg_2198  |   8|   0|    8|          0|
    |p_ZZ5conv2PA255_A255_8ap_fixedILi16ELi3EL9ap_q_mode5EL9ap_o_mode3ELi0EEPA64_A1_A1_596_reg_2203  |   8|   0|    8|          0|
    |p_ZZ5conv2PA255_A255_8ap_fixedILi16ELi3EL9ap_q_mode5EL9ap_o_mode3ELi0EEPA64_A1_A1_597_reg_2208  |   8|   0|    8|          0|
    |p_ZZ5conv2PA255_A255_8ap_fixedILi16ELi3EL9ap_q_mode5EL9ap_o_mode3ELi0EEPA64_A1_A1_598_reg_2213  |   8|   0|    8|          0|
    |p_ZZ5conv2PA255_A255_8ap_fixedILi16ELi3EL9ap_q_mode5EL9ap_o_mode3ELi0EEPA64_A1_A1_599_reg_2218  |   8|   0|    8|          0|
    |p_ZZ5conv2PA255_A255_8ap_fixedILi16ELi3EL9ap_q_mode5EL9ap_o_mode3ELi0EEPA64_A1_A1_622_reg_2378  |  16|   0|   16|          0|
    |p_ZZ5conv2PA255_A255_8ap_fixedILi16ELi3EL9ap_q_mode5EL9ap_o_mode3ELi0EEPA64_A1_A1_625_reg_2388  |  16|   0|   16|          0|
    |p_ZZ5conv2PA255_A255_8ap_fixedILi16ELi3EL9ap_q_mode5EL9ap_o_mode3ELi0EEPA64_A1_A1_628_reg_2398  |  16|   0|   16|          0|
    |p_ZZ5conv2PA255_A255_8ap_fixedILi16ELi3EL9ap_q_mode5EL9ap_o_mode3ELi0EEPA64_A1_A1_631_reg_2408  |  16|   0|   16|          0|
    |p_ZZ5conv2PA255_A255_8ap_fixedILi16ELi3EL9ap_q_mode5EL9ap_o_mode3ELi0EEPA64_A1_A1_634_reg_2418  |  16|   0|   16|          0|
    |r_fu_202                                                                                        |   2|   0|    2|          0|
    |select_ln43_2_reg_2029                                                                          |   1|   0|    1|          0|
    |sext_ln39_reg_2273                                                                              |  47|   0|   47|          0|
    |tmp_49_reg_2283                                                                                 |  16|   0|   16|          0|
    |tmp_50_reg_2293                                                                                 |  16|   0|   16|          0|
    |tmp_51_reg_2303                                                                                 |  16|   0|   16|          0|
    |tmp_53_reg_2313                                                                                 |  16|   0|   16|          0|
    |tmp_54_reg_2323                                                                                 |  16|   0|   16|          0|
    |tmp_55_reg_2333                                                                                 |  16|   0|   16|          0|
    |tmp_56_reg_2343                                                                                 |  16|   0|   16|          0|
    |tmp_57_reg_2353                                                                                 |  16|   0|   16|          0|
    |tmp_58_reg_2363                                                                                 |  16|   0|   16|          0|
    |tmp_59_reg_2373                                                                                 |  16|   0|   16|          0|
    |tmp_60_reg_2383                                                                                 |  16|   0|   16|          0|
    |tmp_61_reg_2393                                                                                 |  16|   0|   16|          0|
    |tmp_62_reg_2403                                                                                 |  16|   0|   16|          0|
    |tmp_63_reg_2413                                                                                 |  16|   0|   16|          0|
    |trunc_ln9_reg_2278                                                                              |  16|   0|   16|          0|
    +------------------------------------------------------------------------------------------------+----+----+-----+-----------+
    |Total                                                                                           | 705|   0|  705|          0|
    +------------------------------------------------------------------------------------------------+----+----+-----+-----------+



================================================================
== Interface
================================================================
* Summary: 
+-----------------------------------------------------------------------------------------------+-----+-----+------------+--------------------------------------------------------------------------------------+--------------+
|                                           RTL Ports                                           | Dir | Bits|  Protocol  |                                     Source Object                                    |    C Type    |
+-----------------------------------------------------------------------------------------------+-----+-----+------------+--------------------------------------------------------------------------------------+--------------+
|ap_clk                                                                                         |   in|    1|  ap_ctrl_hs|                                                            conv2_Pipeline_OUT_ROW_COL|  return value|
|ap_rst                                                                                         |   in|    1|  ap_ctrl_hs|                                                            conv2_Pipeline_OUT_ROW_COL|  return value|
|ap_start                                                                                       |   in|    1|  ap_ctrl_hs|                                                            conv2_Pipeline_OUT_ROW_COL|  return value|
|ap_done                                                                                        |  out|    1|  ap_ctrl_hs|                                                            conv2_Pipeline_OUT_ROW_COL|  return value|
|ap_idle                                                                                        |  out|    1|  ap_ctrl_hs|                                                            conv2_Pipeline_OUT_ROW_COL|  return value|
|ap_ready                                                                                       |  out|    1|  ap_ctrl_hs|                                                            conv2_Pipeline_OUT_ROW_COL|  return value|
|weight_buffer_address0                                                                         |  out|    8|   ap_memory|                                                                         weight_buffer|         array|
|weight_buffer_ce0                                                                              |  out|    1|   ap_memory|                                                                         weight_buffer|         array|
|weight_buffer_q0                                                                               |   in|   32|   ap_memory|                                                                         weight_buffer|         array|
|p_ZZ5conv2PA255_A255_8ap_fixedILi16ELi3EL9ap_q_mode5EL9ap_o_mode3ELi0EEPA64_A1_A1_34_address0  |  out|   12|   ap_memory|  p_ZZ5conv2PA255_A255_8ap_fixedILi16ELi3EL9ap_q_mode5EL9ap_o_mode3ELi0EEPA64_A1_A1_34|         array|
|p_ZZ5conv2PA255_A255_8ap_fixedILi16ELi3EL9ap_q_mode5EL9ap_o_mode3ELi0EEPA64_A1_A1_34_ce0       |  out|    1|   ap_memory|  p_ZZ5conv2PA255_A255_8ap_fixedILi16ELi3EL9ap_q_mode5EL9ap_o_mode3ELi0EEPA64_A1_A1_34|         array|
|p_ZZ5conv2PA255_A255_8ap_fixedILi16ELi3EL9ap_q_mode5EL9ap_o_mode3ELi0EEPA64_A1_A1_34_q0        |   in|   16|   ap_memory|  p_ZZ5conv2PA255_A255_8ap_fixedILi16ELi3EL9ap_q_mode5EL9ap_o_mode3ELi0EEPA64_A1_A1_34|         array|
|p_ZZ5conv2PA255_A255_8ap_fixedILi16ELi3EL9ap_q_mode5EL9ap_o_mode3ELi0EEPA64_A1_A1_19_address0  |  out|   12|   ap_memory|  p_ZZ5conv2PA255_A255_8ap_fixedILi16ELi3EL9ap_q_mode5EL9ap_o_mode3ELi0EEPA64_A1_A1_19|         array|
|p_ZZ5conv2PA255_A255_8ap_fixedILi16ELi3EL9ap_q_mode5EL9ap_o_mode3ELi0EEPA64_A1_A1_19_ce0       |  out|    1|   ap_memory|  p_ZZ5conv2PA255_A255_8ap_fixedILi16ELi3EL9ap_q_mode5EL9ap_o_mode3ELi0EEPA64_A1_A1_19|         array|
|p_ZZ5conv2PA255_A255_8ap_fixedILi16ELi3EL9ap_q_mode5EL9ap_o_mode3ELi0EEPA64_A1_A1_19_q0        |   in|   16|   ap_memory|  p_ZZ5conv2PA255_A255_8ap_fixedILi16ELi3EL9ap_q_mode5EL9ap_o_mode3ELi0EEPA64_A1_A1_19|         array|
|conv2_ap_fixed_255_255_ap_fixed_64_1_1_ap_fixed_ap_fixed_255_9_address0                        |  out|    8|   ap_memory|                        conv2_ap_fixed_255_255_ap_fixed_64_1_1_ap_fixed_ap_fixed_255_9|         array|
|conv2_ap_fixed_255_255_ap_fixed_64_1_1_ap_fixed_ap_fixed_255_9_ce0                             |  out|    1|   ap_memory|                        conv2_ap_fixed_255_255_ap_fixed_64_1_1_ap_fixed_ap_fixed_255_9|         array|
|conv2_ap_fixed_255_255_ap_fixed_64_1_1_ap_fixed_ap_fixed_255_9_we0                             |  out|    1|   ap_memory|                        conv2_ap_fixed_255_255_ap_fixed_64_1_1_ap_fixed_ap_fixed_255_9|         array|
|conv2_ap_fixed_255_255_ap_fixed_64_1_1_ap_fixed_ap_fixed_255_9_d0                              |  out|   16|   ap_memory|                        conv2_ap_fixed_255_255_ap_fixed_64_1_1_ap_fixed_ap_fixed_255_9|         array|
|conv2_ap_fixed_255_255_ap_fixed_64_1_1_ap_fixed_ap_fixed_255_9_q0                              |   in|   16|   ap_memory|                        conv2_ap_fixed_255_255_ap_fixed_64_1_1_ap_fixed_ap_fixed_255_9|         array|
|p_ZZ5conv2PA255_A255_8ap_fixedILi16ELi3EL9ap_q_mode5EL9ap_o_mode3ELi0EEPA64_A1_A1_33_address0  |  out|   12|   ap_memory|  p_ZZ5conv2PA255_A255_8ap_fixedILi16ELi3EL9ap_q_mode5EL9ap_o_mode3ELi0EEPA64_A1_A1_33|         array|
|p_ZZ5conv2PA255_A255_8ap_fixedILi16ELi3EL9ap_q_mode5EL9ap_o_mode3ELi0EEPA64_A1_A1_33_ce0       |  out|    1|   ap_memory|  p_ZZ5conv2PA255_A255_8ap_fixedILi16ELi3EL9ap_q_mode5EL9ap_o_mode3ELi0EEPA64_A1_A1_33|         array|
|p_ZZ5conv2PA255_A255_8ap_fixedILi16ELi3EL9ap_q_mode5EL9ap_o_mode3ELi0EEPA64_A1_A1_33_q0        |   in|   16|   ap_memory|  p_ZZ5conv2PA255_A255_8ap_fixedILi16ELi3EL9ap_q_mode5EL9ap_o_mode3ELi0EEPA64_A1_A1_33|         array|
|p_ZZ5conv2PA255_A255_8ap_fixedILi16ELi3EL9ap_q_mode5EL9ap_o_mode3ELi0EEPA64_A1_A1_18_address0  |  out|   12|   ap_memory|  p_ZZ5conv2PA255_A255_8ap_fixedILi16ELi3EL9ap_q_mode5EL9ap_o_mode3ELi0EEPA64_A1_A1_18|         array|
|p_ZZ5conv2PA255_A255_8ap_fixedILi16ELi3EL9ap_q_mode5EL9ap_o_mode3ELi0EEPA64_A1_A1_18_ce0       |  out|    1|   ap_memory|  p_ZZ5conv2PA255_A255_8ap_fixedILi16ELi3EL9ap_q_mode5EL9ap_o_mode3ELi0EEPA64_A1_A1_18|         array|
|p_ZZ5conv2PA255_A255_8ap_fixedILi16ELi3EL9ap_q_mode5EL9ap_o_mode3ELi0EEPA64_A1_A1_18_q0        |   in|   16|   ap_memory|  p_ZZ5conv2PA255_A255_8ap_fixedILi16ELi3EL9ap_q_mode5EL9ap_o_mode3ELi0EEPA64_A1_A1_18|         array|
|conv2_ap_fixed_255_255_ap_fixed_64_1_1_ap_fixed_ap_fixed_255_3_address0                        |  out|    8|   ap_memory|                        conv2_ap_fixed_255_255_ap_fixed_64_1_1_ap_fixed_ap_fixed_255_3|         array|
|conv2_ap_fixed_255_255_ap_fixed_64_1_1_ap_fixed_ap_fixed_255_3_ce0                             |  out|    1|   ap_memory|                        conv2_ap_fixed_255_255_ap_fixed_64_1_1_ap_fixed_ap_fixed_255_3|         array|
|conv2_ap_fixed_255_255_ap_fixed_64_1_1_ap_fixed_ap_fixed_255_3_we0                             |  out|    1|   ap_memory|                        conv2_ap_fixed_255_255_ap_fixed_64_1_1_ap_fixed_ap_fixed_255_3|         array|
|conv2_ap_fixed_255_255_ap_fixed_64_1_1_ap_fixed_ap_fixed_255_3_d0                              |  out|   16|   ap_memory|                        conv2_ap_fixed_255_255_ap_fixed_64_1_1_ap_fixed_ap_fixed_255_3|         array|
|conv2_ap_fixed_255_255_ap_fixed_64_1_1_ap_fixed_ap_fixed_255_3_q0                              |   in|   16|   ap_memory|                        conv2_ap_fixed_255_255_ap_fixed_64_1_1_ap_fixed_ap_fixed_255_3|         array|
|p_ZZ5conv2PA255_A255_8ap_fixedILi16ELi3EL9ap_q_mode5EL9ap_o_mode3ELi0EEPA64_A1_A1_27_address0  |  out|   12|   ap_memory|  p_ZZ5conv2PA255_A255_8ap_fixedILi16ELi3EL9ap_q_mode5EL9ap_o_mode3ELi0EEPA64_A1_A1_27|         array|
|p_ZZ5conv2PA255_A255_8ap_fixedILi16ELi3EL9ap_q_mode5EL9ap_o_mode3ELi0EEPA64_A1_A1_27_ce0       |  out|    1|   ap_memory|  p_ZZ5conv2PA255_A255_8ap_fixedILi16ELi3EL9ap_q_mode5EL9ap_o_mode3ELi0EEPA64_A1_A1_27|         array|
|p_ZZ5conv2PA255_A255_8ap_fixedILi16ELi3EL9ap_q_mode5EL9ap_o_mode3ELi0EEPA64_A1_A1_27_q0        |   in|   16|   ap_memory|  p_ZZ5conv2PA255_A255_8ap_fixedILi16ELi3EL9ap_q_mode5EL9ap_o_mode3ELi0EEPA64_A1_A1_27|         array|
|p_ZZ5conv2PA255_A255_8ap_fixedILi16ELi3EL9ap_q_mode5EL9ap_o_mode3ELi0EEPA64_A1_A1_12_address0  |  out|   12|   ap_memory|  p_ZZ5conv2PA255_A255_8ap_fixedILi16ELi3EL9ap_q_mode5EL9ap_o_mode3ELi0EEPA64_A1_A1_12|         array|
|p_ZZ5conv2PA255_A255_8ap_fixedILi16ELi3EL9ap_q_mode5EL9ap_o_mode3ELi0EEPA64_A1_A1_12_ce0       |  out|    1|   ap_memory|  p_ZZ5conv2PA255_A255_8ap_fixedILi16ELi3EL9ap_q_mode5EL9ap_o_mode3ELi0EEPA64_A1_A1_12|         array|
|p_ZZ5conv2PA255_A255_8ap_fixedILi16ELi3EL9ap_q_mode5EL9ap_o_mode3ELi0EEPA64_A1_A1_12_q0        |   in|   16|   ap_memory|  p_ZZ5conv2PA255_A255_8ap_fixedILi16ELi3EL9ap_q_mode5EL9ap_o_mode3ELi0EEPA64_A1_A1_12|         array|
|conv2_ap_fixed_255_255_ap_fixed_64_1_1_ap_fixed_ap_fixed_255_2_address0                        |  out|    8|   ap_memory|                        conv2_ap_fixed_255_255_ap_fixed_64_1_1_ap_fixed_ap_fixed_255_2|         array|
|conv2_ap_fixed_255_255_ap_fixed_64_1_1_ap_fixed_ap_fixed_255_2_ce0                             |  out|    1|   ap_memory|                        conv2_ap_fixed_255_255_ap_fixed_64_1_1_ap_fixed_ap_fixed_255_2|         array|
|conv2_ap_fixed_255_255_ap_fixed_64_1_1_ap_fixed_ap_fixed_255_2_we0                             |  out|    1|   ap_memory|                        conv2_ap_fixed_255_255_ap_fixed_64_1_1_ap_fixed_ap_fixed_255_2|         array|
|conv2_ap_fixed_255_255_ap_fixed_64_1_1_ap_fixed_ap_fixed_255_2_d0                              |  out|   16|   ap_memory|                        conv2_ap_fixed_255_255_ap_fixed_64_1_1_ap_fixed_ap_fixed_255_2|         array|
|conv2_ap_fixed_255_255_ap_fixed_64_1_1_ap_fixed_ap_fixed_255_2_q0                              |   in|   16|   ap_memory|                        conv2_ap_fixed_255_255_ap_fixed_64_1_1_ap_fixed_ap_fixed_255_2|         array|
|p_ZZ5conv2PA255_A255_8ap_fixedILi16ELi3EL9ap_q_mode5EL9ap_o_mode3ELi0EEPA64_A1_A1_26_address0  |  out|   12|   ap_memory|  p_ZZ5conv2PA255_A255_8ap_fixedILi16ELi3EL9ap_q_mode5EL9ap_o_mode3ELi0EEPA64_A1_A1_26|         array|
|p_ZZ5conv2PA255_A255_8ap_fixedILi16ELi3EL9ap_q_mode5EL9ap_o_mode3ELi0EEPA64_A1_A1_26_ce0       |  out|    1|   ap_memory|  p_ZZ5conv2PA255_A255_8ap_fixedILi16ELi3EL9ap_q_mode5EL9ap_o_mode3ELi0EEPA64_A1_A1_26|         array|
|p_ZZ5conv2PA255_A255_8ap_fixedILi16ELi3EL9ap_q_mode5EL9ap_o_mode3ELi0EEPA64_A1_A1_26_q0        |   in|   16|   ap_memory|  p_ZZ5conv2PA255_A255_8ap_fixedILi16ELi3EL9ap_q_mode5EL9ap_o_mode3ELi0EEPA64_A1_A1_26|         array|
|p_ZZ5conv2PA255_A255_8ap_fixedILi16ELi3EL9ap_q_mode5EL9ap_o_mode3ELi0EEPA64_A1_A1_11_address0  |  out|   12|   ap_memory|  p_ZZ5conv2PA255_A255_8ap_fixedILi16ELi3EL9ap_q_mode5EL9ap_o_mode3ELi0EEPA64_A1_A1_11|         array|
|p_ZZ5conv2PA255_A255_8ap_fixedILi16ELi3EL9ap_q_mode5EL9ap_o_mode3ELi0EEPA64_A1_A1_11_ce0       |  out|    1|   ap_memory|  p_ZZ5conv2PA255_A255_8ap_fixedILi16ELi3EL9ap_q_mode5EL9ap_o_mode3ELi0EEPA64_A1_A1_11|         array|
|p_ZZ5conv2PA255_A255_8ap_fixedILi16ELi3EL9ap_q_mode5EL9ap_o_mode3ELi0EEPA64_A1_A1_11_q0        |   in|   16|   ap_memory|  p_ZZ5conv2PA255_A255_8ap_fixedILi16ELi3EL9ap_q_mode5EL9ap_o_mode3ELi0EEPA64_A1_A1_11|         array|
|conv2_ap_fixed_255_255_ap_fixed_64_1_1_ap_fixed_ap_fixed_255_1_address0                        |  out|    8|   ap_memory|                        conv2_ap_fixed_255_255_ap_fixed_64_1_1_ap_fixed_ap_fixed_255_1|         array|
|conv2_ap_fixed_255_255_ap_fixed_64_1_1_ap_fixed_ap_fixed_255_1_ce0                             |  out|    1|   ap_memory|                        conv2_ap_fixed_255_255_ap_fixed_64_1_1_ap_fixed_ap_fixed_255_1|         array|
|conv2_ap_fixed_255_255_ap_fixed_64_1_1_ap_fixed_ap_fixed_255_1_we0                             |  out|    1|   ap_memory|                        conv2_ap_fixed_255_255_ap_fixed_64_1_1_ap_fixed_ap_fixed_255_1|         array|
|conv2_ap_fixed_255_255_ap_fixed_64_1_1_ap_fixed_ap_fixed_255_1_d0                              |  out|   16|   ap_memory|                        conv2_ap_fixed_255_255_ap_fixed_64_1_1_ap_fixed_ap_fixed_255_1|         array|
|conv2_ap_fixed_255_255_ap_fixed_64_1_1_ap_fixed_ap_fixed_255_1_q0                              |   in|   16|   ap_memory|                        conv2_ap_fixed_255_255_ap_fixed_64_1_1_ap_fixed_ap_fixed_255_1|         array|
|p_ZZ5conv2PA255_A255_8ap_fixedILi16ELi3EL9ap_q_mode5EL9ap_o_mode3ELi0EEPA64_A1_A1_25_address0  |  out|   12|   ap_memory|  p_ZZ5conv2PA255_A255_8ap_fixedILi16ELi3EL9ap_q_mode5EL9ap_o_mode3ELi0EEPA64_A1_A1_25|         array|
|p_ZZ5conv2PA255_A255_8ap_fixedILi16ELi3EL9ap_q_mode5EL9ap_o_mode3ELi0EEPA64_A1_A1_25_ce0       |  out|    1|   ap_memory|  p_ZZ5conv2PA255_A255_8ap_fixedILi16ELi3EL9ap_q_mode5EL9ap_o_mode3ELi0EEPA64_A1_A1_25|         array|
|p_ZZ5conv2PA255_A255_8ap_fixedILi16ELi3EL9ap_q_mode5EL9ap_o_mode3ELi0EEPA64_A1_A1_25_q0        |   in|   16|   ap_memory|  p_ZZ5conv2PA255_A255_8ap_fixedILi16ELi3EL9ap_q_mode5EL9ap_o_mode3ELi0EEPA64_A1_A1_25|         array|
|p_ZZ5conv2PA255_A255_8ap_fixedILi16ELi3EL9ap_q_mode5EL9ap_o_mode3ELi0EEPA64_A1_A1_10_address0  |  out|   12|   ap_memory|  p_ZZ5conv2PA255_A255_8ap_fixedILi16ELi3EL9ap_q_mode5EL9ap_o_mode3ELi0EEPA64_A1_A1_10|         array|
|p_ZZ5conv2PA255_A255_8ap_fixedILi16ELi3EL9ap_q_mode5EL9ap_o_mode3ELi0EEPA64_A1_A1_10_ce0       |  out|    1|   ap_memory|  p_ZZ5conv2PA255_A255_8ap_fixedILi16ELi3EL9ap_q_mode5EL9ap_o_mode3ELi0EEPA64_A1_A1_10|         array|
|p_ZZ5conv2PA255_A255_8ap_fixedILi16ELi3EL9ap_q_mode5EL9ap_o_mode3ELi0EEPA64_A1_A1_10_q0        |   in|   16|   ap_memory|  p_ZZ5conv2PA255_A255_8ap_fixedILi16ELi3EL9ap_q_mode5EL9ap_o_mode3ELi0EEPA64_A1_A1_10|         array|
|conv2_mulmulmulmulap_fixed_255_255_ap_fixed_64_1_1_ap_fixed_ap_fixed_255_address0              |  out|    8|   ap_memory|              conv2_mulmulmulmulap_fixed_255_255_ap_fixed_64_1_1_ap_fixed_ap_fixed_255|         array|
|conv2_mulmulmulmulap_fixed_255_255_ap_fixed_64_1_1_ap_fixed_ap_fixed_255_ce0                   |  out|    1|   ap_memory|              conv2_mulmulmulmulap_fixed_255_255_ap_fixed_64_1_1_ap_fixed_ap_fixed_255|         array|
|conv2_mulmulmulmulap_fixed_255_255_ap_fixed_64_1_1_ap_fixed_ap_fixed_255_we0                   |  out|    1|   ap_memory|              conv2_mulmulmulmulap_fixed_255_255_ap_fixed_64_1_1_ap_fixed_ap_fixed_255|         array|
|conv2_mulmulmulmulap_fixed_255_255_ap_fixed_64_1_1_ap_fixed_ap_fixed_255_d0                    |  out|   16|   ap_memory|              conv2_mulmulmulmulap_fixed_255_255_ap_fixed_64_1_1_ap_fixed_ap_fixed_255|         array|
|conv2_mulmulmulmulap_fixed_255_255_ap_fixed_64_1_1_ap_fixed_ap_fixed_255_q0                    |   in|   16|   ap_memory|              conv2_mulmulmulmulap_fixed_255_255_ap_fixed_64_1_1_ap_fixed_ap_fixed_255|         array|
|p_ZZ5conv2PA255_A255_8ap_fixedILi16ELi3EL9ap_q_mode5EL9ap_o_mode3ELi0EEPA64_A1_A1_24_address0  |  out|   12|   ap_memory|  p_ZZ5conv2PA255_A255_8ap_fixedILi16ELi3EL9ap_q_mode5EL9ap_o_mode3ELi0EEPA64_A1_A1_24|         array|
|p_ZZ5conv2PA255_A255_8ap_fixedILi16ELi3EL9ap_q_mode5EL9ap_o_mode3ELi0EEPA64_A1_A1_24_ce0       |  out|    1|   ap_memory|  p_ZZ5conv2PA255_A255_8ap_fixedILi16ELi3EL9ap_q_mode5EL9ap_o_mode3ELi0EEPA64_A1_A1_24|         array|
|p_ZZ5conv2PA255_A255_8ap_fixedILi16ELi3EL9ap_q_mode5EL9ap_o_mode3ELi0EEPA64_A1_A1_24_q0        |   in|   16|   ap_memory|  p_ZZ5conv2PA255_A255_8ap_fixedILi16ELi3EL9ap_q_mode5EL9ap_o_mode3ELi0EEPA64_A1_A1_24|         array|
|p_ZZ5conv2PA255_A255_8ap_fixedILi16ELi3EL9ap_q_mode5EL9ap_o_mode3ELi0EEPA64_A1_A1_9_address0   |  out|   12|   ap_memory|   p_ZZ5conv2PA255_A255_8ap_fixedILi16ELi3EL9ap_q_mode5EL9ap_o_mode3ELi0EEPA64_A1_A1_9|         array|
|p_ZZ5conv2PA255_A255_8ap_fixedILi16ELi3EL9ap_q_mode5EL9ap_o_mode3ELi0EEPA64_A1_A1_9_ce0        |  out|    1|   ap_memory|   p_ZZ5conv2PA255_A255_8ap_fixedILi16ELi3EL9ap_q_mode5EL9ap_o_mode3ELi0EEPA64_A1_A1_9|         array|
|p_ZZ5conv2PA255_A255_8ap_fixedILi16ELi3EL9ap_q_mode5EL9ap_o_mode3ELi0EEPA64_A1_A1_9_q0         |   in|   16|   ap_memory|   p_ZZ5conv2PA255_A255_8ap_fixedILi16ELi3EL9ap_q_mode5EL9ap_o_mode3ELi0EEPA64_A1_A1_9|         array|
|conv2_ap_fixed_255_255_ap_fixed_64_1_1_ap_fixed_ap_fixed_255_8_address0                        |  out|    8|   ap_memory|                        conv2_ap_fixed_255_255_ap_fixed_64_1_1_ap_fixed_ap_fixed_255_8|         array|
|conv2_ap_fixed_255_255_ap_fixed_64_1_1_ap_fixed_ap_fixed_255_8_ce0                             |  out|    1|   ap_memory|                        conv2_ap_fixed_255_255_ap_fixed_64_1_1_ap_fixed_ap_fixed_255_8|         array|
|conv2_ap_fixed_255_255_ap_fixed_64_1_1_ap_fixed_ap_fixed_255_8_we0                             |  out|    1|   ap_memory|                        conv2_ap_fixed_255_255_ap_fixed_64_1_1_ap_fixed_ap_fixed_255_8|         array|
|conv2_ap_fixed_255_255_ap_fixed_64_1_1_ap_fixed_ap_fixed_255_8_d0                              |  out|   16|   ap_memory|                        conv2_ap_fixed_255_255_ap_fixed_64_1_1_ap_fixed_ap_fixed_255_8|         array|
|conv2_ap_fixed_255_255_ap_fixed_64_1_1_ap_fixed_ap_fixed_255_8_q0                              |   in|   16|   ap_memory|                        conv2_ap_fixed_255_255_ap_fixed_64_1_1_ap_fixed_ap_fixed_255_8|         array|
|p_ZZ5conv2PA255_A255_8ap_fixedILi16ELi3EL9ap_q_mode5EL9ap_o_mode3ELi0EEPA64_A1_A1_23_address0  |  out|   12|   ap_memory|  p_ZZ5conv2PA255_A255_8ap_fixedILi16ELi3EL9ap_q_mode5EL9ap_o_mode3ELi0EEPA64_A1_A1_23|         array|
|p_ZZ5conv2PA255_A255_8ap_fixedILi16ELi3EL9ap_q_mode5EL9ap_o_mode3ELi0EEPA64_A1_A1_23_ce0       |  out|    1|   ap_memory|  p_ZZ5conv2PA255_A255_8ap_fixedILi16ELi3EL9ap_q_mode5EL9ap_o_mode3ELi0EEPA64_A1_A1_23|         array|
|p_ZZ5conv2PA255_A255_8ap_fixedILi16ELi3EL9ap_q_mode5EL9ap_o_mode3ELi0EEPA64_A1_A1_23_q0        |   in|   16|   ap_memory|  p_ZZ5conv2PA255_A255_8ap_fixedILi16ELi3EL9ap_q_mode5EL9ap_o_mode3ELi0EEPA64_A1_A1_23|         array|
|p_ZZ5conv2PA255_A255_8ap_fixedILi16ELi3EL9ap_q_mode5EL9ap_o_mode3ELi0EEPA64_A1_A1_8_address0   |  out|   12|   ap_memory|   p_ZZ5conv2PA255_A255_8ap_fixedILi16ELi3EL9ap_q_mode5EL9ap_o_mode3ELi0EEPA64_A1_A1_8|         array|
|p_ZZ5conv2PA255_A255_8ap_fixedILi16ELi3EL9ap_q_mode5EL9ap_o_mode3ELi0EEPA64_A1_A1_8_ce0        |  out|    1|   ap_memory|   p_ZZ5conv2PA255_A255_8ap_fixedILi16ELi3EL9ap_q_mode5EL9ap_o_mode3ELi0EEPA64_A1_A1_8|         array|
|p_ZZ5conv2PA255_A255_8ap_fixedILi16ELi3EL9ap_q_mode5EL9ap_o_mode3ELi0EEPA64_A1_A1_8_q0         |   in|   16|   ap_memory|   p_ZZ5conv2PA255_A255_8ap_fixedILi16ELi3EL9ap_q_mode5EL9ap_o_mode3ELi0EEPA64_A1_A1_8|         array|
|conv2_ap_fixed_255_255_ap_fixed_64_1_1_ap_fixed_ap_fixed_255_7_address0                        |  out|    8|   ap_memory|                        conv2_ap_fixed_255_255_ap_fixed_64_1_1_ap_fixed_ap_fixed_255_7|         array|
|conv2_ap_fixed_255_255_ap_fixed_64_1_1_ap_fixed_ap_fixed_255_7_ce0                             |  out|    1|   ap_memory|                        conv2_ap_fixed_255_255_ap_fixed_64_1_1_ap_fixed_ap_fixed_255_7|         array|
|conv2_ap_fixed_255_255_ap_fixed_64_1_1_ap_fixed_ap_fixed_255_7_we0                             |  out|    1|   ap_memory|                        conv2_ap_fixed_255_255_ap_fixed_64_1_1_ap_fixed_ap_fixed_255_7|         array|
|conv2_ap_fixed_255_255_ap_fixed_64_1_1_ap_fixed_ap_fixed_255_7_d0                              |  out|   16|   ap_memory|                        conv2_ap_fixed_255_255_ap_fixed_64_1_1_ap_fixed_ap_fixed_255_7|         array|
|conv2_ap_fixed_255_255_ap_fixed_64_1_1_ap_fixed_ap_fixed_255_7_q0                              |   in|   16|   ap_memory|                        conv2_ap_fixed_255_255_ap_fixed_64_1_1_ap_fixed_ap_fixed_255_7|         array|
|p_ZZ5conv2PA255_A255_8ap_fixedILi16ELi3EL9ap_q_mode5EL9ap_o_mode3ELi0EEPA64_A1_A1_22_address0  |  out|   12|   ap_memory|  p_ZZ5conv2PA255_A255_8ap_fixedILi16ELi3EL9ap_q_mode5EL9ap_o_mode3ELi0EEPA64_A1_A1_22|         array|
|p_ZZ5conv2PA255_A255_8ap_fixedILi16ELi3EL9ap_q_mode5EL9ap_o_mode3ELi0EEPA64_A1_A1_22_ce0       |  out|    1|   ap_memory|  p_ZZ5conv2PA255_A255_8ap_fixedILi16ELi3EL9ap_q_mode5EL9ap_o_mode3ELi0EEPA64_A1_A1_22|         array|
|p_ZZ5conv2PA255_A255_8ap_fixedILi16ELi3EL9ap_q_mode5EL9ap_o_mode3ELi0EEPA64_A1_A1_22_q0        |   in|   16|   ap_memory|  p_ZZ5conv2PA255_A255_8ap_fixedILi16ELi3EL9ap_q_mode5EL9ap_o_mode3ELi0EEPA64_A1_A1_22|         array|
|p_ZZ5conv2PA255_A255_8ap_fixedILi16ELi3EL9ap_q_mode5EL9ap_o_mode3ELi0EEPA64_A1_A1_7_address0   |  out|   12|   ap_memory|   p_ZZ5conv2PA255_A255_8ap_fixedILi16ELi3EL9ap_q_mode5EL9ap_o_mode3ELi0EEPA64_A1_A1_7|         array|
|p_ZZ5conv2PA255_A255_8ap_fixedILi16ELi3EL9ap_q_mode5EL9ap_o_mode3ELi0EEPA64_A1_A1_7_ce0        |  out|    1|   ap_memory|   p_ZZ5conv2PA255_A255_8ap_fixedILi16ELi3EL9ap_q_mode5EL9ap_o_mode3ELi0EEPA64_A1_A1_7|         array|
|p_ZZ5conv2PA255_A255_8ap_fixedILi16ELi3EL9ap_q_mode5EL9ap_o_mode3ELi0EEPA64_A1_A1_7_q0         |   in|   16|   ap_memory|   p_ZZ5conv2PA255_A255_8ap_fixedILi16ELi3EL9ap_q_mode5EL9ap_o_mode3ELi0EEPA64_A1_A1_7|         array|
|conv2_ap_fixed_255_255_ap_fixed_64_1_1_ap_fixed_ap_fixed_255_6_address0                        |  out|    8|   ap_memory|                        conv2_ap_fixed_255_255_ap_fixed_64_1_1_ap_fixed_ap_fixed_255_6|         array|
|conv2_ap_fixed_255_255_ap_fixed_64_1_1_ap_fixed_ap_fixed_255_6_ce0                             |  out|    1|   ap_memory|                        conv2_ap_fixed_255_255_ap_fixed_64_1_1_ap_fixed_ap_fixed_255_6|         array|
|conv2_ap_fixed_255_255_ap_fixed_64_1_1_ap_fixed_ap_fixed_255_6_we0                             |  out|    1|   ap_memory|                        conv2_ap_fixed_255_255_ap_fixed_64_1_1_ap_fixed_ap_fixed_255_6|         array|
|conv2_ap_fixed_255_255_ap_fixed_64_1_1_ap_fixed_ap_fixed_255_6_d0                              |  out|   16|   ap_memory|                        conv2_ap_fixed_255_255_ap_fixed_64_1_1_ap_fixed_ap_fixed_255_6|         array|
|conv2_ap_fixed_255_255_ap_fixed_64_1_1_ap_fixed_ap_fixed_255_6_q0                              |   in|   16|   ap_memory|                        conv2_ap_fixed_255_255_ap_fixed_64_1_1_ap_fixed_ap_fixed_255_6|         array|
|p_ZZ5conv2PA255_A255_8ap_fixedILi16ELi3EL9ap_q_mode5EL9ap_o_mode3ELi0EEPA64_A1_A1_21_address0  |  out|   12|   ap_memory|  p_ZZ5conv2PA255_A255_8ap_fixedILi16ELi3EL9ap_q_mode5EL9ap_o_mode3ELi0EEPA64_A1_A1_21|         array|
|p_ZZ5conv2PA255_A255_8ap_fixedILi16ELi3EL9ap_q_mode5EL9ap_o_mode3ELi0EEPA64_A1_A1_21_ce0       |  out|    1|   ap_memory|  p_ZZ5conv2PA255_A255_8ap_fixedILi16ELi3EL9ap_q_mode5EL9ap_o_mode3ELi0EEPA64_A1_A1_21|         array|
|p_ZZ5conv2PA255_A255_8ap_fixedILi16ELi3EL9ap_q_mode5EL9ap_o_mode3ELi0EEPA64_A1_A1_21_q0        |   in|   16|   ap_memory|  p_ZZ5conv2PA255_A255_8ap_fixedILi16ELi3EL9ap_q_mode5EL9ap_o_mode3ELi0EEPA64_A1_A1_21|         array|
|p_ZZ5conv2PA255_A255_8ap_fixedILi16ELi3EL9ap_q_mode5EL9ap_o_mode3ELi0EEPA64_A1_A1_6_address0   |  out|   12|   ap_memory|   p_ZZ5conv2PA255_A255_8ap_fixedILi16ELi3EL9ap_q_mode5EL9ap_o_mode3ELi0EEPA64_A1_A1_6|         array|
|p_ZZ5conv2PA255_A255_8ap_fixedILi16ELi3EL9ap_q_mode5EL9ap_o_mode3ELi0EEPA64_A1_A1_6_ce0        |  out|    1|   ap_memory|   p_ZZ5conv2PA255_A255_8ap_fixedILi16ELi3EL9ap_q_mode5EL9ap_o_mode3ELi0EEPA64_A1_A1_6|         array|
|p_ZZ5conv2PA255_A255_8ap_fixedILi16ELi3EL9ap_q_mode5EL9ap_o_mode3ELi0EEPA64_A1_A1_6_q0         |   in|   16|   ap_memory|   p_ZZ5conv2PA255_A255_8ap_fixedILi16ELi3EL9ap_q_mode5EL9ap_o_mode3ELi0EEPA64_A1_A1_6|         array|
|conv2_ap_fixed_255_255_ap_fixed_64_1_1_ap_fixed_ap_fixed_255_5_address0                        |  out|    8|   ap_memory|                        conv2_ap_fixed_255_255_ap_fixed_64_1_1_ap_fixed_ap_fixed_255_5|         array|
|conv2_ap_fixed_255_255_ap_fixed_64_1_1_ap_fixed_ap_fixed_255_5_ce0                             |  out|    1|   ap_memory|                        conv2_ap_fixed_255_255_ap_fixed_64_1_1_ap_fixed_ap_fixed_255_5|         array|
|conv2_ap_fixed_255_255_ap_fixed_64_1_1_ap_fixed_ap_fixed_255_5_we0                             |  out|    1|   ap_memory|                        conv2_ap_fixed_255_255_ap_fixed_64_1_1_ap_fixed_ap_fixed_255_5|         array|
|conv2_ap_fixed_255_255_ap_fixed_64_1_1_ap_fixed_ap_fixed_255_5_d0                              |  out|   16|   ap_memory|                        conv2_ap_fixed_255_255_ap_fixed_64_1_1_ap_fixed_ap_fixed_255_5|         array|
|conv2_ap_fixed_255_255_ap_fixed_64_1_1_ap_fixed_ap_fixed_255_5_q0                              |   in|   16|   ap_memory|                        conv2_ap_fixed_255_255_ap_fixed_64_1_1_ap_fixed_ap_fixed_255_5|         array|
|p_ZZ5conv2PA255_A255_8ap_fixedILi16ELi3EL9ap_q_mode5EL9ap_o_mode3ELi0EEPA64_A1_A1_20_address0  |  out|   12|   ap_memory|  p_ZZ5conv2PA255_A255_8ap_fixedILi16ELi3EL9ap_q_mode5EL9ap_o_mode3ELi0EEPA64_A1_A1_20|         array|
|p_ZZ5conv2PA255_A255_8ap_fixedILi16ELi3EL9ap_q_mode5EL9ap_o_mode3ELi0EEPA64_A1_A1_20_ce0       |  out|    1|   ap_memory|  p_ZZ5conv2PA255_A255_8ap_fixedILi16ELi3EL9ap_q_mode5EL9ap_o_mode3ELi0EEPA64_A1_A1_20|         array|
|p_ZZ5conv2PA255_A255_8ap_fixedILi16ELi3EL9ap_q_mode5EL9ap_o_mode3ELi0EEPA64_A1_A1_20_q0        |   in|   16|   ap_memory|  p_ZZ5conv2PA255_A255_8ap_fixedILi16ELi3EL9ap_q_mode5EL9ap_o_mode3ELi0EEPA64_A1_A1_20|         array|
|p_ZZ5conv2PA255_A255_8ap_fixedILi16ELi3EL9ap_q_mode5EL9ap_o_mode3ELi0EEPA64_A1_A1_5_address0   |  out|   12|   ap_memory|   p_ZZ5conv2PA255_A255_8ap_fixedILi16ELi3EL9ap_q_mode5EL9ap_o_mode3ELi0EEPA64_A1_A1_5|         array|
|p_ZZ5conv2PA255_A255_8ap_fixedILi16ELi3EL9ap_q_mode5EL9ap_o_mode3ELi0EEPA64_A1_A1_5_ce0        |  out|    1|   ap_memory|   p_ZZ5conv2PA255_A255_8ap_fixedILi16ELi3EL9ap_q_mode5EL9ap_o_mode3ELi0EEPA64_A1_A1_5|         array|
|p_ZZ5conv2PA255_A255_8ap_fixedILi16ELi3EL9ap_q_mode5EL9ap_o_mode3ELi0EEPA64_A1_A1_5_q0         |   in|   16|   ap_memory|   p_ZZ5conv2PA255_A255_8ap_fixedILi16ELi3EL9ap_q_mode5EL9ap_o_mode3ELi0EEPA64_A1_A1_5|         array|
|conv2_ap_fixed_255_255_ap_fixed_64_1_1_ap_fixed_ap_fixed_255_4_address0                        |  out|    8|   ap_memory|                        conv2_ap_fixed_255_255_ap_fixed_64_1_1_ap_fixed_ap_fixed_255_4|         array|
|conv2_ap_fixed_255_255_ap_fixed_64_1_1_ap_fixed_ap_fixed_255_4_ce0                             |  out|    1|   ap_memory|                        conv2_ap_fixed_255_255_ap_fixed_64_1_1_ap_fixed_ap_fixed_255_4|         array|
|conv2_ap_fixed_255_255_ap_fixed_64_1_1_ap_fixed_ap_fixed_255_4_we0                             |  out|    1|   ap_memory|                        conv2_ap_fixed_255_255_ap_fixed_64_1_1_ap_fixed_ap_fixed_255_4|         array|
|conv2_ap_fixed_255_255_ap_fixed_64_1_1_ap_fixed_ap_fixed_255_4_d0                              |  out|   16|   ap_memory|                        conv2_ap_fixed_255_255_ap_fixed_64_1_1_ap_fixed_ap_fixed_255_4|         array|
|conv2_ap_fixed_255_255_ap_fixed_64_1_1_ap_fixed_ap_fixed_255_4_q0                              |   in|   16|   ap_memory|                        conv2_ap_fixed_255_255_ap_fixed_64_1_1_ap_fixed_ap_fixed_255_4|         array|
|p_ZZ5conv2PA255_A255_8ap_fixedILi16ELi3EL9ap_q_mode5EL9ap_o_mode3ELi0EEPA64_A1_A1_32_address0  |  out|   12|   ap_memory|  p_ZZ5conv2PA255_A255_8ap_fixedILi16ELi3EL9ap_q_mode5EL9ap_o_mode3ELi0EEPA64_A1_A1_32|         array|
|p_ZZ5conv2PA255_A255_8ap_fixedILi16ELi3EL9ap_q_mode5EL9ap_o_mode3ELi0EEPA64_A1_A1_32_ce0       |  out|    1|   ap_memory|  p_ZZ5conv2PA255_A255_8ap_fixedILi16ELi3EL9ap_q_mode5EL9ap_o_mode3ELi0EEPA64_A1_A1_32|         array|
|p_ZZ5conv2PA255_A255_8ap_fixedILi16ELi3EL9ap_q_mode5EL9ap_o_mode3ELi0EEPA64_A1_A1_32_q0        |   in|   16|   ap_memory|  p_ZZ5conv2PA255_A255_8ap_fixedILi16ELi3EL9ap_q_mode5EL9ap_o_mode3ELi0EEPA64_A1_A1_32|         array|
|p_ZZ5conv2PA255_A255_8ap_fixedILi16ELi3EL9ap_q_mode5EL9ap_o_mode3ELi0EEPA64_A1_A1_17_address0  |  out|   12|   ap_memory|  p_ZZ5conv2PA255_A255_8ap_fixedILi16ELi3EL9ap_q_mode5EL9ap_o_mode3ELi0EEPA64_A1_A1_17|         array|
|p_ZZ5conv2PA255_A255_8ap_fixedILi16ELi3EL9ap_q_mode5EL9ap_o_mode3ELi0EEPA64_A1_A1_17_ce0       |  out|    1|   ap_memory|  p_ZZ5conv2PA255_A255_8ap_fixedILi16ELi3EL9ap_q_mode5EL9ap_o_mode3ELi0EEPA64_A1_A1_17|         array|
|p_ZZ5conv2PA255_A255_8ap_fixedILi16ELi3EL9ap_q_mode5EL9ap_o_mode3ELi0EEPA64_A1_A1_17_q0        |   in|   16|   ap_memory|  p_ZZ5conv2PA255_A255_8ap_fixedILi16ELi3EL9ap_q_mode5EL9ap_o_mode3ELi0EEPA64_A1_A1_17|         array|
|p_ZZ5conv2PA255_A255_8ap_fixedILi16ELi3EL9ap_q_mode5EL9ap_o_mode3ELi0EEPA64_A1_A1_4_address0   |  out|    8|   ap_memory|   p_ZZ5conv2PA255_A255_8ap_fixedILi16ELi3EL9ap_q_mode5EL9ap_o_mode3ELi0EEPA64_A1_A1_4|         array|
|p_ZZ5conv2PA255_A255_8ap_fixedILi16ELi3EL9ap_q_mode5EL9ap_o_mode3ELi0EEPA64_A1_A1_4_ce0        |  out|    1|   ap_memory|   p_ZZ5conv2PA255_A255_8ap_fixedILi16ELi3EL9ap_q_mode5EL9ap_o_mode3ELi0EEPA64_A1_A1_4|         array|
|p_ZZ5conv2PA255_A255_8ap_fixedILi16ELi3EL9ap_q_mode5EL9ap_o_mode3ELi0EEPA64_A1_A1_4_we0        |  out|    1|   ap_memory|   p_ZZ5conv2PA255_A255_8ap_fixedILi16ELi3EL9ap_q_mode5EL9ap_o_mode3ELi0EEPA64_A1_A1_4|         array|
|p_ZZ5conv2PA255_A255_8ap_fixedILi16ELi3EL9ap_q_mode5EL9ap_o_mode3ELi0EEPA64_A1_A1_4_d0         |  out|   16|   ap_memory|   p_ZZ5conv2PA255_A255_8ap_fixedILi16ELi3EL9ap_q_mode5EL9ap_o_mode3ELi0EEPA64_A1_A1_4|         array|
|p_ZZ5conv2PA255_A255_8ap_fixedILi16ELi3EL9ap_q_mode5EL9ap_o_mode3ELi0EEPA64_A1_A1_4_q0         |   in|   16|   ap_memory|   p_ZZ5conv2PA255_A255_8ap_fixedILi16ELi3EL9ap_q_mode5EL9ap_o_mode3ELi0EEPA64_A1_A1_4|         array|
|p_ZZ5conv2PA255_A255_8ap_fixedILi16ELi3EL9ap_q_mode5EL9ap_o_mode3ELi0EEPA64_A1_A1_31_address0  |  out|   12|   ap_memory|  p_ZZ5conv2PA255_A255_8ap_fixedILi16ELi3EL9ap_q_mode5EL9ap_o_mode3ELi0EEPA64_A1_A1_31|         array|
|p_ZZ5conv2PA255_A255_8ap_fixedILi16ELi3EL9ap_q_mode5EL9ap_o_mode3ELi0EEPA64_A1_A1_31_ce0       |  out|    1|   ap_memory|  p_ZZ5conv2PA255_A255_8ap_fixedILi16ELi3EL9ap_q_mode5EL9ap_o_mode3ELi0EEPA64_A1_A1_31|         array|
|p_ZZ5conv2PA255_A255_8ap_fixedILi16ELi3EL9ap_q_mode5EL9ap_o_mode3ELi0EEPA64_A1_A1_31_q0        |   in|   16|   ap_memory|  p_ZZ5conv2PA255_A255_8ap_fixedILi16ELi3EL9ap_q_mode5EL9ap_o_mode3ELi0EEPA64_A1_A1_31|         array|
|p_ZZ5conv2PA255_A255_8ap_fixedILi16ELi3EL9ap_q_mode5EL9ap_o_mode3ELi0EEPA64_A1_A1_16_address0  |  out|   12|   ap_memory|  p_ZZ5conv2PA255_A255_8ap_fixedILi16ELi3EL9ap_q_mode5EL9ap_o_mode3ELi0EEPA64_A1_A1_16|         array|
|p_ZZ5conv2PA255_A255_8ap_fixedILi16ELi3EL9ap_q_mode5EL9ap_o_mode3ELi0EEPA64_A1_A1_16_ce0       |  out|    1|   ap_memory|  p_ZZ5conv2PA255_A255_8ap_fixedILi16ELi3EL9ap_q_mode5EL9ap_o_mode3ELi0EEPA64_A1_A1_16|         array|
|p_ZZ5conv2PA255_A255_8ap_fixedILi16ELi3EL9ap_q_mode5EL9ap_o_mode3ELi0EEPA64_A1_A1_16_q0        |   in|   16|   ap_memory|  p_ZZ5conv2PA255_A255_8ap_fixedILi16ELi3EL9ap_q_mode5EL9ap_o_mode3ELi0EEPA64_A1_A1_16|         array|
|p_ZZ5conv2PA255_A255_8ap_fixedILi16ELi3EL9ap_q_mode5EL9ap_o_mode3ELi0EEPA64_A1_A1_3_address0   |  out|    8|   ap_memory|   p_ZZ5conv2PA255_A255_8ap_fixedILi16ELi3EL9ap_q_mode5EL9ap_o_mode3ELi0EEPA64_A1_A1_3|         array|
|p_ZZ5conv2PA255_A255_8ap_fixedILi16ELi3EL9ap_q_mode5EL9ap_o_mode3ELi0EEPA64_A1_A1_3_ce0        |  out|    1|   ap_memory|   p_ZZ5conv2PA255_A255_8ap_fixedILi16ELi3EL9ap_q_mode5EL9ap_o_mode3ELi0EEPA64_A1_A1_3|         array|
|p_ZZ5conv2PA255_A255_8ap_fixedILi16ELi3EL9ap_q_mode5EL9ap_o_mode3ELi0EEPA64_A1_A1_3_we0        |  out|    1|   ap_memory|   p_ZZ5conv2PA255_A255_8ap_fixedILi16ELi3EL9ap_q_mode5EL9ap_o_mode3ELi0EEPA64_A1_A1_3|         array|
|p_ZZ5conv2PA255_A255_8ap_fixedILi16ELi3EL9ap_q_mode5EL9ap_o_mode3ELi0EEPA64_A1_A1_3_d0         |  out|   16|   ap_memory|   p_ZZ5conv2PA255_A255_8ap_fixedILi16ELi3EL9ap_q_mode5EL9ap_o_mode3ELi0EEPA64_A1_A1_3|         array|
|p_ZZ5conv2PA255_A255_8ap_fixedILi16ELi3EL9ap_q_mode5EL9ap_o_mode3ELi0EEPA64_A1_A1_3_q0         |   in|   16|   ap_memory|   p_ZZ5conv2PA255_A255_8ap_fixedILi16ELi3EL9ap_q_mode5EL9ap_o_mode3ELi0EEPA64_A1_A1_3|         array|
|p_ZZ5conv2PA255_A255_8ap_fixedILi16ELi3EL9ap_q_mode5EL9ap_o_mode3ELi0EEPA64_A1_A1_30_address0  |  out|   12|   ap_memory|  p_ZZ5conv2PA255_A255_8ap_fixedILi16ELi3EL9ap_q_mode5EL9ap_o_mode3ELi0EEPA64_A1_A1_30|         array|
|p_ZZ5conv2PA255_A255_8ap_fixedILi16ELi3EL9ap_q_mode5EL9ap_o_mode3ELi0EEPA64_A1_A1_30_ce0       |  out|    1|   ap_memory|  p_ZZ5conv2PA255_A255_8ap_fixedILi16ELi3EL9ap_q_mode5EL9ap_o_mode3ELi0EEPA64_A1_A1_30|         array|
|p_ZZ5conv2PA255_A255_8ap_fixedILi16ELi3EL9ap_q_mode5EL9ap_o_mode3ELi0EEPA64_A1_A1_30_q0        |   in|   16|   ap_memory|  p_ZZ5conv2PA255_A255_8ap_fixedILi16ELi3EL9ap_q_mode5EL9ap_o_mode3ELi0EEPA64_A1_A1_30|         array|
|p_ZZ5conv2PA255_A255_8ap_fixedILi16ELi3EL9ap_q_mode5EL9ap_o_mode3ELi0EEPA64_A1_A1_15_address0  |  out|   12|   ap_memory|  p_ZZ5conv2PA255_A255_8ap_fixedILi16ELi3EL9ap_q_mode5EL9ap_o_mode3ELi0EEPA64_A1_A1_15|         array|
|p_ZZ5conv2PA255_A255_8ap_fixedILi16ELi3EL9ap_q_mode5EL9ap_o_mode3ELi0EEPA64_A1_A1_15_ce0       |  out|    1|   ap_memory|  p_ZZ5conv2PA255_A255_8ap_fixedILi16ELi3EL9ap_q_mode5EL9ap_o_mode3ELi0EEPA64_A1_A1_15|         array|
|p_ZZ5conv2PA255_A255_8ap_fixedILi16ELi3EL9ap_q_mode5EL9ap_o_mode3ELi0EEPA64_A1_A1_15_q0        |   in|   16|   ap_memory|  p_ZZ5conv2PA255_A255_8ap_fixedILi16ELi3EL9ap_q_mode5EL9ap_o_mode3ELi0EEPA64_A1_A1_15|         array|
|p_ZZ5conv2PA255_A255_8ap_fixedILi16ELi3EL9ap_q_mode5EL9ap_o_mode3ELi0EEPA64_A1_A1_2_address0   |  out|    8|   ap_memory|   p_ZZ5conv2PA255_A255_8ap_fixedILi16ELi3EL9ap_q_mode5EL9ap_o_mode3ELi0EEPA64_A1_A1_2|         array|
|p_ZZ5conv2PA255_A255_8ap_fixedILi16ELi3EL9ap_q_mode5EL9ap_o_mode3ELi0EEPA64_A1_A1_2_ce0        |  out|    1|   ap_memory|   p_ZZ5conv2PA255_A255_8ap_fixedILi16ELi3EL9ap_q_mode5EL9ap_o_mode3ELi0EEPA64_A1_A1_2|         array|
|p_ZZ5conv2PA255_A255_8ap_fixedILi16ELi3EL9ap_q_mode5EL9ap_o_mode3ELi0EEPA64_A1_A1_2_we0        |  out|    1|   ap_memory|   p_ZZ5conv2PA255_A255_8ap_fixedILi16ELi3EL9ap_q_mode5EL9ap_o_mode3ELi0EEPA64_A1_A1_2|         array|
|p_ZZ5conv2PA255_A255_8ap_fixedILi16ELi3EL9ap_q_mode5EL9ap_o_mode3ELi0EEPA64_A1_A1_2_d0         |  out|   16|   ap_memory|   p_ZZ5conv2PA255_A255_8ap_fixedILi16ELi3EL9ap_q_mode5EL9ap_o_mode3ELi0EEPA64_A1_A1_2|         array|
|p_ZZ5conv2PA255_A255_8ap_fixedILi16ELi3EL9ap_q_mode5EL9ap_o_mode3ELi0EEPA64_A1_A1_2_q0         |   in|   16|   ap_memory|   p_ZZ5conv2PA255_A255_8ap_fixedILi16ELi3EL9ap_q_mode5EL9ap_o_mode3ELi0EEPA64_A1_A1_2|         array|
|p_ZZ5conv2PA255_A255_8ap_fixedILi16ELi3EL9ap_q_mode5EL9ap_o_mode3ELi0EEPA64_A1_A1_29_address0  |  out|   12|   ap_memory|  p_ZZ5conv2PA255_A255_8ap_fixedILi16ELi3EL9ap_q_mode5EL9ap_o_mode3ELi0EEPA64_A1_A1_29|         array|
|p_ZZ5conv2PA255_A255_8ap_fixedILi16ELi3EL9ap_q_mode5EL9ap_o_mode3ELi0EEPA64_A1_A1_29_ce0       |  out|    1|   ap_memory|  p_ZZ5conv2PA255_A255_8ap_fixedILi16ELi3EL9ap_q_mode5EL9ap_o_mode3ELi0EEPA64_A1_A1_29|         array|
|p_ZZ5conv2PA255_A255_8ap_fixedILi16ELi3EL9ap_q_mode5EL9ap_o_mode3ELi0EEPA64_A1_A1_29_q0        |   in|   16|   ap_memory|  p_ZZ5conv2PA255_A255_8ap_fixedILi16ELi3EL9ap_q_mode5EL9ap_o_mode3ELi0EEPA64_A1_A1_29|         array|
|p_ZZ5conv2PA255_A255_8ap_fixedILi16ELi3EL9ap_q_mode5EL9ap_o_mode3ELi0EEPA64_A1_A1_14_address0  |  out|   12|   ap_memory|  p_ZZ5conv2PA255_A255_8ap_fixedILi16ELi3EL9ap_q_mode5EL9ap_o_mode3ELi0EEPA64_A1_A1_14|         array|
|p_ZZ5conv2PA255_A255_8ap_fixedILi16ELi3EL9ap_q_mode5EL9ap_o_mode3ELi0EEPA64_A1_A1_14_ce0       |  out|    1|   ap_memory|  p_ZZ5conv2PA255_A255_8ap_fixedILi16ELi3EL9ap_q_mode5EL9ap_o_mode3ELi0EEPA64_A1_A1_14|         array|
|p_ZZ5conv2PA255_A255_8ap_fixedILi16ELi3EL9ap_q_mode5EL9ap_o_mode3ELi0EEPA64_A1_A1_14_q0        |   in|   16|   ap_memory|  p_ZZ5conv2PA255_A255_8ap_fixedILi16ELi3EL9ap_q_mode5EL9ap_o_mode3ELi0EEPA64_A1_A1_14|         array|
|p_ZZ5conv2PA255_A255_8ap_fixedILi16ELi3EL9ap_q_mode5EL9ap_o_mode3ELi0EEPA64_A1_A1_1_address0   |  out|    8|   ap_memory|   p_ZZ5conv2PA255_A255_8ap_fixedILi16ELi3EL9ap_q_mode5EL9ap_o_mode3ELi0EEPA64_A1_A1_1|         array|
|p_ZZ5conv2PA255_A255_8ap_fixedILi16ELi3EL9ap_q_mode5EL9ap_o_mode3ELi0EEPA64_A1_A1_1_ce0        |  out|    1|   ap_memory|   p_ZZ5conv2PA255_A255_8ap_fixedILi16ELi3EL9ap_q_mode5EL9ap_o_mode3ELi0EEPA64_A1_A1_1|         array|
|p_ZZ5conv2PA255_A255_8ap_fixedILi16ELi3EL9ap_q_mode5EL9ap_o_mode3ELi0EEPA64_A1_A1_1_we0        |  out|    1|   ap_memory|   p_ZZ5conv2PA255_A255_8ap_fixedILi16ELi3EL9ap_q_mode5EL9ap_o_mode3ELi0EEPA64_A1_A1_1|         array|
|p_ZZ5conv2PA255_A255_8ap_fixedILi16ELi3EL9ap_q_mode5EL9ap_o_mode3ELi0EEPA64_A1_A1_1_d0         |  out|   16|   ap_memory|   p_ZZ5conv2PA255_A255_8ap_fixedILi16ELi3EL9ap_q_mode5EL9ap_o_mode3ELi0EEPA64_A1_A1_1|         array|
|p_ZZ5conv2PA255_A255_8ap_fixedILi16ELi3EL9ap_q_mode5EL9ap_o_mode3ELi0EEPA64_A1_A1_1_q0         |   in|   16|   ap_memory|   p_ZZ5conv2PA255_A255_8ap_fixedILi16ELi3EL9ap_q_mode5EL9ap_o_mode3ELi0EEPA64_A1_A1_1|         array|
|p_ZZ5conv2PA255_A255_8ap_fixedILi16ELi3EL9ap_q_mode5EL9ap_o_mode3ELi0EEPA64_A1_A1_28_address0  |  out|   12|   ap_memory|  p_ZZ5conv2PA255_A255_8ap_fixedILi16ELi3EL9ap_q_mode5EL9ap_o_mode3ELi0EEPA64_A1_A1_28|         array|
|p_ZZ5conv2PA255_A255_8ap_fixedILi16ELi3EL9ap_q_mode5EL9ap_o_mode3ELi0EEPA64_A1_A1_28_ce0       |  out|    1|   ap_memory|  p_ZZ5conv2PA255_A255_8ap_fixedILi16ELi3EL9ap_q_mode5EL9ap_o_mode3ELi0EEPA64_A1_A1_28|         array|
|p_ZZ5conv2PA255_A255_8ap_fixedILi16ELi3EL9ap_q_mode5EL9ap_o_mode3ELi0EEPA64_A1_A1_28_q0        |   in|   16|   ap_memory|  p_ZZ5conv2PA255_A255_8ap_fixedILi16ELi3EL9ap_q_mode5EL9ap_o_mode3ELi0EEPA64_A1_A1_28|         array|
|p_ZZ5conv2PA255_A255_8ap_fixedILi16ELi3EL9ap_q_mode5EL9ap_o_mode3ELi0EEPA64_A1_A1_13_address0  |  out|   12|   ap_memory|  p_ZZ5conv2PA255_A255_8ap_fixedILi16ELi3EL9ap_q_mode5EL9ap_o_mode3ELi0EEPA64_A1_A1_13|         array|
|p_ZZ5conv2PA255_A255_8ap_fixedILi16ELi3EL9ap_q_mode5EL9ap_o_mode3ELi0EEPA64_A1_A1_13_ce0       |  out|    1|   ap_memory|  p_ZZ5conv2PA255_A255_8ap_fixedILi16ELi3EL9ap_q_mode5EL9ap_o_mode3ELi0EEPA64_A1_A1_13|         array|
|p_ZZ5conv2PA255_A255_8ap_fixedILi16ELi3EL9ap_q_mode5EL9ap_o_mode3ELi0EEPA64_A1_A1_13_q0        |   in|   16|   ap_memory|  p_ZZ5conv2PA255_A255_8ap_fixedILi16ELi3EL9ap_q_mode5EL9ap_o_mode3ELi0EEPA64_A1_A1_13|         array|
|p_ZZ5conv2PA255_A255_8ap_fixedILi16ELi3EL9ap_q_mode5EL9ap_o_mode3ELi0EEPA64_A1_A1_address0     |  out|    8|   ap_memory|     p_ZZ5conv2PA255_A255_8ap_fixedILi16ELi3EL9ap_q_mode5EL9ap_o_mode3ELi0EEPA64_A1_A1|         array|
|p_ZZ5conv2PA255_A255_8ap_fixedILi16ELi3EL9ap_q_mode5EL9ap_o_mode3ELi0EEPA64_A1_A1_ce0          |  out|    1|   ap_memory|     p_ZZ5conv2PA255_A255_8ap_fixedILi16ELi3EL9ap_q_mode5EL9ap_o_mode3ELi0EEPA64_A1_A1|         array|
|p_ZZ5conv2PA255_A255_8ap_fixedILi16ELi3EL9ap_q_mode5EL9ap_o_mode3ELi0EEPA64_A1_A1_we0          |  out|    1|   ap_memory|     p_ZZ5conv2PA255_A255_8ap_fixedILi16ELi3EL9ap_q_mode5EL9ap_o_mode3ELi0EEPA64_A1_A1|         array|
|p_ZZ5conv2PA255_A255_8ap_fixedILi16ELi3EL9ap_q_mode5EL9ap_o_mode3ELi0EEPA64_A1_A1_d0           |  out|   16|   ap_memory|     p_ZZ5conv2PA255_A255_8ap_fixedILi16ELi3EL9ap_q_mode5EL9ap_o_mode3ELi0EEPA64_A1_A1|         array|
|p_ZZ5conv2PA255_A255_8ap_fixedILi16ELi3EL9ap_q_mode5EL9ap_o_mode3ELi0EEPA64_A1_A1_q0           |   in|   16|   ap_memory|     p_ZZ5conv2PA255_A255_8ap_fixedILi16ELi3EL9ap_q_mode5EL9ap_o_mode3ELi0EEPA64_A1_A1|         array|
+-----------------------------------------------------------------------------------------------+-----+-----+------------+--------------------------------------------------------------------------------------+--------------+

