

================================================================
== Vitis HLS Report for 'conv1_Pipeline_5'
================================================================
* Date:           Mon Oct 30 17:12:39 2023

* Version:        2023.1 (Build 3854077 on May  4 2023)
* Project:        srcnn_hls
* Solution:       solution1 (Vivado IP Flow Target)
* Product family: zynquplus
* Target device:  xck26-sfvc784-2LV-c


================================================================
== Performance Estimates
================================================================
+ Timing: 
    * Summary: 
    +--------+----------+----------+------------+
    |  Clock |  Target  | Estimated| Uncertainty|
    +--------+----------+----------+------------+
    |ap_clk  |  10.00 ns|  2.079 ns|     2.70 ns|
    +--------+----------+----------+------------+

+ Latency: 
    * Summary: 
    +---------+---------+----------+----------+-------+-------+---------+
    |  Latency (cycles) |  Latency (absolute) |    Interval   | Pipeline|
    |   min   |   max   |    min   |    max   |  min  |  max  |   Type  |
    +---------+---------+----------+----------+-------+-------+---------+
    |    18498|    18498|  0.185 ms|  0.185 ms|  18498|  18498|       no|
    +---------+---------+----------+----------+-------+-------+---------+

    + Detail: 
        * Instance: 
        N/A

        * Loop: 
        +----------+---------+---------+----------+-----------+-----------+-------+----------+
        |          |  Latency (cycles) | Iteration|  Initiation Interval  |  Trip |          |
        | Loop Name|   min   |   max   |  Latency |  achieved |   target  | Count | Pipelined|
        +----------+---------+---------+----------+-----------+-----------+-------+----------+
        |- Loop 1  |    18496|    18496|         1|          1|          1|  18496|       yes|
        +----------+---------+---------+----------+-----------+-----------+-------+----------+



================================================================
== Utilization Estimates
================================================================
* Summary: 
+-----------------+---------+------+--------+--------+-----+
|       Name      | BRAM_18K|  DSP |   FF   |   LUT  | URAM|
+-----------------+---------+------+--------+--------+-----+
|DSP              |        -|     -|       -|       -|    -|
|Expression       |        -|     -|       0|      44|    -|
|FIFO             |        -|     -|       -|       -|    -|
|Instance         |        -|     -|       -|       -|    -|
|Memory           |        -|     -|       -|       -|    -|
|Multiplexer      |        -|     -|       -|      27|    -|
|Register         |        -|     -|      17|       -|    -|
+-----------------+---------+------+--------+--------+-----+
|Total            |        0|     0|      17|      71|    0|
+-----------------+---------+------+--------+--------+-----+
|Available        |      288|  1248|  234240|  117120|   64|
+-----------------+---------+------+--------+--------+-----+
|Utilization (%)  |        0|     0|      ~0|      ~0|    0|
+-----------------+---------+------+--------+--------+-----+

+ Detail: 
    * Instance: 
    N/A

    * DSP: 
    N/A

    * Memory: 
    N/A

    * FIFO: 
    N/A

    * Expression: 
    +-----------------------+----------+----+---+----+------------+------------+
    |     Variable Name     | Operation| DSP| FF| LUT| Bitwidth P0| Bitwidth P1|
    +-----------------------+----------+----+---+----+------------+------------+
    |empty_107_fu_58_p2     |         +|   0|  0|  22|          15|           1|
    |exitcond6015_fu_52_p2  |      icmp|   0|  0|  22|          15|          15|
    +-----------------------+----------+----+---+----+------------+------------+
    |Total                  |          |   0|  0|  44|          30|          16|
    +-----------------------+----------+----+---+----+------------+------------+

    * Multiplexer: 
    +-------------------------+----+-----------+-----+-----------+
    |           Name          | LUT| Input Size| Bits| Total Bits|
    +-------------------------+----+-----------+-----+-----------+
    |ap_done_int              |   9|          2|    1|          2|
    |ap_sig_allocacmp_p_load  |   9|          2|   15|         30|
    |empty_fu_26              |   9|          2|   15|         30|
    +-------------------------+----+-----------+-----+-----------+
    |Total                    |  27|          6|   31|         62|
    +-------------------------+----+-----------+-----+-----------+

    * Register: 
    +-------------+----+----+-----+-----------+
    |     Name    | FF | LUT| Bits| Const Bits|
    +-------------+----+----+-----+-----------+
    |ap_CS_fsm    |   1|   0|    1|          0|
    |ap_done_reg  |   1|   0|    1|          0|
    |empty_fu_26  |  15|   0|   15|          0|
    +-------------+----+----+-----+-----------+
    |Total        |  17|   0|   17|          0|
    +-------------+----+----+-----+-----------+



================================================================
== Interface
================================================================
* Summary: 
+-----------------------------+-----+-----+------------+--------------------+--------------+
|          RTL Ports          | Dir | Bits|  Protocol  |    Source Object   |    C Type    |
+-----------------------------+-----+-----+------------+--------------------+--------------+
|ap_clk                       |   in|    1|  ap_ctrl_hs|    conv1_Pipeline_5|  return value|
|ap_rst                       |   in|    1|  ap_ctrl_hs|    conv1_Pipeline_5|  return value|
|ap_start                     |   in|    1|  ap_ctrl_hs|    conv1_Pipeline_5|  return value|
|ap_done                      |  out|    1|  ap_ctrl_hs|    conv1_Pipeline_5|  return value|
|ap_idle                      |  out|    1|  ap_ctrl_hs|    conv1_Pipeline_5|  return value|
|ap_ready                     |  out|    1|  ap_ctrl_hs|    conv1_Pipeline_5|  return value|
|output_fm_buffer_1_address0  |  out|   15|   ap_memory|  output_fm_buffer_1|         array|
|output_fm_buffer_1_ce0       |  out|    1|   ap_memory|  output_fm_buffer_1|         array|
|output_fm_buffer_1_we0       |  out|    1|   ap_memory|  output_fm_buffer_1|         array|
|output_fm_buffer_1_d0        |  out|   32|   ap_memory|  output_fm_buffer_1|         array|
+-----------------------------+-----+-----+------------+--------------------+--------------+

