

================================================================
== Vitis HLS Report for 'conv1_Pipeline_RELU7'
================================================================
* Date:           Sat Nov  4 17:40:39 2023

* Version:        2023.1 (Build 3854077 on May  4 2023)
* Project:        srcnn_hls
* Solution:       solution1 (Vivado IP Flow Target)
* Product family: zynquplus
* Target device:  xck24-ubva530-2LV-c


================================================================
== Performance Estimates
================================================================
+ Timing: 
    * Summary: 
    +--------+----------+----------+------------+
    |  Clock |  Target  | Estimated| Uncertainty|
    +--------+----------+----------+------------+
    |ap_clk  |  10.00 ns|  6.437 ns|     2.70 ns|
    +--------+----------+----------+------------+

+ Latency: 
    * Summary: 
    +---------+---------+----------+----------+-----+-----+---------+
    |  Latency (cycles) |  Latency (absolute) |  Interval | Pipeline|
    |   min   |   max   |    min   |    max   | min | max |   Type  |
    +---------+---------+----------+----------+-----+-----+---------+
    |      517|      517|  5.170 us|  5.170 us|  517|  517|       no|
    +---------+---------+----------+----------+-----+-----+---------+

    + Detail: 
        * Instance: 
        N/A

        * Loop: 
        +----------+---------+---------+----------+-----------+-----------+------+----------+
        |          |  Latency (cycles) | Iteration|  Initiation Interval  | Trip |          |
        | Loop Name|   min   |   max   |  Latency |  achieved |   target  | Count| Pipelined|
        +----------+---------+---------+----------+-----------+-----------+------+----------+
        |- RELU    |      515|      515|         8|          2|          2|   255|       yes|
        +----------+---------+---------+----------+-----------+-----------+------+----------+



================================================================
== Utilization Estimates
================================================================
* Summary: 
+-----------------+---------+-----+--------+-------+-----+
|       Name      | BRAM_18K| DSP |   FF   |  LUT  | URAM|
+-----------------+---------+-----+--------+-------+-----+
|DSP              |        -|    -|       -|      -|    -|
|Expression       |        -|    -|       0|    113|    -|
|FIFO             |        -|    -|       -|      -|    -|
|Instance         |        -|    -|       0|      9|    -|
|Memory           |        -|    -|       -|      -|    -|
|Multiplexer      |        -|    -|       -|     87|    -|
|Register         |        -|    -|     303|     96|    -|
+-----------------+---------+-----+--------+-------+-----+
|Total            |        0|    0|     303|    305|    0|
+-----------------+---------+-----+--------+-------+-----+
|Available        |      432|  360|  141120|  70560|    0|
+-----------------+---------+-----+--------+-------+-----+
|Utilization (%)  |        0|    0|      ~0|     ~0|    0|
+-----------------+---------+-----+--------+-------+-----+

+ Detail: 
    * Instance: 
    +---------------------+----------------+---------+----+---+----+-----+
    |       Instance      |     Module     | BRAM_18K| DSP| FF| LUT| URAM|
    +---------------------+----------------+---------+----+---+----+-----+
    |mux_2_1_32_1_1_U107  |mux_2_1_32_1_1  |        0|   0|  0|   9|    0|
    +---------------------+----------------+---------+----+---+----+-----+
    |Total                |                |        0|   0|  0|   9|    0|
    +---------------------+----------------+---------+----+---+----+-----+

    * DSP: 
    N/A

    * Memory: 
    N/A

    * FIFO: 
    N/A

    * Expression: 
    +------------------------+----------+----+---+----+------------+------------+
    |      Variable Name     | Operation| DSP| FF| LUT| Bitwidth P0| Bitwidth P1|
    +------------------------+----------+----+---+----+------------+------------+
    |add_ln137_fu_121_p2     |         +|   0|  0|  15|           8|           1|
    |and_ln142_fu_202_p2     |       and|   0|  0|   2|           1|           1|
    |icmp_ln137_fu_115_p2    |      icmp|   0|  0|  15|           8|           2|
    |icmp_ln142_1_fu_190_p2  |      icmp|   0|  0|  30|          23|           1|
    |icmp_ln142_fu_184_p2    |      icmp|   0|  0|  15|           8|           2|
    |or_ln142_fu_196_p2      |        or|   0|  0|   2|           1|           1|
    |value_1_fu_208_p3       |    select|   0|  0|  32|           1|           1|
    |ap_enable_pp0           |       xor|   0|  0|   2|           1|           2|
    +------------------------+----------+----+---+----+------------+------------+
    |Total                   |          |   0|  0| 113|          51|          11|
    +------------------------+----------+----+---+----+------------+------------+

    * Multiplexer: 
    +-------------------------------------------------------------------+----+-----------+-----+-----------+
    |                                Name                               | LUT| Input Size| Bits| Total Bits|
    +-------------------------------------------------------------------+----+-----------+-----+-----------+
    |ap_NS_fsm                                                          |  14|          3|    1|          3|
    |ap_done_int                                                        |   9|          2|    1|          2|
    |ap_enable_reg_pp0_iter0                                            |   9|          2|    1|          2|
    |ap_enable_reg_pp0_iter1                                            |   9|          2|    1|          2|
    |ap_sig_allocacmp_bw                                                |   9|          2|    8|         16|
    |bw_3_fu_56                                                         |   9|          2|    8|         16|
    |conv1_float_255_255_float_1_9_9_float_float_255_255_ou_1_address0  |  14|          3|   14|         42|
    |conv1_float_255_255_float_1_9_9_float_float_255_255_ou_address0    |  14|          3|   14|         42|
    +-------------------------------------------------------------------+----+-----------+-----+-----------+
    |Total                                                              |  87|         19|   48|        125|
    +-------------------------------------------------------------------+----+-----------+-----+-----------+

    * Register: 
    +------------------------------------------------------------------+----+----+-----+-----------+
    |                               Name                               | FF | LUT| Bits| Const Bits|
    +------------------------------------------------------------------+----+----+-----+-----------+
    |ap_CS_fsm                                                         |   2|   0|    2|          0|
    |ap_done_reg                                                       |   1|   0|    1|          0|
    |ap_enable_reg_pp0_iter0_reg                                       |   1|   0|    1|          0|
    |ap_enable_reg_pp0_iter1                                           |   1|   0|    1|          0|
    |ap_enable_reg_pp0_iter2                                           |   1|   0|    1|          0|
    |ap_enable_reg_pp0_iter3                                           |   1|   0|    1|          0|
    |ap_loop_exit_ready_pp0_iter1_reg                                  |   1|   0|    1|          0|
    |ap_loop_exit_ready_pp0_iter2_reg                                  |   1|   0|    1|          0|
    |bw_3_fu_56                                                        |   8|   0|    8|          0|
    |conv1_float_255_255_float_1_9_9_float_float_255_255_ou_2_reg_233  |  14|   0|   14|          0|
    |conv1_float_255_255_float_1_9_9_float_float_255_255_ou_3_reg_238  |  14|   0|   14|          0|
    |icmp_ln137_reg_229                                                |   1|   0|    1|          0|
    |tmp_125_reg_243                                                   |   1|   0|    1|          0|
    |tmp_179_reg_248                                                   |  32|   0|   32|          0|
    |value_reg_253                                                     |  32|   0|   32|          0|
    |conv1_float_255_255_float_1_9_9_float_float_255_255_ou_2_reg_233  |  64|  32|   14|          0|
    |conv1_float_255_255_float_1_9_9_float_float_255_255_ou_3_reg_238  |  64|  32|   14|          0|
    |tmp_125_reg_243                                                   |  64|  32|    1|          0|
    +------------------------------------------------------------------+----+----+-----+-----------+
    |Total                                                             | 303|  96|  140|          0|
    +------------------------------------------------------------------+----+----+-----+-----------+



================================================================
== Interface
================================================================
* Summary: 
+-------------------------------------------------------------------+-----+-----+------------+----------------------------------------------------------+--------------+
|                             RTL Ports                             | Dir | Bits|  Protocol  |                       Source Object                      |    C Type    |
+-------------------------------------------------------------------+-----+-----+------------+----------------------------------------------------------+--------------+
|ap_clk                                                             |   in|    1|  ap_ctrl_hs|                                      conv1_Pipeline_RELU7|  return value|
|ap_rst                                                             |   in|    1|  ap_ctrl_hs|                                      conv1_Pipeline_RELU7|  return value|
|ap_start                                                           |   in|    1|  ap_ctrl_hs|                                      conv1_Pipeline_RELU7|  return value|
|ap_done                                                            |  out|    1|  ap_ctrl_hs|                                      conv1_Pipeline_RELU7|  return value|
|ap_idle                                                            |  out|    1|  ap_ctrl_hs|                                      conv1_Pipeline_RELU7|  return value|
|ap_ready                                                           |  out|    1|  ap_ctrl_hs|                                      conv1_Pipeline_RELU7|  return value|
|grp_fu_2561_p_din0                                                 |  out|   32|  ap_ctrl_hs|                                      conv1_Pipeline_RELU7|  return value|
|grp_fu_2561_p_din1                                                 |  out|   32|  ap_ctrl_hs|                                      conv1_Pipeline_RELU7|  return value|
|grp_fu_2561_p_opcode                                               |  out|    5|  ap_ctrl_hs|                                      conv1_Pipeline_RELU7|  return value|
|grp_fu_2561_p_dout0                                                |   in|    1|  ap_ctrl_hs|                                      conv1_Pipeline_RELU7|  return value|
|grp_fu_2561_p_ce                                                   |  out|    1|  ap_ctrl_hs|                                      conv1_Pipeline_RELU7|  return value|
|grp_fu_2525_p_din0                                                 |  out|   32|  ap_ctrl_hs|                                      conv1_Pipeline_RELU7|  return value|
|grp_fu_2525_p_din1                                                 |  out|   32|  ap_ctrl_hs|                                      conv1_Pipeline_RELU7|  return value|
|grp_fu_2525_p_opcode                                               |  out|    2|  ap_ctrl_hs|                                      conv1_Pipeline_RELU7|  return value|
|grp_fu_2525_p_dout0                                                |   in|   32|  ap_ctrl_hs|                                      conv1_Pipeline_RELU7|  return value|
|grp_fu_2525_p_ce                                                   |  out|    1|  ap_ctrl_hs|                                      conv1_Pipeline_RELU7|  return value|
|tmp_552                                                            |   in|    7|     ap_none|                                                   tmp_552|        scalar|
|empty                                                              |   in|   32|     ap_none|                                                     empty|        scalar|
|conv1_float_255_255_float_1_9_9_float_float_255_255_ou_1_address0  |  out|   14|   ap_memory|  conv1_float_255_255_float_1_9_9_float_float_255_255_ou_1|         array|
|conv1_float_255_255_float_1_9_9_float_float_255_255_ou_1_ce0       |  out|    1|   ap_memory|  conv1_float_255_255_float_1_9_9_float_float_255_255_ou_1|         array|
|conv1_float_255_255_float_1_9_9_float_float_255_255_ou_1_we0       |  out|    1|   ap_memory|  conv1_float_255_255_float_1_9_9_float_float_255_255_ou_1|         array|
|conv1_float_255_255_float_1_9_9_float_float_255_255_ou_1_d0        |  out|   32|   ap_memory|  conv1_float_255_255_float_1_9_9_float_float_255_255_ou_1|         array|
|conv1_float_255_255_float_1_9_9_float_float_255_255_ou_1_q0        |   in|   32|   ap_memory|  conv1_float_255_255_float_1_9_9_float_float_255_255_ou_1|         array|
|conv1_float_255_255_float_1_9_9_float_float_255_255_ou_address0    |  out|   14|   ap_memory|    conv1_float_255_255_float_1_9_9_float_float_255_255_ou|         array|
|conv1_float_255_255_float_1_9_9_float_float_255_255_ou_ce0         |  out|    1|   ap_memory|    conv1_float_255_255_float_1_9_9_float_float_255_255_ou|         array|
|conv1_float_255_255_float_1_9_9_float_float_255_255_ou_we0         |  out|    1|   ap_memory|    conv1_float_255_255_float_1_9_9_float_float_255_255_ou|         array|
|conv1_float_255_255_float_1_9_9_float_float_255_255_ou_d0          |  out|   32|   ap_memory|    conv1_float_255_255_float_1_9_9_float_float_255_255_ou|         array|
|conv1_float_255_255_float_1_9_9_float_float_255_255_ou_q0          |   in|   32|   ap_memory|    conv1_float_255_255_float_1_9_9_float_float_255_255_ou|         array|
+-------------------------------------------------------------------+-----+-----+------------+----------------------------------------------------------+--------------+

