

================================================================
== Vitis HLS Report for 'conv2'
================================================================
* Date:           Mon Oct 30 16:35:31 2023

* Version:        2023.1 (Build 3854077 on May  4 2023)
* Project:        srcnn_hls
* Solution:       solution1 (Vivado IP Flow Target)
* Product family: zynquplus
* Target device:  xck26-sfvc784-2LV-c


================================================================
== Performance Estimates
================================================================
+ Timing: 
    * Summary: 
    +--------+----------+----------+------------+
    |  Clock |  Target  | Estimated| Uncertainty|
    +--------+----------+----------+------------+
    |ap_clk  |  10.00 ns|  7.300 ns|     2.70 ns|
    +--------+----------+----------+------------+

+ Latency: 
    * Summary: 
    +-----------+-----------+-----------+-----------+-----------+-----------+---------+
    |    Latency (cycles)   |   Latency (absolute)  |        Interval       | Pipeline|
    |    min    |    max    |    min    |    max    |    min    |    max    |   Type  |
    +-----------+-----------+-----------+-----------+-----------+-----------+---------+
    |  702872131|  702872131|  7.029 sec|  7.029 sec|  702872131|  702872131|       no|
    +-----------+-----------+-----------+-----------+-----------+-----------+---------+

    + Detail: 
        * Instance: 
        N/A

        * Loop: 
        +-----------------------------+-----------+-----------+----------+-----------+-----------+------+----------+
        |                             |    Latency (cycles)   | Iteration|  Initiation Interval  | Trip |          |
        |          Loop Name          |    min    |    max    |  Latency |  achieved |   target  | Count| Pipelined|
        +-----------------------------+-----------+-----------+----------+-----------+-----------+------+----------+
        |- TJ                         |  702872130|  702872130|  46858142|          -|          -|    15|        no|
        | + TI                        |   46858140|   46858140|   3123876|          -|          -|    15|        no|
        |  ++ TN                      |    2909728|    2909728|    363716|          -|          -|     8|        no|
        |   +++ TN.1                  |       2312|       2312|         1|          -|          -|  2312|        no|
        |   +++ VITIS_LOOP_98_1       |       8312|       8312|      1039|          -|          -|     8|        no|
        |    ++++ VITIS_LOOP_99_2     |       1037|       1037|        61|          -|          -|    17|        no|
        |     +++++ VITIS_LOOP_100_3  |         51|         51|         3|          -|          -|    17|        no|
        |   +++ NOUT                  |     353088|     353088|     11034|          -|          -|    32|        no|
        |    ++++ TY                  |      11016|      11016|       648|          -|          -|    17|        no|
        |     +++++ TX                |        646|        646|        38|          -|          -|    17|        no|
        |  ++ VITIS_LOOP_120_1        |     204896|     204896|      6403|          -|          -|    32|        no|
        |   +++ VITIS_LOOP_121_2      |       6392|       6392|       376|          -|          -|    17|        no|
        |    ++++ VITIS_LOOP_122_3    |        374|        374|        22|          -|          -|    17|        no|
        |  ++ TI.3                    |       9248|       9248|         1|          -|          -|  9248|        no|
        +-----------------------------+-----------+-----------+----------+-----------+-----------+------+----------+



================================================================
== Utilization Estimates
================================================================
* Summary: 
+-----------------+---------+------+--------+--------+-----+
|       Name      | BRAM_18K|  DSP |   FF   |   LUT  | URAM|
+-----------------+---------+------+--------+--------+-----+
|DSP              |        -|     -|       -|       -|    -|
|Expression       |        -|     -|       0|    1631|    -|
|FIFO             |        -|     -|       -|       -|    -|
|Instance         |        -|     4|     128|     141|    -|
|Memory           |       30|     -|       0|       0|    0|
|Multiplexer      |        -|     -|       -|    1066|    -|
|Register         |        -|     -|    2053|       -|    -|
+-----------------+---------+------+--------+--------+-----+
|Total            |       30|     4|    2181|    2838|    0|
+-----------------+---------+------+--------+--------+-----+
|Available        |      288|  1248|  234240|  117120|   64|
+-----------------+---------+------+--------+--------+-----+
|Utilization (%)  |       10|    ~0|      ~0|       2|    0|
+-----------------+---------+------+--------+--------+-----+

+ Detail: 
    * Instance: 
    +-----------------------------------+-------------------------------+---------+----+-----+-----+-----+
    |              Instance             |             Module            | BRAM_18K| DSP|  FF | LUT | URAM|
    +-----------------------------------+-------------------------------+---------+----+-----+-----+-----+
    |fmul_32ns_32ns_32_3_max_dsp_1_U15  |fmul_32ns_32ns_32_3_max_dsp_1  |        0|   3|  128|  135|    0|
    |mul_6ns_19ns_24_1_1_U17            |mul_6ns_19ns_24_1_1            |        0|   1|    0|    6|    0|
    +-----------------------------------+-------------------------------+---------+----+-----+-----+-----+
    |Total                              |                               |        0|   4|  128|  141|    0|
    +-----------------------------------+-------------------------------+---------+----+-----+-----+-----+

    * DSP: 
    N/A

    * Memory: 
    +---------------------+---------------------------------------+---------+---+----+-----+------+-----+------+-------------+
    |        Memory       |                 Module                | BRAM_18K| FF| LUT| URAM| Words| Bits| Banks| W*Bits*Banks|
    +---------------------+---------------------------------------+---------+---+----+-----+------+-----+------+-------------+
    |input_fm_buffer_1_U  |conv2_input_fm_buffer_1_RAM_AUTO_1R1W  |        8|  0|   0|    0|  2312|   32|     1|        73984|
    |output_fm_buffer_U   |conv2_output_fm_buffer_RAM_AUTO_1R1W   |       22|  0|   0|    0|  9248|   32|     1|       295936|
    +---------------------+---------------------------------------+---------+---+----+-----+------+-----+------+-------------+
    |Total                |                                       |       30|  0|   0|    0| 11560|   64|     2|       369920|
    +---------------------+---------------------------------------+---------+---+----+-----+------+-----+------+-------------+

    * FIFO: 
    N/A

    * Expression: 
    +-------------------------+----------+----+---+----+------------+------------+
    |      Variable Name      | Operation| DSP| FF| LUT| Bitwidth P0| Bitwidth P1|
    +-------------------------+----------+----+---+----+------------+------------+
    |add_ln100_fu_917_p2      |         +|   0|  0|  12|           5|           1|
    |add_ln107_5_fu_782_p2    |         +|   0|  0|  19|          12|          12|
    |add_ln107_6_fu_901_p2    |         +|   0|  0|  19|          12|          12|
    |add_ln107_fu_761_p2      |         +|   0|  0|  16|           9|           9|
    |add_ln120_1_fu_1267_p2   |         +|   0|  0|  30|          23|          18|
    |add_ln120_fu_1305_p2     |         +|   0|  0|  13|           6|           1|
    |add_ln121_fu_1380_p2     |         +|   0|  0|  12|           5|           1|
    |add_ln122_fu_1441_p2     |         +|   0|  0|  12|           5|           1|
    |add_ln124_10_fu_1364_p2  |         +|   0|  0|  21|          14|          14|
    |add_ln124_11_fu_1425_p2  |         +|   0|  0|  21|          14|          14|
    |add_ln124_4_fu_1456_p2   |         +|   0|  0|  15|           8|           8|
    |add_ln124_5_fu_1482_p2   |         +|   0|  0|  71|          64|          64|
    |add_ln124_6_fu_1330_p2   |         +|   0|  0|  71|          64|          64|
    |add_ln124_7_fu_1473_p2   |         +|   0|  0|  26|          19|          19|
    |add_ln124_8_fu_1289_p2   |         +|   0|  0|  18|          11|          11|
    |add_ln124_9_fu_1343_p2   |         +|   0|  0|  18|          11|          11|
    |add_ln124_fu_1447_p2     |         +|   0|  0|  12|           5|           5|
    |add_ln30_fu_616_p2       |         +|   0|  0|  12|           4|           1|
    |add_ln31_fu_636_p2       |         +|   0|  0|  12|           4|           1|
    |add_ln38_fu_664_p2       |         +|   0|  0|  12|           4|           1|
    |add_ln52_fu_955_p2       |         +|   0|  0|  13|           6|           1|
    |add_ln54_fu_1143_p2      |         +|   0|  0|  12|           5|           1|
    |add_ln55_fu_1261_p2      |         +|   0|  0|  12|           5|           1|
    |add_ln69_10_fu_1185_p2   |         +|   0|  0|  18|          11|          11|
    |add_ln69_11_fu_1195_p2   |         +|   0|  0|  18|          11|          11|
    |add_ln69_12_fu_1205_p2   |         +|   0|  0|  18|          11|          11|
    |add_ln69_13_fu_1215_p2   |         +|   0|  0|  18|          11|          11|
    |add_ln69_14_fu_1225_p2   |         +|   0|  0|  19|          12|          12|
    |add_ln69_15_fu_1235_p2   |         +|   0|  0|  19|          12|          12|
    |add_ln69_1_fu_1068_p2    |         +|   0|  0|  17|          10|           9|
    |add_ln69_2_fu_1074_p2    |         +|   0|  0|  18|          11|          10|
    |add_ln69_3_fu_1080_p2    |         +|   0|  0|  18|          11|          10|
    |add_ln69_4_fu_1086_p2    |         +|   0|  0|  18|          11|          11|
    |add_ln69_5_fu_1092_p2    |         +|   0|  0|  18|          11|          11|
    |add_ln69_6_fu_1098_p2    |         +|   0|  0|  19|          12|          11|
    |add_ln69_7_fu_1104_p2    |         +|   0|  0|  19|          12|          11|
    |add_ln69_8_fu_1165_p2    |         +|   0|  0|  17|          10|          10|
    |add_ln69_9_fu_1175_p2    |         +|   0|  0|  17|          10|          10|
    |add_ln69_fu_1054_p2      |         +|   0|  0|  17|          10|          10|
    |add_ln98_fu_721_p2       |         +|   0|  0|  12|           4|           1|
    |add_ln99_fu_798_p2       |         +|   0|  0|  12|           5|           1|
    |empty_69_fu_676_p2       |         +|   0|  0|  19|          12|           1|
    |empty_70_fu_727_p2       |         +|   0|  0|  13|           6|           6|
    |empty_72_fu_804_p2       |         +|   0|  0|  15|           8|           8|
    |empty_74_fu_871_p2       |         +|   0|  0|  64|          64|          64|
    |empty_76_fu_943_p2       |         +|   0|  0|  18|          11|          11|
    |empty_78_fu_982_p2       |         +|   0|  0|  64|          64|          64|
    |empty_88_fu_1110_p2      |         +|   0|  0|  18|          11|          11|
    |empty_90_fu_1131_p2      |         +|   0|  0|  21|          14|          14|
    |empty_91_fu_1245_p2      |         +|   0|  0|  21|          14|          14|
    |empty_92_fu_1311_p2      |         +|   0|  0|  70|          63|          63|
    |empty_94_fu_1386_p2      |         +|   0|  0|  15|           8|           8|
    |empty_96_fu_1567_p2      |         +|   0|  0|  21|          14|           1|
    |tmp1_fu_866_p2           |         +|   0|  0|  64|          64|          64|
    |tmp2_fu_857_p2           |         +|   0|  0|  32|          25|          25|
    |tmp3_fu_977_p2           |         +|   0|  0|  64|          64|          64|
    |empty_73_fu_833_p2       |         -|   0|  0|  26|          19|          19|
    |sub_ln124_fu_1415_p2     |         -|   0|  0|  26|          19|          19|
    |and_ln125_fu_1547_p2     |       and|   0|  0|   2|           1|           1|
    |exitcond12_fu_670_p2     |      icmp|   0|  0|  19|          12|          12|
    |exitcond6823_fu_1561_p2  |      icmp|   0|  0|  21|          14|          14|
    |icmp_ln100_fu_911_p2     |      icmp|   0|  0|  12|           5|           5|
    |icmp_ln120_fu_1299_p2    |      icmp|   0|  0|  14|           6|           7|
    |icmp_ln121_fu_1374_p2    |      icmp|   0|  0|  12|           5|           5|
    |icmp_ln122_fu_1435_p2    |      icmp|   0|  0|  12|           5|           5|
    |icmp_ln125_1_fu_1535_p2  |      icmp|   0|  0|  30|          23|           1|
    |icmp_ln125_fu_1529_p2    |      icmp|   0|  0|  15|           8|           2|
    |icmp_ln30_fu_610_p2      |      icmp|   0|  0|  12|           4|           2|
    |icmp_ln31_fu_630_p2      |      icmp|   0|  0|  12|           4|           2|
    |icmp_ln38_fu_658_p2      |      icmp|   0|  0|  12|           4|           5|
    |icmp_ln52_fu_949_p2      |      icmp|   0|  0|  14|           6|           7|
    |icmp_ln54_fu_1137_p2     |      icmp|   0|  0|  12|           5|           5|
    |icmp_ln55_fu_1255_p2     |      icmp|   0|  0|  12|           5|           5|
    |icmp_ln98_fu_715_p2      |      icmp|   0|  0|  12|           4|           5|
    |icmp_ln99_fu_792_p2      |      icmp|   0|  0|  12|           5|           5|
    |or_ln125_fu_1541_p2      |        or|   0|  0|   2|           1|           1|
    |select_ln125_fu_1553_p3  |    select|   0|  0|  32|           1|           1|
    +-------------------------+----------+----+---+----+------------+------------+
    |Total                    |          |   0|  0|1631|        1098|         990|
    +-------------------------+----------+----+---+----+------------+------------+

    * Multiplexer: 
    +----------------------------+-----+-----------+-----+-----------+
    |            Name            | LUT | Input Size| Bits| Total Bits|
    +----------------------------+-----+-----------+-----+-----------+
    |ap_NS_fsm                   |  540|        109|    1|        109|
    |bx_reg_447                  |    9|          2|    5|         10|
    |by_reg_436                  |    9|          2|    5|         10|
    |empty_95_reg_535            |    9|          2|   14|         28|
    |empty_reg_414               |    9|          2|   12|         24|
    |gmem_blk_n_AR               |    9|          2|    1|          2|
    |gmem_blk_n_AW               |    9|          2|    1|          2|
    |gmem_blk_n_B                |    9|          2|    1|          2|
    |gmem_blk_n_R                |    9|          2|    1|          2|
    |gmem_blk_n_W                |    9|          2|    1|          2|
    |grp_fu_546_p0               |   20|          4|   32|        128|
    |grp_fu_546_p1               |   59|         11|   32|        352|
    |grp_fu_550_p0               |   26|          5|   32|        160|
    |grp_fu_550_p1               |   20|          4|   32|        128|
    |grp_fu_554_p0               |   26|          5|   32|        160|
    |grp_fu_554_p1               |   20|          4|   32|        128|
    |input_fm_buffer_1_address0  |   37|          7|   12|         84|
    |input_fm_buffer_1_address1  |   26|          5|   12|         60|
    |input_fm_buffer_1_d0        |   14|          3|   32|         96|
    |m_axi_gmem_ARADDR           |   26|          5|   64|        320|
    |m_axi_gmem_ARLEN            |   20|          4|   32|        128|
    |nin_reg_425                 |    9|          2|    4|          8|
    |nout_1_reg_458              |    9|          2|    6|         12|
    |nout_reg_491                |    9|          2|    6|         12|
    |output_fm_buffer_address0   |   20|          4|   14|         56|
    |output_fm_buffer_d0         |   14|          3|   32|         96|
    |phi_mul_reg_502             |    9|          2|   23|         46|
    |reg_563                     |    9|          2|   32|         64|
    |reg_569                     |    9|          2|   32|         64|
    |ti_reg_390                  |    9|          2|    4|          8|
    |tj_fu_192                   |    9|          2|    4|          8|
    |tn_reg_402                  |    9|          2|    4|          8|
    |tx_3_reg_480                |    9|          2|    5|         10|
    |tx_reg_524                  |    9|          2|    5|         10|
    |ty_3_reg_469                |    9|          2|    5|         10|
    |ty_reg_513                  |    9|          2|    5|         10|
    +----------------------------+-----+-----------+-----+-----------+
    |Total                       | 1066|        217|  567|       2357|
    +----------------------------+-----+-----------+-----+-----------+

    * Register: 
    +-----------------------------------+-----+----+-----+-----------+
    |                Name               |  FF | LUT| Bits| Const Bits|
    +-----------------------------------+-----+----+-----+-----------+
    |add_ln100_reg_1713                 |    5|   0|    5|          0|
    |add_ln107_5_reg_1686               |   12|   0|   12|          0|
    |add_ln120_1_reg_1973               |   23|   0|   23|          0|
    |add_ln120_reg_1986                 |    6|   0|    6|          0|
    |add_ln121_reg_2015                 |    5|   0|    5|          0|
    |add_ln122_reg_2033                 |    5|   0|    5|          0|
    |add_ln124_10_reg_2007              |   14|   0|   14|          0|
    |add_ln124_6_reg_1997               |   64|   0|   64|          0|
    |add_ln124_8_reg_1978               |   11|   0|   11|          0|
    |add_ln30_reg_1608                  |    4|   0|    4|          0|
    |add_ln31_reg_1622                  |    4|   0|    4|          0|
    |add_ln38_reg_1640                  |    4|   0|    4|          0|
    |add_ln52_reg_1731                  |    6|   0|    6|          0|
    |add_ln54_reg_1855                  |    5|   0|    5|          0|
    |add_ln55_reg_1908                  |    5|   0|    5|          0|
    |add_ln69_1_reg_1812                |   10|   0|   10|          0|
    |add_ln69_2_reg_1817                |   11|   0|   11|          0|
    |add_ln69_3_reg_1822                |   11|   0|   11|          0|
    |add_ln69_4_reg_1827                |   11|   0|   11|          0|
    |add_ln69_5_reg_1832                |   11|   0|   11|          0|
    |add_ln69_6_reg_1837                |   12|   0|   12|          0|
    |add_ln69_7_reg_1842                |   12|   0|   12|          0|
    |add_ln69_reg_1807                  |   10|   0|   10|          0|
    |add_ln98_reg_1671                  |    4|   0|    4|          0|
    |add_ln99_reg_1694                  |    5|   0|    5|          0|
    |ap_CS_fsm                          |  108|   0|  108|          0|
    |bx_reg_447                         |    5|   0|    5|          0|
    |by_reg_436                         |    5|   0|    5|          0|
    |empty_76_reg_1723                  |   11|   0|   11|          0|
    |empty_80_reg_1777                  |   32|   0|   32|          0|
    |empty_81_reg_1782                  |   32|   0|   32|          0|
    |empty_82_reg_1752                  |   32|   0|   32|          0|
    |empty_83_reg_1787                  |   32|   0|   32|          0|
    |empty_84_reg_1792                  |   32|   0|   32|          0|
    |empty_85_reg_1767                  |   32|   0|   32|          0|
    |empty_86_reg_1797                  |   32|   0|   32|          0|
    |empty_87_reg_1802                  |   32|   0|   32|          0|
    |empty_90_reg_1847                  |   14|   0|   14|          0|
    |empty_93_reg_2002                  |   32|   0|   32|          0|
    |empty_95_reg_535                   |   14|   0|   14|          0|
    |empty_reg_414                      |   12|   0|   12|          0|
    |gmem_addr_6_read_reg_2045          |   32|   0|   32|          0|
    |gmem_addr_6_reg_2038               |   64|   0|   64|          0|
    |gmem_addr_7_read_1_reg_1747        |   32|   0|   32|          0|
    |gmem_addr_7_read_3_reg_1757        |   32|   0|   32|          0|
    |gmem_addr_7_read_4_reg_1762        |   32|   0|   32|          0|
    |gmem_addr_7_read_6_reg_1772        |   32|   0|   32|          0|
    |gmem_addr_7_read_reg_1742          |   32|   0|   32|          0|
    |gmem_addr_7_reg_1736               |   64|   0|   64|          0|
    |gmem_addr_8_read_reg_1718          |   32|   0|   32|          0|
    |gmem_addr_8_reg_1699               |   64|   0|   64|          0|
    |gmem_addr_reg_1991                 |   64|   0|   64|          0|
    |input_fm_buffer_1_addr_1_reg_1705  |   12|   0|   12|          0|
    |input_fm_buffer_1_addr_4_reg_1870  |   11|   0|   12|          1|
    |input_fm_buffer_1_addr_5_reg_1875  |   11|   0|   12|          1|
    |input_fm_buffer_1_addr_6_reg_1880  |   11|   0|   12|          1|
    |input_fm_buffer_1_addr_7_reg_1885  |   11|   0|   12|          1|
    |input_fm_buffer_1_addr_8_reg_1890  |   12|   0|   12|          0|
    |input_fm_buffer_1_addr_9_reg_1895  |   12|   0|   12|          0|
    |input_fm_buffer_1_load_2_reg_1913  |   32|   0|   32|          0|
    |input_fm_buffer_1_load_3_reg_1918  |   32|   0|   32|          0|
    |input_fm_buffer_1_load_4_reg_1923  |   32|   0|   32|          0|
    |input_fm_buffer_1_load_5_reg_1928  |   32|   0|   32|          0|
    |mul50_1_reg_1938                   |   32|   0|   32|          0|
    |mul50_2_reg_1943                   |   32|   0|   32|          0|
    |mul50_3_reg_1948                   |   32|   0|   32|          0|
    |mul50_4_reg_1953                   |   32|   0|   32|          0|
    |mul50_5_reg_1958                   |   32|   0|   32|          0|
    |mul50_6_reg_1963                   |   32|   0|   32|          0|
    |mul50_7_reg_1968                   |   32|   0|   32|          0|
    |mul_reg_1933                       |   32|   0|   32|          0|
    |nin_reg_425                        |    4|   0|    4|          0|
    |nout_1_reg_458                     |    6|   0|    6|          0|
    |nout_reg_491                       |    6|   0|    6|          0|
    |output_fm_buffer_addr_2_reg_1900   |   14|   0|   14|          0|
    |phi_mul_reg_502                    |   23|   0|   23|          0|
    |reg_563                            |   32|   0|   32|          0|
    |reg_569                            |   32|   0|   32|          0|
    |reg_575                            |   32|   0|   32|          0|
    |reg_580                            |   32|   0|   32|          0|
    |select_ln125_reg_2055              |   32|   0|   32|          0|
    |sext_ln30_reg_1600                 |   63|   0|   63|          0|
    |shl_ln_reg_1658                    |    3|   0|    6|          3|
    |sub_ln124_reg_2020                 |   17|   0|   19|          2|
    |ti_cast15_reg_1627                 |    4|   0|    5|          1|
    |ti_reg_390                         |    4|   0|    4|          0|
    |tj_fu_192                          |    4|   0|    4|          0|
    |tmp_1_reg_1613                     |    8|   0|    8|          0|
    |tmp_4_reg_1632                     |    4|   0|    8|          4|
    |tn_reg_402                         |    4|   0|    4|          0|
    |trunc_ln96_reg_1653                |    3|   0|    3|          0|
    |tx_3_reg_480                       |    5|   0|    5|          0|
    |tx_reg_524                         |    5|   0|    5|          0|
    |ty_3_reg_469                       |    5|   0|    5|          0|
    |ty_reg_513                         |    5|   0|    5|          0|
    |zext_ln52_reg_1681                 |    3|   0|   64|         61|
    |zext_ln98_reg_1663                 |    8|   0|    9|          1|
    |zext_ln99_reg_1676                 |   24|   0|   25|          1|
    +-----------------------------------+-----+----+-----+-----------+
    |Total                              | 2053|   0| 2130|         77|
    +-----------------------------------+-----+----+-----+-----------+



================================================================
== Interface
================================================================
* Summary: 
+---------------------+-----+-----+------------+---------------+--------------+
|      RTL Ports      | Dir | Bits|  Protocol  | Source Object |    C Type    |
+---------------------+-----+-----+------------+---------------+--------------+
|ap_clk               |   in|    1|  ap_ctrl_hs|          conv2|  return value|
|ap_rst               |   in|    1|  ap_ctrl_hs|          conv2|  return value|
|ap_start             |   in|    1|  ap_ctrl_hs|          conv2|  return value|
|ap_done              |  out|    1|  ap_ctrl_hs|          conv2|  return value|
|ap_idle              |  out|    1|  ap_ctrl_hs|          conv2|  return value|
|ap_ready             |  out|    1|  ap_ctrl_hs|          conv2|  return value|
|grp_fu_597_p_din0    |  out|   32|  ap_ctrl_hs|          conv2|  return value|
|grp_fu_597_p_din1    |  out|   32|  ap_ctrl_hs|          conv2|  return value|
|grp_fu_597_p_opcode  |  out|    2|  ap_ctrl_hs|          conv2|  return value|
|grp_fu_597_p_dout0   |   in|   32|  ap_ctrl_hs|          conv2|  return value|
|grp_fu_597_p_ce      |  out|    1|  ap_ctrl_hs|          conv2|  return value|
|grp_fu_601_p_din0    |  out|   32|  ap_ctrl_hs|          conv2|  return value|
|grp_fu_601_p_din1    |  out|   32|  ap_ctrl_hs|          conv2|  return value|
|grp_fu_601_p_dout0   |   in|   32|  ap_ctrl_hs|          conv2|  return value|
|grp_fu_601_p_ce      |  out|    1|  ap_ctrl_hs|          conv2|  return value|
|grp_fu_605_p_din0    |  out|   32|  ap_ctrl_hs|          conv2|  return value|
|grp_fu_605_p_din1    |  out|   32|  ap_ctrl_hs|          conv2|  return value|
|grp_fu_605_p_opcode  |  out|    5|  ap_ctrl_hs|          conv2|  return value|
|grp_fu_605_p_dout0   |   in|    1|  ap_ctrl_hs|          conv2|  return value|
|grp_fu_605_p_ce      |  out|    1|  ap_ctrl_hs|          conv2|  return value|
|m_axi_gmem_AWVALID   |  out|    1|       m_axi|           gmem|       pointer|
|m_axi_gmem_AWREADY   |   in|    1|       m_axi|           gmem|       pointer|
|m_axi_gmem_AWADDR    |  out|   64|       m_axi|           gmem|       pointer|
|m_axi_gmem_AWID      |  out|    1|       m_axi|           gmem|       pointer|
|m_axi_gmem_AWLEN     |  out|   32|       m_axi|           gmem|       pointer|
|m_axi_gmem_AWSIZE    |  out|    3|       m_axi|           gmem|       pointer|
|m_axi_gmem_AWBURST   |  out|    2|       m_axi|           gmem|       pointer|
|m_axi_gmem_AWLOCK    |  out|    2|       m_axi|           gmem|       pointer|
|m_axi_gmem_AWCACHE   |  out|    4|       m_axi|           gmem|       pointer|
|m_axi_gmem_AWPROT    |  out|    3|       m_axi|           gmem|       pointer|
|m_axi_gmem_AWQOS     |  out|    4|       m_axi|           gmem|       pointer|
|m_axi_gmem_AWREGION  |  out|    4|       m_axi|           gmem|       pointer|
|m_axi_gmem_AWUSER    |  out|    1|       m_axi|           gmem|       pointer|
|m_axi_gmem_WVALID    |  out|    1|       m_axi|           gmem|       pointer|
|m_axi_gmem_WREADY    |   in|    1|       m_axi|           gmem|       pointer|
|m_axi_gmem_WDATA     |  out|   32|       m_axi|           gmem|       pointer|
|m_axi_gmem_WSTRB     |  out|    4|       m_axi|           gmem|       pointer|
|m_axi_gmem_WLAST     |  out|    1|       m_axi|           gmem|       pointer|
|m_axi_gmem_WID       |  out|    1|       m_axi|           gmem|       pointer|
|m_axi_gmem_WUSER     |  out|    1|       m_axi|           gmem|       pointer|
|m_axi_gmem_ARVALID   |  out|    1|       m_axi|           gmem|       pointer|
|m_axi_gmem_ARREADY   |   in|    1|       m_axi|           gmem|       pointer|
|m_axi_gmem_ARADDR    |  out|   64|       m_axi|           gmem|       pointer|
|m_axi_gmem_ARID      |  out|    1|       m_axi|           gmem|       pointer|
|m_axi_gmem_ARLEN     |  out|   32|       m_axi|           gmem|       pointer|
|m_axi_gmem_ARSIZE    |  out|    3|       m_axi|           gmem|       pointer|
|m_axi_gmem_ARBURST   |  out|    2|       m_axi|           gmem|       pointer|
|m_axi_gmem_ARLOCK    |  out|    2|       m_axi|           gmem|       pointer|
|m_axi_gmem_ARCACHE   |  out|    4|       m_axi|           gmem|       pointer|
|m_axi_gmem_ARPROT    |  out|    3|       m_axi|           gmem|       pointer|
|m_axi_gmem_ARQOS     |  out|    4|       m_axi|           gmem|       pointer|
|m_axi_gmem_ARREGION  |  out|    4|       m_axi|           gmem|       pointer|
|m_axi_gmem_ARUSER    |  out|    1|       m_axi|           gmem|       pointer|
|m_axi_gmem_RVALID    |   in|    1|       m_axi|           gmem|       pointer|
|m_axi_gmem_RREADY    |  out|    1|       m_axi|           gmem|       pointer|
|m_axi_gmem_RDATA     |   in|   32|       m_axi|           gmem|       pointer|
|m_axi_gmem_RLAST     |   in|    1|       m_axi|           gmem|       pointer|
|m_axi_gmem_RID       |   in|    1|       m_axi|           gmem|       pointer|
|m_axi_gmem_RFIFONUM  |   in|    9|       m_axi|           gmem|       pointer|
|m_axi_gmem_RUSER     |   in|    1|       m_axi|           gmem|       pointer|
|m_axi_gmem_RRESP     |   in|    2|       m_axi|           gmem|       pointer|
|m_axi_gmem_BVALID    |   in|    1|       m_axi|           gmem|       pointer|
|m_axi_gmem_BREADY    |  out|    1|       m_axi|           gmem|       pointer|
|m_axi_gmem_BRESP     |   in|    2|       m_axi|           gmem|       pointer|
|m_axi_gmem_BID       |   in|    1|       m_axi|           gmem|       pointer|
|m_axi_gmem_BUSER     |   in|    1|       m_axi|           gmem|       pointer|
|input_ftmap          |   in|   64|     ap_none|    input_ftmap|        scalar|
|conv2_weights        |   in|   64|     ap_none|  conv2_weights|        scalar|
|conv2_biases         |   in|   64|     ap_none|   conv2_biases|        scalar|
|output_ftmap         |   in|   64|     ap_none|   output_ftmap|        scalar|
+---------------------+-----+-----+------------+---------------+--------------+

