

================================================================
== Vitis HLS Report for 'conv2_Pipeline_BW'
================================================================
* Date:           Fri Nov  3 04:17:35 2023

* Version:        2023.1 (Build 3854077 on May  4 2023)
* Project:        srcnn_hls
* Solution:       solution1 (Vivado IP Flow Target)
* Product family: zynquplus
* Target device:  xck24-ubva530-2LV-c


================================================================
== Performance Estimates
================================================================
+ Timing: 
    * Summary: 
    +--------+----------+----------+------------+
    |  Clock |  Target  | Estimated| Uncertainty|
    +--------+----------+----------+------------+
    |ap_clk  |  10.00 ns|  2.350 ns|     2.70 ns|
    +--------+----------+----------+------------+

+ Latency: 
    * Summary: 
    +---------+---------+----------+----------+-----+-----+---------+
    |  Latency (cycles) |  Latency (absolute) |  Interval | Pipeline|
    |   min   |   max   |    min   |    max   | min | max |   Type  |
    +---------+---------+----------+----------+-----+-----+---------+
    |      257|      257|  2.570 us|  2.570 us|  257|  257|       no|
    +---------+---------+----------+----------+-----+-----+---------+

    + Detail: 
        * Instance: 
        N/A

        * Loop: 
        +----------+---------+---------+----------+-----------+-----------+------+----------+
        |          |  Latency (cycles) | Iteration|  Initiation Interval  | Trip |          |
        | Loop Name|   min   |   max   |  Latency |  achieved |   target  | Count| Pipelined|
        +----------+---------+---------+----------+-----------+-----------+------+----------+
        |- BW      |      255|      255|         1|          1|          1|   255|       yes|
        +----------+---------+---------+----------+-----------+-----------+------+----------+



================================================================
== Utilization Estimates
================================================================
* Summary: 
+-----------------+---------+-----+--------+-------+-----+
|       Name      | BRAM_18K| DSP |   FF   |  LUT  | URAM|
+-----------------+---------+-----+--------+-------+-----+
|DSP              |        -|    -|       -|      -|    -|
|Expression       |        -|    -|       0|    109|    -|
|FIFO             |        -|    -|       -|      -|    -|
|Instance         |        -|    -|       -|      -|    -|
|Memory           |        -|    -|       -|      -|    -|
|Multiplexer      |        -|    -|       -|     45|    -|
|Register         |        -|    -|      36|      -|    -|
+-----------------+---------+-----+--------+-------+-----+
|Total            |        0|    0|      36|    154|    0|
+-----------------+---------+-----+--------+-------+-----+
|Available        |      432|  360|  141120|  70560|    0|
+-----------------+---------+-----+--------+-------+-----+
|Utilization (%)  |        0|    0|      ~0|     ~0|    0|
+-----------------+---------+-----+--------+-------+-----+

+ Detail: 
    * Instance: 
    N/A

    * DSP: 
    N/A

    * Memory: 
    N/A

    * FIFO: 
    N/A

    * Expression: 
    +-----------------------+----------+----+---+----+------------+------------+
    |     Variable Name     | Operation| DSP| FF| LUT| Bitwidth P0| Bitwidth P1|
    +-----------------------+----------+----+---+----+------------+------------+
    |add_ln62_4_fu_396_p2   |         +|   0|  0|  24|          17|           9|
    |add_ln62_5_fu_415_p2   |         +|   0|  0|  15|           8|           1|
    |add_ln62_fu_360_p2     |         +|   0|  0|  15|           8|           1|
    |add_ln64_fu_372_p2     |         +|   0|  0|  15|           8|           8|
    |icmp_ln62_2_fu_421_p2  |      icmp|   0|  0|  15|           8|           5|
    |icmp_ln62_fu_354_p2    |      icmp|   0|  0|  15|           8|           2|
    |select_ln62_fu_427_p3  |    select|   0|  0|   8|           1|           8|
    |ap_enable_pp0          |       xor|   0|  0|   2|           1|           2|
    +-----------------------+----------+----+---+----+------------+------------+
    |Total                  |          |   0|  0| 109|          59|          36|
    +-----------------------+----------+----+---+----+------------+------------+

    * Multiplexer: 
    +-------------------------+----+-----------+-----+-----------+
    |           Name          | LUT| Input Size| Bits| Total Bits|
    +-------------------------+----+-----------+-----+-----------+
    |ap_done_int              |   9|          2|    1|          2|
    |ap_enable_reg_pp0_iter1  |   9|          2|    1|          2|
    |phi_mul4915_fu_112       |   9|          2|   17|         34|
    |phi_urem4917_fu_108      |   9|          2|    8|         16|
    |w_fu_116                 |   9|          2|    8|         16|
    +-------------------------+----+-----------+-----+-----------+
    |Total                    |  45|         10|   35|         70|
    +-------------------------+----+-----------+-----+-----------+

    * Register: 
    +-------------------------+----+----+-----+-----------+
    |           Name          | FF | LUT| Bits| Const Bits|
    +-------------------------+----+----+-----+-----------+
    |ap_CS_fsm                |   1|   0|    1|          0|
    |ap_done_reg              |   1|   0|    1|          0|
    |ap_enable_reg_pp0_iter1  |   1|   0|    1|          0|
    |phi_mul4915_fu_112       |  17|   0|   17|          0|
    |phi_urem4917_fu_108      |   8|   0|    8|          0|
    |w_fu_116                 |   8|   0|    8|          0|
    +-------------------------+----+----+-----+-----------+
    |Total                    |  36|   0|   36|          0|
    +-------------------------+----+----+-----+-----------+



================================================================
== Interface
================================================================
* Summary: 
+----------------------------------------------------------------------------------------------+-----+-----+------------+-------------------------------------------------------------------------------------+--------------+
|                                           RTL Ports                                          | Dir | Bits|  Protocol  |                                    Source Object                                    |    C Type    |
+----------------------------------------------------------------------------------------------+-----+-----+------------+-------------------------------------------------------------------------------------+--------------+
|ap_clk                                                                                        |   in|    1|  ap_ctrl_hs|                                                                    conv2_Pipeline_BW|  return value|
|ap_rst                                                                                        |   in|    1|  ap_ctrl_hs|                                                                    conv2_Pipeline_BW|  return value|
|ap_start                                                                                      |   in|    1|  ap_ctrl_hs|                                                                    conv2_Pipeline_BW|  return value|
|ap_done                                                                                       |  out|    1|  ap_ctrl_hs|                                                                    conv2_Pipeline_BW|  return value|
|ap_idle                                                                                       |  out|    1|  ap_ctrl_hs|                                                                    conv2_Pipeline_BW|  return value|
|ap_ready                                                                                      |  out|    1|  ap_ctrl_hs|                                                                    conv2_Pipeline_BW|  return value|
|phi_mul4930                                                                                   |   in|    8|     ap_none|                                                                          phi_mul4930|        scalar|
|conv2_ap_fixed_255_255_ap_fixed_64_1_1_ap_fixed_ap_fixed_255_9_address0                       |  out|    8|   ap_memory|                       conv2_ap_fixed_255_255_ap_fixed_64_1_1_ap_fixed_ap_fixed_255_9|         array|
|conv2_ap_fixed_255_255_ap_fixed_64_1_1_ap_fixed_ap_fixed_255_9_ce0                            |  out|    1|   ap_memory|                       conv2_ap_fixed_255_255_ap_fixed_64_1_1_ap_fixed_ap_fixed_255_9|         array|
|conv2_ap_fixed_255_255_ap_fixed_64_1_1_ap_fixed_ap_fixed_255_9_we0                            |  out|    1|   ap_memory|                       conv2_ap_fixed_255_255_ap_fixed_64_1_1_ap_fixed_ap_fixed_255_9|         array|
|conv2_ap_fixed_255_255_ap_fixed_64_1_1_ap_fixed_ap_fixed_255_9_d0                             |  out|   32|   ap_memory|                       conv2_ap_fixed_255_255_ap_fixed_64_1_1_ap_fixed_ap_fixed_255_9|         array|
|conv2_ap_fixed_255_255_ap_fixed_64_1_1_ap_fixed_ap_fixed_255_5_address0                       |  out|    8|   ap_memory|                       conv2_ap_fixed_255_255_ap_fixed_64_1_1_ap_fixed_ap_fixed_255_5|         array|
|conv2_ap_fixed_255_255_ap_fixed_64_1_1_ap_fixed_ap_fixed_255_5_ce0                            |  out|    1|   ap_memory|                       conv2_ap_fixed_255_255_ap_fixed_64_1_1_ap_fixed_ap_fixed_255_5|         array|
|conv2_ap_fixed_255_255_ap_fixed_64_1_1_ap_fixed_ap_fixed_255_5_we0                            |  out|    1|   ap_memory|                       conv2_ap_fixed_255_255_ap_fixed_64_1_1_ap_fixed_ap_fixed_255_5|         array|
|conv2_ap_fixed_255_255_ap_fixed_64_1_1_ap_fixed_ap_fixed_255_5_d0                             |  out|   32|   ap_memory|                       conv2_ap_fixed_255_255_ap_fixed_64_1_1_ap_fixed_ap_fixed_255_5|         array|
|conv2_ap_fixed_255_255_ap_fixed_64_1_1_ap_fixed_ap_fixed_255_4_address0                       |  out|    8|   ap_memory|                       conv2_ap_fixed_255_255_ap_fixed_64_1_1_ap_fixed_ap_fixed_255_4|         array|
|conv2_ap_fixed_255_255_ap_fixed_64_1_1_ap_fixed_ap_fixed_255_4_ce0                            |  out|    1|   ap_memory|                       conv2_ap_fixed_255_255_ap_fixed_64_1_1_ap_fixed_ap_fixed_255_4|         array|
|conv2_ap_fixed_255_255_ap_fixed_64_1_1_ap_fixed_ap_fixed_255_4_we0                            |  out|    1|   ap_memory|                       conv2_ap_fixed_255_255_ap_fixed_64_1_1_ap_fixed_ap_fixed_255_4|         array|
|conv2_ap_fixed_255_255_ap_fixed_64_1_1_ap_fixed_ap_fixed_255_4_d0                             |  out|   32|   ap_memory|                       conv2_ap_fixed_255_255_ap_fixed_64_1_1_ap_fixed_ap_fixed_255_4|         array|
|conv2_ap_fixed_255_255_ap_fixed_64_1_1_ap_fixed_ap_fixed_255_3_address0                       |  out|    8|   ap_memory|                       conv2_ap_fixed_255_255_ap_fixed_64_1_1_ap_fixed_ap_fixed_255_3|         array|
|conv2_ap_fixed_255_255_ap_fixed_64_1_1_ap_fixed_ap_fixed_255_3_ce0                            |  out|    1|   ap_memory|                       conv2_ap_fixed_255_255_ap_fixed_64_1_1_ap_fixed_ap_fixed_255_3|         array|
|conv2_ap_fixed_255_255_ap_fixed_64_1_1_ap_fixed_ap_fixed_255_3_we0                            |  out|    1|   ap_memory|                       conv2_ap_fixed_255_255_ap_fixed_64_1_1_ap_fixed_ap_fixed_255_3|         array|
|conv2_ap_fixed_255_255_ap_fixed_64_1_1_ap_fixed_ap_fixed_255_3_d0                             |  out|   32|   ap_memory|                       conv2_ap_fixed_255_255_ap_fixed_64_1_1_ap_fixed_ap_fixed_255_3|         array|
|conv2_ap_fixed_255_255_ap_fixed_64_1_1_ap_fixed_ap_fixed_255_2_address0                       |  out|    8|   ap_memory|                       conv2_ap_fixed_255_255_ap_fixed_64_1_1_ap_fixed_ap_fixed_255_2|         array|
|conv2_ap_fixed_255_255_ap_fixed_64_1_1_ap_fixed_ap_fixed_255_2_ce0                            |  out|    1|   ap_memory|                       conv2_ap_fixed_255_255_ap_fixed_64_1_1_ap_fixed_ap_fixed_255_2|         array|
|conv2_ap_fixed_255_255_ap_fixed_64_1_1_ap_fixed_ap_fixed_255_2_we0                            |  out|    1|   ap_memory|                       conv2_ap_fixed_255_255_ap_fixed_64_1_1_ap_fixed_ap_fixed_255_2|         array|
|conv2_ap_fixed_255_255_ap_fixed_64_1_1_ap_fixed_ap_fixed_255_2_d0                             |  out|   32|   ap_memory|                       conv2_ap_fixed_255_255_ap_fixed_64_1_1_ap_fixed_ap_fixed_255_2|         array|
|conv2_ap_fixed_255_255_ap_fixed_64_1_1_ap_fixed_ap_fixed_255_1_address0                       |  out|    8|   ap_memory|                       conv2_ap_fixed_255_255_ap_fixed_64_1_1_ap_fixed_ap_fixed_255_1|         array|
|conv2_ap_fixed_255_255_ap_fixed_64_1_1_ap_fixed_ap_fixed_255_1_ce0                            |  out|    1|   ap_memory|                       conv2_ap_fixed_255_255_ap_fixed_64_1_1_ap_fixed_ap_fixed_255_1|         array|
|conv2_ap_fixed_255_255_ap_fixed_64_1_1_ap_fixed_ap_fixed_255_1_we0                            |  out|    1|   ap_memory|                       conv2_ap_fixed_255_255_ap_fixed_64_1_1_ap_fixed_ap_fixed_255_1|         array|
|conv2_ap_fixed_255_255_ap_fixed_64_1_1_ap_fixed_ap_fixed_255_1_d0                             |  out|   32|   ap_memory|                       conv2_ap_fixed_255_255_ap_fixed_64_1_1_ap_fixed_ap_fixed_255_1|         array|
|conv2_mulmulmulmulap_fixed_255_255_ap_fixed_64_1_1_ap_fixed_ap_fixed_255_address0             |  out|    8|   ap_memory|             conv2_mulmulmulmulap_fixed_255_255_ap_fixed_64_1_1_ap_fixed_ap_fixed_255|         array|
|conv2_mulmulmulmulap_fixed_255_255_ap_fixed_64_1_1_ap_fixed_ap_fixed_255_ce0                  |  out|    1|   ap_memory|             conv2_mulmulmulmulap_fixed_255_255_ap_fixed_64_1_1_ap_fixed_ap_fixed_255|         array|
|conv2_mulmulmulmulap_fixed_255_255_ap_fixed_64_1_1_ap_fixed_ap_fixed_255_we0                  |  out|    1|   ap_memory|             conv2_mulmulmulmulap_fixed_255_255_ap_fixed_64_1_1_ap_fixed_ap_fixed_255|         array|
|conv2_mulmulmulmulap_fixed_255_255_ap_fixed_64_1_1_ap_fixed_ap_fixed_255_d0                   |  out|   32|   ap_memory|             conv2_mulmulmulmulap_fixed_255_255_ap_fixed_64_1_1_ap_fixed_ap_fixed_255|         array|
|conv2_ap_fixed_255_255_ap_fixed_64_1_1_ap_fixed_ap_fixed_255_8_address0                       |  out|    8|   ap_memory|                       conv2_ap_fixed_255_255_ap_fixed_64_1_1_ap_fixed_ap_fixed_255_8|         array|
|conv2_ap_fixed_255_255_ap_fixed_64_1_1_ap_fixed_ap_fixed_255_8_ce0                            |  out|    1|   ap_memory|                       conv2_ap_fixed_255_255_ap_fixed_64_1_1_ap_fixed_ap_fixed_255_8|         array|
|conv2_ap_fixed_255_255_ap_fixed_64_1_1_ap_fixed_ap_fixed_255_8_we0                            |  out|    1|   ap_memory|                       conv2_ap_fixed_255_255_ap_fixed_64_1_1_ap_fixed_ap_fixed_255_8|         array|
|conv2_ap_fixed_255_255_ap_fixed_64_1_1_ap_fixed_ap_fixed_255_8_d0                             |  out|   32|   ap_memory|                       conv2_ap_fixed_255_255_ap_fixed_64_1_1_ap_fixed_ap_fixed_255_8|         array|
|conv2_ap_fixed_255_255_ap_fixed_64_1_1_ap_fixed_ap_fixed_255_7_address0                       |  out|    8|   ap_memory|                       conv2_ap_fixed_255_255_ap_fixed_64_1_1_ap_fixed_ap_fixed_255_7|         array|
|conv2_ap_fixed_255_255_ap_fixed_64_1_1_ap_fixed_ap_fixed_255_7_ce0                            |  out|    1|   ap_memory|                       conv2_ap_fixed_255_255_ap_fixed_64_1_1_ap_fixed_ap_fixed_255_7|         array|
|conv2_ap_fixed_255_255_ap_fixed_64_1_1_ap_fixed_ap_fixed_255_7_we0                            |  out|    1|   ap_memory|                       conv2_ap_fixed_255_255_ap_fixed_64_1_1_ap_fixed_ap_fixed_255_7|         array|
|conv2_ap_fixed_255_255_ap_fixed_64_1_1_ap_fixed_ap_fixed_255_7_d0                             |  out|   32|   ap_memory|                       conv2_ap_fixed_255_255_ap_fixed_64_1_1_ap_fixed_ap_fixed_255_7|         array|
|conv2_ap_fixed_255_255_ap_fixed_64_1_1_ap_fixed_ap_fixed_255_6_address0                       |  out|    8|   ap_memory|                       conv2_ap_fixed_255_255_ap_fixed_64_1_1_ap_fixed_ap_fixed_255_6|         array|
|conv2_ap_fixed_255_255_ap_fixed_64_1_1_ap_fixed_ap_fixed_255_6_ce0                            |  out|    1|   ap_memory|                       conv2_ap_fixed_255_255_ap_fixed_64_1_1_ap_fixed_ap_fixed_255_6|         array|
|conv2_ap_fixed_255_255_ap_fixed_64_1_1_ap_fixed_ap_fixed_255_6_we0                            |  out|    1|   ap_memory|                       conv2_ap_fixed_255_255_ap_fixed_64_1_1_ap_fixed_ap_fixed_255_6|         array|
|conv2_ap_fixed_255_255_ap_fixed_64_1_1_ap_fixed_ap_fixed_255_6_d0                             |  out|   32|   ap_memory|                       conv2_ap_fixed_255_255_ap_fixed_64_1_1_ap_fixed_ap_fixed_255_6|         array|
|p_ZZ5conv2PA255_A255_8ap_fixedILi16ELi3EL9ap_q_mode5EL9ap_o_mode3ELi0EEPA64_A1_A1_4_address0  |  out|    8|   ap_memory|  p_ZZ5conv2PA255_A255_8ap_fixedILi16ELi3EL9ap_q_mode5EL9ap_o_mode3ELi0EEPA64_A1_A1_4|         array|
|p_ZZ5conv2PA255_A255_8ap_fixedILi16ELi3EL9ap_q_mode5EL9ap_o_mode3ELi0EEPA64_A1_A1_4_ce0       |  out|    1|   ap_memory|  p_ZZ5conv2PA255_A255_8ap_fixedILi16ELi3EL9ap_q_mode5EL9ap_o_mode3ELi0EEPA64_A1_A1_4|         array|
|p_ZZ5conv2PA255_A255_8ap_fixedILi16ELi3EL9ap_q_mode5EL9ap_o_mode3ELi0EEPA64_A1_A1_4_we0       |  out|    1|   ap_memory|  p_ZZ5conv2PA255_A255_8ap_fixedILi16ELi3EL9ap_q_mode5EL9ap_o_mode3ELi0EEPA64_A1_A1_4|         array|
|p_ZZ5conv2PA255_A255_8ap_fixedILi16ELi3EL9ap_q_mode5EL9ap_o_mode3ELi0EEPA64_A1_A1_4_d0        |  out|   32|   ap_memory|  p_ZZ5conv2PA255_A255_8ap_fixedILi16ELi3EL9ap_q_mode5EL9ap_o_mode3ELi0EEPA64_A1_A1_4|         array|
|p_ZZ5conv2PA255_A255_8ap_fixedILi16ELi3EL9ap_q_mode5EL9ap_o_mode3ELi0EEPA64_A1_A1_3_address0  |  out|    8|   ap_memory|  p_ZZ5conv2PA255_A255_8ap_fixedILi16ELi3EL9ap_q_mode5EL9ap_o_mode3ELi0EEPA64_A1_A1_3|         array|
|p_ZZ5conv2PA255_A255_8ap_fixedILi16ELi3EL9ap_q_mode5EL9ap_o_mode3ELi0EEPA64_A1_A1_3_ce0       |  out|    1|   ap_memory|  p_ZZ5conv2PA255_A255_8ap_fixedILi16ELi3EL9ap_q_mode5EL9ap_o_mode3ELi0EEPA64_A1_A1_3|         array|
|p_ZZ5conv2PA255_A255_8ap_fixedILi16ELi3EL9ap_q_mode5EL9ap_o_mode3ELi0EEPA64_A1_A1_3_we0       |  out|    1|   ap_memory|  p_ZZ5conv2PA255_A255_8ap_fixedILi16ELi3EL9ap_q_mode5EL9ap_o_mode3ELi0EEPA64_A1_A1_3|         array|
|p_ZZ5conv2PA255_A255_8ap_fixedILi16ELi3EL9ap_q_mode5EL9ap_o_mode3ELi0EEPA64_A1_A1_3_d0        |  out|   32|   ap_memory|  p_ZZ5conv2PA255_A255_8ap_fixedILi16ELi3EL9ap_q_mode5EL9ap_o_mode3ELi0EEPA64_A1_A1_3|         array|
|p_ZZ5conv2PA255_A255_8ap_fixedILi16ELi3EL9ap_q_mode5EL9ap_o_mode3ELi0EEPA64_A1_A1_2_address0  |  out|    8|   ap_memory|  p_ZZ5conv2PA255_A255_8ap_fixedILi16ELi3EL9ap_q_mode5EL9ap_o_mode3ELi0EEPA64_A1_A1_2|         array|
|p_ZZ5conv2PA255_A255_8ap_fixedILi16ELi3EL9ap_q_mode5EL9ap_o_mode3ELi0EEPA64_A1_A1_2_ce0       |  out|    1|   ap_memory|  p_ZZ5conv2PA255_A255_8ap_fixedILi16ELi3EL9ap_q_mode5EL9ap_o_mode3ELi0EEPA64_A1_A1_2|         array|
|p_ZZ5conv2PA255_A255_8ap_fixedILi16ELi3EL9ap_q_mode5EL9ap_o_mode3ELi0EEPA64_A1_A1_2_we0       |  out|    1|   ap_memory|  p_ZZ5conv2PA255_A255_8ap_fixedILi16ELi3EL9ap_q_mode5EL9ap_o_mode3ELi0EEPA64_A1_A1_2|         array|
|p_ZZ5conv2PA255_A255_8ap_fixedILi16ELi3EL9ap_q_mode5EL9ap_o_mode3ELi0EEPA64_A1_A1_2_d0        |  out|   32|   ap_memory|  p_ZZ5conv2PA255_A255_8ap_fixedILi16ELi3EL9ap_q_mode5EL9ap_o_mode3ELi0EEPA64_A1_A1_2|         array|
|p_ZZ5conv2PA255_A255_8ap_fixedILi16ELi3EL9ap_q_mode5EL9ap_o_mode3ELi0EEPA64_A1_A1_1_address0  |  out|    8|   ap_memory|  p_ZZ5conv2PA255_A255_8ap_fixedILi16ELi3EL9ap_q_mode5EL9ap_o_mode3ELi0EEPA64_A1_A1_1|         array|
|p_ZZ5conv2PA255_A255_8ap_fixedILi16ELi3EL9ap_q_mode5EL9ap_o_mode3ELi0EEPA64_A1_A1_1_ce0       |  out|    1|   ap_memory|  p_ZZ5conv2PA255_A255_8ap_fixedILi16ELi3EL9ap_q_mode5EL9ap_o_mode3ELi0EEPA64_A1_A1_1|         array|
|p_ZZ5conv2PA255_A255_8ap_fixedILi16ELi3EL9ap_q_mode5EL9ap_o_mode3ELi0EEPA64_A1_A1_1_we0       |  out|    1|   ap_memory|  p_ZZ5conv2PA255_A255_8ap_fixedILi16ELi3EL9ap_q_mode5EL9ap_o_mode3ELi0EEPA64_A1_A1_1|         array|
|p_ZZ5conv2PA255_A255_8ap_fixedILi16ELi3EL9ap_q_mode5EL9ap_o_mode3ELi0EEPA64_A1_A1_1_d0        |  out|   32|   ap_memory|  p_ZZ5conv2PA255_A255_8ap_fixedILi16ELi3EL9ap_q_mode5EL9ap_o_mode3ELi0EEPA64_A1_A1_1|         array|
|p_ZZ5conv2PA255_A255_8ap_fixedILi16ELi3EL9ap_q_mode5EL9ap_o_mode3ELi0EEPA64_A1_A1_address0    |  out|    8|   ap_memory|    p_ZZ5conv2PA255_A255_8ap_fixedILi16ELi3EL9ap_q_mode5EL9ap_o_mode3ELi0EEPA64_A1_A1|         array|
|p_ZZ5conv2PA255_A255_8ap_fixedILi16ELi3EL9ap_q_mode5EL9ap_o_mode3ELi0EEPA64_A1_A1_ce0         |  out|    1|   ap_memory|    p_ZZ5conv2PA255_A255_8ap_fixedILi16ELi3EL9ap_q_mode5EL9ap_o_mode3ELi0EEPA64_A1_A1|         array|
|p_ZZ5conv2PA255_A255_8ap_fixedILi16ELi3EL9ap_q_mode5EL9ap_o_mode3ELi0EEPA64_A1_A1_we0         |  out|    1|   ap_memory|    p_ZZ5conv2PA255_A255_8ap_fixedILi16ELi3EL9ap_q_mode5EL9ap_o_mode3ELi0EEPA64_A1_A1|         array|
|p_ZZ5conv2PA255_A255_8ap_fixedILi16ELi3EL9ap_q_mode5EL9ap_o_mode3ELi0EEPA64_A1_A1_d0          |  out|   32|   ap_memory|    p_ZZ5conv2PA255_A255_8ap_fixedILi16ELi3EL9ap_q_mode5EL9ap_o_mode3ELi0EEPA64_A1_A1|         array|
+----------------------------------------------------------------------------------------------+-----+-----+------------+-------------------------------------------------------------------------------------+--------------+

