

================================================================
== Vitis HLS Report for 'conv1_Pipeline_RELU8'
================================================================
* Date:           Thu Nov  2 20:34:09 2023

* Version:        2023.1 (Build 3854077 on May  4 2023)
* Project:        srcnn_hls
* Solution:       solution1 (Vivado IP Flow Target)
* Product family: zynquplus
* Target device:  xck24-ubva530-2LV-c


================================================================
== Performance Estimates
================================================================
+ Timing: 
    * Summary: 
    +--------+----------+----------+------------+
    |  Clock |  Target  | Estimated| Uncertainty|
    +--------+----------+----------+------------+
    |ap_clk  |  10.00 ns|  6.437 ns|     2.70 ns|
    +--------+----------+----------+------------+

+ Latency: 
    * Summary: 
    +---------+---------+----------+----------+-----+-----+---------+
    |  Latency (cycles) |  Latency (absolute) |  Interval | Pipeline|
    |   min   |   max   |    min   |    max   | min | max |   Type  |
    +---------+---------+----------+----------+-----+-----+---------+
    |      517|      517|  5.170 us|  5.170 us|  517|  517|       no|
    +---------+---------+----------+----------+-----+-----+---------+

    + Detail: 
        * Instance: 
        N/A

        * Loop: 
        +----------+---------+---------+----------+-----------+-----------+------+----------+
        |          |  Latency (cycles) | Iteration|  Initiation Interval  | Trip |          |
        | Loop Name|   min   |   max   |  Latency |  achieved |   target  | Count| Pipelined|
        +----------+---------+---------+----------+-----------+-----------+------+----------+
        |- RELU    |      515|      515|         8|          2|          2|   255|       yes|
        +----------+---------+---------+----------+-----------+-----------+------+----------+



================================================================
== Utilization Estimates
================================================================
* Summary: 
+-----------------+---------+-----+--------+-------+-----+
|       Name      | BRAM_18K| DSP |   FF   |  LUT  | URAM|
+-----------------+---------+-----+--------+-------+-----+
|DSP              |        -|    -|       -|      -|    -|
|Expression       |        -|    -|       0|    102|    -|
|FIFO             |        -|    -|       -|      -|    -|
|Instance         |        -|    -|       0|      9|    -|
|Memory           |        -|    -|       -|      -|    -|
|Multiplexer      |        -|    -|       -|    115|    -|
|Register         |        -|    -|     240|     64|    -|
+-----------------+---------+-----+--------+-------+-----+
|Total            |        0|    0|     240|    290|    0|
+-----------------+---------+-----+--------+-------+-----+
|Available        |      432|  360|  141120|  70560|    0|
+-----------------+---------+-----+--------+-------+-----+
|Utilization (%)  |        0|    0|      ~0|     ~0|    0|
+-----------------+---------+-----+--------+-------+-----+

+ Detail: 
    * Instance: 
    +---------------------+----------------+---------+----+---+----+-----+
    |       Instance      |     Module     | BRAM_18K| DSP| FF| LUT| URAM|
    +---------------------+----------------+---------+----+---+----+-----+
    |mux_2_1_32_1_1_U242  |mux_2_1_32_1_1  |        0|   0|  0|   9|    0|
    +---------------------+----------------+---------+----+---+----+-----+
    |Total                |                |        0|   0|  0|   9|    0|
    +---------------------+----------------+---------+----+---+----+-----+

    * DSP: 
    N/A

    * Memory: 
    N/A

    * FIFO: 
    N/A

    * Expression: 
    +------------------------+----------+----+---+----+------------+------------+
    |      Variable Name     | Operation| DSP| FF| LUT| Bitwidth P0| Bitwidth P1|
    +------------------------+----------+----+---+----+------------+------------+
    |add_ln152_fu_135_p2     |         +|   0|  0|  15|           8|           1|
    |add_ln155_fu_145_p2     |         +|   0|  0|  21|          14|          14|
    |and_ln157_fu_204_p2     |       and|   0|  0|   2|           1|           1|
    |icmp_ln152_fu_129_p2    |      icmp|   0|  0|  15|           8|           2|
    |icmp_ln157_1_fu_194_p2  |      icmp|   0|  0|  30|          23|           1|
    |icmp_ln157_fu_188_p2    |      icmp|   0|  0|  15|           8|           2|
    |or_ln157_fu_200_p2      |        or|   0|  0|   2|           1|           1|
    |ap_enable_pp0           |       xor|   0|  0|   2|           1|           2|
    +------------------------+----------+----+---+----+------------+------------+
    |Total                   |          |   0|  0| 102|          64|          24|
    +------------------------+----------+----+---+----+------------+------------+

    * Multiplexer: 
    +-------------------------------------------------------------------+----+-----------+-----+-----------+
    |                                Name                               | LUT| Input Size| Bits| Total Bits|
    +-------------------------------------------------------------------+----+-----------+-----+-----------+
    |ap_NS_fsm                                                          |  14|          3|    1|          3|
    |ap_done_int                                                        |   9|          2|    1|          2|
    |ap_enable_reg_pp0_iter0                                            |   9|          2|    1|          2|
    |ap_enable_reg_pp0_iter1                                            |   9|          2|    1|          2|
    |ap_sig_allocacmp_bw                                                |   9|          2|    8|         16|
    |bw_3_fu_54                                                         |   9|          2|    8|         16|
    |conv1_float_255_255_float_1_9_9_float_float_255_255_ou_1_address0  |  14|          3|   14|         42|
    |conv1_float_255_255_float_1_9_9_float_float_255_255_ou_1_d0        |  14|          3|   32|         96|
    |conv1_float_255_255_float_1_9_9_float_float_255_255_ou_address0    |  14|          3|   14|         42|
    |conv1_float_255_255_float_1_9_9_float_float_255_255_ou_d0          |  14|          3|   32|         96|
    +-------------------------------------------------------------------+----+-----------+-----+-----------+
    |Total                                                              | 115|         25|  112|        317|
    +-------------------------------------------------------------------+----+-----------+-----+-----------+

    * Register: 
    +------------------------------------------------------------------+----+----+-----+-----------+
    |                               Name                               | FF | LUT| Bits| Const Bits|
    +------------------------------------------------------------------+----+----+-----+-----------+
    |add15_1_i_reg_248                                                 |  32|   0|   32|          0|
    |ap_CS_fsm                                                         |   2|   0|    2|          0|
    |ap_done_reg                                                       |   1|   0|    1|          0|
    |ap_enable_reg_pp0_iter0_reg                                       |   1|   0|    1|          0|
    |ap_enable_reg_pp0_iter1                                           |   1|   0|    1|          0|
    |ap_enable_reg_pp0_iter2                                           |   1|   0|    1|          0|
    |ap_enable_reg_pp0_iter3                                           |   1|   0|    1|          0|
    |ap_loop_exit_ready_pp0_iter1_reg                                  |   1|   0|    1|          0|
    |ap_loop_exit_ready_pp0_iter2_reg                                  |   1|   0|    1|          0|
    |bw_3_fu_54                                                        |   8|   0|    8|          0|
    |conv1_float_255_255_float_1_9_9_float_float_255_255_ou_2_reg_231  |  14|   0|   14|          0|
    |conv1_float_255_255_float_1_9_9_float_float_255_255_ou_3_reg_237  |  14|   0|   14|          0|
    |icmp_ln152_reg_227                                                |   1|   0|    1|          0|
    |icmp_ln157_1_reg_261                                              |   1|   0|    1|          0|
    |icmp_ln157_reg_256                                                |   1|   0|    1|          0|
    |tmp_s_reg_243                                                     |  32|   0|   32|          0|
    |conv1_float_255_255_float_1_9_9_float_float_255_255_ou_2_reg_231  |  64|  32|   14|          0|
    |conv1_float_255_255_float_1_9_9_float_float_255_255_ou_3_reg_237  |  64|  32|   14|          0|
    +------------------------------------------------------------------+----+----+-----+-----------+
    |Total                                                             | 240|  64|  140|          0|
    +------------------------------------------------------------------+----+----+-----+-----------+



================================================================
== Interface
================================================================
* Summary: 
+-------------------------------------------------------------------+-----+-----+------------+----------------------------------------------------------+--------------+
|                             RTL Ports                             | Dir | Bits|  Protocol  |                       Source Object                      |    C Type    |
+-------------------------------------------------------------------+-----+-----+------------+----------------------------------------------------------+--------------+
|ap_clk                                                             |   in|    1|  ap_ctrl_hs|                                      conv1_Pipeline_RELU8|  return value|
|ap_rst                                                             |   in|    1|  ap_ctrl_hs|                                      conv1_Pipeline_RELU8|  return value|
|ap_start                                                           |   in|    1|  ap_ctrl_hs|                                      conv1_Pipeline_RELU8|  return value|
|ap_done                                                            |  out|    1|  ap_ctrl_hs|                                      conv1_Pipeline_RELU8|  return value|
|ap_idle                                                            |  out|    1|  ap_ctrl_hs|                                      conv1_Pipeline_RELU8|  return value|
|ap_ready                                                           |  out|    1|  ap_ctrl_hs|                                      conv1_Pipeline_RELU8|  return value|
|grp_fu_3951_p_din0                                                 |  out|   32|  ap_ctrl_hs|                                      conv1_Pipeline_RELU8|  return value|
|grp_fu_3951_p_din1                                                 |  out|   32|  ap_ctrl_hs|                                      conv1_Pipeline_RELU8|  return value|
|grp_fu_3951_p_opcode                                               |  out|    2|  ap_ctrl_hs|                                      conv1_Pipeline_RELU8|  return value|
|grp_fu_3951_p_dout0                                                |   in|   32|  ap_ctrl_hs|                                      conv1_Pipeline_RELU8|  return value|
|grp_fu_3951_p_ce                                                   |  out|    1|  ap_ctrl_hs|                                      conv1_Pipeline_RELU8|  return value|
|grp_fu_3967_p_din0                                                 |  out|   32|  ap_ctrl_hs|                                      conv1_Pipeline_RELU8|  return value|
|grp_fu_3967_p_din1                                                 |  out|   32|  ap_ctrl_hs|                                      conv1_Pipeline_RELU8|  return value|
|grp_fu_3967_p_opcode                                               |  out|    5|  ap_ctrl_hs|                                      conv1_Pipeline_RELU8|  return value|
|grp_fu_3967_p_dout0                                                |   in|    1|  ap_ctrl_hs|                                      conv1_Pipeline_RELU8|  return value|
|grp_fu_3967_p_ce                                                   |  out|    1|  ap_ctrl_hs|                                      conv1_Pipeline_RELU8|  return value|
|sub_ln155_4                                                        |   in|   14|     ap_none|                                               sub_ln155_4|        scalar|
|trunc_ln22                                                         |   in|    1|     ap_none|                                                trunc_ln22|        scalar|
|empty                                                              |   in|   32|     ap_none|                                                     empty|        scalar|
|conv1_float_255_255_float_1_9_9_float_float_255_255_ou_1_address0  |  out|   14|   ap_memory|  conv1_float_255_255_float_1_9_9_float_float_255_255_ou_1|         array|
|conv1_float_255_255_float_1_9_9_float_float_255_255_ou_1_ce0       |  out|    1|   ap_memory|  conv1_float_255_255_float_1_9_9_float_float_255_255_ou_1|         array|
|conv1_float_255_255_float_1_9_9_float_float_255_255_ou_1_we0       |  out|    1|   ap_memory|  conv1_float_255_255_float_1_9_9_float_float_255_255_ou_1|         array|
|conv1_float_255_255_float_1_9_9_float_float_255_255_ou_1_d0        |  out|   32|   ap_memory|  conv1_float_255_255_float_1_9_9_float_float_255_255_ou_1|         array|
|conv1_float_255_255_float_1_9_9_float_float_255_255_ou_1_address1  |  out|   14|   ap_memory|  conv1_float_255_255_float_1_9_9_float_float_255_255_ou_1|         array|
|conv1_float_255_255_float_1_9_9_float_float_255_255_ou_1_ce1       |  out|    1|   ap_memory|  conv1_float_255_255_float_1_9_9_float_float_255_255_ou_1|         array|
|conv1_float_255_255_float_1_9_9_float_float_255_255_ou_1_q1        |   in|   32|   ap_memory|  conv1_float_255_255_float_1_9_9_float_float_255_255_ou_1|         array|
|conv1_float_255_255_float_1_9_9_float_float_255_255_ou_address0    |  out|   14|   ap_memory|    conv1_float_255_255_float_1_9_9_float_float_255_255_ou|         array|
|conv1_float_255_255_float_1_9_9_float_float_255_255_ou_ce0         |  out|    1|   ap_memory|    conv1_float_255_255_float_1_9_9_float_float_255_255_ou|         array|
|conv1_float_255_255_float_1_9_9_float_float_255_255_ou_we0         |  out|    1|   ap_memory|    conv1_float_255_255_float_1_9_9_float_float_255_255_ou|         array|
|conv1_float_255_255_float_1_9_9_float_float_255_255_ou_d0          |  out|   32|   ap_memory|    conv1_float_255_255_float_1_9_9_float_float_255_255_ou|         array|
|conv1_float_255_255_float_1_9_9_float_float_255_255_ou_address1    |  out|   14|   ap_memory|    conv1_float_255_255_float_1_9_9_float_float_255_255_ou|         array|
|conv1_float_255_255_float_1_9_9_float_float_255_255_ou_ce1         |  out|    1|   ap_memory|    conv1_float_255_255_float_1_9_9_float_float_255_255_ou|         array|
|conv1_float_255_255_float_1_9_9_float_float_255_255_ou_q1          |   in|   32|   ap_memory|    conv1_float_255_255_float_1_9_9_float_float_255_255_ou|         array|
+-------------------------------------------------------------------+-----+-----+------------+----------------------------------------------------------+--------------+

