

================================================================
== Vitis HLS Report for 'conv3_Pipeline_KR_KC'
================================================================
* Date:           Thu Nov  2 17:54:24 2023

* Version:        2023.1 (Build 3854077 on May  4 2023)
* Project:        srcnn_hls
* Solution:       solution1 (Vivado IP Flow Target)
* Product family: zynquplus
* Target device:  xck24-ubva530-2LV-c


================================================================
== Performance Estimates
================================================================
+ Timing: 
    * Summary: 
    +--------+----------+----------+------------+
    |  Clock |  Target  | Estimated| Uncertainty|
    +--------+----------+----------+------------+
    |ap_clk  |  10.00 ns|  7.016 ns|     2.70 ns|
    +--------+----------+----------+------------+

+ Latency: 
    * Summary: 
    +---------+---------+----------+----------+-----+-----+---------+
    |  Latency (cycles) |  Latency (absolute) |  Interval | Pipeline|
    |   min   |   max   |    min   |    max   | min | max |   Type  |
    +---------+---------+----------+----------+-----+-----+---------+
    |       51|       51|  0.510 us|  0.510 us|   51|   51|       no|
    +---------+---------+----------+----------+-----+-----+---------+

    + Detail: 
        * Instance: 
        N/A

        * Loop: 
        +----------+---------+---------+----------+-----------+-----------+------+----------+
        |          |  Latency (cycles) | Iteration|  Initiation Interval  | Trip |          |
        | Loop Name|   min   |   max   |  Latency |  achieved |   target  | Count| Pipelined|
        +----------+---------+---------+----------+-----------+-----------+------+----------+
        |- KR_KC   |       49|       49|        23|          3|          3|    10|       yes|
        +----------+---------+---------+----------+-----------+-----------+------+----------+



================================================================
== Utilization Estimates
================================================================
* Summary: 
+-----------------+---------+-----+--------+-------+-----+
|       Name      | BRAM_18K| DSP |   FF   |  LUT  | URAM|
+-----------------+---------+-----+--------+-------+-----+
|DSP              |        -|    -|       -|      -|    -|
|Expression       |        -|    -|       0|    272|    -|
|FIFO             |        -|    -|       -|      -|    -|
|Instance         |        -|    0|     100|    258|    -|
|Memory           |        -|    -|       -|      -|    -|
|Multiplexer      |        -|    -|       -|    394|    -|
|Register         |        -|    -|    1238|    128|    -|
+-----------------+---------+-----+--------+-------+-----+
|Total            |        0|    0|    1338|   1052|    0|
+-----------------+---------+-----+--------+-------+-----+
|Available        |      432|  360|  141120|  70560|    0|
+-----------------+---------+-----+--------+-------+-----+
|Utilization (%)  |        0|    0|      ~0|      1|    0|
+-----------------+---------+-----+--------+-------+-----+

+ Detail: 
    * Instance: 
    +----------------------------+----------------------+---------+----+----+----+-----+
    |          Instance          |        Module        | BRAM_18K| DSP| FF | LUT| URAM|
    +----------------------------+----------------------+---------+----+----+----+-----+
    |mul_10ns_10ns_17_1_1_U1904  |mul_10ns_10ns_17_1_1  |        0|   0|   0|  62|    0|
    |mul_10ns_10ns_17_1_1_U1906  |mul_10ns_10ns_17_1_1  |        0|   0|   0|  62|    0|
    |mul_3ns_5ns_7_1_1_U1903     |mul_3ns_5ns_7_1_1     |        0|   0|   0|  17|    0|
    |mul_3ns_5ns_7_1_1_U1905     |mul_3ns_5ns_7_1_1     |        0|   0|   0|  17|    0|
    |mux_3_2_32_1_1_U1907        |mux_3_2_32_1_1        |        0|   0|   0|  14|    0|
    |mux_3_2_32_1_1_U1908        |mux_3_2_32_1_1        |        0|   0|   0|  14|    0|
    |mux_3_2_32_1_1_U1909        |mux_3_2_32_1_1        |        0|   0|   0|  14|    0|
    |mux_3_2_32_1_1_U1910        |mux_3_2_32_1_1        |        0|   0|   0|  14|    0|
    |urem_3ns_3ns_2_7_1_U1901    |urem_3ns_3ns_2_7_1    |        0|   0|  50|  22|    0|
    |urem_3ns_3ns_2_7_1_U1902    |urem_3ns_3ns_2_7_1    |        0|   0|  50|  22|    0|
    +----------------------------+----------------------+---------+----+----+----+-----+
    |Total                       |                      |        0|   0| 100| 258|    0|
    +----------------------------+----------------------+---------+----+----+----+-----+

    * DSP: 
    N/A

    * Memory: 
    N/A

    * FIFO: 
    N/A

    * Expression: 
    +-------------------------+----------+----+---+----+------------+------------+
    |      Variable Name      | Operation| DSP| FF| LUT| Bitwidth P0| Bitwidth P1|
    +-------------------------+----------+----+---+----+------------+------------+
    |add_ln49_1_fu_391_p2     |         +|   0|  0|  12|           4|           1|
    |add_ln49_fu_397_p2       |         +|   0|  0|  10|           3|           1|
    |add_ln50_fu_428_p2       |         +|   0|  0|   9|           2|           1|
    |add_ln60_1_fu_578_p2     |         +|   0|  0|  13|           6|           6|
    |add_ln60_fu_481_p2       |         +|   0|  0|  13|           6|           6|
    |empty_60_fu_505_p2       |         +|   0|  0|  12|           4|           4|
    |empty_61_fu_514_p2       |         +|   0|  0|  17|          10|          10|
    |empty_63_fu_529_p2       |         +|   0|  0|  24|          17|          17|
    |empty_64_fu_539_p2       |         +|   0|  0|  24|          17|          17|
    |empty_65_fu_611_p2       |         +|   0|  0|  17|          10|          10|
    |empty_67_fu_626_p2       |         +|   0|  0|  24|          17|          17|
    |empty_68_fu_636_p2       |         +|   0|  0|  24|          17|          17|
    |p_mid1_fu_602_p2         |         +|   0|  0|  12|           4|           4|
    |icmp_ln49_fu_385_p2      |      icmp|   0|  0|  12|           4|           4|
    |icmp_ln50_fu_416_p2      |      icmp|   0|  0|  10|           2|           3|
    |kc0_1_fu_434_p3          |    select|   0|  0|   2|           1|           1|
    |select_ln49_1_fu_422_p3  |    select|   0|  0|   3|           1|           3|
    |select_ln49_fu_690_p3    |    select|   0|  0|  32|           1|          32|
    |ap_enable_pp0            |       xor|   0|  0|   2|           1|           2|
    +-------------------------+----------+----+---+----+------------+------------+
    |Total                    |          |   0|  0| 272|         127|         156|
    +-------------------------+----------+----+---+----+------------+------------+

    * Multiplexer: 
    +------------------------------------------------------------------------+----+-----------+-----+-----------+
    |                                  Name                                  | LUT| Input Size| Bits| Total Bits|
    +------------------------------------------------------------------------+----+-----------+-----+-----------+
    |ap_NS_fsm                                                               |  20|          4|    1|          4|
    |ap_done_int                                                             |   9|          2|    1|          2|
    |ap_enable_reg_pp0_iter0                                                 |   9|          2|    1|          2|
    |ap_enable_reg_pp0_iter6                                                 |   9|          2|    1|          2|
    |ap_enable_reg_pp0_iter7                                                 |   9|          2|    1|          2|
    |ap_loop_exit_ready_pp0_iter1_reg                                        |   9|          2|    1|          2|
    |ap_loop_exit_ready_pp0_iter2_reg                                        |   9|          2|    1|          2|
    |ap_loop_exit_ready_pp0_iter3_reg                                        |   9|          2|    1|          2|
    |ap_loop_exit_ready_pp0_iter4_reg                                        |   9|          2|    1|          2|
    |ap_loop_exit_ready_pp0_iter5_reg                                        |   9|          2|    1|          2|
    |ap_loop_exit_ready_pp0_iter6_reg                                        |   9|          2|    1|          2|
    |ap_sig_allocacmp_kr_1                                                   |   9|          2|    3|          6|
    |ap_sig_allocacmp_p_load                                                 |   9|          2|   32|         64|
    |empty_59_fu_102                                                         |   9|          2|   32|         64|
    |grp_fu_324_p0                                                           |  20|          4|   32|        128|
    |grp_fu_324_p1                                                           |  14|          3|   32|         96|
    |grp_fu_329_p0                                                           |  14|          3|   32|         96|
    |grp_fu_329_p1                                                           |  14|          3|   32|         96|
    |grp_fu_333_p0                                                           |  14|          3|   32|         96|
    |grp_fu_333_p1                                                           |  14|          3|   32|         96|
    |grp_fu_337_p0                                                           |  14|          3|   32|         96|
    |grp_fu_337_p1                                                           |  14|          3|   32|         96|
    |indvar_flatten34_fu_110                                                 |   9|          2|    4|          8|
    |input_fm_buffer_address0                                                |  14|          3|   17|         51|
    |input_fm_buffer_address1                                                |  14|          3|   17|         51|
    |kc0_fu_98                                                               |   9|          2|    2|          4|
    |kr_fu_106                                                               |   9|          2|    3|          6|
    |p_ZZ5conv3PA255_A255_fPA32_A5_A5_fPfS1_E13weight_buffer_0_0_0_address0  |  14|          3|    7|         21|
    |p_ZZ5conv3PA255_A255_fPA32_A5_A5_fPfS1_E13weight_buffer_0_1_0_address0  |  14|          3|    7|         21|
    |p_ZZ5conv3PA255_A255_fPA32_A5_A5_fPfS1_E13weight_buffer_1_0_0_address0  |  14|          3|    7|         21|
    |p_ZZ5conv3PA255_A255_fPA32_A5_A5_fPfS1_E13weight_buffer_1_1_0_address0  |  14|          3|    7|         21|
    |p_ZZ5conv3PA255_A255_fPA32_A5_A5_fPfS1_E13weight_buffer_2_0_0_address0  |  14|          3|    7|         21|
    |p_ZZ5conv3PA255_A255_fPA32_A5_A5_fPfS1_E13weight_buffer_2_1_0_address0  |  14|          3|    7|         21|
    +------------------------------------------------------------------------+----+-----------+-----+-----------+
    |Total                                                                   | 394|         85|  419|       1204|
    +------------------------------------------------------------------------+----+-----------+-----+-----------+

    * Register: 
    +------------------------------------------------------------------------------+----+----+-----+-----------+
    |                                     Name                                     | FF | LUT| Bits| Const Bits|
    +------------------------------------------------------------------------------+----+----+-----+-----------+
    |add_ln49_reg_781                                                              |   3|   0|    3|          0|
    |ap_CS_fsm                                                                     |   3|   0|    3|          0|
    |ap_done_reg                                                                   |   1|   0|    1|          0|
    |ap_enable_reg_pp0_iter0_reg                                                   |   1|   0|    1|          0|
    |ap_enable_reg_pp0_iter1                                                       |   1|   0|    1|          0|
    |ap_enable_reg_pp0_iter2                                                       |   1|   0|    1|          0|
    |ap_enable_reg_pp0_iter3                                                       |   1|   0|    1|          0|
    |ap_enable_reg_pp0_iter4                                                       |   1|   0|    1|          0|
    |ap_enable_reg_pp0_iter5                                                       |   1|   0|    1|          0|
    |ap_enable_reg_pp0_iter6                                                       |   1|   0|    1|          0|
    |ap_enable_reg_pp0_iter7                                                       |   1|   0|    1|          0|
    |ap_loop_exit_ready_pp0_iter1_reg                                              |   1|   0|    1|          0|
    |ap_loop_exit_ready_pp0_iter2_reg                                              |   1|   0|    1|          0|
    |ap_loop_exit_ready_pp0_iter3_reg                                              |   1|   0|    1|          0|
    |ap_loop_exit_ready_pp0_iter4_reg                                              |   1|   0|    1|          0|
    |ap_loop_exit_ready_pp0_iter5_reg                                              |   1|   0|    1|          0|
    |ap_loop_exit_ready_pp0_iter6_reg                                              |   1|   0|    1|          0|
    |empty_59_fu_102                                                               |  32|   0|   32|          0|
    |icmp_ln49_reg_777                                                             |   1|   0|    1|          0|
    |icmp_ln50_reg_789                                                             |   1|   0|    1|          0|
    |indvar_flatten34_fu_110                                                       |   4|   0|    4|          0|
    |input_fm_buffer_load_1_reg_869                                                |  32|   0|   32|          0|
    |input_fm_buffer_load_2_reg_929                                                |  32|   0|   32|          0|
    |input_fm_buffer_load_3_reg_949                                                |  32|   0|   32|          0|
    |input_fm_buffer_load_reg_849                                                  |  32|   0|   32|          0|
    |kc0_fu_98                                                                     |   2|   0|    2|          0|
    |kr_1_reg_768                                                                  |   3|   0|    3|          0|
    |kr_fu_106                                                                     |   3|   0|    3|          0|
    |mul_1_mid1_reg_989                                                            |  32|   0|   32|          0|
    |mul_1_reg_979                                                                 |  32|   0|   32|          0|
    |mul_mid1_reg_984                                                              |  32|   0|   32|          0|
    |mul_reg_974                                                                   |  32|   0|   32|          0|
    |p_ZZ5conv3PA255_A255_fPA32_A5_A5_fPfS1_E13weight_buffer_0_0_0_load_1_reg_914  |  32|   0|   32|          0|
    |p_ZZ5conv3PA255_A255_fPA32_A5_A5_fPfS1_E13weight_buffer_0_0_0_load_reg_834    |  32|   0|   32|          0|
    |p_ZZ5conv3PA255_A255_fPA32_A5_A5_fPfS1_E13weight_buffer_0_1_0_load_1_reg_934  |  32|   0|   32|          0|
    |p_ZZ5conv3PA255_A255_fPA32_A5_A5_fPfS1_E13weight_buffer_0_1_0_load_reg_854    |  32|   0|   32|          0|
    |p_ZZ5conv3PA255_A255_fPA32_A5_A5_fPfS1_E13weight_buffer_1_0_0_load_1_reg_919  |  32|   0|   32|          0|
    |p_ZZ5conv3PA255_A255_fPA32_A5_A5_fPfS1_E13weight_buffer_1_0_0_load_reg_839    |  32|   0|   32|          0|
    |p_ZZ5conv3PA255_A255_fPA32_A5_A5_fPfS1_E13weight_buffer_1_1_0_load_1_reg_939  |  32|   0|   32|          0|
    |p_ZZ5conv3PA255_A255_fPA32_A5_A5_fPfS1_E13weight_buffer_1_1_0_load_reg_859    |  32|   0|   32|          0|
    |p_ZZ5conv3PA255_A255_fPA32_A5_A5_fPfS1_E13weight_buffer_2_0_0_load_1_reg_924  |  32|   0|   32|          0|
    |p_ZZ5conv3PA255_A255_fPA32_A5_A5_fPfS1_E13weight_buffer_2_0_0_load_reg_844    |  32|   0|   32|          0|
    |p_ZZ5conv3PA255_A255_fPA32_A5_A5_fPfS1_E13weight_buffer_2_1_0_load_1_reg_944  |  32|   0|   32|          0|
    |p_ZZ5conv3PA255_A255_fPA32_A5_A5_fPfS1_E13weight_buffer_2_1_0_load_reg_864    |  32|   0|   32|          0|
    |select_ln46_2_cast_reg_750                                                    |   3|   0|    4|          1|
    |select_ln49_reg_1009                                                          |  32|   0|   32|          0|
    |tmp_1_mid1_reg_999                                                            |  32|   0|   32|          0|
    |tmp_1_reg_994                                                                 |  32|   0|   32|          0|
    |tmp_2_reg_1004                                                                |  32|   0|   32|          0|
    |tmp_4_mid1_reg_969                                                            |  32|   0|   32|          0|
    |tmp_4_reg_959                                                                 |  32|   0|   32|          0|
    |tmp_mid1_reg_964                                                              |  32|   0|   32|          0|
    |tmp_reg_954                                                                   |  32|   0|   32|          0|
    |zext_ln47_cast_reg_762                                                        |   8|   0|   17|          9|
    |zext_ln63_cast_reg_756                                                        |   8|   0|   17|          9|
    |icmp_ln49_reg_777                                                             |  64|  32|    1|          0|
    |icmp_ln50_reg_789                                                             |  64|  32|    1|          0|
    |mul_1_mid1_reg_989                                                            |  64|  32|   32|          0|
    |mul_1_reg_979                                                                 |  64|  32|   32|          0|
    +------------------------------------------------------------------------------+----+----+-----+-----------+
    |Total                                                                         |1238| 128| 1067|         19|
    +------------------------------------------------------------------------------+----+----+-----+-----------+



================================================================
== Interface
================================================================
* Summary: 
+------------------------------------------------------------------------+-----+-----+------------+---------------------------------------------------------------+--------------+
|                                RTL Ports                               | Dir | Bits|  Protocol  |                         Source Object                         |    C Type    |
+------------------------------------------------------------------------+-----+-----+------------+---------------------------------------------------------------+--------------+
|ap_clk                                                                  |   in|    1|  ap_ctrl_hs|                                           conv3_Pipeline_KR_KC|  return value|
|ap_rst                                                                  |   in|    1|  ap_ctrl_hs|                                           conv3_Pipeline_KR_KC|  return value|
|ap_start                                                                |   in|    1|  ap_ctrl_hs|                                           conv3_Pipeline_KR_KC|  return value|
|ap_done                                                                 |  out|    1|  ap_ctrl_hs|                                           conv3_Pipeline_KR_KC|  return value|
|ap_idle                                                                 |  out|    1|  ap_ctrl_hs|                                           conv3_Pipeline_KR_KC|  return value|
|ap_ready                                                                |  out|    1|  ap_ctrl_hs|                                           conv3_Pipeline_KR_KC|  return value|
|grp_fu_1696_p_din0                                                      |  out|   32|  ap_ctrl_hs|                                           conv3_Pipeline_KR_KC|  return value|
|grp_fu_1696_p_din1                                                      |  out|   32|  ap_ctrl_hs|                                           conv3_Pipeline_KR_KC|  return value|
|grp_fu_1696_p_opcode                                                    |  out|    2|  ap_ctrl_hs|                                           conv3_Pipeline_KR_KC|  return value|
|grp_fu_1696_p_dout0                                                     |   in|   32|  ap_ctrl_hs|                                           conv3_Pipeline_KR_KC|  return value|
|grp_fu_1696_p_ce                                                        |  out|    1|  ap_ctrl_hs|                                           conv3_Pipeline_KR_KC|  return value|
|grp_fu_1700_p_din0                                                      |  out|   32|  ap_ctrl_hs|                                           conv3_Pipeline_KR_KC|  return value|
|grp_fu_1700_p_din1                                                      |  out|   32|  ap_ctrl_hs|                                           conv3_Pipeline_KR_KC|  return value|
|grp_fu_1700_p_opcode                                                    |  out|    2|  ap_ctrl_hs|                                           conv3_Pipeline_KR_KC|  return value|
|grp_fu_1700_p_dout0                                                     |   in|   32|  ap_ctrl_hs|                                           conv3_Pipeline_KR_KC|  return value|
|grp_fu_1700_p_ce                                                        |  out|    1|  ap_ctrl_hs|                                           conv3_Pipeline_KR_KC|  return value|
|grp_fu_1704_p_din0                                                      |  out|   32|  ap_ctrl_hs|                                           conv3_Pipeline_KR_KC|  return value|
|grp_fu_1704_p_din1                                                      |  out|   32|  ap_ctrl_hs|                                           conv3_Pipeline_KR_KC|  return value|
|grp_fu_1704_p_dout0                                                     |   in|   32|  ap_ctrl_hs|                                           conv3_Pipeline_KR_KC|  return value|
|grp_fu_1704_p_ce                                                        |  out|    1|  ap_ctrl_hs|                                           conv3_Pipeline_KR_KC|  return value|
|grp_fu_1708_p_din0                                                      |  out|   32|  ap_ctrl_hs|                                           conv3_Pipeline_KR_KC|  return value|
|grp_fu_1708_p_din1                                                      |  out|   32|  ap_ctrl_hs|                                           conv3_Pipeline_KR_KC|  return value|
|grp_fu_1708_p_dout0                                                     |   in|   32|  ap_ctrl_hs|                                           conv3_Pipeline_KR_KC|  return value|
|grp_fu_1708_p_ce                                                        |  out|    1|  ap_ctrl_hs|                                           conv3_Pipeline_KR_KC|  return value|
|output_fm_buffer_0_load_1                                               |   in|   32|     ap_none|                                      output_fm_buffer_0_load_1|        scalar|
|zext_ln60_1                                                             |   in|    7|     ap_none|                                                    zext_ln60_1|        scalar|
|select_ln46_2                                                           |   in|    3|     ap_none|                                                  select_ln46_2|        scalar|
|empty                                                                   |   in|   10|     ap_none|                                                          empty|        scalar|
|zext_ln47                                                               |   in|    8|     ap_none|                                                      zext_ln47|        scalar|
|zext_ln63                                                               |   in|    8|     ap_none|                                                      zext_ln63|        scalar|
|p_out                                                                   |  out|   32|      ap_vld|                                                          p_out|       pointer|
|p_out_ap_vld                                                            |  out|    1|      ap_vld|                                                          p_out|       pointer|
|p_ZZ5conv3PA255_A255_fPA32_A5_A5_fPfS1_E13weight_buffer_0_0_0_address0  |  out|    7|   ap_memory|  p_ZZ5conv3PA255_A255_fPA32_A5_A5_fPfS1_E13weight_buffer_0_0_0|         array|
|p_ZZ5conv3PA255_A255_fPA32_A5_A5_fPfS1_E13weight_buffer_0_0_0_ce0       |  out|    1|   ap_memory|  p_ZZ5conv3PA255_A255_fPA32_A5_A5_fPfS1_E13weight_buffer_0_0_0|         array|
|p_ZZ5conv3PA255_A255_fPA32_A5_A5_fPfS1_E13weight_buffer_0_0_0_q0        |   in|   32|   ap_memory|  p_ZZ5conv3PA255_A255_fPA32_A5_A5_fPfS1_E13weight_buffer_0_0_0|         array|
|p_ZZ5conv3PA255_A255_fPA32_A5_A5_fPfS1_E13weight_buffer_1_0_0_address0  |  out|    7|   ap_memory|  p_ZZ5conv3PA255_A255_fPA32_A5_A5_fPfS1_E13weight_buffer_1_0_0|         array|
|p_ZZ5conv3PA255_A255_fPA32_A5_A5_fPfS1_E13weight_buffer_1_0_0_ce0       |  out|    1|   ap_memory|  p_ZZ5conv3PA255_A255_fPA32_A5_A5_fPfS1_E13weight_buffer_1_0_0|         array|
|p_ZZ5conv3PA255_A255_fPA32_A5_A5_fPfS1_E13weight_buffer_1_0_0_q0        |   in|   32|   ap_memory|  p_ZZ5conv3PA255_A255_fPA32_A5_A5_fPfS1_E13weight_buffer_1_0_0|         array|
|p_ZZ5conv3PA255_A255_fPA32_A5_A5_fPfS1_E13weight_buffer_2_0_0_address0  |  out|    7|   ap_memory|  p_ZZ5conv3PA255_A255_fPA32_A5_A5_fPfS1_E13weight_buffer_2_0_0|         array|
|p_ZZ5conv3PA255_A255_fPA32_A5_A5_fPfS1_E13weight_buffer_2_0_0_ce0       |  out|    1|   ap_memory|  p_ZZ5conv3PA255_A255_fPA32_A5_A5_fPfS1_E13weight_buffer_2_0_0|         array|
|p_ZZ5conv3PA255_A255_fPA32_A5_A5_fPfS1_E13weight_buffer_2_0_0_q0        |   in|   32|   ap_memory|  p_ZZ5conv3PA255_A255_fPA32_A5_A5_fPfS1_E13weight_buffer_2_0_0|         array|
|input_fm_buffer_address0                                                |  out|   17|   ap_memory|                                                input_fm_buffer|         array|
|input_fm_buffer_ce0                                                     |  out|    1|   ap_memory|                                                input_fm_buffer|         array|
|input_fm_buffer_q0                                                      |   in|   32|   ap_memory|                                                input_fm_buffer|         array|
|input_fm_buffer_address1                                                |  out|   17|   ap_memory|                                                input_fm_buffer|         array|
|input_fm_buffer_ce1                                                     |  out|    1|   ap_memory|                                                input_fm_buffer|         array|
|input_fm_buffer_q1                                                      |   in|   32|   ap_memory|                                                input_fm_buffer|         array|
|p_ZZ5conv3PA255_A255_fPA32_A5_A5_fPfS1_E13weight_buffer_0_1_0_address0  |  out|    7|   ap_memory|  p_ZZ5conv3PA255_A255_fPA32_A5_A5_fPfS1_E13weight_buffer_0_1_0|         array|
|p_ZZ5conv3PA255_A255_fPA32_A5_A5_fPfS1_E13weight_buffer_0_1_0_ce0       |  out|    1|   ap_memory|  p_ZZ5conv3PA255_A255_fPA32_A5_A5_fPfS1_E13weight_buffer_0_1_0|         array|
|p_ZZ5conv3PA255_A255_fPA32_A5_A5_fPfS1_E13weight_buffer_0_1_0_q0        |   in|   32|   ap_memory|  p_ZZ5conv3PA255_A255_fPA32_A5_A5_fPfS1_E13weight_buffer_0_1_0|         array|
|p_ZZ5conv3PA255_A255_fPA32_A5_A5_fPfS1_E13weight_buffer_1_1_0_address0  |  out|    7|   ap_memory|  p_ZZ5conv3PA255_A255_fPA32_A5_A5_fPfS1_E13weight_buffer_1_1_0|         array|
|p_ZZ5conv3PA255_A255_fPA32_A5_A5_fPfS1_E13weight_buffer_1_1_0_ce0       |  out|    1|   ap_memory|  p_ZZ5conv3PA255_A255_fPA32_A5_A5_fPfS1_E13weight_buffer_1_1_0|         array|
|p_ZZ5conv3PA255_A255_fPA32_A5_A5_fPfS1_E13weight_buffer_1_1_0_q0        |   in|   32|   ap_memory|  p_ZZ5conv3PA255_A255_fPA32_A5_A5_fPfS1_E13weight_buffer_1_1_0|         array|
|p_ZZ5conv3PA255_A255_fPA32_A5_A5_fPfS1_E13weight_buffer_2_1_0_address0  |  out|    7|   ap_memory|  p_ZZ5conv3PA255_A255_fPA32_A5_A5_fPfS1_E13weight_buffer_2_1_0|         array|
|p_ZZ5conv3PA255_A255_fPA32_A5_A5_fPfS1_E13weight_buffer_2_1_0_ce0       |  out|    1|   ap_memory|  p_ZZ5conv3PA255_A255_fPA32_A5_A5_fPfS1_E13weight_buffer_2_1_0|         array|
|p_ZZ5conv3PA255_A255_fPA32_A5_A5_fPfS1_E13weight_buffer_2_1_0_q0        |   in|   32|   ap_memory|  p_ZZ5conv3PA255_A255_fPA32_A5_A5_fPfS1_E13weight_buffer_2_1_0|         array|
+------------------------------------------------------------------------+-----+-----+------------+---------------------------------------------------------------+--------------+

