

================================================================
== Vitis HLS Report for 'conv3_Pipeline_RELU'
================================================================
* Date:           Mon Nov  6 16:29:17 2023

* Version:        2023.1 (Build 3854077 on May  4 2023)
* Project:        srcnn_hls
* Solution:       solution1 (Vivado IP Flow Target)
* Product family: zynquplus
* Target device:  xck24-ubva530-2LV-c


================================================================
== Performance Estimates
================================================================
+ Timing: 
    * Summary: 
    +--------+----------+----------+------------+
    |  Clock |  Target  | Estimated| Uncertainty|
    +--------+----------+----------+------------+
    |ap_clk  |  10.00 ns|  6.437 ns|     2.70 ns|
    +--------+----------+----------+------------+

+ Latency: 
    * Summary: 
    +---------+---------+----------+----------+-----+-----+---------+
    |  Latency (cycles) |  Latency (absolute) |  Interval | Pipeline|
    |   min   |   max   |    min   |    max   | min | max |   Type  |
    +---------+---------+----------+----------+-----+-----+---------+
    |      517|      517|  5.170 us|  5.170 us|  517|  517|       no|
    +---------+---------+----------+----------+-----+-----+---------+

    + Detail: 
        * Instance: 
        N/A

        * Loop: 
        +----------+---------+---------+----------+-----------+-----------+------+----------+
        |          |  Latency (cycles) | Iteration|  Initiation Interval  | Trip |          |
        | Loop Name|   min   |   max   |  Latency |  achieved |   target  | Count| Pipelined|
        +----------+---------+---------+----------+-----------+-----------+------+----------+
        |- RELU    |      515|      515|         8|          2|          2|   255|       yes|
        +----------+---------+---------+----------+-----------+-----------+------+----------+



================================================================
== Utilization Estimates
================================================================
* Summary: 
+-----------------+---------+-----+--------+-------+-----+
|       Name      | BRAM_18K| DSP |   FF   |  LUT  | URAM|
+-----------------+---------+-----+--------+-------+-----+
|DSP              |        -|    -|       -|      -|    -|
|Expression       |        -|    -|       0|    130|    -|
|FIFO             |        -|    -|       -|      -|    -|
|Instance         |        -|    -|       -|      -|    -|
|Memory           |        -|    -|       -|      -|    -|
|Multiplexer      |        -|    -|       -|     73|    -|
|Register         |        -|    -|     156|     32|    -|
+-----------------+---------+-----+--------+-------+-----+
|Total            |        0|    0|     156|    235|    0|
+-----------------+---------+-----+--------+-------+-----+
|Available        |      432|  360|  141120|  70560|    0|
+-----------------+---------+-----+--------+-------+-----+
|Utilization (%)  |        0|    0|      ~0|     ~0|    0|
+-----------------+---------+-----+--------+-------+-----+

+ Detail: 
    * Instance: 
    N/A

    * DSP: 
    N/A

    * Memory: 
    N/A

    * FIFO: 
    N/A

    * Expression: 
    +------------------------+----------+----+---+----+------------+------------+
    |      Variable Name     | Operation| DSP| FF| LUT| Bitwidth P0| Bitwidth P1|
    +------------------------+----------+----+---+----+------------+------------+
    |add_ln137_fu_98_p2      |         +|   0|  0|  15|           8|           1|
    |add_ln140_fu_108_p2     |         +|   0|  0|  17|          10|          10|
    |and_ln142_fu_159_p2     |       and|   0|  0|   2|           1|           1|
    |icmp_ln137_fu_92_p2     |      icmp|   0|  0|  15|           8|           2|
    |icmp_ln142_3_fu_147_p2  |      icmp|   0|  0|  30|          23|           1|
    |icmp_ln142_fu_141_p2    |      icmp|   0|  0|  15|           8|           2|
    |or_ln142_fu_153_p2      |        or|   0|  0|   2|           1|           1|
    |output_fm_buffer_0_d0   |    select|   0|  0|  32|           1|           1|
    |ap_enable_pp0           |       xor|   0|  0|   2|           1|           2|
    +------------------------+----------+----+---+----+------------+------------+
    |Total                   |          |   0|  0| 130|          61|          21|
    +------------------------+----------+----+---+----+------------+------------+

    * Multiplexer: 
    +-----------------------------+----+-----------+-----+-----------+
    |             Name            | LUT| Input Size| Bits| Total Bits|
    +-----------------------------+----+-----------+-----+-----------+
    |ap_NS_fsm                    |  14|          3|    1|          3|
    |ap_done_int                  |   9|          2|    1|          2|
    |ap_enable_reg_pp0_iter0      |   9|          2|    1|          2|
    |ap_enable_reg_pp0_iter1      |   9|          2|    1|          2|
    |ap_sig_allocacmp_bw_3        |   9|          2|    8|         16|
    |bw_fu_46                     |   9|          2|    8|         16|
    |output_fm_buffer_0_address0  |  14|          3|   10|         30|
    +-----------------------------+----+-----------+-----+-----------+
    |Total                        |  73|         16|   30|         71|
    +-----------------------------+----+-----------+-----+-----------+

    * Register: 
    +----------------------------------+----+----+-----+-----------+
    |               Name               | FF | LUT| Bits| Const Bits|
    +----------------------------------+----+----+-----+-----------+
    |add15_0_i_reg_199                 |  32|   0|   32|          0|
    |ap_CS_fsm                         |   2|   0|    2|          0|
    |ap_done_reg                       |   1|   0|    1|          0|
    |ap_enable_reg_pp0_iter0_reg       |   1|   0|    1|          0|
    |ap_enable_reg_pp0_iter1           |   1|   0|    1|          0|
    |ap_enable_reg_pp0_iter2           |   1|   0|    1|          0|
    |ap_enable_reg_pp0_iter3           |   1|   0|    1|          0|
    |ap_loop_exit_ready_pp0_iter1_reg  |   1|   0|    1|          0|
    |ap_loop_exit_ready_pp0_iter2_reg  |   1|   0|    1|          0|
    |bw_fu_46                          |   8|   0|    8|          0|
    |icmp_ln137_reg_185                |   1|   0|    1|          0|
    |output_fm_buffer_0_addr_reg_189   |  10|   0|   10|          0|
    |output_fm_buffer_0_load_reg_194   |  32|   0|   32|          0|
    |output_fm_buffer_0_addr_reg_189   |  64|  32|   10|          0|
    +----------------------------------+----+----+-----+-----------+
    |Total                             | 156|  32|  102|          0|
    +----------------------------------+----+----+-----+-----------+



================================================================
== Interface
================================================================
* Summary: 
+-----------------------------+-----+-----+------------+----------------------+--------------+
|          RTL Ports          | Dir | Bits|  Protocol  |     Source Object    |    C Type    |
+-----------------------------+-----+-----+------------+----------------------+--------------+
|ap_clk                       |   in|    1|  ap_ctrl_hs|   conv3_Pipeline_RELU|  return value|
|ap_rst                       |   in|    1|  ap_ctrl_hs|   conv3_Pipeline_RELU|  return value|
|ap_start                     |   in|    1|  ap_ctrl_hs|   conv3_Pipeline_RELU|  return value|
|ap_done                      |  out|    1|  ap_ctrl_hs|   conv3_Pipeline_RELU|  return value|
|ap_idle                      |  out|    1|  ap_ctrl_hs|   conv3_Pipeline_RELU|  return value|
|ap_ready                     |  out|    1|  ap_ctrl_hs|   conv3_Pipeline_RELU|  return value|
|grp_fu_1704_p_din0           |  out|   32|  ap_ctrl_hs|   conv3_Pipeline_RELU|  return value|
|grp_fu_1704_p_din1           |  out|   32|  ap_ctrl_hs|   conv3_Pipeline_RELU|  return value|
|grp_fu_1704_p_opcode         |  out|    2|  ap_ctrl_hs|   conv3_Pipeline_RELU|  return value|
|grp_fu_1704_p_dout0          |   in|   32|  ap_ctrl_hs|   conv3_Pipeline_RELU|  return value|
|grp_fu_1704_p_ce             |  out|    1|  ap_ctrl_hs|   conv3_Pipeline_RELU|  return value|
|grp_fu_1732_p_din0           |  out|   32|  ap_ctrl_hs|   conv3_Pipeline_RELU|  return value|
|grp_fu_1732_p_din1           |  out|   32|  ap_ctrl_hs|   conv3_Pipeline_RELU|  return value|
|grp_fu_1732_p_opcode         |  out|    5|  ap_ctrl_hs|   conv3_Pipeline_RELU|  return value|
|grp_fu_1732_p_dout0          |   in|    1|  ap_ctrl_hs|   conv3_Pipeline_RELU|  return value|
|grp_fu_1732_p_ce             |  out|    1|  ap_ctrl_hs|   conv3_Pipeline_RELU|  return value|
|sub_ln140                    |   in|   10|     ap_none|             sub_ln140|        scalar|
|conv3_biases_0_0_val         |   in|   32|     ap_none|  conv3_biases_0_0_val|        scalar|
|output_fm_buffer_0_address0  |  out|   10|   ap_memory|    output_fm_buffer_0|         array|
|output_fm_buffer_0_ce0       |  out|    1|   ap_memory|    output_fm_buffer_0|         array|
|output_fm_buffer_0_we0       |  out|    1|   ap_memory|    output_fm_buffer_0|         array|
|output_fm_buffer_0_d0        |  out|   32|   ap_memory|    output_fm_buffer_0|         array|
|output_fm_buffer_0_q0        |   in|   32|   ap_memory|    output_fm_buffer_0|         array|
+-----------------------------+-----+-----+------------+----------------------+--------------+

