

================================================================
== Vitis HLS Report for 'conv2_Pipeline_VITIS_LOOP_136_1_VITIS_LOOP_137_2_VITIS_LOOP_138_3'
================================================================
* Date:           Tue Oct 31 16:55:38 2023

* Version:        2023.1 (Build 3854077 on May  4 2023)
* Project:        srcnn_hls
* Solution:       solution1 (Vivado IP Flow Target)
* Product family: zynquplus
* Target device:  xck26-sfvc784-2LV-c


================================================================
== Performance Estimates
================================================================
+ Timing: 
    * Summary: 
    +--------+----------+----------+------------+
    |  Clock |  Target  | Estimated| Uncertainty|
    +--------+----------+----------+------------+
    |ap_clk  |  10.00 ns|  7.300 ns|     2.70 ns|
    +--------+----------+----------+------------+

+ Latency: 
    * Summary: 
    +---------+---------+----------+----------+--------+--------+---------+
    |  Latency (cycles) |  Latency (absolute) |     Interval    | Pipeline|
    |   min   |   max   |    min   |    max   |   min  |   max  |   Type  |
    +---------+---------+----------+----------+--------+--------+---------+
    |   194210|   194210|  1.942 ms|  1.942 ms|  194210|  194210|       no|
    +---------+---------+----------+----------+--------+--------+---------+

    + Detail: 
        * Instance: 
        N/A

        * Loop: 
        +------------------------------------------------------+---------+---------+----------+-----------+-----------+------+----------+
        |                                                      |  Latency (cycles) | Iteration|  Initiation Interval  | Trip |          |
        |                       Loop Name                      |   min   |   max   |  Latency |  achieved |   target  | Count| Pipelined|
        +------------------------------------------------------+---------+---------+----------+-----------+-----------+------+----------+
        |- VITIS_LOOP_136_1_VITIS_LOOP_137_2_VITIS_LOOP_138_3  |   194208|   194208|        22|         21|          1|  9248|       yes|
        +------------------------------------------------------+---------+---------+----------+-----------+-----------+------+----------+



================================================================
== Utilization Estimates
================================================================
* Summary: 
+-----------------+---------+------+--------+--------+-----+
|       Name      | BRAM_18K|  DSP |   FF   |   LUT  | URAM|
+-----------------+---------+------+--------+--------+-----+
|DSP              |        -|     -|       -|       -|    -|
|Expression       |        -|     -|       0|     654|    -|
|FIFO             |        -|     -|       -|       -|    -|
|Instance         |        -|     1|       0|       6|    -|
|Memory           |        -|     -|       -|       -|    -|
|Multiplexer      |        -|     -|       -|     265|    -|
|Register         |        -|     -|     298|       -|    -|
+-----------------+---------+------+--------+--------+-----+
|Total            |        0|     1|     298|     925|    0|
+-----------------+---------+------+--------+--------+-----+
|Available        |      288|  1248|  234240|  117120|   64|
+-----------------+---------+------+--------+--------+-----+
|Utilization (%)  |        0|    ~0|      ~0|      ~0|    0|
+-----------------+---------+------+--------+--------+-----+

+ Detail: 
    * Instance: 
    +-------------------------+---------------------+---------+----+---+----+-----+
    |         Instance        |        Module       | BRAM_18K| DSP| FF| LUT| URAM|
    +-------------------------+---------------------+---------+----+---+----+-----+
    |mul_6ns_19ns_24_1_1_U56  |mul_6ns_19ns_24_1_1  |        0|   1|  0|   6|    0|
    +-------------------------+---------------------+---------+----+---+----+-----+
    |Total                    |                     |        0|   1|  0|   6|    0|
    +-------------------------+---------------------+---------+----+---+----+-----+

    * DSP: 
    N/A

    * Memory: 
    N/A

    * FIFO: 
    N/A

    * Expression: 
    +------------------------------------+----------+----+---+----+------------+------------+
    |            Variable Name           | Operation| DSP| FF| LUT| Bitwidth P0| Bitwidth P1|
    +------------------------------------+----------+----+---+----+------------+------------+
    |add_ln136_1_fu_315_p2               |         +|   0|  0|  21|          14|           1|
    |add_ln136_fu_330_p2                 |         +|   0|  0|  13|           6|           1|
    |add_ln137_1_fu_642_p2               |         +|   0|  0|  17|          10|           1|
    |add_ln137_fu_453_p2                 |         +|   0|  0|  12|           5|           1|
    |add_ln138_fu_734_p2                 |         +|   0|  0|  12|           5|           1|
    |add_ln140_1_fu_584_p2               |         +|   0|  0|  15|           8|           8|
    |add_ln140_2_fu_601_p2               |         +|   0|  0|  64|          64|          64|
    |add_ln140_3_fu_616_p2               |         +|   0|  0|  64|          64|          64|
    |add_ln140_4_fu_606_p2               |         +|   0|  0|  26|          19|          19|
    |add_ln140_5_fu_379_p2               |         +|   0|  0|  17|          11|          11|
    |add_ln140_6_fu_485_p2               |         +|   0|  0|  17|          11|          11|
    |add_ln140_7_fu_507_p2               |         +|   0|  0|  16|          14|          14|
    |add_ln140_8_fu_564_p2               |         +|   0|  0|  16|          14|          14|
    |add_ln140_fu_575_p2                 |         +|   0|  0|  12|           5|           5|
    |empty_fu_274_p2                     |         +|   0|  0|  15|           8|           8|
    |p_mid139_fu_517_p2                  |         +|   0|  0|  15|           8|           8|
    |sub_ln140_1_fu_421_p2               |         -|   0|  0|  26|          19|          19|
    |sub_ln140_2_fu_546_p2               |         -|   0|  0|  26|          19|          19|
    |sub_ln140_fu_303_p2                 |         -|   0|  0|  26|          19|          19|
    |and_ln136_fu_447_p2                 |       and|   0|  0|   2|           1|           1|
    |and_ln141_fu_720_p2                 |       and|   0|  0|   2|           1|           1|
    |ap_block_pp0_stage10_11001          |       and|   0|  0|   2|           1|           1|
    |ap_block_pp0_stage16_11001          |       and|   0|  0|   2|           1|           1|
    |ap_block_pp0_stage17_11001          |       and|   0|  0|   2|           1|           1|
    |ap_block_pp0_stage1_11001           |       and|   0|  0|   2|           1|           1|
    |ap_block_pp0_stage2_11001           |       and|   0|  0|   2|           1|           1|
    |ap_block_state11_pp0_stage10_iter0  |       and|   0|  0|   2|           1|           1|
    |ap_block_state17_io                 |       and|   0|  0|   2|           1|           1|
    |ap_block_state18_io                 |       and|   0|  0|   2|           1|           1|
    |ap_block_state3_io                  |       and|   0|  0|   2|           1|           1|
    |icmp_ln136_fu_309_p2                |      icmp|   0|  0|  21|          14|          14|
    |icmp_ln137_fu_336_p2                |      icmp|   0|  0|  17|          10|           9|
    |icmp_ln138_fu_441_p2                |      icmp|   0|  0|  12|           5|           5|
    |icmp_ln141_1_fu_708_p2              |      icmp|   0|  0|  30|          23|           1|
    |icmp_ln141_fu_702_p2                |      icmp|   0|  0|  15|           8|           2|
    |or_ln137_fu_459_p2                  |        or|   0|  0|   2|           1|           1|
    |or_ln141_fu_714_p2                  |        or|   0|  0|   2|           1|           1|
    |select_ln136_1_fu_350_p3            |    select|   0|  0|   6|           1|           6|
    |select_ln136_2_fu_427_p3            |    select|   0|  0|  18|           1|          19|
    |select_ln136_fu_342_p3              |    select|   0|  0|   5|           1|           1|
    |select_ln137_1_fu_473_p3            |    select|   0|  0|   5|           1|           5|
    |select_ln137_2_fu_552_p3            |    select|   0|  0|  18|           1|          19|
    |select_ln137_3_fu_648_p3            |    select|   0|  0|  10|           1|           1|
    |select_ln137_fu_465_p3              |    select|   0|  0|   5|           1|           1|
    |select_ln141_fu_726_p3              |    select|   0|  0|  32|           1|           1|
    |ap_enable_pp0                       |       xor|   0|  0|   2|           1|           2|
    |xor_ln136_fu_435_p2                 |       xor|   0|  0|   2|           1|           2|
    +------------------------------------+----------+----+---+----+------------+------------+
    |Total                               |          |   0|  0| 654|         406|         389|
    +------------------------------------+----------+----+---+----+------------+------------+

    * Multiplexer: 
    +-----------------------------+-----+-----------+-----+-----------+
    |             Name            | LUT | Input Size| Bits| Total Bits|
    +-----------------------------+-----+-----------+-----+-----------+
    |ap_NS_fsm                    |  111|         22|    1|         22|
    |ap_done_int                  |    9|          2|    1|          2|
    |ap_enable_reg_pp0_iter0      |    9|          2|    1|          2|
    |ap_enable_reg_pp0_iter0_reg  |    9|          2|    1|          2|
    |ap_enable_reg_pp0_iter1      |    9|          2|    1|          2|
    |gmem_blk_n_AR                |    9|          2|    1|          2|
    |gmem_blk_n_AW                |    9|          2|    1|          2|
    |gmem_blk_n_B                 |    9|          2|    1|          2|
    |gmem_blk_n_R                 |    9|          2|    1|          2|
    |gmem_blk_n_W                 |    9|          2|    1|          2|
    |grp_fu_220_p0                |   14|          3|   32|         96|
    |grp_fu_220_p1                |   14|          3|   32|         96|
    |indvar_flatten41_fu_136      |    9|          2|   10|         20|
    |indvar_flatten76_fu_144      |    9|          2|   14|         28|
    |nout_fu_140                  |    9|          2|    6|         12|
    |tx_fu_128                    |    9|          2|    5|         10|
    |ty_fu_132                    |    9|          2|    5|         10|
    +-----------------------------+-----+-----------+-----+-----------+
    |Total                        |  265|         56|  114|        312|
    +-----------------------------+-----+-----------+-----+-----------+

    * Register: 
    +-------------------------------+----+----+-----+-----------+
    |              Name             | FF | LUT| Bits| Const Bits|
    +-------------------------------+----+----+-----+-----------+
    |ap_CS_fsm                      |  21|   0|   21|          0|
    |ap_done_reg                    |   1|   0|    1|          0|
    |ap_enable_reg_pp0_iter0_reg    |   1|   0|    1|          0|
    |ap_enable_reg_pp0_iter1        |   1|   0|    1|          0|
    |conv2_biases_load_reg_828      |  32|   0|   32|          0|
    |gmem_addr_read_reg_843         |  32|   0|   32|          0|
    |gmem_addr_reg_821              |  64|   0|   64|          0|
    |icmp_ln136_reg_802             |   1|   0|    1|          0|
    |indvar_flatten41_fu_136        |  10|   0|   10|          0|
    |indvar_flatten76_fu_144        |  14|   0|   14|          0|
    |nout_fu_140                    |   6|   0|    6|          0|
    |output_fm_buffer_load_reg_833  |  32|   0|   32|          0|
    |reg_229                        |  32|   0|   32|          0|
    |select_ln137_reg_811           |   5|   0|    5|          0|
    |select_ln141_reg_853           |  32|   0|   32|          0|
    |ti_cast13_cast_reg_797         |   4|   0|    5|          1|
    |tx_fu_128                      |   5|   0|    5|          0|
    |ty_fu_132                      |   5|   0|    5|          0|
    +-------------------------------+----+----+-----+-----------+
    |Total                          | 298|   0|  299|          1|
    +-------------------------------+----+----+-----+-----------+



================================================================
== Interface
================================================================
* Summary: 
+---------------------------+-----+-----+------------+-------------------------------------------------------------------+--------------+
|         RTL Ports         | Dir | Bits|  Protocol  |                           Source Object                           |    C Type    |
+---------------------------+-----+-----+------------+-------------------------------------------------------------------+--------------+
|ap_clk                     |   in|    1|  ap_ctrl_hs|  conv2_Pipeline_VITIS_LOOP_136_1_VITIS_LOOP_137_2_VITIS_LOOP_138_3|  return value|
|ap_rst                     |   in|    1|  ap_ctrl_hs|  conv2_Pipeline_VITIS_LOOP_136_1_VITIS_LOOP_137_2_VITIS_LOOP_138_3|  return value|
|ap_start                   |   in|    1|  ap_ctrl_hs|  conv2_Pipeline_VITIS_LOOP_136_1_VITIS_LOOP_137_2_VITIS_LOOP_138_3|  return value|
|ap_done                    |  out|    1|  ap_ctrl_hs|  conv2_Pipeline_VITIS_LOOP_136_1_VITIS_LOOP_137_2_VITIS_LOOP_138_3|  return value|
|ap_idle                    |  out|    1|  ap_ctrl_hs|  conv2_Pipeline_VITIS_LOOP_136_1_VITIS_LOOP_137_2_VITIS_LOOP_138_3|  return value|
|ap_ready                   |  out|    1|  ap_ctrl_hs|  conv2_Pipeline_VITIS_LOOP_136_1_VITIS_LOOP_137_2_VITIS_LOOP_138_3|  return value|
|grp_fu_476_p_din0          |  out|   32|  ap_ctrl_hs|  conv2_Pipeline_VITIS_LOOP_136_1_VITIS_LOOP_137_2_VITIS_LOOP_138_3|  return value|
|grp_fu_476_p_din1          |  out|   32|  ap_ctrl_hs|  conv2_Pipeline_VITIS_LOOP_136_1_VITIS_LOOP_137_2_VITIS_LOOP_138_3|  return value|
|grp_fu_476_p_opcode        |  out|    2|  ap_ctrl_hs|  conv2_Pipeline_VITIS_LOOP_136_1_VITIS_LOOP_137_2_VITIS_LOOP_138_3|  return value|
|grp_fu_476_p_dout0         |   in|   32|  ap_ctrl_hs|  conv2_Pipeline_VITIS_LOOP_136_1_VITIS_LOOP_137_2_VITIS_LOOP_138_3|  return value|
|grp_fu_476_p_ce            |  out|    1|  ap_ctrl_hs|  conv2_Pipeline_VITIS_LOOP_136_1_VITIS_LOOP_137_2_VITIS_LOOP_138_3|  return value|
|grp_fu_484_p_din0          |  out|   32|  ap_ctrl_hs|  conv2_Pipeline_VITIS_LOOP_136_1_VITIS_LOOP_137_2_VITIS_LOOP_138_3|  return value|
|grp_fu_484_p_din1          |  out|   32|  ap_ctrl_hs|  conv2_Pipeline_VITIS_LOOP_136_1_VITIS_LOOP_137_2_VITIS_LOOP_138_3|  return value|
|grp_fu_484_p_opcode        |  out|    5|  ap_ctrl_hs|  conv2_Pipeline_VITIS_LOOP_136_1_VITIS_LOOP_137_2_VITIS_LOOP_138_3|  return value|
|grp_fu_484_p_dout0         |   in|    1|  ap_ctrl_hs|  conv2_Pipeline_VITIS_LOOP_136_1_VITIS_LOOP_137_2_VITIS_LOOP_138_3|  return value|
|grp_fu_484_p_ce            |  out|    1|  ap_ctrl_hs|  conv2_Pipeline_VITIS_LOOP_136_1_VITIS_LOOP_137_2_VITIS_LOOP_138_3|  return value|
|m_axi_gmem_AWVALID         |  out|    1|       m_axi|                                                               gmem|       pointer|
|m_axi_gmem_AWREADY         |   in|    1|       m_axi|                                                               gmem|       pointer|
|m_axi_gmem_AWADDR          |  out|   64|       m_axi|                                                               gmem|       pointer|
|m_axi_gmem_AWID            |  out|    1|       m_axi|                                                               gmem|       pointer|
|m_axi_gmem_AWLEN           |  out|   32|       m_axi|                                                               gmem|       pointer|
|m_axi_gmem_AWSIZE          |  out|    3|       m_axi|                                                               gmem|       pointer|
|m_axi_gmem_AWBURST         |  out|    2|       m_axi|                                                               gmem|       pointer|
|m_axi_gmem_AWLOCK          |  out|    2|       m_axi|                                                               gmem|       pointer|
|m_axi_gmem_AWCACHE         |  out|    4|       m_axi|                                                               gmem|       pointer|
|m_axi_gmem_AWPROT          |  out|    3|       m_axi|                                                               gmem|       pointer|
|m_axi_gmem_AWQOS           |  out|    4|       m_axi|                                                               gmem|       pointer|
|m_axi_gmem_AWREGION        |  out|    4|       m_axi|                                                               gmem|       pointer|
|m_axi_gmem_AWUSER          |  out|    1|       m_axi|                                                               gmem|       pointer|
|m_axi_gmem_WVALID          |  out|    1|       m_axi|                                                               gmem|       pointer|
|m_axi_gmem_WREADY          |   in|    1|       m_axi|                                                               gmem|       pointer|
|m_axi_gmem_WDATA           |  out|   32|       m_axi|                                                               gmem|       pointer|
|m_axi_gmem_WSTRB           |  out|    4|       m_axi|                                                               gmem|       pointer|
|m_axi_gmem_WLAST           |  out|    1|       m_axi|                                                               gmem|       pointer|
|m_axi_gmem_WID             |  out|    1|       m_axi|                                                               gmem|       pointer|
|m_axi_gmem_WUSER           |  out|    1|       m_axi|                                                               gmem|       pointer|
|m_axi_gmem_ARVALID         |  out|    1|       m_axi|                                                               gmem|       pointer|
|m_axi_gmem_ARREADY         |   in|    1|       m_axi|                                                               gmem|       pointer|
|m_axi_gmem_ARADDR          |  out|   64|       m_axi|                                                               gmem|       pointer|
|m_axi_gmem_ARID            |  out|    1|       m_axi|                                                               gmem|       pointer|
|m_axi_gmem_ARLEN           |  out|   32|       m_axi|                                                               gmem|       pointer|
|m_axi_gmem_ARSIZE          |  out|    3|       m_axi|                                                               gmem|       pointer|
|m_axi_gmem_ARBURST         |  out|    2|       m_axi|                                                               gmem|       pointer|
|m_axi_gmem_ARLOCK          |  out|    2|       m_axi|                                                               gmem|       pointer|
|m_axi_gmem_ARCACHE         |  out|    4|       m_axi|                                                               gmem|       pointer|
|m_axi_gmem_ARPROT          |  out|    3|       m_axi|                                                               gmem|       pointer|
|m_axi_gmem_ARQOS           |  out|    4|       m_axi|                                                               gmem|       pointer|
|m_axi_gmem_ARREGION        |  out|    4|       m_axi|                                                               gmem|       pointer|
|m_axi_gmem_ARUSER          |  out|    1|       m_axi|                                                               gmem|       pointer|
|m_axi_gmem_RVALID          |   in|    1|       m_axi|                                                               gmem|       pointer|
|m_axi_gmem_RREADY          |  out|    1|       m_axi|                                                               gmem|       pointer|
|m_axi_gmem_RDATA           |   in|   32|       m_axi|                                                               gmem|       pointer|
|m_axi_gmem_RLAST           |   in|    1|       m_axi|                                                               gmem|       pointer|
|m_axi_gmem_RID             |   in|    1|       m_axi|                                                               gmem|       pointer|
|m_axi_gmem_RFIFONUM        |   in|    9|       m_axi|                                                               gmem|       pointer|
|m_axi_gmem_RUSER           |   in|    1|       m_axi|                                                               gmem|       pointer|
|m_axi_gmem_RRESP           |   in|    2|       m_axi|                                                               gmem|       pointer|
|m_axi_gmem_BVALID          |   in|    1|       m_axi|                                                               gmem|       pointer|
|m_axi_gmem_BREADY          |  out|    1|       m_axi|                                                               gmem|       pointer|
|m_axi_gmem_BRESP           |   in|    2|       m_axi|                                                               gmem|       pointer|
|m_axi_gmem_BID             |   in|    1|       m_axi|                                                               gmem|       pointer|
|m_axi_gmem_BUSER           |   in|    1|       m_axi|                                                               gmem|       pointer|
|select_ln30_1              |   in|    8|     ap_none|                                                      select_ln30_1|        scalar|
|conv2_biases_address0      |  out|    5|   ap_memory|                                                       conv2_biases|         array|
|conv2_biases_ce0           |  out|    1|   ap_memory|                                                       conv2_biases|         array|
|conv2_biases_q0            |   in|   32|   ap_memory|                                                       conv2_biases|         array|
|ti_cast13                  |   in|    4|     ap_none|                                                          ti_cast13|        scalar|
|tmp_5                      |   in|    8|     ap_none|                                                              tmp_5|        scalar|
|output_ftmap               |   in|   64|     ap_none|                                                       output_ftmap|        scalar|
|output_fm_buffer_address0  |  out|   14|   ap_memory|                                                   output_fm_buffer|         array|
|output_fm_buffer_ce0       |  out|    1|   ap_memory|                                                   output_fm_buffer|         array|
|output_fm_buffer_q0        |   in|   32|   ap_memory|                                                   output_fm_buffer|         array|
+---------------------------+-----+-----+------------+-------------------------------------------------------------------+--------------+

