

================================================================
== Vitis HLS Report for 'conv1_Pipeline_IN_BUFFER_BY_IN_BUFFER_BX'
================================================================
* Date:           Mon Oct 30 17:12:38 2023

* Version:        2023.1 (Build 3854077 on May  4 2023)
* Project:        srcnn_hls
* Solution:       solution1 (Vivado IP Flow Target)
* Product family: zynquplus
* Target device:  xck26-sfvc784-2LV-c


================================================================
== Performance Estimates
================================================================
+ Timing: 
    * Summary: 
    +--------+----------+----------+------------+
    |  Clock |  Target  | Estimated| Uncertainty|
    +--------+----------+----------+------------+
    |ap_clk  |  10.00 ns|  7.300 ns|     2.70 ns|
    +--------+----------+----------+------------+

+ Latency: 
    * Summary: 
    +---------+---------+----------+----------+-----+-----+---------+
    |  Latency (cycles) |  Latency (absolute) |  Interval | Pipeline|
    |   min   |   max   |    min   |    max   | min | max |   Type  |
    +---------+---------+----------+----------+-----+-----+---------+
    |      636|      636|  6.360 us|  6.360 us|  636|  636|       no|
    +---------+---------+----------+----------+-----+-----+---------+

    + Detail: 
        * Instance: 
        N/A

        * Loop: 
        +-----------------------------+---------+---------+----------+-----------+-----------+------+----------+
        |                             |  Latency (cycles) | Iteration|  Initiation Interval  | Trip |          |
        |          Loop Name          |   min   |   max   |  Latency |  achieved |   target  | Count| Pipelined|
        +-----------------------------+---------+---------+----------+-----------+-----------+------+----------+
        |- IN_BUFFER_BY_IN_BUFFER_BX  |      634|      634|        11|          1|          1|   625|       yes|
        +-----------------------------+---------+---------+----------+-----------+-----------+------+----------+



================================================================
== Utilization Estimates
================================================================
* Summary: 
+-----------------+---------+------+--------+--------+-----+
|       Name      | BRAM_18K|  DSP |   FF   |   LUT  | URAM|
+-----------------+---------+------+--------+--------+-----+
|DSP              |        -|     1|       -|       -|    -|
|Expression       |        -|     -|       0|     520|    -|
|FIFO             |        -|     -|       -|       -|    -|
|Instance         |        -|     -|       -|       -|    -|
|Memory           |        -|     -|       -|       -|    -|
|Multiplexer      |        -|     -|       -|      90|    -|
|Register         |        -|     -|     275|      64|    -|
+-----------------+---------+------+--------+--------+-----+
|Total            |        0|     1|     275|     674|    0|
+-----------------+---------+------+--------+--------+-----+
|Available        |      288|  1248|  234240|  117120|   64|
+-----------------+---------+------+--------+--------+-----+
|Utilization (%)  |        0|    ~0|      ~0|      ~0|    0|
+-----------------+---------+------+--------+--------+-----+

+ Detail: 
    * Instance: 
    N/A

    * DSP: 
    +----------------------------------+-------------------------------+--------------+
    |             Instance             |             Module            |  Expression  |
    +----------------------------------+-------------------------------+--------------+
    |mac_muladd_5ns_5ns_5ns_10_4_1_U8  |mac_muladd_5ns_5ns_5ns_10_4_1  |  i0 * i1 + i2|
    +----------------------------------+-------------------------------+--------------+

    * Memory: 
    N/A

    * FIFO: 
    N/A

    * Expression: 
    +---------------------------+----------+----+---+----+------------+------------+
    |       Variable Name       | Operation| DSP| FF| LUT| Bitwidth P0| Bitwidth P1|
    +---------------------------+----------+----+---+----+------------+------------+
    |add_ln101_1_fu_525_p2      |         +|   0|  0|  64|          64|          64|
    |add_ln101_fu_519_p2        |         +|   0|  0|  64|          64|          64|
    |add_ln52_2_fu_218_p2       |         +|   0|  0|  17|          10|          10|
    |add_ln52_fu_357_p2         |         +|   0|  0|  17|          10|          10|
    |add_ln93_1_fu_286_p2       |         +|   0|  0|  17|          10|           1|
    |add_ln93_fu_295_p2         |         +|   0|  0|  12|           5|           1|
    |add_ln94_fu_551_p2         |         +|   0|  0|  12|           5|           1|
    |add_ln97_1_fu_447_p2       |         +|   0|  0|  13|           6|           4|
    |add_ln97_fu_457_p2         |         +|   0|  0|  17|          10|          10|
    |empty_fu_198_p2            |         +|   0|  0|  17|          10|          10|
    |p_mid1_fu_337_p2           |         +|   0|  0|  17|          10|          10|
    |tmp_fu_188_p2              |         +|   0|  0|  13|           6|           4|
    |tmp_mid1_fu_327_p2         |         +|   0|  0|  13|           6|           4|
    |sub_ln101_1_fu_413_p2      |         -|   0|  0|  27|          20|          20|
    |sub_ln101_fu_274_p2        |         -|   0|  0|  27|          20|          20|
    |icmp_ln52_2_fu_471_p2      |      icmp|   0|  0|  17|          10|           8|
    |icmp_ln52_3_fu_351_p2      |      icmp|   0|  0|  17|          10|           8|
    |icmp_ln52_fu_212_p2        |      icmp|   0|  0|  17|          10|           8|
    |icmp_ln93_fu_280_p2        |      icmp|   0|  0|  17|          10|          10|
    |icmp_ln94_fu_301_p2        |      icmp|   0|  0|  12|           5|           4|
    |ap_block_pp0_stage0_11001  |        or|   0|  0|   2|           1|           1|
    |or_ln51_2_fu_485_p2        |        or|   0|  0|   2|           1|           1|
    |or_ln51_3_fu_379_p2        |        or|   0|  0|   2|           1|           1|
    |or_ln51_fu_240_p2          |        or|   0|  0|   2|           1|           1|
    |select_ln51_10_fu_385_p3   |    select|   0|  0|  10|           1|          10|
    |select_ln51_11_fu_371_p3   |    select|   0|  0|   8|           1|           1|
    |select_ln51_12_fu_499_p3   |    select|   0|  0|  10|           1|          10|
    |select_ln51_13_fu_491_p3   |    select|   0|  0|   8|           1|           1|
    |select_ln51_fu_232_p3      |    select|   0|  0|   8|           1|           1|
    |select_ln93_1_fu_315_p3    |    select|   0|  0|   5|           1|           5|
    |select_ln93_2_fu_419_p3    |    select|   0|  0|  19|           1|          20|
    |select_ln93_fu_307_p3      |    select|   0|  0|   5|           1|           1|
    |yClamped_fu_246_p3         |    select|   0|  0|  10|           1|          10|
    |ap_enable_pp0              |       xor|   0|  0|   2|           1|           2|
    +---------------------------+----------+----+---+----+------------+------------+
    |Total                      |          |   0|  0| 520|         315|         336|
    +---------------------------+----------+----+---+----+------------+------------+

    * Multiplexer: 
    +--------------------------------------+----+-----------+-----+-----------+
    |                 Name                 | LUT| Input Size| Bits| Total Bits|
    +--------------------------------------+----+-----------+-----+-----------+
    |ap_done_int                           |   9|          2|    1|          2|
    |ap_enable_reg_pp0_iter1               |   9|          2|    1|          2|
    |ap_sig_allocacmp_bx_load              |   9|          2|    5|         10|
    |ap_sig_allocacmp_by_2                 |   9|          2|    5|         10|
    |ap_sig_allocacmp_indvar_flatten_load  |   9|          2|   10|         20|
    |bx_fu_94                              |   9|          2|    5|         10|
    |by_fu_98                              |   9|          2|    5|         10|
    |gmem_blk_n_AR                         |   9|          2|    1|          2|
    |gmem_blk_n_R                          |   9|          2|    1|          2|
    |indvar_flatten_fu_102                 |   9|          2|   10|         20|
    +--------------------------------------+----+-----------+-----+-----------+
    |Total                                 |  90|         20|   44|         88|
    +--------------------------------------+----+-----------+-----+-----------+

    * Register: 
    +----------------------------------+----+----+-----+-----------+
    |               Name               | FF | LUT| Bits| Const Bits|
    +----------------------------------+----+----+-----+-----------+
    |ap_CS_fsm                         |   1|   0|    1|          0|
    |ap_done_reg                       |   1|   0|    1|          0|
    |ap_enable_reg_pp0_iter1           |   1|   0|    1|          0|
    |ap_enable_reg_pp0_iter10          |   1|   0|    1|          0|
    |ap_enable_reg_pp0_iter2           |   1|   0|    1|          0|
    |ap_enable_reg_pp0_iter3           |   1|   0|    1|          0|
    |ap_enable_reg_pp0_iter4           |   1|   0|    1|          0|
    |ap_enable_reg_pp0_iter5           |   1|   0|    1|          0|
    |ap_enable_reg_pp0_iter6           |   1|   0|    1|          0|
    |ap_enable_reg_pp0_iter7           |   1|   0|    1|          0|
    |ap_enable_reg_pp0_iter8           |   1|   0|    1|          0|
    |ap_enable_reg_pp0_iter9           |   1|   0|    1|          0|
    |ap_loop_exit_ready_pp0_iter1_reg  |   1|   0|    1|          0|
    |ap_loop_exit_ready_pp0_iter2_reg  |   1|   0|    1|          0|
    |ap_loop_exit_ready_pp0_iter3_reg  |   1|   0|    1|          0|
    |ap_loop_exit_ready_pp0_iter4_reg  |   1|   0|    1|          0|
    |ap_loop_exit_ready_pp0_iter5_reg  |   1|   0|    1|          0|
    |ap_loop_exit_ready_pp0_iter6_reg  |   1|   0|    1|          0|
    |ap_loop_exit_ready_pp0_iter7_reg  |   1|   0|    1|          0|
    |ap_loop_exit_ready_pp0_iter8_reg  |   1|   0|    1|          0|
    |ap_loop_exit_ready_pp0_iter9_reg  |   1|   0|    1|          0|
    |bx_fu_94                          |   5|   0|    5|          0|
    |by_fu_98                          |   5|   0|    5|          0|
    |gmem_addr_17_read_reg_646         |  32|   0|   32|          0|
    |gmem_addr_17_reg_630              |  64|   0|   64|          0|
    |indvar_flatten_fu_102             |  10|   0|   10|          0|
    |select_ln93_1_reg_625             |   5|   0|    5|          0|
    |select_ln93_reg_620               |   5|   0|    5|          0|
    |select_ln93_1_reg_625             |  64|  32|    5|          0|
    |select_ln93_reg_620               |  64|  32|    5|          0|
    +----------------------------------+----+----+-----+-----------+
    |Total                             | 275|  64|  157|          0|
    +----------------------------------+----+----+-----+-----------+



================================================================
== Interface
================================================================
* Summary: 
+------------------------------+-----+-----+------------+------------------------------------------+--------------+
|           RTL Ports          | Dir | Bits|  Protocol  |               Source Object              |    C Type    |
+------------------------------+-----+-----+------------+------------------------------------------+--------------+
|ap_clk                        |   in|    1|  ap_ctrl_hs|  conv1_Pipeline_IN_BUFFER_BY_IN_BUFFER_BX|  return value|
|ap_rst                        |   in|    1|  ap_ctrl_hs|  conv1_Pipeline_IN_BUFFER_BY_IN_BUFFER_BX|  return value|
|ap_start                      |   in|    1|  ap_ctrl_hs|  conv1_Pipeline_IN_BUFFER_BY_IN_BUFFER_BX|  return value|
|ap_done                       |  out|    1|  ap_ctrl_hs|  conv1_Pipeline_IN_BUFFER_BY_IN_BUFFER_BX|  return value|
|ap_idle                       |  out|    1|  ap_ctrl_hs|  conv1_Pipeline_IN_BUFFER_BY_IN_BUFFER_BX|  return value|
|ap_ready                      |  out|    1|  ap_ctrl_hs|  conv1_Pipeline_IN_BUFFER_BY_IN_BUFFER_BX|  return value|
|m_axi_gmem_AWVALID            |  out|    1|       m_axi|                                      gmem|       pointer|
|m_axi_gmem_AWREADY            |   in|    1|       m_axi|                                      gmem|       pointer|
|m_axi_gmem_AWADDR             |  out|   64|       m_axi|                                      gmem|       pointer|
|m_axi_gmem_AWID               |  out|    1|       m_axi|                                      gmem|       pointer|
|m_axi_gmem_AWLEN              |  out|   32|       m_axi|                                      gmem|       pointer|
|m_axi_gmem_AWSIZE             |  out|    3|       m_axi|                                      gmem|       pointer|
|m_axi_gmem_AWBURST            |  out|    2|       m_axi|                                      gmem|       pointer|
|m_axi_gmem_AWLOCK             |  out|    2|       m_axi|                                      gmem|       pointer|
|m_axi_gmem_AWCACHE            |  out|    4|       m_axi|                                      gmem|       pointer|
|m_axi_gmem_AWPROT             |  out|    3|       m_axi|                                      gmem|       pointer|
|m_axi_gmem_AWQOS              |  out|    4|       m_axi|                                      gmem|       pointer|
|m_axi_gmem_AWREGION           |  out|    4|       m_axi|                                      gmem|       pointer|
|m_axi_gmem_AWUSER             |  out|    1|       m_axi|                                      gmem|       pointer|
|m_axi_gmem_WVALID             |  out|    1|       m_axi|                                      gmem|       pointer|
|m_axi_gmem_WREADY             |   in|    1|       m_axi|                                      gmem|       pointer|
|m_axi_gmem_WDATA              |  out|   32|       m_axi|                                      gmem|       pointer|
|m_axi_gmem_WSTRB              |  out|    4|       m_axi|                                      gmem|       pointer|
|m_axi_gmem_WLAST              |  out|    1|       m_axi|                                      gmem|       pointer|
|m_axi_gmem_WID                |  out|    1|       m_axi|                                      gmem|       pointer|
|m_axi_gmem_WUSER              |  out|    1|       m_axi|                                      gmem|       pointer|
|m_axi_gmem_ARVALID            |  out|    1|       m_axi|                                      gmem|       pointer|
|m_axi_gmem_ARREADY            |   in|    1|       m_axi|                                      gmem|       pointer|
|m_axi_gmem_ARADDR             |  out|   64|       m_axi|                                      gmem|       pointer|
|m_axi_gmem_ARID               |  out|    1|       m_axi|                                      gmem|       pointer|
|m_axi_gmem_ARLEN              |  out|   32|       m_axi|                                      gmem|       pointer|
|m_axi_gmem_ARSIZE             |  out|    3|       m_axi|                                      gmem|       pointer|
|m_axi_gmem_ARBURST            |  out|    2|       m_axi|                                      gmem|       pointer|
|m_axi_gmem_ARLOCK             |  out|    2|       m_axi|                                      gmem|       pointer|
|m_axi_gmem_ARCACHE            |  out|    4|       m_axi|                                      gmem|       pointer|
|m_axi_gmem_ARPROT             |  out|    3|       m_axi|                                      gmem|       pointer|
|m_axi_gmem_ARQOS              |  out|    4|       m_axi|                                      gmem|       pointer|
|m_axi_gmem_ARREGION           |  out|    4|       m_axi|                                      gmem|       pointer|
|m_axi_gmem_ARUSER             |  out|    1|       m_axi|                                      gmem|       pointer|
|m_axi_gmem_RVALID             |   in|    1|       m_axi|                                      gmem|       pointer|
|m_axi_gmem_RREADY             |  out|    1|       m_axi|                                      gmem|       pointer|
|m_axi_gmem_RDATA              |   in|   32|       m_axi|                                      gmem|       pointer|
|m_axi_gmem_RLAST              |   in|    1|       m_axi|                                      gmem|       pointer|
|m_axi_gmem_RID                |   in|    1|       m_axi|                                      gmem|       pointer|
|m_axi_gmem_RFIFONUM           |   in|    9|       m_axi|                                      gmem|       pointer|
|m_axi_gmem_RUSER              |   in|    1|       m_axi|                                      gmem|       pointer|
|m_axi_gmem_RRESP              |   in|    2|       m_axi|                                      gmem|       pointer|
|m_axi_gmem_BVALID             |   in|    1|       m_axi|                                      gmem|       pointer|
|m_axi_gmem_BREADY             |  out|    1|       m_axi|                                      gmem|       pointer|
|m_axi_gmem_BRESP              |   in|    2|       m_axi|                                      gmem|       pointer|
|m_axi_gmem_BID                |   in|    1|       m_axi|                                      gmem|       pointer|
|m_axi_gmem_BUSER              |   in|    1|       m_axi|                                      gmem|       pointer|
|zext_ln30                     |   in|    8|     ap_none|                                 zext_ln30|        scalar|
|zext_ln52                     |   in|    8|     ap_none|                                 zext_ln52|        scalar|
|select_ln30                   |   in|    4|     ap_none|                               select_ln30|        scalar|
|input_ftmap                   |   in|   64|     ap_none|                               input_ftmap|        scalar|
|input_fm_buffer_2_0_address0  |  out|   10|   ap_memory|                       input_fm_buffer_2_0|         array|
|input_fm_buffer_2_0_ce0       |  out|    1|   ap_memory|                       input_fm_buffer_2_0|         array|
|input_fm_buffer_2_0_we0       |  out|    1|   ap_memory|                       input_fm_buffer_2_0|         array|
|input_fm_buffer_2_0_d0        |  out|   32|   ap_memory|                       input_fm_buffer_2_0|         array|
+------------------------------+-----+-----+------------+------------------------------------------+--------------+

