

================================================================
== Vitis HLS Report for 'conv1_Pipeline_BW7'
================================================================
* Date:           Wed Nov  1 16:45:21 2023

* Version:        2023.1 (Build 3854077 on May  4 2023)
* Project:        srcnn_hls
* Solution:       solution1 (Vivado IP Flow Target)
* Product family: zynquplus
* Target device:  xck24-ubva530-2LV-c


================================================================
== Performance Estimates
================================================================
+ Timing: 
    * Summary: 
    +--------+----------+----------+------------+
    |  Clock |  Target  | Estimated| Uncertainty|
    +--------+----------+----------+------------+
    |ap_clk  |  10.00 ns|  2.046 ns|     2.70 ns|
    +--------+----------+----------+------------+

+ Latency: 
    * Summary: 
    +---------+---------+----------+----------+-----+-----+---------+
    |  Latency (cycles) |  Latency (absolute) |  Interval | Pipeline|
    |   min   |   max   |    min   |    max   | min | max |   Type  |
    +---------+---------+----------+----------+-----+-----+---------+
    |      257|      257|  2.570 us|  2.570 us|  257|  257|       no|
    +---------+---------+----------+----------+-----+-----+---------+

    + Detail: 
        * Instance: 
        N/A

        * Loop: 
        +----------+---------+---------+----------+-----------+-----------+------+----------+
        |          |  Latency (cycles) | Iteration|  Initiation Interval  | Trip |          |
        | Loop Name|   min   |   max   |  Latency |  achieved |   target  | Count| Pipelined|
        +----------+---------+---------+----------+-----------+-----------+------+----------+
        |- BW      |      255|      255|         1|          1|          1|   255|       yes|
        +----------+---------+---------+----------+-----------+-----------+------+----------+



================================================================
== Utilization Estimates
================================================================
* Summary: 
+-----------------+---------+-----+--------+-------+-----+
|       Name      | BRAM_18K| DSP |   FF   |  LUT  | URAM|
+-----------------+---------+-----+--------+-------+-----+
|DSP              |        -|    -|       -|      -|    -|
|Expression       |        -|    -|       0|     49|    -|
|FIFO             |        -|    -|       -|      -|    -|
|Instance         |        -|    -|       -|      -|    -|
|Memory           |        -|    -|       -|      -|    -|
|Multiplexer      |        -|    -|       -|     27|    -|
|Register         |        -|    -|      10|      -|    -|
+-----------------+---------+-----+--------+-------+-----+
|Total            |        0|    0|      10|     76|    0|
+-----------------+---------+-----+--------+-------+-----+
|Available        |      432|  360|  141120|  70560|    0|
+-----------------+---------+-----+--------+-------+-----+
|Utilization (%)  |        0|    0|      ~0|     ~0|    0|
+-----------------+---------+-----+--------+-------+-----+

+ Detail: 
    * Instance: 
    N/A

    * DSP: 
    N/A

    * Memory: 
    N/A

    * FIFO: 
    N/A

    * Expression: 
    +---------------------+----------+----+---+----+------------+------------+
    |    Variable Name    | Operation| DSP| FF| LUT| Bitwidth P0| Bitwidth P1|
    +---------------------+----------+----+---+----+------------+------------+
    |add_ln81_fu_190_p2   |         +|   0|  0|  15|           8|           1|
    |add_ln83_fu_200_p2   |         +|   0|  0|  19|          12|          12|
    |icmp_ln81_fu_184_p2  |      icmp|   0|  0|  15|           8|           2|
    +---------------------+----------+----+---+----+------------+------------+
    |Total                |          |   0|  0|  49|          28|          15|
    +---------------------+----------+----+---+----+------------+------------+

    * Multiplexer: 
    +--------------------+----+-----------+-----+-----------+
    |        Name        | LUT| Input Size| Bits| Total Bits|
    +--------------------+----+-----------+-----+-----------+
    |ap_done_int         |   9|          2|    1|          2|
    |ap_sig_allocacmp_w  |   9|          2|    8|         16|
    |w_1_fu_62           |   9|          2|    8|         16|
    +--------------------+----+-----------+-----+-----------+
    |Total               |  27|          6|   17|         34|
    +--------------------+----+-----------+-----+-----------+

    * Register: 
    +-------------+---+----+-----+-----------+
    |     Name    | FF| LUT| Bits| Const Bits|
    +-------------+---+----+-----+-----------+
    |ap_CS_fsm    |  1|   0|    1|          0|
    |ap_done_reg  |  1|   0|    1|          0|
    |w_1_fu_62    |  8|   0|    8|          0|
    +-------------+---+----+-----+-----------+
    |Total        | 10|   0|   10|          0|
    +-------------+---+----+-----+-----------+



================================================================
== Interface
================================================================
* Summary: 
+-------------------------------------------------------------------+-----+-----+------------+----------------------------------------------------------+--------------+
|                             RTL Ports                             | Dir | Bits|  Protocol  |                       Source Object                      |    C Type    |
+-------------------------------------------------------------------+-----+-----+------------+----------------------------------------------------------+--------------+
|ap_clk                                                             |   in|    1|  ap_ctrl_hs|                                        conv1_Pipeline_BW7|  return value|
|ap_rst                                                             |   in|    1|  ap_ctrl_hs|                                        conv1_Pipeline_BW7|  return value|
|ap_start                                                           |   in|    1|  ap_ctrl_hs|                                        conv1_Pipeline_BW7|  return value|
|ap_done                                                            |  out|    1|  ap_ctrl_hs|                                        conv1_Pipeline_BW7|  return value|
|ap_idle                                                            |  out|    1|  ap_ctrl_hs|                                        conv1_Pipeline_BW7|  return value|
|ap_ready                                                           |  out|    1|  ap_ctrl_hs|                                        conv1_Pipeline_BW7|  return value|
|sub_ln83_1                                                         |   in|   12|     ap_none|                                                sub_ln83_1|        scalar|
|trunc_ln14                                                         |   in|    3|     ap_none|                                                trunc_ln14|        scalar|
|conv1_float_255_255_float_1_9_9_float_float_255_255_ou_6_address0  |  out|   12|   ap_memory|  conv1_float_255_255_float_1_9_9_float_float_255_255_ou_6|         array|
|conv1_float_255_255_float_1_9_9_float_float_255_255_ou_6_ce0       |  out|    1|   ap_memory|  conv1_float_255_255_float_1_9_9_float_float_255_255_ou_6|         array|
|conv1_float_255_255_float_1_9_9_float_float_255_255_ou_6_we0       |  out|    1|   ap_memory|  conv1_float_255_255_float_1_9_9_float_float_255_255_ou_6|         array|
|conv1_float_255_255_float_1_9_9_float_float_255_255_ou_6_d0        |  out|   32|   ap_memory|  conv1_float_255_255_float_1_9_9_float_float_255_255_ou_6|         array|
|conv1_float_255_255_float_1_9_9_float_float_255_255_ou_5_address0  |  out|   12|   ap_memory|  conv1_float_255_255_float_1_9_9_float_float_255_255_ou_5|         array|
|conv1_float_255_255_float_1_9_9_float_float_255_255_ou_5_ce0       |  out|    1|   ap_memory|  conv1_float_255_255_float_1_9_9_float_float_255_255_ou_5|         array|
|conv1_float_255_255_float_1_9_9_float_float_255_255_ou_5_we0       |  out|    1|   ap_memory|  conv1_float_255_255_float_1_9_9_float_float_255_255_ou_5|         array|
|conv1_float_255_255_float_1_9_9_float_float_255_255_ou_5_d0        |  out|   32|   ap_memory|  conv1_float_255_255_float_1_9_9_float_float_255_255_ou_5|         array|
|conv1_float_255_255_float_1_9_9_float_float_255_255_ou_4_address0  |  out|   12|   ap_memory|  conv1_float_255_255_float_1_9_9_float_float_255_255_ou_4|         array|
|conv1_float_255_255_float_1_9_9_float_float_255_255_ou_4_ce0       |  out|    1|   ap_memory|  conv1_float_255_255_float_1_9_9_float_float_255_255_ou_4|         array|
|conv1_float_255_255_float_1_9_9_float_float_255_255_ou_4_we0       |  out|    1|   ap_memory|  conv1_float_255_255_float_1_9_9_float_float_255_255_ou_4|         array|
|conv1_float_255_255_float_1_9_9_float_float_255_255_ou_4_d0        |  out|   32|   ap_memory|  conv1_float_255_255_float_1_9_9_float_float_255_255_ou_4|         array|
|conv1_float_255_255_float_1_9_9_float_float_255_255_ou_3_address0  |  out|   12|   ap_memory|  conv1_float_255_255_float_1_9_9_float_float_255_255_ou_3|         array|
|conv1_float_255_255_float_1_9_9_float_float_255_255_ou_3_ce0       |  out|    1|   ap_memory|  conv1_float_255_255_float_1_9_9_float_float_255_255_ou_3|         array|
|conv1_float_255_255_float_1_9_9_float_float_255_255_ou_3_we0       |  out|    1|   ap_memory|  conv1_float_255_255_float_1_9_9_float_float_255_255_ou_3|         array|
|conv1_float_255_255_float_1_9_9_float_float_255_255_ou_3_d0        |  out|   32|   ap_memory|  conv1_float_255_255_float_1_9_9_float_float_255_255_ou_3|         array|
|conv1_float_255_255_float_1_9_9_float_float_255_255_ou_2_address0  |  out|   12|   ap_memory|  conv1_float_255_255_float_1_9_9_float_float_255_255_ou_2|         array|
|conv1_float_255_255_float_1_9_9_float_float_255_255_ou_2_ce0       |  out|    1|   ap_memory|  conv1_float_255_255_float_1_9_9_float_float_255_255_ou_2|         array|
|conv1_float_255_255_float_1_9_9_float_float_255_255_ou_2_we0       |  out|    1|   ap_memory|  conv1_float_255_255_float_1_9_9_float_float_255_255_ou_2|         array|
|conv1_float_255_255_float_1_9_9_float_float_255_255_ou_2_d0        |  out|   32|   ap_memory|  conv1_float_255_255_float_1_9_9_float_float_255_255_ou_2|         array|
|conv1_float_255_255_float_1_9_9_float_float_255_255_ou_1_address0  |  out|   12|   ap_memory|  conv1_float_255_255_float_1_9_9_float_float_255_255_ou_1|         array|
|conv1_float_255_255_float_1_9_9_float_float_255_255_ou_1_ce0       |  out|    1|   ap_memory|  conv1_float_255_255_float_1_9_9_float_float_255_255_ou_1|         array|
|conv1_float_255_255_float_1_9_9_float_float_255_255_ou_1_we0       |  out|    1|   ap_memory|  conv1_float_255_255_float_1_9_9_float_float_255_255_ou_1|         array|
|conv1_float_255_255_float_1_9_9_float_float_255_255_ou_1_d0        |  out|   32|   ap_memory|  conv1_float_255_255_float_1_9_9_float_float_255_255_ou_1|         array|
|conv1_float_255_255_float_1_9_9_float_float_255_255_ou_address0    |  out|   12|   ap_memory|    conv1_float_255_255_float_1_9_9_float_float_255_255_ou|         array|
|conv1_float_255_255_float_1_9_9_float_float_255_255_ou_ce0         |  out|    1|   ap_memory|    conv1_float_255_255_float_1_9_9_float_float_255_255_ou|         array|
|conv1_float_255_255_float_1_9_9_float_float_255_255_ou_we0         |  out|    1|   ap_memory|    conv1_float_255_255_float_1_9_9_float_float_255_255_ou|         array|
|conv1_float_255_255_float_1_9_9_float_float_255_255_ou_d0          |  out|   32|   ap_memory|    conv1_float_255_255_float_1_9_9_float_float_255_255_ou|         array|
+-------------------------------------------------------------------+-----+-----+------------+----------------------------------------------------------+--------------+

