

================================================================
== Vitis HLS Report for 'conv2_Pipeline_7'
================================================================
* Date:           Sat Nov  4 22:07:30 2023

* Version:        2023.1 (Build 3854077 on May  4 2023)
* Project:        srcnn_hls
* Solution:       solution1 (Vivado IP Flow Target)
* Product family: zynquplus
* Target device:  xck24-ubva530-2LV-c


================================================================
== Performance Estimates
================================================================
+ Timing: 
    * Summary: 
    +--------+----------+----------+------------+
    |  Clock |  Target  | Estimated| Uncertainty|
    +--------+----------+----------+------------+
    |ap_clk  |  10.00 ns|  7.300 ns|     2.70 ns|
    +--------+----------+----------+------------+

+ Latency: 
    * Summary: 
    +---------+---------+----------+----------+-----+-----+---------+
    |  Latency (cycles) |  Latency (absolute) |  Interval | Pipeline|
    |   min   |   max   |    min   |    max   | min | max |   Type  |
    +---------+---------+----------+----------+-----+-----+---------+
    |      258|      258|  2.580 us|  2.580 us|  258|  258|       no|
    +---------+---------+----------+----------+-----+-----+---------+

    + Detail: 
        * Instance: 
        N/A

        * Loop: 
        +----------+---------+---------+----------+-----------+-----------+------+----------+
        |          |  Latency (cycles) | Iteration|  Initiation Interval  | Trip |          |
        | Loop Name|   min   |   max   |  Latency |  achieved |   target  | Count| Pipelined|
        +----------+---------+---------+----------+-----------+-----------+------+----------+
        |- Loop 1  |      256|      256|         3|          1|          1|   255|       yes|
        +----------+---------+---------+----------+-----------+-----------+------+----------+



================================================================
== Utilization Estimates
================================================================
* Summary: 
+-----------------+---------+-----+--------+-------+-----+
|       Name      | BRAM_18K| DSP |   FF   |  LUT  | URAM|
+-----------------+---------+-----+--------+-------+-----+
|DSP              |        -|    -|       -|      -|    -|
|Expression       |        -|    -|       0|    113|    -|
|FIFO             |        -|    -|       -|      -|    -|
|Instance         |        -|    -|       0|     14|    -|
|Memory           |        -|    -|       -|      -|    -|
|Multiplexer      |        -|    -|       -|     72|    -|
|Register         |        -|    -|      71|      -|    -|
+-----------------+---------+-----+--------+-------+-----+
|Total            |        0|    0|      71|    199|    0|
+-----------------+---------+-----+--------+-------+-----+
|Available        |      432|  360|  141120|  70560|    0|
+-----------------+---------+-----+--------+-------+-----+
|Utilization (%)  |        0|    0|      ~0|     ~0|    0|
+-----------------+---------+-----+--------+-------+-----+

+ Detail: 
    * Instance: 
    +---------------------+----------------+---------+----+---+----+-----+
    |       Instance      |     Module     | BRAM_18K| DSP| FF| LUT| URAM|
    +---------------------+----------------+---------+----+---+----+-----+
    |mux_3_2_32_1_1_U325  |mux_3_2_32_1_1  |        0|   0|  0|  14|    0|
    +---------------------+----------------+---------+----+---+----+-----+
    |Total                |                |        0|   0|  0|  14|    0|
    +---------------------+----------------+---------+----+---+----+-----+

    * DSP: 
    N/A

    * Memory: 
    N/A

    * FIFO: 
    N/A

    * Expression: 
    +---------------------------+----------+----+---+----+------------+------------+
    |       Variable Name       | Operation| DSP| FF| LUT| Bitwidth P0| Bitwidth P1|
    +---------------------------+----------+----+---+----+------------+------------+
    |empty_346_fu_202_p2        |         +|   0|  0|  17|          10|          10|
    |empty_fu_169_p2            |         +|   0|  0|  15|           8|           1|
    |next_mul439_fu_233_p2      |         +|   0|  0|  24|          17|           9|
    |next_urem441_fu_178_p2     |         +|   0|  0|  15|           8|           1|
    |ap_block_pp0_stage0_11001  |       and|   0|  0|   2|           1|           1|
    |empty_345_fu_184_p2        |      icmp|   0|  0|  15|           8|           7|
    |exitcond5518_fu_163_p2     |      icmp|   0|  0|  15|           8|           2|
    |idx_urem442_fu_190_p3      |    select|   0|  0|   8|           1|           8|
    |ap_enable_pp0              |       xor|   0|  0|   2|           1|           2|
    +---------------------------+----------+----+---+----+------------+------------+
    |Total                      |          |   0|  0| 113|          62|          41|
    +---------------------------+----------+----+---+----+------------+------------+

    * Multiplexer: 
    +--------------------------------------+----+-----------+-----+-----------+
    |                 Name                 | LUT| Input Size| Bits| Total Bits|
    +--------------------------------------+----+-----------+-----+-----------+
    |ap_done_int                           |   9|          2|    1|          2|
    |ap_enable_reg_pp0_iter2               |   9|          2|    1|          2|
    |ap_sig_allocacmp_loop_index_1_i_load  |   9|          2|    8|         16|
    |ap_sig_allocacmp_phi_urem440_load     |   9|          2|    8|         16|
    |i3_blk_n_W                            |   9|          2|    1|          2|
    |loop_index_1_i_fu_78                  |   9|          2|    8|         16|
    |phi_mul438_fu_74                      |   9|          2|   17|         34|
    |phi_urem440_fu_70                     |   9|          2|    8|         16|
    +--------------------------------------+----+-----------+-----+-----------+
    |Total                                 |  72|         16|   52|        104|
    +--------------------------------------+----+-----------+-----+-----------+

    * Register: 
    +----------------------------------+----+----+-----+-----------+
    |               Name               | FF | LUT| Bits| Const Bits|
    +----------------------------------+----+----+-----+-----------+
    |ap_CS_fsm                         |   1|   0|    1|          0|
    |ap_done_reg                       |   1|   0|    1|          0|
    |ap_enable_reg_pp0_iter1           |   1|   0|    1|          0|
    |ap_enable_reg_pp0_iter2           |   1|   0|    1|          0|
    |ap_loop_exit_ready_pp0_iter1_reg  |   1|   0|    1|          0|
    |exitcond5518_reg_296              |   1|   0|    1|          0|
    |loop_index_1_i_fu_78              |   8|   0|    8|          0|
    |phi_mul438_fu_74                  |  17|   0|   17|          0|
    |phi_urem440_fu_70                 |   8|   0|    8|          0|
    |tmp_8_reg_320                     |  32|   0|   32|          0|
    +----------------------------------+----+----+-----+-----------+
    |Total                             |  71|   0|   71|          0|
    +----------------------------------+----+----+-----+-----------+



================================================================
== Interface
================================================================
* Summary: 
+-------------------------------------------------------------------+-----+-----+------------+----------------------------------------------------------+--------------+
|                             RTL Ports                             | Dir | Bits|  Protocol  |                       Source Object                      |    C Type    |
+-------------------------------------------------------------------+-----+-----+------------+----------------------------------------------------------+--------------+
|ap_clk                                                             |   in|    1|  ap_ctrl_hs|                                          conv2_Pipeline_7|  return value|
|ap_rst                                                             |   in|    1|  ap_ctrl_hs|                                          conv2_Pipeline_7|  return value|
|ap_start                                                           |   in|    1|  ap_ctrl_hs|                                          conv2_Pipeline_7|  return value|
|ap_done                                                            |  out|    1|  ap_ctrl_hs|                                          conv2_Pipeline_7|  return value|
|ap_idle                                                            |  out|    1|  ap_ctrl_hs|                                          conv2_Pipeline_7|  return value|
|ap_ready                                                           |  out|    1|  ap_ctrl_hs|                                          conv2_Pipeline_7|  return value|
|m_axi_i3_AWVALID                                                   |  out|    1|       m_axi|                                                        i3|       pointer|
|m_axi_i3_AWREADY                                                   |   in|    1|       m_axi|                                                        i3|       pointer|
|m_axi_i3_AWADDR                                                    |  out|   64|       m_axi|                                                        i3|       pointer|
|m_axi_i3_AWID                                                      |  out|    1|       m_axi|                                                        i3|       pointer|
|m_axi_i3_AWLEN                                                     |  out|   32|       m_axi|                                                        i3|       pointer|
|m_axi_i3_AWSIZE                                                    |  out|    3|       m_axi|                                                        i3|       pointer|
|m_axi_i3_AWBURST                                                   |  out|    2|       m_axi|                                                        i3|       pointer|
|m_axi_i3_AWLOCK                                                    |  out|    2|       m_axi|                                                        i3|       pointer|
|m_axi_i3_AWCACHE                                                   |  out|    4|       m_axi|                                                        i3|       pointer|
|m_axi_i3_AWPROT                                                    |  out|    3|       m_axi|                                                        i3|       pointer|
|m_axi_i3_AWQOS                                                     |  out|    4|       m_axi|                                                        i3|       pointer|
|m_axi_i3_AWREGION                                                  |  out|    4|       m_axi|                                                        i3|       pointer|
|m_axi_i3_AWUSER                                                    |  out|    1|       m_axi|                                                        i3|       pointer|
|m_axi_i3_WVALID                                                    |  out|    1|       m_axi|                                                        i3|       pointer|
|m_axi_i3_WREADY                                                    |   in|    1|       m_axi|                                                        i3|       pointer|
|m_axi_i3_WDATA                                                     |  out|   32|       m_axi|                                                        i3|       pointer|
|m_axi_i3_WSTRB                                                     |  out|    4|       m_axi|                                                        i3|       pointer|
|m_axi_i3_WLAST                                                     |  out|    1|       m_axi|                                                        i3|       pointer|
|m_axi_i3_WID                                                       |  out|    1|       m_axi|                                                        i3|       pointer|
|m_axi_i3_WUSER                                                     |  out|    1|       m_axi|                                                        i3|       pointer|
|m_axi_i3_ARVALID                                                   |  out|    1|       m_axi|                                                        i3|       pointer|
|m_axi_i3_ARREADY                                                   |   in|    1|       m_axi|                                                        i3|       pointer|
|m_axi_i3_ARADDR                                                    |  out|   64|       m_axi|                                                        i3|       pointer|
|m_axi_i3_ARID                                                      |  out|    1|       m_axi|                                                        i3|       pointer|
|m_axi_i3_ARLEN                                                     |  out|   32|       m_axi|                                                        i3|       pointer|
|m_axi_i3_ARSIZE                                                    |  out|    3|       m_axi|                                                        i3|       pointer|
|m_axi_i3_ARBURST                                                   |  out|    2|       m_axi|                                                        i3|       pointer|
|m_axi_i3_ARLOCK                                                    |  out|    2|       m_axi|                                                        i3|       pointer|
|m_axi_i3_ARCACHE                                                   |  out|    4|       m_axi|                                                        i3|       pointer|
|m_axi_i3_ARPROT                                                    |  out|    3|       m_axi|                                                        i3|       pointer|
|m_axi_i3_ARQOS                                                     |  out|    4|       m_axi|                                                        i3|       pointer|
|m_axi_i3_ARREGION                                                  |  out|    4|       m_axi|                                                        i3|       pointer|
|m_axi_i3_ARUSER                                                    |  out|    1|       m_axi|                                                        i3|       pointer|
|m_axi_i3_RVALID                                                    |   in|    1|       m_axi|                                                        i3|       pointer|
|m_axi_i3_RREADY                                                    |  out|    1|       m_axi|                                                        i3|       pointer|
|m_axi_i3_RDATA                                                     |   in|   32|       m_axi|                                                        i3|       pointer|
|m_axi_i3_RLAST                                                     |   in|    1|       m_axi|                                                        i3|       pointer|
|m_axi_i3_RID                                                       |   in|    1|       m_axi|                                                        i3|       pointer|
|m_axi_i3_RFIFONUM                                                  |   in|   13|       m_axi|                                                        i3|       pointer|
|m_axi_i3_RUSER                                                     |   in|    1|       m_axi|                                                        i3|       pointer|
|m_axi_i3_RRESP                                                     |   in|    2|       m_axi|                                                        i3|       pointer|
|m_axi_i3_BVALID                                                    |   in|    1|       m_axi|                                                        i3|       pointer|
|m_axi_i3_BREADY                                                    |  out|    1|       m_axi|                                                        i3|       pointer|
|m_axi_i3_BRESP                                                     |   in|    2|       m_axi|                                                        i3|       pointer|
|m_axi_i3_BID                                                       |   in|    1|       m_axi|                                                        i3|       pointer|
|m_axi_i3_BUSER                                                     |   in|    1|       m_axi|                                                        i3|       pointer|
|sext_ln122_1                                                       |   in|   62|     ap_none|                                              sext_ln122_1|        scalar|
|mul_ln115_1                                                        |   in|   10|     ap_none|                                               mul_ln115_1|        scalar|
|conv2_float_255_255_float_64_1_1_float_float_255_255_o_2_address0  |  out|   10|   ap_memory|  conv2_float_255_255_float_64_1_1_float_float_255_255_o_2|         array|
|conv2_float_255_255_float_64_1_1_float_float_255_255_o_2_ce0       |  out|    1|   ap_memory|  conv2_float_255_255_float_64_1_1_float_float_255_255_o_2|         array|
|conv2_float_255_255_float_64_1_1_float_float_255_255_o_2_q0        |   in|   32|   ap_memory|  conv2_float_255_255_float_64_1_1_float_float_255_255_o_2|         array|
|conv2_float_255_255_float_64_1_1_float_float_255_255_o_1_address0  |  out|   10|   ap_memory|  conv2_float_255_255_float_64_1_1_float_float_255_255_o_1|         array|
|conv2_float_255_255_float_64_1_1_float_float_255_255_o_1_ce0       |  out|    1|   ap_memory|  conv2_float_255_255_float_64_1_1_float_float_255_255_o_1|         array|
|conv2_float_255_255_float_64_1_1_float_float_255_255_o_1_q0        |   in|   32|   ap_memory|  conv2_float_255_255_float_64_1_1_float_float_255_255_o_1|         array|
|conv2_float_255_255_float_64_1_1_float_float_255_255_o_address0    |  out|   10|   ap_memory|    conv2_float_255_255_float_64_1_1_float_float_255_255_o|         array|
|conv2_float_255_255_float_64_1_1_float_float_255_255_o_ce0         |  out|    1|   ap_memory|    conv2_float_255_255_float_64_1_1_float_float_255_255_o|         array|
|conv2_float_255_255_float_64_1_1_float_float_255_255_o_q0          |   in|   32|   ap_memory|    conv2_float_255_255_float_64_1_1_float_float_255_255_o|         array|
+-------------------------------------------------------------------+-----+-----+------------+----------------------------------------------------------+--------------+

