

================================================================
== Vitis HLS Report for 'conv3_Pipeline_RELU1'
================================================================
* Date:           Sat Nov  4 17:41:04 2023

* Version:        2023.1 (Build 3854077 on May  4 2023)
* Project:        srcnn_hls
* Solution:       solution1 (Vivado IP Flow Target)
* Product family: zynquplus
* Target device:  xck24-ubva530-2LV-c


================================================================
== Performance Estimates
================================================================
+ Timing: 
    * Summary: 
    +--------+----------+----------+------------+
    |  Clock |  Target  | Estimated| Uncertainty|
    +--------+----------+----------+------------+
    |ap_clk  |  10.00 ns|  6.437 ns|     2.70 ns|
    +--------+----------+----------+------------+

+ Latency: 
    * Summary: 
    +---------+---------+----------+----------+-----+-----+---------+
    |  Latency (cycles) |  Latency (absolute) |  Interval | Pipeline|
    |   min   |   max   |    min   |    max   | min | max |   Type  |
    +---------+---------+----------+----------+-----+-----+---------+
    |      517|      517|  5.170 us|  5.170 us|  517|  517|       no|
    +---------+---------+----------+----------+-----+-----+---------+

    + Detail: 
        * Instance: 
        N/A

        * Loop: 
        +----------+---------+---------+----------+-----------+-----------+------+----------+
        |          |  Latency (cycles) | Iteration|  Initiation Interval  | Trip |          |
        | Loop Name|   min   |   max   |  Latency |  achieved |   target  | Count| Pipelined|
        +----------+---------+---------+----------+-----------+-----------+------+----------+
        |- RELU    |      515|      515|         8|          2|          2|   255|       yes|
        +----------+---------+---------+----------+-----------+-----------+------+----------+



================================================================
== Utilization Estimates
================================================================
* Summary: 
+-----------------+---------+-----+--------+-------+-----+
|       Name      | BRAM_18K| DSP |   FF   |  LUT  | URAM|
+-----------------+---------+-----+--------+-------+-----+
|DSP              |        -|    -|       -|      -|    -|
|Expression       |        -|    -|       0|     81|    -|
|FIFO             |        -|    -|       -|      -|    -|
|Instance         |        -|    -|       0|      9|    -|
|Memory           |        -|    -|       -|      -|    -|
|Multiplexer      |        -|    -|       -|    115|    -|
|Register         |        -|    -|     297|     96|    -|
+-----------------+---------+-----+--------+-------+-----+
|Total            |        0|    0|     297|    301|    0|
+-----------------+---------+-----+--------+-------+-----+
|Available        |      432|  360|  141120|  70560|    0|
+-----------------+---------+-----+--------+-------+-----+
|Utilization (%)  |        0|    0|      ~0|     ~0|    0|
+-----------------+---------+-----+--------+-------+-----+

+ Detail: 
    * Instance: 
    +---------------------+----------------+---------+----+---+----+-----+
    |       Instance      |     Module     | BRAM_18K| DSP| FF| LUT| URAM|
    +---------------------+----------------+---------+----+---+----+-----+
    |mux_2_1_32_1_1_U529  |mux_2_1_32_1_1  |        0|   0|  0|   9|    0|
    +---------------------+----------------+---------+----+---+----+-----+
    |Total                |                |        0|   0|  0|   9|    0|
    +---------------------+----------------+---------+----+---+----+-----+

    * DSP: 
    N/A

    * Memory: 
    N/A

    * FIFO: 
    N/A

    * Expression: 
    +------------------------+----------+----+---+----+------------+------------+
    |      Variable Name     | Operation| DSP| FF| LUT| Bitwidth P0| Bitwidth P1|
    +------------------------+----------+----+---+----+------------+------------+
    |add_ln139_fu_139_p2     |         +|   0|  0|  15|           8|           1|
    |and_ln144_fu_218_p2     |       and|   0|  0|   2|           1|           1|
    |icmp_ln139_fu_133_p2    |      icmp|   0|  0|  15|           8|           2|
    |icmp_ln144_1_fu_208_p2  |      icmp|   0|  0|  30|          23|           1|
    |icmp_ln144_fu_202_p2    |      icmp|   0|  0|  15|           8|           2|
    |or_ln144_fu_214_p2      |        or|   0|  0|   2|           1|           1|
    |ap_enable_pp0           |       xor|   0|  0|   2|           1|           2|
    +------------------------+----------+----+---+----+------------+------------+
    |Total                   |          |   0|  0|  81|          50|          10|
    +------------------------+----------+----+---+----+------------+------------+

    * Multiplexer: 
    +-------------------------------------------------------------------+----+-----------+-----+-----------+
    |                                Name                               | LUT| Input Size| Bits| Total Bits|
    +-------------------------------------------------------------------+----+-----------+-----+-----------+
    |ap_NS_fsm                                                          |  14|          3|    1|          3|
    |ap_done_int                                                        |   9|          2|    1|          2|
    |ap_enable_reg_pp0_iter0                                            |   9|          2|    1|          2|
    |ap_enable_reg_pp0_iter1                                            |   9|          2|    1|          2|
    |ap_sig_allocacmp_bw_1                                              |   9|          2|    8|         16|
    |bw_fu_64                                                           |   9|          2|    8|         16|
    |conv3_float_255_255_float_32_5_5_float_float_255_255_o_1_address0  |  14|          3|   10|         30|
    |conv3_float_255_255_float_32_5_5_float_float_255_255_o_1_d0        |  14|          3|   32|         96|
    |conv3_float_255_255_float_32_5_5_float_float_255_255_o_address0    |  14|          3|   10|         30|
    |conv3_float_255_255_float_32_5_5_float_float_255_255_o_d0          |  14|          3|   32|         96|
    +-------------------------------------------------------------------+----+-----------+-----+-----------+
    |Total                                                              | 115|         25|  104|        293|
    +-------------------------------------------------------------------+----+-----------+-----+-----------+

    * Register: 
    +------------------------------------------------------------------+----+----+-----+-----------+
    |                               Name                               | FF | LUT| Bits| Const Bits|
    +------------------------------------------------------------------+----+----+-----+-----------+
    |add15_1_i_reg_262                                                 |  32|   0|   32|          0|
    |ap_CS_fsm                                                         |   2|   0|    2|          0|
    |ap_done_reg                                                       |   1|   0|    1|          0|
    |ap_enable_reg_pp0_iter0_reg                                       |   1|   0|    1|          0|
    |ap_enable_reg_pp0_iter1                                           |   1|   0|    1|          0|
    |ap_enable_reg_pp0_iter2                                           |   1|   0|    1|          0|
    |ap_enable_reg_pp0_iter3                                           |   1|   0|    1|          0|
    |ap_loop_exit_ready_pp0_iter1_reg                                  |   1|   0|    1|          0|
    |ap_loop_exit_ready_pp0_iter2_reg                                  |   1|   0|    1|          0|
    |bw_fu_64                                                          |   8|   0|    8|          0|
    |conv3_float_255_255_float_32_5_5_float_float_255_255_o_2_reg_240  |  10|   0|   10|          0|
    |conv3_float_255_255_float_32_5_5_float_float_255_255_o_3_reg_246  |  10|   0|   10|          0|
    |icmp_ln139_reg_236                                                |   1|   0|    1|          0|
    |icmp_ln144_1_reg_275                                              |   1|   0|    1|          0|
    |icmp_ln144_reg_270                                                |   1|   0|    1|          0|
    |tmp_1_reg_257                                                     |  32|   0|   32|          0|
    |tmp_reg_252                                                       |   1|   0|    1|          0|
    |conv3_float_255_255_float_32_5_5_float_float_255_255_o_2_reg_240  |  64|  32|   10|          0|
    |conv3_float_255_255_float_32_5_5_float_float_255_255_o_3_reg_246  |  64|  32|   10|          0|
    |tmp_reg_252                                                       |  64|  32|    1|          0|
    +------------------------------------------------------------------+----+----+-----+-----------+
    |Total                                                             | 297|  96|  126|          0|
    +------------------------------------------------------------------+----+----+-----+-----------+



================================================================
== Interface
================================================================
* Summary: 
+-------------------------------------------------------------------+-----+-----+------------+----------------------------------------------------------+--------------+
|                             RTL Ports                             | Dir | Bits|  Protocol  |                       Source Object                      |    C Type    |
+-------------------------------------------------------------------+-----+-----+------------+----------------------------------------------------------+--------------+
|ap_clk                                                             |   in|    1|  ap_ctrl_hs|                                      conv3_Pipeline_RELU1|  return value|
|ap_rst                                                             |   in|    1|  ap_ctrl_hs|                                      conv3_Pipeline_RELU1|  return value|
|ap_start                                                           |   in|    1|  ap_ctrl_hs|                                      conv3_Pipeline_RELU1|  return value|
|ap_done                                                            |  out|    1|  ap_ctrl_hs|                                      conv3_Pipeline_RELU1|  return value|
|ap_idle                                                            |  out|    1|  ap_ctrl_hs|                                      conv3_Pipeline_RELU1|  return value|
|ap_ready                                                           |  out|    1|  ap_ctrl_hs|                                      conv3_Pipeline_RELU1|  return value|
|grp_fu_672_p_din0                                                  |  out|   32|  ap_ctrl_hs|                                      conv3_Pipeline_RELU1|  return value|
|grp_fu_672_p_din1                                                  |  out|   32|  ap_ctrl_hs|                                      conv3_Pipeline_RELU1|  return value|
|grp_fu_672_p_opcode                                                |  out|    2|  ap_ctrl_hs|                                      conv3_Pipeline_RELU1|  return value|
|grp_fu_672_p_dout0                                                 |   in|   32|  ap_ctrl_hs|                                      conv3_Pipeline_RELU1|  return value|
|grp_fu_672_p_ce                                                    |  out|    1|  ap_ctrl_hs|                                      conv3_Pipeline_RELU1|  return value|
|grp_fu_708_p_din0                                                  |  out|   32|  ap_ctrl_hs|                                      conv3_Pipeline_RELU1|  return value|
|grp_fu_708_p_din1                                                  |  out|   32|  ap_ctrl_hs|                                      conv3_Pipeline_RELU1|  return value|
|grp_fu_708_p_opcode                                                |  out|    5|  ap_ctrl_hs|                                      conv3_Pipeline_RELU1|  return value|
|grp_fu_708_p_dout0                                                 |   in|    1|  ap_ctrl_hs|                                      conv3_Pipeline_RELU1|  return value|
|grp_fu_708_p_ce                                                    |  out|    1|  ap_ctrl_hs|                                      conv3_Pipeline_RELU1|  return value|
|or_ln139                                                           |   in|    3|     ap_none|                                                  or_ln139|        scalar|
|conv3_biases_0_0_val                                               |   in|   32|     ap_none|                                      conv3_biases_0_0_val|        scalar|
|conv3_float_255_255_float_32_5_5_float_float_255_255_o_1_address0  |  out|   10|   ap_memory|  conv3_float_255_255_float_32_5_5_float_float_255_255_o_1|         array|
|conv3_float_255_255_float_32_5_5_float_float_255_255_o_1_ce0       |  out|    1|   ap_memory|  conv3_float_255_255_float_32_5_5_float_float_255_255_o_1|         array|
|conv3_float_255_255_float_32_5_5_float_float_255_255_o_1_we0       |  out|    1|   ap_memory|  conv3_float_255_255_float_32_5_5_float_float_255_255_o_1|         array|
|conv3_float_255_255_float_32_5_5_float_float_255_255_o_1_d0        |  out|   32|   ap_memory|  conv3_float_255_255_float_32_5_5_float_float_255_255_o_1|         array|
|conv3_float_255_255_float_32_5_5_float_float_255_255_o_1_address1  |  out|   10|   ap_memory|  conv3_float_255_255_float_32_5_5_float_float_255_255_o_1|         array|
|conv3_float_255_255_float_32_5_5_float_float_255_255_o_1_ce1       |  out|    1|   ap_memory|  conv3_float_255_255_float_32_5_5_float_float_255_255_o_1|         array|
|conv3_float_255_255_float_32_5_5_float_float_255_255_o_1_q1        |   in|   32|   ap_memory|  conv3_float_255_255_float_32_5_5_float_float_255_255_o_1|         array|
|conv3_float_255_255_float_32_5_5_float_float_255_255_o_address0    |  out|   10|   ap_memory|    conv3_float_255_255_float_32_5_5_float_float_255_255_o|         array|
|conv3_float_255_255_float_32_5_5_float_float_255_255_o_ce0         |  out|    1|   ap_memory|    conv3_float_255_255_float_32_5_5_float_float_255_255_o|         array|
|conv3_float_255_255_float_32_5_5_float_float_255_255_o_we0         |  out|    1|   ap_memory|    conv3_float_255_255_float_32_5_5_float_float_255_255_o|         array|
|conv3_float_255_255_float_32_5_5_float_float_255_255_o_d0          |  out|   32|   ap_memory|    conv3_float_255_255_float_32_5_5_float_float_255_255_o|         array|
|conv3_float_255_255_float_32_5_5_float_float_255_255_o_address1    |  out|   10|   ap_memory|    conv3_float_255_255_float_32_5_5_float_float_255_255_o|         array|
|conv3_float_255_255_float_32_5_5_float_float_255_255_o_ce1         |  out|    1|   ap_memory|    conv3_float_255_255_float_32_5_5_float_float_255_255_o|         array|
|conv3_float_255_255_float_32_5_5_float_float_255_255_o_q1          |   in|   32|   ap_memory|    conv3_float_255_255_float_32_5_5_float_float_255_255_o|         array|
+-------------------------------------------------------------------+-----+-----+------------+----------------------------------------------------------+--------------+

