

================================================================
== Vitis HLS Report for 'conv1_Pipeline_KY_KX'
================================================================
* Date:           Mon Oct 30 17:12:38 2023

* Version:        2023.1 (Build 3854077 on May  4 2023)
* Project:        srcnn_hls
* Solution:       solution1 (Vivado IP Flow Target)
* Product family: zynquplus
* Target device:  xck26-sfvc784-2LV-c


================================================================
== Performance Estimates
================================================================
+ Timing: 
    * Summary: 
    +--------+----------+----------+------------+
    |  Clock |  Target  | Estimated| Uncertainty|
    +--------+----------+----------+------------+
    |ap_clk  |  10.00 ns|  7.300 ns|     2.70 ns|
    +--------+----------+----------+------------+

+ Latency: 
    * Summary: 
    +---------+---------+----------+----------+-----+-----+---------+
    |  Latency (cycles) |  Latency (absolute) |  Interval | Pipeline|
    |   min   |   max   |    min   |    max   | min | max |   Type  |
    +---------+---------+----------+----------+-----+-----+---------+
    |      253|      253|  2.530 us|  2.530 us|  253|  253|       no|
    +---------+---------+----------+----------+-----+-----+---------+

    + Detail: 
        * Instance: 
        N/A

        * Loop: 
        +----------+---------+---------+----------+-----------+-----------+------+----------+
        |          |  Latency (cycles) | Iteration|  Initiation Interval  | Trip |          |
        | Loop Name|   min   |   max   |  Latency |  achieved |   target  | Count| Pipelined|
        +----------+---------+---------+----------+-----------+-----------+------+----------+
        |- KY_KX   |      251|      251|        12|          3|          1|    81|       yes|
        +----------+---------+---------+----------+-----------+-----------+------+----------+



================================================================
== Utilization Estimates
================================================================
* Summary: 
+-----------------+---------+------+--------+--------+-----+
|       Name      | BRAM_18K|  DSP |   FF   |   LUT  | URAM|
+-----------------+---------+------+--------+--------+-----+
|DSP              |        -|     1|       -|       -|    -|
|Expression       |        -|     -|       0|      90|    -|
|FIFO             |        -|     -|       -|       -|    -|
|Instance         |        -|     -|       -|       -|    -|
|Memory           |        -|     -|       -|       -|    -|
|Multiplexer      |        -|     -|       -|     128|    -|
|Register         |        -|     -|     230|      32|    -|
+-----------------+---------+------+--------+--------+-----+
|Total            |        0|     1|     230|     250|    0|
+-----------------+---------+------+--------+--------+-----+
|Available        |      288|  1248|  234240|  117120|   64|
+-----------------+---------+------+--------+--------+-----+
|Utilization (%)  |        0|    ~0|      ~0|      ~0|    0|
+-----------------+---------+------+--------+--------+-----+

+ Detail: 
    * Instance: 
    N/A

    * DSP: 
    +------------------------------------------+--------------------------------------+---------------------+
    |                 Instance                 |                Module                |      Expression     |
    +------------------------------------------+--------------------------------------+---------------------+
    |ama_addmuladd_4ns_5ns_5ns_5ns_10_4_1_U18  |ama_addmuladd_4ns_5ns_5ns_5ns_10_4_1  |  (i0 + i1) * i2 + i3|
    +------------------------------------------+--------------------------------------+---------------------+

    * Memory: 
    N/A

    * FIFO: 
    N/A

    * Expression: 
    +----------------------------------+----------+----+---+----+------------+------------+
    |           Variable Name          | Operation| DSP| FF| LUT| Bitwidth P0| Bitwidth P1|
    +----------------------------------+----------+----+---+----+------------+------------+
    |add_ln51_2_fu_244_p2              |         +|   0|  0|  14|           7|           1|
    |add_ln51_fu_186_p2                |         +|   0|  0|  12|           4|           1|
    |add_ln52_fu_228_p2                |         +|   0|  0|  12|           4|           1|
    |add_ln56_fu_222_p2                |         +|   0|  0|  12|           5|           5|
    |ap_block_pp0_stage1_11001         |       and|   0|  0|   2|           1|           1|
    |ap_block_state5_pp0_stage1_iter1  |       and|   0|  0|   2|           1|           1|
    |icmp_ln51_fu_174_p2               |      icmp|   0|  0|  14|           7|           7|
    |icmp_ln52_fu_192_p2               |      icmp|   0|  0|  12|           4|           4|
    |select_ln51_8_fu_206_p3           |    select|   0|  0|   4|           1|           4|
    |select_ln51_fu_198_p3             |    select|   0|  0|   4|           1|           1|
    |ap_enable_pp0                     |       xor|   0|  0|   2|           1|           2|
    +----------------------------------+----------+----+---+----+------------+------------+
    |Total                             |          |   0|  0|  90|          36|          28|
    +----------------------------------+----------+----+---+----+------------+------------+

    * Multiplexer: 
    +----------------------------------------+----+-----------+-----+-----------+
    |                  Name                  | LUT| Input Size| Bits| Total Bits|
    +----------------------------------------+----+-----------+-----+-----------+
    |add51_lcssa17_fu_74                     |   9|          2|   32|         64|
    |ap_NS_fsm                               |  20|          4|    1|          4|
    |ap_done_int                             |   9|          2|    1|          2|
    |ap_enable_reg_pp0_iter0                 |   9|          2|    1|          2|
    |ap_enable_reg_pp0_iter1                 |   9|          2|    1|          2|
    |ap_sig_allocacmp_add51_lcssa17_load     |   9|          2|   32|         64|
    |ap_sig_allocacmp_indvar_flatten11_load  |   9|          2|    7|         14|
    |ap_sig_allocacmp_kx_load                |   9|          2|    4|          8|
    |ap_sig_allocacmp_ky_load                |   9|          2|    4|          8|
    |gmem_blk_n_R                            |   9|          2|    1|          2|
    |indvar_flatten11_fu_86                  |   9|          2|    7|         14|
    |kx_fu_78                                |   9|          2|    4|          8|
    |ky_fu_82                                |   9|          2|    4|          8|
    +----------------------------------------+----+-----------+-----+-----------+
    |Total                                   | 128|         28|   99|        200|
    +----------------------------------------+----+-----------+-----+-----------+

    * Register: 
    +----------------------------------+----+----+-----+-----------+
    |               Name               | FF | LUT| Bits| Const Bits|
    +----------------------------------+----+----+-----+-----------+
    |add51_lcssa17_fu_74               |  32|   0|   32|          0|
    |add_ln56_reg_338                  |   5|   0|    5|          0|
    |ap_CS_fsm                         |   3|   0|    3|          0|
    |ap_done_reg                       |   1|   0|    1|          0|
    |ap_enable_reg_pp0_iter0_reg       |   1|   0|    1|          0|
    |ap_enable_reg_pp0_iter1           |   1|   0|    1|          0|
    |ap_enable_reg_pp0_iter2           |   1|   0|    1|          0|
    |ap_enable_reg_pp0_iter3           |   1|   0|    1|          0|
    |ap_loop_exit_ready_pp0_iter1_reg  |   1|   0|    1|          0|
    |ap_loop_exit_ready_pp0_iter2_reg  |   1|   0|    1|          0|
    |gmem_addr_read_reg_353            |  32|   0|   32|          0|
    |icmp_ln51_reg_334                 |   1|   0|    1|          0|
    |indvar_flatten11_fu_86            |   7|   0|    7|          0|
    |indvar_flatten11_load_reg_329     |   7|   0|    7|          0|
    |input_fm_buffer_2_0_load_reg_358  |  32|   0|   32|          0|
    |kx_fu_78                          |   4|   0|    4|          0|
    |ky_fu_82                          |   4|   0|    4|          0|
    |mul_reg_368                       |  32|   0|   32|          0|
    |icmp_ln51_reg_334                 |  64|  32|    1|          0|
    +----------------------------------+----+----+-----+-----------+
    |Total                             | 230|  32|  167|          0|
    +----------------------------------+----+----+-----+-----------+



================================================================
== Interface
================================================================
* Summary: 
+------------------------------+-----+-----+------------+-------------------------+--------------+
|           RTL Ports          | Dir | Bits|  Protocol  |      Source Object      |    C Type    |
+------------------------------+-----+-----+------------+-------------------------+--------------+
|ap_clk                        |   in|    1|  ap_ctrl_hs|     conv1_Pipeline_KY_KX|  return value|
|ap_rst                        |   in|    1|  ap_ctrl_hs|     conv1_Pipeline_KY_KX|  return value|
|ap_start                      |   in|    1|  ap_ctrl_hs|     conv1_Pipeline_KY_KX|  return value|
|ap_done                       |  out|    1|  ap_ctrl_hs|     conv1_Pipeline_KY_KX|  return value|
|ap_idle                       |  out|    1|  ap_ctrl_hs|     conv1_Pipeline_KY_KX|  return value|
|ap_ready                      |  out|    1|  ap_ctrl_hs|     conv1_Pipeline_KY_KX|  return value|
|grp_fu_917_p_din0             |  out|   32|  ap_ctrl_hs|     conv1_Pipeline_KY_KX|  return value|
|grp_fu_917_p_din1             |  out|   32|  ap_ctrl_hs|     conv1_Pipeline_KY_KX|  return value|
|grp_fu_917_p_opcode           |  out|    2|  ap_ctrl_hs|     conv1_Pipeline_KY_KX|  return value|
|grp_fu_917_p_dout0            |   in|   32|  ap_ctrl_hs|     conv1_Pipeline_KY_KX|  return value|
|grp_fu_917_p_ce               |  out|    1|  ap_ctrl_hs|     conv1_Pipeline_KY_KX|  return value|
|grp_fu_921_p_din0             |  out|   32|  ap_ctrl_hs|     conv1_Pipeline_KY_KX|  return value|
|grp_fu_921_p_din1             |  out|   32|  ap_ctrl_hs|     conv1_Pipeline_KY_KX|  return value|
|grp_fu_921_p_dout0            |   in|   32|  ap_ctrl_hs|     conv1_Pipeline_KY_KX|  return value|
|grp_fu_921_p_ce               |  out|    1|  ap_ctrl_hs|     conv1_Pipeline_KY_KX|  return value|
|output_fm_buffer_1_load       |   in|   32|     ap_none|  output_fm_buffer_1_load|        scalar|
|m_axi_gmem_AWVALID            |  out|    1|       m_axi|                     gmem|       pointer|
|m_axi_gmem_AWREADY            |   in|    1|       m_axi|                     gmem|       pointer|
|m_axi_gmem_AWADDR             |  out|   64|       m_axi|                     gmem|       pointer|
|m_axi_gmem_AWID               |  out|    1|       m_axi|                     gmem|       pointer|
|m_axi_gmem_AWLEN              |  out|   32|       m_axi|                     gmem|       pointer|
|m_axi_gmem_AWSIZE             |  out|    3|       m_axi|                     gmem|       pointer|
|m_axi_gmem_AWBURST            |  out|    2|       m_axi|                     gmem|       pointer|
|m_axi_gmem_AWLOCK             |  out|    2|       m_axi|                     gmem|       pointer|
|m_axi_gmem_AWCACHE            |  out|    4|       m_axi|                     gmem|       pointer|
|m_axi_gmem_AWPROT             |  out|    3|       m_axi|                     gmem|       pointer|
|m_axi_gmem_AWQOS              |  out|    4|       m_axi|                     gmem|       pointer|
|m_axi_gmem_AWREGION           |  out|    4|       m_axi|                     gmem|       pointer|
|m_axi_gmem_AWUSER             |  out|    1|       m_axi|                     gmem|       pointer|
|m_axi_gmem_WVALID             |  out|    1|       m_axi|                     gmem|       pointer|
|m_axi_gmem_WREADY             |   in|    1|       m_axi|                     gmem|       pointer|
|m_axi_gmem_WDATA              |  out|   32|       m_axi|                     gmem|       pointer|
|m_axi_gmem_WSTRB              |  out|    4|       m_axi|                     gmem|       pointer|
|m_axi_gmem_WLAST              |  out|    1|       m_axi|                     gmem|       pointer|
|m_axi_gmem_WID                |  out|    1|       m_axi|                     gmem|       pointer|
|m_axi_gmem_WUSER              |  out|    1|       m_axi|                     gmem|       pointer|
|m_axi_gmem_ARVALID            |  out|    1|       m_axi|                     gmem|       pointer|
|m_axi_gmem_ARREADY            |   in|    1|       m_axi|                     gmem|       pointer|
|m_axi_gmem_ARADDR             |  out|   64|       m_axi|                     gmem|       pointer|
|m_axi_gmem_ARID               |  out|    1|       m_axi|                     gmem|       pointer|
|m_axi_gmem_ARLEN              |  out|   32|       m_axi|                     gmem|       pointer|
|m_axi_gmem_ARSIZE             |  out|    3|       m_axi|                     gmem|       pointer|
|m_axi_gmem_ARBURST            |  out|    2|       m_axi|                     gmem|       pointer|
|m_axi_gmem_ARLOCK             |  out|    2|       m_axi|                     gmem|       pointer|
|m_axi_gmem_ARCACHE            |  out|    4|       m_axi|                     gmem|       pointer|
|m_axi_gmem_ARPROT             |  out|    3|       m_axi|                     gmem|       pointer|
|m_axi_gmem_ARQOS              |  out|    4|       m_axi|                     gmem|       pointer|
|m_axi_gmem_ARREGION           |  out|    4|       m_axi|                     gmem|       pointer|
|m_axi_gmem_ARUSER             |  out|    1|       m_axi|                     gmem|       pointer|
|m_axi_gmem_RVALID             |   in|    1|       m_axi|                     gmem|       pointer|
|m_axi_gmem_RREADY             |  out|    1|       m_axi|                     gmem|       pointer|
|m_axi_gmem_RDATA              |   in|   32|       m_axi|                     gmem|       pointer|
|m_axi_gmem_RLAST              |   in|    1|       m_axi|                     gmem|       pointer|
|m_axi_gmem_RID                |   in|    1|       m_axi|                     gmem|       pointer|
|m_axi_gmem_RFIFONUM           |   in|    9|       m_axi|                     gmem|       pointer|
|m_axi_gmem_RUSER              |   in|    1|       m_axi|                     gmem|       pointer|
|m_axi_gmem_RRESP              |   in|    2|       m_axi|                     gmem|       pointer|
|m_axi_gmem_BVALID             |   in|    1|       m_axi|                     gmem|       pointer|
|m_axi_gmem_BREADY             |  out|    1|       m_axi|                     gmem|       pointer|
|m_axi_gmem_BRESP              |   in|    2|       m_axi|                     gmem|       pointer|
|m_axi_gmem_BID                |   in|    1|       m_axi|                     gmem|       pointer|
|m_axi_gmem_BUSER              |   in|    1|       m_axi|                     gmem|       pointer|
|sext_ln44                     |   in|   62|     ap_none|                sext_ln44|        scalar|
|select_ln47_2                 |   in|    5|     ap_none|            select_ln47_2|        scalar|
|select_ln47                   |   in|    5|     ap_none|              select_ln47|        scalar|
|add51_lcssa17_out             |  out|   32|      ap_vld|        add51_lcssa17_out|       pointer|
|add51_lcssa17_out_ap_vld      |  out|    1|      ap_vld|        add51_lcssa17_out|       pointer|
|input_fm_buffer_2_0_address0  |  out|   10|   ap_memory|      input_fm_buffer_2_0|         array|
|input_fm_buffer_2_0_ce0       |  out|    1|   ap_memory|      input_fm_buffer_2_0|         array|
|input_fm_buffer_2_0_q0        |   in|   32|   ap_memory|      input_fm_buffer_2_0|         array|
+------------------------------+-----+-----+------------+-------------------------+--------------+

