

================================================================
== Vitis HLS Report for 'conv2_Pipeline_BW5'
================================================================
* Date:           Sat Nov  4 18:43:40 2023

* Version:        2023.1 (Build 3854077 on May  4 2023)
* Project:        srcnn_hls
* Solution:       solution1 (Vivado IP Flow Target)
* Product family: zynquplus
* Target device:  xck24-ubva530-2LV-c


================================================================
== Performance Estimates
================================================================
+ Timing: 
    * Summary: 
    +--------+----------+----------+------------+
    |  Clock |  Target  | Estimated| Uncertainty|
    +--------+----------+----------+------------+
    |ap_clk  |  10.00 ns|  2.350 ns|     2.70 ns|
    +--------+----------+----------+------------+

+ Latency: 
    * Summary: 
    +---------+---------+----------+----------+-----+-----+---------+
    |  Latency (cycles) |  Latency (absolute) |  Interval | Pipeline|
    |   min   |   max   |    min   |    max   | min | max |   Type  |
    +---------+---------+----------+----------+-----+-----+---------+
    |      257|      257|  2.570 us|  2.570 us|  257|  257|       no|
    +---------+---------+----------+----------+-----+-----+---------+

    + Detail: 
        * Instance: 
        N/A

        * Loop: 
        +----------+---------+---------+----------+-----------+-----------+------+----------+
        |          |  Latency (cycles) | Iteration|  Initiation Interval  | Trip |          |
        | Loop Name|   min   |   max   |  Latency |  achieved |   target  | Count| Pipelined|
        +----------+---------+---------+----------+-----------+-----------+------+----------+
        |- BW      |      255|      255|         1|          1|          1|   255|       yes|
        +----------+---------+---------+----------+-----------+-----------+------+----------+



================================================================
== Utilization Estimates
================================================================
* Summary: 
+-----------------+---------+-----+--------+-------+-----+
|       Name      | BRAM_18K| DSP |   FF   |  LUT  | URAM|
+-----------------+---------+-----+--------+-------+-----+
|DSP              |        -|    -|       -|      -|    -|
|Expression       |        -|    -|       0|    111|    -|
|FIFO             |        -|    -|       -|      -|    -|
|Instance         |        -|    -|       -|      -|    -|
|Memory           |        -|    -|       -|      -|    -|
|Multiplexer      |        -|    -|       -|     45|    -|
|Register         |        -|    -|      45|      -|    -|
+-----------------+---------+-----+--------+-------+-----+
|Total            |        0|    0|      45|    156|    0|
+-----------------+---------+-----+--------+-------+-----+
|Available        |      432|  360|  141120|  70560|    0|
+-----------------+---------+-----+--------+-------+-----+
|Utilization (%)  |        0|    0|      ~0|     ~0|    0|
+-----------------+---------+-----+--------+-------+-----+

+ Detail: 
    * Instance: 
    N/A

    * DSP: 
    N/A

    * Memory: 
    N/A

    * FIFO: 
    N/A

    * Expression: 
    +-----------------------+----------+----+---+----+------------+------------+
    |     Variable Name     | Operation| DSP| FF| LUT| Bitwidth P0| Bitwidth P1|
    +-----------------------+----------+----+---+----+------------+------------+
    |add_ln63_1_fu_184_p2   |         +|   0|  0|  15|           8|           1|
    |add_ln63_3_fu_233_p2   |         +|   0|  0|  15|           8|           1|
    |add_ln63_fu_214_p2     |         +|   0|  0|  24|          17|           9|
    |add_ln65_1_fu_200_p2   |         +|   0|  0|  17|          10|          10|
    |icmp_ln63_1_fu_178_p2  |      icmp|   0|  0|  15|           8|           2|
    |icmp_ln63_fu_239_p2    |      icmp|   0|  0|  15|           8|           6|
    |select_ln63_fu_245_p3  |    select|   0|  0|   8|           1|           8|
    |ap_enable_pp0          |       xor|   0|  0|   2|           1|           2|
    +-----------------------+----------+----+---+----+------------+------------+
    |Total                  |          |   0|  0| 111|          61|          39|
    +-----------------------+----------+----+---+----+------------+------------+

    * Multiplexer: 
    +-------------------------+----+-----------+-----+-----------+
    |           Name          | LUT| Input Size| Bits| Total Bits|
    +-------------------------+----+-----------+-----+-----------+
    |ap_done_int              |   9|          2|    1|          2|
    |ap_enable_reg_pp0_iter1  |   9|          2|    1|          2|
    |phi_mul827_fu_72         |   9|          2|   17|         34|
    |phi_urem829_fu_68        |   9|          2|    8|         16|
    |w_3_fu_76                |   9|          2|    8|         16|
    +-------------------------+----+-----------+-----+-----------+
    |Total                    |  45|         10|   35|         70|
    +-------------------------+----+-----------+-----+-----------+

    * Register: 
    +-------------------------+----+----+-----+-----------+
    |           Name          | FF | LUT| Bits| Const Bits|
    +-------------------------+----+----+-----+-----------+
    |add_ln65_cast_reg_290    |   9|   0|   10|          1|
    |ap_CS_fsm                |   1|   0|    1|          0|
    |ap_done_reg              |   1|   0|    1|          0|
    |ap_enable_reg_pp0_iter1  |   1|   0|    1|          0|
    |phi_mul827_fu_72         |  17|   0|   17|          0|
    |phi_urem829_fu_68        |   8|   0|    8|          0|
    |w_3_fu_76                |   8|   0|    8|          0|
    +-------------------------+----+----+-----+-----------+
    |Total                    |  45|   0|   46|          1|
    +-------------------------+----+----+-----+-----------+



================================================================
== Interface
================================================================
* Summary: 
+-----------------------------------------------------------------------------------+-----+-----+------------+--------------------------------------------------------------------------+--------------+
|                                     RTL Ports                                     | Dir | Bits|  Protocol  |                               Source Object                              |    C Type    |
+-----------------------------------------------------------------------------------+-----+-----+------------+--------------------------------------------------------------------------+--------------+
|ap_clk                                                                             |   in|    1|  ap_ctrl_hs|                                                        conv2_Pipeline_BW5|  return value|
|ap_rst                                                                             |   in|    1|  ap_ctrl_hs|                                                        conv2_Pipeline_BW5|  return value|
|ap_start                                                                           |   in|    1|  ap_ctrl_hs|                                                        conv2_Pipeline_BW5|  return value|
|ap_done                                                                            |  out|    1|  ap_ctrl_hs|                                                        conv2_Pipeline_BW5|  return value|
|ap_idle                                                                            |  out|    1|  ap_ctrl_hs|                                                        conv2_Pipeline_BW5|  return value|
|ap_ready                                                                           |  out|    1|  ap_ctrl_hs|                                                        conv2_Pipeline_BW5|  return value|
|add_ln65                                                                           |   in|    9|     ap_none|                                                                  add_ln65|        scalar|
|conv2_ap_fixed_255_255_ap_fixed_64_1_1_ap_fixed_ap_fixed_255_4_address0            |  out|   10|   ap_memory|            conv2_ap_fixed_255_255_ap_fixed_64_1_1_ap_fixed_ap_fixed_255_4|         array|
|conv2_ap_fixed_255_255_ap_fixed_64_1_1_ap_fixed_ap_fixed_255_4_ce0                 |  out|    1|   ap_memory|            conv2_ap_fixed_255_255_ap_fixed_64_1_1_ap_fixed_ap_fixed_255_4|         array|
|conv2_ap_fixed_255_255_ap_fixed_64_1_1_ap_fixed_ap_fixed_255_4_we0                 |  out|    1|   ap_memory|            conv2_ap_fixed_255_255_ap_fixed_64_1_1_ap_fixed_ap_fixed_255_4|         array|
|conv2_ap_fixed_255_255_ap_fixed_64_1_1_ap_fixed_ap_fixed_255_4_d0                  |  out|   32|   ap_memory|            conv2_ap_fixed_255_255_ap_fixed_64_1_1_ap_fixed_ap_fixed_255_4|         array|
|conv2_ap_fixed_255_255_ap_fixed_64_1_1_ap_fixed_ap_fixed_255_3_address0            |  out|   10|   ap_memory|            conv2_ap_fixed_255_255_ap_fixed_64_1_1_ap_fixed_ap_fixed_255_3|         array|
|conv2_ap_fixed_255_255_ap_fixed_64_1_1_ap_fixed_ap_fixed_255_3_ce0                 |  out|    1|   ap_memory|            conv2_ap_fixed_255_255_ap_fixed_64_1_1_ap_fixed_ap_fixed_255_3|         array|
|conv2_ap_fixed_255_255_ap_fixed_64_1_1_ap_fixed_ap_fixed_255_3_we0                 |  out|    1|   ap_memory|            conv2_ap_fixed_255_255_ap_fixed_64_1_1_ap_fixed_ap_fixed_255_3|         array|
|conv2_ap_fixed_255_255_ap_fixed_64_1_1_ap_fixed_ap_fixed_255_3_d0                  |  out|   32|   ap_memory|            conv2_ap_fixed_255_255_ap_fixed_64_1_1_ap_fixed_ap_fixed_255_3|         array|
|conv2_ap_fixed_255_255_ap_fixed_64_1_1_ap_fixed_ap_fixed_255_2_address0            |  out|   10|   ap_memory|            conv2_ap_fixed_255_255_ap_fixed_64_1_1_ap_fixed_ap_fixed_255_2|         array|
|conv2_ap_fixed_255_255_ap_fixed_64_1_1_ap_fixed_ap_fixed_255_2_ce0                 |  out|    1|   ap_memory|            conv2_ap_fixed_255_255_ap_fixed_64_1_1_ap_fixed_ap_fixed_255_2|         array|
|conv2_ap_fixed_255_255_ap_fixed_64_1_1_ap_fixed_ap_fixed_255_2_we0                 |  out|    1|   ap_memory|            conv2_ap_fixed_255_255_ap_fixed_64_1_1_ap_fixed_ap_fixed_255_2|         array|
|conv2_ap_fixed_255_255_ap_fixed_64_1_1_ap_fixed_ap_fixed_255_2_d0                  |  out|   32|   ap_memory|            conv2_ap_fixed_255_255_ap_fixed_64_1_1_ap_fixed_ap_fixed_255_2|         array|
|conv2_ap_fixed_255_255_ap_fixed_64_1_1_ap_fixed_ap_fixed_255_1_address0            |  out|   10|   ap_memory|            conv2_ap_fixed_255_255_ap_fixed_64_1_1_ap_fixed_ap_fixed_255_1|         array|
|conv2_ap_fixed_255_255_ap_fixed_64_1_1_ap_fixed_ap_fixed_255_1_ce0                 |  out|    1|   ap_memory|            conv2_ap_fixed_255_255_ap_fixed_64_1_1_ap_fixed_ap_fixed_255_1|         array|
|conv2_ap_fixed_255_255_ap_fixed_64_1_1_ap_fixed_ap_fixed_255_1_we0                 |  out|    1|   ap_memory|            conv2_ap_fixed_255_255_ap_fixed_64_1_1_ap_fixed_ap_fixed_255_1|         array|
|conv2_ap_fixed_255_255_ap_fixed_64_1_1_ap_fixed_ap_fixed_255_1_d0                  |  out|   32|   ap_memory|            conv2_ap_fixed_255_255_ap_fixed_64_1_1_ap_fixed_ap_fixed_255_1|         array|
|conv2_mulmulmulmulap_fixed_255_255_ap_fixed_64_1_1_ap_fixed_ap_fixed_255_address0  |  out|   10|   ap_memory|  conv2_mulmulmulmulap_fixed_255_255_ap_fixed_64_1_1_ap_fixed_ap_fixed_255|         array|
|conv2_mulmulmulmulap_fixed_255_255_ap_fixed_64_1_1_ap_fixed_ap_fixed_255_ce0       |  out|    1|   ap_memory|  conv2_mulmulmulmulap_fixed_255_255_ap_fixed_64_1_1_ap_fixed_ap_fixed_255|         array|
|conv2_mulmulmulmulap_fixed_255_255_ap_fixed_64_1_1_ap_fixed_ap_fixed_255_we0       |  out|    1|   ap_memory|  conv2_mulmulmulmulap_fixed_255_255_ap_fixed_64_1_1_ap_fixed_ap_fixed_255|         array|
|conv2_mulmulmulmulap_fixed_255_255_ap_fixed_64_1_1_ap_fixed_ap_fixed_255_d0        |  out|   32|   ap_memory|  conv2_mulmulmulmulap_fixed_255_255_ap_fixed_64_1_1_ap_fixed_ap_fixed_255|         array|
+-----------------------------------------------------------------------------------+-----+-----+------------+--------------------------------------------------------------------------+--------------+

