

================================================================
== Vitis HLS Report for 'conv2_Pipeline_NOUT_TY_TX'
================================================================
* Date:           Tue Oct 31 13:44:48 2023

* Version:        2023.1 (Build 3854077 on May  4 2023)
* Project:        srcnn_hls
* Solution:       solution1 (Vivado IP Flow Target)
* Product family: zynquplus
* Target device:  xck26-sfvc784-2LV-c


================================================================
== Performance Estimates
================================================================
+ Timing: 
    * Summary: 
    +--------+----------+----------+------------+
    |  Clock |  Target  | Estimated| Uncertainty|
    +--------+----------+----------+------------+
    |ap_clk  |  10.00 ns|  7.016 ns|     2.70 ns|
    +--------+----------+----------+------------+

+ Latency: 
    * Summary: 
    +---------+---------+----------+----------+-------+-------+---------+
    |  Latency (cycles) |  Latency (absolute) |    Interval   | Pipeline|
    |   min   |   max   |    min   |    max   |  min  |  max  |   Type  |
    +---------+---------+----------+----------+-------+-------+---------+
    |    37030|    37030|  0.370 ms|  0.370 ms|  37030|  37030|       no|
    +---------+---------+----------+----------+-------+-------+---------+

    + Detail: 
        * Instance: 
        N/A

        * Loop: 
        +--------------+---------+---------+----------+-----------+-----------+------+----------+
        |              |  Latency (cycles) | Iteration|  Initiation Interval  | Trip |          |
        |   Loop Name  |   min   |   max   |  Latency |  achieved |   target  | Count| Pipelined|
        +--------------+---------+---------+----------+-----------+-----------+------+----------+
        |- NOUT_TY_TX  |    37028|    37028|        41|          4|          1|  9248|       yes|
        +--------------+---------+---------+----------+-----------+-----------+------+----------+



================================================================
== Utilization Estimates
================================================================
* Summary: 
+-----------------+---------+------+--------+--------+-----+
|       Name      | BRAM_18K|  DSP |   FF   |   LUT  | URAM|
+-----------------+---------+------+--------+--------+-----+
|DSP              |        -|     -|       -|       -|    -|
|Expression       |        -|     -|       0|     512|    -|
|FIFO             |        -|     -|       -|       -|    -|
|Instance         |        -|     5|     355|     349|    -|
|Memory           |        -|     -|       -|       -|    -|
|Multiplexer      |        -|     -|       -|     448|    -|
|Register         |        -|     -|    1715|     256|    -|
+-----------------+---------+------+--------+--------+-----+
|Total            |        0|     5|    2070|    1565|    0|
+-----------------+---------+------+--------+--------+-----+
|Available        |      288|  1248|  234240|  117120|   64|
+-----------------+---------+------+--------+--------+-----+
|Utilization (%)  |        0|    ~0|      ~0|       1|    0|
+-----------------+---------+------+--------+--------+-----+

+ Detail: 
    * Instance: 
    +------------------------------------+--------------------------------+---------+----+-----+-----+-----+
    |              Instance              |             Module             | BRAM_18K| DSP|  FF | LUT | URAM|
    +------------------------------------+--------------------------------+---------+----+-----+-----+-----+
    |fadd_32ns_32ns_32_4_full_dsp_1_U41  |fadd_32ns_32ns_32_4_full_dsp_1  |        0|   2|  227|  214|    0|
    |fmul_32ns_32ns_32_3_max_dsp_1_U43   |fmul_32ns_32ns_32_3_max_dsp_1   |        0|   3|  128|  135|    0|
    +------------------------------------+--------------------------------+---------+----+-----+-----+-----+
    |Total                               |                                |        0|   5|  355|  349|    0|
    +------------------------------------+--------------------------------+---------+----+-----+-----+-----+

    * DSP: 
    N/A

    * Memory: 
    N/A

    * FIFO: 
    N/A

    * Expression: 
    +-------------------------+----------+----+---+----+------------+------------+
    |      Variable Name      | Operation| DSP| FF| LUT| Bitwidth P0| Bitwidth P1|
    +-------------------------+----------+----+---+----+------------+------------+
    |add_ln55_1_fu_354_p2     |         +|   0|  0|  21|          14|           1|
    |add_ln55_fu_372_p2       |         +|   0|  0|  13|           6|           1|
    |add_ln57_1_fu_599_p2     |         +|   0|  0|  17|          10|           1|
    |add_ln57_fu_452_p2       |         +|   0|  0|  12|           5|           1|
    |add_ln58_fu_593_p2       |         +|   0|  0|  12|           5|           1|
    |add_ln72_395_fu_510_p2   |         +|   0|  0|  18|          11|           9|
    |add_ln72_396_fu_638_p2   |         +|   0|  0|  18|          11|          10|
    |add_ln72_397_fu_647_p2   |         +|   0|  0|  18|          11|          10|
    |add_ln72_398_fu_679_p2   |         +|   0|  0|  17|          12|          11|
    |add_ln72_399_fu_685_p2   |         +|   0|  0|  17|          12|          11|
    |add_ln72_400_fu_711_p2   |         +|   0|  0|  17|          12|          11|
    |add_ln72_401_fu_716_p2   |         +|   0|  0|  17|          12|          11|
    |add_ln72_402_fu_560_p2   |         +|   0|  0|  18|          11|          11|
    |add_ln72_403_fu_571_p2   |         +|   0|  0|  19|          12|          12|
    |add_ln72_404_fu_656_p2   |         +|   0|  0|  19|          12|          12|
    |add_ln72_405_fu_666_p2   |         +|   0|  0|  19|          12|          12|
    |add_ln72_406_fu_691_p2   |         +|   0|  0|  17|          12|          12|
    |add_ln72_407_fu_701_p2   |         +|   0|  0|  17|          12|          12|
    |add_ln72_408_fu_721_p2   |         +|   0|  0|  17|          12|          12|
    |add_ln72_409_fu_731_p2   |         +|   0|  0|  17|          12|          12|
    |add_ln72_fu_500_p2       |         +|   0|  0|  17|          10|          10|
    |empty_105_fu_520_p2      |         +|   0|  0|  17|          11|          11|
    |empty_107_fu_542_p2      |         +|   0|  0|  16|          14|          14|
    |empty_108_fu_582_p2      |         +|   0|  0|  16|          14|          14|
    |empty_fu_428_p2          |         +|   0|  0|  17|          11|          11|
    |and_ln55_fu_446_p2       |       and|   0|  0|   2|           1|           1|
    |icmp_ln55_fu_348_p2      |      icmp|   0|  0|  21|          14|          14|
    |icmp_ln57_fu_378_p2      |      icmp|   0|  0|  17|          10|           9|
    |icmp_ln58_fu_440_p2      |      icmp|   0|  0|  12|           5|           5|
    |or_ln57_fu_458_p2        |        or|   0|  0|   2|           1|           1|
    |select_ln55_1_fu_392_p3  |    select|   0|  0|   6|           1|           6|
    |select_ln55_fu_384_p3    |    select|   0|  0|   5|           1|           1|
    |select_ln57_1_fu_472_p3  |    select|   0|  0|   5|           1|           5|
    |select_ln57_2_fu_605_p3  |    select|   0|  0|  10|           1|           1|
    |select_ln57_fu_464_p3    |    select|   0|  0|   5|           1|           1|
    |ap_enable_pp0            |       xor|   0|  0|   2|           1|           2|
    |xor_ln55_fu_434_p2       |       xor|   0|  0|   2|           1|           2|
    +-------------------------+----------+----+---+----+------------+------------+
    |Total                    |          |   0|  0| 512|         314|         281|
    +-------------------------+----------+----+---+----+------------+------------+

    * Multiplexer: 
    +----------------------------------+----+-----------+-----+-----------+
    |               Name               | LUT| Input Size| Bits| Total Bits|
    +----------------------------------+----+-----------+-----+-----------+
    |ap_NS_fsm                         |  26|          5|    1|          5|
    |ap_done_int                       |   9|          2|    1|          2|
    |ap_enable_reg_pp0_iter0           |   9|          2|    1|          2|
    |ap_enable_reg_pp0_iter1           |   9|          2|    1|          2|
    |ap_enable_reg_pp0_iter10          |   9|          2|    1|          2|
    |ap_loop_exit_ready_pp0_iter1_reg  |   9|          2|    1|          2|
    |ap_loop_exit_ready_pp0_iter2_reg  |   9|          2|    1|          2|
    |ap_loop_exit_ready_pp0_iter3_reg  |   9|          2|    1|          2|
    |ap_loop_exit_ready_pp0_iter4_reg  |   9|          2|    1|          2|
    |ap_loop_exit_ready_pp0_iter5_reg  |   9|          2|    1|          2|
    |ap_loop_exit_ready_pp0_iter6_reg  |   9|          2|    1|          2|
    |ap_loop_exit_ready_pp0_iter7_reg  |   9|          2|    1|          2|
    |ap_loop_exit_ready_pp0_iter8_reg  |   9|          2|    1|          2|
    |ap_loop_exit_ready_pp0_iter9_reg  |   9|          2|    1|          2|
    |bx_fu_90                          |   9|          2|    5|         10|
    |grp_fu_304_p0                     |  26|          5|   32|        160|
    |grp_fu_304_p1                     |  26|          5|   32|        160|
    |grp_fu_308_p0                     |  26|          5|   32|        160|
    |grp_fu_308_p1                     |  26|          5|   32|        160|
    |grp_fu_312_p0                     |  26|          5|   32|        160|
    |grp_fu_312_p1                     |  26|          5|   32|        160|
    |grp_fu_316_p0                     |  26|          5|   32|        160|
    |grp_fu_316_p1                     |  26|          5|   32|        160|
    |indvar_flatten11_fu_98            |   9|          2|   10|         20|
    |indvar_flatten32_fu_106           |   9|          2|   14|         28|
    |input_fm_buffer_1_address0        |  26|          5|   12|         60|
    |input_fm_buffer_1_address1        |  26|          5|   12|         60|
    |nout_fu_102                       |   9|          2|    6|         12|
    |ty_fu_94                          |   9|          2|    5|         10|
    +----------------------------------+----+-----------+-----+-----------+
    |Total                             | 448|         91|  334|       1511|
    +----------------------------------+----+-----------+-----+-----------+

    * Register: 
    +-----------------------------------+----+----+-----+-----------+
    |                Name               | FF | LUT| Bits| Const Bits|
    +-----------------------------------+----+----+-----+-----------+
    |add56_1_reg_1023                   |  32|   0|   32|          0|
    |add56_2_reg_1028                   |  32|   0|   32|          0|
    |add56_3_reg_1033                   |  32|   0|   32|          0|
    |add56_4_reg_1038                   |  32|   0|   32|          0|
    |add56_5_reg_1043                   |  32|   0|   32|          0|
    |add56_6_reg_1048                   |  32|   0|   32|          0|
    |add56_7_reg_1053                   |  32|   0|   32|          0|
    |add_ln72_reg_820                   |  10|   0|   10|          0|
    |add_reg_1018                       |  32|   0|   32|          0|
    |ap_CS_fsm                          |   4|   0|    4|          0|
    |ap_done_reg                        |   1|   0|    1|          0|
    |ap_enable_reg_pp0_iter0_reg        |   1|   0|    1|          0|
    |ap_enable_reg_pp0_iter1            |   1|   0|    1|          0|
    |ap_enable_reg_pp0_iter10           |   1|   0|    1|          0|
    |ap_enable_reg_pp0_iter2            |   1|   0|    1|          0|
    |ap_enable_reg_pp0_iter3            |   1|   0|    1|          0|
    |ap_enable_reg_pp0_iter4            |   1|   0|    1|          0|
    |ap_enable_reg_pp0_iter5            |   1|   0|    1|          0|
    |ap_enable_reg_pp0_iter6            |   1|   0|    1|          0|
    |ap_enable_reg_pp0_iter7            |   1|   0|    1|          0|
    |ap_enable_reg_pp0_iter8            |   1|   0|    1|          0|
    |ap_enable_reg_pp0_iter9            |   1|   0|    1|          0|
    |ap_loop_exit_ready_pp0_iter1_reg   |   1|   0|    1|          0|
    |ap_loop_exit_ready_pp0_iter2_reg   |   1|   0|    1|          0|
    |ap_loop_exit_ready_pp0_iter3_reg   |   1|   0|    1|          0|
    |ap_loop_exit_ready_pp0_iter4_reg   |   1|   0|    1|          0|
    |ap_loop_exit_ready_pp0_iter5_reg   |   1|   0|    1|          0|
    |ap_loop_exit_ready_pp0_iter6_reg   |   1|   0|    1|          0|
    |ap_loop_exit_ready_pp0_iter7_reg   |   1|   0|    1|          0|
    |ap_loop_exit_ready_pp0_iter8_reg   |   1|   0|    1|          0|
    |ap_loop_exit_ready_pp0_iter9_reg   |   1|   0|    1|          0|
    |bx_fu_90                           |   5|   0|    5|          0|
    |icmp_ln55_reg_776                  |   1|   0|    1|          0|
    |indvar_flatten11_fu_98             |  10|   0|   10|          0|
    |indvar_flatten32_fu_106            |  14|   0|   14|          0|
    |input_fm_buffer_1_load_1_reg_917   |  32|   0|   32|          0|
    |input_fm_buffer_1_load_2_reg_938   |  32|   0|   32|          0|
    |input_fm_buffer_1_load_3_reg_943   |  32|   0|   32|          0|
    |input_fm_buffer_1_load_4_reg_958   |  32|   0|   32|          0|
    |input_fm_buffer_1_load_5_reg_963   |  32|   0|   32|          0|
    |input_fm_buffer_1_load_6_reg_978   |  32|   0|   32|          0|
    |input_fm_buffer_1_load_7_reg_983   |  32|   0|   32|          0|
    |input_fm_buffer_1_load_reg_912     |  32|   0|   32|          0|
    |mul49_1_reg_973                    |  32|   0|   32|          0|
    |mul49_1_reg_973_pp0_iter2_reg      |  32|   0|   32|          0|
    |mul49_2_reg_988                    |  32|   0|   32|          0|
    |mul49_3_reg_993                    |  32|   0|   32|          0|
    |mul49_4_reg_998                    |  32|   0|   32|          0|
    |mul49_5_reg_1003                   |  32|   0|   32|          0|
    |mul49_6_reg_1008                   |  32|   0|   32|          0|
    |mul49_7_reg_1013                   |  32|   0|   32|          0|
    |mul_reg_968                        |  32|   0|   32|          0|
    |nout_fu_102                        |   6|   0|    6|          0|
    |output_fm_buffer_addr_reg_851      |  14|   0|   14|          0|
    |output_fm_buffer_load_reg_907      |  32|   0|   32|          0|
    |ty_fu_94                           |   5|   0|    5|          0|
    |weights_buffer_0_0_0_load_reg_857  |  32|   0|   32|          0|
    |weights_buffer_0_0_1_load_reg_862  |  32|   0|   32|          0|
    |weights_buffer_0_0_2_load_reg_867  |  32|   0|   32|          0|
    |weights_buffer_0_0_3_load_reg_872  |  32|   0|   32|          0|
    |weights_buffer_0_0_4_load_reg_877  |  32|   0|   32|          0|
    |weights_buffer_0_0_5_load_reg_882  |  32|   0|   32|          0|
    |weights_buffer_0_0_6_load_reg_887  |  32|   0|   32|          0|
    |weights_buffer_0_0_7_load_reg_892  |  32|   0|   32|          0|
    |zext_ln72_234_reg_922              |  10|   0|   12|          2|
    |zext_ln72_235_reg_825              |  10|   0|   11|          1|
    |zext_ln72_240_reg_831              |   5|   0|   12|          7|
    |icmp_ln55_reg_776                  |  64|  32|    1|          0|
    |mul49_2_reg_988                    |  64|  32|   32|          0|
    |mul49_3_reg_993                    |  64|  32|   32|          0|
    |mul49_4_reg_998                    |  64|  32|   32|          0|
    |mul49_5_reg_1003                   |  64|  32|   32|          0|
    |mul49_6_reg_1008                   |  64|  32|   32|          0|
    |mul49_7_reg_1013                   |  64|  32|   32|          0|
    |output_fm_buffer_addr_reg_851      |  64|  32|   14|          0|
    +-----------------------------------+----+----+-----+-----------+
    |Total                              |1715| 256| 1420|         10|
    +-----------------------------------+----+----+-----+-----------+



================================================================
== Interface
================================================================
* Summary: 
+-------------------------------+-----+-----+------------+---------------------------+--------------+
|           RTL Ports           | Dir | Bits|  Protocol  |       Source Object       |    C Type    |
+-------------------------------+-----+-----+------------+---------------------------+--------------+
|ap_clk                         |   in|    1|  ap_ctrl_hs|  conv2_Pipeline_NOUT_TY_TX|  return value|
|ap_rst                         |   in|    1|  ap_ctrl_hs|  conv2_Pipeline_NOUT_TY_TX|  return value|
|ap_start                       |   in|    1|  ap_ctrl_hs|  conv2_Pipeline_NOUT_TY_TX|  return value|
|ap_done                        |  out|    1|  ap_ctrl_hs|  conv2_Pipeline_NOUT_TY_TX|  return value|
|ap_idle                        |  out|    1|  ap_ctrl_hs|  conv2_Pipeline_NOUT_TY_TX|  return value|
|ap_ready                       |  out|    1|  ap_ctrl_hs|  conv2_Pipeline_NOUT_TY_TX|  return value|
|grp_fu_500_p_din0              |  out|   32|  ap_ctrl_hs|  conv2_Pipeline_NOUT_TY_TX|  return value|
|grp_fu_500_p_din1              |  out|   32|  ap_ctrl_hs|  conv2_Pipeline_NOUT_TY_TX|  return value|
|grp_fu_500_p_opcode            |  out|    2|  ap_ctrl_hs|  conv2_Pipeline_NOUT_TY_TX|  return value|
|grp_fu_500_p_dout0             |   in|   32|  ap_ctrl_hs|  conv2_Pipeline_NOUT_TY_TX|  return value|
|grp_fu_500_p_ce                |  out|    1|  ap_ctrl_hs|  conv2_Pipeline_NOUT_TY_TX|  return value|
|grp_fu_504_p_din0              |  out|   32|  ap_ctrl_hs|  conv2_Pipeline_NOUT_TY_TX|  return value|
|grp_fu_504_p_din1              |  out|   32|  ap_ctrl_hs|  conv2_Pipeline_NOUT_TY_TX|  return value|
|grp_fu_504_p_dout0             |   in|   32|  ap_ctrl_hs|  conv2_Pipeline_NOUT_TY_TX|  return value|
|grp_fu_504_p_ce                |  out|    1|  ap_ctrl_hs|  conv2_Pipeline_NOUT_TY_TX|  return value|
|weights_buffer_0_0_0_address0  |  out|    5|   ap_memory|       weights_buffer_0_0_0|         array|
|weights_buffer_0_0_0_ce0       |  out|    1|   ap_memory|       weights_buffer_0_0_0|         array|
|weights_buffer_0_0_0_q0        |   in|   32|   ap_memory|       weights_buffer_0_0_0|         array|
|weights_buffer_0_0_1_address0  |  out|    5|   ap_memory|       weights_buffer_0_0_1|         array|
|weights_buffer_0_0_1_ce0       |  out|    1|   ap_memory|       weights_buffer_0_0_1|         array|
|weights_buffer_0_0_1_q0        |   in|   32|   ap_memory|       weights_buffer_0_0_1|         array|
|weights_buffer_0_0_2_address0  |  out|    5|   ap_memory|       weights_buffer_0_0_2|         array|
|weights_buffer_0_0_2_ce0       |  out|    1|   ap_memory|       weights_buffer_0_0_2|         array|
|weights_buffer_0_0_2_q0        |   in|   32|   ap_memory|       weights_buffer_0_0_2|         array|
|weights_buffer_0_0_3_address0  |  out|    5|   ap_memory|       weights_buffer_0_0_3|         array|
|weights_buffer_0_0_3_ce0       |  out|    1|   ap_memory|       weights_buffer_0_0_3|         array|
|weights_buffer_0_0_3_q0        |   in|   32|   ap_memory|       weights_buffer_0_0_3|         array|
|weights_buffer_0_0_4_address0  |  out|    5|   ap_memory|       weights_buffer_0_0_4|         array|
|weights_buffer_0_0_4_ce0       |  out|    1|   ap_memory|       weights_buffer_0_0_4|         array|
|weights_buffer_0_0_4_q0        |   in|   32|   ap_memory|       weights_buffer_0_0_4|         array|
|weights_buffer_0_0_5_address0  |  out|    5|   ap_memory|       weights_buffer_0_0_5|         array|
|weights_buffer_0_0_5_ce0       |  out|    1|   ap_memory|       weights_buffer_0_0_5|         array|
|weights_buffer_0_0_5_q0        |   in|   32|   ap_memory|       weights_buffer_0_0_5|         array|
|weights_buffer_0_0_6_address0  |  out|    5|   ap_memory|       weights_buffer_0_0_6|         array|
|weights_buffer_0_0_6_ce0       |  out|    1|   ap_memory|       weights_buffer_0_0_6|         array|
|weights_buffer_0_0_6_q0        |   in|   32|   ap_memory|       weights_buffer_0_0_6|         array|
|weights_buffer_0_0_7_address0  |  out|    5|   ap_memory|       weights_buffer_0_0_7|         array|
|weights_buffer_0_0_7_ce0       |  out|    1|   ap_memory|       weights_buffer_0_0_7|         array|
|weights_buffer_0_0_7_q0        |   in|   32|   ap_memory|       weights_buffer_0_0_7|         array|
|output_fm_buffer_address0      |  out|   14|   ap_memory|           output_fm_buffer|         array|
|output_fm_buffer_ce0           |  out|    1|   ap_memory|           output_fm_buffer|         array|
|output_fm_buffer_we0           |  out|    1|   ap_memory|           output_fm_buffer|         array|
|output_fm_buffer_d0            |  out|   32|   ap_memory|           output_fm_buffer|         array|
|output_fm_buffer_address1      |  out|   14|   ap_memory|           output_fm_buffer|         array|
|output_fm_buffer_ce1           |  out|    1|   ap_memory|           output_fm_buffer|         array|
|output_fm_buffer_q1            |   in|   32|   ap_memory|           output_fm_buffer|         array|
|input_fm_buffer_1_address0     |  out|   12|   ap_memory|          input_fm_buffer_1|         array|
|input_fm_buffer_1_ce0          |  out|    1|   ap_memory|          input_fm_buffer_1|         array|
|input_fm_buffer_1_q0           |   in|   32|   ap_memory|          input_fm_buffer_1|         array|
|input_fm_buffer_1_address1     |  out|   12|   ap_memory|          input_fm_buffer_1|         array|
|input_fm_buffer_1_ce1          |  out|    1|   ap_memory|          input_fm_buffer_1|         array|
|input_fm_buffer_1_q1           |   in|   32|   ap_memory|          input_fm_buffer_1|         array|
+-------------------------------+-----+-----+------------+---------------------------+--------------+

