

================================================================
== Vitis HLS Report for 'conv1_Pipeline_BW'
================================================================
* Date:           Thu Nov  2 20:34:10 2023

* Version:        2023.1 (Build 3854077 on May  4 2023)
* Project:        srcnn_hls
* Solution:       solution1 (Vivado IP Flow Target)
* Product family: zynquplus
* Target device:  xck24-ubva530-2LV-c


================================================================
== Performance Estimates
================================================================
+ Timing: 
    * Summary: 
    +--------+----------+----------+------------+
    |  Clock |  Target  | Estimated| Uncertainty|
    +--------+----------+----------+------------+
    |ap_clk  |  10.00 ns|  2.068 ns|     2.70 ns|
    +--------+----------+----------+------------+

+ Latency: 
    * Summary: 
    +---------+---------+----------+----------+-----+-----+---------+
    |  Latency (cycles) |  Latency (absolute) |  Interval | Pipeline|
    |   min   |   max   |    min   |    max   | min | max |   Type  |
    +---------+---------+----------+----------+-----+-----+---------+
    |      257|      257|  2.570 us|  2.570 us|  257|  257|       no|
    +---------+---------+----------+----------+-----+-----+---------+

    + Detail: 
        * Instance: 
        N/A

        * Loop: 
        +----------+---------+---------+----------+-----------+-----------+------+----------+
        |          |  Latency (cycles) | Iteration|  Initiation Interval  | Trip |          |
        | Loop Name|   min   |   max   |  Latency |  achieved |   target  | Count| Pipelined|
        +----------+---------+---------+----------+-----------+-----------+------+----------+
        |- BW      |      255|      255|         1|          1|          1|   255|       yes|
        +----------+---------+---------+----------+-----------+-----------+------+----------+



================================================================
== Utilization Estimates
================================================================
* Summary: 
+-----------------+---------+-----+--------+-------+-----+
|       Name      | BRAM_18K| DSP |   FF   |  LUT  | URAM|
+-----------------+---------+-----+--------+-------+-----+
|DSP              |        -|    -|       -|      -|    -|
|Expression       |        -|    -|       0|     51|    -|
|FIFO             |        -|    -|       -|      -|    -|
|Instance         |        -|    -|       -|      -|    -|
|Memory           |        -|    -|       -|      -|    -|
|Multiplexer      |        -|    -|       -|     27|    -|
|Register         |        -|    -|      10|      -|    -|
+-----------------+---------+-----+--------+-------+-----+
|Total            |        0|    0|      10|     78|    0|
+-----------------+---------+-----+--------+-------+-----+
|Available        |      432|  360|  141120|  70560|    0|
+-----------------+---------+-----+--------+-------+-----+
|Utilization (%)  |        0|    0|      ~0|     ~0|    0|
+-----------------+---------+-----+--------+-------+-----+

+ Detail: 
    * Instance: 
    N/A

    * DSP: 
    N/A

    * Memory: 
    N/A

    * FIFO: 
    N/A

    * Expression: 
    +--------------------+----------+----+---+----+------------+------------+
    |    Variable Name   | Operation| DSP| FF| LUT| Bitwidth P0| Bitwidth P1|
    +--------------------+----------+----+---+----+------------+------------+
    |add_ln88_fu_98_p2   |         +|   0|  0|  15|           8|           1|
    |add_ln90_fu_108_p2  |         +|   0|  0|  21|          14|          14|
    |icmp_ln88_fu_92_p2  |      icmp|   0|  0|  15|           8|           2|
    +--------------------+----------+----+---+----+------------+------------+
    |Total               |          |   0|  0|  51|          30|          17|
    +--------------------+----------+----+---+----+------------+------------+

    * Multiplexer: 
    +----------------------+----+-----------+-----+-----------+
    |         Name         | LUT| Input Size| Bits| Total Bits|
    +----------------------+----+-----------+-----+-----------+
    |ap_done_int           |   9|          2|    1|          2|
    |ap_sig_allocacmp_w_6  |   9|          2|    8|         16|
    |w_fu_40               |   9|          2|    8|         16|
    +----------------------+----+-----------+-----+-----------+
    |Total                 |  27|          6|   17|         34|
    +----------------------+----+-----------+-----+-----------+

    * Register: 
    +-------------+---+----+-----+-----------+
    |     Name    | FF| LUT| Bits| Const Bits|
    +-------------+---+----+-----+-----------+
    |ap_CS_fsm    |  1|   0|    1|          0|
    |ap_done_reg  |  1|   0|    1|          0|
    |w_fu_40      |  8|   0|    8|          0|
    +-------------+---+----+-----+-----------+
    |Total        | 10|   0|   10|          0|
    +-------------+---+----+-----+-----------+



================================================================
== Interface
================================================================
* Summary: 
+-------------------------------------------------------------------+-----+-----+------------+----------------------------------------------------------+--------------+
|                             RTL Ports                             | Dir | Bits|  Protocol  |                       Source Object                      |    C Type    |
+-------------------------------------------------------------------+-----+-----+------------+----------------------------------------------------------+--------------+
|ap_clk                                                             |   in|    1|  ap_ctrl_hs|                                         conv1_Pipeline_BW|  return value|
|ap_rst                                                             |   in|    1|  ap_ctrl_hs|                                         conv1_Pipeline_BW|  return value|
|ap_start                                                           |   in|    1|  ap_ctrl_hs|                                         conv1_Pipeline_BW|  return value|
|ap_done                                                            |  out|    1|  ap_ctrl_hs|                                         conv1_Pipeline_BW|  return value|
|ap_idle                                                            |  out|    1|  ap_ctrl_hs|                                         conv1_Pipeline_BW|  return value|
|ap_ready                                                           |  out|    1|  ap_ctrl_hs|                                         conv1_Pipeline_BW|  return value|
|sub_ln90_1                                                         |   in|   14|     ap_none|                                                sub_ln90_1|        scalar|
|trunc_ln24                                                         |   in|    1|     ap_none|                                                trunc_ln24|        scalar|
|conv1_float_255_255_float_1_9_9_float_float_255_255_ou_1_address0  |  out|   14|   ap_memory|  conv1_float_255_255_float_1_9_9_float_float_255_255_ou_1|         array|
|conv1_float_255_255_float_1_9_9_float_float_255_255_ou_1_ce0       |  out|    1|   ap_memory|  conv1_float_255_255_float_1_9_9_float_float_255_255_ou_1|         array|
|conv1_float_255_255_float_1_9_9_float_float_255_255_ou_1_we0       |  out|    1|   ap_memory|  conv1_float_255_255_float_1_9_9_float_float_255_255_ou_1|         array|
|conv1_float_255_255_float_1_9_9_float_float_255_255_ou_1_d0        |  out|   32|   ap_memory|  conv1_float_255_255_float_1_9_9_float_float_255_255_ou_1|         array|
|conv1_float_255_255_float_1_9_9_float_float_255_255_ou_address0    |  out|   14|   ap_memory|    conv1_float_255_255_float_1_9_9_float_float_255_255_ou|         array|
|conv1_float_255_255_float_1_9_9_float_float_255_255_ou_ce0         |  out|    1|   ap_memory|    conv1_float_255_255_float_1_9_9_float_float_255_255_ou|         array|
|conv1_float_255_255_float_1_9_9_float_float_255_255_ou_we0         |  out|    1|   ap_memory|    conv1_float_255_255_float_1_9_9_float_float_255_255_ou|         array|
|conv1_float_255_255_float_1_9_9_float_float_255_255_ou_d0          |  out|   32|   ap_memory|    conv1_float_255_255_float_1_9_9_float_float_255_255_ou|         array|
+-------------------------------------------------------------------+-----+-----+------------+----------------------------------------------------------+--------------+

