

================================================================
== Vitis HLS Report for 'export_output_buffer_c1_Pipeline_RELU'
================================================================
* Date:           Wed Nov  1 18:49:11 2023

* Version:        2023.1 (Build 3854077 on May  4 2023)
* Project:        srcnn_hls
* Solution:       solution1 (Vivado IP Flow Target)
* Product family: zynquplus
* Target device:  xck24-ubva530-2LV-c


================================================================
== Performance Estimates
================================================================
+ Timing: 
    * Summary: 
    +--------+----------+----------+------------+
    |  Clock |  Target  | Estimated| Uncertainty|
    +--------+----------+----------+------------+
    |ap_clk  |  10.00 ns|  6.437 ns|     2.70 ns|
    +--------+----------+----------+------------+

+ Latency: 
    * Summary: 
    +---------+---------+----------+----------+-----+-----+---------+
    |  Latency (cycles) |  Latency (absolute) |  Interval | Pipeline|
    |   min   |   max   |    min   |    max   | min | max |   Type  |
    +---------+---------+----------+----------+-----+-----+---------+
    |      517|      517|  5.170 us|  5.170 us|  517|  517|       no|
    +---------+---------+----------+----------+-----+-----+---------+

    + Detail: 
        * Instance: 
        N/A

        * Loop: 
        +----------+---------+---------+----------+-----------+-----------+------+----------+
        |          |  Latency (cycles) | Iteration|  Initiation Interval  | Trip |          |
        | Loop Name|   min   |   max   |  Latency |  achieved |   target  | Count| Pipelined|
        +----------+---------+---------+----------+-----------+-----------+------+----------+
        |- RELU    |      515|      515|         8|          2|          2|   255|       yes|
        +----------+---------+---------+----------+-----------+-----------+------+----------+



================================================================
== Utilization Estimates
================================================================
* Summary: 
+-----------------+---------+-----+--------+-------+-----+
|       Name      | BRAM_18K| DSP |   FF   |  LUT  | URAM|
+-----------------+---------+-----+--------+-------+-----+
|DSP              |        -|    -|       -|      -|    -|
|Expression       |        -|    -|       0|    100|    -|
|FIFO             |        -|    -|       -|      -|    -|
|Instance         |        -|    -|       0|     37|    -|
|Memory           |        -|    -|       -|      -|    -|
|Multiplexer      |        -|    -|       -|    171|    -|
|Register         |        -|    -|     388|    128|    -|
+-----------------+---------+-----+--------+-------+-----+
|Total            |        0|    0|     388|    436|    0|
+-----------------+---------+-----+--------+-------+-----+
|Available        |      432|  360|  141120|  70560|    0|
+-----------------+---------+-----+--------+-------+-----+
|Utilization (%)  |        0|    0|      ~0|     ~0|    0|
+-----------------+---------+-----+--------+-------+-----+

+ Detail: 
    * Instance: 
    +--------------------+----------------+---------+----+---+----+-----+
    |      Instance      |     Module     | BRAM_18K| DSP| FF| LUT| URAM|
    +--------------------+----------------+---------+----+---+----+-----+
    |mux_7_3_32_1_1_U57  |mux_7_3_32_1_1  |        0|   0|  0|  37|    0|
    +--------------------+----------------+---------+----+---+----+-----+
    |Total               |                |        0|   0|  0|  37|    0|
    +--------------------+----------------+---------+----+---+----+-----+

    * DSP: 
    N/A

    * Memory: 
    N/A

    * FIFO: 
    N/A

    * Expression: 
    +------------------------+----------+----+---+----+------------+------------+
    |      Variable Name     | Operation| DSP| FF| LUT| Bitwidth P0| Bitwidth P1|
    +------------------------+----------+----+---+----+------------+------------+
    |add_ln129_fu_183_p2     |         +|   0|  0|  15|           8|           1|
    |add_ln132_fu_193_p2     |         +|   0|  0|  19|          12|          12|
    |and_ln134_fu_264_p2     |       and|   0|  0|   2|           1|           1|
    |icmp_ln129_fu_177_p2    |      icmp|   0|  0|  15|           8|           2|
    |icmp_ln134_1_fu_254_p2  |      icmp|   0|  0|  30|          23|           1|
    |icmp_ln134_fu_248_p2    |      icmp|   0|  0|  15|           8|           2|
    |or_ln134_fu_260_p2      |        or|   0|  0|   2|           1|           1|
    |ap_enable_pp0           |       xor|   0|  0|   2|           1|           2|
    +------------------------+----------+----+---+----+------------+------------+
    |Total                   |          |   0|  0| 100|          62|          22|
    +------------------------+----------+----+---+----+------------+------------+

    * Multiplexer: 
    +-------------------------------------------------------------------+----+-----------+-----+-----------+
    |                                Name                               | LUT| Input Size| Bits| Total Bits|
    +-------------------------------------------------------------------+----+-----------+-----+-----------+
    |ap_NS_fsm                                                          |  14|          3|    1|          3|
    |ap_done_int                                                        |   9|          2|    1|          2|
    |ap_enable_reg_pp0_iter0                                            |   9|          2|    1|          2|
    |ap_enable_reg_pp0_iter1                                            |   9|          2|    1|          2|
    |ap_sig_allocacmp_bw_2                                              |   9|          2|    8|         16|
    |bw_fu_66                                                           |   9|          2|    8|         16|
    |conv1_float_255_255_float_1_9_9_float_float_255_255_ou_1_address0  |  14|          3|   12|         36|
    |conv1_float_255_255_float_1_9_9_float_float_255_255_ou_1_d0        |  14|          3|   32|         96|
    |conv1_float_255_255_float_1_9_9_float_float_255_255_ou_3_address0  |  14|          3|   12|         36|
    |conv1_float_255_255_float_1_9_9_float_float_255_255_ou_3_d0        |  14|          3|   32|         96|
    |conv1_float_255_255_float_1_9_9_float_float_255_255_ou_5_address0  |  14|          3|   12|         36|
    |conv1_float_255_255_float_1_9_9_float_float_255_255_ou_5_d0        |  14|          3|   32|         96|
    |conv1_float_255_255_float_1_9_9_float_float_255_255_ou_7_address0  |  14|          3|   12|         36|
    |conv1_float_255_255_float_1_9_9_float_float_255_255_ou_7_d0        |  14|          3|   32|         96|
    +-------------------------------------------------------------------+----+-----------+-----+-----------+
    |Total                                                              | 171|         37|  196|        569|
    +-------------------------------------------------------------------+----+-----------+-----+-----------+

    * Register: 
    +-------------------------------------------------------------------+----+----+-----+-----------+
    |                                Name                               | FF | LUT| Bits| Const Bits|
    +-------------------------------------------------------------------+----+----+-----+-----------+
    |add_reg_320                                                        |  32|   0|   32|          0|
    |ap_CS_fsm                                                          |   2|   0|    2|          0|
    |ap_done_reg                                                        |   1|   0|    1|          0|
    |ap_enable_reg_pp0_iter0_reg                                        |   1|   0|    1|          0|
    |ap_enable_reg_pp0_iter1                                            |   1|   0|    1|          0|
    |ap_enable_reg_pp0_iter2                                            |   1|   0|    1|          0|
    |ap_enable_reg_pp0_iter3                                            |   1|   0|    1|          0|
    |ap_loop_exit_ready_pp0_iter1_reg                                   |   1|   0|    1|          0|
    |ap_loop_exit_ready_pp0_iter2_reg                                   |   1|   0|    1|          0|
    |bw_fu_66                                                           |   8|   0|    8|          0|
    |conv1_float_255_255_float_1_9_9_float_float_255_255_ou_16_reg_291  |  12|   0|   12|          0|
    |conv1_float_255_255_float_1_9_9_float_float_255_255_ou_17_reg_297  |  12|   0|   12|          0|
    |conv1_float_255_255_float_1_9_9_float_float_255_255_ou_18_reg_303  |  12|   0|   12|          0|
    |conv1_float_255_255_float_1_9_9_float_float_255_255_ou_19_reg_309  |  12|   0|   12|          0|
    |icmp_ln129_reg_287                                                 |   1|   0|    1|          0|
    |icmp_ln134_1_reg_335                                               |   1|   0|    1|          0|
    |icmp_ln134_reg_330                                                 |   1|   0|    1|          0|
    |tmp_reg_315                                                        |  32|   0|   32|          0|
    |conv1_float_255_255_float_1_9_9_float_float_255_255_ou_16_reg_291  |  64|  32|   12|          0|
    |conv1_float_255_255_float_1_9_9_float_float_255_255_ou_17_reg_297  |  64|  32|   12|          0|
    |conv1_float_255_255_float_1_9_9_float_float_255_255_ou_18_reg_303  |  64|  32|   12|          0|
    |conv1_float_255_255_float_1_9_9_float_float_255_255_ou_19_reg_309  |  64|  32|   12|          0|
    +-------------------------------------------------------------------+----+----+-----+-----------+
    |Total                                                              | 388| 128|  180|          0|
    +-------------------------------------------------------------------+----+----+-----+-----------+



================================================================
== Interface
================================================================
* Summary: 
+-------------------------------------------------------------------+-----+-----+------------+----------------------------------------------------------+--------------+
|                             RTL Ports                             | Dir | Bits|  Protocol  |                       Source Object                      |    C Type    |
+-------------------------------------------------------------------+-----+-----+------------+----------------------------------------------------------+--------------+
|ap_clk                                                             |   in|    1|  ap_ctrl_hs|                     export_output_buffer_c1_Pipeline_RELU|  return value|
|ap_rst                                                             |   in|    1|  ap_ctrl_hs|                     export_output_buffer_c1_Pipeline_RELU|  return value|
|ap_start                                                           |   in|    1|  ap_ctrl_hs|                     export_output_buffer_c1_Pipeline_RELU|  return value|
|ap_done                                                            |  out|    1|  ap_ctrl_hs|                     export_output_buffer_c1_Pipeline_RELU|  return value|
|ap_idle                                                            |  out|    1|  ap_ctrl_hs|                     export_output_buffer_c1_Pipeline_RELU|  return value|
|ap_ready                                                           |  out|    1|  ap_ctrl_hs|                     export_output_buffer_c1_Pipeline_RELU|  return value|
|grp_fu_1597_p_din0                                                 |  out|   32|  ap_ctrl_hs|                     export_output_buffer_c1_Pipeline_RELU|  return value|
|grp_fu_1597_p_din1                                                 |  out|   32|  ap_ctrl_hs|                     export_output_buffer_c1_Pipeline_RELU|  return value|
|grp_fu_1597_p_opcode                                               |  out|    2|  ap_ctrl_hs|                     export_output_buffer_c1_Pipeline_RELU|  return value|
|grp_fu_1597_p_dout0                                                |   in|   32|  ap_ctrl_hs|                     export_output_buffer_c1_Pipeline_RELU|  return value|
|grp_fu_1597_p_ce                                                   |  out|    1|  ap_ctrl_hs|                     export_output_buffer_c1_Pipeline_RELU|  return value|
|grp_fu_1601_p_din0                                                 |  out|   32|  ap_ctrl_hs|                     export_output_buffer_c1_Pipeline_RELU|  return value|
|grp_fu_1601_p_din1                                                 |  out|   32|  ap_ctrl_hs|                     export_output_buffer_c1_Pipeline_RELU|  return value|
|grp_fu_1601_p_opcode                                               |  out|    5|  ap_ctrl_hs|                     export_output_buffer_c1_Pipeline_RELU|  return value|
|grp_fu_1601_p_dout0                                                |   in|    1|  ap_ctrl_hs|                     export_output_buffer_c1_Pipeline_RELU|  return value|
|grp_fu_1601_p_ce                                                   |  out|    1|  ap_ctrl_hs|                     export_output_buffer_c1_Pipeline_RELU|  return value|
|sub_ln132                                                          |   in|   12|     ap_none|                                                 sub_ln132|        scalar|
|trunc_ln126_1                                                      |   in|    3|     ap_none|                                             trunc_ln126_1|        scalar|
|empty                                                              |   in|   32|     ap_none|                                                     empty|        scalar|
|conv1_float_255_255_float_1_9_9_float_float_255_255_ou_7_address0  |  out|   12|   ap_memory|  conv1_float_255_255_float_1_9_9_float_float_255_255_ou_7|         array|
|conv1_float_255_255_float_1_9_9_float_float_255_255_ou_7_ce0       |  out|    1|   ap_memory|  conv1_float_255_255_float_1_9_9_float_float_255_255_ou_7|         array|
|conv1_float_255_255_float_1_9_9_float_float_255_255_ou_7_we0       |  out|    1|   ap_memory|  conv1_float_255_255_float_1_9_9_float_float_255_255_ou_7|         array|
|conv1_float_255_255_float_1_9_9_float_float_255_255_ou_7_d0        |  out|   32|   ap_memory|  conv1_float_255_255_float_1_9_9_float_float_255_255_ou_7|         array|
|conv1_float_255_255_float_1_9_9_float_float_255_255_ou_7_address1  |  out|   12|   ap_memory|  conv1_float_255_255_float_1_9_9_float_float_255_255_ou_7|         array|
|conv1_float_255_255_float_1_9_9_float_float_255_255_ou_7_ce1       |  out|    1|   ap_memory|  conv1_float_255_255_float_1_9_9_float_float_255_255_ou_7|         array|
|conv1_float_255_255_float_1_9_9_float_float_255_255_ou_7_q1        |   in|   32|   ap_memory|  conv1_float_255_255_float_1_9_9_float_float_255_255_ou_7|         array|
|conv1_float_255_255_float_1_9_9_float_float_255_255_ou_5_address0  |  out|   12|   ap_memory|  conv1_float_255_255_float_1_9_9_float_float_255_255_ou_5|         array|
|conv1_float_255_255_float_1_9_9_float_float_255_255_ou_5_ce0       |  out|    1|   ap_memory|  conv1_float_255_255_float_1_9_9_float_float_255_255_ou_5|         array|
|conv1_float_255_255_float_1_9_9_float_float_255_255_ou_5_we0       |  out|    1|   ap_memory|  conv1_float_255_255_float_1_9_9_float_float_255_255_ou_5|         array|
|conv1_float_255_255_float_1_9_9_float_float_255_255_ou_5_d0        |  out|   32|   ap_memory|  conv1_float_255_255_float_1_9_9_float_float_255_255_ou_5|         array|
|conv1_float_255_255_float_1_9_9_float_float_255_255_ou_5_address1  |  out|   12|   ap_memory|  conv1_float_255_255_float_1_9_9_float_float_255_255_ou_5|         array|
|conv1_float_255_255_float_1_9_9_float_float_255_255_ou_5_ce1       |  out|    1|   ap_memory|  conv1_float_255_255_float_1_9_9_float_float_255_255_ou_5|         array|
|conv1_float_255_255_float_1_9_9_float_float_255_255_ou_5_q1        |   in|   32|   ap_memory|  conv1_float_255_255_float_1_9_9_float_float_255_255_ou_5|         array|
|conv1_float_255_255_float_1_9_9_float_float_255_255_ou_3_address0  |  out|   12|   ap_memory|  conv1_float_255_255_float_1_9_9_float_float_255_255_ou_3|         array|
|conv1_float_255_255_float_1_9_9_float_float_255_255_ou_3_ce0       |  out|    1|   ap_memory|  conv1_float_255_255_float_1_9_9_float_float_255_255_ou_3|         array|
|conv1_float_255_255_float_1_9_9_float_float_255_255_ou_3_we0       |  out|    1|   ap_memory|  conv1_float_255_255_float_1_9_9_float_float_255_255_ou_3|         array|
|conv1_float_255_255_float_1_9_9_float_float_255_255_ou_3_d0        |  out|   32|   ap_memory|  conv1_float_255_255_float_1_9_9_float_float_255_255_ou_3|         array|
|conv1_float_255_255_float_1_9_9_float_float_255_255_ou_3_address1  |  out|   12|   ap_memory|  conv1_float_255_255_float_1_9_9_float_float_255_255_ou_3|         array|
|conv1_float_255_255_float_1_9_9_float_float_255_255_ou_3_ce1       |  out|    1|   ap_memory|  conv1_float_255_255_float_1_9_9_float_float_255_255_ou_3|         array|
|conv1_float_255_255_float_1_9_9_float_float_255_255_ou_3_q1        |   in|   32|   ap_memory|  conv1_float_255_255_float_1_9_9_float_float_255_255_ou_3|         array|
|conv1_float_255_255_float_1_9_9_float_float_255_255_ou_1_address0  |  out|   12|   ap_memory|  conv1_float_255_255_float_1_9_9_float_float_255_255_ou_1|         array|
|conv1_float_255_255_float_1_9_9_float_float_255_255_ou_1_ce0       |  out|    1|   ap_memory|  conv1_float_255_255_float_1_9_9_float_float_255_255_ou_1|         array|
|conv1_float_255_255_float_1_9_9_float_float_255_255_ou_1_we0       |  out|    1|   ap_memory|  conv1_float_255_255_float_1_9_9_float_float_255_255_ou_1|         array|
|conv1_float_255_255_float_1_9_9_float_float_255_255_ou_1_d0        |  out|   32|   ap_memory|  conv1_float_255_255_float_1_9_9_float_float_255_255_ou_1|         array|
|conv1_float_255_255_float_1_9_9_float_float_255_255_ou_1_address1  |  out|   12|   ap_memory|  conv1_float_255_255_float_1_9_9_float_float_255_255_ou_1|         array|
|conv1_float_255_255_float_1_9_9_float_float_255_255_ou_1_ce1       |  out|    1|   ap_memory|  conv1_float_255_255_float_1_9_9_float_float_255_255_ou_1|         array|
|conv1_float_255_255_float_1_9_9_float_float_255_255_ou_1_q1        |   in|   32|   ap_memory|  conv1_float_255_255_float_1_9_9_float_float_255_255_ou_1|         array|
+-------------------------------------------------------------------+-----+-----+------------+----------------------------------------------------------+--------------+

