

================================================================
== Vitis HLS Report for 'load_input_buffer_c3'
================================================================
* Date:           Thu Nov  2 22:33:40 2023

* Version:        2023.1 (Build 3854077 on May  4 2023)
* Project:        srcnn_hls
* Solution:       solution1 (Vivado IP Flow Target)
* Product family: zynquplus
* Target device:  xck24-ubva530-2LV-c


================================================================
== Performance Estimates
================================================================
+ Timing: 
    * Summary: 
    +--------+----------+----------+------------+
    |  Clock |  Target  | Estimated| Uncertainty|
    +--------+----------+----------+------------+
    |ap_clk  |  10.00 ns|  7.300 ns|     2.70 ns|
    +--------+----------+----------+------------+

+ Latency: 
    * Summary: 
    +---------+---------+----------+----------+-------+-------+---------+
    |  Latency (cycles) |  Latency (absolute) |    Interval   | Pipeline|
    |   min   |   max   |    min   |    max   |  min  |  max  |   Type  |
    +---------+---------+----------+----------+-------+-------+---------+
    |    73739|    73739|  0.737 ms|  0.737 ms|  73739|  73739|       no|
    +---------+---------+----------+----------+-------+-------+---------+

    + Detail: 
        * Instance: 
        N/A

        * Loop: 
        +---------------+---------+---------+----------+-----------+-----------+------+----------+
        |               |  Latency (cycles) | Iteration|  Initiation Interval  | Trip |          |
        |   Loop Name   |   min   |   max   |  Latency |  achieved |   target  | Count| Pipelined|
        +---------------+---------+---------+----------+-----------+-----------+------+----------+
        |- LOADI_LOADH  |    73737|    73737|       266|        256|        256|   288|       yes|
        +---------------+---------+---------+----------+-----------+-----------+------+----------+



================================================================
== Utilization Estimates
================================================================
* Summary: 
+-----------------+---------+-----+--------+-------+-----+
|       Name      | BRAM_18K| DSP |   FF   |  LUT  | URAM|
+-----------------+---------+-----+--------+-------+-----+
|DSP              |        -|    -|       -|      -|    -|
|Expression       |        -|    -|       0|   3364|    -|
|FIFO             |        -|    -|       -|      -|    -|
|Instance         |        -|    1|       0|      6|    -|
|Memory           |        -|    -|       -|      -|    -|
|Multiplexer      |        -|    -|       -|   3819|    -|
|Register         |        -|    -|    2399|      -|    -|
+-----------------+---------+-----+--------+-------+-----+
|Total            |        0|    1|    2399|   7189|    0|
+-----------------+---------+-----+--------+-------+-----+
|Available        |      432|  360|  141120|  70560|    0|
+-----------------+---------+-----+--------+-------+-----+
|Utilization (%)  |        0|   ~0|       1|     10|    0|
+-----------------+---------+-----+--------+-------+-----+

+ Detail: 
    * Instance: 
    +--------------------------+---------------------+---------+----+---+----+-----+
    |         Instance         |        Module       | BRAM_18K| DSP| FF| LUT| URAM|
    +--------------------------+---------------------+---------+----+---+----+-----+
    |mul_6ns_19ns_24_1_1_U171  |mul_6ns_19ns_24_1_1  |        0|   1|  0|   6|    0|
    +--------------------------+---------------------+---------+----+---+----+-----+
    |Total                     |                     |        0|   1|  0|   6|    0|
    +--------------------------+---------------------+---------+----+---+----+-----+

    * DSP: 
    N/A

    * Memory: 
    N/A

    * FIFO: 
    N/A

    * Expression: 
    +-------------------------------------+----------+----+---+----+------------+------------+
    |            Variable Name            | Operation| DSP| FF| LUT| Bitwidth P0| Bitwidth P1|
    +-------------------------------------+----------+----+---+----+------------+------------+
    |add_ln56_1_fu_2608_p2                |         +|   0|  0|  12|           4|           3|
    |add_ln56_fu_2618_p2                  |         +|   0|  0|  17|          10|          10|
    |add_ln86_1_fu_2530_p2                |         +|   0|  0|  16|           9|           1|
    |add_ln86_fu_2542_p2                  |         +|   0|  0|  13|           6|           1|
    |add_ln87_fu_2726_p2                  |         +|   0|  0|  12|           4|           1|
    |add_ln90_1_fu_2588_p2                |         +|   0|  0|  17|          10|          10|
    |add_ln90_fu_2578_p2                  |         +|   0|  0|  16|           9|           3|
    |add_ln92_1_fu_2700_p2                |         +|   0|  0|  64|          64|          64|
    |add_ln92_fu_2694_p2                  |         +|   0|  0|  64|          64|          64|
    |add_ln98_1_fu_2767_p2                |         +|   0|  0|  18|          10|          10|
    |add_ln98_2_fu_2796_p2                |         +|   0|  0|  23|          16|          16|
    |add_ln98_fu_2761_p2                  |         +|   0|  0|  18|          10|          10|
    |empty_100_fu_3524_p2                 |         +|   0|  0|  23|          16|           6|
    |empty_101_fu_3539_p2                 |         +|   0|  0|  23|          16|           6|
    |empty_102_fu_3554_p2                 |         +|   0|  0|  23|          16|           6|
    |empty_103_fu_3569_p2                 |         +|   0|  0|  23|          16|           6|
    |empty_104_fu_3584_p2                 |         +|   0|  0|  23|          16|           6|
    |empty_105_fu_3599_p2                 |         +|   0|  0|  23|          16|           6|
    |empty_106_fu_3614_p2                 |         +|   0|  0|  23|          16|           6|
    |empty_107_fu_3629_p2                 |         +|   0|  0|  23|          16|           6|
    |empty_108_fu_3644_p2                 |         +|   0|  0|  23|          16|           6|
    |empty_109_fu_3659_p2                 |         +|   0|  0|  23|          16|           6|
    |empty_110_fu_3674_p2                 |         +|   0|  0|  23|          16|           6|
    |empty_111_fu_3689_p2                 |         +|   0|  0|  23|          16|           6|
    |empty_112_fu_3704_p2                 |         +|   0|  0|  23|          16|           6|
    |empty_113_fu_3719_p2                 |         +|   0|  0|  23|          16|           6|
    |empty_114_fu_3734_p2                 |         +|   0|  0|  23|          16|           6|
    |empty_115_fu_3749_p2                 |         +|   0|  0|  23|          16|           7|
    |empty_116_fu_3764_p2                 |         +|   0|  0|  23|          16|           7|
    |empty_117_fu_3779_p2                 |         +|   0|  0|  23|          16|           7|
    |empty_118_fu_3794_p2                 |         +|   0|  0|  23|          16|           7|
    |empty_119_fu_3809_p2                 |         +|   0|  0|  23|          16|           7|
    |empty_120_fu_3824_p2                 |         +|   0|  0|  23|          16|           7|
    |empty_121_fu_3839_p2                 |         +|   0|  0|  23|          16|           7|
    |empty_122_fu_3854_p2                 |         +|   0|  0|  23|          16|           7|
    |empty_123_fu_3869_p2                 |         +|   0|  0|  23|          16|           7|
    |empty_124_fu_3884_p2                 |         +|   0|  0|  23|          16|           7|
    |empty_125_fu_3899_p2                 |         +|   0|  0|  23|          16|           7|
    |empty_126_fu_3914_p2                 |         +|   0|  0|  23|          16|           7|
    |empty_127_fu_3929_p2                 |         +|   0|  0|  23|          16|           7|
    |empty_128_fu_3944_p2                 |         +|   0|  0|  23|          16|           7|
    |empty_129_fu_3959_p2                 |         +|   0|  0|  23|          16|           7|
    |empty_130_fu_3974_p2                 |         +|   0|  0|  23|          16|           7|
    |empty_131_fu_3989_p2                 |         +|   0|  0|  23|          16|           7|
    |empty_132_fu_4004_p2                 |         +|   0|  0|  23|          16|           7|
    |empty_133_fu_4019_p2                 |         +|   0|  0|  23|          16|           7|
    |empty_134_fu_4034_p2                 |         +|   0|  0|  23|          16|           7|
    |empty_135_fu_4049_p2                 |         +|   0|  0|  23|          16|           7|
    |empty_136_fu_4064_p2                 |         +|   0|  0|  23|          16|           7|
    |empty_137_fu_4079_p2                 |         +|   0|  0|  23|          16|           7|
    |empty_138_fu_4094_p2                 |         +|   0|  0|  23|          16|           7|
    |empty_139_fu_4109_p2                 |         +|   0|  0|  23|          16|           7|
    |empty_140_fu_4124_p2                 |         +|   0|  0|  23|          16|           7|
    |empty_141_fu_4139_p2                 |         +|   0|  0|  23|          16|           7|
    |empty_142_fu_4154_p2                 |         +|   0|  0|  23|          16|           7|
    |empty_143_fu_4169_p2                 |         +|   0|  0|  23|          16|           7|
    |empty_144_fu_4184_p2                 |         +|   0|  0|  23|          16|           7|
    |empty_145_fu_4199_p2                 |         +|   0|  0|  23|          16|           7|
    |empty_146_fu_4214_p2                 |         +|   0|  0|  23|          16|           7|
    |empty_147_fu_4229_p2                 |         +|   0|  0|  23|          16|           7|
    |empty_148_fu_4244_p2                 |         +|   0|  0|  23|          16|           7|
    |empty_149_fu_4259_p2                 |         +|   0|  0|  23|          16|           7|
    |empty_150_fu_4274_p2                 |         +|   0|  0|  23|          16|           7|
    |empty_151_fu_4289_p2                 |         +|   0|  0|  23|          16|           7|
    |empty_152_fu_4304_p2                 |         +|   0|  0|  23|          16|           7|
    |empty_153_fu_4319_p2                 |         +|   0|  0|  23|          16|           7|
    |empty_154_fu_4334_p2                 |         +|   0|  0|  23|          16|           7|
    |empty_155_fu_4349_p2                 |         +|   0|  0|  23|          16|           7|
    |empty_156_fu_4364_p2                 |         +|   0|  0|  23|          16|           7|
    |empty_157_fu_4379_p2                 |         +|   0|  0|  23|          16|           7|
    |empty_158_fu_4394_p2                 |         +|   0|  0|  23|          16|           7|
    |empty_159_fu_4409_p2                 |         +|   0|  0|  23|          16|           7|
    |empty_160_fu_4424_p2                 |         +|   0|  0|  23|          16|           7|
    |empty_161_fu_4439_p2                 |         +|   0|  0|  23|          16|           7|
    |empty_162_fu_4454_p2                 |         +|   0|  0|  23|          16|           7|
    |empty_163_fu_4469_p2                 |         +|   0|  0|  23|          16|           7|
    |empty_164_fu_4484_p2                 |         +|   0|  0|  23|          16|           7|
    |empty_165_fu_4499_p2                 |         +|   0|  0|  23|          16|           7|
    |empty_166_fu_4514_p2                 |         +|   0|  0|  23|          16|           7|
    |empty_167_fu_4529_p2                 |         +|   0|  0|  23|          16|           7|
    |empty_168_fu_4544_p2                 |         +|   0|  0|  23|          16|           7|
    |empty_169_fu_4559_p2                 |         +|   0|  0|  23|          16|           7|
    |empty_170_fu_4574_p2                 |         +|   0|  0|  23|          16|           7|
    |empty_171_fu_4589_p2                 |         +|   0|  0|  23|          16|           7|
    |empty_172_fu_4604_p2                 |         +|   0|  0|  23|          16|           7|
    |empty_173_fu_4619_p2                 |         +|   0|  0|  23|          16|           7|
    |empty_174_fu_4634_p2                 |         +|   0|  0|  23|          16|           7|
    |empty_175_fu_4649_p2                 |         +|   0|  0|  23|          16|           7|
    |empty_176_fu_4664_p2                 |         +|   0|  0|  23|          16|           7|
    |empty_177_fu_4679_p2                 |         +|   0|  0|  23|          16|           7|
    |empty_178_fu_4694_p2                 |         +|   0|  0|  23|          16|           7|
    |empty_179_fu_4709_p2                 |         +|   0|  0|  23|          16|           8|
    |empty_180_fu_4724_p2                 |         +|   0|  0|  23|          16|           8|
    |empty_54_fu_2834_p2                  |         +|   0|  0|  23|          16|           2|
    |empty_55_fu_2849_p2                  |         +|   0|  0|  23|          16|           3|
    |empty_56_fu_2864_p2                  |         +|   0|  0|  23|          16|           3|
    |empty_57_fu_2879_p2                  |         +|   0|  0|  23|          16|           3|
    |empty_58_fu_2894_p2                  |         +|   0|  0|  23|          16|           3|
    |empty_59_fu_2909_p2                  |         +|   0|  0|  23|          16|           4|
    |empty_60_fu_2924_p2                  |         +|   0|  0|  23|          16|           4|
    |empty_61_fu_2939_p2                  |         +|   0|  0|  23|          16|           4|
    |empty_62_fu_2954_p2                  |         +|   0|  0|  23|          16|           4|
    |empty_63_fu_2969_p2                  |         +|   0|  0|  23|          16|           4|
    |empty_64_fu_2984_p2                  |         +|   0|  0|  23|          16|           4|
    |empty_65_fu_2999_p2                  |         +|   0|  0|  23|          16|           4|
    |empty_66_fu_3014_p2                  |         +|   0|  0|  23|          16|           4|
    |empty_67_fu_3029_p2                  |         +|   0|  0|  23|          16|           5|
    |empty_68_fu_3044_p2                  |         +|   0|  0|  23|          16|           5|
    |empty_69_fu_3059_p2                  |         +|   0|  0|  23|          16|           5|
    |empty_70_fu_3074_p2                  |         +|   0|  0|  23|          16|           5|
    |empty_71_fu_3089_p2                  |         +|   0|  0|  23|          16|           5|
    |empty_72_fu_3104_p2                  |         +|   0|  0|  23|          16|           5|
    |empty_73_fu_3119_p2                  |         +|   0|  0|  23|          16|           5|
    |empty_74_fu_3134_p2                  |         +|   0|  0|  23|          16|           5|
    |empty_75_fu_3149_p2                  |         +|   0|  0|  23|          16|           5|
    |empty_76_fu_3164_p2                  |         +|   0|  0|  23|          16|           5|
    |empty_77_fu_3179_p2                  |         +|   0|  0|  23|          16|           5|
    |empty_78_fu_3194_p2                  |         +|   0|  0|  23|          16|           5|
    |empty_79_fu_3209_p2                  |         +|   0|  0|  23|          16|           5|
    |empty_80_fu_3224_p2                  |         +|   0|  0|  23|          16|           5|
    |empty_81_fu_3239_p2                  |         +|   0|  0|  23|          16|           5|
    |empty_82_fu_3254_p2                  |         +|   0|  0|  23|          16|           5|
    |empty_83_fu_3269_p2                  |         +|   0|  0|  23|          16|           6|
    |empty_84_fu_3284_p2                  |         +|   0|  0|  23|          16|           6|
    |empty_85_fu_3299_p2                  |         +|   0|  0|  23|          16|           6|
    |empty_86_fu_3314_p2                  |         +|   0|  0|  23|          16|           6|
    |empty_87_fu_3329_p2                  |         +|   0|  0|  23|          16|           6|
    |empty_88_fu_3344_p2                  |         +|   0|  0|  23|          16|           6|
    |empty_89_fu_3359_p2                  |         +|   0|  0|  23|          16|           6|
    |empty_90_fu_3374_p2                  |         +|   0|  0|  23|          16|           6|
    |empty_91_fu_3389_p2                  |         +|   0|  0|  23|          16|           6|
    |empty_92_fu_3404_p2                  |         +|   0|  0|  23|          16|           6|
    |empty_93_fu_3419_p2                  |         +|   0|  0|  23|          16|           6|
    |empty_94_fu_3434_p2                  |         +|   0|  0|  23|          16|           6|
    |empty_95_fu_3449_p2                  |         +|   0|  0|  23|          16|           6|
    |empty_96_fu_3464_p2                  |         +|   0|  0|  23|          16|           6|
    |empty_97_fu_3479_p2                  |         +|   0|  0|  23|          16|           6|
    |empty_98_fu_3494_p2                  |         +|   0|  0|  23|          16|           6|
    |empty_99_fu_3509_p2                  |         +|   0|  0|  23|          16|           6|
    |empty_fu_2824_p2                     |         +|   0|  0|  23|          16|           2|
    |sub_ln92_fu_2684_p2                  |         -|   0|  0|  27|          20|          20|
    |ap_block_pp0_stage0_11001            |       and|   0|  0|   2|           1|           1|
    |ap_block_pp0_stage100_11001          |       and|   0|  0|   2|           1|           1|
    |ap_block_state100_pp0_stage99_iter0  |       and|   0|  0|   2|           1|           1|
    |ap_block_state2_io                   |       and|   0|  0|   2|           1|           1|
    |icmp_ln56_fu_2602_p2                 |      icmp|   0|  0|  17|          10|           8|
    |icmp_ln86_fu_2524_p2                 |      icmp|   0|  0|  16|           9|           9|
    |icmp_ln87_fu_2548_p2                 |      icmp|   0|  0|  12|           4|           4|
    |ap_block_pp0_stage1_11001            |        or|   0|  0|   2|           1|           1|
    |or_ln55_fu_2640_p2                   |        or|   0|  0|   2|           1|           1|
    |or_ln98_fu_2807_p2                   |        or|   0|  0|  16|           1|          16|
    |hclamp_fu_2646_p3                    |    select|   0|  0|  10|           1|          10|
    |select_ln55_fu_2632_p3               |    select|   0|  0|   8|           1|           1|
    |select_ln86_1_fu_2562_p3             |    select|   0|  0|   6|           1|           6|
    |select_ln86_fu_2554_p3               |    select|   0|  0|   4|           1|           1|
    |ap_enable_pp0                        |       xor|   0|  0|   2|           1|           2|
    +-------------------------------------+----------+----+---+----+------------+------------+
    |Total                                |          |   0|  0|3364|        2319|        1060|
    +-------------------------------------+----------+----+---+----+------------+------------+

    * Multiplexer: 
    +-------------------------------------------------------------------+------+-----------+-----+-----------+
    |                                Name                               |  LUT | Input Size| Bits| Total Bits|
    +-------------------------------------------------------------------+------+-----------+-----+-----------+
    |ap_NS_fsm                                                          |  1367|        257|    1|        257|
    |ap_done_int                                                        |     9|          2|    1|          2|
    |ap_enable_reg_pp0_iter0                                            |     9|          2|    1|          2|
    |ap_enable_reg_pp0_iter0_reg                                        |     9|          2|    1|          2|
    |ap_enable_reg_pp0_iter1                                            |     9|          2|    1|          2|
    |ap_sig_allocacmp_bh_load                                           |     9|          2|    4|          8|
    |ap_sig_allocacmp_bin_load                                          |     9|          2|    6|         12|
    |ap_sig_allocacmp_indvar_flatten_load                               |     9|          2|    9|         18|
    |bh_fu_368                                                          |     9|          2|    4|          8|
    |bin_fu_372                                                         |     9|          2|    6|         12|
    |conv3_float_255_255_float_32_5_5_float_float_255_255_i_1_address0  |   296|         66|   16|       1056|
    |conv3_float_255_255_float_32_5_5_float_float_255_255_i_1_address1  |   296|         66|   16|       1056|
    |conv3_float_255_255_float_32_5_5_float_float_255_255_i_1_d0        |   296|         66|   32|       2112|
    |conv3_float_255_255_float_32_5_5_float_float_255_255_i_1_d1        |   296|         66|   32|       2112|
    |conv3_float_255_255_float_32_5_5_float_float_255_255_i_address0    |   296|         66|   16|       1056|
    |conv3_float_255_255_float_32_5_5_float_float_255_255_i_address1    |   284|         65|   16|       1040|
    |conv3_float_255_255_float_32_5_5_float_float_255_255_i_d0          |   296|         66|   32|       2112|
    |conv3_float_255_255_float_32_5_5_float_float_255_255_i_d1          |   284|         65|   32|       2080|
    |i3_blk_n_AR                                                        |     9|          2|    1|          2|
    |i3_blk_n_R                                                         |     9|          2|    1|          2|
    |indvar_flatten_fu_376                                              |     9|          2|    9|         18|
    +-------------------------------------------------------------------+------+-----------+-----+-----------+
    |Total                                                              |  3819|        807|  237|      12969|
    +-------------------------------------------------------------------+------+-----------+-----+-----------+

    * Register: 
    +-----------------------------+-----+----+-----+-----------+
    |             Name            |  FF | LUT| Bits| Const Bits|
    +-----------------------------+-----+----+-----+-----------+
    |add_ln98_2_reg_5417          |   15|   0|   16|          1|
    |ap_CS_fsm                    |  256|   0|  256|          0|
    |ap_done_reg                  |    1|   0|    1|          0|
    |ap_enable_reg_pp0_iter0_reg  |    1|   0|    1|          0|
    |ap_enable_reg_pp0_iter1      |    1|   0|    1|          0|
    |bh_fu_368                    |    4|   0|    4|          0|
    |bin_fu_372                   |    6|   0|    6|          0|
    |i3_addr_reg_5411             |   64|   0|   64|          0|
    |icmp_ln86_reg_5396           |    1|   0|    1|          0|
    |indvar_flatten_fu_376        |    9|   0|    9|          0|
    |left_reg_5559                |   32|   0|   32|          0|
    |p_cast1560_reg_5569          |   15|   0|   64|         49|
    |p_cast1561_reg_5574          |   15|   0|   64|         49|
    |p_cast1562_reg_5579          |   15|   0|   64|         49|
    |p_cast1563_reg_5584          |   15|   0|   64|         49|
    |p_cast1564_reg_5589          |   15|   0|   64|         49|
    |p_cast1565_reg_5594          |   15|   0|   64|         49|
    |p_cast1566_reg_5599          |   15|   0|   64|         49|
    |p_cast1567_reg_5604          |   15|   0|   64|         49|
    |p_cast1568_reg_5609          |   15|   0|   64|         49|
    |p_cast1569_reg_5614          |   15|   0|   64|         49|
    |p_cast1570_reg_5619          |   15|   0|   64|         49|
    |p_cast1571_reg_5624          |   15|   0|   64|         49|
    |p_cast1572_reg_5629          |   15|   0|   64|         49|
    |p_cast1573_reg_5634          |   15|   0|   64|         49|
    |p_cast1574_reg_5639          |   15|   0|   64|         49|
    |p_cast1575_reg_5644          |   15|   0|   64|         49|
    |p_cast1576_reg_5649          |   15|   0|   64|         49|
    |p_cast1577_reg_5654          |   15|   0|   64|         49|
    |p_cast1578_reg_5659          |   15|   0|   64|         49|
    |p_cast1579_reg_5664          |   15|   0|   64|         49|
    |p_cast1580_reg_5669          |   15|   0|   64|         49|
    |p_cast1581_reg_5674          |   15|   0|   64|         49|
    |p_cast1582_reg_5679          |   15|   0|   64|         49|
    |p_cast1583_reg_5684          |   15|   0|   64|         49|
    |p_cast1584_reg_5689          |   15|   0|   64|         49|
    |p_cast1585_reg_5694          |   15|   0|   64|         49|
    |p_cast1586_reg_5699          |   15|   0|   64|         49|
    |p_cast1587_reg_5704          |   15|   0|   64|         49|
    |p_cast1588_reg_5709          |   15|   0|   64|         49|
    |p_cast1589_reg_5714          |   15|   0|   64|         49|
    |p_cast1590_reg_5719          |   15|   0|   64|         49|
    |p_cast1591_reg_5724          |   15|   0|   64|         49|
    |p_cast1592_reg_5729          |   15|   0|   64|         49|
    |p_cast1593_reg_5734          |   15|   0|   64|         49|
    |p_cast1594_reg_5739          |   15|   0|   64|         49|
    |p_cast1595_reg_5744          |   15|   0|   64|         49|
    |p_cast1596_reg_5749          |   15|   0|   64|         49|
    |p_cast1597_reg_5754          |   15|   0|   64|         49|
    |p_cast1598_reg_5759          |   15|   0|   64|         49|
    |p_cast1599_reg_5764          |   15|   0|   64|         49|
    |p_cast1600_reg_5769          |   15|   0|   64|         49|
    |p_cast1601_reg_5774          |   15|   0|   64|         49|
    |p_cast1602_reg_5779          |   15|   0|   64|         49|
    |p_cast1603_reg_5784          |   15|   0|   64|         49|
    |p_cast1604_reg_5789          |   15|   0|   64|         49|
    |p_cast1605_reg_5794          |   15|   0|   64|         49|
    |p_cast1606_reg_5799          |   15|   0|   64|         49|
    |p_cast1607_reg_5804          |   15|   0|   64|         49|
    |p_cast1608_reg_5809          |   15|   0|   64|         49|
    |p_cast1609_reg_5814          |   15|   0|   64|         49|
    |p_cast1610_reg_5819          |   15|   0|   64|         49|
    |p_cast1611_reg_5824          |   15|   0|   64|         49|
    |p_cast1612_reg_5829          |   15|   0|   64|         49|
    |p_cast1613_reg_5834          |   15|   0|   64|         49|
    |p_cast1614_reg_5839          |   15|   0|   64|         49|
    |p_cast1615_reg_5844          |   15|   0|   64|         49|
    |p_cast1616_reg_5849          |   15|   0|   64|         49|
    |p_cast1617_reg_5854          |   15|   0|   64|         49|
    |p_cast1618_reg_5859          |   15|   0|   64|         49|
    |p_cast1619_reg_5864          |   15|   0|   64|         49|
    |p_cast1620_reg_5869          |   15|   0|   64|         49|
    |p_cast1621_reg_5874          |   15|   0|   64|         49|
    |p_cast1622_reg_5879          |   15|   0|   64|         49|
    |p_cast1623_reg_5884          |   15|   0|   64|         49|
    |p_cast1624_reg_5889          |   15|   0|   64|         49|
    |p_cast1625_reg_5894          |   15|   0|   64|         49|
    |p_cast1626_reg_5899          |   15|   0|   64|         49|
    |p_cast1627_reg_5904          |   15|   0|   64|         49|
    |p_cast1628_reg_5909          |   15|   0|   64|         49|
    |p_cast1629_reg_5914          |   15|   0|   64|         49|
    |p_cast1630_reg_5919          |   15|   0|   64|         49|
    |p_cast1631_reg_5924          |   15|   0|   64|         49|
    |p_cast1632_reg_5929          |   15|   0|   64|         49|
    |p_cast1633_reg_5934          |   15|   0|   64|         49|
    |p_cast1634_reg_5939          |   15|   0|   64|         49|
    |p_cast1635_reg_5944          |   15|   0|   64|         49|
    |p_cast1636_reg_5949          |   15|   0|   64|         49|
    |p_cast1637_reg_5954          |   15|   0|   64|         49|
    |p_cast1638_reg_5959          |   15|   0|   64|         49|
    |p_cast1639_reg_5964          |   15|   0|   64|         49|
    |p_cast1640_reg_5969          |   15|   0|   64|         49|
    |p_cast1641_reg_5974          |   15|   0|   64|         49|
    |p_cast1642_reg_5979          |   15|   0|   64|         49|
    |p_cast1643_reg_5984          |   15|   0|   64|         49|
    |p_cast1644_reg_5989          |   15|   0|   64|         49|
    |p_cast1645_reg_5994          |   15|   0|   64|         49|
    |p_cast1646_reg_5999          |   15|   0|   64|         49|
    |p_cast1647_reg_6004          |   15|   0|   64|         49|
    |p_cast1648_reg_6009          |   15|   0|   64|         49|
    |p_cast1649_reg_6014          |   15|   0|   64|         49|
    |p_cast1650_reg_6019          |   15|   0|   64|         49|
    |p_cast1651_reg_6024          |   15|   0|   64|         49|
    |p_cast1652_reg_6029          |   15|   0|   64|         49|
    |p_cast1653_reg_6034          |   15|   0|   64|         49|
    |p_cast1654_reg_6039          |   15|   0|   64|         49|
    |p_cast1655_reg_6044          |   15|   0|   64|         49|
    |p_cast1656_reg_6049          |   15|   0|   64|         49|
    |p_cast1657_reg_6054          |   15|   0|   64|         49|
    |p_cast1658_reg_6059          |   15|   0|   64|         49|
    |p_cast1659_reg_6064          |   15|   0|   64|         49|
    |p_cast1660_reg_6069          |   15|   0|   64|         49|
    |p_cast1661_reg_6074          |   15|   0|   64|         49|
    |p_cast1662_reg_6079          |   15|   0|   64|         49|
    |p_cast1663_reg_6084          |   15|   0|   64|         49|
    |p_cast1664_reg_6089          |   15|   0|   64|         49|
    |p_cast1665_reg_6094          |   15|   0|   64|         49|
    |p_cast1666_reg_6099          |   15|   0|   64|         49|
    |p_cast1667_reg_6104          |   15|   0|   64|         49|
    |p_cast1668_reg_6109          |   15|   0|   64|         49|
    |p_cast1669_reg_6114          |   15|   0|   64|         49|
    |p_cast1670_reg_6119          |   15|   0|   64|         49|
    |p_cast1671_reg_6124          |   15|   0|   64|         49|
    |p_cast1672_reg_6129          |   15|   0|   64|         49|
    |p_cast1673_reg_6134          |   15|   0|   64|         49|
    |p_cast1674_reg_6139          |   15|   0|   64|         49|
    |p_cast1675_reg_6144          |   15|   0|   64|         49|
    |p_cast1676_reg_6149          |   15|   0|   64|         49|
    |p_cast1677_reg_6154          |   15|   0|   64|         49|
    |p_cast1678_reg_6159          |   15|   0|   64|         49|
    |p_cast1679_reg_6164          |   15|   0|   64|         49|
    |p_cast1680_reg_6169          |   15|   0|   64|         49|
    |p_cast1681_reg_6174          |   15|   0|   64|         49|
    |p_cast1682_reg_6179          |   15|   0|   64|         49|
    |p_cast1683_reg_6184          |   15|   0|   64|         49|
    |p_cast1684_reg_6189          |   15|   0|   64|         49|
    |p_cast1685_reg_6194          |   15|   0|   64|         49|
    |p_cast_reg_5564              |   15|   0|   64|         49|
    |reg_2494                     |   32|   0|   32|          0|
    |right_reg_6199               |   32|   0|   32|          0|
    |select_ln86_1_reg_5400       |    6|   0|    6|          0|
    |zext_ln98_2_reg_5406         |    4|   0|   10|          6|
    |zext_ln98_4_reg_5549         |   15|   0|   64|         49|
    |zext_ln98_5_reg_5554         |   15|   0|   64|         49|
    +-----------------------------+-----+----+-----+-----------+
    |Total                        | 2399|   0| 8727|       6328|
    +-----------------------------+-----+----+-----+-----------+



================================================================
== Interface
================================================================
* Summary: 
+-------------------------------------------------------------------+-----+-----+------------+----------------------------------------------------------+--------------+
|                             RTL Ports                             | Dir | Bits|  Protocol  |                       Source Object                      |    C Type    |
+-------------------------------------------------------------------+-----+-----+------------+----------------------------------------------------------+--------------+
|ap_clk                                                             |   in|    1|  ap_ctrl_hs|                                      load_input_buffer_c3|  return value|
|ap_rst                                                             |   in|    1|  ap_ctrl_hs|                                      load_input_buffer_c3|  return value|
|ap_start                                                           |   in|    1|  ap_ctrl_hs|                                      load_input_buffer_c3|  return value|
|ap_done                                                            |  out|    1|  ap_ctrl_hs|                                      load_input_buffer_c3|  return value|
|ap_idle                                                            |  out|    1|  ap_ctrl_hs|                                      load_input_buffer_c3|  return value|
|ap_ready                                                           |  out|    1|  ap_ctrl_hs|                                      load_input_buffer_c3|  return value|
|m_axi_i3_AWVALID                                                   |  out|    1|       m_axi|                                                        i3|       pointer|
|m_axi_i3_AWREADY                                                   |   in|    1|       m_axi|                                                        i3|       pointer|
|m_axi_i3_AWADDR                                                    |  out|   64|       m_axi|                                                        i3|       pointer|
|m_axi_i3_AWID                                                      |  out|    1|       m_axi|                                                        i3|       pointer|
|m_axi_i3_AWLEN                                                     |  out|   32|       m_axi|                                                        i3|       pointer|
|m_axi_i3_AWSIZE                                                    |  out|    3|       m_axi|                                                        i3|       pointer|
|m_axi_i3_AWBURST                                                   |  out|    2|       m_axi|                                                        i3|       pointer|
|m_axi_i3_AWLOCK                                                    |  out|    2|       m_axi|                                                        i3|       pointer|
|m_axi_i3_AWCACHE                                                   |  out|    4|       m_axi|                                                        i3|       pointer|
|m_axi_i3_AWPROT                                                    |  out|    3|       m_axi|                                                        i3|       pointer|
|m_axi_i3_AWQOS                                                     |  out|    4|       m_axi|                                                        i3|       pointer|
|m_axi_i3_AWREGION                                                  |  out|    4|       m_axi|                                                        i3|       pointer|
|m_axi_i3_AWUSER                                                    |  out|    1|       m_axi|                                                        i3|       pointer|
|m_axi_i3_WVALID                                                    |  out|    1|       m_axi|                                                        i3|       pointer|
|m_axi_i3_WREADY                                                    |   in|    1|       m_axi|                                                        i3|       pointer|
|m_axi_i3_WDATA                                                     |  out|   32|       m_axi|                                                        i3|       pointer|
|m_axi_i3_WSTRB                                                     |  out|    4|       m_axi|                                                        i3|       pointer|
|m_axi_i3_WLAST                                                     |  out|    1|       m_axi|                                                        i3|       pointer|
|m_axi_i3_WID                                                       |  out|    1|       m_axi|                                                        i3|       pointer|
|m_axi_i3_WUSER                                                     |  out|    1|       m_axi|                                                        i3|       pointer|
|m_axi_i3_ARVALID                                                   |  out|    1|       m_axi|                                                        i3|       pointer|
|m_axi_i3_ARREADY                                                   |   in|    1|       m_axi|                                                        i3|       pointer|
|m_axi_i3_ARADDR                                                    |  out|   64|       m_axi|                                                        i3|       pointer|
|m_axi_i3_ARID                                                      |  out|    1|       m_axi|                                                        i3|       pointer|
|m_axi_i3_ARLEN                                                     |  out|   32|       m_axi|                                                        i3|       pointer|
|m_axi_i3_ARSIZE                                                    |  out|    3|       m_axi|                                                        i3|       pointer|
|m_axi_i3_ARBURST                                                   |  out|    2|       m_axi|                                                        i3|       pointer|
|m_axi_i3_ARLOCK                                                    |  out|    2|       m_axi|                                                        i3|       pointer|
|m_axi_i3_ARCACHE                                                   |  out|    4|       m_axi|                                                        i3|       pointer|
|m_axi_i3_ARPROT                                                    |  out|    3|       m_axi|                                                        i3|       pointer|
|m_axi_i3_ARQOS                                                     |  out|    4|       m_axi|                                                        i3|       pointer|
|m_axi_i3_ARREGION                                                  |  out|    4|       m_axi|                                                        i3|       pointer|
|m_axi_i3_ARUSER                                                    |  out|    1|       m_axi|                                                        i3|       pointer|
|m_axi_i3_RVALID                                                    |   in|    1|       m_axi|                                                        i3|       pointer|
|m_axi_i3_RREADY                                                    |  out|    1|       m_axi|                                                        i3|       pointer|
|m_axi_i3_RDATA                                                     |   in|   32|       m_axi|                                                        i3|       pointer|
|m_axi_i3_RLAST                                                     |   in|    1|       m_axi|                                                        i3|       pointer|
|m_axi_i3_RID                                                       |   in|    1|       m_axi|                                                        i3|       pointer|
|m_axi_i3_RFIFONUM                                                  |   in|   13|       m_axi|                                                        i3|       pointer|
|m_axi_i3_RUSER                                                     |   in|    1|       m_axi|                                                        i3|       pointer|
|m_axi_i3_RRESP                                                     |   in|    2|       m_axi|                                                        i3|       pointer|
|m_axi_i3_BVALID                                                    |   in|    1|       m_axi|                                                        i3|       pointer|
|m_axi_i3_BREADY                                                    |  out|    1|       m_axi|                                                        i3|       pointer|
|m_axi_i3_BRESP                                                     |   in|    2|       m_axi|                                                        i3|       pointer|
|m_axi_i3_BID                                                       |   in|    1|       m_axi|                                                        i3|       pointer|
|m_axi_i3_BUSER                                                     |   in|    1|       m_axi|                                                        i3|       pointer|
|input_ftmap                                                        |   in|   64|     ap_none|                                               input_ftmap|        scalar|
|h                                                                  |   in|    8|     ap_none|                                                         h|        scalar|
|conv3_float_255_255_float_32_5_5_float_float_255_255_i_1_address0  |  out|   16|   ap_memory|  conv3_float_255_255_float_32_5_5_float_float_255_255_i_1|         array|
|conv3_float_255_255_float_32_5_5_float_float_255_255_i_1_ce0       |  out|    1|   ap_memory|  conv3_float_255_255_float_32_5_5_float_float_255_255_i_1|         array|
|conv3_float_255_255_float_32_5_5_float_float_255_255_i_1_we0       |  out|    1|   ap_memory|  conv3_float_255_255_float_32_5_5_float_float_255_255_i_1|         array|
|conv3_float_255_255_float_32_5_5_float_float_255_255_i_1_d0        |  out|   32|   ap_memory|  conv3_float_255_255_float_32_5_5_float_float_255_255_i_1|         array|
|conv3_float_255_255_float_32_5_5_float_float_255_255_i_1_address1  |  out|   16|   ap_memory|  conv3_float_255_255_float_32_5_5_float_float_255_255_i_1|         array|
|conv3_float_255_255_float_32_5_5_float_float_255_255_i_1_ce1       |  out|    1|   ap_memory|  conv3_float_255_255_float_32_5_5_float_float_255_255_i_1|         array|
|conv3_float_255_255_float_32_5_5_float_float_255_255_i_1_we1       |  out|    1|   ap_memory|  conv3_float_255_255_float_32_5_5_float_float_255_255_i_1|         array|
|conv3_float_255_255_float_32_5_5_float_float_255_255_i_1_d1        |  out|   32|   ap_memory|  conv3_float_255_255_float_32_5_5_float_float_255_255_i_1|         array|
|conv3_float_255_255_float_32_5_5_float_float_255_255_i_address0    |  out|   16|   ap_memory|    conv3_float_255_255_float_32_5_5_float_float_255_255_i|         array|
|conv3_float_255_255_float_32_5_5_float_float_255_255_i_ce0         |  out|    1|   ap_memory|    conv3_float_255_255_float_32_5_5_float_float_255_255_i|         array|
|conv3_float_255_255_float_32_5_5_float_float_255_255_i_we0         |  out|    1|   ap_memory|    conv3_float_255_255_float_32_5_5_float_float_255_255_i|         array|
|conv3_float_255_255_float_32_5_5_float_float_255_255_i_d0          |  out|   32|   ap_memory|    conv3_float_255_255_float_32_5_5_float_float_255_255_i|         array|
|conv3_float_255_255_float_32_5_5_float_float_255_255_i_address1    |  out|   16|   ap_memory|    conv3_float_255_255_float_32_5_5_float_float_255_255_i|         array|
|conv3_float_255_255_float_32_5_5_float_float_255_255_i_ce1         |  out|    1|   ap_memory|    conv3_float_255_255_float_32_5_5_float_float_255_255_i|         array|
|conv3_float_255_255_float_32_5_5_float_float_255_255_i_we1         |  out|    1|   ap_memory|    conv3_float_255_255_float_32_5_5_float_float_255_255_i|         array|
|conv3_float_255_255_float_32_5_5_float_float_255_255_i_d1          |  out|   32|   ap_memory|    conv3_float_255_255_float_32_5_5_float_float_255_255_i|         array|
+-------------------------------------------------------------------+-----+-----+------------+----------------------------------------------------------+--------------+

