

================================================================
== Vitis HLS Report for 'load_input_buffer_c2_Pipeline_BH'
================================================================
* Date:           Fri Nov  3 04:17:17 2023

* Version:        2023.1 (Build 3854077 on May  4 2023)
* Project:        srcnn_hls
* Solution:       solution1 (Vivado IP Flow Target)
* Product family: zynquplus
* Target device:  xck24-ubva530-2LV-c


================================================================
== Performance Estimates
================================================================
+ Timing: 
    * Summary: 
    +--------+----------+----------+------------+
    |  Clock |  Target  | Estimated| Uncertainty|
    +--------+----------+----------+------------+
    |ap_clk  |  10.00 ns|  7.300 ns|     2.70 ns|
    +--------+----------+----------+------------+

+ Latency: 
    * Summary: 
    +---------+---------+----------+----------+-------+-------+---------+
    |  Latency (cycles) |  Latency (absolute) |    Interval   | Pipeline|
    |   min   |   max   |    min   |    max   |  min  |  max  |   Type  |
    +---------+---------+----------+----------+-------+-------+---------+
    |    49162|    49162|  0.492 ms|  0.492 ms|  49162|  49162|       no|
    +---------+---------+----------+----------+-------+-------+---------+

    + Detail: 
        * Instance: 
        N/A

        * Loop: 
        +-----------------+---------+---------+----------+-----------+-----------+------+----------+
        |                 |  Latency (cycles) | Iteration|  Initiation Interval  | Trip |          |
        |    Loop Name    |   min   |   max   |  Latency |  achieved |   target  | Count| Pipelined|
        +-----------------+---------+---------+----------+-----------+-----------+------+----------+
        |- LOAD_INPUT_BH  |    49160|    49160|       265|        256|        256|   192|       yes|
        +-----------------+---------+---------+----------+-----------+-----------+------+----------+



================================================================
== Utilization Estimates
================================================================
* Summary: 
+-----------------+---------+-----+--------+-------+-----+
|       Name      | BRAM_18K| DSP |   FF   |  LUT  | URAM|
+-----------------+---------+-----+--------+-------+-----+
|DSP              |        -|    -|       -|      -|    -|
|Expression       |        -|    -|       0|    540|    -|
|FIFO             |        -|    -|       -|      -|    -|
|Instance         |        -|    1|       0|      5|    -|
|Memory           |        -|    -|       -|      -|    -|
|Multiplexer      |        -|    -|       -|   4145|    -|
|Register         |        -|    -|    1400|      -|    -|
+-----------------+---------+-----+--------+-------+-----+
|Total            |        0|    1|    1400|   4690|    0|
+-----------------+---------+-----+--------+-------+-----+
|Available        |      432|  360|  141120|  70560|    0|
+-----------------+---------+-----+--------+-------+-----+
|Utilization (%)  |        0|   ~0|      ~0|      6|    0|
+-----------------+---------+-----+--------+-------+-----+

+ Detail: 
    * Instance: 
    +--------------------------+---------------------+---------+----+---+----+-----+
    |         Instance         |        Module       | BRAM_18K| DSP| FF| LUT| URAM|
    +--------------------------+---------------------+---------+----+---+----+-----+
    |mul_7ns_18ns_24_1_1_U379  |mul_7ns_18ns_24_1_1  |        0|   1|  0|   5|    0|
    +--------------------------+---------------------+---------+----+---+----+-----+
    |Total                     |                     |        0|   1|  0|   5|    0|
    +--------------------------+---------------------+---------+----+---+----+-----+

    * DSP: 
    N/A

    * Memory: 
    N/A

    * FIFO: 
    N/A

    * Expression: 
    +-------------------------------------+----------+----+---+----+------------+------------+
    |            Variable Name            | Operation| DSP| FF| LUT| Bitwidth P0| Bitwidth P1|
    +-------------------------------------+----------+----+---+----+------------+------------+
    |add_ln75_1_fu_4509_p2                |         +|   0|  0|  64|          64|          64|
    |add_ln75_2_fu_4515_p2                |         +|   0|  0|  64|          64|          64|
    |add_ln75_3_fu_4449_p2                |         +|   0|  0|  15|           8|           1|
    |add_ln75_fu_4461_p2                  |         +|   0|  0|  14|           7|           1|
    |add_ln76_fu_4559_p2                  |         +|   0|  0|   9|           2|           1|
    |empty_192_fu_4610_p2                 |         +|   0|  0|  19|          12|           1|
    |empty_193_fu_4621_p2                 |         +|   0|  0|  19|          12|           2|
    |empty_194_fu_4632_p2                 |         +|   0|  0|  19|          12|           2|
    |empty_195_fu_4643_p2                 |         +|   0|  0|  19|          12|           3|
    |empty_196_fu_4654_p2                 |         +|   0|  0|  19|          12|           3|
    |empty_197_fu_4665_p2                 |         +|   0|  0|  19|          12|           3|
    |empty_198_fu_4676_p2                 |         +|   0|  0|  19|          12|           3|
    |empty_199_fu_4687_p2                 |         +|   0|  0|  19|          12|           4|
    |empty_200_fu_4698_p2                 |         +|   0|  0|  19|          12|           4|
    |empty_201_fu_4709_p2                 |         +|   0|  0|  19|          12|           4|
    |empty_202_fu_4720_p2                 |         +|   0|  0|  19|          12|           4|
    |empty_203_fu_4731_p2                 |         +|   0|  0|  19|          12|           4|
    |empty_204_fu_4742_p2                 |         +|   0|  0|  19|          12|           4|
    |empty_205_fu_4753_p2                 |         +|   0|  0|  19|          12|           4|
    |empty_206_fu_4764_p2                 |         +|   0|  0|  19|          12|           4|
    |empty_207_fu_4775_p2                 |         +|   0|  0|  19|          12|           5|
    |empty_fu_4598_p2                     |         +|   0|  0|  19|          12|          12|
    |ap_block_pp0_stage0_11001            |       and|   0|  0|   2|           1|           1|
    |ap_block_pp0_stage100_11001          |       and|   0|  0|   2|           1|           1|
    |ap_block_state100_pp0_stage99_iter0  |       and|   0|  0|   2|           1|           1|
    |ap_block_state2_io                   |       and|   0|  0|   2|           1|           1|
    |ap_condition_8920                    |       and|   0|  0|   2|           1|           1|
    |ap_predicate_op311_readreq_state2    |       and|   0|  0|   2|           1|           1|
    |icmp_ln75_fu_4443_p2                 |      icmp|   0|  0|  15|           8|           8|
    |icmp_ln76_fu_4467_p2                 |      icmp|   0|  0|   9|           2|           2|
    |ap_block_pp0_stage1_11001            |        or|   0|  0|   2|           1|           1|
    |or_ln75_fu_4473_p2                   |        or|   0|  0|   2|           1|           1|
    |select_ln75_1_fu_4487_p3             |    select|   0|  0|   7|           1|           7|
    |select_ln75_fu_4479_p3               |    select|   0|  0|   2|           1|           1|
    |ap_enable_pp0                        |       xor|   0|  0|   2|           1|           2|
    +-------------------------------------+----------+----+---+----+------------+------------+
    |Total                                |          |   0|  0| 540|         370|         225|
    +-------------------------------------+----------+----+---+----+------------+------------+

    * Multiplexer: 
    +-----------------------------------------------------------------------------------------------+------+-----------+-----+-----------+
    |                                              Name                                             |  LUT | Input Size| Bits| Total Bits|
    +-----------------------------------------------------------------------------------------------+------+-----------+-----+-----------+
    |ap_NS_fsm                                                                                      |  1367|        257|    1|        257|
    |ap_done_int                                                                                    |     9|          2|    1|          2|
    |ap_enable_reg_pp0_iter0                                                                        |     9|          2|    1|          2|
    |ap_enable_reg_pp0_iter0_reg                                                                    |     9|          2|    1|          2|
    |ap_enable_reg_pp0_iter1                                                                        |     9|          2|    1|          2|
    |ap_sig_allocacmp_bh_load                                                                       |     9|          2|    2|          4|
    |ap_sig_allocacmp_bin_load                                                                      |     9|          2|    7|         14|
    |ap_sig_allocacmp_indvar_flatten_load                                                           |     9|          2|    8|         16|
    |bh_fu_178                                                                                      |     9|          2|    2|          4|
    |bin_fu_182                                                                                     |     9|          2|    7|         14|
    |i2_blk_n_AR                                                                                    |     9|          2|    1|          2|
    |i2_blk_n_R                                                                                     |     9|          2|    1|          2|
    |indvar_flatten_fu_186                                                                          |     9|          2|    8|         16|
    |p_ZZ5conv2PA255_A255_8ap_fixedILi16ELi3EL9ap_q_mode5EL9ap_o_mode3ELi0EEPA64_A1_A1_10_address0  |    89|         18|   12|        216|
    |p_ZZ5conv2PA255_A255_8ap_fixedILi16ELi3EL9ap_q_mode5EL9ap_o_mode3ELi0EEPA64_A1_A1_11_address0  |    89|         18|   12|        216|
    |p_ZZ5conv2PA255_A255_8ap_fixedILi16ELi3EL9ap_q_mode5EL9ap_o_mode3ELi0EEPA64_A1_A1_12_address0  |    89|         18|   12|        216|
    |p_ZZ5conv2PA255_A255_8ap_fixedILi16ELi3EL9ap_q_mode5EL9ap_o_mode3ELi0EEPA64_A1_A1_13_address0  |    89|         18|   12|        216|
    |p_ZZ5conv2PA255_A255_8ap_fixedILi16ELi3EL9ap_q_mode5EL9ap_o_mode3ELi0EEPA64_A1_A1_14_address0  |    89|         18|   12|        216|
    |p_ZZ5conv2PA255_A255_8ap_fixedILi16ELi3EL9ap_q_mode5EL9ap_o_mode3ELi0EEPA64_A1_A1_15_address0  |    89|         18|   12|        216|
    |p_ZZ5conv2PA255_A255_8ap_fixedILi16ELi3EL9ap_q_mode5EL9ap_o_mode3ELi0EEPA64_A1_A1_16_address0  |    89|         18|   12|        216|
    |p_ZZ5conv2PA255_A255_8ap_fixedILi16ELi3EL9ap_q_mode5EL9ap_o_mode3ELi0EEPA64_A1_A1_17_address0  |    89|         18|   12|        216|
    |p_ZZ5conv2PA255_A255_8ap_fixedILi16ELi3EL9ap_q_mode5EL9ap_o_mode3ELi0EEPA64_A1_A1_18_address0  |    89|         18|   12|        216|
    |p_ZZ5conv2PA255_A255_8ap_fixedILi16ELi3EL9ap_q_mode5EL9ap_o_mode3ELi0EEPA64_A1_A1_19_address0  |    89|         18|   12|        216|
    |p_ZZ5conv2PA255_A255_8ap_fixedILi16ELi3EL9ap_q_mode5EL9ap_o_mode3ELi0EEPA64_A1_A1_20_address0  |    89|         18|   12|        216|
    |p_ZZ5conv2PA255_A255_8ap_fixedILi16ELi3EL9ap_q_mode5EL9ap_o_mode3ELi0EEPA64_A1_A1_21_address0  |    89|         18|   12|        216|
    |p_ZZ5conv2PA255_A255_8ap_fixedILi16ELi3EL9ap_q_mode5EL9ap_o_mode3ELi0EEPA64_A1_A1_22_address0  |    89|         18|   12|        216|
    |p_ZZ5conv2PA255_A255_8ap_fixedILi16ELi3EL9ap_q_mode5EL9ap_o_mode3ELi0EEPA64_A1_A1_23_address0  |    89|         18|   12|        216|
    |p_ZZ5conv2PA255_A255_8ap_fixedILi16ELi3EL9ap_q_mode5EL9ap_o_mode3ELi0EEPA64_A1_A1_24_address0  |    89|         18|   12|        216|
    |p_ZZ5conv2PA255_A255_8ap_fixedILi16ELi3EL9ap_q_mode5EL9ap_o_mode3ELi0EEPA64_A1_A1_25_address0  |    89|         18|   12|        216|
    |p_ZZ5conv2PA255_A255_8ap_fixedILi16ELi3EL9ap_q_mode5EL9ap_o_mode3ELi0EEPA64_A1_A1_26_address0  |    89|         18|   12|        216|
    |p_ZZ5conv2PA255_A255_8ap_fixedILi16ELi3EL9ap_q_mode5EL9ap_o_mode3ELi0EEPA64_A1_A1_27_address0  |    89|         18|   12|        216|
    |p_ZZ5conv2PA255_A255_8ap_fixedILi16ELi3EL9ap_q_mode5EL9ap_o_mode3ELi0EEPA64_A1_A1_28_address0  |    89|         18|   12|        216|
    |p_ZZ5conv2PA255_A255_8ap_fixedILi16ELi3EL9ap_q_mode5EL9ap_o_mode3ELi0EEPA64_A1_A1_29_address0  |    89|         18|   12|        216|
    |p_ZZ5conv2PA255_A255_8ap_fixedILi16ELi3EL9ap_q_mode5EL9ap_o_mode3ELi0EEPA64_A1_A1_30_address0  |    89|         18|   12|        216|
    |p_ZZ5conv2PA255_A255_8ap_fixedILi16ELi3EL9ap_q_mode5EL9ap_o_mode3ELi0EEPA64_A1_A1_31_address0  |    89|         18|   12|        216|
    |p_ZZ5conv2PA255_A255_8ap_fixedILi16ELi3EL9ap_q_mode5EL9ap_o_mode3ELi0EEPA64_A1_A1_32_address0  |    89|         18|   12|        216|
    |p_ZZ5conv2PA255_A255_8ap_fixedILi16ELi3EL9ap_q_mode5EL9ap_o_mode3ELi0EEPA64_A1_A1_33_address0  |    89|         18|   12|        216|
    |p_ZZ5conv2PA255_A255_8ap_fixedILi16ELi3EL9ap_q_mode5EL9ap_o_mode3ELi0EEPA64_A1_A1_34_address0  |    89|         18|   12|        216|
    |p_ZZ5conv2PA255_A255_8ap_fixedILi16ELi3EL9ap_q_mode5EL9ap_o_mode3ELi0EEPA64_A1_A1_5_address0   |    89|         18|   12|        216|
    |p_ZZ5conv2PA255_A255_8ap_fixedILi16ELi3EL9ap_q_mode5EL9ap_o_mode3ELi0EEPA64_A1_A1_6_address0   |    89|         18|   12|        216|
    |p_ZZ5conv2PA255_A255_8ap_fixedILi16ELi3EL9ap_q_mode5EL9ap_o_mode3ELi0EEPA64_A1_A1_7_address0   |    89|         18|   12|        216|
    |p_ZZ5conv2PA255_A255_8ap_fixedILi16ELi3EL9ap_q_mode5EL9ap_o_mode3ELi0EEPA64_A1_A1_8_address0   |    89|         18|   12|        216|
    |p_ZZ5conv2PA255_A255_8ap_fixedILi16ELi3EL9ap_q_mode5EL9ap_o_mode3ELi0EEPA64_A1_A1_9_address0   |    89|         18|   12|        216|
    +-----------------------------------------------------------------------------------------------+------+-----------+-----+-----------+
    |Total                                                                                          |  4145|        821|  401|       6817|
    +-----------------------------------------------------------------------------------------------+------+-----------+-----+-----------+

    * Register: 
    +------------------------------------------------------------------------------------------------+-----+----+-----+-----------+
    |                                              Name                                              |  FF | LUT| Bits| Const Bits|
    +------------------------------------------------------------------------------------------------+-----+----+-----+-----------+
    |ap_CS_fsm                                                                                       |  256|   0|  256|          0|
    |ap_done_reg                                                                                     |    1|   0|    1|          0|
    |ap_enable_reg_pp0_iter0_reg                                                                     |    1|   0|    1|          0|
    |ap_enable_reg_pp0_iter1                                                                         |    1|   0|    1|          0|
    |bh_fu_178                                                                                       |    2|   0|    2|          0|
    |bin_fu_182                                                                                      |    7|   0|    7|          0|
    |empty_reg_4841                                                                                  |   12|   0|   12|          0|
    |i2_addr_reg_4825                                                                                |   64|   0|   64|          0|
    |icmp_ln75_reg_4807                                                                              |    1|   0|    1|          0|
    |indvar_flatten_fu_186                                                                           |    8|   0|    8|          0|
    |or_ln75_reg_4811                                                                                |    1|   0|    1|          0|
    |p_ZZ5conv2PA255_A255_8ap_fixedILi16ELi3EL9ap_q_mode5EL9ap_o_mode3ELi0EEPA64_A1_A1_120_reg_5405  |   12|   0|   12|          0|
    |p_ZZ5conv2PA255_A255_8ap_fixedILi16ELi3EL9ap_q_mode5EL9ap_o_mode3ELi0EEPA64_A1_A1_121_reg_5425  |   12|   0|   12|          0|
    |p_ZZ5conv2PA255_A255_8ap_fixedILi16ELi3EL9ap_q_mode5EL9ap_o_mode3ELi0EEPA64_A1_A1_122_reg_5445  |   12|   0|   12|          0|
    |p_ZZ5conv2PA255_A255_8ap_fixedILi16ELi3EL9ap_q_mode5EL9ap_o_mode3ELi0EEPA64_A1_A1_123_reg_5465  |   12|   0|   12|          0|
    |p_ZZ5conv2PA255_A255_8ap_fixedILi16ELi3EL9ap_q_mode5EL9ap_o_mode3ELi0EEPA64_A1_A1_124_reg_5485  |   12|   0|   12|          0|
    |p_ZZ5conv2PA255_A255_8ap_fixedILi16ELi3EL9ap_q_mode5EL9ap_o_mode3ELi0EEPA64_A1_A1_125_reg_5505  |   12|   0|   12|          0|
    |p_ZZ5conv2PA255_A255_8ap_fixedILi16ELi3EL9ap_q_mode5EL9ap_o_mode3ELi0EEPA64_A1_A1_126_reg_5525  |   12|   0|   12|          0|
    |p_ZZ5conv2PA255_A255_8ap_fixedILi16ELi3EL9ap_q_mode5EL9ap_o_mode3ELi0EEPA64_A1_A1_127_reg_5545  |   12|   0|   12|          0|
    |p_ZZ5conv2PA255_A255_8ap_fixedILi16ELi3EL9ap_q_mode5EL9ap_o_mode3ELi0EEPA64_A1_A1_128_reg_5565  |   12|   0|   12|          0|
    |p_ZZ5conv2PA255_A255_8ap_fixedILi16ELi3EL9ap_q_mode5EL9ap_o_mode3ELi0EEPA64_A1_A1_129_reg_5585  |   12|   0|   12|          0|
    |p_ZZ5conv2PA255_A255_8ap_fixedILi16ELi3EL9ap_q_mode5EL9ap_o_mode3ELi0EEPA64_A1_A1_130_reg_5605  |   12|   0|   12|          0|
    |p_ZZ5conv2PA255_A255_8ap_fixedILi16ELi3EL9ap_q_mode5EL9ap_o_mode3ELi0EEPA64_A1_A1_131_reg_5625  |   12|   0|   12|          0|
    |p_ZZ5conv2PA255_A255_8ap_fixedILi16ELi3EL9ap_q_mode5EL9ap_o_mode3ELi0EEPA64_A1_A1_132_reg_5645  |   12|   0|   12|          0|
    |p_ZZ5conv2PA255_A255_8ap_fixedILi16ELi3EL9ap_q_mode5EL9ap_o_mode3ELi0EEPA64_A1_A1_133_reg_5665  |   12|   0|   12|          0|
    |p_ZZ5conv2PA255_A255_8ap_fixedILi16ELi3EL9ap_q_mode5EL9ap_o_mode3ELi0EEPA64_A1_A1_134_reg_5685  |   12|   0|   12|          0|
    |p_ZZ5conv2PA255_A255_8ap_fixedILi16ELi3EL9ap_q_mode5EL9ap_o_mode3ELi0EEPA64_A1_A1_135_reg_5705  |   12|   0|   12|          0|
    |p_ZZ5conv2PA255_A255_8ap_fixedILi16ELi3EL9ap_q_mode5EL9ap_o_mode3ELi0EEPA64_A1_A1_136_reg_5725  |   12|   0|   12|          0|
    |p_ZZ5conv2PA255_A255_8ap_fixedILi16ELi3EL9ap_q_mode5EL9ap_o_mode3ELi0EEPA64_A1_A1_137_reg_5410  |   12|   0|   12|          0|
    |p_ZZ5conv2PA255_A255_8ap_fixedILi16ELi3EL9ap_q_mode5EL9ap_o_mode3ELi0EEPA64_A1_A1_138_reg_5430  |   12|   0|   12|          0|
    |p_ZZ5conv2PA255_A255_8ap_fixedILi16ELi3EL9ap_q_mode5EL9ap_o_mode3ELi0EEPA64_A1_A1_139_reg_5450  |   12|   0|   12|          0|
    |p_ZZ5conv2PA255_A255_8ap_fixedILi16ELi3EL9ap_q_mode5EL9ap_o_mode3ELi0EEPA64_A1_A1_140_reg_5470  |   12|   0|   12|          0|
    |p_ZZ5conv2PA255_A255_8ap_fixedILi16ELi3EL9ap_q_mode5EL9ap_o_mode3ELi0EEPA64_A1_A1_141_reg_5490  |   12|   0|   12|          0|
    |p_ZZ5conv2PA255_A255_8ap_fixedILi16ELi3EL9ap_q_mode5EL9ap_o_mode3ELi0EEPA64_A1_A1_142_reg_5510  |   12|   0|   12|          0|
    |p_ZZ5conv2PA255_A255_8ap_fixedILi16ELi3EL9ap_q_mode5EL9ap_o_mode3ELi0EEPA64_A1_A1_143_reg_5530  |   12|   0|   12|          0|
    |p_ZZ5conv2PA255_A255_8ap_fixedILi16ELi3EL9ap_q_mode5EL9ap_o_mode3ELi0EEPA64_A1_A1_144_reg_5550  |   12|   0|   12|          0|
    |p_ZZ5conv2PA255_A255_8ap_fixedILi16ELi3EL9ap_q_mode5EL9ap_o_mode3ELi0EEPA64_A1_A1_145_reg_5570  |   12|   0|   12|          0|
    |p_ZZ5conv2PA255_A255_8ap_fixedILi16ELi3EL9ap_q_mode5EL9ap_o_mode3ELi0EEPA64_A1_A1_146_reg_5590  |   12|   0|   12|          0|
    |p_ZZ5conv2PA255_A255_8ap_fixedILi16ELi3EL9ap_q_mode5EL9ap_o_mode3ELi0EEPA64_A1_A1_147_reg_5610  |   12|   0|   12|          0|
    |p_ZZ5conv2PA255_A255_8ap_fixedILi16ELi3EL9ap_q_mode5EL9ap_o_mode3ELi0EEPA64_A1_A1_148_reg_5630  |   12|   0|   12|          0|
    |p_ZZ5conv2PA255_A255_8ap_fixedILi16ELi3EL9ap_q_mode5EL9ap_o_mode3ELi0EEPA64_A1_A1_149_reg_5650  |   12|   0|   12|          0|
    |p_ZZ5conv2PA255_A255_8ap_fixedILi16ELi3EL9ap_q_mode5EL9ap_o_mode3ELi0EEPA64_A1_A1_150_reg_5670  |   12|   0|   12|          0|
    |p_ZZ5conv2PA255_A255_8ap_fixedILi16ELi3EL9ap_q_mode5EL9ap_o_mode3ELi0EEPA64_A1_A1_151_reg_5690  |   12|   0|   12|          0|
    |p_ZZ5conv2PA255_A255_8ap_fixedILi16ELi3EL9ap_q_mode5EL9ap_o_mode3ELi0EEPA64_A1_A1_152_reg_5710  |   12|   0|   12|          0|
    |p_ZZ5conv2PA255_A255_8ap_fixedILi16ELi3EL9ap_q_mode5EL9ap_o_mode3ELi0EEPA64_A1_A1_153_reg_5730  |   12|   0|   12|          0|
    |p_ZZ5conv2PA255_A255_8ap_fixedILi16ELi3EL9ap_q_mode5EL9ap_o_mode3ELi0EEPA64_A1_A1_375_reg_5415  |   12|   0|   12|          0|
    |p_ZZ5conv2PA255_A255_8ap_fixedILi16ELi3EL9ap_q_mode5EL9ap_o_mode3ELi0EEPA64_A1_A1_376_reg_5435  |   12|   0|   12|          0|
    |p_ZZ5conv2PA255_A255_8ap_fixedILi16ELi3EL9ap_q_mode5EL9ap_o_mode3ELi0EEPA64_A1_A1_377_reg_5455  |   12|   0|   12|          0|
    |p_ZZ5conv2PA255_A255_8ap_fixedILi16ELi3EL9ap_q_mode5EL9ap_o_mode3ELi0EEPA64_A1_A1_378_reg_5475  |   12|   0|   12|          0|
    |p_ZZ5conv2PA255_A255_8ap_fixedILi16ELi3EL9ap_q_mode5EL9ap_o_mode3ELi0EEPA64_A1_A1_379_reg_5495  |   12|   0|   12|          0|
    |p_ZZ5conv2PA255_A255_8ap_fixedILi16ELi3EL9ap_q_mode5EL9ap_o_mode3ELi0EEPA64_A1_A1_380_reg_5515  |   12|   0|   12|          0|
    |p_ZZ5conv2PA255_A255_8ap_fixedILi16ELi3EL9ap_q_mode5EL9ap_o_mode3ELi0EEPA64_A1_A1_381_reg_5535  |   12|   0|   12|          0|
    |p_ZZ5conv2PA255_A255_8ap_fixedILi16ELi3EL9ap_q_mode5EL9ap_o_mode3ELi0EEPA64_A1_A1_382_reg_5555  |   12|   0|   12|          0|
    |p_ZZ5conv2PA255_A255_8ap_fixedILi16ELi3EL9ap_q_mode5EL9ap_o_mode3ELi0EEPA64_A1_A1_383_reg_5575  |   12|   0|   12|          0|
    |p_ZZ5conv2PA255_A255_8ap_fixedILi16ELi3EL9ap_q_mode5EL9ap_o_mode3ELi0EEPA64_A1_A1_384_reg_5595  |   12|   0|   12|          0|
    |p_ZZ5conv2PA255_A255_8ap_fixedILi16ELi3EL9ap_q_mode5EL9ap_o_mode3ELi0EEPA64_A1_A1_385_reg_5615  |   12|   0|   12|          0|
    |p_ZZ5conv2PA255_A255_8ap_fixedILi16ELi3EL9ap_q_mode5EL9ap_o_mode3ELi0EEPA64_A1_A1_386_reg_5635  |   12|   0|   12|          0|
    |p_ZZ5conv2PA255_A255_8ap_fixedILi16ELi3EL9ap_q_mode5EL9ap_o_mode3ELi0EEPA64_A1_A1_387_reg_5655  |   12|   0|   12|          0|
    |p_ZZ5conv2PA255_A255_8ap_fixedILi16ELi3EL9ap_q_mode5EL9ap_o_mode3ELi0EEPA64_A1_A1_388_reg_5675  |   12|   0|   12|          0|
    |p_ZZ5conv2PA255_A255_8ap_fixedILi16ELi3EL9ap_q_mode5EL9ap_o_mode3ELi0EEPA64_A1_A1_389_reg_5695  |   12|   0|   12|          0|
    |p_ZZ5conv2PA255_A255_8ap_fixedILi16ELi3EL9ap_q_mode5EL9ap_o_mode3ELi0EEPA64_A1_A1_390_reg_5715  |   12|   0|   12|          0|
    |p_ZZ5conv2PA255_A255_8ap_fixedILi16ELi3EL9ap_q_mode5EL9ap_o_mode3ELi0EEPA64_A1_A1_391_reg_5735  |   12|   0|   12|          0|
    |p_ZZ5conv2PA255_A255_8ap_fixedILi16ELi3EL9ap_q_mode5EL9ap_o_mode3ELi0EEPA64_A1_A1_392_reg_5420  |   12|   0|   12|          0|
    |p_ZZ5conv2PA255_A255_8ap_fixedILi16ELi3EL9ap_q_mode5EL9ap_o_mode3ELi0EEPA64_A1_A1_393_reg_5440  |   12|   0|   12|          0|
    |p_ZZ5conv2PA255_A255_8ap_fixedILi16ELi3EL9ap_q_mode5EL9ap_o_mode3ELi0EEPA64_A1_A1_394_reg_5460  |   12|   0|   12|          0|
    |p_ZZ5conv2PA255_A255_8ap_fixedILi16ELi3EL9ap_q_mode5EL9ap_o_mode3ELi0EEPA64_A1_A1_395_reg_5480  |   12|   0|   12|          0|
    |p_ZZ5conv2PA255_A255_8ap_fixedILi16ELi3EL9ap_q_mode5EL9ap_o_mode3ELi0EEPA64_A1_A1_396_reg_5500  |   12|   0|   12|          0|
    |p_ZZ5conv2PA255_A255_8ap_fixedILi16ELi3EL9ap_q_mode5EL9ap_o_mode3ELi0EEPA64_A1_A1_397_reg_5520  |   12|   0|   12|          0|
    |p_ZZ5conv2PA255_A255_8ap_fixedILi16ELi3EL9ap_q_mode5EL9ap_o_mode3ELi0EEPA64_A1_A1_398_reg_5540  |   12|   0|   12|          0|
    |p_ZZ5conv2PA255_A255_8ap_fixedILi16ELi3EL9ap_q_mode5EL9ap_o_mode3ELi0EEPA64_A1_A1_399_reg_5560  |   12|   0|   12|          0|
    |p_ZZ5conv2PA255_A255_8ap_fixedILi16ELi3EL9ap_q_mode5EL9ap_o_mode3ELi0EEPA64_A1_A1_400_reg_5580  |   12|   0|   12|          0|
    |p_ZZ5conv2PA255_A255_8ap_fixedILi16ELi3EL9ap_q_mode5EL9ap_o_mode3ELi0EEPA64_A1_A1_401_reg_5600  |   12|   0|   12|          0|
    |p_ZZ5conv2PA255_A255_8ap_fixedILi16ELi3EL9ap_q_mode5EL9ap_o_mode3ELi0EEPA64_A1_A1_402_reg_5620  |   12|   0|   12|          0|
    |p_ZZ5conv2PA255_A255_8ap_fixedILi16ELi3EL9ap_q_mode5EL9ap_o_mode3ELi0EEPA64_A1_A1_403_reg_5640  |   12|   0|   12|          0|
    |p_ZZ5conv2PA255_A255_8ap_fixedILi16ELi3EL9ap_q_mode5EL9ap_o_mode3ELi0EEPA64_A1_A1_404_reg_5660  |   12|   0|   12|          0|
    |p_ZZ5conv2PA255_A255_8ap_fixedILi16ELi3EL9ap_q_mode5EL9ap_o_mode3ELi0EEPA64_A1_A1_405_reg_5680  |   12|   0|   12|          0|
    |p_ZZ5conv2PA255_A255_8ap_fixedILi16ELi3EL9ap_q_mode5EL9ap_o_mode3ELi0EEPA64_A1_A1_406_reg_5700  |   12|   0|   12|          0|
    |p_ZZ5conv2PA255_A255_8ap_fixedILi16ELi3EL9ap_q_mode5EL9ap_o_mode3ELi0EEPA64_A1_A1_407_reg_5720  |   12|   0|   12|          0|
    |p_ZZ5conv2PA255_A255_8ap_fixedILi16ELi3EL9ap_q_mode5EL9ap_o_mode3ELi0EEPA64_A1_A1_408_reg_5740  |   12|   0|   12|          0|
    |p_cast10_reg_5149                                                                               |   12|   0|   64|         52|
    |p_cast11_reg_5181                                                                               |   12|   0|   64|         52|
    |p_cast12_reg_5213                                                                               |   12|   0|   64|         52|
    |p_cast13_reg_5245                                                                               |   12|   0|   64|         52|
    |p_cast14_reg_5277                                                                               |   12|   0|   64|         52|
    |p_cast15_reg_5309                                                                               |   12|   0|   64|         52|
    |p_cast16_reg_5341                                                                               |   12|   0|   64|         52|
    |p_cast17_reg_5373                                                                               |   12|   0|   64|         52|
    |p_cast2_reg_4893                                                                                |   12|   0|   64|         52|
    |p_cast3_reg_4925                                                                                |   12|   0|   64|         52|
    |p_cast4_reg_4957                                                                                |   12|   0|   64|         52|
    |p_cast5_reg_4989                                                                                |   12|   0|   64|         52|
    |p_cast6_reg_5021                                                                                |   12|   0|   64|         52|
    |p_cast7_reg_5053                                                                                |   12|   0|   64|         52|
    |p_cast8_reg_5085                                                                                |   12|   0|   64|         52|
    |p_cast9_reg_5117                                                                                |   12|   0|   64|         52|
    |p_cast_reg_4861                                                                                 |   12|   0|   64|         52|
    |reg_4387                                                                                        |   16|   0|   16|          0|
    |select_ln75_1_reg_4815                                                                          |    7|   0|    7|          0|
    |tmp_reg_4830                                                                                    |    1|   0|    1|          0|
    |trunc_ln76_reg_4821                                                                             |    1|   0|    1|          0|
    |trunc_ln76_reg_4821_pp0_iter1_reg                                                               |    1|   0|    1|          0|
    +------------------------------------------------------------------------------------------------+-----+----+-----+-----------+
    |Total                                                                                           | 1400|   0| 2284|        884|
    +------------------------------------------------------------------------------------------------+-----+----+-----+-----------+



================================================================
== Interface
================================================================
* Summary: 
+-----------------------------------------------------------------------------------------------+-----+-----+------------+--------------------------------------------------------------------------------------+--------------+
|                                           RTL Ports                                           | Dir | Bits|  Protocol  |                                     Source Object                                    |    C Type    |
+-----------------------------------------------------------------------------------------------+-----+-----+------------+--------------------------------------------------------------------------------------+--------------+
|ap_clk                                                                                         |   in|    1|  ap_ctrl_hs|                                                      load_input_buffer_c2_Pipeline_BH|  return value|
|ap_rst                                                                                         |   in|    1|  ap_ctrl_hs|                                                      load_input_buffer_c2_Pipeline_BH|  return value|
|ap_start                                                                                       |   in|    1|  ap_ctrl_hs|                                                      load_input_buffer_c2_Pipeline_BH|  return value|
|ap_done                                                                                        |  out|    1|  ap_ctrl_hs|                                                      load_input_buffer_c2_Pipeline_BH|  return value|
|ap_idle                                                                                        |  out|    1|  ap_ctrl_hs|                                                      load_input_buffer_c2_Pipeline_BH|  return value|
|ap_ready                                                                                       |  out|    1|  ap_ctrl_hs|                                                      load_input_buffer_c2_Pipeline_BH|  return value|
|m_axi_i2_AWVALID                                                                               |  out|    1|       m_axi|                                                                                    i2|       pointer|
|m_axi_i2_AWREADY                                                                               |   in|    1|       m_axi|                                                                                    i2|       pointer|
|m_axi_i2_AWADDR                                                                                |  out|   64|       m_axi|                                                                                    i2|       pointer|
|m_axi_i2_AWID                                                                                  |  out|    1|       m_axi|                                                                                    i2|       pointer|
|m_axi_i2_AWLEN                                                                                 |  out|   32|       m_axi|                                                                                    i2|       pointer|
|m_axi_i2_AWSIZE                                                                                |  out|    3|       m_axi|                                                                                    i2|       pointer|
|m_axi_i2_AWBURST                                                                               |  out|    2|       m_axi|                                                                                    i2|       pointer|
|m_axi_i2_AWLOCK                                                                                |  out|    2|       m_axi|                                                                                    i2|       pointer|
|m_axi_i2_AWCACHE                                                                               |  out|    4|       m_axi|                                                                                    i2|       pointer|
|m_axi_i2_AWPROT                                                                                |  out|    3|       m_axi|                                                                                    i2|       pointer|
|m_axi_i2_AWQOS                                                                                 |  out|    4|       m_axi|                                                                                    i2|       pointer|
|m_axi_i2_AWREGION                                                                              |  out|    4|       m_axi|                                                                                    i2|       pointer|
|m_axi_i2_AWUSER                                                                                |  out|    1|       m_axi|                                                                                    i2|       pointer|
|m_axi_i2_WVALID                                                                                |  out|    1|       m_axi|                                                                                    i2|       pointer|
|m_axi_i2_WREADY                                                                                |   in|    1|       m_axi|                                                                                    i2|       pointer|
|m_axi_i2_WDATA                                                                                 |  out|   16|       m_axi|                                                                                    i2|       pointer|
|m_axi_i2_WSTRB                                                                                 |  out|    2|       m_axi|                                                                                    i2|       pointer|
|m_axi_i2_WLAST                                                                                 |  out|    1|       m_axi|                                                                                    i2|       pointer|
|m_axi_i2_WID                                                                                   |  out|    1|       m_axi|                                                                                    i2|       pointer|
|m_axi_i2_WUSER                                                                                 |  out|    1|       m_axi|                                                                                    i2|       pointer|
|m_axi_i2_ARVALID                                                                               |  out|    1|       m_axi|                                                                                    i2|       pointer|
|m_axi_i2_ARREADY                                                                               |   in|    1|       m_axi|                                                                                    i2|       pointer|
|m_axi_i2_ARADDR                                                                                |  out|   64|       m_axi|                                                                                    i2|       pointer|
|m_axi_i2_ARID                                                                                  |  out|    1|       m_axi|                                                                                    i2|       pointer|
|m_axi_i2_ARLEN                                                                                 |  out|   32|       m_axi|                                                                                    i2|       pointer|
|m_axi_i2_ARSIZE                                                                                |  out|    3|       m_axi|                                                                                    i2|       pointer|
|m_axi_i2_ARBURST                                                                               |  out|    2|       m_axi|                                                                                    i2|       pointer|
|m_axi_i2_ARLOCK                                                                                |  out|    2|       m_axi|                                                                                    i2|       pointer|
|m_axi_i2_ARCACHE                                                                               |  out|    4|       m_axi|                                                                                    i2|       pointer|
|m_axi_i2_ARPROT                                                                                |  out|    3|       m_axi|                                                                                    i2|       pointer|
|m_axi_i2_ARQOS                                                                                 |  out|    4|       m_axi|                                                                                    i2|       pointer|
|m_axi_i2_ARREGION                                                                              |  out|    4|       m_axi|                                                                                    i2|       pointer|
|m_axi_i2_ARUSER                                                                                |  out|    1|       m_axi|                                                                                    i2|       pointer|
|m_axi_i2_RVALID                                                                                |   in|    1|       m_axi|                                                                                    i2|       pointer|
|m_axi_i2_RREADY                                                                                |  out|    1|       m_axi|                                                                                    i2|       pointer|
|m_axi_i2_RDATA                                                                                 |   in|   16|       m_axi|                                                                                    i2|       pointer|
|m_axi_i2_RLAST                                                                                 |   in|    1|       m_axi|                                                                                    i2|       pointer|
|m_axi_i2_RID                                                                                   |   in|    1|       m_axi|                                                                                    i2|       pointer|
|m_axi_i2_RFIFONUM                                                                              |   in|   14|       m_axi|                                                                                    i2|       pointer|
|m_axi_i2_RUSER                                                                                 |   in|    1|       m_axi|                                                                                    i2|       pointer|
|m_axi_i2_RRESP                                                                                 |   in|    2|       m_axi|                                                                                    i2|       pointer|
|m_axi_i2_BVALID                                                                                |   in|    1|       m_axi|                                                                                    i2|       pointer|
|m_axi_i2_BREADY                                                                                |  out|    1|       m_axi|                                                                                    i2|       pointer|
|m_axi_i2_BRESP                                                                                 |   in|    2|       m_axi|                                                                                    i2|       pointer|
|m_axi_i2_BID                                                                                   |   in|    1|       m_axi|                                                                                    i2|       pointer|
|m_axi_i2_BUSER                                                                                 |   in|    1|       m_axi|                                                                                    i2|       pointer|
|input_ftmap                                                                                    |   in|   64|     ap_none|                                                                           input_ftmap|        scalar|
|sext_ln75                                                                                      |   in|   18|     ap_none|                                                                             sext_ln75|        scalar|
|p_ZZ5conv2PA255_A255_8ap_fixedILi16ELi3EL9ap_q_mode5EL9ap_o_mode3ELi0EEPA64_A1_A1_34_address0  |  out|   12|   ap_memory|  p_ZZ5conv2PA255_A255_8ap_fixedILi16ELi3EL9ap_q_mode5EL9ap_o_mode3ELi0EEPA64_A1_A1_34|         array|
|p_ZZ5conv2PA255_A255_8ap_fixedILi16ELi3EL9ap_q_mode5EL9ap_o_mode3ELi0EEPA64_A1_A1_34_ce0       |  out|    1|   ap_memory|  p_ZZ5conv2PA255_A255_8ap_fixedILi16ELi3EL9ap_q_mode5EL9ap_o_mode3ELi0EEPA64_A1_A1_34|         array|
|p_ZZ5conv2PA255_A255_8ap_fixedILi16ELi3EL9ap_q_mode5EL9ap_o_mode3ELi0EEPA64_A1_A1_34_we0       |  out|    1|   ap_memory|  p_ZZ5conv2PA255_A255_8ap_fixedILi16ELi3EL9ap_q_mode5EL9ap_o_mode3ELi0EEPA64_A1_A1_34|         array|
|p_ZZ5conv2PA255_A255_8ap_fixedILi16ELi3EL9ap_q_mode5EL9ap_o_mode3ELi0EEPA64_A1_A1_34_d0        |  out|   16|   ap_memory|  p_ZZ5conv2PA255_A255_8ap_fixedILi16ELi3EL9ap_q_mode5EL9ap_o_mode3ELi0EEPA64_A1_A1_34|         array|
|p_ZZ5conv2PA255_A255_8ap_fixedILi16ELi3EL9ap_q_mode5EL9ap_o_mode3ELi0EEPA64_A1_A1_33_address0  |  out|   12|   ap_memory|  p_ZZ5conv2PA255_A255_8ap_fixedILi16ELi3EL9ap_q_mode5EL9ap_o_mode3ELi0EEPA64_A1_A1_33|         array|
|p_ZZ5conv2PA255_A255_8ap_fixedILi16ELi3EL9ap_q_mode5EL9ap_o_mode3ELi0EEPA64_A1_A1_33_ce0       |  out|    1|   ap_memory|  p_ZZ5conv2PA255_A255_8ap_fixedILi16ELi3EL9ap_q_mode5EL9ap_o_mode3ELi0EEPA64_A1_A1_33|         array|
|p_ZZ5conv2PA255_A255_8ap_fixedILi16ELi3EL9ap_q_mode5EL9ap_o_mode3ELi0EEPA64_A1_A1_33_we0       |  out|    1|   ap_memory|  p_ZZ5conv2PA255_A255_8ap_fixedILi16ELi3EL9ap_q_mode5EL9ap_o_mode3ELi0EEPA64_A1_A1_33|         array|
|p_ZZ5conv2PA255_A255_8ap_fixedILi16ELi3EL9ap_q_mode5EL9ap_o_mode3ELi0EEPA64_A1_A1_33_d0        |  out|   16|   ap_memory|  p_ZZ5conv2PA255_A255_8ap_fixedILi16ELi3EL9ap_q_mode5EL9ap_o_mode3ELi0EEPA64_A1_A1_33|         array|
|p_ZZ5conv2PA255_A255_8ap_fixedILi16ELi3EL9ap_q_mode5EL9ap_o_mode3ELi0EEPA64_A1_A1_27_address0  |  out|   12|   ap_memory|  p_ZZ5conv2PA255_A255_8ap_fixedILi16ELi3EL9ap_q_mode5EL9ap_o_mode3ELi0EEPA64_A1_A1_27|         array|
|p_ZZ5conv2PA255_A255_8ap_fixedILi16ELi3EL9ap_q_mode5EL9ap_o_mode3ELi0EEPA64_A1_A1_27_ce0       |  out|    1|   ap_memory|  p_ZZ5conv2PA255_A255_8ap_fixedILi16ELi3EL9ap_q_mode5EL9ap_o_mode3ELi0EEPA64_A1_A1_27|         array|
|p_ZZ5conv2PA255_A255_8ap_fixedILi16ELi3EL9ap_q_mode5EL9ap_o_mode3ELi0EEPA64_A1_A1_27_we0       |  out|    1|   ap_memory|  p_ZZ5conv2PA255_A255_8ap_fixedILi16ELi3EL9ap_q_mode5EL9ap_o_mode3ELi0EEPA64_A1_A1_27|         array|
|p_ZZ5conv2PA255_A255_8ap_fixedILi16ELi3EL9ap_q_mode5EL9ap_o_mode3ELi0EEPA64_A1_A1_27_d0        |  out|   16|   ap_memory|  p_ZZ5conv2PA255_A255_8ap_fixedILi16ELi3EL9ap_q_mode5EL9ap_o_mode3ELi0EEPA64_A1_A1_27|         array|
|p_ZZ5conv2PA255_A255_8ap_fixedILi16ELi3EL9ap_q_mode5EL9ap_o_mode3ELi0EEPA64_A1_A1_26_address0  |  out|   12|   ap_memory|  p_ZZ5conv2PA255_A255_8ap_fixedILi16ELi3EL9ap_q_mode5EL9ap_o_mode3ELi0EEPA64_A1_A1_26|         array|
|p_ZZ5conv2PA255_A255_8ap_fixedILi16ELi3EL9ap_q_mode5EL9ap_o_mode3ELi0EEPA64_A1_A1_26_ce0       |  out|    1|   ap_memory|  p_ZZ5conv2PA255_A255_8ap_fixedILi16ELi3EL9ap_q_mode5EL9ap_o_mode3ELi0EEPA64_A1_A1_26|         array|
|p_ZZ5conv2PA255_A255_8ap_fixedILi16ELi3EL9ap_q_mode5EL9ap_o_mode3ELi0EEPA64_A1_A1_26_we0       |  out|    1|   ap_memory|  p_ZZ5conv2PA255_A255_8ap_fixedILi16ELi3EL9ap_q_mode5EL9ap_o_mode3ELi0EEPA64_A1_A1_26|         array|
|p_ZZ5conv2PA255_A255_8ap_fixedILi16ELi3EL9ap_q_mode5EL9ap_o_mode3ELi0EEPA64_A1_A1_26_d0        |  out|   16|   ap_memory|  p_ZZ5conv2PA255_A255_8ap_fixedILi16ELi3EL9ap_q_mode5EL9ap_o_mode3ELi0EEPA64_A1_A1_26|         array|
|p_ZZ5conv2PA255_A255_8ap_fixedILi16ELi3EL9ap_q_mode5EL9ap_o_mode3ELi0EEPA64_A1_A1_25_address0  |  out|   12|   ap_memory|  p_ZZ5conv2PA255_A255_8ap_fixedILi16ELi3EL9ap_q_mode5EL9ap_o_mode3ELi0EEPA64_A1_A1_25|         array|
|p_ZZ5conv2PA255_A255_8ap_fixedILi16ELi3EL9ap_q_mode5EL9ap_o_mode3ELi0EEPA64_A1_A1_25_ce0       |  out|    1|   ap_memory|  p_ZZ5conv2PA255_A255_8ap_fixedILi16ELi3EL9ap_q_mode5EL9ap_o_mode3ELi0EEPA64_A1_A1_25|         array|
|p_ZZ5conv2PA255_A255_8ap_fixedILi16ELi3EL9ap_q_mode5EL9ap_o_mode3ELi0EEPA64_A1_A1_25_we0       |  out|    1|   ap_memory|  p_ZZ5conv2PA255_A255_8ap_fixedILi16ELi3EL9ap_q_mode5EL9ap_o_mode3ELi0EEPA64_A1_A1_25|         array|
|p_ZZ5conv2PA255_A255_8ap_fixedILi16ELi3EL9ap_q_mode5EL9ap_o_mode3ELi0EEPA64_A1_A1_25_d0        |  out|   16|   ap_memory|  p_ZZ5conv2PA255_A255_8ap_fixedILi16ELi3EL9ap_q_mode5EL9ap_o_mode3ELi0EEPA64_A1_A1_25|         array|
|p_ZZ5conv2PA255_A255_8ap_fixedILi16ELi3EL9ap_q_mode5EL9ap_o_mode3ELi0EEPA64_A1_A1_24_address0  |  out|   12|   ap_memory|  p_ZZ5conv2PA255_A255_8ap_fixedILi16ELi3EL9ap_q_mode5EL9ap_o_mode3ELi0EEPA64_A1_A1_24|         array|
|p_ZZ5conv2PA255_A255_8ap_fixedILi16ELi3EL9ap_q_mode5EL9ap_o_mode3ELi0EEPA64_A1_A1_24_ce0       |  out|    1|   ap_memory|  p_ZZ5conv2PA255_A255_8ap_fixedILi16ELi3EL9ap_q_mode5EL9ap_o_mode3ELi0EEPA64_A1_A1_24|         array|
|p_ZZ5conv2PA255_A255_8ap_fixedILi16ELi3EL9ap_q_mode5EL9ap_o_mode3ELi0EEPA64_A1_A1_24_we0       |  out|    1|   ap_memory|  p_ZZ5conv2PA255_A255_8ap_fixedILi16ELi3EL9ap_q_mode5EL9ap_o_mode3ELi0EEPA64_A1_A1_24|         array|
|p_ZZ5conv2PA255_A255_8ap_fixedILi16ELi3EL9ap_q_mode5EL9ap_o_mode3ELi0EEPA64_A1_A1_24_d0        |  out|   16|   ap_memory|  p_ZZ5conv2PA255_A255_8ap_fixedILi16ELi3EL9ap_q_mode5EL9ap_o_mode3ELi0EEPA64_A1_A1_24|         array|
|p_ZZ5conv2PA255_A255_8ap_fixedILi16ELi3EL9ap_q_mode5EL9ap_o_mode3ELi0EEPA64_A1_A1_23_address0  |  out|   12|   ap_memory|  p_ZZ5conv2PA255_A255_8ap_fixedILi16ELi3EL9ap_q_mode5EL9ap_o_mode3ELi0EEPA64_A1_A1_23|         array|
|p_ZZ5conv2PA255_A255_8ap_fixedILi16ELi3EL9ap_q_mode5EL9ap_o_mode3ELi0EEPA64_A1_A1_23_ce0       |  out|    1|   ap_memory|  p_ZZ5conv2PA255_A255_8ap_fixedILi16ELi3EL9ap_q_mode5EL9ap_o_mode3ELi0EEPA64_A1_A1_23|         array|
|p_ZZ5conv2PA255_A255_8ap_fixedILi16ELi3EL9ap_q_mode5EL9ap_o_mode3ELi0EEPA64_A1_A1_23_we0       |  out|    1|   ap_memory|  p_ZZ5conv2PA255_A255_8ap_fixedILi16ELi3EL9ap_q_mode5EL9ap_o_mode3ELi0EEPA64_A1_A1_23|         array|
|p_ZZ5conv2PA255_A255_8ap_fixedILi16ELi3EL9ap_q_mode5EL9ap_o_mode3ELi0EEPA64_A1_A1_23_d0        |  out|   16|   ap_memory|  p_ZZ5conv2PA255_A255_8ap_fixedILi16ELi3EL9ap_q_mode5EL9ap_o_mode3ELi0EEPA64_A1_A1_23|         array|
|p_ZZ5conv2PA255_A255_8ap_fixedILi16ELi3EL9ap_q_mode5EL9ap_o_mode3ELi0EEPA64_A1_A1_22_address0  |  out|   12|   ap_memory|  p_ZZ5conv2PA255_A255_8ap_fixedILi16ELi3EL9ap_q_mode5EL9ap_o_mode3ELi0EEPA64_A1_A1_22|         array|
|p_ZZ5conv2PA255_A255_8ap_fixedILi16ELi3EL9ap_q_mode5EL9ap_o_mode3ELi0EEPA64_A1_A1_22_ce0       |  out|    1|   ap_memory|  p_ZZ5conv2PA255_A255_8ap_fixedILi16ELi3EL9ap_q_mode5EL9ap_o_mode3ELi0EEPA64_A1_A1_22|         array|
|p_ZZ5conv2PA255_A255_8ap_fixedILi16ELi3EL9ap_q_mode5EL9ap_o_mode3ELi0EEPA64_A1_A1_22_we0       |  out|    1|   ap_memory|  p_ZZ5conv2PA255_A255_8ap_fixedILi16ELi3EL9ap_q_mode5EL9ap_o_mode3ELi0EEPA64_A1_A1_22|         array|
|p_ZZ5conv2PA255_A255_8ap_fixedILi16ELi3EL9ap_q_mode5EL9ap_o_mode3ELi0EEPA64_A1_A1_22_d0        |  out|   16|   ap_memory|  p_ZZ5conv2PA255_A255_8ap_fixedILi16ELi3EL9ap_q_mode5EL9ap_o_mode3ELi0EEPA64_A1_A1_22|         array|
|p_ZZ5conv2PA255_A255_8ap_fixedILi16ELi3EL9ap_q_mode5EL9ap_o_mode3ELi0EEPA64_A1_A1_21_address0  |  out|   12|   ap_memory|  p_ZZ5conv2PA255_A255_8ap_fixedILi16ELi3EL9ap_q_mode5EL9ap_o_mode3ELi0EEPA64_A1_A1_21|         array|
|p_ZZ5conv2PA255_A255_8ap_fixedILi16ELi3EL9ap_q_mode5EL9ap_o_mode3ELi0EEPA64_A1_A1_21_ce0       |  out|    1|   ap_memory|  p_ZZ5conv2PA255_A255_8ap_fixedILi16ELi3EL9ap_q_mode5EL9ap_o_mode3ELi0EEPA64_A1_A1_21|         array|
|p_ZZ5conv2PA255_A255_8ap_fixedILi16ELi3EL9ap_q_mode5EL9ap_o_mode3ELi0EEPA64_A1_A1_21_we0       |  out|    1|   ap_memory|  p_ZZ5conv2PA255_A255_8ap_fixedILi16ELi3EL9ap_q_mode5EL9ap_o_mode3ELi0EEPA64_A1_A1_21|         array|
|p_ZZ5conv2PA255_A255_8ap_fixedILi16ELi3EL9ap_q_mode5EL9ap_o_mode3ELi0EEPA64_A1_A1_21_d0        |  out|   16|   ap_memory|  p_ZZ5conv2PA255_A255_8ap_fixedILi16ELi3EL9ap_q_mode5EL9ap_o_mode3ELi0EEPA64_A1_A1_21|         array|
|p_ZZ5conv2PA255_A255_8ap_fixedILi16ELi3EL9ap_q_mode5EL9ap_o_mode3ELi0EEPA64_A1_A1_20_address0  |  out|   12|   ap_memory|  p_ZZ5conv2PA255_A255_8ap_fixedILi16ELi3EL9ap_q_mode5EL9ap_o_mode3ELi0EEPA64_A1_A1_20|         array|
|p_ZZ5conv2PA255_A255_8ap_fixedILi16ELi3EL9ap_q_mode5EL9ap_o_mode3ELi0EEPA64_A1_A1_20_ce0       |  out|    1|   ap_memory|  p_ZZ5conv2PA255_A255_8ap_fixedILi16ELi3EL9ap_q_mode5EL9ap_o_mode3ELi0EEPA64_A1_A1_20|         array|
|p_ZZ5conv2PA255_A255_8ap_fixedILi16ELi3EL9ap_q_mode5EL9ap_o_mode3ELi0EEPA64_A1_A1_20_we0       |  out|    1|   ap_memory|  p_ZZ5conv2PA255_A255_8ap_fixedILi16ELi3EL9ap_q_mode5EL9ap_o_mode3ELi0EEPA64_A1_A1_20|         array|
|p_ZZ5conv2PA255_A255_8ap_fixedILi16ELi3EL9ap_q_mode5EL9ap_o_mode3ELi0EEPA64_A1_A1_20_d0        |  out|   16|   ap_memory|  p_ZZ5conv2PA255_A255_8ap_fixedILi16ELi3EL9ap_q_mode5EL9ap_o_mode3ELi0EEPA64_A1_A1_20|         array|
|p_ZZ5conv2PA255_A255_8ap_fixedILi16ELi3EL9ap_q_mode5EL9ap_o_mode3ELi0EEPA64_A1_A1_32_address0  |  out|   12|   ap_memory|  p_ZZ5conv2PA255_A255_8ap_fixedILi16ELi3EL9ap_q_mode5EL9ap_o_mode3ELi0EEPA64_A1_A1_32|         array|
|p_ZZ5conv2PA255_A255_8ap_fixedILi16ELi3EL9ap_q_mode5EL9ap_o_mode3ELi0EEPA64_A1_A1_32_ce0       |  out|    1|   ap_memory|  p_ZZ5conv2PA255_A255_8ap_fixedILi16ELi3EL9ap_q_mode5EL9ap_o_mode3ELi0EEPA64_A1_A1_32|         array|
|p_ZZ5conv2PA255_A255_8ap_fixedILi16ELi3EL9ap_q_mode5EL9ap_o_mode3ELi0EEPA64_A1_A1_32_we0       |  out|    1|   ap_memory|  p_ZZ5conv2PA255_A255_8ap_fixedILi16ELi3EL9ap_q_mode5EL9ap_o_mode3ELi0EEPA64_A1_A1_32|         array|
|p_ZZ5conv2PA255_A255_8ap_fixedILi16ELi3EL9ap_q_mode5EL9ap_o_mode3ELi0EEPA64_A1_A1_32_d0        |  out|   16|   ap_memory|  p_ZZ5conv2PA255_A255_8ap_fixedILi16ELi3EL9ap_q_mode5EL9ap_o_mode3ELi0EEPA64_A1_A1_32|         array|
|p_ZZ5conv2PA255_A255_8ap_fixedILi16ELi3EL9ap_q_mode5EL9ap_o_mode3ELi0EEPA64_A1_A1_31_address0  |  out|   12|   ap_memory|  p_ZZ5conv2PA255_A255_8ap_fixedILi16ELi3EL9ap_q_mode5EL9ap_o_mode3ELi0EEPA64_A1_A1_31|         array|
|p_ZZ5conv2PA255_A255_8ap_fixedILi16ELi3EL9ap_q_mode5EL9ap_o_mode3ELi0EEPA64_A1_A1_31_ce0       |  out|    1|   ap_memory|  p_ZZ5conv2PA255_A255_8ap_fixedILi16ELi3EL9ap_q_mode5EL9ap_o_mode3ELi0EEPA64_A1_A1_31|         array|
|p_ZZ5conv2PA255_A255_8ap_fixedILi16ELi3EL9ap_q_mode5EL9ap_o_mode3ELi0EEPA64_A1_A1_31_we0       |  out|    1|   ap_memory|  p_ZZ5conv2PA255_A255_8ap_fixedILi16ELi3EL9ap_q_mode5EL9ap_o_mode3ELi0EEPA64_A1_A1_31|         array|
|p_ZZ5conv2PA255_A255_8ap_fixedILi16ELi3EL9ap_q_mode5EL9ap_o_mode3ELi0EEPA64_A1_A1_31_d0        |  out|   16|   ap_memory|  p_ZZ5conv2PA255_A255_8ap_fixedILi16ELi3EL9ap_q_mode5EL9ap_o_mode3ELi0EEPA64_A1_A1_31|         array|
|p_ZZ5conv2PA255_A255_8ap_fixedILi16ELi3EL9ap_q_mode5EL9ap_o_mode3ELi0EEPA64_A1_A1_30_address0  |  out|   12|   ap_memory|  p_ZZ5conv2PA255_A255_8ap_fixedILi16ELi3EL9ap_q_mode5EL9ap_o_mode3ELi0EEPA64_A1_A1_30|         array|
|p_ZZ5conv2PA255_A255_8ap_fixedILi16ELi3EL9ap_q_mode5EL9ap_o_mode3ELi0EEPA64_A1_A1_30_ce0       |  out|    1|   ap_memory|  p_ZZ5conv2PA255_A255_8ap_fixedILi16ELi3EL9ap_q_mode5EL9ap_o_mode3ELi0EEPA64_A1_A1_30|         array|
|p_ZZ5conv2PA255_A255_8ap_fixedILi16ELi3EL9ap_q_mode5EL9ap_o_mode3ELi0EEPA64_A1_A1_30_we0       |  out|    1|   ap_memory|  p_ZZ5conv2PA255_A255_8ap_fixedILi16ELi3EL9ap_q_mode5EL9ap_o_mode3ELi0EEPA64_A1_A1_30|         array|
|p_ZZ5conv2PA255_A255_8ap_fixedILi16ELi3EL9ap_q_mode5EL9ap_o_mode3ELi0EEPA64_A1_A1_30_d0        |  out|   16|   ap_memory|  p_ZZ5conv2PA255_A255_8ap_fixedILi16ELi3EL9ap_q_mode5EL9ap_o_mode3ELi0EEPA64_A1_A1_30|         array|
|p_ZZ5conv2PA255_A255_8ap_fixedILi16ELi3EL9ap_q_mode5EL9ap_o_mode3ELi0EEPA64_A1_A1_29_address0  |  out|   12|   ap_memory|  p_ZZ5conv2PA255_A255_8ap_fixedILi16ELi3EL9ap_q_mode5EL9ap_o_mode3ELi0EEPA64_A1_A1_29|         array|
|p_ZZ5conv2PA255_A255_8ap_fixedILi16ELi3EL9ap_q_mode5EL9ap_o_mode3ELi0EEPA64_A1_A1_29_ce0       |  out|    1|   ap_memory|  p_ZZ5conv2PA255_A255_8ap_fixedILi16ELi3EL9ap_q_mode5EL9ap_o_mode3ELi0EEPA64_A1_A1_29|         array|
|p_ZZ5conv2PA255_A255_8ap_fixedILi16ELi3EL9ap_q_mode5EL9ap_o_mode3ELi0EEPA64_A1_A1_29_we0       |  out|    1|   ap_memory|  p_ZZ5conv2PA255_A255_8ap_fixedILi16ELi3EL9ap_q_mode5EL9ap_o_mode3ELi0EEPA64_A1_A1_29|         array|
|p_ZZ5conv2PA255_A255_8ap_fixedILi16ELi3EL9ap_q_mode5EL9ap_o_mode3ELi0EEPA64_A1_A1_29_d0        |  out|   16|   ap_memory|  p_ZZ5conv2PA255_A255_8ap_fixedILi16ELi3EL9ap_q_mode5EL9ap_o_mode3ELi0EEPA64_A1_A1_29|         array|
|p_ZZ5conv2PA255_A255_8ap_fixedILi16ELi3EL9ap_q_mode5EL9ap_o_mode3ELi0EEPA64_A1_A1_28_address0  |  out|   12|   ap_memory|  p_ZZ5conv2PA255_A255_8ap_fixedILi16ELi3EL9ap_q_mode5EL9ap_o_mode3ELi0EEPA64_A1_A1_28|         array|
|p_ZZ5conv2PA255_A255_8ap_fixedILi16ELi3EL9ap_q_mode5EL9ap_o_mode3ELi0EEPA64_A1_A1_28_ce0       |  out|    1|   ap_memory|  p_ZZ5conv2PA255_A255_8ap_fixedILi16ELi3EL9ap_q_mode5EL9ap_o_mode3ELi0EEPA64_A1_A1_28|         array|
|p_ZZ5conv2PA255_A255_8ap_fixedILi16ELi3EL9ap_q_mode5EL9ap_o_mode3ELi0EEPA64_A1_A1_28_we0       |  out|    1|   ap_memory|  p_ZZ5conv2PA255_A255_8ap_fixedILi16ELi3EL9ap_q_mode5EL9ap_o_mode3ELi0EEPA64_A1_A1_28|         array|
|p_ZZ5conv2PA255_A255_8ap_fixedILi16ELi3EL9ap_q_mode5EL9ap_o_mode3ELi0EEPA64_A1_A1_28_d0        |  out|   16|   ap_memory|  p_ZZ5conv2PA255_A255_8ap_fixedILi16ELi3EL9ap_q_mode5EL9ap_o_mode3ELi0EEPA64_A1_A1_28|         array|
|p_ZZ5conv2PA255_A255_8ap_fixedILi16ELi3EL9ap_q_mode5EL9ap_o_mode3ELi0EEPA64_A1_A1_19_address0  |  out|   12|   ap_memory|  p_ZZ5conv2PA255_A255_8ap_fixedILi16ELi3EL9ap_q_mode5EL9ap_o_mode3ELi0EEPA64_A1_A1_19|         array|
|p_ZZ5conv2PA255_A255_8ap_fixedILi16ELi3EL9ap_q_mode5EL9ap_o_mode3ELi0EEPA64_A1_A1_19_ce0       |  out|    1|   ap_memory|  p_ZZ5conv2PA255_A255_8ap_fixedILi16ELi3EL9ap_q_mode5EL9ap_o_mode3ELi0EEPA64_A1_A1_19|         array|
|p_ZZ5conv2PA255_A255_8ap_fixedILi16ELi3EL9ap_q_mode5EL9ap_o_mode3ELi0EEPA64_A1_A1_19_we0       |  out|    1|   ap_memory|  p_ZZ5conv2PA255_A255_8ap_fixedILi16ELi3EL9ap_q_mode5EL9ap_o_mode3ELi0EEPA64_A1_A1_19|         array|
|p_ZZ5conv2PA255_A255_8ap_fixedILi16ELi3EL9ap_q_mode5EL9ap_o_mode3ELi0EEPA64_A1_A1_19_d0        |  out|   16|   ap_memory|  p_ZZ5conv2PA255_A255_8ap_fixedILi16ELi3EL9ap_q_mode5EL9ap_o_mode3ELi0EEPA64_A1_A1_19|         array|
|p_ZZ5conv2PA255_A255_8ap_fixedILi16ELi3EL9ap_q_mode5EL9ap_o_mode3ELi0EEPA64_A1_A1_18_address0  |  out|   12|   ap_memory|  p_ZZ5conv2PA255_A255_8ap_fixedILi16ELi3EL9ap_q_mode5EL9ap_o_mode3ELi0EEPA64_A1_A1_18|         array|
|p_ZZ5conv2PA255_A255_8ap_fixedILi16ELi3EL9ap_q_mode5EL9ap_o_mode3ELi0EEPA64_A1_A1_18_ce0       |  out|    1|   ap_memory|  p_ZZ5conv2PA255_A255_8ap_fixedILi16ELi3EL9ap_q_mode5EL9ap_o_mode3ELi0EEPA64_A1_A1_18|         array|
|p_ZZ5conv2PA255_A255_8ap_fixedILi16ELi3EL9ap_q_mode5EL9ap_o_mode3ELi0EEPA64_A1_A1_18_we0       |  out|    1|   ap_memory|  p_ZZ5conv2PA255_A255_8ap_fixedILi16ELi3EL9ap_q_mode5EL9ap_o_mode3ELi0EEPA64_A1_A1_18|         array|
|p_ZZ5conv2PA255_A255_8ap_fixedILi16ELi3EL9ap_q_mode5EL9ap_o_mode3ELi0EEPA64_A1_A1_18_d0        |  out|   16|   ap_memory|  p_ZZ5conv2PA255_A255_8ap_fixedILi16ELi3EL9ap_q_mode5EL9ap_o_mode3ELi0EEPA64_A1_A1_18|         array|
|p_ZZ5conv2PA255_A255_8ap_fixedILi16ELi3EL9ap_q_mode5EL9ap_o_mode3ELi0EEPA64_A1_A1_12_address0  |  out|   12|   ap_memory|  p_ZZ5conv2PA255_A255_8ap_fixedILi16ELi3EL9ap_q_mode5EL9ap_o_mode3ELi0EEPA64_A1_A1_12|         array|
|p_ZZ5conv2PA255_A255_8ap_fixedILi16ELi3EL9ap_q_mode5EL9ap_o_mode3ELi0EEPA64_A1_A1_12_ce0       |  out|    1|   ap_memory|  p_ZZ5conv2PA255_A255_8ap_fixedILi16ELi3EL9ap_q_mode5EL9ap_o_mode3ELi0EEPA64_A1_A1_12|         array|
|p_ZZ5conv2PA255_A255_8ap_fixedILi16ELi3EL9ap_q_mode5EL9ap_o_mode3ELi0EEPA64_A1_A1_12_we0       |  out|    1|   ap_memory|  p_ZZ5conv2PA255_A255_8ap_fixedILi16ELi3EL9ap_q_mode5EL9ap_o_mode3ELi0EEPA64_A1_A1_12|         array|
|p_ZZ5conv2PA255_A255_8ap_fixedILi16ELi3EL9ap_q_mode5EL9ap_o_mode3ELi0EEPA64_A1_A1_12_d0        |  out|   16|   ap_memory|  p_ZZ5conv2PA255_A255_8ap_fixedILi16ELi3EL9ap_q_mode5EL9ap_o_mode3ELi0EEPA64_A1_A1_12|         array|
|p_ZZ5conv2PA255_A255_8ap_fixedILi16ELi3EL9ap_q_mode5EL9ap_o_mode3ELi0EEPA64_A1_A1_11_address0  |  out|   12|   ap_memory|  p_ZZ5conv2PA255_A255_8ap_fixedILi16ELi3EL9ap_q_mode5EL9ap_o_mode3ELi0EEPA64_A1_A1_11|         array|
|p_ZZ5conv2PA255_A255_8ap_fixedILi16ELi3EL9ap_q_mode5EL9ap_o_mode3ELi0EEPA64_A1_A1_11_ce0       |  out|    1|   ap_memory|  p_ZZ5conv2PA255_A255_8ap_fixedILi16ELi3EL9ap_q_mode5EL9ap_o_mode3ELi0EEPA64_A1_A1_11|         array|
|p_ZZ5conv2PA255_A255_8ap_fixedILi16ELi3EL9ap_q_mode5EL9ap_o_mode3ELi0EEPA64_A1_A1_11_we0       |  out|    1|   ap_memory|  p_ZZ5conv2PA255_A255_8ap_fixedILi16ELi3EL9ap_q_mode5EL9ap_o_mode3ELi0EEPA64_A1_A1_11|         array|
|p_ZZ5conv2PA255_A255_8ap_fixedILi16ELi3EL9ap_q_mode5EL9ap_o_mode3ELi0EEPA64_A1_A1_11_d0        |  out|   16|   ap_memory|  p_ZZ5conv2PA255_A255_8ap_fixedILi16ELi3EL9ap_q_mode5EL9ap_o_mode3ELi0EEPA64_A1_A1_11|         array|
|p_ZZ5conv2PA255_A255_8ap_fixedILi16ELi3EL9ap_q_mode5EL9ap_o_mode3ELi0EEPA64_A1_A1_10_address0  |  out|   12|   ap_memory|  p_ZZ5conv2PA255_A255_8ap_fixedILi16ELi3EL9ap_q_mode5EL9ap_o_mode3ELi0EEPA64_A1_A1_10|         array|
|p_ZZ5conv2PA255_A255_8ap_fixedILi16ELi3EL9ap_q_mode5EL9ap_o_mode3ELi0EEPA64_A1_A1_10_ce0       |  out|    1|   ap_memory|  p_ZZ5conv2PA255_A255_8ap_fixedILi16ELi3EL9ap_q_mode5EL9ap_o_mode3ELi0EEPA64_A1_A1_10|         array|
|p_ZZ5conv2PA255_A255_8ap_fixedILi16ELi3EL9ap_q_mode5EL9ap_o_mode3ELi0EEPA64_A1_A1_10_we0       |  out|    1|   ap_memory|  p_ZZ5conv2PA255_A255_8ap_fixedILi16ELi3EL9ap_q_mode5EL9ap_o_mode3ELi0EEPA64_A1_A1_10|         array|
|p_ZZ5conv2PA255_A255_8ap_fixedILi16ELi3EL9ap_q_mode5EL9ap_o_mode3ELi0EEPA64_A1_A1_10_d0        |  out|   16|   ap_memory|  p_ZZ5conv2PA255_A255_8ap_fixedILi16ELi3EL9ap_q_mode5EL9ap_o_mode3ELi0EEPA64_A1_A1_10|         array|
|p_ZZ5conv2PA255_A255_8ap_fixedILi16ELi3EL9ap_q_mode5EL9ap_o_mode3ELi0EEPA64_A1_A1_9_address0   |  out|   12|   ap_memory|   p_ZZ5conv2PA255_A255_8ap_fixedILi16ELi3EL9ap_q_mode5EL9ap_o_mode3ELi0EEPA64_A1_A1_9|         array|
|p_ZZ5conv2PA255_A255_8ap_fixedILi16ELi3EL9ap_q_mode5EL9ap_o_mode3ELi0EEPA64_A1_A1_9_ce0        |  out|    1|   ap_memory|   p_ZZ5conv2PA255_A255_8ap_fixedILi16ELi3EL9ap_q_mode5EL9ap_o_mode3ELi0EEPA64_A1_A1_9|         array|
|p_ZZ5conv2PA255_A255_8ap_fixedILi16ELi3EL9ap_q_mode5EL9ap_o_mode3ELi0EEPA64_A1_A1_9_we0        |  out|    1|   ap_memory|   p_ZZ5conv2PA255_A255_8ap_fixedILi16ELi3EL9ap_q_mode5EL9ap_o_mode3ELi0EEPA64_A1_A1_9|         array|
|p_ZZ5conv2PA255_A255_8ap_fixedILi16ELi3EL9ap_q_mode5EL9ap_o_mode3ELi0EEPA64_A1_A1_9_d0         |  out|   16|   ap_memory|   p_ZZ5conv2PA255_A255_8ap_fixedILi16ELi3EL9ap_q_mode5EL9ap_o_mode3ELi0EEPA64_A1_A1_9|         array|
|p_ZZ5conv2PA255_A255_8ap_fixedILi16ELi3EL9ap_q_mode5EL9ap_o_mode3ELi0EEPA64_A1_A1_8_address0   |  out|   12|   ap_memory|   p_ZZ5conv2PA255_A255_8ap_fixedILi16ELi3EL9ap_q_mode5EL9ap_o_mode3ELi0EEPA64_A1_A1_8|         array|
|p_ZZ5conv2PA255_A255_8ap_fixedILi16ELi3EL9ap_q_mode5EL9ap_o_mode3ELi0EEPA64_A1_A1_8_ce0        |  out|    1|   ap_memory|   p_ZZ5conv2PA255_A255_8ap_fixedILi16ELi3EL9ap_q_mode5EL9ap_o_mode3ELi0EEPA64_A1_A1_8|         array|
|p_ZZ5conv2PA255_A255_8ap_fixedILi16ELi3EL9ap_q_mode5EL9ap_o_mode3ELi0EEPA64_A1_A1_8_we0        |  out|    1|   ap_memory|   p_ZZ5conv2PA255_A255_8ap_fixedILi16ELi3EL9ap_q_mode5EL9ap_o_mode3ELi0EEPA64_A1_A1_8|         array|
|p_ZZ5conv2PA255_A255_8ap_fixedILi16ELi3EL9ap_q_mode5EL9ap_o_mode3ELi0EEPA64_A1_A1_8_d0         |  out|   16|   ap_memory|   p_ZZ5conv2PA255_A255_8ap_fixedILi16ELi3EL9ap_q_mode5EL9ap_o_mode3ELi0EEPA64_A1_A1_8|         array|
|p_ZZ5conv2PA255_A255_8ap_fixedILi16ELi3EL9ap_q_mode5EL9ap_o_mode3ELi0EEPA64_A1_A1_7_address0   |  out|   12|   ap_memory|   p_ZZ5conv2PA255_A255_8ap_fixedILi16ELi3EL9ap_q_mode5EL9ap_o_mode3ELi0EEPA64_A1_A1_7|         array|
|p_ZZ5conv2PA255_A255_8ap_fixedILi16ELi3EL9ap_q_mode5EL9ap_o_mode3ELi0EEPA64_A1_A1_7_ce0        |  out|    1|   ap_memory|   p_ZZ5conv2PA255_A255_8ap_fixedILi16ELi3EL9ap_q_mode5EL9ap_o_mode3ELi0EEPA64_A1_A1_7|         array|
|p_ZZ5conv2PA255_A255_8ap_fixedILi16ELi3EL9ap_q_mode5EL9ap_o_mode3ELi0EEPA64_A1_A1_7_we0        |  out|    1|   ap_memory|   p_ZZ5conv2PA255_A255_8ap_fixedILi16ELi3EL9ap_q_mode5EL9ap_o_mode3ELi0EEPA64_A1_A1_7|         array|
|p_ZZ5conv2PA255_A255_8ap_fixedILi16ELi3EL9ap_q_mode5EL9ap_o_mode3ELi0EEPA64_A1_A1_7_d0         |  out|   16|   ap_memory|   p_ZZ5conv2PA255_A255_8ap_fixedILi16ELi3EL9ap_q_mode5EL9ap_o_mode3ELi0EEPA64_A1_A1_7|         array|
|p_ZZ5conv2PA255_A255_8ap_fixedILi16ELi3EL9ap_q_mode5EL9ap_o_mode3ELi0EEPA64_A1_A1_6_address0   |  out|   12|   ap_memory|   p_ZZ5conv2PA255_A255_8ap_fixedILi16ELi3EL9ap_q_mode5EL9ap_o_mode3ELi0EEPA64_A1_A1_6|         array|
|p_ZZ5conv2PA255_A255_8ap_fixedILi16ELi3EL9ap_q_mode5EL9ap_o_mode3ELi0EEPA64_A1_A1_6_ce0        |  out|    1|   ap_memory|   p_ZZ5conv2PA255_A255_8ap_fixedILi16ELi3EL9ap_q_mode5EL9ap_o_mode3ELi0EEPA64_A1_A1_6|         array|
|p_ZZ5conv2PA255_A255_8ap_fixedILi16ELi3EL9ap_q_mode5EL9ap_o_mode3ELi0EEPA64_A1_A1_6_we0        |  out|    1|   ap_memory|   p_ZZ5conv2PA255_A255_8ap_fixedILi16ELi3EL9ap_q_mode5EL9ap_o_mode3ELi0EEPA64_A1_A1_6|         array|
|p_ZZ5conv2PA255_A255_8ap_fixedILi16ELi3EL9ap_q_mode5EL9ap_o_mode3ELi0EEPA64_A1_A1_6_d0         |  out|   16|   ap_memory|   p_ZZ5conv2PA255_A255_8ap_fixedILi16ELi3EL9ap_q_mode5EL9ap_o_mode3ELi0EEPA64_A1_A1_6|         array|
|p_ZZ5conv2PA255_A255_8ap_fixedILi16ELi3EL9ap_q_mode5EL9ap_o_mode3ELi0EEPA64_A1_A1_5_address0   |  out|   12|   ap_memory|   p_ZZ5conv2PA255_A255_8ap_fixedILi16ELi3EL9ap_q_mode5EL9ap_o_mode3ELi0EEPA64_A1_A1_5|         array|
|p_ZZ5conv2PA255_A255_8ap_fixedILi16ELi3EL9ap_q_mode5EL9ap_o_mode3ELi0EEPA64_A1_A1_5_ce0        |  out|    1|   ap_memory|   p_ZZ5conv2PA255_A255_8ap_fixedILi16ELi3EL9ap_q_mode5EL9ap_o_mode3ELi0EEPA64_A1_A1_5|         array|
|p_ZZ5conv2PA255_A255_8ap_fixedILi16ELi3EL9ap_q_mode5EL9ap_o_mode3ELi0EEPA64_A1_A1_5_we0        |  out|    1|   ap_memory|   p_ZZ5conv2PA255_A255_8ap_fixedILi16ELi3EL9ap_q_mode5EL9ap_o_mode3ELi0EEPA64_A1_A1_5|         array|
|p_ZZ5conv2PA255_A255_8ap_fixedILi16ELi3EL9ap_q_mode5EL9ap_o_mode3ELi0EEPA64_A1_A1_5_d0         |  out|   16|   ap_memory|   p_ZZ5conv2PA255_A255_8ap_fixedILi16ELi3EL9ap_q_mode5EL9ap_o_mode3ELi0EEPA64_A1_A1_5|         array|
|p_ZZ5conv2PA255_A255_8ap_fixedILi16ELi3EL9ap_q_mode5EL9ap_o_mode3ELi0EEPA64_A1_A1_17_address0  |  out|   12|   ap_memory|  p_ZZ5conv2PA255_A255_8ap_fixedILi16ELi3EL9ap_q_mode5EL9ap_o_mode3ELi0EEPA64_A1_A1_17|         array|
|p_ZZ5conv2PA255_A255_8ap_fixedILi16ELi3EL9ap_q_mode5EL9ap_o_mode3ELi0EEPA64_A1_A1_17_ce0       |  out|    1|   ap_memory|  p_ZZ5conv2PA255_A255_8ap_fixedILi16ELi3EL9ap_q_mode5EL9ap_o_mode3ELi0EEPA64_A1_A1_17|         array|
|p_ZZ5conv2PA255_A255_8ap_fixedILi16ELi3EL9ap_q_mode5EL9ap_o_mode3ELi0EEPA64_A1_A1_17_we0       |  out|    1|   ap_memory|  p_ZZ5conv2PA255_A255_8ap_fixedILi16ELi3EL9ap_q_mode5EL9ap_o_mode3ELi0EEPA64_A1_A1_17|         array|
|p_ZZ5conv2PA255_A255_8ap_fixedILi16ELi3EL9ap_q_mode5EL9ap_o_mode3ELi0EEPA64_A1_A1_17_d0        |  out|   16|   ap_memory|  p_ZZ5conv2PA255_A255_8ap_fixedILi16ELi3EL9ap_q_mode5EL9ap_o_mode3ELi0EEPA64_A1_A1_17|         array|
|p_ZZ5conv2PA255_A255_8ap_fixedILi16ELi3EL9ap_q_mode5EL9ap_o_mode3ELi0EEPA64_A1_A1_16_address0  |  out|   12|   ap_memory|  p_ZZ5conv2PA255_A255_8ap_fixedILi16ELi3EL9ap_q_mode5EL9ap_o_mode3ELi0EEPA64_A1_A1_16|         array|
|p_ZZ5conv2PA255_A255_8ap_fixedILi16ELi3EL9ap_q_mode5EL9ap_o_mode3ELi0EEPA64_A1_A1_16_ce0       |  out|    1|   ap_memory|  p_ZZ5conv2PA255_A255_8ap_fixedILi16ELi3EL9ap_q_mode5EL9ap_o_mode3ELi0EEPA64_A1_A1_16|         array|
|p_ZZ5conv2PA255_A255_8ap_fixedILi16ELi3EL9ap_q_mode5EL9ap_o_mode3ELi0EEPA64_A1_A1_16_we0       |  out|    1|   ap_memory|  p_ZZ5conv2PA255_A255_8ap_fixedILi16ELi3EL9ap_q_mode5EL9ap_o_mode3ELi0EEPA64_A1_A1_16|         array|
|p_ZZ5conv2PA255_A255_8ap_fixedILi16ELi3EL9ap_q_mode5EL9ap_o_mode3ELi0EEPA64_A1_A1_16_d0        |  out|   16|   ap_memory|  p_ZZ5conv2PA255_A255_8ap_fixedILi16ELi3EL9ap_q_mode5EL9ap_o_mode3ELi0EEPA64_A1_A1_16|         array|
|p_ZZ5conv2PA255_A255_8ap_fixedILi16ELi3EL9ap_q_mode5EL9ap_o_mode3ELi0EEPA64_A1_A1_15_address0  |  out|   12|   ap_memory|  p_ZZ5conv2PA255_A255_8ap_fixedILi16ELi3EL9ap_q_mode5EL9ap_o_mode3ELi0EEPA64_A1_A1_15|         array|
|p_ZZ5conv2PA255_A255_8ap_fixedILi16ELi3EL9ap_q_mode5EL9ap_o_mode3ELi0EEPA64_A1_A1_15_ce0       |  out|    1|   ap_memory|  p_ZZ5conv2PA255_A255_8ap_fixedILi16ELi3EL9ap_q_mode5EL9ap_o_mode3ELi0EEPA64_A1_A1_15|         array|
|p_ZZ5conv2PA255_A255_8ap_fixedILi16ELi3EL9ap_q_mode5EL9ap_o_mode3ELi0EEPA64_A1_A1_15_we0       |  out|    1|   ap_memory|  p_ZZ5conv2PA255_A255_8ap_fixedILi16ELi3EL9ap_q_mode5EL9ap_o_mode3ELi0EEPA64_A1_A1_15|         array|
|p_ZZ5conv2PA255_A255_8ap_fixedILi16ELi3EL9ap_q_mode5EL9ap_o_mode3ELi0EEPA64_A1_A1_15_d0        |  out|   16|   ap_memory|  p_ZZ5conv2PA255_A255_8ap_fixedILi16ELi3EL9ap_q_mode5EL9ap_o_mode3ELi0EEPA64_A1_A1_15|         array|
|p_ZZ5conv2PA255_A255_8ap_fixedILi16ELi3EL9ap_q_mode5EL9ap_o_mode3ELi0EEPA64_A1_A1_14_address0  |  out|   12|   ap_memory|  p_ZZ5conv2PA255_A255_8ap_fixedILi16ELi3EL9ap_q_mode5EL9ap_o_mode3ELi0EEPA64_A1_A1_14|         array|
|p_ZZ5conv2PA255_A255_8ap_fixedILi16ELi3EL9ap_q_mode5EL9ap_o_mode3ELi0EEPA64_A1_A1_14_ce0       |  out|    1|   ap_memory|  p_ZZ5conv2PA255_A255_8ap_fixedILi16ELi3EL9ap_q_mode5EL9ap_o_mode3ELi0EEPA64_A1_A1_14|         array|
|p_ZZ5conv2PA255_A255_8ap_fixedILi16ELi3EL9ap_q_mode5EL9ap_o_mode3ELi0EEPA64_A1_A1_14_we0       |  out|    1|   ap_memory|  p_ZZ5conv2PA255_A255_8ap_fixedILi16ELi3EL9ap_q_mode5EL9ap_o_mode3ELi0EEPA64_A1_A1_14|         array|
|p_ZZ5conv2PA255_A255_8ap_fixedILi16ELi3EL9ap_q_mode5EL9ap_o_mode3ELi0EEPA64_A1_A1_14_d0        |  out|   16|   ap_memory|  p_ZZ5conv2PA255_A255_8ap_fixedILi16ELi3EL9ap_q_mode5EL9ap_o_mode3ELi0EEPA64_A1_A1_14|         array|
|p_ZZ5conv2PA255_A255_8ap_fixedILi16ELi3EL9ap_q_mode5EL9ap_o_mode3ELi0EEPA64_A1_A1_13_address0  |  out|   12|   ap_memory|  p_ZZ5conv2PA255_A255_8ap_fixedILi16ELi3EL9ap_q_mode5EL9ap_o_mode3ELi0EEPA64_A1_A1_13|         array|
|p_ZZ5conv2PA255_A255_8ap_fixedILi16ELi3EL9ap_q_mode5EL9ap_o_mode3ELi0EEPA64_A1_A1_13_ce0       |  out|    1|   ap_memory|  p_ZZ5conv2PA255_A255_8ap_fixedILi16ELi3EL9ap_q_mode5EL9ap_o_mode3ELi0EEPA64_A1_A1_13|         array|
|p_ZZ5conv2PA255_A255_8ap_fixedILi16ELi3EL9ap_q_mode5EL9ap_o_mode3ELi0EEPA64_A1_A1_13_we0       |  out|    1|   ap_memory|  p_ZZ5conv2PA255_A255_8ap_fixedILi16ELi3EL9ap_q_mode5EL9ap_o_mode3ELi0EEPA64_A1_A1_13|         array|
|p_ZZ5conv2PA255_A255_8ap_fixedILi16ELi3EL9ap_q_mode5EL9ap_o_mode3ELi0EEPA64_A1_A1_13_d0        |  out|   16|   ap_memory|  p_ZZ5conv2PA255_A255_8ap_fixedILi16ELi3EL9ap_q_mode5EL9ap_o_mode3ELi0EEPA64_A1_A1_13|         array|
+-----------------------------------------------------------------------------------------------+-----+-----+------------+--------------------------------------------------------------------------------------+--------------+

