

================================================================
== Vitis HLS Report for 'load_buffer_tile_c2'
================================================================
* Date:           Mon Oct 16 13:38:18 2023

* Version:        2023.1 (Build 3854077 on May  4 2023)
* Project:        srcnn_hls
* Solution:       solution1 (Vivado IP Flow Target)
* Product family: zynquplus
* Target device:  xck26-sfvc784-2LV-c


================================================================
== Performance Estimates
================================================================
+ Timing: 
    * Summary: 
    +--------+----------+----------+------------+
    |  Clock |  Target  | Estimated| Uncertainty|
    +--------+----------+----------+------------+
    |ap_clk  |  10.00 ns|  3.195 ns|     2.70 ns|
    +--------+----------+----------+------------+

+ Latency: 
    * Summary: 
    +---------+---------+-----------+-----------+---------+---------+---------+
    |  Latency (cycles) |   Latency (absolute)  |      Interval     | Pipeline|
    |   min   |   max   |    min    |    max    |   min   |   max   |   Type  |
    +---------+---------+-----------+-----------+---------+---------+---------+
    |  1398210|  1398210|  13.982 ms|  13.982 ms|  1398210|  1398210|       no|
    +---------+---------+-----------+-----------+---------+---------+---------+

    + Detail: 
        * Instance: 
        N/A

        * Loop: 
        +-----------------------+---------+---------+----------+-----------+-----------+--------+----------+
        |                       |  Latency (cycles) | Iteration|  Initiation Interval  |  Trip  |          |
        |       Loop Name       |   min   |   max   |  Latency |  achieved |   target  |  Count | Pipelined|
        +-----------------------+---------+---------+----------+-----------+-----------+--------+----------+
        |- Loop 1               |   462400|   462400|         1|          -|          -|  462400|        no|
        |- VITIS_LOOP_110_1     |   935808|   935808|     14622|          -|          -|      64|        no|
        | + VITIS_LOOP_111_2    |    14620|    14620|       172|          -|          -|      85|        no|
        |  ++ VITIS_LOOP_112_3  |      170|      170|         2|          -|          -|      85|        no|
        +-----------------------+---------+---------+----------+-----------+-----------+--------+----------+



================================================================
== Utilization Estimates
================================================================
* Summary: 
+-----------------+---------+------+--------+--------+-----+
|       Name      | BRAM_18K|  DSP |   FF   |   LUT  | URAM|
+-----------------+---------+------+--------+--------+-----+
|DSP              |        -|     -|       -|       -|    -|
|Expression       |        -|     -|       0|     324|    -|
|FIFO             |        -|     -|       -|       -|    -|
|Instance         |        -|     1|       0|      48|    -|
|Memory           |        -|     -|       -|       -|    -|
|Multiplexer      |        -|     -|       -|     110|    -|
|Register         |        -|     -|     166|       -|    -|
+-----------------+---------+------+--------+--------+-----+
|Total            |        0|     1|     166|     482|    0|
+-----------------+---------+------+--------+--------+-----+
|Available        |      288|  1248|  234240|  117120|   64|
+-----------------+---------+------+--------+--------+-----+
|Utilization (%)  |        0|    ~0|      ~0|      ~0|    0|
+-----------------+---------+------+--------+--------+-----+

+ Detail: 
    * Instance: 
    +-------------------------+---------------------+---------+----+---+----+-----+
    |         Instance        |        Module       | BRAM_18K| DSP| FF| LUT| URAM|
    +-------------------------+---------------------+---------+----+---+----+-----+
    |mul_13ns_8ns_19_1_1_U34  |mul_13ns_8ns_19_1_1  |        0|   1|  0|   5|    0|
    |mux_8_3_32_1_1_U35       |mux_8_3_32_1_1       |        0|   0|  0|  43|    0|
    +-------------------------+---------------------+---------+----+---+----+-----+
    |Total                    |                     |        0|   1|  0|  48|    0|
    +-------------------------+---------------------+---------+----+---+----+-----+

    * DSP: 
    N/A

    * Memory: 
    N/A

    * FIFO: 
    N/A

    * Expression: 
    +-----------------------+----------+----+---+----+------------+------------+
    |     Variable Name     | Operation| DSP| FF| LUT| Bitwidth P0| Bitwidth P1|
    +-----------------------+----------+----+---+----+------------+------------+
    |add_ln110_1_fu_297_p2  |         +|   0|  0|  20|          13|           7|
    |add_ln110_fu_313_p2    |         +|   0|  0|  14|           7|           1|
    |add_ln111_fu_380_p2    |         +|   0|  0|  14|           7|           1|
    |add_ln112_fu_454_p2    |         +|   0|  0|  14|           7|           1|
    |add_ln119_1_fu_399_p2  |         +|   0|  0|  20|          13|          13|
    |add_ln119_2_fu_438_p2  |         +|   0|  0|  26|          19|          19|
    |add_ln119_3_fu_473_p2  |         +|   0|  0|  26|          19|          19|
    |add_ln119_fu_359_p2    |         +|   0|  0|  20|          13|          13|
    |empty_68_fu_265_p2     |         +|   0|  0|  26|          19|           1|
    |xClamped_fu_464_p2     |         +|   0|  0|  15|           8|           8|
    |yClamped_fu_390_p2     |         +|   0|  0|  15|           8|           8|
    |sub_ln119_1_fu_420_p2  |         -|   0|  0|  26|          19|          19|
    |sub_ln119_fu_335_p2    |         -|   0|  0|  19|          12|          12|
    |exitcond214_fu_259_p2  |      icmp|   0|  0|  26|          19|          17|
    |icmp_ln110_fu_307_p2   |      icmp|   0|  0|  15|           7|           8|
    |icmp_ln111_fu_374_p2   |      icmp|   0|  0|  14|           7|           7|
    |icmp_ln112_fu_448_p2   |      icmp|   0|  0|  14|           7|           7|
    +-----------------------+----------+----+---+----+------------+------------+
    |Total                  |          |   0|  0| 324|         204|         161|
    +-----------------------+----------+----+---+----+------------+------------+

    * Multiplexer: 
    +--------------------------+----+-----------+-----+-----------+
    |           Name           | LUT| Input Size| Bits| Total Bits|
    +--------------------------+----+-----------+-----+-----------+
    |ap_NS_fsm                 |  37|          7|    1|          7|
    |bx_reg_240                |   9|          2|    7|         14|
    |by_reg_229                |   9|          2|    7|         14|
    |empty_fu_80               |   9|          2|   19|         38|
    |input_fm_buffer_address0  |  14|          3|   19|         57|
    |input_fm_buffer_d0        |  14|          3|   32|         96|
    |nin_fu_88                 |   9|          2|    7|         14|
    |phi_mul_fu_84             |   9|          2|   13|         26|
    +--------------------------+----+-----------+-----+-----------+
    |Total                     | 110|         23|  105|        266|
    +--------------------------+----+-----------+-----+-----------+

    * Register: 
    +--------------------------------+----+----+-----+-----------+
    |              Name              | FF | LUT| Bits| Const Bits|
    +--------------------------------+----+----+-----+-----------+
    |add_ln110_1_reg_549             |  13|   0|   13|          0|
    |add_ln110_reg_557               |   7|   0|    7|          0|
    |add_ln111_reg_580               |   7|   0|    7|          0|
    |add_ln112_reg_598               |   7|   0|    7|          0|
    |ap_CS_fsm                       |   6|   0|    6|          0|
    |bx_reg_240                      |   7|   0|    7|          0|
    |by_reg_229                      |   7|   0|    7|          0|
    |empty_fu_80                     |  19|   0|   19|          0|
    |input_fm_buffer_addr_1_reg_590  |  19|   0|   19|          0|
    |mul_ln111_reg_572               |  19|   0|   19|          0|
    |nin_fu_88                       |   7|   0|    7|          0|
    |phi_mul_fu_84                   |  13|   0|   13|          0|
    |sext_ln110_reg_562              |  13|   0|   13|          0|
    |sub_ln119_1_reg_585             |  19|   0|   19|          0|
    |trunc_ln_reg_567                |   3|   0|    3|          0|
    +--------------------------------+----+----+-----+-----------+
    |Total                           | 166|   0|  166|          0|
    +--------------------------------+----+----+-----+-----------+



================================================================
== Interface
================================================================
* Summary: 
+------------------------------------------------------------------+-----+-----+------------+---------------------------------------------------------+--------------+
|                             RTL Ports                            | Dir | Bits|  Protocol  |                      Source Object                      |    C Type    |
+------------------------------------------------------------------+-----+-----+------------+---------------------------------------------------------+--------------+
|ap_clk                                                            |   in|    1|  ap_ctrl_hs|                                      load_buffer_tile_c2|  return value|
|ap_rst                                                            |   in|    1|  ap_ctrl_hs|                                      load_buffer_tile_c2|  return value|
|ap_start                                                          |   in|    1|  ap_ctrl_hs|                                      load_buffer_tile_c2|  return value|
|ap_done                                                           |  out|    1|  ap_ctrl_hs|                                      load_buffer_tile_c2|  return value|
|ap_idle                                                           |  out|    1|  ap_ctrl_hs|                                      load_buffer_tile_c2|  return value|
|ap_ready                                                          |  out|    1|  ap_ctrl_hs|                                      load_buffer_tile_c2|  return value|
|input_fm_buffer_address0                                          |  out|   19|   ap_memory|                                          input_fm_buffer|         array|
|input_fm_buffer_ce0                                               |  out|    1|   ap_memory|                                          input_fm_buffer|         array|
|input_fm_buffer_we0                                               |  out|    1|   ap_memory|                                          input_fm_buffer|         array|
|input_fm_buffer_d0                                                |  out|   32|   ap_memory|                                          input_fm_buffer|         array|
|tx0                                                               |   in|    8|     ap_none|                                                      tx0|        scalar|
|ty0                                                               |   in|    8|     ap_none|                                                      ty0|        scalar|
|srcnn_float_255_255_float_1_9_9_float_float_64_1_1_f_15_address0  |  out|   19|   ap_memory|  srcnn_float_255_255_float_1_9_9_float_float_64_1_1_f_15|         array|
|srcnn_float_255_255_float_1_9_9_float_float_64_1_1_f_15_ce0       |  out|    1|   ap_memory|  srcnn_float_255_255_float_1_9_9_float_float_64_1_1_f_15|         array|
|srcnn_float_255_255_float_1_9_9_float_float_64_1_1_f_15_q0        |   in|   32|   ap_memory|  srcnn_float_255_255_float_1_9_9_float_float_64_1_1_f_15|         array|
|srcnn_float_255_255_float_1_9_9_float_float_64_1_1_f_14_address0  |  out|   19|   ap_memory|  srcnn_float_255_255_float_1_9_9_float_float_64_1_1_f_14|         array|
|srcnn_float_255_255_float_1_9_9_float_float_64_1_1_f_14_ce0       |  out|    1|   ap_memory|  srcnn_float_255_255_float_1_9_9_float_float_64_1_1_f_14|         array|
|srcnn_float_255_255_float_1_9_9_float_float_64_1_1_f_14_q0        |   in|   32|   ap_memory|  srcnn_float_255_255_float_1_9_9_float_float_64_1_1_f_14|         array|
|srcnn_float_255_255_float_1_9_9_float_float_64_1_1_f_13_address0  |  out|   19|   ap_memory|  srcnn_float_255_255_float_1_9_9_float_float_64_1_1_f_13|         array|
|srcnn_float_255_255_float_1_9_9_float_float_64_1_1_f_13_ce0       |  out|    1|   ap_memory|  srcnn_float_255_255_float_1_9_9_float_float_64_1_1_f_13|         array|
|srcnn_float_255_255_float_1_9_9_float_float_64_1_1_f_13_q0        |   in|   32|   ap_memory|  srcnn_float_255_255_float_1_9_9_float_float_64_1_1_f_13|         array|
|srcnn_float_255_255_float_1_9_9_float_float_64_1_1_f_12_address0  |  out|   19|   ap_memory|  srcnn_float_255_255_float_1_9_9_float_float_64_1_1_f_12|         array|
|srcnn_float_255_255_float_1_9_9_float_float_64_1_1_f_12_ce0       |  out|    1|   ap_memory|  srcnn_float_255_255_float_1_9_9_float_float_64_1_1_f_12|         array|
|srcnn_float_255_255_float_1_9_9_float_float_64_1_1_f_12_q0        |   in|   32|   ap_memory|  srcnn_float_255_255_float_1_9_9_float_float_64_1_1_f_12|         array|
|srcnn_float_255_255_float_1_9_9_float_float_64_1_1_f_11_address0  |  out|   19|   ap_memory|  srcnn_float_255_255_float_1_9_9_float_float_64_1_1_f_11|         array|
|srcnn_float_255_255_float_1_9_9_float_float_64_1_1_f_11_ce0       |  out|    1|   ap_memory|  srcnn_float_255_255_float_1_9_9_float_float_64_1_1_f_11|         array|
|srcnn_float_255_255_float_1_9_9_float_float_64_1_1_f_11_q0        |   in|   32|   ap_memory|  srcnn_float_255_255_float_1_9_9_float_float_64_1_1_f_11|         array|
|srcnn_float_255_255_float_1_9_9_float_float_64_1_1_f_10_address0  |  out|   19|   ap_memory|  srcnn_float_255_255_float_1_9_9_float_float_64_1_1_f_10|         array|
|srcnn_float_255_255_float_1_9_9_float_float_64_1_1_f_10_ce0       |  out|    1|   ap_memory|  srcnn_float_255_255_float_1_9_9_float_float_64_1_1_f_10|         array|
|srcnn_float_255_255_float_1_9_9_float_float_64_1_1_f_10_q0        |   in|   32|   ap_memory|  srcnn_float_255_255_float_1_9_9_float_float_64_1_1_f_10|         array|
|srcnn_float_255_255_float_1_9_9_float_float_64_1_1_f_9_address0   |  out|   19|   ap_memory|   srcnn_float_255_255_float_1_9_9_float_float_64_1_1_f_9|         array|
|srcnn_float_255_255_float_1_9_9_float_float_64_1_1_f_9_ce0        |  out|    1|   ap_memory|   srcnn_float_255_255_float_1_9_9_float_float_64_1_1_f_9|         array|
|srcnn_float_255_255_float_1_9_9_float_float_64_1_1_f_9_q0         |   in|   32|   ap_memory|   srcnn_float_255_255_float_1_9_9_float_float_64_1_1_f_9|         array|
|srcnn_float_255_255_float_1_9_9_float_float_64_1_1_f_8_address0   |  out|   19|   ap_memory|   srcnn_float_255_255_float_1_9_9_float_float_64_1_1_f_8|         array|
|srcnn_float_255_255_float_1_9_9_float_float_64_1_1_f_8_ce0        |  out|    1|   ap_memory|   srcnn_float_255_255_float_1_9_9_float_float_64_1_1_f_8|         array|
|srcnn_float_255_255_float_1_9_9_float_float_64_1_1_f_8_q0         |   in|   32|   ap_memory|   srcnn_float_255_255_float_1_9_9_float_float_64_1_1_f_8|         array|
+------------------------------------------------------------------+-----+-----+------------+---------------------------------------------------------+--------------+

