

================================================================
== Vitis HLS Report for 'srcnn_Pipeline_2'
================================================================
* Date:           Wed Nov  1 03:32:31 2023

* Version:        2023.1 (Build 3854077 on May  4 2023)
* Project:        srcnn_hls
* Solution:       solution1 (Vivado IP Flow Target)
* Product family: zynquplus
* Target device:  xck24-ubva530-2LV-c


================================================================
== Performance Estimates
================================================================
+ Timing: 
    * Summary: 
    +--------+----------+----------+------------+
    |  Clock |  Target  | Estimated| Uncertainty|
    +--------+----------+----------+------------+
    |ap_clk  |  10.00 ns|  7.300 ns|     2.70 ns|
    +--------+----------+----------+------------+

+ Latency: 
    * Summary: 
    +---------+---------+-----------+-----------+---------+---------+---------+
    |  Latency (cycles) |   Latency (absolute)  |      Interval     | Pipeline|
    |   min   |   max   |    min    |    max    |   min   |   max   |   Type  |
    +---------+---------+-----------+-----------+---------+---------+---------+
    |  2080802|  2080802|  20.808 ms|  20.808 ms|  2080802|  2080802|       no|
    +---------+---------+-----------+-----------+---------+---------+---------+

    + Detail: 
        * Instance: 
        N/A

        * Loop: 
        +----------+---------+---------+----------+-----------+-----------+---------+----------+
        |          |  Latency (cycles) | Iteration|  Initiation Interval  |   Trip  |          |
        | Loop Name|   min   |   max   |  Latency |  achieved |   target  |  Count  | Pipelined|
        +----------+---------+---------+----------+-----------+-----------+---------+----------+
        |- Loop 1  |  2080800|  2080800|         2|          1|          1|  2080800|       yes|
        +----------+---------+---------+----------+-----------+-----------+---------+----------+



================================================================
== Utilization Estimates
================================================================
* Summary: 
+-----------------+---------+-----+--------+-------+-----+
|       Name      | BRAM_18K| DSP |   FF   |  LUT  | URAM|
+-----------------+---------+-----+--------+-------+-----+
|DSP              |        -|    -|       -|      -|    -|
|Expression       |        -|    -|       0|     60|    -|
|FIFO             |        -|    -|       -|      -|    -|
|Instance         |        -|    -|       -|      -|    -|
|Memory           |        -|    -|       -|      -|    -|
|Multiplexer      |        -|    -|       -|     45|    -|
|Register         |        -|    -|      24|      -|    -|
+-----------------+---------+-----+--------+-------+-----+
|Total            |        0|    0|      24|    105|    0|
+-----------------+---------+-----+--------+-------+-----+
|Available        |      432|  360|  141120|  70560|    0|
+-----------------+---------+-----+--------+-------+-----+
|Utilization (%)  |        0|    0|      ~0|     ~0|    0|
+-----------------+---------+-----+--------+-------+-----+

+ Detail: 
    * Instance: 
    N/A

    * DSP: 
    N/A

    * Memory: 
    N/A

    * FIFO: 
    N/A

    * Expression: 
    +---------------------------+----------+----+---+----+------------+------------+
    |       Variable Name       | Operation| DSP| FF| LUT| Bitwidth P0| Bitwidth P1|
    +---------------------------+----------+----+---+----+------------+------------+
    |empty_71_fu_89_p2          |         +|   0|  0|  28|          21|           1|
    |ap_block_pp0_stage0_11001  |       and|   0|  0|   2|           1|           1|
    |exitcond54_fu_83_p2        |      icmp|   0|  0|  28|          21|          15|
    |ap_enable_pp0              |       xor|   0|  0|   2|           1|           2|
    +---------------------------+----------+----+---+----+------------+------------+
    |Total                      |          |   0|  0|  60|          44|          19|
    +---------------------------+----------+----+---+----+------------+------------+

    * Multiplexer: 
    +-------------------------+----+-----------+-----+-----------+
    |           Name          | LUT| Input Size| Bits| Total Bits|
    +-------------------------+----+-----------+-----+-----------+
    |ap_done_int              |   9|          2|    1|          2|
    |ap_enable_reg_pp0_iter1  |   9|          2|    1|          2|
    |ap_sig_allocacmp_p_load  |   9|          2|   21|         42|
    |empty_fu_46              |   9|          2|   21|         42|
    |output_r_blk_n_W         |   9|          2|    1|          2|
    +-------------------------+----+-----------+-----+-----------+
    |Total                    |  45|         10|   45|         90|
    +-------------------------+----+-----------+-----+-----------+

    * Register: 
    +-------------------------+----+----+-----+-----------+
    |           Name          | FF | LUT| Bits| Const Bits|
    +-------------------------+----+----+-----+-----------+
    |ap_CS_fsm                |   1|   0|    1|          0|
    |ap_done_reg              |   1|   0|    1|          0|
    |ap_enable_reg_pp0_iter1  |   1|   0|    1|          0|
    |empty_fu_46              |  21|   0|   21|          0|
    +-------------------------+----+----+-----+-----------+
    |Total                    |  24|   0|   24|          0|
    +-------------------------+----+----+-----+-----------+



================================================================
== Interface
================================================================
* Summary: 
+-------------------------+-----+-----+------------+------------------+--------------+
|        RTL Ports        | Dir | Bits|  Protocol  |   Source Object  |    C Type    |
+-------------------------+-----+-----+------------+------------------+--------------+
|ap_clk                   |   in|    1|  ap_ctrl_hs|  srcnn_Pipeline_2|  return value|
|ap_rst                   |   in|    1|  ap_ctrl_hs|  srcnn_Pipeline_2|  return value|
|ap_start                 |   in|    1|  ap_ctrl_hs|  srcnn_Pipeline_2|  return value|
|ap_done                  |  out|    1|  ap_ctrl_hs|  srcnn_Pipeline_2|  return value|
|ap_idle                  |  out|    1|  ap_ctrl_hs|  srcnn_Pipeline_2|  return value|
|ap_ready                 |  out|    1|  ap_ctrl_hs|  srcnn_Pipeline_2|  return value|
|m_axi_output_r_AWVALID   |  out|    1|       m_axi|          output_r|       pointer|
|m_axi_output_r_AWREADY   |   in|    1|       m_axi|          output_r|       pointer|
|m_axi_output_r_AWADDR    |  out|   64|       m_axi|          output_r|       pointer|
|m_axi_output_r_AWID      |  out|    1|       m_axi|          output_r|       pointer|
|m_axi_output_r_AWLEN     |  out|   32|       m_axi|          output_r|       pointer|
|m_axi_output_r_AWSIZE    |  out|    3|       m_axi|          output_r|       pointer|
|m_axi_output_r_AWBURST   |  out|    2|       m_axi|          output_r|       pointer|
|m_axi_output_r_AWLOCK    |  out|    2|       m_axi|          output_r|       pointer|
|m_axi_output_r_AWCACHE   |  out|    4|       m_axi|          output_r|       pointer|
|m_axi_output_r_AWPROT    |  out|    3|       m_axi|          output_r|       pointer|
|m_axi_output_r_AWQOS     |  out|    4|       m_axi|          output_r|       pointer|
|m_axi_output_r_AWREGION  |  out|    4|       m_axi|          output_r|       pointer|
|m_axi_output_r_AWUSER    |  out|    1|       m_axi|          output_r|       pointer|
|m_axi_output_r_WVALID    |  out|    1|       m_axi|          output_r|       pointer|
|m_axi_output_r_WREADY    |   in|    1|       m_axi|          output_r|       pointer|
|m_axi_output_r_WDATA     |  out|   32|       m_axi|          output_r|       pointer|
|m_axi_output_r_WSTRB     |  out|    4|       m_axi|          output_r|       pointer|
|m_axi_output_r_WLAST     |  out|    1|       m_axi|          output_r|       pointer|
|m_axi_output_r_WID       |  out|    1|       m_axi|          output_r|       pointer|
|m_axi_output_r_WUSER     |  out|    1|       m_axi|          output_r|       pointer|
|m_axi_output_r_ARVALID   |  out|    1|       m_axi|          output_r|       pointer|
|m_axi_output_r_ARREADY   |   in|    1|       m_axi|          output_r|       pointer|
|m_axi_output_r_ARADDR    |  out|   64|       m_axi|          output_r|       pointer|
|m_axi_output_r_ARID      |  out|    1|       m_axi|          output_r|       pointer|
|m_axi_output_r_ARLEN     |  out|   32|       m_axi|          output_r|       pointer|
|m_axi_output_r_ARSIZE    |  out|    3|       m_axi|          output_r|       pointer|
|m_axi_output_r_ARBURST   |  out|    2|       m_axi|          output_r|       pointer|
|m_axi_output_r_ARLOCK    |  out|    2|       m_axi|          output_r|       pointer|
|m_axi_output_r_ARCACHE   |  out|    4|       m_axi|          output_r|       pointer|
|m_axi_output_r_ARPROT    |  out|    3|       m_axi|          output_r|       pointer|
|m_axi_output_r_ARQOS     |  out|    4|       m_axi|          output_r|       pointer|
|m_axi_output_r_ARREGION  |  out|    4|       m_axi|          output_r|       pointer|
|m_axi_output_r_ARUSER    |  out|    1|       m_axi|          output_r|       pointer|
|m_axi_output_r_RVALID    |   in|    1|       m_axi|          output_r|       pointer|
|m_axi_output_r_RREADY    |  out|    1|       m_axi|          output_r|       pointer|
|m_axi_output_r_RDATA     |   in|   32|       m_axi|          output_r|       pointer|
|m_axi_output_r_RLAST     |   in|    1|       m_axi|          output_r|       pointer|
|m_axi_output_r_RID       |   in|    1|       m_axi|          output_r|       pointer|
|m_axi_output_r_RFIFONUM  |   in|    9|       m_axi|          output_r|       pointer|
|m_axi_output_r_RUSER     |   in|    1|       m_axi|          output_r|       pointer|
|m_axi_output_r_RRESP     |   in|    2|       m_axi|          output_r|       pointer|
|m_axi_output_r_BVALID    |   in|    1|       m_axi|          output_r|       pointer|
|m_axi_output_r_BREADY    |  out|    1|       m_axi|          output_r|       pointer|
|m_axi_output_r_BRESP     |   in|    2|       m_axi|          output_r|       pointer|
|m_axi_output_r_BID       |   in|    1|       m_axi|          output_r|       pointer|
|m_axi_output_r_BUSER     |   in|    1|       m_axi|          output_r|       pointer|
|sext_ln38                |   in|   62|     ap_none|         sext_ln38|        scalar|
+-------------------------+-----+-----+------------+------------------+--------------+

